tracename gzip_m2b
---Dinero IV cache simulator, version 7
---Written by Jan Edler and Mark D. Hill
---Copyright (C) 1997 NEC Research Institute, Inc. and Mark D. Hill.
---All rights reserved.
---Copyright (C) 1985, 1989 Mark D. Hill.  All rights reserved.
---See -copyright option for details

---Summary of options (-help option gives usage information).

-l1-isize 32768
-l1-dsize 32768
-l2-dsize 262144
-l3-dsize 33554432
-l1-ibsize 64
-l1-dbsize 64
-l2-dbsize 64
-l3-dbsize 64
-l1-isbsize 64
-l1-dsbsize 64
-l2-dsbsize 64
-l3-dsbsize 64
-l1-iassoc 8
-l1-dassoc 8
-l2-dassoc 8
-l3-dassoc 8
-l1-irepl l
-l1-drepl l
-l2-drepl l
-l3-drepl l
-l1-ifetch d
-l1-dfetch d
-l2-dfetch d
-l3-dfetch d
-l1-dwalloc a
-l2-dwalloc a
-l3-dwalloc a
-l1-dwback a
-l2-dwback a
-l3-dwback a
-skipcount 0
-flushcount 0
-maxcount 0
-stat-interval 0
-informat s
-on-trigger 0x0
-off-trigger 0x0

---Simulation begins.
---Simulation complete.
l1-icache
 Metrics		      Total	      Instrn	       Data	       Read	      Write	       Misc
 -----------------	      ------	      ------	      ------	      ------	      ------	      ------
 Demand Fetches		  2000000000	  2000000000	           0	           0	           0	           0
  Fraction of total	      1.0000	      1.0000	      0.0000	      0.0000	      0.0000	      0.0000

 Demand Misses		         163	         163	           0	           0	           0	           0
  Demand miss rate	      0.0000	      0.0000	      0.0000	      0.0000	      0.0000	      0.0000

 Multi-block refs                 0
 Bytes From Memory	       10432
 ( / Demand Fetches)	      0.0000
 Bytes To Memory	           0
 ( / Demand Writes)	      0.0000
 Total Bytes r/w Mem	       10432
 ( / Demand Fetches)	      0.0000

l1-dcache
 Metrics		      Total	      Instrn	       Data	       Read	      Write	       Misc
 -----------------	      ------	      ------	      ------	      ------	      ------	      ------
 Demand Fetches		   647104098	           0	   647104098	   488483701	   158620397	           0
  Fraction of total	      1.0000	      0.0000	      1.0000	      0.7549	      0.2451	      0.0000

 Demand Misses		    19630378	           0	    19630378	    18854713	      775665	           0
  Demand miss rate	      0.0303	      0.0000	      0.0303	      0.0386	      0.0049	      0.0000

 Multi-block refs           5693705
 Bytes From Memory	  1256344192
 ( / Demand Fetches)	      1.9415
 Bytes To Memory	   474112512
 ( / Demand Writes)	      2.9890
 Total Bytes r/w Mem	  1730456704
 ( / Demand Fetches)	      2.6742

l2-dcache
 Metrics		      Total	      Instrn	       Data	       Read	      Write	       Misc
 -----------------	      ------	      ------	      ------	      ------	      ------	      ------
 Demand Fetches		    27038386	           0	    27038386	    19630378	     7408008	           0
  Fraction of total	      1.0000	      0.0000	      1.0000	      0.7260	      0.2740	      0.0000

 Demand Misses		      593071	           0	      593071	      592660	         411	           0
  Demand miss rate	      0.0219	      0.0000	      0.0219	      0.0302	      0.0001	      0.0000

 Multi-block refs                 0
 Bytes From Memory	    37930240
 ( / Demand Fetches)	      1.4028
 Bytes To Memory	    27870464
 ( / Demand Writes)	      3.7622
 Total Bytes r/w Mem	    65800704
 ( / Demand Fetches)	      2.4336

l3-dcache
 Metrics		      Total	      Instrn	       Data	       Read	      Write	       Misc
 -----------------	      ------	      ------	      ------	      ------	      ------	      ------
 Demand Fetches		     1028136	           0	     1028136	      592660	      435476	           0
  Fraction of total	      1.0000	      0.0000	      1.0000	      0.5764	      0.4236	      0.0000

 Demand Misses		      219987	           0	      219987	      219987	           0	           0
  Demand miss rate	      0.2140	      0.0000	      0.2140	      0.3712	      0.0000	      0.0000

 Multi-block refs                 0
 Bytes From Memory	    14079168
 ( / Demand Fetches)	     13.6939
 Bytes To Memory	     6897792
 ( / Demand Writes)	     15.8397
 Total Bytes r/w Mem	    20976960
 ( / Demand Fetches)	     20.4029

---Execution complete.
