tracename gzip_m2b
---Dinero IV cache simulator, version 7
---Written by Jan Edler and Mark D. Hill
---Copyright (C) 1997 NEC Research Institute, Inc. and Mark D. Hill.
---All rights reserved.
---Copyright (C) 1985, 1989 Mark D. Hill.  All rights reserved.
---See -copyright option for details

---Summary of options (-help option gives usage information).

-l1-isize 32768
-l1-dsize 32768
-l2-dsize 262144
-l3-dsize 2097152
-l1-ibsize 64
-l1-dbsize 64
-l2-dbsize 64
-l3-dbsize 64
-l1-isbsize 64
-l1-dsbsize 64
-l2-dsbsize 64
-l3-dsbsize 64
-l1-iassoc 8
-l1-dassoc 8
-l2-dassoc 8
-l3-dassoc 8
-l1-irepl l
-l1-drepl c
-l2-drepl c
-l3-drepl c
-l1-ifetch d
-l1-dfetch d
-l2-dfetch d
-l3-dfetch d
-l1-dwalloc a
-l2-dwalloc a
-l3-dwalloc a
-l1-dwback a
-l2-dwback a
-l3-dwback a
-skipcount 0
-flushcount 0
-maxcount 0
-stat-interval 0
-informat s
-on-trigger 0x0
-off-trigger 0x0

---Simulation begins.
---Simulation complete.
l1-icache
 Metrics		      Total	      Instrn	       Data	       Read	      Write	       Misc
 -----------------	      ------	      ------	      ------	      ------	      ------	      ------
 Demand Fetches		  2000000000	  2000000000	           0	           0	           0	           0
  Fraction of total	      1.0000	      1.0000	      0.0000	      0.0000	      0.0000	      0.0000

 Demand Misses		         163	         163	           0	           0	           0	           0
  Demand miss rate	      0.0000	      0.0000	      0.0000	      0.0000	      0.0000	      0.0000

 Multi-block refs                 0
 Bytes From Memory	       10432
 ( / Demand Fetches)	      0.0000
 Bytes To Memory	           0
 ( / Demand Writes)	      0.0000
 Total Bytes r/w Mem	       10432
 ( / Demand Fetches)	      0.0000

l1-dcache
 Metrics		      Total	      Instrn	       Data	       Read	      Write	       Misc
 -----------------	      ------	      ------	      ------	      ------	      ------	      ------
 Demand Fetches		   647104098	           0	   647104098	   488483701	   158620397	           0
  Fraction of total	      1.0000	      0.0000	      1.0000	      0.7549	      0.2451	      0.0000

 Demand Misses		    19977818	           0	    19977818	    19167314	      810504	           0
  Demand miss rate	      0.0309	      0.0000	      0.0309	      0.0392	      0.0051	      0.0000

 Multi-block refs           5693705
 Bytes From Memory	  1278580352
 ( / Demand Fetches)	      1.9758
 Bytes To Memory	   486468800
 ( / Demand Writes)	      3.0669
 Total Bytes r/w Mem	  1765049152
 ( / Demand Fetches)	      2.7276

l2-dcache
 Metrics		      Total	      Instrn	       Data	       Read	      Write	       Misc
 -----------------	      ------	      ------	      ------	      ------	      ------	      ------
 Demand Fetches		    27578893	           0	    27578893	    19977818	     7601075	           0
  Fraction of total	      1.0000	      0.0000	      1.0000	      0.7244	      0.2756	      0.0000

 Demand Misses		      857627	           0	      857627	      840856	       16771	           0
  Demand miss rate	      0.0311	      0.0000	      0.0311	      0.0421	      0.0022	      0.0000

 Multi-block refs                 0
 Bytes From Memory	    53814784
 ( / Demand Fetches)	      1.9513
 Bytes To Memory	    41881152
 ( / Demand Writes)	      5.5099
 Total Bytes r/w Mem	    95695936
 ( / Demand Fetches)	      3.4699

l3-dcache
 Metrics		      Total	      Instrn	       Data	       Read	      Write	       Misc
 -----------------	      ------	      ------	      ------	      ------	      ------	      ------
 Demand Fetches		     1495249	           0	     1495249	      840856	      654393	           0
  Fraction of total	      1.0000	      0.0000	      1.0000	      0.5624	      0.4376	      0.0000

 Demand Misses		      228228	           0	      228228	      221018	        7210	           0
  Demand miss rate	      0.1526	      0.0000	      0.1526	      0.2628	      0.0110	      0.0000

 Multi-block refs                 0
 Bytes From Memory	    14145152
 ( / Demand Fetches)	      9.4601
 Bytes To Memory	     7390016
 ( / Demand Writes)	     11.2929
 Total Bytes r/w Mem	    21535168
 ( / Demand Fetches)	     14.4024

---Execution complete.
