tracename gzip_m2b
---Dinero IV cache simulator, version 7
---Written by Jan Edler and Mark D. Hill
---Copyright (C) 1997 NEC Research Institute, Inc. and Mark D. Hill.
---All rights reserved.
---Copyright (C) 1985, 1989 Mark D. Hill.  All rights reserved.
---See -copyright option for details

---Summary of options (-help option gives usage information).

-l1-isize 32768
-l1-dsize 32768
-l2-dsize 262144
-l3-dsize 1048576
-l1-ibsize 64
-l1-dbsize 64
-l2-dbsize 64
-l3-dbsize 64
-l1-isbsize 64
-l1-dsbsize 64
-l2-dsbsize 64
-l3-dsbsize 64
-l1-iassoc 8
-l1-dassoc 8
-l2-dassoc 8
-l3-dassoc 8
-l1-irepl l
-l1-drepl r
-l2-drepl r
-l3-drepl r
-l1-ifetch d
-l1-dfetch d
-l2-dfetch d
-l3-dfetch d
-l1-dwalloc a
-l2-dwalloc a
-l3-dwalloc a
-l1-dwback a
-l2-dwback a
-l3-dwback a
-skipcount 0
-flushcount 0
-maxcount 0
-stat-interval 0
-informat s
-on-trigger 0x0
-off-trigger 0x0

---Simulation begins.
---Simulation complete.
l1-icache
 Metrics		      Total	      Instrn	       Data	       Read	      Write	       Misc
 -----------------	      ------	      ------	      ------	      ------	      ------	      ------
 Demand Fetches		  2000000000	  2000000000	           0	           0	           0	           0
  Fraction of total	      1.0000	      1.0000	      0.0000	      0.0000	      0.0000	      0.0000

 Demand Misses		         163	         163	           0	           0	           0	           0
  Demand miss rate	      0.0000	      0.0000	      0.0000	      0.0000	      0.0000	      0.0000

 Multi-block refs                 0
 Bytes From Memory	       10432
 ( / Demand Fetches)	      0.0000
 Bytes To Memory	           0
 ( / Demand Writes)	      0.0000
 Total Bytes r/w Mem	       10432
 ( / Demand Fetches)	      0.0000

l1-dcache
 Metrics		      Total	      Instrn	       Data	       Read	      Write	       Misc
 -----------------	      ------	      ------	      ------	      ------	      ------	      ------
 Demand Fetches		   647104098	           0	   647104098	   488483701	   158620397	           0
  Fraction of total	      1.0000	      0.0000	      1.0000	      0.7549	      0.2451	      0.0000

 Demand Misses		    20711992	           0	    20711992	    19801186	      910806	           0
  Demand miss rate	      0.0320	      0.0000	      0.0320	      0.0405	      0.0057	      0.0000

 Multi-block refs           5693705
 Bytes From Memory	  1325567488
 ( / Demand Fetches)	      2.0485
 Bytes To Memory	   511599680
 ( / Demand Writes)	      3.2253
 Total Bytes r/w Mem	  1837167168
 ( / Demand Fetches)	      2.8391

l2-dcache
 Metrics		      Total	      Instrn	       Data	       Read	      Write	       Misc
 -----------------	      ------	      ------	      ------	      ------	      ------	      ------
 Demand Fetches		    28705737	           0	    28705737	    20711992	     7993745	           0
  Fraction of total	      1.0000	      0.0000	      1.0000	      0.7215	      0.2785	      0.0000

 Demand Misses		     1136491	           0	     1136491	     1077205	       59286	           0
  Demand miss rate	      0.0396	      0.0000	      0.0396	      0.0520	      0.0074	      0.0000

 Multi-block refs                 0
 Bytes From Memory	    68941120
 ( / Demand Fetches)	      2.4016
 Bytes To Memory	    53528448
 ( / Demand Writes)	      6.6963
 Total Bytes r/w Mem	   122469568
 ( / Demand Fetches)	      4.2664

l3-dcache
 Metrics		      Total	      Instrn	       Data	       Read	      Write	       Misc
 -----------------	      ------	      ------	      ------	      ------	      ------	      ------
 Demand Fetches		     1913587	           0	     1913587	     1077205	      836382	           0
  Fraction of total	      1.0000	      0.0000	      1.0000	      0.5629	      0.4371	      0.0000

 Demand Misses		      287854	           0	      287854	      231581	       56273	           0
  Demand miss rate	      0.1504	      0.0000	      0.1504	      0.2150	      0.0673	      0.0000

 Multi-block refs                 0
 Bytes From Memory	    14821184
 ( / Demand Fetches)	      7.7452
 Bytes To Memory	    10824768
 ( / Demand Writes)	     12.9424
 Total Bytes r/w Mem	    25645952
 ( / Demand Fetches)	     13.4020

---Execution complete.
