tracename gzip_m2b
---Dinero IV cache simulator, version 7
---Written by Jan Edler and Mark D. Hill
---Copyright (C) 1997 NEC Research Institute, Inc. and Mark D. Hill.
---All rights reserved.
---Copyright (C) 1985, 1989 Mark D. Hill.  All rights reserved.
---See -copyright option for details

---Summary of options (-help option gives usage information).

-l1-isize 32768
-l1-dsize 32768
-l2-dsize 262144
-l3-dsize 524288
-l1-ibsize 64
-l1-dbsize 64
-l2-dbsize 64
-l3-dbsize 64
-l1-isbsize 64
-l1-dsbsize 64
-l2-dsbsize 64
-l3-dsbsize 64
-l1-iassoc 8
-l1-dassoc 8
-l2-dassoc 8
-l3-dassoc 8
-l1-irepl l
-l1-drepl 2
-l2-drepl 2
-l3-drepl 2
-l1-ifetch d
-l1-dfetch d
-l2-dfetch d
-l3-dfetch d
-l1-dwalloc a
-l2-dwalloc a
-l3-dwalloc a
-l1-dwback a
-l2-dwback a
-l3-dwback a
-skipcount 0
-flushcount 0
-maxcount 0
-stat-interval 0
-informat s
-on-trigger 0x0
-off-trigger 0x0

---Simulation begins.
---Simulation complete.
l1-icache
 Metrics		      Total	      Instrn	       Data	       Read	      Write	       Misc
 -----------------	      ------	      ------	      ------	      ------	      ------	      ------
 Demand Fetches		  2000000000	  2000000000	           0	           0	           0	           0
  Fraction of total	      1.0000	      1.0000	      0.0000	      0.0000	      0.0000	      0.0000

 Demand Misses		         163	         163	           0	           0	           0	           0
  Demand miss rate	      0.0000	      0.0000	      0.0000	      0.0000	      0.0000	      0.0000

 Multi-block refs                 0
 Bytes From Memory	       10432
 ( / Demand Fetches)	      0.0000
 Bytes To Memory	           0
 ( / Demand Writes)	      0.0000
 Total Bytes r/w Mem	       10432
 ( / Demand Fetches)	      0.0000

l1-dcache
 Metrics		      Total	      Instrn	       Data	       Read	      Write	       Misc
 -----------------	      ------	      ------	      ------	      ------	      ------	      ------
 Demand Fetches		   647104098	           0	   647104098	   488483701	   158620397	           0
  Fraction of total	      1.0000	      0.0000	      1.0000	      0.7549	      0.2451	      0.0000

 Demand Misses		    19781600	           0	    19781600	    19000081	      781519	           0
  Demand miss rate	      0.0306	      0.0000	      0.0306	      0.0389	      0.0049	      0.0000

 Multi-block refs           5693705
 Bytes From Memory	  1266022400
 ( / Demand Fetches)	      1.9564
 Bytes To Memory	   478655296
 ( / Demand Writes)	      3.0176
 Total Bytes r/w Mem	  1744677696
 ( / Demand Fetches)	      2.6961

l2-dcache
 Metrics		      Total	      Instrn	       Data	       Read	      Write	       Misc
 -----------------	      ------	      ------	      ------	      ------	      ------	      ------
 Demand Fetches		    27260589	           0	    27260589	    19781600	     7478989	           0
  Fraction of total	      1.0000	      0.0000	      1.0000	      0.7256	      0.2744	      0.0000

 Demand Misses		      852380	           0	      852380	      844006	        8374	           0
  Demand miss rate	      0.0313	      0.0000	      0.0313	      0.0427	      0.0011	      0.0000

 Multi-block refs                 0
 Bytes From Memory	    54016384
 ( / Demand Fetches)	      1.9815
 Bytes To Memory	    41866176
 ( / Demand Writes)	      5.5978
 Total Bytes r/w Mem	    95882560
 ( / Demand Fetches)	      3.5173

l3-dcache
 Metrics		      Total	      Instrn	       Data	       Read	      Write	       Misc
 -----------------	      ------	      ------	      ------	      ------	      ------	      ------
 Demand Fetches		     1498165	           0	     1498165	      844006	      654159	           0
  Fraction of total	      1.0000	      0.0000	      1.0000	      0.5634	      0.4366	      0.0000

 Demand Misses		      303248	           0	      303248	      225297	       77951	           0
  Demand miss rate	      0.2024	      0.0000	      0.2024	      0.2669	      0.1192	      0.0000

 Multi-block refs                 0
 Bytes From Memory	    14419008
 ( / Demand Fetches)	      9.6244
 Bytes To Memory	    11839488
 ( / Demand Writes)	     18.0988
 Total Bytes r/w Mem	    26258496
 ( / Demand Fetches)	     17.5271

---Execution complete.
