tracename gzip_m2b
---Dinero IV cache simulator, version 7
---Written by Jan Edler and Mark D. Hill
---Copyright (C) 1997 NEC Research Institute, Inc. and Mark D. Hill.
---All rights reserved.
---Copyright (C) 1985, 1989 Mark D. Hill.  All rights reserved.
---See -copyright option for details

---Summary of options (-help option gives usage information).

-l1-isize 32768
-l1-dsize 32768
-l2-dsize 262144
-l3-dsize 2097152
-l1-ibsize 64
-l1-dbsize 64
-l2-dbsize 64
-l3-dbsize 64
-l1-isbsize 64
-l1-dsbsize 64
-l2-dsbsize 64
-l3-dsbsize 64
-l1-iassoc 8
-l1-dassoc 8
-l2-dassoc 8
-l3-dassoc 8
-l1-irepl l
-l1-drepl b
-l2-drepl b
-l3-drepl b
-l1-ifetch d
-l1-dfetch d
-l2-dfetch d
-l3-dfetch d
-l1-dwalloc a
-l2-dwalloc a
-l3-dwalloc a
-l1-dwback a
-l2-dwback a
-l3-dwback a
-skipcount 0
-flushcount 0
-maxcount 0
-stat-interval 0
-informat s
-on-trigger 0x0
-off-trigger 0x0

---Simulation begins.
---Simulation complete.
l1-icache
 Metrics		      Total	      Instrn	       Data	       Read	      Write	       Misc
 -----------------	      ------	      ------	      ------	      ------	      ------	      ------
 Demand Fetches		  2000000000	  2000000000	           0	           0	           0	           0
  Fraction of total	      1.0000	      1.0000	      0.0000	      0.0000	      0.0000	      0.0000

 Demand Misses		         163	         163	           0	           0	           0	           0
  Demand miss rate	      0.0000	      0.0000	      0.0000	      0.0000	      0.0000	      0.0000

 Multi-block refs                 0
 Bytes From Memory	       10432
 ( / Demand Fetches)	      0.0000
 Bytes To Memory	           0
 ( / Demand Writes)	      0.0000
 Total Bytes r/w Mem	       10432
 ( / Demand Fetches)	      0.0000

l1-dcache
 Metrics		      Total	      Instrn	       Data	       Read	      Write	       Misc
 -----------------	      ------	      ------	      ------	      ------	      ------	      ------
 Demand Fetches		   647104098	           0	   647104098	   488483701	   158620397	           0
  Fraction of total	      1.0000	      0.0000	      1.0000	      0.7549	      0.2451	      0.0000

 Demand Misses		    20133522	           0	    20133522	    19303360	      830162	           0
  Demand miss rate	      0.0311	      0.0000	      0.0311	      0.0395	      0.0052	      0.0000

 Multi-block refs           5693705
 Bytes From Memory	  1288545408
 ( / Demand Fetches)	      1.9912
 Bytes To Memory	   491567680
 ( / Demand Writes)	      3.0990
 Total Bytes r/w Mem	  1780113088
 ( / Demand Fetches)	      2.7509

l2-dcache
 Metrics		      Total	      Instrn	       Data	       Read	      Write	       Misc
 -----------------	      ------	      ------	      ------	      ------	      ------	      ------
 Demand Fetches		    27814267	           0	    27814267	    20133522	     7680745	           0
  Fraction of total	      1.0000	      0.0000	      1.0000	      0.7239	      0.2761	      0.0000

 Demand Misses		      939061	           0	      939061	      913528	       25533	           0
  Demand miss rate	      0.0338	      0.0000	      0.0338	      0.0454	      0.0033	      0.0000

 Multi-block refs                 0
 Bytes From Memory	    58465792
 ( / Demand Fetches)	      2.1020
 Bytes To Memory	    45667008
 ( / Demand Writes)	      5.9456
 Total Bytes r/w Mem	   104132800
 ( / Demand Fetches)	      3.7439

l3-dcache
 Metrics		      Total	      Instrn	       Data	       Read	      Write	       Misc
 -----------------	      ------	      ------	      ------	      ------	      ------	      ------
 Demand Fetches		     1627075	           0	     1627075	      913528	      713547	           0
  Fraction of total	      1.0000	      0.0000	      1.0000	      0.5615	      0.4385	      0.0000

 Demand Misses		      232148	           0	      232148	      221555	       10593	           0
  Demand miss rate	      0.1427	      0.0000	      0.1427	      0.2425	      0.0148	      0.0000

 Multi-block refs                 0
 Bytes From Memory	    14179520
 ( / Demand Fetches)	      8.7147
 Bytes To Memory	     7614016
 ( / Demand Writes)	     10.6707
 Total Bytes r/w Mem	    21793536
 ( / Demand Fetches)	     13.3943

---Execution complete.
