tracename gzip_m2b
---Dinero IV cache simulator, version 7
---Written by Jan Edler and Mark D. Hill
---Copyright (C) 1997 NEC Research Institute, Inc. and Mark D. Hill.
---All rights reserved.
---Copyright (C) 1985, 1989 Mark D. Hill.  All rights reserved.
---See -copyright option for details

---Summary of options (-help option gives usage information).

-l1-isize 32768
-l1-dsize 32768
-l2-dsize 262144
-l3-dsize 524288
-l1-ibsize 64
-l1-dbsize 64
-l2-dbsize 64
-l3-dbsize 64
-l1-isbsize 64
-l1-dsbsize 64
-l2-dsbsize 64
-l3-dsbsize 64
-l1-iassoc 8
-l1-dassoc 8
-l2-dassoc 8
-l3-dassoc 8
-l1-irepl l
-l1-drepl r
-l2-drepl r
-l3-drepl r
-l1-ifetch d
-l1-dfetch d
-l2-dfetch d
-l3-dfetch d
-l1-dwalloc a
-l2-dwalloc a
-l3-dwalloc a
-l1-dwback a
-l2-dwback a
-l3-dwback a
-skipcount 0
-flushcount 0
-maxcount 0
-stat-interval 0
-informat s
-on-trigger 0x0
-off-trigger 0x0

---Simulation begins.
---Simulation complete.
l1-icache
 Metrics		      Total	      Instrn	       Data	       Read	      Write	       Misc
 -----------------	      ------	      ------	      ------	      ------	      ------	      ------
 Demand Fetches		  2000000000	  2000000000	           0	           0	           0	           0
  Fraction of total	      1.0000	      1.0000	      0.0000	      0.0000	      0.0000	      0.0000

 Demand Misses		         163	         163	           0	           0	           0	           0
  Demand miss rate	      0.0000	      0.0000	      0.0000	      0.0000	      0.0000	      0.0000

 Multi-block refs                 0
 Bytes From Memory	       10432
 ( / Demand Fetches)	      0.0000
 Bytes To Memory	           0
 ( / Demand Writes)	      0.0000
 Total Bytes r/w Mem	       10432
 ( / Demand Fetches)	      0.0000

l1-dcache
 Metrics		      Total	      Instrn	       Data	       Read	      Write	       Misc
 -----------------	      ------	      ------	      ------	      ------	      ------	      ------
 Demand Fetches		   647104098	           0	   647104098	   488483701	   158620397	           0
  Fraction of total	      1.0000	      0.0000	      1.0000	      0.7549	      0.2451	      0.0000

 Demand Misses		    20708820	           0	    20708820	    19797882	      910938	           0
  Demand miss rate	      0.0320	      0.0000	      0.0320	      0.0405	      0.0057	      0.0000

 Multi-block refs           5693705
 Bytes From Memory	  1325364480
 ( / Demand Fetches)	      2.0481
 Bytes To Memory	   511449152
 ( / Demand Writes)	      3.2244
 Total Bytes r/w Mem	  1836813632
 ( / Demand Fetches)	      2.8385

l2-dcache
 Metrics		      Total	      Instrn	       Data	       Read	      Write	       Misc
 -----------------	      ------	      ------	      ------	      ------	      ------	      ------
 Demand Fetches		    28700213	           0	    28700213	    20708820	     7991393	           0
  Fraction of total	      1.0000	      0.0000	      1.0000	      0.7216	      0.2784	      0.0000

 Demand Misses		     1137948	           0	     1137948	     1078005	       59943	           0
  Demand miss rate	      0.0396	      0.0000	      0.0396	      0.0521	      0.0075	      0.0000

 Multi-block refs                 0
 Bytes From Memory	    68992320
 ( / Demand Fetches)	      2.4039
 Bytes To Memory	    53624960
 ( / Demand Writes)	      6.7103
 Total Bytes r/w Mem	   122617280
 ( / Demand Fetches)	      4.2723

l3-dcache
 Metrics		      Total	      Instrn	       Data	       Read	      Write	       Misc
 -----------------	      ------	      ------	      ------	      ------	      ------	      ------
 Demand Fetches		     1915895	           0	     1915895	     1078005	      837890	           0
  Fraction of total	      1.0000	      0.0000	      1.0000	      0.5627	      0.4373	      0.0000

 Demand Misses		      392414	           0	      392414	      251291	      141123	           0
  Demand miss rate	      0.2048	      0.0000	      0.2048	      0.2331	      0.1684	      0.0000

 Multi-block refs                 0
 Bytes From Memory	    16082624
 ( / Demand Fetches)	      8.3943
 Bytes To Memory	    16565376
 ( / Demand Writes)	     19.7703
 Total Bytes r/w Mem	    32648000
 ( / Demand Fetches)	     17.0406

---Execution complete.
