tracename gzip_m2b
---Dinero IV cache simulator, version 7
---Written by Jan Edler and Mark D. Hill
---Copyright (C) 1997 NEC Research Institute, Inc. and Mark D. Hill.
---All rights reserved.
---Copyright (C) 1985, 1989 Mark D. Hill.  All rights reserved.
---See -copyright option for details

---Summary of options (-help option gives usage information).

-l1-isize 32768
-l1-dsize 32768
-l2-dsize 262144
-l3-dsize 1048576
-l1-ibsize 64
-l1-dbsize 64
-l2-dbsize 64
-l3-dbsize 64
-l1-isbsize 64
-l1-dsbsize 64
-l2-dsbsize 64
-l3-dsbsize 64
-l1-iassoc 8
-l1-dassoc 8
-l2-dassoc 8
-l3-dassoc 8
-l1-irepl l
-l1-drepl c
-l2-drepl c
-l3-drepl c
-l1-ifetch d
-l1-dfetch d
-l2-dfetch d
-l3-dfetch d
-l1-dwalloc a
-l2-dwalloc a
-l3-dwalloc a
-l1-dwback a
-l2-dwback a
-l3-dwback a
-skipcount 0
-flushcount 0
-maxcount 0
-stat-interval 0
-informat s
-on-trigger 0x0
-off-trigger 0x0

---Simulation begins.
---Simulation complete.
l1-icache
 Metrics		      Total	      Instrn	       Data	       Read	      Write	       Misc
 -----------------	      ------	      ------	      ------	      ------	      ------	      ------
 Demand Fetches		  2000000000	  2000000000	           0	           0	           0	           0
  Fraction of total	      1.0000	      1.0000	      0.0000	      0.0000	      0.0000	      0.0000

 Demand Misses		         163	         163	           0	           0	           0	           0
  Demand miss rate	      0.0000	      0.0000	      0.0000	      0.0000	      0.0000	      0.0000

 Multi-block refs                 0
 Bytes From Memory	       10432
 ( / Demand Fetches)	      0.0000
 Bytes To Memory	           0
 ( / Demand Writes)	      0.0000
 Total Bytes r/w Mem	       10432
 ( / Demand Fetches)	      0.0000

l1-dcache
 Metrics		      Total	      Instrn	       Data	       Read	      Write	       Misc
 -----------------	      ------	      ------	      ------	      ------	      ------	      ------
 Demand Fetches		   647104098	           0	   647104098	   488483701	   158620397	           0
  Fraction of total	      1.0000	      0.0000	      1.0000	      0.7549	      0.2451	      0.0000

 Demand Misses		    19977072	           0	    19977072	    19167661	      809411	           0
  Demand miss rate	      0.0309	      0.0000	      0.0309	      0.0392	      0.0051	      0.0000

 Multi-block refs           5693705
 Bytes From Memory	  1278532608
 ( / Demand Fetches)	      1.9758
 Bytes To Memory	   486356224
 ( / Demand Writes)	      3.0662
 Total Bytes r/w Mem	  1764888832
 ( / Demand Fetches)	      2.7274

l2-dcache
 Metrics		      Total	      Instrn	       Data	       Read	      Write	       Misc
 -----------------	      ------	      ------	      ------	      ------	      ------	      ------
 Demand Fetches		    27576388	           0	    27576388	    19977072	     7599316	           0
  Fraction of total	      1.0000	      0.0000	      1.0000	      0.7244	      0.2756	      0.0000

 Demand Misses		      857318	           0	      857318	      840535	       16783	           0
  Demand miss rate	      0.0311	      0.0000	      0.0311	      0.0421	      0.0022	      0.0000

 Multi-block refs                 0
 Bytes From Memory	    53794240
 ( / Demand Fetches)	      1.9507
 Bytes To Memory	    41899968
 ( / Demand Writes)	      5.5136
 Total Bytes r/w Mem	    95694208
 ( / Demand Fetches)	      3.4702

l3-dcache
 Metrics		      Total	      Instrn	       Data	       Read	      Write	       Misc
 -----------------	      ------	      ------	      ------	      ------	      ------	      ------
 Demand Fetches		     1495222	           0	     1495222	      840535	      654687	           0
  Fraction of total	      1.0000	      0.0000	      1.0000	      0.5621	      0.4379	      0.0000

 Demand Misses		      245095	           0	      245095	      222707	       22388	           0
  Demand miss rate	      0.1639	      0.0000	      0.1639	      0.2650	      0.0342	      0.0000

 Multi-block refs                 0
 Bytes From Memory	    14253248
 ( / Demand Fetches)	      9.5325
 Bytes To Memory	     8408448
 ( / Demand Writes)	     12.8435
 Total Bytes r/w Mem	    22661696
 ( / Demand Fetches)	     15.1561

---Execution complete.
