tracename gzip_m2b
---Dinero IV cache simulator, version 7
---Written by Jan Edler and Mark D. Hill
---Copyright (C) 1997 NEC Research Institute, Inc. and Mark D. Hill.
---All rights reserved.
---Copyright (C) 1985, 1989 Mark D. Hill.  All rights reserved.
---See -copyright option for details

---Summary of options (-help option gives usage information).

-l1-isize 32768
-l1-dsize 32768
-l2-dsize 262144
-l3-dsize 33554432
-l1-ibsize 64
-l1-dbsize 64
-l2-dbsize 64
-l3-dbsize 64
-l1-isbsize 64
-l1-dsbsize 64
-l2-dsbsize 64
-l3-dsbsize 64
-l1-iassoc 8
-l1-dassoc 8
-l2-dassoc 8
-l3-dassoc 8
-l1-irepl l
-l1-drepl f
-l2-drepl f
-l3-drepl f
-l1-ifetch d
-l1-dfetch d
-l2-dfetch d
-l3-dfetch d
-l1-dwalloc a
-l2-dwalloc a
-l3-dwalloc a
-l1-dwback a
-l2-dwback a
-l3-dwback a
-skipcount 0
-flushcount 0
-maxcount 0
-stat-interval 0
-informat s
-on-trigger 0x0
-off-trigger 0x0

---Simulation begins.
---Simulation complete.
l1-icache
 Metrics		      Total	      Instrn	       Data	       Read	      Write	       Misc
 -----------------	      ------	      ------	      ------	      ------	      ------	      ------
 Demand Fetches		  2000000000	  2000000000	           0	           0	           0	           0
  Fraction of total	      1.0000	      1.0000	      0.0000	      0.0000	      0.0000	      0.0000

 Demand Misses		         163	         163	           0	           0	           0	           0
  Demand miss rate	      0.0000	      0.0000	      0.0000	      0.0000	      0.0000	      0.0000

 Multi-block refs                 0
 Bytes From Memory	       10432
 ( / Demand Fetches)	      0.0000
 Bytes To Memory	           0
 ( / Demand Writes)	      0.0000
 Total Bytes r/w Mem	       10432
 ( / Demand Fetches)	      0.0000

l1-dcache
 Metrics		      Total	      Instrn	       Data	       Read	      Write	       Misc
 -----------------	      ------	      ------	      ------	      ------	      ------	      ------
 Demand Fetches		   647104098	           0	   647104098	   488483701	   158620397	           0
  Fraction of total	      1.0000	      0.0000	      1.0000	      0.7549	      0.2451	      0.0000

 Demand Misses		    20417593	           0	    20417593	    19597547	      820046	           0
  Demand miss rate	      0.0316	      0.0000	      0.0316	      0.0401	      0.0052	      0.0000

 Multi-block refs           5693705
 Bytes From Memory	  1306725952
 ( / Demand Fetches)	      2.0193
 Bytes To Memory	   502188096
 ( / Demand Writes)	      3.1660
 Total Bytes r/w Mem	  1808914048
 ( / Demand Fetches)	      2.7954

l2-dcache
 Metrics		      Total	      Instrn	       Data	       Read	      Write	       Misc
 -----------------	      ------	      ------	      ------	      ------	      ------	      ------
 Demand Fetches		    28264282	           0	    28264282	    20417593	     7846689	           0
  Fraction of total	      1.0000	      0.0000	      1.0000	      0.7224	      0.2776	      0.0000

 Demand Misses		     1110346	           0	     1110346	     1077286	       33060	           0
  Demand miss rate	      0.0393	      0.0000	      0.0393	      0.0528	      0.0042	      0.0000

 Multi-block refs                 0
 Bytes From Memory	    68946304
 ( / Demand Fetches)	      2.4393
 Bytes To Memory	    61720128
 ( / Demand Writes)	      7.8658
 Total Bytes r/w Mem	   130666432
 ( / Demand Fetches)	      4.6230

l3-dcache
 Metrics		      Total	      Instrn	       Data	       Read	      Write	       Misc
 -----------------	      ------	      ------	      ------	      ------	      ------	      ------
 Demand Fetches		     2041663	           0	     2041663	     1077286	      964377	           0
  Fraction of total	      1.0000	      0.0000	      1.0000	      0.5277	      0.4723	      0.0000

 Demand Misses		      219987	           0	      219987	      219987	           0	           0
  Demand miss rate	      0.1077	      0.0000	      0.1077	      0.2042	      0.0000	      0.0000

 Multi-block refs                 0
 Bytes From Memory	    14079168
 ( / Demand Fetches)	      6.8959
 Bytes To Memory	     6897792
 ( / Demand Writes)	      7.1526
 Total Bytes r/w Mem	    20976960
 ( / Demand Fetches)	     10.2744

---Execution complete.
