tracename gzip_m2b
---Dinero IV cache simulator, version 7
---Written by Jan Edler and Mark D. Hill
---Copyright (C) 1997 NEC Research Institute, Inc. and Mark D. Hill.
---All rights reserved.
---Copyright (C) 1985, 1989 Mark D. Hill.  All rights reserved.
---See -copyright option for details

---Summary of options (-help option gives usage information).

-l1-isize 32768
-l1-dsize 32768
-l2-dsize 262144
-l3-dsize 8388608
-l1-ibsize 64
-l1-dbsize 64
-l2-dbsize 64
-l3-dbsize 64
-l1-isbsize 64
-l1-dsbsize 64
-l2-dsbsize 64
-l3-dsbsize 64
-l1-iassoc 8
-l1-dassoc 8
-l2-dassoc 8
-l3-dassoc 8
-l1-irepl l
-l1-drepl c
-l2-drepl c
-l3-drepl c
-l1-ifetch d
-l1-dfetch d
-l2-dfetch d
-l3-dfetch d
-l1-dwalloc a
-l2-dwalloc a
-l3-dwalloc a
-l1-dwback a
-l2-dwback a
-l3-dwback a
-skipcount 0
-flushcount 0
-maxcount 0
-stat-interval 0
-informat s
-on-trigger 0x0
-off-trigger 0x0

---Simulation begins.
---Simulation complete.
l1-icache
 Metrics		      Total	      Instrn	       Data	       Read	      Write	       Misc
 -----------------	      ------	      ------	      ------	      ------	      ------	      ------
 Demand Fetches		  2000000000	  2000000000	           0	           0	           0	           0
  Fraction of total	      1.0000	      1.0000	      0.0000	      0.0000	      0.0000	      0.0000

 Demand Misses		         163	         163	           0	           0	           0	           0
  Demand miss rate	      0.0000	      0.0000	      0.0000	      0.0000	      0.0000	      0.0000

 Multi-block refs                 0
 Bytes From Memory	       10432
 ( / Demand Fetches)	      0.0000
 Bytes To Memory	           0
 ( / Demand Writes)	      0.0000
 Total Bytes r/w Mem	       10432
 ( / Demand Fetches)	      0.0000

l1-dcache
 Metrics		      Total	      Instrn	       Data	       Read	      Write	       Misc
 -----------------	      ------	      ------	      ------	      ------	      ------	      ------
 Demand Fetches		   647104098	           0	   647104098	   488483701	   158620397	           0
  Fraction of total	      1.0000	      0.0000	      1.0000	      0.7549	      0.2451	      0.0000

 Demand Misses		    19978543	           0	    19978543	    19167866	      810677	           0
  Demand miss rate	      0.0309	      0.0000	      0.0309	      0.0392	      0.0051	      0.0000

 Multi-block refs           5693705
 Bytes From Memory	  1278626752
 ( / Demand Fetches)	      1.9759
 Bytes To Memory	   486454720
 ( / Demand Writes)	      3.0668
 Total Bytes r/w Mem	  1765081472
 ( / Demand Fetches)	      2.7277

l2-dcache
 Metrics		      Total	      Instrn	       Data	       Read	      Write	       Misc
 -----------------	      ------	      ------	      ------	      ------	      ------	      ------
 Demand Fetches		    27579398	           0	    27579398	    19978543	     7600855	           0
  Fraction of total	      1.0000	      0.0000	      1.0000	      0.7244	      0.2756	      0.0000

 Demand Misses		      857845	           0	      857845	      841196	       16649	           0
  Demand miss rate	      0.0311	      0.0000	      0.0311	      0.0421	      0.0022	      0.0000

 Multi-block refs                 0
 Bytes From Memory	    53836544
 ( / Demand Fetches)	      1.9521
 Bytes To Memory	    41877824
 ( / Demand Writes)	      5.5096
 Total Bytes r/w Mem	    95714368
 ( / Demand Fetches)	      3.4705

l3-dcache
 Metrics		      Total	      Instrn	       Data	       Read	      Write	       Misc
 -----------------	      ------	      ------	      ------	      ------	      ------	      ------
 Demand Fetches		     1495537	           0	     1495537	      841196	      654341	           0
  Fraction of total	      1.0000	      0.0000	      1.0000	      0.5625	      0.4375	      0.0000

 Demand Misses		      220870	           0	      220870	      220124	         746	           0
  Demand miss rate	      0.1477	      0.0000	      0.1477	      0.2617	      0.0011	      0.0000

 Multi-block refs                 0
 Bytes From Memory	    14087936
 ( / Demand Fetches)	      9.4200
 Bytes To Memory	     6952704
 ( / Demand Writes)	     10.6255
 Total Bytes r/w Mem	    21040640
 ( / Demand Fetches)	     14.0690

---Execution complete.
