tracename gzip_m2b
---Dinero IV cache simulator, version 7
---Written by Jan Edler and Mark D. Hill
---Copyright (C) 1997 NEC Research Institute, Inc. and Mark D. Hill.
---All rights reserved.
---Copyright (C) 1985, 1989 Mark D. Hill.  All rights reserved.
---See -copyright option for details

---Summary of options (-help option gives usage information).

-l1-isize 32768
-l1-dsize 32768
-l2-dsize 262144
-l3-dsize 8388608
-l1-ibsize 64
-l1-dbsize 64
-l2-dbsize 64
-l3-dbsize 64
-l1-isbsize 64
-l1-dsbsize 64
-l2-dsbsize 64
-l3-dsbsize 64
-l1-iassoc 8
-l1-dassoc 8
-l2-dassoc 8
-l3-dassoc 8
-l1-irepl l
-l1-drepl r
-l2-drepl r
-l3-drepl r
-l1-ifetch d
-l1-dfetch d
-l2-dfetch d
-l3-dfetch d
-l1-dwalloc a
-l2-dwalloc a
-l3-dwalloc a
-l1-dwback a
-l2-dwback a
-l3-dwback a
-skipcount 0
-flushcount 0
-maxcount 0
-stat-interval 0
-informat s
-on-trigger 0x0
-off-trigger 0x0

---Simulation begins.
---Simulation complete.
l1-icache
 Metrics		      Total	      Instrn	       Data	       Read	      Write	       Misc
 -----------------	      ------	      ------	      ------	      ------	      ------	      ------
 Demand Fetches		  2000000000	  2000000000	           0	           0	           0	           0
  Fraction of total	      1.0000	      1.0000	      0.0000	      0.0000	      0.0000	      0.0000

 Demand Misses		         163	         163	           0	           0	           0	           0
  Demand miss rate	      0.0000	      0.0000	      0.0000	      0.0000	      0.0000	      0.0000

 Multi-block refs                 0
 Bytes From Memory	       10432
 ( / Demand Fetches)	      0.0000
 Bytes To Memory	           0
 ( / Demand Writes)	      0.0000
 Total Bytes r/w Mem	       10432
 ( / Demand Fetches)	      0.0000

l1-dcache
 Metrics		      Total	      Instrn	       Data	       Read	      Write	       Misc
 -----------------	      ------	      ------	      ------	      ------	      ------	      ------
 Demand Fetches		   647104098	           0	   647104098	   488483701	   158620397	           0
  Fraction of total	      1.0000	      0.0000	      1.0000	      0.7549	      0.2451	      0.0000

 Demand Misses		    20711110	           0	    20711110	    19800037	      911073	           0
  Demand miss rate	      0.0320	      0.0000	      0.0320	      0.0405	      0.0057	      0.0000

 Multi-block refs           5693705
 Bytes From Memory	  1325511040
 ( / Demand Fetches)	      2.0484
 Bytes To Memory	   511550656
 ( / Demand Writes)	      3.2250
 Total Bytes r/w Mem	  1837061696
 ( / Demand Fetches)	      2.8389

l2-dcache
 Metrics		      Total	      Instrn	       Data	       Read	      Write	       Misc
 -----------------	      ------	      ------	      ------	      ------	      ------	      ------
 Demand Fetches		    28704089	           0	    28704089	    20711110	     7992979	           0
  Fraction of total	      1.0000	      0.0000	      1.0000	      0.7215	      0.2785	      0.0000

 Demand Misses		     1139332	           0	     1139332	     1079837	       59495	           0
  Demand miss rate	      0.0397	      0.0000	      0.0397	      0.0521	      0.0074	      0.0000

 Multi-block refs                 0
 Bytes From Memory	    69109568
 ( / Demand Fetches)	      2.4077
 Bytes To Memory	    53690624
 ( / Demand Writes)	      6.7172
 Total Bytes r/w Mem	   122800192
 ( / Demand Fetches)	      4.2781

l3-dcache
 Metrics		      Total	      Instrn	       Data	       Read	      Write	       Misc
 -----------------	      ------	      ------	      ------	      ------	      ------	      ------
 Demand Fetches		     1918753	           0	     1918753	     1079837	      838916	           0
  Fraction of total	      1.0000	      0.0000	      1.0000	      0.5628	      0.4372	      0.0000

 Demand Misses		      223181	           0	      223181	      220567	        2614	           0
  Demand miss rate	      0.1163	      0.0000	      0.1163	      0.2043	      0.0031	      0.0000

 Multi-block refs                 0
 Bytes From Memory	    14116288
 ( / Demand Fetches)	      7.3570
 Bytes To Memory	     7091264
 ( / Demand Writes)	      8.4529
 Total Bytes r/w Mem	    21207552
 ( / Demand Fetches)	     11.0528

---Execution complete.
