tracename gzip_m2b
---Dinero IV cache simulator, version 7
---Written by Jan Edler and Mark D. Hill
---Copyright (C) 1997 NEC Research Institute, Inc. and Mark D. Hill.
---All rights reserved.
---Copyright (C) 1985, 1989 Mark D. Hill.  All rights reserved.
---See -copyright option for details

---Summary of options (-help option gives usage information).

-l1-isize 32768
-l1-dsize 32768
-l2-dsize 262144
-l3-dsize 2097152
-l1-ibsize 64
-l1-dbsize 64
-l2-dbsize 64
-l3-dbsize 64
-l1-isbsize 64
-l1-dsbsize 64
-l2-dsbsize 64
-l3-dsbsize 64
-l1-iassoc 8
-l1-dassoc 8
-l2-dassoc 8
-l3-dassoc 8
-l1-irepl l
-l1-drepl r
-l2-drepl r
-l3-drepl r
-l1-ifetch d
-l1-dfetch d
-l2-dfetch d
-l3-dfetch d
-l1-dwalloc a
-l2-dwalloc a
-l3-dwalloc a
-l1-dwback a
-l2-dwback a
-l3-dwback a
-skipcount 0
-flushcount 0
-maxcount 0
-stat-interval 0
-informat s
-on-trigger 0x0
-off-trigger 0x0

---Simulation begins.
---Simulation complete.
l1-icache
 Metrics		      Total	      Instrn	       Data	       Read	      Write	       Misc
 -----------------	      ------	      ------	      ------	      ------	      ------	      ------
 Demand Fetches		  2000000000	  2000000000	           0	           0	           0	           0
  Fraction of total	      1.0000	      1.0000	      0.0000	      0.0000	      0.0000	      0.0000

 Demand Misses		         163	         163	           0	           0	           0	           0
  Demand miss rate	      0.0000	      0.0000	      0.0000	      0.0000	      0.0000	      0.0000

 Multi-block refs                 0
 Bytes From Memory	       10432
 ( / Demand Fetches)	      0.0000
 Bytes To Memory	           0
 ( / Demand Writes)	      0.0000
 Total Bytes r/w Mem	       10432
 ( / Demand Fetches)	      0.0000

l1-dcache
 Metrics		      Total	      Instrn	       Data	       Read	      Write	       Misc
 -----------------	      ------	      ------	      ------	      ------	      ------	      ------
 Demand Fetches		   647104098	           0	   647104098	   488483701	   158620397	           0
  Fraction of total	      1.0000	      0.0000	      1.0000	      0.7549	      0.2451	      0.0000

 Demand Misses		    20711741	           0	    20711741	    19800597	      911144	           0
  Demand miss rate	      0.0320	      0.0000	      0.0320	      0.0405	      0.0057	      0.0000

 Multi-block refs           5693705
 Bytes From Memory	  1325551424
 ( / Demand Fetches)	      2.0484
 Bytes To Memory	   511574464
 ( / Demand Writes)	      3.2251
 Total Bytes r/w Mem	  1837125888
 ( / Demand Fetches)	      2.8390

l2-dcache
 Metrics		      Total	      Instrn	       Data	       Read	      Write	       Misc
 -----------------	      ------	      ------	      ------	      ------	      ------	      ------
 Demand Fetches		    28705092	           0	    28705092	    20711741	     7993351	           0
  Fraction of total	      1.0000	      0.0000	      1.0000	      0.7215	      0.2785	      0.0000

 Demand Misses		     1137702	           0	     1137702	     1077951	       59751	           0
  Demand miss rate	      0.0396	      0.0000	      0.0396	      0.0520	      0.0075	      0.0000

 Multi-block refs                 0
 Bytes From Memory	    68988864
 ( / Demand Fetches)	      2.4034
 Bytes To Memory	    53585984
 ( / Demand Writes)	      6.7038
 Total Bytes r/w Mem	   122574848
 ( / Demand Fetches)	      4.2701

l3-dcache
 Metrics		      Total	      Instrn	       Data	       Read	      Write	       Misc
 -----------------	      ------	      ------	      ------	      ------	      ------	      ------
 Demand Fetches		     1915232	           0	     1915232	     1077951	      837281	           0
  Fraction of total	      1.0000	      0.0000	      1.0000	      0.5628	      0.4372	      0.0000

 Demand Misses		      247595	           0	      247595	      224553	       23042	           0
  Demand miss rate	      0.1293	      0.0000	      0.1293	      0.2083	      0.0275	      0.0000

 Multi-block refs                 0
 Bytes From Memory	    14371392
 ( / Demand Fetches)	      7.5037
 Bytes To Memory	     8494592
 ( / Demand Writes)	     10.1454
 Total Bytes r/w Mem	    22865984
 ( / Demand Fetches)	     11.9390

---Execution complete.
