tracename gzip_m2b
---Dinero IV cache simulator, version 7
---Written by Jan Edler and Mark D. Hill
---Copyright (C) 1997 NEC Research Institute, Inc. and Mark D. Hill.
---All rights reserved.
---Copyright (C) 1985, 1989 Mark D. Hill.  All rights reserved.
---See -copyright option for details

---Summary of options (-help option gives usage information).

-l1-isize 32768
-l1-dsize 32768
-l2-dsize 262144
-l3-dsize 2097152
-l1-ibsize 64
-l1-dbsize 64
-l2-dbsize 64
-l3-dbsize 64
-l1-isbsize 64
-l1-dsbsize 64
-l2-dsbsize 64
-l3-dsbsize 64
-l1-iassoc 8
-l1-dassoc 8
-l2-dassoc 8
-l3-dassoc 8
-l1-irepl l
-l1-drepl 2
-l2-drepl 2
-l3-drepl 2
-l1-ifetch d
-l1-dfetch d
-l2-dfetch d
-l3-dfetch d
-l1-dwalloc a
-l2-dwalloc a
-l3-dwalloc a
-l1-dwback a
-l2-dwback a
-l3-dwback a
-skipcount 0
-flushcount 0
-maxcount 0
-stat-interval 0
-informat s
-on-trigger 0x0
-off-trigger 0x0

---Simulation begins.
---Simulation complete.
l1-icache
 Metrics		      Total	      Instrn	       Data	       Read	      Write	       Misc
 -----------------	      ------	      ------	      ------	      ------	      ------	      ------
 Demand Fetches		  2000000000	  2000000000	           0	           0	           0	           0
  Fraction of total	      1.0000	      1.0000	      0.0000	      0.0000	      0.0000	      0.0000

 Demand Misses		         163	         163	           0	           0	           0	           0
  Demand miss rate	      0.0000	      0.0000	      0.0000	      0.0000	      0.0000	      0.0000

 Multi-block refs                 0
 Bytes From Memory	       10432
 ( / Demand Fetches)	      0.0000
 Bytes To Memory	           0
 ( / Demand Writes)	      0.0000
 Total Bytes r/w Mem	       10432
 ( / Demand Fetches)	      0.0000

l1-dcache
 Metrics		      Total	      Instrn	       Data	       Read	      Write	       Misc
 -----------------	      ------	      ------	      ------	      ------	      ------	      ------
 Demand Fetches		   647104098	           0	   647104098	   488483701	   158620397	           0
  Fraction of total	      1.0000	      0.0000	      1.0000	      0.7549	      0.2451	      0.0000

 Demand Misses		    19781632	           0	    19781632	    18999935	      781697	           0
  Demand miss rate	      0.0306	      0.0000	      0.0306	      0.0389	      0.0049	      0.0000

 Multi-block refs           5693705
 Bytes From Memory	  1266024448
 ( / Demand Fetches)	      1.9564
 Bytes To Memory	   478552128
 ( / Demand Writes)	      3.0170
 Total Bytes r/w Mem	  1744576576
 ( / Demand Fetches)	      2.6960

l2-dcache
 Metrics		      Total	      Instrn	       Data	       Read	      Write	       Misc
 -----------------	      ------	      ------	      ------	      ------	      ------	      ------
 Demand Fetches		    27259009	           0	    27259009	    19781632	     7477377	           0
  Fraction of total	      1.0000	      0.0000	      1.0000	      0.7257	      0.2743	      0.0000

 Demand Misses		      852535	           0	      852535	      844095	        8440	           0
  Demand miss rate	      0.0313	      0.0000	      0.0313	      0.0427	      0.0011	      0.0000

 Multi-block refs                 0
 Bytes From Memory	    54022080
 ( / Demand Fetches)	      1.9818
 Bytes To Memory	    41862976
 ( / Demand Writes)	      5.5986
 Total Bytes r/w Mem	    95885056
 ( / Demand Fetches)	      3.5176

l3-dcache
 Metrics		      Total	      Instrn	       Data	       Read	      Write	       Misc
 -----------------	      ------	      ------	      ------	      ------	      ------	      ------
 Demand Fetches		     1498204	           0	     1498204	      844095	      654109	           0
  Fraction of total	      1.0000	      0.0000	      1.0000	      0.5634	      0.4366	      0.0000

 Demand Misses		      223253	           0	      223253	      220178	        3075	           0
  Demand miss rate	      0.1490	      0.0000	      0.1490	      0.2608	      0.0047	      0.0000

 Multi-block refs                 0
 Bytes From Memory	    14091392
 ( / Demand Fetches)	      9.4055
 Bytes To Memory	     7091648
 ( / Demand Writes)	     10.8417
 Total Bytes r/w Mem	    21183040
 ( / Demand Fetches)	     14.1390

---Execution complete.
