tracename wupwise_m2b
---Dinero IV cache simulator, version 7
---Written by Jan Edler and Mark D. Hill
---Copyright (C) 1997 NEC Research Institute, Inc. and Mark D. Hill.
---All rights reserved.
---Copyright (C) 1985, 1989 Mark D. Hill.  All rights reserved.
---See -copyright option for details

---Summary of options (-help option gives usage information).

-l1-isize 32768
-l1-dsize 32768
-l2-dsize 262144
-l3-dsize 524288
-l1-ibsize 64
-l1-dbsize 64
-l2-dbsize 64
-l3-dbsize 64
-l1-isbsize 64
-l1-dsbsize 64
-l2-dsbsize 64
-l3-dsbsize 64
-l1-iassoc 8
-l1-dassoc 8
-l2-dassoc 8
-l3-dassoc 8
-l1-irepl l
-l1-drepl r
-l2-drepl r
-l3-drepl r
-l1-ifetch d
-l1-dfetch d
-l2-dfetch d
-l3-dfetch d
-l1-dwalloc a
-l2-dwalloc a
-l3-dwalloc a
-l1-dwback a
-l2-dwback a
-l3-dwback a
-skipcount 0
-flushcount 0
-maxcount 0
-stat-interval 0
-informat s
-on-trigger 0x0
-off-trigger 0x0

---Simulation begins.
---Simulation complete.
l1-icache
 Metrics		      Total	      Instrn	       Data	       Read	      Write	       Misc
 -----------------	      ------	      ------	      ------	      ------	      ------	      ------
 Demand Fetches		  1999999998	  1999999998	           0	           0	           0	           0
  Fraction of total	      1.0000	      1.0000	      0.0000	      0.0000	      0.0000	      0.0000

 Demand Misses		         263	         263	           0	           0	           0	           0
  Demand miss rate	      0.0000	      0.0000	      0.0000	      0.0000	      0.0000	      0.0000

 Multi-block refs                 0
 Bytes From Memory	       16832
 ( / Demand Fetches)	      0.0000
 Bytes To Memory	           0
 ( / Demand Writes)	      0.0000
 Total Bytes r/w Mem	       16832
 ( / Demand Fetches)	      0.0000

l1-dcache
 Metrics		      Total	      Instrn	       Data	       Read	      Write	       Misc
 -----------------	      ------	      ------	      ------	      ------	      ------	      ------
 Demand Fetches		   619232456	           0	   619232456	   461175987	   158056469	           0
  Fraction of total	      1.0000	      0.0000	      1.0000	      0.7448	      0.2552	      0.0000

 Demand Misses		     9689847	           0	     9689847	     8791418	      898429	           0
  Demand miss rate	      0.0156	      0.0000	      0.0156	      0.0191	      0.0057	      0.0000

 Multi-block refs                 0
 Bytes From Memory	   620150208
 ( / Demand Fetches)	      1.0015
 Bytes To Memory	   110477632
 ( / Demand Writes)	      0.6990
 Total Bytes r/w Mem	   730627840
 ( / Demand Fetches)	      1.1799

l2-dcache
 Metrics		      Total	      Instrn	       Data	       Read	      Write	       Misc
 -----------------	      ------	      ------	      ------	      ------	      ------	      ------
 Demand Fetches		    11416060	           0	    11416060	     9689847	     1726213	           0
  Fraction of total	      1.0000	      0.0000	      1.0000	      0.8488	      0.1512	      0.0000

 Demand Misses		     8292753	           0	     8292753	     8141786	      150967	           0
  Demand miss rate	      0.7264	      0.0000	      0.7264	      0.8402	      0.0875	      0.0000

 Multi-block refs                 0
 Bytes From Memory	   521074304
 ( / Demand Fetches)	     45.6440
 Bytes To Memory	    94730624
 ( / Demand Writes)	     54.8777
 Total Bytes r/w Mem	   615804928
 ( / Demand Fetches)	     53.9420

l3-dcache
 Metrics		      Total	      Instrn	       Data	       Read	      Write	       Misc
 -----------------	      ------	      ------	      ------	      ------	      ------	      ------
 Demand Fetches		     9621952	           0	     9621952	     8141786	     1480166	           0
  Fraction of total	      1.0000	      0.0000	      1.0000	      0.8462	      0.1538	      0.0000

 Demand Misses		     8278396	           0	     8278396	     7718007	      560389	           0
  Demand miss rate	      0.8604	      0.0000	      0.8604	      0.9480	      0.3786	      0.0000

 Multi-block refs                 0
 Bytes From Memory	   493952448
 ( / Demand Fetches)	     51.3360
 Bytes To Memory	    93532928
 ( / Demand Writes)	     63.1908
 Total Bytes r/w Mem	   587485376
 ( / Demand Fetches)	     61.0568

---Execution complete.
