tracename wupwise_m2b
---Dinero IV cache simulator, version 7
---Written by Jan Edler and Mark D. Hill
---Copyright (C) 1997 NEC Research Institute, Inc. and Mark D. Hill.
---All rights reserved.
---Copyright (C) 1985, 1989 Mark D. Hill.  All rights reserved.
---See -copyright option for details

---Summary of options (-help option gives usage information).

-l1-isize 32768
-l1-dsize 32768
-l2-dsize 262144
-l3-dsize 8388608
-l1-ibsize 64
-l1-dbsize 64
-l2-dbsize 64
-l3-dbsize 64
-l1-isbsize 64
-l1-dsbsize 64
-l2-dsbsize 64
-l3-dsbsize 64
-l1-iassoc 8
-l1-dassoc 8
-l2-dassoc 8
-l3-dassoc 8
-l1-irepl l
-l1-drepl c
-l2-drepl c
-l3-drepl c
-l1-ifetch d
-l1-dfetch d
-l2-dfetch d
-l3-dfetch d
-l1-dwalloc a
-l2-dwalloc a
-l3-dwalloc a
-l1-dwback a
-l2-dwback a
-l3-dwback a
-skipcount 0
-flushcount 0
-maxcount 0
-stat-interval 0
-informat s
-on-trigger 0x0
-off-trigger 0x0

---Simulation begins.
---Simulation complete.
l1-icache
 Metrics		      Total	      Instrn	       Data	       Read	      Write	       Misc
 -----------------	      ------	      ------	      ------	      ------	      ------	      ------
 Demand Fetches		  1999999998	  1999999998	           0	           0	           0	           0
  Fraction of total	      1.0000	      1.0000	      0.0000	      0.0000	      0.0000	      0.0000

 Demand Misses		         263	         263	           0	           0	           0	           0
  Demand miss rate	      0.0000	      0.0000	      0.0000	      0.0000	      0.0000	      0.0000

 Multi-block refs                 0
 Bytes From Memory	       16832
 ( / Demand Fetches)	      0.0000
 Bytes To Memory	           0
 ( / Demand Writes)	      0.0000
 Total Bytes r/w Mem	       16832
 ( / Demand Fetches)	      0.0000

l1-dcache
 Metrics		      Total	      Instrn	       Data	       Read	      Write	       Misc
 -----------------	      ------	      ------	      ------	      ------	      ------	      ------
 Demand Fetches		   619232456	           0	   619232456	   461175987	   158056469	           0
  Fraction of total	      1.0000	      0.0000	      1.0000	      0.7448	      0.2552	      0.0000

 Demand Misses		     8926641	           0	     8926641	     8129741	      796900	           0
  Demand miss rate	      0.0144	      0.0000	      0.0144	      0.0176	      0.0050	      0.0000

 Multi-block refs                 0
 Bytes From Memory	   571305024
 ( / Demand Fetches)	      0.9226
 Bytes To Memory	    98282752
 ( / Demand Writes)	      0.6218
 Total Bytes r/w Mem	   669587776
 ( / Demand Fetches)	      1.0813

l2-dcache
 Metrics		      Total	      Instrn	       Data	       Read	      Write	       Misc
 -----------------	      ------	      ------	      ------	      ------	      ------	      ------
 Demand Fetches		    10462309	           0	    10462309	     8926641	     1535668	           0
  Fraction of total	      1.0000	      0.0000	      1.0000	      0.8532	      0.1468	      0.0000

 Demand Misses		     8094410	           0	     8094410	     8040918	       53492	           0
  Demand miss rate	      0.7737	      0.0000	      0.7737	      0.9008	      0.0348	      0.0000

 Multi-block refs                 0
 Bytes From Memory	   514618752
 ( / Demand Fetches)	     49.1879
 Bytes To Memory	    93790016
 ( / Demand Writes)	     61.0744
 Total Bytes r/w Mem	   608408768
 ( / Demand Fetches)	     58.1524

l3-dcache
 Metrics		      Total	      Instrn	       Data	       Read	      Write	       Misc
 -----------------	      ------	      ------	      ------	      ------	      ------	      ------
 Demand Fetches		     9506387	           0	     9506387	     8040918	     1465469	           0
  Fraction of total	      1.0000	      0.0000	      1.0000	      0.8458	      0.1542	      0.0000

 Demand Misses		     6634255	           0	     6634255	     6629545	        4710	           0
  Demand miss rate	      0.6979	      0.0000	      0.6979	      0.8245	      0.0032	      0.0000

 Multi-block refs                 0
 Bytes From Memory	   424290880
 ( / Demand Fetches)	     44.6322
 Bytes To Memory	    92661120
 ( / Demand Writes)	     63.2297
 Total Bytes r/w Mem	   516952000
 ( / Demand Fetches)	     54.3794

---Execution complete.
