tracename wupwise_m2b
---Dinero IV cache simulator, version 7
---Written by Jan Edler and Mark D. Hill
---Copyright (C) 1997 NEC Research Institute, Inc. and Mark D. Hill.
---All rights reserved.
---Copyright (C) 1985, 1989 Mark D. Hill.  All rights reserved.
---See -copyright option for details

---Summary of options (-help option gives usage information).

-l1-isize 32768
-l1-dsize 32768
-l2-dsize 262144
-l3-dsize 262144
-l1-ibsize 64
-l1-dbsize 64
-l2-dbsize 64
-l3-dbsize 64
-l1-isbsize 64
-l1-dsbsize 64
-l2-dsbsize 64
-l3-dsbsize 64
-l1-iassoc 8
-l1-dassoc 8
-l2-dassoc 8
-l3-dassoc 8
-l1-irepl l
-l1-drepl 2
-l2-drepl 2
-l3-drepl 2
-l1-ifetch d
-l1-dfetch d
-l2-dfetch d
-l3-dfetch d
-l1-dwalloc a
-l2-dwalloc a
-l3-dwalloc a
-l1-dwback a
-l2-dwback a
-l3-dwback a
-skipcount 0
-flushcount 0
-maxcount 0
-stat-interval 0
-informat s
-on-trigger 0x0
-off-trigger 0x0

---Simulation begins.
---Simulation complete.
l1-icache
 Metrics		      Total	      Instrn	       Data	       Read	      Write	       Misc
 -----------------	      ------	      ------	      ------	      ------	      ------	      ------
 Demand Fetches		  1999999998	  1999999998	           0	           0	           0	           0
  Fraction of total	      1.0000	      1.0000	      0.0000	      0.0000	      0.0000	      0.0000

 Demand Misses		         263	         263	           0	           0	           0	           0
  Demand miss rate	      0.0000	      0.0000	      0.0000	      0.0000	      0.0000	      0.0000

 Multi-block refs                 0
 Bytes From Memory	       16832
 ( / Demand Fetches)	      0.0000
 Bytes To Memory	           0
 ( / Demand Writes)	      0.0000
 Total Bytes r/w Mem	       16832
 ( / Demand Fetches)	      0.0000

l1-dcache
 Metrics		      Total	      Instrn	       Data	       Read	      Write	       Misc
 -----------------	      ------	      ------	      ------	      ------	      ------	      ------
 Demand Fetches		   619232456	           0	   619232456	   461175987	   158056469	           0
  Fraction of total	      1.0000	      0.0000	      1.0000	      0.7448	      0.2552	      0.0000

 Demand Misses		     8741636	           0	     8741636	     7973779	      767857	           0
  Demand miss rate	      0.0141	      0.0000	      0.0141	      0.0173	      0.0049	      0.0000

 Multi-block refs                 0
 Bytes From Memory	   559464704
 ( / Demand Fetches)	      0.9035
 Bytes To Memory	    94750464
 ( / Demand Writes)	      0.5995
 Total Bytes r/w Mem	   654215168
 ( / Demand Fetches)	      1.0565

l2-dcache
 Metrics		      Total	      Instrn	       Data	       Read	      Write	       Misc
 -----------------	      ------	      ------	      ------	      ------	      ------	      ------
 Demand Fetches		    10222112	           0	    10222112	     8741636	     1480476	           0
  Fraction of total	      1.0000	      0.0000	      1.0000	      0.8552	      0.1448	      0.0000

 Demand Misses		     8071518	           0	     8071518	     8049073	       22445	           0
  Demand miss rate	      0.7896	      0.0000	      0.7896	      0.9208	      0.0152	      0.0000

 Multi-block refs                 0
 Bytes From Memory	   515140672
 ( / Demand Fetches)	     50.3947
 Bytes To Memory	    93254848
 ( / Demand Writes)	     62.9898
 Total Bytes r/w Mem	   608395520
 ( / Demand Fetches)	     59.5176

l3-dcache
 Metrics		      Total	      Instrn	       Data	       Read	      Write	       Misc
 -----------------	      ------	      ------	      ------	      ------	      ------	      ------
 Demand Fetches		     9506180	           0	     9506180	     8049073	     1457107	           0
  Fraction of total	      1.0000	      0.0000	      1.0000	      0.8467	      0.1533	      0.0000

 Demand Misses		     8828636	           0	     8828636	     7837201	      991435	           0
  Demand miss rate	      0.9287	      0.0000	      0.9287	      0.9737	      0.6804	      0.0000

 Multi-block refs                 0
 Bytes From Memory	   501580864
 ( / Demand Fetches)	     52.7637
 Bytes To Memory	    93197504
 ( / Demand Writes)	     63.9606
 Total Bytes r/w Mem	   594778368
 ( / Demand Fetches)	     62.5675

---Execution complete.
