tracename wupwise_m2b
---Dinero IV cache simulator, version 7
---Written by Jan Edler and Mark D. Hill
---Copyright (C) 1997 NEC Research Institute, Inc. and Mark D. Hill.
---All rights reserved.
---Copyright (C) 1985, 1989 Mark D. Hill.  All rights reserved.
---See -copyright option for details

---Summary of options (-help option gives usage information).

-l1-isize 32768
-l1-dsize 32768
-l2-dsize 262144
-l3-dsize 16777216
-l1-ibsize 64
-l1-dbsize 64
-l2-dbsize 64
-l3-dbsize 64
-l1-isbsize 64
-l1-dsbsize 64
-l2-dsbsize 64
-l3-dsbsize 64
-l1-iassoc 8
-l1-dassoc 8
-l2-dassoc 8
-l3-dassoc 8
-l1-irepl l
-l1-drepl r
-l2-drepl r
-l3-drepl r
-l1-ifetch d
-l1-dfetch d
-l2-dfetch d
-l3-dfetch d
-l1-dwalloc a
-l2-dwalloc a
-l3-dwalloc a
-l1-dwback a
-l2-dwback a
-l3-dwback a
-skipcount 0
-flushcount 0
-maxcount 0
-stat-interval 0
-informat s
-on-trigger 0x0
-off-trigger 0x0

---Simulation begins.
---Simulation complete.
l1-icache
 Metrics		      Total	      Instrn	       Data	       Read	      Write	       Misc
 -----------------	      ------	      ------	      ------	      ------	      ------	      ------
 Demand Fetches		  1999999998	  1999999998	           0	           0	           0	           0
  Fraction of total	      1.0000	      1.0000	      0.0000	      0.0000	      0.0000	      0.0000

 Demand Misses		         263	         263	           0	           0	           0	           0
  Demand miss rate	      0.0000	      0.0000	      0.0000	      0.0000	      0.0000	      0.0000

 Multi-block refs                 0
 Bytes From Memory	       16832
 ( / Demand Fetches)	      0.0000
 Bytes To Memory	           0
 ( / Demand Writes)	      0.0000
 Total Bytes r/w Mem	       16832
 ( / Demand Fetches)	      0.0000

l1-dcache
 Metrics		      Total	      Instrn	       Data	       Read	      Write	       Misc
 -----------------	      ------	      ------	      ------	      ------	      ------	      ------
 Demand Fetches		   619232456	           0	   619232456	   461175987	   158056469	           0
  Fraction of total	      1.0000	      0.0000	      1.0000	      0.7448	      0.2552	      0.0000

 Demand Misses		     9687226	           0	     9687226	     8789311	      897915	           0
  Demand miss rate	      0.0156	      0.0000	      0.0156	      0.0191	      0.0057	      0.0000

 Multi-block refs                 0
 Bytes From Memory	   619982464
 ( / Demand Fetches)	      1.0012
 Bytes To Memory	   110408192
 ( / Demand Writes)	      0.6985
 Total Bytes r/w Mem	   730390656
 ( / Demand Fetches)	      1.1795

l2-dcache
 Metrics		      Total	      Instrn	       Data	       Read	      Write	       Misc
 -----------------	      ------	      ------	      ------	      ------	      ------	      ------
 Demand Fetches		    11412354	           0	    11412354	     9687226	     1725128	           0
  Fraction of total	      1.0000	      0.0000	      1.0000	      0.8488	      0.1512	      0.0000

 Demand Misses		     8291242	           0	     8291242	     8140651	      150591	           0
  Demand miss rate	      0.7265	      0.0000	      0.7265	      0.8403	      0.0873	      0.0000

 Multi-block refs                 0
 Bytes From Memory	   521001664
 ( / Demand Fetches)	     45.6524
 Bytes To Memory	    94748096
 ( / Demand Writes)	     54.9224
 Total Bytes r/w Mem	   615749760
 ( / Demand Fetches)	     53.9547

l3-dcache
 Metrics		      Total	      Instrn	       Data	       Read	      Write	       Misc
 -----------------	      ------	      ------	      ------	      ------	      ------	      ------
 Demand Fetches		     9621090	           0	     9621090	     8140651	     1480439	           0
  Fraction of total	      1.0000	      0.0000	      1.0000	      0.8461	      0.1539	      0.0000

 Demand Misses		     6404459	           0	     6404459	     6393635	       10824	           0
  Demand miss rate	      0.6657	      0.0000	      0.6657	      0.7854	      0.0073	      0.0000

 Multi-block refs                 0
 Bytes From Memory	   409192640
 ( / Demand Fetches)	     42.5308
 Bytes To Memory	    86357184
 ( / Demand Writes)	     58.3321
 Total Bytes r/w Mem	   495549824
 ( / Demand Fetches)	     51.5066

---Execution complete.
