tracename wupwise_m2b
---Dinero IV cache simulator, version 7
---Written by Jan Edler and Mark D. Hill
---Copyright (C) 1997 NEC Research Institute, Inc. and Mark D. Hill.
---All rights reserved.
---Copyright (C) 1985, 1989 Mark D. Hill.  All rights reserved.
---See -copyright option for details

---Summary of options (-help option gives usage information).

-l1-isize 32768
-l1-dsize 32768
-l2-dsize 262144
-l3-dsize 33554432
-l1-ibsize 64
-l1-dbsize 64
-l2-dbsize 64
-l3-dbsize 64
-l1-isbsize 64
-l1-dsbsize 64
-l2-dsbsize 64
-l3-dsbsize 64
-l1-iassoc 8
-l1-dassoc 8
-l2-dassoc 8
-l3-dassoc 8
-l1-irepl l
-l1-drepl 2
-l2-drepl 2
-l3-drepl 2
-l1-ifetch d
-l1-dfetch d
-l2-dfetch d
-l3-dfetch d
-l1-dwalloc a
-l2-dwalloc a
-l3-dwalloc a
-l1-dwback a
-l2-dwback a
-l3-dwback a
-skipcount 0
-flushcount 0
-maxcount 0
-stat-interval 0
-informat s
-on-trigger 0x0
-off-trigger 0x0

---Simulation begins.
---Simulation complete.
l1-icache
 Metrics		      Total	      Instrn	       Data	       Read	      Write	       Misc
 -----------------	      ------	      ------	      ------	      ------	      ------	      ------
 Demand Fetches		  1999999998	  1999999998	           0	           0	           0	           0
  Fraction of total	      1.0000	      1.0000	      0.0000	      0.0000	      0.0000	      0.0000

 Demand Misses		         263	         263	           0	           0	           0	           0
  Demand miss rate	      0.0000	      0.0000	      0.0000	      0.0000	      0.0000	      0.0000

 Multi-block refs                 0
 Bytes From Memory	       16832
 ( / Demand Fetches)	      0.0000
 Bytes To Memory	           0
 ( / Demand Writes)	      0.0000
 Total Bytes r/w Mem	       16832
 ( / Demand Fetches)	      0.0000

l1-dcache
 Metrics		      Total	      Instrn	       Data	       Read	      Write	       Misc
 -----------------	      ------	      ------	      ------	      ------	      ------	      ------
 Demand Fetches		   619232456	           0	   619232456	   461175987	   158056469	           0
  Fraction of total	      1.0000	      0.0000	      1.0000	      0.7448	      0.2552	      0.0000

 Demand Misses		     8741618	           0	     8741618	     7973938	      767680	           0
  Demand miss rate	      0.0141	      0.0000	      0.0141	      0.0173	      0.0049	      0.0000

 Multi-block refs                 0
 Bytes From Memory	   559463552
 ( / Demand Fetches)	      0.9035
 Bytes To Memory	    94727296
 ( / Demand Writes)	      0.5993
 Total Bytes r/w Mem	   654190848
 ( / Demand Fetches)	      1.0565

l2-dcache
 Metrics		      Total	      Instrn	       Data	       Read	      Write	       Misc
 -----------------	      ------	      ------	      ------	      ------	      ------	      ------
 Demand Fetches		    10221732	           0	    10221732	     8741618	     1480114	           0
  Fraction of total	      1.0000	      0.0000	      1.0000	      0.8552	      0.1448	      0.0000

 Demand Misses		     8070320	           0	     8070320	     8047719	       22601	           0
  Demand miss rate	      0.7895	      0.0000	      0.7895	      0.9206	      0.0153	      0.0000

 Multi-block refs                 0
 Bytes From Memory	   515054016
 ( / Demand Fetches)	     50.3881
 Bytes To Memory	    93250624
 ( / Demand Writes)	     63.0023
 Total Bytes r/w Mem	   608304640
 ( / Demand Fetches)	     59.5109

l3-dcache
 Metrics		      Total	      Instrn	       Data	       Read	      Write	       Misc
 -----------------	      ------	      ------	      ------	      ------	      ------	      ------
 Demand Fetches		     9504760	           0	     9504760	     8047719	     1457041	           0
  Fraction of total	      1.0000	      0.0000	      1.0000	      0.8467	      0.1533	      0.0000

 Demand Misses		     5775622	           0	     5775622	     5775596	          26	           0
  Demand miss rate	      0.6077	      0.0000	      0.6077	      0.7177	      0.0000	      0.0000

 Multi-block refs                 0
 Bytes From Memory	   369638144
 ( / Demand Fetches)	     38.8898
 Bytes To Memory	    75076480
 ( / Demand Writes)	     51.5267
 Total Bytes r/w Mem	   444714624
 ( / Demand Fetches)	     46.7886

---Execution complete.
