tracename wupwise_m2b
---Dinero IV cache simulator, version 7
---Written by Jan Edler and Mark D. Hill
---Copyright (C) 1997 NEC Research Institute, Inc. and Mark D. Hill.
---All rights reserved.
---Copyright (C) 1985, 1989 Mark D. Hill.  All rights reserved.
---See -copyright option for details

---Summary of options (-help option gives usage information).

-l1-isize 32768
-l1-dsize 32768
-l2-dsize 262144
-l3-dsize 4194304
-l1-ibsize 64
-l1-dbsize 64
-l2-dbsize 64
-l3-dbsize 64
-l1-isbsize 64
-l1-dsbsize 64
-l2-dsbsize 64
-l3-dsbsize 64
-l1-iassoc 8
-l1-dassoc 8
-l2-dassoc 8
-l3-dassoc 8
-l1-irepl l
-l1-drepl r
-l2-drepl r
-l3-drepl r
-l1-ifetch d
-l1-dfetch d
-l2-dfetch d
-l3-dfetch d
-l1-dwalloc a
-l2-dwalloc a
-l3-dwalloc a
-l1-dwback a
-l2-dwback a
-l3-dwback a
-skipcount 0
-flushcount 0
-maxcount 0
-stat-interval 0
-informat s
-on-trigger 0x0
-off-trigger 0x0

---Simulation begins.
---Simulation complete.
l1-icache
 Metrics		      Total	      Instrn	       Data	       Read	      Write	       Misc
 -----------------	      ------	      ------	      ------	      ------	      ------	      ------
 Demand Fetches		  1999999998	  1999999998	           0	           0	           0	           0
  Fraction of total	      1.0000	      1.0000	      0.0000	      0.0000	      0.0000	      0.0000

 Demand Misses		         263	         263	           0	           0	           0	           0
  Demand miss rate	      0.0000	      0.0000	      0.0000	      0.0000	      0.0000	      0.0000

 Multi-block refs                 0
 Bytes From Memory	       16832
 ( / Demand Fetches)	      0.0000
 Bytes To Memory	           0
 ( / Demand Writes)	      0.0000
 Total Bytes r/w Mem	       16832
 ( / Demand Fetches)	      0.0000

l1-dcache
 Metrics		      Total	      Instrn	       Data	       Read	      Write	       Misc
 -----------------	      ------	      ------	      ------	      ------	      ------	      ------
 Demand Fetches		   619232456	           0	   619232456	   461175987	   158056469	           0
  Fraction of total	      1.0000	      0.0000	      1.0000	      0.7448	      0.2552	      0.0000

 Demand Misses		     9689081	           0	     9689081	     8790557	      898524	           0
  Demand miss rate	      0.0156	      0.0000	      0.0156	      0.0191	      0.0057	      0.0000

 Multi-block refs                 0
 Bytes From Memory	   620101184
 ( / Demand Fetches)	      1.0014
 Bytes To Memory	   110478080
 ( / Demand Writes)	      0.6990
 Total Bytes r/w Mem	   730579264
 ( / Demand Fetches)	      1.1798

l2-dcache
 Metrics		      Total	      Instrn	       Data	       Read	      Write	       Misc
 -----------------	      ------	      ------	      ------	      ------	      ------	      ------
 Demand Fetches		    11415301	           0	    11415301	     9689081	     1726220	           0
  Fraction of total	      1.0000	      0.0000	      1.0000	      0.8488	      0.1512	      0.0000

 Demand Misses		     8291760	           0	     8291760	     8140895	      150865	           0
  Demand miss rate	      0.7264	      0.0000	      0.7264	      0.8402	      0.0874	      0.0000

 Multi-block refs                 0
 Bytes From Memory	   521017280
 ( / Demand Fetches)	     45.6420
 Bytes To Memory	    94751104
 ( / Demand Writes)	     54.8894
 Total Bytes r/w Mem	   615768384
 ( / Demand Fetches)	     53.9424

l3-dcache
 Metrics		      Total	      Instrn	       Data	       Read	      Write	       Misc
 -----------------	      ------	      ------	      ------	      ------	      ------	      ------
 Demand Fetches		     9621381	           0	     9621381	     8140895	     1480486	           0
  Fraction of total	      1.0000	      0.0000	      1.0000	      0.8461	      0.1539	      0.0000

 Demand Misses		     7198552	           0	     7198552	     7152220	       46332	           0
  Demand miss rate	      0.7482	      0.0000	      0.7482	      0.8786	      0.0313	      0.0000

 Multi-block refs                 0
 Bytes From Memory	   457742080
 ( / Demand Fetches)	     47.5755
 Bytes To Memory	    92864064
 ( / Demand Writes)	     62.7254
 Total Bytes r/w Mem	   550606144
 ( / Demand Fetches)	     57.2274

---Execution complete.
