tracename wupwise_m2b
---Dinero IV cache simulator, version 7
---Written by Jan Edler and Mark D. Hill
---Copyright (C) 1997 NEC Research Institute, Inc. and Mark D. Hill.
---All rights reserved.
---Copyright (C) 1985, 1989 Mark D. Hill.  All rights reserved.
---See -copyright option for details

---Summary of options (-help option gives usage information).

-l1-isize 32768
-l1-dsize 32768
-l2-dsize 262144
-l3-dsize 262144
-l1-ibsize 64
-l1-dbsize 64
-l2-dbsize 64
-l3-dbsize 64
-l1-isbsize 64
-l1-dsbsize 64
-l2-dsbsize 64
-l3-dsbsize 64
-l1-iassoc 8
-l1-dassoc 8
-l2-dassoc 8
-l3-dassoc 8
-l1-irepl l
-l1-drepl c
-l2-drepl c
-l3-drepl c
-l1-ifetch d
-l1-dfetch d
-l2-dfetch d
-l3-dfetch d
-l1-dwalloc a
-l2-dwalloc a
-l3-dwalloc a
-l1-dwback a
-l2-dwback a
-l3-dwback a
-skipcount 0
-flushcount 0
-maxcount 0
-stat-interval 0
-informat s
-on-trigger 0x0
-off-trigger 0x0

---Simulation begins.
---Simulation complete.
l1-icache
 Metrics		      Total	      Instrn	       Data	       Read	      Write	       Misc
 -----------------	      ------	      ------	      ------	      ------	      ------	      ------
 Demand Fetches		  1999999998	  1999999998	           0	           0	           0	           0
  Fraction of total	      1.0000	      1.0000	      0.0000	      0.0000	      0.0000	      0.0000

 Demand Misses		         263	         263	           0	           0	           0	           0
  Demand miss rate	      0.0000	      0.0000	      0.0000	      0.0000	      0.0000	      0.0000

 Multi-block refs                 0
 Bytes From Memory	       16832
 ( / Demand Fetches)	      0.0000
 Bytes To Memory	           0
 ( / Demand Writes)	      0.0000
 Total Bytes r/w Mem	       16832
 ( / Demand Fetches)	      0.0000

l1-dcache
 Metrics		      Total	      Instrn	       Data	       Read	      Write	       Misc
 -----------------	      ------	      ------	      ------	      ------	      ------	      ------
 Demand Fetches		   619232456	           0	   619232456	   461175987	   158056469	           0
  Fraction of total	      1.0000	      0.0000	      1.0000	      0.7448	      0.2552	      0.0000

 Demand Misses		     8927347	           0	     8927347	     8130043	      797304	           0
  Demand miss rate	      0.0144	      0.0000	      0.0144	      0.0176	      0.0050	      0.0000

 Multi-block refs                 0
 Bytes From Memory	   571350208
 ( / Demand Fetches)	      0.9227
 Bytes To Memory	    98320000
 ( / Demand Writes)	      0.6221
 Total Bytes r/w Mem	   669670208
 ( / Demand Fetches)	      1.0815

l2-dcache
 Metrics		      Total	      Instrn	       Data	       Read	      Write	       Misc
 -----------------	      ------	      ------	      ------	      ------	      ------	      ------
 Demand Fetches		    10463597	           0	    10463597	     8927347	     1536250	           0
  Fraction of total	      1.0000	      0.0000	      1.0000	      0.8532	      0.1468	      0.0000

 Demand Misses		     8094815	           0	     8094815	     8041572	       53243	           0
  Demand miss rate	      0.7736	      0.0000	      0.7736	      0.9008	      0.0347	      0.0000

 Multi-block refs                 0
 Bytes From Memory	   514660608
 ( / Demand Fetches)	     49.1858
 Bytes To Memory	    93791616
 ( / Demand Writes)	     61.0523
 Total Bytes r/w Mem	   608452224
 ( / Demand Fetches)	     58.1494

l3-dcache
 Metrics		      Total	      Instrn	       Data	       Read	      Write	       Misc
 -----------------	      ------	      ------	      ------	      ------	      ------	      ------
 Demand Fetches		     9507066	           0	     9507066	     8041572	     1465494	           0
  Fraction of total	      1.0000	      0.0000	      1.0000	      0.8459	      0.1541	      0.0000

 Demand Misses		     8793036	           0	     8793036	     7822381	      970655	           0
  Demand miss rate	      0.9249	      0.0000	      0.9249	      0.9727	      0.6623	      0.0000

 Multi-block refs                 0
 Bytes From Memory	   500632384
 ( / Demand Fetches)	     52.6590
 Bytes To Memory	    93557312
 ( / Demand Writes)	     63.8401
 Total Bytes r/w Mem	   594189696
 ( / Demand Fetches)	     62.4998

---Execution complete.
