tracename wupwise_m2b
---Dinero IV cache simulator, version 7
---Written by Jan Edler and Mark D. Hill
---Copyright (C) 1997 NEC Research Institute, Inc. and Mark D. Hill.
---All rights reserved.
---Copyright (C) 1985, 1989 Mark D. Hill.  All rights reserved.
---See -copyright option for details

---Summary of options (-help option gives usage information).

-l1-isize 32768
-l1-dsize 32768
-l2-dsize 262144
-l3-dsize 33554432
-l1-ibsize 64
-l1-dbsize 64
-l2-dbsize 64
-l3-dbsize 64
-l1-isbsize 64
-l1-dsbsize 64
-l2-dsbsize 64
-l3-dsbsize 64
-l1-iassoc 8
-l1-dassoc 8
-l2-dassoc 8
-l3-dassoc 8
-l1-irepl l
-l1-drepl b
-l2-drepl b
-l3-drepl b
-l1-ifetch d
-l1-dfetch d
-l2-dfetch d
-l3-dfetch d
-l1-dwalloc a
-l2-dwalloc a
-l3-dwalloc a
-l1-dwback a
-l2-dwback a
-l3-dwback a
-skipcount 0
-flushcount 0
-maxcount 0
-stat-interval 0
-informat s
-on-trigger 0x0
-off-trigger 0x0

---Simulation begins.
---Simulation complete.
l1-icache
 Metrics		      Total	      Instrn	       Data	       Read	      Write	       Misc
 -----------------	      ------	      ------	      ------	      ------	      ------	      ------
 Demand Fetches		  1999999998	  1999999998	           0	           0	           0	           0
  Fraction of total	      1.0000	      1.0000	      0.0000	      0.0000	      0.0000	      0.0000

 Demand Misses		         263	         263	           0	           0	           0	           0
  Demand miss rate	      0.0000	      0.0000	      0.0000	      0.0000	      0.0000	      0.0000

 Multi-block refs                 0
 Bytes From Memory	       16832
 ( / Demand Fetches)	      0.0000
 Bytes To Memory	           0
 ( / Demand Writes)	      0.0000
 Total Bytes r/w Mem	       16832
 ( / Demand Fetches)	      0.0000

l1-dcache
 Metrics		      Total	      Instrn	       Data	       Read	      Write	       Misc
 -----------------	      ------	      ------	      ------	      ------	      ------	      ------
 Demand Fetches		   619232456	           0	   619232456	   461175987	   158056469	           0
  Fraction of total	      1.0000	      0.0000	      1.0000	      0.7448	      0.2552	      0.0000

 Demand Misses		     9092470	           0	     9092470	     8276249	      816221	           0
  Demand miss rate	      0.0147	      0.0000	      0.0147	      0.0179	      0.0052	      0.0000

 Multi-block refs                 0
 Bytes From Memory	   581918080
 ( / Demand Fetches)	      0.9397
 Bytes To Memory	   100635072
 ( / Demand Writes)	      0.6367
 Total Bytes r/w Mem	   682553152
 ( / Demand Fetches)	      1.1023

l2-dcache
 Metrics		      Total	      Instrn	       Data	       Read	      Write	       Misc
 -----------------	      ------	      ------	      ------	      ------	      ------	      ------
 Demand Fetches		    10664893	           0	    10664893	     9092470	     1572423	           0
  Fraction of total	      1.0000	      0.0000	      1.0000	      0.8526	      0.1474	      0.0000

 Demand Misses		     8140006	           0	     8140006	     8064413	       75593	           0
  Demand miss rate	      0.7633	      0.0000	      0.7633	      0.8869	      0.0481	      0.0000

 Multi-block refs                 0
 Bytes From Memory	   516122432
 ( / Demand Fetches)	     48.3945
 Bytes To Memory	    93947776
 ( / Demand Writes)	     59.7471
 Total Bytes r/w Mem	   610070208
 ( / Demand Fetches)	     57.2036

l3-dcache
 Metrics		      Total	      Instrn	       Data	       Read	      Write	       Misc
 -----------------	      ------	      ------	      ------	      ------	      ------	      ------
 Demand Fetches		     9532347	           0	     9532347	     8064413	     1467934	           0
  Fraction of total	      1.0000	      0.0000	      1.0000	      0.8460	      0.1540	      0.0000

 Demand Misses		     5783624	           0	     5783624	     5781242	        2382	           0
  Demand miss rate	      0.6067	      0.0000	      0.6067	      0.7169	      0.0016	      0.0000

 Multi-block refs                 0
 Bytes From Memory	   369999488
 ( / Demand Fetches)	     38.8152
 Bytes To Memory	    76113344
 ( / Demand Writes)	     51.8507
 Total Bytes r/w Mem	   446112832
 ( / Demand Fetches)	     46.7999

---Execution complete.
