tracename wupwise_m2b
---Dinero IV cache simulator, version 7
---Written by Jan Edler and Mark D. Hill
---Copyright (C) 1997 NEC Research Institute, Inc. and Mark D. Hill.
---All rights reserved.
---Copyright (C) 1985, 1989 Mark D. Hill.  All rights reserved.
---See -copyright option for details

---Summary of options (-help option gives usage information).

-l1-isize 32768
-l1-dsize 32768
-l2-dsize 262144
-l3-dsize 1048576
-l1-ibsize 64
-l1-dbsize 64
-l2-dbsize 64
-l3-dbsize 64
-l1-isbsize 64
-l1-dsbsize 64
-l2-dsbsize 64
-l3-dsbsize 64
-l1-iassoc 8
-l1-dassoc 8
-l2-dassoc 8
-l3-dassoc 8
-l1-irepl l
-l1-drepl r
-l2-drepl r
-l3-drepl r
-l1-ifetch d
-l1-dfetch d
-l2-dfetch d
-l3-dfetch d
-l1-dwalloc a
-l2-dwalloc a
-l3-dwalloc a
-l1-dwback a
-l2-dwback a
-l3-dwback a
-skipcount 0
-flushcount 0
-maxcount 0
-stat-interval 0
-informat s
-on-trigger 0x0
-off-trigger 0x0

---Simulation begins.
---Simulation complete.
l1-icache
 Metrics		      Total	      Instrn	       Data	       Read	      Write	       Misc
 -----------------	      ------	      ------	      ------	      ------	      ------	      ------
 Demand Fetches		  1999999998	  1999999998	           0	           0	           0	           0
  Fraction of total	      1.0000	      1.0000	      0.0000	      0.0000	      0.0000	      0.0000

 Demand Misses		         263	         263	           0	           0	           0	           0
  Demand miss rate	      0.0000	      0.0000	      0.0000	      0.0000	      0.0000	      0.0000

 Multi-block refs                 0
 Bytes From Memory	       16832
 ( / Demand Fetches)	      0.0000
 Bytes To Memory	           0
 ( / Demand Writes)	      0.0000
 Total Bytes r/w Mem	       16832
 ( / Demand Fetches)	      0.0000

l1-dcache
 Metrics		      Total	      Instrn	       Data	       Read	      Write	       Misc
 -----------------	      ------	      ------	      ------	      ------	      ------	      ------
 Demand Fetches		   619232456	           0	   619232456	   461175987	   158056469	           0
  Fraction of total	      1.0000	      0.0000	      1.0000	      0.7448	      0.2552	      0.0000

 Demand Misses		     9689996	           0	     9689996	     8791872	      898124	           0
  Demand miss rate	      0.0156	      0.0000	      0.0156	      0.0191	      0.0057	      0.0000

 Multi-block refs                 0
 Bytes From Memory	   620159744
 ( / Demand Fetches)	      1.0015
 Bytes To Memory	   110415872
 ( / Demand Writes)	      0.6986
 Total Bytes r/w Mem	   730575616
 ( / Demand Fetches)	      1.1798

l2-dcache
 Metrics		      Total	      Instrn	       Data	       Read	      Write	       Misc
 -----------------	      ------	      ------	      ------	      ------	      ------	      ------
 Demand Fetches		    11415244	           0	    11415244	     9689996	     1725248	           0
  Fraction of total	      1.0000	      0.0000	      1.0000	      0.8489	      0.1511	      0.0000

 Demand Misses		     8294220	           0	     8294220	     8142737	      151483	           0
  Demand miss rate	      0.7266	      0.0000	      0.7266	      0.8403	      0.0878	      0.0000

 Multi-block refs                 0
 Bytes From Memory	   521135168
 ( / Demand Fetches)	     45.6526
 Bytes To Memory	    94750656
 ( / Demand Writes)	     54.9200
 Total Bytes r/w Mem	   615885824
 ( / Demand Fetches)	     53.9529

l3-dcache
 Metrics		      Total	      Instrn	       Data	       Read	      Write	       Misc
 -----------------	      ------	      ------	      ------	      ------	      ------	      ------
 Demand Fetches		     9623216	           0	     9623216	     8142737	     1480479	           0
  Fraction of total	      1.0000	      0.0000	      1.0000	      0.8462	      0.1538	      0.0000

 Demand Misses		     7871595	           0	     7871595	     7568698	      302897	           0
  Demand miss rate	      0.8180	      0.0000	      0.8180	      0.9295	      0.2046	      0.0000

 Multi-block refs                 0
 Bytes From Memory	   484396672
 ( / Demand Fetches)	     50.3363
 Bytes To Memory	    93222592
 ( / Demand Writes)	     62.9679
 Total Bytes r/w Mem	   577619264
 ( / Demand Fetches)	     60.0235

---Execution complete.
