tracename wupwise_m2b
---Dinero IV cache simulator, version 7
---Written by Jan Edler and Mark D. Hill
---Copyright (C) 1997 NEC Research Institute, Inc. and Mark D. Hill.
---All rights reserved.
---Copyright (C) 1985, 1989 Mark D. Hill.  All rights reserved.
---See -copyright option for details

---Summary of options (-help option gives usage information).

-l1-isize 32768
-l1-dsize 32768
-l2-dsize 262144
-l3-dsize 16777216
-l1-ibsize 64
-l1-dbsize 64
-l2-dbsize 64
-l3-dbsize 64
-l1-isbsize 64
-l1-dsbsize 64
-l2-dsbsize 64
-l3-dsbsize 64
-l1-iassoc 8
-l1-dassoc 8
-l2-dassoc 8
-l3-dassoc 8
-l1-irepl l
-l1-drepl c
-l2-drepl c
-l3-drepl c
-l1-ifetch d
-l1-dfetch d
-l2-dfetch d
-l3-dfetch d
-l1-dwalloc a
-l2-dwalloc a
-l3-dwalloc a
-l1-dwback a
-l2-dwback a
-l3-dwback a
-skipcount 0
-flushcount 0
-maxcount 0
-stat-interval 0
-informat s
-on-trigger 0x0
-off-trigger 0x0

---Simulation begins.
---Simulation complete.
l1-icache
 Metrics		      Total	      Instrn	       Data	       Read	      Write	       Misc
 -----------------	      ------	      ------	      ------	      ------	      ------	      ------
 Demand Fetches		  1999999998	  1999999998	           0	           0	           0	           0
  Fraction of total	      1.0000	      1.0000	      0.0000	      0.0000	      0.0000	      0.0000

 Demand Misses		         263	         263	           0	           0	           0	           0
  Demand miss rate	      0.0000	      0.0000	      0.0000	      0.0000	      0.0000	      0.0000

 Multi-block refs                 0
 Bytes From Memory	       16832
 ( / Demand Fetches)	      0.0000
 Bytes To Memory	           0
 ( / Demand Writes)	      0.0000
 Total Bytes r/w Mem	       16832
 ( / Demand Fetches)	      0.0000

l1-dcache
 Metrics		      Total	      Instrn	       Data	       Read	      Write	       Misc
 -----------------	      ------	      ------	      ------	      ------	      ------	      ------
 Demand Fetches		   619232456	           0	   619232456	   461175987	   158056469	           0
  Fraction of total	      1.0000	      0.0000	      1.0000	      0.7448	      0.2552	      0.0000

 Demand Misses		     8927404	           0	     8927404	     8130137	      797267	           0
  Demand miss rate	      0.0144	      0.0000	      0.0144	      0.0176	      0.0050	      0.0000

 Multi-block refs                 0
 Bytes From Memory	   571353856
 ( / Demand Fetches)	      0.9227
 Bytes To Memory	    98320512
 ( / Demand Writes)	      0.6221
 Total Bytes r/w Mem	   669674368
 ( / Demand Fetches)	      1.0815

l2-dcache
 Metrics		      Total	      Instrn	       Data	       Read	      Write	       Misc
 -----------------	      ------	      ------	      ------	      ------	      ------	      ------
 Demand Fetches		    10463662	           0	    10463662	     8927404	     1536258	           0
  Fraction of total	      1.0000	      0.0000	      1.0000	      0.8532	      0.1468	      0.0000

 Demand Misses		     8094846	           0	     8094846	     8041327	       53519	           0
  Demand miss rate	      0.7736	      0.0000	      0.7736	      0.9007	      0.0348	      0.0000

 Multi-block refs                 0
 Bytes From Memory	   514644928
 ( / Demand Fetches)	     49.1840
 Bytes To Memory	    93792384
 ( / Demand Writes)	     61.0525
 Total Bytes r/w Mem	   608437312
 ( / Demand Fetches)	     58.1476

l3-dcache
 Metrics		      Total	      Instrn	       Data	       Read	      Write	       Misc
 -----------------	      ------	      ------	      ------	      ------	      ------	      ------
 Demand Fetches		     9506833	           0	     9506833	     8041327	     1465506	           0
  Fraction of total	      1.0000	      0.0000	      1.0000	      0.8458	      0.1542	      0.0000

 Demand Misses		     6352923	           0	     6352923	     6350446	        2477	           0
  Demand miss rate	      0.6682	      0.0000	      0.6682	      0.7897	      0.0017	      0.0000

 Multi-block refs                 0
 Bytes From Memory	   406428544
 ( / Demand Fetches)	     42.7512
 Bytes To Memory	    87860608
 ( / Demand Writes)	     59.9524
 Total Bytes r/w Mem	   494289152
 ( / Demand Fetches)	     51.9930

---Execution complete.
