tracename wupwise_m2b
---Dinero IV cache simulator, version 7
---Written by Jan Edler and Mark D. Hill
---Copyright (C) 1997 NEC Research Institute, Inc. and Mark D. Hill.
---All rights reserved.
---Copyright (C) 1985, 1989 Mark D. Hill.  All rights reserved.
---See -copyright option for details

---Summary of options (-help option gives usage information).

-l1-isize 32768
-l1-dsize 32768
-l2-dsize 262144
-l3-dsize 524288
-l1-ibsize 64
-l1-dbsize 64
-l2-dbsize 64
-l3-dbsize 64
-l1-isbsize 64
-l1-dsbsize 64
-l2-dsbsize 64
-l3-dsbsize 64
-l1-iassoc 8
-l1-dassoc 8
-l2-dassoc 8
-l3-dassoc 8
-l1-irepl l
-l1-drepl c
-l2-drepl c
-l3-drepl c
-l1-ifetch d
-l1-dfetch d
-l2-dfetch d
-l3-dfetch d
-l1-dwalloc a
-l2-dwalloc a
-l3-dwalloc a
-l1-dwback a
-l2-dwback a
-l3-dwback a
-skipcount 0
-flushcount 0
-maxcount 0
-stat-interval 0
-informat s
-on-trigger 0x0
-off-trigger 0x0

---Simulation begins.
---Simulation complete.
l1-icache
 Metrics		      Total	      Instrn	       Data	       Read	      Write	       Misc
 -----------------	      ------	      ------	      ------	      ------	      ------	      ------
 Demand Fetches		  1999999998	  1999999998	           0	           0	           0	           0
  Fraction of total	      1.0000	      1.0000	      0.0000	      0.0000	      0.0000	      0.0000

 Demand Misses		         263	         263	           0	           0	           0	           0
  Demand miss rate	      0.0000	      0.0000	      0.0000	      0.0000	      0.0000	      0.0000

 Multi-block refs                 0
 Bytes From Memory	       16832
 ( / Demand Fetches)	      0.0000
 Bytes To Memory	           0
 ( / Demand Writes)	      0.0000
 Total Bytes r/w Mem	       16832
 ( / Demand Fetches)	      0.0000

l1-dcache
 Metrics		      Total	      Instrn	       Data	       Read	      Write	       Misc
 -----------------	      ------	      ------	      ------	      ------	      ------	      ------
 Demand Fetches		   619232456	           0	   619232456	   461175987	   158056469	           0
  Fraction of total	      1.0000	      0.0000	      1.0000	      0.7448	      0.2552	      0.0000

 Demand Misses		     8926212	           0	     8926212	     8129292	      796920	           0
  Demand miss rate	      0.0144	      0.0000	      0.0144	      0.0176	      0.0050	      0.0000

 Multi-block refs                 0
 Bytes From Memory	   571277568
 ( / Demand Fetches)	      0.9226
 Bytes To Memory	    98300224
 ( / Demand Writes)	      0.6219
 Total Bytes r/w Mem	   669577792
 ( / Demand Fetches)	      1.0813

l2-dcache
 Metrics		      Total	      Instrn	       Data	       Read	      Write	       Misc
 -----------------	      ------	      ------	      ------	      ------	      ------	      ------
 Demand Fetches		    10462153	           0	    10462153	     8926212	     1535941	           0
  Fraction of total	      1.0000	      0.0000	      1.0000	      0.8532	      0.1468	      0.0000

 Demand Misses		     8094710	           0	     8094710	     8041230	       53480	           0
  Demand miss rate	      0.7737	      0.0000	      0.7737	      0.9009	      0.0348	      0.0000

 Multi-block refs                 0
 Bytes From Memory	   514638720
 ( / Demand Fetches)	     49.1905
 Bytes To Memory	    93789568
 ( / Demand Writes)	     61.0633
 Total Bytes r/w Mem	   608428288
 ( / Demand Fetches)	     58.1552

l3-dcache
 Metrics		      Total	      Instrn	       Data	       Read	      Write	       Misc
 -----------------	      ------	      ------	      ------	      ------	      ------	      ------
 Demand Fetches		     9506692	           0	     9506692	     8041230	     1465462	           0
  Fraction of total	      1.0000	      0.0000	      1.0000	      0.8458	      0.1542	      0.0000

 Demand Misses		     8017422	           0	     8017422	     7605057	      412365	           0
  Demand miss rate	      0.8433	      0.0000	      0.8433	      0.9458	      0.2814	      0.0000

 Multi-block refs                 0
 Bytes From Memory	   486723648
 ( / Demand Fetches)	     51.1980
 Bytes To Memory	    93280384
 ( / Demand Writes)	     63.6525
 Total Bytes r/w Mem	   580004032
 ( / Demand Fetches)	     61.0101

---Execution complete.
