tracename wupwise_m2b
---Dinero IV cache simulator, version 7
---Written by Jan Edler and Mark D. Hill
---Copyright (C) 1997 NEC Research Institute, Inc. and Mark D. Hill.
---All rights reserved.
---Copyright (C) 1985, 1989 Mark D. Hill.  All rights reserved.
---See -copyright option for details

---Summary of options (-help option gives usage information).

-l1-isize 32768
-l1-dsize 32768
-l2-dsize 262144
-l3-dsize 8388608
-l1-ibsize 64
-l1-dbsize 64
-l2-dbsize 64
-l3-dbsize 64
-l1-isbsize 64
-l1-dsbsize 64
-l2-dsbsize 64
-l3-dsbsize 64
-l1-iassoc 8
-l1-dassoc 8
-l2-dassoc 8
-l3-dassoc 8
-l1-irepl l
-l1-drepl r
-l2-drepl r
-l3-drepl r
-l1-ifetch d
-l1-dfetch d
-l2-dfetch d
-l3-dfetch d
-l1-dwalloc a
-l2-dwalloc a
-l3-dwalloc a
-l1-dwback a
-l2-dwback a
-l3-dwback a
-skipcount 0
-flushcount 0
-maxcount 0
-stat-interval 0
-informat s
-on-trigger 0x0
-off-trigger 0x0

---Simulation begins.
---Simulation complete.
l1-icache
 Metrics		      Total	      Instrn	       Data	       Read	      Write	       Misc
 -----------------	      ------	      ------	      ------	      ------	      ------	      ------
 Demand Fetches		  1999999998	  1999999998	           0	           0	           0	           0
  Fraction of total	      1.0000	      1.0000	      0.0000	      0.0000	      0.0000	      0.0000

 Demand Misses		         263	         263	           0	           0	           0	           0
  Demand miss rate	      0.0000	      0.0000	      0.0000	      0.0000	      0.0000	      0.0000

 Multi-block refs                 0
 Bytes From Memory	       16832
 ( / Demand Fetches)	      0.0000
 Bytes To Memory	           0
 ( / Demand Writes)	      0.0000
 Total Bytes r/w Mem	       16832
 ( / Demand Fetches)	      0.0000

l1-dcache
 Metrics		      Total	      Instrn	       Data	       Read	      Write	       Misc
 -----------------	      ------	      ------	      ------	      ------	      ------	      ------
 Demand Fetches		   619232456	           0	   619232456	   461175987	   158056469	           0
  Fraction of total	      1.0000	      0.0000	      1.0000	      0.7448	      0.2552	      0.0000

 Demand Misses		     9688528	           0	     9688528	     8790645	      897883	           0
  Demand miss rate	      0.0156	      0.0000	      0.0156	      0.0191	      0.0057	      0.0000

 Multi-block refs                 0
 Bytes From Memory	   620065792
 ( / Demand Fetches)	      1.0013
 Bytes To Memory	   110393536
 ( / Demand Writes)	      0.6984
 Total Bytes r/w Mem	   730459328
 ( / Demand Fetches)	      1.1796

l2-dcache
 Metrics		      Total	      Instrn	       Data	       Read	      Write	       Misc
 -----------------	      ------	      ------	      ------	      ------	      ------	      ------
 Demand Fetches		    11413427	           0	    11413427	     9688528	     1724899	           0
  Fraction of total	      1.0000	      0.0000	      1.0000	      0.8489	      0.1511	      0.0000

 Demand Misses		     8292004	           0	     8292004	     8141118	      150886	           0
  Demand miss rate	      0.7265	      0.0000	      0.7265	      0.8403	      0.0875	      0.0000

 Multi-block refs                 0
 Bytes From Memory	   521031552
 ( / Demand Fetches)	     45.6508
 Bytes To Memory	    94734144
 ( / Demand Writes)	     54.9216
 Total Bytes r/w Mem	   615765696
 ( / Demand Fetches)	     53.9510

l3-dcache
 Metrics		      Total	      Instrn	       Data	       Read	      Write	       Misc
 -----------------	      ------	      ------	      ------	      ------	      ------	      ------
 Demand Fetches		     9621339	           0	     9621339	     8141118	     1480221	           0
  Fraction of total	      1.0000	      0.0000	      1.0000	      0.8462	      0.1538	      0.0000

 Demand Misses		     6795395	           0	     6795395	     6774455	       20940	           0
  Demand miss rate	      0.7063	      0.0000	      0.7063	      0.8321	      0.0141	      0.0000

 Multi-block refs                 0
 Bytes From Memory	   433565120
 ( / Demand Fetches)	     45.0629
 Bytes To Memory	    91592128
 ( / Demand Writes)	     61.8773
 Total Bytes r/w Mem	   525157248
 ( / Demand Fetches)	     54.5826

---Execution complete.
