tracename wupwise_m2b
---Dinero IV cache simulator, version 7
---Written by Jan Edler and Mark D. Hill
---Copyright (C) 1997 NEC Research Institute, Inc. and Mark D. Hill.
---All rights reserved.
---Copyright (C) 1985, 1989 Mark D. Hill.  All rights reserved.
---See -copyright option for details

---Summary of options (-help option gives usage information).

-l1-isize 32768
-l1-dsize 32768
-l2-dsize 262144
-l3-dsize 2097152
-l1-ibsize 64
-l1-dbsize 64
-l2-dbsize 64
-l3-dbsize 64
-l1-isbsize 64
-l1-dsbsize 64
-l2-dsbsize 64
-l3-dsbsize 64
-l1-iassoc 8
-l1-dassoc 8
-l2-dassoc 8
-l3-dassoc 8
-l1-irepl l
-l1-drepl r
-l2-drepl r
-l3-drepl r
-l1-ifetch d
-l1-dfetch d
-l2-dfetch d
-l3-dfetch d
-l1-dwalloc a
-l2-dwalloc a
-l3-dwalloc a
-l1-dwback a
-l2-dwback a
-l3-dwback a
-skipcount 0
-flushcount 0
-maxcount 0
-stat-interval 0
-informat s
-on-trigger 0x0
-off-trigger 0x0

---Simulation begins.
---Simulation complete.
l1-icache
 Metrics		      Total	      Instrn	       Data	       Read	      Write	       Misc
 -----------------	      ------	      ------	      ------	      ------	      ------	      ------
 Demand Fetches		  1999999998	  1999999998	           0	           0	           0	           0
  Fraction of total	      1.0000	      1.0000	      0.0000	      0.0000	      0.0000	      0.0000

 Demand Misses		         263	         263	           0	           0	           0	           0
  Demand miss rate	      0.0000	      0.0000	      0.0000	      0.0000	      0.0000	      0.0000

 Multi-block refs                 0
 Bytes From Memory	       16832
 ( / Demand Fetches)	      0.0000
 Bytes To Memory	           0
 ( / Demand Writes)	      0.0000
 Total Bytes r/w Mem	       16832
 ( / Demand Fetches)	      0.0000

l1-dcache
 Metrics		      Total	      Instrn	       Data	       Read	      Write	       Misc
 -----------------	      ------	      ------	      ------	      ------	      ------	      ------
 Demand Fetches		   619232456	           0	   619232456	   461175987	   158056469	           0
  Fraction of total	      1.0000	      0.0000	      1.0000	      0.7448	      0.2552	      0.0000

 Demand Misses		     9690013	           0	     9690013	     8791392	      898621	           0
  Demand miss rate	      0.0156	      0.0000	      0.0156	      0.0191	      0.0057	      0.0000

 Multi-block refs                 0
 Bytes From Memory	   620160832
 ( / Demand Fetches)	      1.0015
 Bytes To Memory	   110469312
 ( / Demand Writes)	      0.6989
 Total Bytes r/w Mem	   730630144
 ( / Demand Fetches)	      1.1799

l2-dcache
 Metrics		      Total	      Instrn	       Data	       Read	      Write	       Misc
 -----------------	      ------	      ------	      ------	      ------	      ------	      ------
 Demand Fetches		    11416096	           0	    11416096	     9690013	     1726083	           0
  Fraction of total	      1.0000	      0.0000	      1.0000	      0.8488	      0.1512	      0.0000

 Demand Misses		     8292249	           0	     8292249	     8141326	      150923	           0
  Demand miss rate	      0.7264	      0.0000	      0.7264	      0.8402	      0.0874	      0.0000

 Multi-block refs                 0
 Bytes From Memory	   521044864
 ( / Demand Fetches)	     45.6412
 Bytes To Memory	    94751232
 ( / Demand Writes)	     54.8938
 Total Bytes r/w Mem	   615796096
 ( / Demand Fetches)	     53.9410

l3-dcache
 Metrics		      Total	      Instrn	       Data	       Read	      Write	       Misc
 -----------------	      ------	      ------	      ------	      ------	      ------	      ------
 Demand Fetches		     9621814	           0	     9621814	     8141326	     1480488	           0
  Fraction of total	      1.0000	      0.0000	      1.0000	      0.8461	      0.1539	      0.0000

 Demand Misses		     7553336	           0	     7553336	     7416476	      136860	           0
  Demand miss rate	      0.7850	      0.0000	      0.7850	      0.9110	      0.0924	      0.0000

 Multi-block refs                 0
 Bytes From Memory	   474654464
 ( / Demand Fetches)	     49.3311
 Bytes To Memory	    93030144
 ( / Demand Writes)	     62.8375
 Total Bytes r/w Mem	   567684608
 ( / Demand Fetches)	     58.9997

---Execution complete.
