tracename wupwise_m2b
---Dinero IV cache simulator, version 7
---Written by Jan Edler and Mark D. Hill
---Copyright (C) 1997 NEC Research Institute, Inc. and Mark D. Hill.
---All rights reserved.
---Copyright (C) 1985, 1989 Mark D. Hill.  All rights reserved.
---See -copyright option for details

---Summary of options (-help option gives usage information).

-l1-isize 32768
-l1-dsize 32768
-l2-dsize 262144
-l3-dsize 8388608
-l1-ibsize 64
-l1-dbsize 64
-l2-dbsize 64
-l3-dbsize 64
-l1-isbsize 64
-l1-dsbsize 64
-l2-dsbsize 64
-l3-dsbsize 64
-l1-iassoc 8
-l1-dassoc 8
-l2-dassoc 8
-l3-dassoc 8
-l1-irepl l
-l1-drepl b
-l2-drepl b
-l3-drepl b
-l1-ifetch d
-l1-dfetch d
-l2-dfetch d
-l3-dfetch d
-l1-dwalloc a
-l2-dwalloc a
-l3-dwalloc a
-l1-dwback a
-l2-dwback a
-l3-dwback a
-skipcount 0
-flushcount 0
-maxcount 0
-stat-interval 0
-informat s
-on-trigger 0x0
-off-trigger 0x0

---Simulation begins.
---Simulation complete.
l1-icache
 Metrics		      Total	      Instrn	       Data	       Read	      Write	       Misc
 -----------------	      ------	      ------	      ------	      ------	      ------	      ------
 Demand Fetches		  1999999998	  1999999998	           0	           0	           0	           0
  Fraction of total	      1.0000	      1.0000	      0.0000	      0.0000	      0.0000	      0.0000

 Demand Misses		         263	         263	           0	           0	           0	           0
  Demand miss rate	      0.0000	      0.0000	      0.0000	      0.0000	      0.0000	      0.0000

 Multi-block refs                 0
 Bytes From Memory	       16832
 ( / Demand Fetches)	      0.0000
 Bytes To Memory	           0
 ( / Demand Writes)	      0.0000
 Total Bytes r/w Mem	       16832
 ( / Demand Fetches)	      0.0000

l1-dcache
 Metrics		      Total	      Instrn	       Data	       Read	      Write	       Misc
 -----------------	      ------	      ------	      ------	      ------	      ------	      ------
 Demand Fetches		   619232456	           0	   619232456	   461175987	   158056469	           0
  Fraction of total	      1.0000	      0.0000	      1.0000	      0.7448	      0.2552	      0.0000

 Demand Misses		     9093059	           0	     9093059	     8276968	      816091	           0
  Demand miss rate	      0.0147	      0.0000	      0.0147	      0.0179	      0.0052	      0.0000

 Multi-block refs                 0
 Bytes From Memory	   581955776
 ( / Demand Fetches)	      0.9398
 Bytes To Memory	   100620480
 ( / Demand Writes)	      0.6366
 Total Bytes r/w Mem	   682576256
 ( / Demand Fetches)	      1.1023

l2-dcache
 Metrics		      Total	      Instrn	       Data	       Read	      Write	       Misc
 -----------------	      ------	      ------	      ------	      ------	      ------	      ------
 Demand Fetches		    10665254	           0	    10665254	     9093059	     1572195	           0
  Fraction of total	      1.0000	      0.0000	      1.0000	      0.8526	      0.1474	      0.0000

 Demand Misses		     8139549	           0	     8139549	     8063960	       75589	           0
  Demand miss rate	      0.7632	      0.0000	      0.7632	      0.8868	      0.0481	      0.0000

 Multi-block refs                 0
 Bytes From Memory	   516093440
 ( / Demand Fetches)	     48.3902
 Bytes To Memory	    93945920
 ( / Demand Writes)	     59.7546
 Total Bytes r/w Mem	   610039360
 ( / Demand Fetches)	     57.1988

l3-dcache
 Metrics		      Total	      Instrn	       Data	       Read	      Write	       Misc
 -----------------	      ------	      ------	      ------	      ------	      ------	      ------
 Demand Fetches		     9531865	           0	     9531865	     8063960	     1467905	           0
  Fraction of total	      1.0000	      0.0000	      1.0000	      0.8460	      0.1540	      0.0000

 Demand Misses		     6685529	           0	     6685529	     6678248	        7281	           0
  Demand miss rate	      0.7014	      0.0000	      0.7014	      0.8282	      0.0050	      0.0000

 Multi-block refs                 0
 Bytes From Memory	   427407872
 ( / Demand Fetches)	     44.8399
 Bytes To Memory	    92383616
 ( / Demand Writes)	     62.9357
 Total Bytes r/w Mem	   519791488
 ( / Demand Fetches)	     54.5320

---Execution complete.
