tracename wupwise_m2b
---Dinero IV cache simulator, version 7
---Written by Jan Edler and Mark D. Hill
---Copyright (C) 1997 NEC Research Institute, Inc. and Mark D. Hill.
---All rights reserved.
---Copyright (C) 1985, 1989 Mark D. Hill.  All rights reserved.
---See -copyright option for details

---Summary of options (-help option gives usage information).

-l1-isize 32768
-l1-dsize 32768
-l2-dsize 262144
-l3-dsize 262144
-l1-ibsize 64
-l1-dbsize 64
-l2-dbsize 64
-l3-dbsize 64
-l1-isbsize 64
-l1-dsbsize 64
-l2-dsbsize 64
-l3-dsbsize 64
-l1-iassoc 8
-l1-dassoc 8
-l2-dassoc 8
-l3-dassoc 8
-l1-irepl l
-l1-drepl r
-l2-drepl r
-l3-drepl r
-l1-ifetch d
-l1-dfetch d
-l2-dfetch d
-l3-dfetch d
-l1-dwalloc a
-l2-dwalloc a
-l3-dwalloc a
-l1-dwback a
-l2-dwback a
-l3-dwback a
-skipcount 0
-flushcount 0
-maxcount 0
-stat-interval 0
-informat s
-on-trigger 0x0
-off-trigger 0x0

---Simulation begins.
---Simulation complete.
l1-icache
 Metrics		      Total	      Instrn	       Data	       Read	      Write	       Misc
 -----------------	      ------	      ------	      ------	      ------	      ------	      ------
 Demand Fetches		  1999999998	  1999999998	           0	           0	           0	           0
  Fraction of total	      1.0000	      1.0000	      0.0000	      0.0000	      0.0000	      0.0000

 Demand Misses		         263	         263	           0	           0	           0	           0
  Demand miss rate	      0.0000	      0.0000	      0.0000	      0.0000	      0.0000	      0.0000

 Multi-block refs                 0
 Bytes From Memory	       16832
 ( / Demand Fetches)	      0.0000
 Bytes To Memory	           0
 ( / Demand Writes)	      0.0000
 Total Bytes r/w Mem	       16832
 ( / Demand Fetches)	      0.0000

l1-dcache
 Metrics		      Total	      Instrn	       Data	       Read	      Write	       Misc
 -----------------	      ------	      ------	      ------	      ------	      ------	      ------
 Demand Fetches		   619232456	           0	   619232456	   461175987	   158056469	           0
  Fraction of total	      1.0000	      0.0000	      1.0000	      0.7448	      0.2552	      0.0000

 Demand Misses		     9687230	           0	     9687230	     8789203	      898027	           0
  Demand miss rate	      0.0156	      0.0000	      0.0156	      0.0191	      0.0057	      0.0000

 Multi-block refs                 0
 Bytes From Memory	   619982720
 ( / Demand Fetches)	      1.0012
 Bytes To Memory	   110394560
 ( / Demand Writes)	      0.6985
 Total Bytes r/w Mem	   730377280
 ( / Demand Fetches)	      1.1795

l2-dcache
 Metrics		      Total	      Instrn	       Data	       Read	      Write	       Misc
 -----------------	      ------	      ------	      ------	      ------	      ------	      ------
 Demand Fetches		    11412145	           0	    11412145	     9687230	     1724915	           0
  Fraction of total	      1.0000	      0.0000	      1.0000	      0.8489	      0.1511	      0.0000

 Demand Misses		     8292592	           0	     8292592	     8141544	      151048	           0
  Demand miss rate	      0.7266	      0.0000	      0.7266	      0.8404	      0.0876	      0.0000

 Multi-block refs                 0
 Bytes From Memory	   521058816
 ( / Demand Fetches)	     45.6583
 Bytes To Memory	    94748608
 ( / Demand Writes)	     54.9294
 Total Bytes r/w Mem	   615807424
 ( / Demand Fetches)	     53.9607

l3-dcache
 Metrics		      Total	      Instrn	       Data	       Read	      Write	       Misc
 -----------------	      ------	      ------	      ------	      ------	      ------	      ------
 Demand Fetches		     9621991	           0	     9621991	     8141544	     1480447	           0
  Fraction of total	      1.0000	      0.0000	      1.0000	      0.8461	      0.1539	      0.0000

 Demand Misses		     8770780	           0	     8770780	     7871612	      899168	           0
  Demand miss rate	      0.9115	      0.0000	      0.9115	      0.9668	      0.6074	      0.0000

 Multi-block refs                 0
 Bytes From Memory	   503783168
 ( / Demand Fetches)	     52.3575
 Bytes To Memory	    93934464
 ( / Demand Writes)	     63.4501
 Total Bytes r/w Mem	   597717632
 ( / Demand Fetches)	     62.1200

---Execution complete.
