tracename swim_m2b
---Dinero IV cache simulator, version 7
---Written by Jan Edler and Mark D. Hill
---Copyright (C) 1997 NEC Research Institute, Inc. and Mark D. Hill.
---All rights reserved.
---Copyright (C) 1985, 1989 Mark D. Hill.  All rights reserved.
---See -copyright option for details

---Summary of options (-help option gives usage information).

-l1-isize 32768
-l1-dsize 32768
-l2-dsize 262144
-l3-dsize 1048576
-l1-ibsize 64
-l1-dbsize 64
-l2-dbsize 64
-l3-dbsize 64
-l1-isbsize 64
-l1-dsbsize 64
-l2-dsbsize 64
-l3-dsbsize 64
-l1-iassoc 8
-l1-dassoc 8
-l2-dassoc 8
-l3-dassoc 8
-l1-irepl l
-l1-drepl r
-l2-drepl r
-l3-drepl r
-l1-ifetch d
-l1-dfetch d
-l2-dfetch d
-l3-dfetch d
-l1-dwalloc a
-l2-dwalloc a
-l3-dwalloc a
-l1-dwback a
-l2-dwback a
-l3-dwback a
-skipcount 0
-flushcount 0
-maxcount 0
-stat-interval 0
-informat s
-on-trigger 0x0
-off-trigger 0x0

---Simulation begins.
---Simulation complete.
l1-icache
 Metrics		      Total	      Instrn	       Data	       Read	      Write	       Misc
 -----------------	      ------	      ------	      ------	      ------	      ------	      ------
 Demand Fetches		  1999999858	  1999999858	           0	           0	           0	           0
  Fraction of total	      1.0000	      1.0000	      0.0000	      0.0000	      0.0000	      0.0000

 Demand Misses		        4997	        4997	           0	           0	           0	           0
  Demand miss rate	      0.0000	      0.0000	      0.0000	      0.0000	      0.0000	      0.0000

 Multi-block refs                 0
 Bytes From Memory	      319808
 ( / Demand Fetches)	      0.0002
 Bytes To Memory	           0
 ( / Demand Writes)	      0.0000
 Total Bytes r/w Mem	      319808
 ( / Demand Fetches)	      0.0002

l1-dcache
 Metrics		      Total	      Instrn	       Data	       Read	      Write	       Misc
 -----------------	      ------	      ------	      ------	      ------	      ------	      ------
 Demand Fetches		   657118991	           0	   657118991	   485352067	   171766924	           0
  Fraction of total	      1.0000	      0.0000	      1.0000	      0.7386	      0.2614	      0.0000

 Demand Misses		    57651829	           0	    57651829	    46130176	    11521653	           0
  Demand miss rate	      0.0877	      0.0000	      0.0877	      0.0950	      0.0671	      0.0000

 Multi-block refs                 0
 Bytes From Memory	  3689717056
 ( / Demand Fetches)	      5.6150
 Bytes To Memory	  1342346944
 ( / Demand Writes)	      7.8149
 Total Bytes r/w Mem	  5032064000
 ( / Demand Fetches)	      7.6578

l2-dcache
 Metrics		      Total	      Instrn	       Data	       Read	      Write	       Misc
 -----------------	      ------	      ------	      ------	      ------	      ------	      ------
 Demand Fetches		    78626000	           0	    78626000	    57651829	    20974171	           0
  Fraction of total	      1.0000	      0.0000	      1.0000	      0.7332	      0.2668	      0.0000

 Demand Misses		    51581945	           0	    51581945	    49767144	     1814801	           0
  Demand miss rate	      0.6560	      0.0000	      0.6560	      0.8632	      0.0865	      0.0000

 Multi-block refs                 0
 Bytes From Memory	  3185097216
 ( / Demand Fetches)	     40.5095
 Bytes To Memory	  1325987776
 ( / Demand Writes)	     63.2200
 Total Bytes r/w Mem	  4511084992
 ( / Demand Fetches)	     57.3740

l3-dcache
 Metrics		      Total	      Instrn	       Data	       Read	      Write	       Misc
 -----------------	      ------	      ------	      ------	      ------	      ------	      ------
 Demand Fetches		    70485703	           0	    70485703	    49767144	    20718559	           0
  Fraction of total	      1.0000	      0.0000	      1.0000	      0.7061	      0.2939	      0.0000

 Demand Misses		    50158108	           0	    50158108	    45964369	     4193739	           0
  Demand miss rate	      0.7116	      0.0000	      0.7116	      0.9236	      0.2024	      0.0000

 Multi-block refs                 0
 Bytes From Memory	  2941719616
 ( / Demand Fetches)	     41.7350
 Bytes To Memory	  1325151424
 ( / Demand Writes)	     63.9596
 Total Bytes r/w Mem	  4266871040
 ( / Demand Fetches)	     60.5353

---Execution complete.
