tracename swim_m2b
---Dinero IV cache simulator, version 7
---Written by Jan Edler and Mark D. Hill
---Copyright (C) 1997 NEC Research Institute, Inc. and Mark D. Hill.
---All rights reserved.
---Copyright (C) 1985, 1989 Mark D. Hill.  All rights reserved.
---See -copyright option for details

---Summary of options (-help option gives usage information).

-l1-isize 32768
-l1-dsize 32768
-l2-dsize 262144
-l3-dsize 524288
-l1-ibsize 64
-l1-dbsize 64
-l2-dbsize 64
-l3-dbsize 64
-l1-isbsize 64
-l1-dsbsize 64
-l2-dsbsize 64
-l3-dsbsize 64
-l1-iassoc 8
-l1-dassoc 8
-l2-dassoc 8
-l3-dassoc 8
-l1-irepl l
-l1-drepl r
-l2-drepl r
-l3-drepl r
-l1-ifetch d
-l1-dfetch d
-l2-dfetch d
-l3-dfetch d
-l1-dwalloc a
-l2-dwalloc a
-l3-dwalloc a
-l1-dwback a
-l2-dwback a
-l3-dwback a
-skipcount 0
-flushcount 0
-maxcount 0
-stat-interval 0
-informat s
-on-trigger 0x0
-off-trigger 0x0

---Simulation begins.
---Simulation complete.
l1-icache
 Metrics		      Total	      Instrn	       Data	       Read	      Write	       Misc
 -----------------	      ------	      ------	      ------	      ------	      ------	      ------
 Demand Fetches		  1999999858	  1999999858	           0	           0	           0	           0
  Fraction of total	      1.0000	      1.0000	      0.0000	      0.0000	      0.0000	      0.0000

 Demand Misses		        4997	        4997	           0	           0	           0	           0
  Demand miss rate	      0.0000	      0.0000	      0.0000	      0.0000	      0.0000	      0.0000

 Multi-block refs                 0
 Bytes From Memory	      319808
 ( / Demand Fetches)	      0.0002
 Bytes To Memory	           0
 ( / Demand Writes)	      0.0000
 Total Bytes r/w Mem	      319808
 ( / Demand Fetches)	      0.0002

l1-dcache
 Metrics		      Total	      Instrn	       Data	       Read	      Write	       Misc
 -----------------	      ------	      ------	      ------	      ------	      ------	      ------
 Demand Fetches		   657118991	           0	   657118991	   485352067	   171766924	           0
  Fraction of total	      1.0000	      0.0000	      1.0000	      0.7386	      0.2614	      0.0000

 Demand Misses		    57655403	           0	    57655403	    46133482	    11521921	           0
  Demand miss rate	      0.0877	      0.0000	      0.0877	      0.0951	      0.0671	      0.0000

 Multi-block refs                 0
 Bytes From Memory	  3689945792
 ( / Demand Fetches)	      5.6153
 Bytes To Memory	  1342349824
 ( / Demand Writes)	      7.8149
 Total Bytes r/w Mem	  5032295616
 ( / Demand Fetches)	      7.6581

l2-dcache
 Metrics		      Total	      Instrn	       Data	       Read	      Write	       Misc
 -----------------	      ------	      ------	      ------	      ------	      ------	      ------
 Demand Fetches		    78629619	           0	    78629619	    57655403	    20974216	           0
  Fraction of total	      1.0000	      0.0000	      1.0000	      0.7333	      0.2667	      0.0000

 Demand Misses		    51578737	           0	    51578737	    49761444	     1817293	           0
  Demand miss rate	      0.6560	      0.0000	      0.6560	      0.8631	      0.0866	      0.0000

 Multi-block refs                 0
 Bytes From Memory	  3184732416
 ( / Demand Fetches)	     40.5030
 Bytes To Memory	  1325986368
 ( / Demand Writes)	     63.2198
 Total Bytes r/w Mem	  4510718784
 ( / Demand Fetches)	     57.3667

l3-dcache
 Metrics		      Total	      Instrn	       Data	       Read	      Write	       Misc
 -----------------	      ------	      ------	      ------	      ------	      ------	      ------
 Demand Fetches		    70479981	           0	    70479981	    49761444	    20718537	           0
  Fraction of total	      1.0000	      0.0000	      1.0000	      0.7060	      0.2940	      0.0000

 Demand Misses		    54642790	           0	    54642790	    46555972	     8086818	           0
  Demand miss rate	      0.7753	      0.0000	      0.7753	      0.9356	      0.3903	      0.0000

 Multi-block refs                 0
 Bytes From Memory	  2979582208
 ( / Demand Fetches)	     42.2756
 Bytes To Memory	  1325359808
 ( / Demand Writes)	     63.9698
 Total Bytes r/w Mem	  4304942016
 ( / Demand Fetches)	     61.0804

---Execution complete.
