tracename swim_m2b
---Dinero IV cache simulator, version 7
---Written by Jan Edler and Mark D. Hill
---Copyright (C) 1997 NEC Research Institute, Inc. and Mark D. Hill.
---All rights reserved.
---Copyright (C) 1985, 1989 Mark D. Hill.  All rights reserved.
---See -copyright option for details

---Summary of options (-help option gives usage information).

-l1-isize 32768
-l1-dsize 32768
-l2-dsize 262144
-l3-dsize 16777216
-l1-ibsize 64
-l1-dbsize 64
-l2-dbsize 64
-l3-dbsize 64
-l1-isbsize 64
-l1-dsbsize 64
-l2-dsbsize 64
-l3-dsbsize 64
-l1-iassoc 8
-l1-dassoc 8
-l2-dassoc 8
-l3-dassoc 8
-l1-irepl l
-l1-drepl 2
-l2-drepl 2
-l3-drepl 2
-l1-ifetch d
-l1-dfetch d
-l2-dfetch d
-l3-dfetch d
-l1-dwalloc a
-l2-dwalloc a
-l3-dwalloc a
-l1-dwback a
-l2-dwback a
-l3-dwback a
-skipcount 0
-flushcount 0
-maxcount 0
-stat-interval 0
-informat s
-on-trigger 0x0
-off-trigger 0x0

---Simulation begins.
---Simulation complete.
l1-icache
 Metrics		      Total	      Instrn	       Data	       Read	      Write	       Misc
 -----------------	      ------	      ------	      ------	      ------	      ------	      ------
 Demand Fetches		  1999999858	  1999999858	           0	           0	           0	           0
  Fraction of total	      1.0000	      1.0000	      0.0000	      0.0000	      0.0000	      0.0000

 Demand Misses		        4997	        4997	           0	           0	           0	           0
  Demand miss rate	      0.0000	      0.0000	      0.0000	      0.0000	      0.0000	      0.0000

 Multi-block refs                 0
 Bytes From Memory	      319808
 ( / Demand Fetches)	      0.0002
 Bytes To Memory	           0
 ( / Demand Writes)	      0.0000
 Total Bytes r/w Mem	      319808
 ( / Demand Fetches)	      0.0002

l1-dcache
 Metrics		      Total	      Instrn	       Data	       Read	      Write	       Misc
 -----------------	      ------	      ------	      ------	      ------	      ------	      ------
 Demand Fetches		   657118991	           0	   657118991	   485352067	   171766924	           0
  Fraction of total	      1.0000	      0.0000	      1.0000	      0.7386	      0.2614	      0.0000

 Demand Misses		    57005778	           0	    57005778	    45732249	    11273529	           0
  Demand miss rate	      0.0868	      0.0000	      0.0868	      0.0942	      0.0656	      0.0000

 Multi-block refs                 0
 Bytes From Memory	  3648369792
 ( / Demand Fetches)	      5.5521
 Bytes To Memory	  1325034880
 ( / Demand Writes)	      7.7141
 Total Bytes r/w Mem	  4973404672
 ( / Demand Fetches)	      7.5685

l2-dcache
 Metrics		      Total	      Instrn	       Data	       Read	      Write	       Misc
 -----------------	      ------	      ------	      ------	      ------	      ------	      ------
 Demand Fetches		    77709448	           0	    77709448	    57005778	    20703670	           0
  Fraction of total	      1.0000	      0.0000	      1.0000	      0.7336	      0.2664	      0.0000

 Demand Misses		    48252202	           0	    48252202	    47982734	      269468	           0
  Demand miss rate	      0.6209	      0.0000	      0.6209	      0.8417	      0.0130	      0.0000

 Multi-block refs                 0
 Bytes From Memory	  3070894976
 ( / Demand Fetches)	     39.5177
 Bytes To Memory	  1325018880
 ( / Demand Writes)	     63.9992
 Total Bytes r/w Mem	  4395913856
 ( / Demand Fetches)	     56.5686

l3-dcache
 Metrics		      Total	      Instrn	       Data	       Read	      Write	       Misc
 -----------------	      ------	      ------	      ------	      ------	      ------	      ------
 Demand Fetches		    68686154	           0	    68686154	    47982734	    20703420	           0
  Fraction of total	      1.0000	      0.0000	      1.0000	      0.6986	      0.3014	      0.0000

 Demand Misses		    45439299	           0	    45439299	    45439182	         117	           0
  Demand miss rate	      0.6615	      0.0000	      0.6615	      0.9470	      0.0000	      0.0000

 Multi-block refs                 0
 Bytes From Memory	  2908107648
 ( / Demand Fetches)	     42.3391
 Bytes To Memory	  1323422464
 ( / Demand Writes)	     63.9229
 Total Bytes r/w Mem	  4231530112
 ( / Demand Fetches)	     61.6067

---Execution complete.
