tracename swim_m2b
---Dinero IV cache simulator, version 7
---Written by Jan Edler and Mark D. Hill
---Copyright (C) 1997 NEC Research Institute, Inc. and Mark D. Hill.
---All rights reserved.
---Copyright (C) 1985, 1989 Mark D. Hill.  All rights reserved.
---See -copyright option for details

---Summary of options (-help option gives usage information).

-l1-isize 32768
-l1-dsize 32768
-l2-dsize 262144
-l3-dsize 8388608
-l1-ibsize 64
-l1-dbsize 64
-l2-dbsize 64
-l3-dbsize 64
-l1-isbsize 64
-l1-dsbsize 64
-l2-dsbsize 64
-l3-dsbsize 64
-l1-iassoc 8
-l1-dassoc 8
-l2-dassoc 8
-l3-dassoc 8
-l1-irepl l
-l1-drepl c
-l2-drepl c
-l3-drepl c
-l1-ifetch d
-l1-dfetch d
-l2-dfetch d
-l3-dfetch d
-l1-dwalloc a
-l2-dwalloc a
-l3-dwalloc a
-l1-dwback a
-l2-dwback a
-l3-dwback a
-skipcount 0
-flushcount 0
-maxcount 0
-stat-interval 0
-informat s
-on-trigger 0x0
-off-trigger 0x0

---Simulation begins.
---Simulation complete.
l1-icache
 Metrics		      Total	      Instrn	       Data	       Read	      Write	       Misc
 -----------------	      ------	      ------	      ------	      ------	      ------	      ------
 Demand Fetches		  1999999858	  1999999858	           0	           0	           0	           0
  Fraction of total	      1.0000	      1.0000	      0.0000	      0.0000	      0.0000	      0.0000

 Demand Misses		        4997	        4997	           0	           0	           0	           0
  Demand miss rate	      0.0000	      0.0000	      0.0000	      0.0000	      0.0000	      0.0000

 Multi-block refs                 0
 Bytes From Memory	      319808
 ( / Demand Fetches)	      0.0002
 Bytes To Memory	           0
 ( / Demand Writes)	      0.0000
 Total Bytes r/w Mem	      319808
 ( / Demand Fetches)	      0.0002

l1-dcache
 Metrics		      Total	      Instrn	       Data	       Read	      Write	       Misc
 -----------------	      ------	      ------	      ------	      ------	      ------	      ------
 Demand Fetches		   657118991	           0	   657118991	   485352067	   171766924	           0
  Fraction of total	      1.0000	      0.0000	      1.0000	      0.7386	      0.2614	      0.0000

 Demand Misses		    57229917	           0	    57229917	    45896605	    11333312	           0
  Demand miss rate	      0.0871	      0.0000	      0.0871	      0.0946	      0.0660	      0.0000

 Multi-block refs                 0
 Bytes From Memory	  3662714688
 ( / Demand Fetches)	      5.5739
 Bytes To Memory	  1329258944
 ( / Demand Writes)	      7.7387
 Total Bytes r/w Mem	  4991973632
 ( / Demand Fetches)	      7.5968

l2-dcache
 Metrics		      Total	      Instrn	       Data	       Read	      Write	       Misc
 -----------------	      ------	      ------	      ------	      ------	      ------	      ------
 Demand Fetches		    77999588	           0	    77999588	    57229917	    20769671	           0
  Fraction of total	      1.0000	      0.0000	      1.0000	      0.7337	      0.2663	      0.0000

 Demand Misses		    48658439	           0	    48658439	    48043028	      615411	           0
  Demand miss rate	      0.6238	      0.0000	      0.6238	      0.8395	      0.0296	      0.0000

 Multi-block refs                 0
 Bytes From Memory	  3074753792
 ( / Demand Fetches)	     39.4201
 Bytes To Memory	  1325165312
 ( / Demand Writes)	     63.8029
 Total Bytes r/w Mem	  4399919104
 ( / Demand Fetches)	     56.4095

l3-dcache
 Metrics		      Total	      Instrn	       Data	       Read	      Write	       Misc
 -----------------	      ------	      ------	      ------	      ------	      ------	      ------
 Demand Fetches		    68748736	           0	    68748736	    48043028	    20705708	           0
  Fraction of total	      1.0000	      0.0000	      1.0000	      0.6988	      0.3012	      0.0000

 Demand Misses		    45965890	           0	    45965890	    45818219	      147671	           0
  Demand miss rate	      0.6686	      0.0000	      0.6686	      0.9537	      0.0071	      0.0000

 Multi-block refs                 0
 Bytes From Memory	  2932366016
 ( / Demand Fetches)	     42.6534
 Bytes To Memory	  1324235520
 ( / Demand Writes)	     63.9551
 Total Bytes r/w Mem	  4256601536
 ( / Demand Fetches)	     61.9153

---Execution complete.
