tracename swim_m2b
---Dinero IV cache simulator, version 7
---Written by Jan Edler and Mark D. Hill
---Copyright (C) 1997 NEC Research Institute, Inc. and Mark D. Hill.
---All rights reserved.
---Copyright (C) 1985, 1989 Mark D. Hill.  All rights reserved.
---See -copyright option for details

---Summary of options (-help option gives usage information).

-l1-isize 32768
-l1-dsize 32768
-l2-dsize 262144
-l3-dsize 16777216
-l1-ibsize 64
-l1-dbsize 64
-l2-dbsize 64
-l3-dbsize 64
-l1-isbsize 64
-l1-dsbsize 64
-l2-dsbsize 64
-l3-dsbsize 64
-l1-iassoc 8
-l1-dassoc 8
-l2-dassoc 8
-l3-dassoc 8
-l1-irepl l
-l1-drepl f
-l2-drepl f
-l3-drepl f
-l1-ifetch d
-l1-dfetch d
-l2-dfetch d
-l3-dfetch d
-l1-dwalloc a
-l2-dwalloc a
-l3-dwalloc a
-l1-dwback a
-l2-dwback a
-l3-dwback a
-skipcount 0
-flushcount 0
-maxcount 0
-stat-interval 0
-informat s
-on-trigger 0x0
-off-trigger 0x0

---Simulation begins.
---Simulation complete.
l1-icache
 Metrics		      Total	      Instrn	       Data	       Read	      Write	       Misc
 -----------------	      ------	      ------	      ------	      ------	      ------	      ------
 Demand Fetches		  1999999858	  1999999858	           0	           0	           0	           0
  Fraction of total	      1.0000	      1.0000	      0.0000	      0.0000	      0.0000	      0.0000

 Demand Misses		        4997	        4997	           0	           0	           0	           0
  Demand miss rate	      0.0000	      0.0000	      0.0000	      0.0000	      0.0000	      0.0000

 Multi-block refs                 0
 Bytes From Memory	      319808
 ( / Demand Fetches)	      0.0002
 Bytes To Memory	           0
 ( / Demand Writes)	      0.0000
 Total Bytes r/w Mem	      319808
 ( / Demand Fetches)	      0.0002

l1-dcache
 Metrics		      Total	      Instrn	       Data	       Read	      Write	       Misc
 -----------------	      ------	      ------	      ------	      ------	      ------	      ------
 Demand Fetches		   657118991	           0	   657118991	   485352067	   171766924	           0
  Fraction of total	      1.0000	      0.0000	      1.0000	      0.7386	      0.2614	      0.0000

 Demand Misses		    57067564	           0	    57067564	    45788433	    11279131	           0
  Demand miss rate	      0.0868	      0.0000	      0.0868	      0.0943	      0.0657	      0.0000

 Multi-block refs                 0
 Bytes From Memory	  3652324096
 ( / Demand Fetches)	      5.5581
 Bytes To Memory	  1326793152
 ( / Demand Writes)	      7.7244
 Total Bytes r/w Mem	  4979117248
 ( / Demand Fetches)	      7.5772

l2-dcache
 Metrics		      Total	      Instrn	       Data	       Read	      Write	       Misc
 -----------------	      ------	      ------	      ------	      ------	      ------	      ------
 Demand Fetches		    77798707	           0	    77798707	    57067564	    20731143	           0
  Fraction of total	      1.0000	      0.0000	      1.0000	      0.7335	      0.2665	      0.0000

 Demand Misses		    45895570	           0	    45895570	    45892070	        3500	           0
  Demand miss rate	      0.5899	      0.0000	      0.5899	      0.8042	      0.0002	      0.0000

 Multi-block refs                 0
 Bytes From Memory	  2937092480
 ( / Demand Fetches)	     37.7525
 Bytes To Memory	  1325241984
 ( / Demand Writes)	     63.9252
 Total Bytes r/w Mem	  4262334464
 ( / Demand Fetches)	     54.7867

l3-dcache
 Metrics		      Total	      Instrn	       Data	       Read	      Write	       Misc
 -----------------	      ------	      ------	      ------	      ------	      ------	      ------
 Demand Fetches		    66598976	           0	    66598976	    45892070	    20706906	           0
  Fraction of total	      1.0000	      0.0000	      1.0000	      0.6891	      0.3109	      0.0000

 Demand Misses		    45499204	           0	    45499204	    45498847	         357	           0
  Demand miss rate	      0.6832	      0.0000	      0.6832	      0.9914	      0.0000	      0.0000

 Multi-block refs                 0
 Bytes From Memory	  2911926208
 ( / Demand Fetches)	     43.7233
 Bytes To Memory	  1323422336
 ( / Demand Writes)	     63.9121
 Total Bytes r/w Mem	  4235348544
 ( / Demand Fetches)	     63.5948

---Execution complete.
