tracename swim_m2b
---Dinero IV cache simulator, version 7
---Written by Jan Edler and Mark D. Hill
---Copyright (C) 1997 NEC Research Institute, Inc. and Mark D. Hill.
---All rights reserved.
---Copyright (C) 1985, 1989 Mark D. Hill.  All rights reserved.
---See -copyright option for details

---Summary of options (-help option gives usage information).

-l1-isize 32768
-l1-dsize 32768
-l2-dsize 262144
-l3-dsize 33554432
-l1-ibsize 64
-l1-dbsize 64
-l2-dbsize 64
-l3-dbsize 64
-l1-isbsize 64
-l1-dsbsize 64
-l2-dsbsize 64
-l3-dsbsize 64
-l1-iassoc 8
-l1-dassoc 8
-l2-dassoc 8
-l3-dassoc 8
-l1-irepl l
-l1-drepl b
-l2-drepl b
-l3-drepl b
-l1-ifetch d
-l1-dfetch d
-l2-dfetch d
-l3-dfetch d
-l1-dwalloc a
-l2-dwalloc a
-l3-dwalloc a
-l1-dwback a
-l2-dwback a
-l3-dwback a
-skipcount 0
-flushcount 0
-maxcount 0
-stat-interval 0
-informat s
-on-trigger 0x0
-off-trigger 0x0

---Simulation begins.
---Simulation complete.
l1-icache
 Metrics		      Total	      Instrn	       Data	       Read	      Write	       Misc
 -----------------	      ------	      ------	      ------	      ------	      ------	      ------
 Demand Fetches		  1999999858	  1999999858	           0	           0	           0	           0
  Fraction of total	      1.0000	      1.0000	      0.0000	      0.0000	      0.0000	      0.0000

 Demand Misses		        4997	        4997	           0	           0	           0	           0
  Demand miss rate	      0.0000	      0.0000	      0.0000	      0.0000	      0.0000	      0.0000

 Multi-block refs                 0
 Bytes From Memory	      319808
 ( / Demand Fetches)	      0.0002
 Bytes To Memory	           0
 ( / Demand Writes)	      0.0000
 Total Bytes r/w Mem	      319808
 ( / Demand Fetches)	      0.0002

l1-dcache
 Metrics		      Total	      Instrn	       Data	       Read	      Write	       Misc
 -----------------	      ------	      ------	      ------	      ------	      ------	      ------
 Demand Fetches		   657118991	           0	   657118991	   485352067	   171766924	           0
  Fraction of total	      1.0000	      0.0000	      1.0000	      0.7386	      0.2614	      0.0000

 Demand Misses		    57285098	           0	    57285098	    45923588	    11361510	           0
  Demand miss rate	      0.0872	      0.0000	      0.0872	      0.0946	      0.0661	      0.0000

 Multi-block refs                 0
 Bytes From Memory	  3666246272
 ( / Demand Fetches)	      5.5793
 Bytes To Memory	  1331221760
 ( / Demand Writes)	      7.7502
 Total Bytes r/w Mem	  4997468032
 ( / Demand Fetches)	      7.6051

l2-dcache
 Metrics		      Total	      Instrn	       Data	       Read	      Write	       Misc
 -----------------	      ------	      ------	      ------	      ------	      ------	      ------
 Demand Fetches		    78085438	           0	    78085438	    57285098	    20800340	           0
  Fraction of total	      1.0000	      0.0000	      1.0000	      0.7336	      0.2664	      0.0000

 Demand Misses		    49561790	           0	    49561790	    48664430	      897360	           0
  Demand miss rate	      0.6347	      0.0000	      0.6347	      0.8495	      0.0431	      0.0000

 Multi-block refs                 0
 Bytes From Memory	  3114523520
 ( / Demand Fetches)	     39.8861
 Bytes To Memory	  1325240960
 ( / Demand Writes)	     63.7125
 Total Bytes r/w Mem	  4439764480
 ( / Demand Fetches)	     56.8578

l3-dcache
 Metrics		      Total	      Instrn	       Data	       Read	      Write	       Misc
 -----------------	      ------	      ------	      ------	      ------	      ------	      ------
 Demand Fetches		    69371320	           0	    69371320	    48664430	    20706890	           0
  Fraction of total	      1.0000	      0.0000	      1.0000	      0.7015	      0.2985	      0.0000

 Demand Misses		    44169186	           0	    44169186	    43974223	      194963	           0
  Demand miss rate	      0.6367	      0.0000	      0.6367	      0.9036	      0.0094	      0.0000

 Multi-block refs                 0
 Bytes From Memory	  2814350272
 ( / Demand Fetches)	     40.5694
 Bytes To Memory	  1322021184
 ( / Demand Writes)	     63.8445
 Total Bytes r/w Mem	  4136371456
 ( / Demand Fetches)	     59.6265

---Execution complete.
