tracename swim_m2b
---Dinero IV cache simulator, version 7
---Written by Jan Edler and Mark D. Hill
---Copyright (C) 1997 NEC Research Institute, Inc. and Mark D. Hill.
---All rights reserved.
---Copyright (C) 1985, 1989 Mark D. Hill.  All rights reserved.
---See -copyright option for details

---Summary of options (-help option gives usage information).

-l1-isize 32768
-l1-dsize 32768
-l2-dsize 262144
-l3-dsize 8388608
-l1-ibsize 64
-l1-dbsize 64
-l2-dbsize 64
-l3-dbsize 64
-l1-isbsize 64
-l1-dsbsize 64
-l2-dsbsize 64
-l3-dsbsize 64
-l1-iassoc 8
-l1-dassoc 8
-l2-dassoc 8
-l3-dassoc 8
-l1-irepl l
-l1-drepl r
-l2-drepl r
-l3-drepl r
-l1-ifetch d
-l1-dfetch d
-l2-dfetch d
-l3-dfetch d
-l1-dwalloc a
-l2-dwalloc a
-l3-dwalloc a
-l1-dwback a
-l2-dwback a
-l3-dwback a
-skipcount 0
-flushcount 0
-maxcount 0
-stat-interval 0
-informat s
-on-trigger 0x0
-off-trigger 0x0

---Simulation begins.
---Simulation complete.
l1-icache
 Metrics		      Total	      Instrn	       Data	       Read	      Write	       Misc
 -----------------	      ------	      ------	      ------	      ------	      ------	      ------
 Demand Fetches		  1999999858	  1999999858	           0	           0	           0	           0
  Fraction of total	      1.0000	      1.0000	      0.0000	      0.0000	      0.0000	      0.0000

 Demand Misses		        4997	        4997	           0	           0	           0	           0
  Demand miss rate	      0.0000	      0.0000	      0.0000	      0.0000	      0.0000	      0.0000

 Multi-block refs                 0
 Bytes From Memory	      319808
 ( / Demand Fetches)	      0.0002
 Bytes To Memory	           0
 ( / Demand Writes)	      0.0000
 Total Bytes r/w Mem	      319808
 ( / Demand Fetches)	      0.0002

l1-dcache
 Metrics		      Total	      Instrn	       Data	       Read	      Write	       Misc
 -----------------	      ------	      ------	      ------	      ------	      ------	      ------
 Demand Fetches		   657118991	           0	   657118991	   485352067	   171766924	           0
  Fraction of total	      1.0000	      0.0000	      1.0000	      0.7386	      0.2614	      0.0000

 Demand Misses		    57653344	           0	    57653344	    46130587	    11522757	           0
  Demand miss rate	      0.0877	      0.0000	      0.0877	      0.0950	      0.0671	      0.0000

 Multi-block refs                 0
 Bytes From Memory	  3689814016
 ( / Demand Fetches)	      5.6151
 Bytes To Memory	  1342406208
 ( / Demand Writes)	      7.8153
 Total Bytes r/w Mem	  5032220224
 ( / Demand Fetches)	      7.6580

l2-dcache
 Metrics		      Total	      Instrn	       Data	       Read	      Write	       Misc
 -----------------	      ------	      ------	      ------	      ------	      ------	      ------
 Demand Fetches		    78628441	           0	    78628441	    57653344	    20975097	           0
  Fraction of total	      1.0000	      0.0000	      1.0000	      0.7332	      0.2668	      0.0000

 Demand Misses		    51577657	           0	    51577657	    49762443	     1815214	           0
  Demand miss rate	      0.6560	      0.0000	      0.6560	      0.8631	      0.0865	      0.0000

 Multi-block refs                 0
 Bytes From Memory	  3184796352
 ( / Demand Fetches)	     40.5044
 Bytes To Memory	  1325998272
 ( / Demand Writes)	     63.2177
 Total Bytes r/w Mem	  4510794624
 ( / Demand Fetches)	     57.3685

l3-dcache
 Metrics		      Total	      Instrn	       Data	       Read	      Write	       Misc
 -----------------	      ------	      ------	      ------	      ------	      ------	      ------
 Demand Fetches		    70481166	           0	    70481166	    49762443	    20718723	           0
  Fraction of total	      1.0000	      0.0000	      1.0000	      0.7060	      0.2940	      0.0000

 Demand Misses		    46252279	           0	    46252279	    45750215	      502064	           0
  Demand miss rate	      0.6562	      0.0000	      0.6562	      0.9194	      0.0242	      0.0000

 Multi-block refs                 0
 Bytes From Memory	  2928013760
 ( / Demand Fetches)	     41.5432
 Bytes To Memory	  1324265472
 ( / Demand Writes)	     63.9164
 Total Bytes r/w Mem	  4252279232
 ( / Demand Fetches)	     60.3321

---Execution complete.
