tracename mgrid_m2b
---Dinero IV cache simulator, version 7
---Written by Jan Edler and Mark D. Hill
---Copyright (C) 1997 NEC Research Institute, Inc. and Mark D. Hill.
---All rights reserved.
---Copyright (C) 1985, 1989 Mark D. Hill.  All rights reserved.
---See -copyright option for details

---Summary of options (-help option gives usage information).

-l1-isize 32768
-l1-dsize 32768
-l2-dsize 262144
-l3-dsize 8388608
-l1-ibsize 64
-l1-dbsize 64
-l2-dbsize 64
-l3-dbsize 64
-l1-isbsize 64
-l1-dsbsize 64
-l2-dsbsize 64
-l3-dsbsize 64
-l1-iassoc 8
-l1-dassoc 8
-l2-dassoc 8
-l3-dassoc 8
-l1-irepl l
-l1-drepl b
-l2-drepl b
-l3-drepl b
-l1-ifetch d
-l1-dfetch d
-l2-dfetch d
-l3-dfetch d
-l1-dwalloc a
-l2-dwalloc a
-l3-dwalloc a
-l1-dwback a
-l2-dwback a
-l3-dwback a
-skipcount 0
-flushcount 0
-maxcount 0
-stat-interval 0
-informat s
-on-trigger 0x0
-off-trigger 0x0

---Simulation begins.
---Simulation complete.
l1-icache
 Metrics		      Total	      Instrn	       Data	       Read	      Write	       Misc
 -----------------	      ------	      ------	      ------	      ------	      ------	      ------
 Demand Fetches		  1999999386	  1999999386	           0	           0	           0	           0
  Fraction of total	      1.0000	      1.0000	      0.0000	      0.0000	      0.0000	      0.0000

 Demand Misses		        4186	        4186	           0	           0	           0	           0
  Demand miss rate	      0.0000	      0.0000	      0.0000	      0.0000	      0.0000	      0.0000

 Multi-block refs                 0
 Bytes From Memory	      267904
 ( / Demand Fetches)	      0.0001
 Bytes To Memory	           0
 ( / Demand Writes)	      0.0000
 Total Bytes r/w Mem	      267904
 ( / Demand Fetches)	      0.0001

l1-dcache
 Metrics		      Total	      Instrn	       Data	       Read	      Write	       Misc
 -----------------	      ------	      ------	      ------	      ------	      ------	      ------
 Demand Fetches		   728528595	           0	   728528595	   625264935	   103263660	           0
  Fraction of total	      1.0000	      0.0000	      1.0000	      0.8583	      0.1417	      0.0000

 Demand Misses		    28657330	           0	    28657330	    25107749	     3549581	           0
  Demand miss rate	      0.0393	      0.0000	      0.0393	      0.0402	      0.0344	      0.0000

 Multi-block refs                 0
 Bytes From Memory	  1834069120
 ( / Demand Fetches)	      2.5175
 Bytes To Memory	   462565440
 ( / Demand Writes)	      4.4795
 Total Bytes r/w Mem	  2296634560
 ( / Demand Fetches)	      3.1524

l2-dcache
 Metrics		      Total	      Instrn	       Data	       Read	      Write	       Misc
 -----------------	      ------	      ------	      ------	      ------	      ------	      ------
 Demand Fetches		    35884915	           0	    35884915	    28657330	     7227585	           0
  Fraction of total	      1.0000	      0.0000	      1.0000	      0.7986	      0.2014	      0.0000

 Demand Misses		    24536659	           0	    24536659	    24165590	      371069	           0
  Demand miss rate	      0.6838	      0.0000	      0.6838	      0.8433	      0.0513	      0.0000

 Multi-block refs                 0
 Bytes From Memory	  1546597760
 ( / Demand Fetches)	     43.0988
 Bytes To Memory	   448098240
 ( / Demand Writes)	     61.9983
 Total Bytes r/w Mem	  1994696000
 ( / Demand Fetches)	     55.5859

l3-dcache
 Metrics		      Total	      Instrn	       Data	       Read	      Write	       Misc
 -----------------	      ------	      ------	      ------	      ------	      ------	      ------
 Demand Fetches		    31167125	           0	    31167125	    24165590	     7001535	           0
  Fraction of total	      1.0000	      0.0000	      1.0000	      0.7754	      0.2246	      0.0000

 Demand Misses		    14778709	           0	    14778709	    14766254	       12455	           0
  Demand miss rate	      0.4742	      0.0000	      0.4742	      0.6110	      0.0018	      0.0000

 Multi-block refs                 0
 Bytes From Memory	   945040256
 ( / Demand Fetches)	     30.3217
 Bytes To Memory	   411348736
 ( / Demand Writes)	     58.7512
 Total Bytes r/w Mem	  1356388992
 ( / Demand Fetches)	     43.5199

---Execution complete.
