tracename mgrid_m2b
---Dinero IV cache simulator, version 7
---Written by Jan Edler and Mark D. Hill
---Copyright (C) 1997 NEC Research Institute, Inc. and Mark D. Hill.
---All rights reserved.
---Copyright (C) 1985, 1989 Mark D. Hill.  All rights reserved.
---See -copyright option for details

---Summary of options (-help option gives usage information).

-l1-isize 32768
-l1-dsize 32768
-l2-dsize 262144
-l3-dsize 524288
-l1-ibsize 64
-l1-dbsize 64
-l2-dbsize 64
-l3-dbsize 64
-l1-isbsize 64
-l1-dsbsize 64
-l2-dsbsize 64
-l3-dsbsize 64
-l1-iassoc 8
-l1-dassoc 8
-l2-dassoc 8
-l3-dassoc 8
-l1-irepl l
-l1-drepl 2
-l2-drepl 2
-l3-drepl 2
-l1-ifetch d
-l1-dfetch d
-l2-dfetch d
-l3-dfetch d
-l1-dwalloc a
-l2-dwalloc a
-l3-dwalloc a
-l1-dwback a
-l2-dwback a
-l3-dwback a
-skipcount 0
-flushcount 0
-maxcount 0
-stat-interval 0
-informat s
-on-trigger 0x0
-off-trigger 0x0

---Simulation begins.
---Simulation complete.
l1-icache
 Metrics		      Total	      Instrn	       Data	       Read	      Write	       Misc
 -----------------	      ------	      ------	      ------	      ------	      ------	      ------
 Demand Fetches		  1999999386	  1999999386	           0	           0	           0	           0
  Fraction of total	      1.0000	      1.0000	      0.0000	      0.0000	      0.0000	      0.0000

 Demand Misses		        4186	        4186	           0	           0	           0	           0
  Demand miss rate	      0.0000	      0.0000	      0.0000	      0.0000	      0.0000	      0.0000

 Multi-block refs                 0
 Bytes From Memory	      267904
 ( / Demand Fetches)	      0.0001
 Bytes To Memory	           0
 ( / Demand Writes)	      0.0000
 Total Bytes r/w Mem	      267904
 ( / Demand Fetches)	      0.0001

l1-dcache
 Metrics		      Total	      Instrn	       Data	       Read	      Write	       Misc
 -----------------	      ------	      ------	      ------	      ------	      ------	      ------
 Demand Fetches		   728528595	           0	   728528595	   625264935	   103263660	           0
  Fraction of total	      1.0000	      0.0000	      1.0000	      0.8583	      0.1417	      0.0000

 Demand Misses		    26680708	           0	    26680708	    23262368	     3418340	           0
  Demand miss rate	      0.0366	      0.0000	      0.0366	      0.0372	      0.0331	      0.0000

 Multi-block refs                 0
 Bytes From Memory	  1707565312
 ( / Demand Fetches)	      2.3439
 Bytes To Memory	   452484736
 ( / Demand Writes)	      4.3818
 Total Bytes r/w Mem	  2160050048
 ( / Demand Fetches)	      2.9649

l2-dcache
 Metrics		      Total	      Instrn	       Data	       Read	      Write	       Misc
 -----------------	      ------	      ------	      ------	      ------	      ------	      ------
 Demand Fetches		    33750782	           0	    33750782	    26680708	     7070074	           0
  Fraction of total	      1.0000	      0.0000	      1.0000	      0.7905	      0.2095	      0.0000

 Demand Misses		    24399265	           0	    24399265	    24288618	      110647	           0
  Demand miss rate	      0.7229	      0.0000	      0.7229	      0.9103	      0.0157	      0.0000

 Multi-block refs                 0
 Bytes From Memory	  1554471552
 ( / Demand Fetches)	     46.0573
 Bytes To Memory	   447291072
 ( / Demand Writes)	     63.2654
 Total Bytes r/w Mem	  2001762624
 ( / Demand Fetches)	     59.3101

l3-dcache
 Metrics		      Total	      Instrn	       Data	       Read	      Write	       Misc
 -----------------	      ------	      ------	      ------	      ------	      ------	      ------
 Demand Fetches		    31277541	           0	    31277541	    24288618	     6988923	           0
  Fraction of total	      1.0000	      0.0000	      1.0000	      0.7766	      0.2234	      0.0000

 Demand Misses		    24279949	           0	    24279949	    22075700	     2204249	           0
  Demand miss rate	      0.7763	      0.0000	      0.7763	      0.9089	      0.3154	      0.0000

 Multi-block refs                 0
 Bytes From Memory	  1412844800
 ( / Demand Fetches)	     45.1712
 Bytes To Memory	   445230144
 ( / Demand Writes)	     63.7051
 Total Bytes r/w Mem	  1858074944
 ( / Demand Fetches)	     59.4060

---Execution complete.
