tracename mgrid_m2b
---Dinero IV cache simulator, version 7
---Written by Jan Edler and Mark D. Hill
---Copyright (C) 1997 NEC Research Institute, Inc. and Mark D. Hill.
---All rights reserved.
---Copyright (C) 1985, 1989 Mark D. Hill.  All rights reserved.
---See -copyright option for details

---Summary of options (-help option gives usage information).

-l1-isize 32768
-l1-dsize 32768
-l2-dsize 262144
-l3-dsize 2097152
-l1-ibsize 64
-l1-dbsize 64
-l2-dbsize 64
-l3-dbsize 64
-l1-isbsize 64
-l1-dsbsize 64
-l2-dsbsize 64
-l3-dsbsize 64
-l1-iassoc 8
-l1-dassoc 8
-l2-dassoc 8
-l3-dassoc 8
-l1-irepl l
-l1-drepl b
-l2-drepl b
-l3-drepl b
-l1-ifetch d
-l1-dfetch d
-l2-dfetch d
-l3-dfetch d
-l1-dwalloc a
-l2-dwalloc a
-l3-dwalloc a
-l1-dwback a
-l2-dwback a
-l3-dwback a
-skipcount 0
-flushcount 0
-maxcount 0
-stat-interval 0
-informat s
-on-trigger 0x0
-off-trigger 0x0

---Simulation begins.
---Simulation complete.
l1-icache
 Metrics		      Total	      Instrn	       Data	       Read	      Write	       Misc
 -----------------	      ------	      ------	      ------	      ------	      ------	      ------
 Demand Fetches		  1999999386	  1999999386	           0	           0	           0	           0
  Fraction of total	      1.0000	      1.0000	      0.0000	      0.0000	      0.0000	      0.0000

 Demand Misses		        4186	        4186	           0	           0	           0	           0
  Demand miss rate	      0.0000	      0.0000	      0.0000	      0.0000	      0.0000	      0.0000

 Multi-block refs                 0
 Bytes From Memory	      267904
 ( / Demand Fetches)	      0.0001
 Bytes To Memory	           0
 ( / Demand Writes)	      0.0000
 Total Bytes r/w Mem	      267904
 ( / Demand Fetches)	      0.0001

l1-dcache
 Metrics		      Total	      Instrn	       Data	       Read	      Write	       Misc
 -----------------	      ------	      ------	      ------	      ------	      ------	      ------
 Demand Fetches		   728528595	           0	   728528595	   625264935	   103263660	           0
  Fraction of total	      1.0000	      0.0000	      1.0000	      0.8583	      0.1417	      0.0000

 Demand Misses		    28658882	           0	    28658882	    25110040	     3548842	           0
  Demand miss rate	      0.0393	      0.0000	      0.0393	      0.0402	      0.0344	      0.0000

 Multi-block refs                 0
 Bytes From Memory	  1834168448
 ( / Demand Fetches)	      2.5176
 Bytes To Memory	   462542784
 ( / Demand Writes)	      4.4792
 Total Bytes r/w Mem	  2296711232
 ( / Demand Fetches)	      3.1525

l2-dcache
 Metrics		      Total	      Instrn	       Data	       Read	      Write	       Misc
 -----------------	      ------	      ------	      ------	      ------	      ------	      ------
 Demand Fetches		    35886113	           0	    35886113	    28658882	     7227231	           0
  Fraction of total	      1.0000	      0.0000	      1.0000	      0.7986	      0.2014	      0.0000

 Demand Misses		    24535995	           0	    24535995	    24165217	      370778	           0
  Demand miss rate	      0.6837	      0.0000	      0.6837	      0.8432	      0.0513	      0.0000

 Multi-block refs                 0
 Bytes From Memory	  1546573888
 ( / Demand Fetches)	     43.0967
 Bytes To Memory	   448098944
 ( / Demand Writes)	     62.0015
 Total Bytes r/w Mem	  1994672832
 ( / Demand Fetches)	     55.5834

l3-dcache
 Metrics		      Total	      Instrn	       Data	       Read	      Write	       Misc
 -----------------	      ------	      ------	      ------	      ------	      ------	      ------
 Demand Fetches		    31166763	           0	    31166763	    24165217	     7001546	           0
  Fraction of total	      1.0000	      0.0000	      1.0000	      0.7754	      0.2246	      0.0000

 Demand Misses		    16567310	           0	    16567310	    16276013	      291297	           0
  Demand miss rate	      0.5316	      0.0000	      0.5316	      0.6735	      0.0416	      0.0000

 Multi-block refs                 0
 Bytes From Memory	  1041664832
 ( / Demand Fetches)	     33.4223
 Bytes To Memory	   435740800
 ( / Demand Writes)	     62.2349
 Total Bytes r/w Mem	  1477405632
 ( / Demand Fetches)	     47.4032

---Execution complete.
