tracename mgrid_m2b
---Dinero IV cache simulator, version 7
---Written by Jan Edler and Mark D. Hill
---Copyright (C) 1997 NEC Research Institute, Inc. and Mark D. Hill.
---All rights reserved.
---Copyright (C) 1985, 1989 Mark D. Hill.  All rights reserved.
---See -copyright option for details

---Summary of options (-help option gives usage information).

-l1-isize 32768
-l1-dsize 32768
-l2-dsize 262144
-l3-dsize 33554432
-l1-ibsize 64
-l1-dbsize 64
-l2-dbsize 64
-l3-dbsize 64
-l1-isbsize 64
-l1-dsbsize 64
-l2-dsbsize 64
-l3-dsbsize 64
-l1-iassoc 8
-l1-dassoc 8
-l2-dassoc 8
-l3-dassoc 8
-l1-irepl l
-l1-drepl 2
-l2-drepl 2
-l3-drepl 2
-l1-ifetch d
-l1-dfetch d
-l2-dfetch d
-l3-dfetch d
-l1-dwalloc a
-l2-dwalloc a
-l3-dwalloc a
-l1-dwback a
-l2-dwback a
-l3-dwback a
-skipcount 0
-flushcount 0
-maxcount 0
-stat-interval 0
-informat s
-on-trigger 0x0
-off-trigger 0x0

---Simulation begins.
---Simulation complete.
l1-icache
 Metrics		      Total	      Instrn	       Data	       Read	      Write	       Misc
 -----------------	      ------	      ------	      ------	      ------	      ------	      ------
 Demand Fetches		  1999999386	  1999999386	           0	           0	           0	           0
  Fraction of total	      1.0000	      1.0000	      0.0000	      0.0000	      0.0000	      0.0000

 Demand Misses		        4186	        4186	           0	           0	           0	           0
  Demand miss rate	      0.0000	      0.0000	      0.0000	      0.0000	      0.0000	      0.0000

 Multi-block refs                 0
 Bytes From Memory	      267904
 ( / Demand Fetches)	      0.0001
 Bytes To Memory	           0
 ( / Demand Writes)	      0.0000
 Total Bytes r/w Mem	      267904
 ( / Demand Fetches)	      0.0001

l1-dcache
 Metrics		      Total	      Instrn	       Data	       Read	      Write	       Misc
 -----------------	      ------	      ------	      ------	      ------	      ------	      ------
 Demand Fetches		   728528595	           0	   728528595	   625264935	   103263660	           0
  Fraction of total	      1.0000	      0.0000	      1.0000	      0.8583	      0.1417	      0.0000

 Demand Misses		    26681232	           0	    26681232	    23263452	     3417780	           0
  Demand miss rate	      0.0366	      0.0000	      0.0366	      0.0372	      0.0331	      0.0000

 Multi-block refs                 0
 Bytes From Memory	  1707598848
 ( / Demand Fetches)	      2.3439
 Bytes To Memory	   452448384
 ( / Demand Writes)	      4.3815
 Total Bytes r/w Mem	  2160047232
 ( / Demand Fetches)	      2.9649

l2-dcache
 Metrics		      Total	      Instrn	       Data	       Read	      Write	       Misc
 -----------------	      ------	      ------	      ------	      ------	      ------	      ------
 Demand Fetches		    33750738	           0	    33750738	    26681232	     7069506	           0
  Fraction of total	      1.0000	      0.0000	      1.0000	      0.7905	      0.2095	      0.0000

 Demand Misses		    24397919	           0	    24397919	    24287826	      110093	           0
  Demand miss rate	      0.7229	      0.0000	      0.7229	      0.9103	      0.0156	      0.0000

 Multi-block refs                 0
 Bytes From Memory	  1554420864
 ( / Demand Fetches)	     46.0559
 Bytes To Memory	   447288000
 ( / Demand Writes)	     63.2701
 Total Bytes r/w Mem	  2001708864
 ( / Demand Fetches)	     59.3086

l3-dcache
 Metrics		      Total	      Instrn	       Data	       Read	      Write	       Misc
 -----------------	      ------	      ------	      ------	      ------	      ------	      ------
 Demand Fetches		    31276701	           0	    31276701	    24287826	     6988875	           0
  Fraction of total	      1.0000	      0.0000	      1.0000	      0.7765	      0.2235	      0.0000

 Demand Misses		     9838828	           0	     9838828	     9838690	         138	           0
  Demand miss rate	      0.3146	      0.0000	      0.3146	      0.4051	      0.0000	      0.0000

 Multi-block refs                 0
 Bytes From Memory	   629676160
 ( / Demand Fetches)	     20.1324
 Bytes To Memory	   354171200
 ( / Demand Writes)	     50.6764
 Total Bytes r/w Mem	   983847360
 ( / Demand Fetches)	     31.4562

---Execution complete.
