tracename mgrid_m2b
---Dinero IV cache simulator, version 7
---Written by Jan Edler and Mark D. Hill
---Copyright (C) 1997 NEC Research Institute, Inc. and Mark D. Hill.
---All rights reserved.
---Copyright (C) 1985, 1989 Mark D. Hill.  All rights reserved.
---See -copyright option for details

---Summary of options (-help option gives usage information).

-l1-isize 32768
-l1-dsize 32768
-l2-dsize 262144
-l3-dsize 2097152
-l1-ibsize 64
-l1-dbsize 64
-l2-dbsize 64
-l3-dbsize 64
-l1-isbsize 64
-l1-dsbsize 64
-l2-dsbsize 64
-l3-dsbsize 64
-l1-iassoc 8
-l1-dassoc 8
-l2-dassoc 8
-l3-dassoc 8
-l1-irepl l
-l1-drepl r
-l2-drepl r
-l3-drepl r
-l1-ifetch d
-l1-dfetch d
-l2-dfetch d
-l3-dfetch d
-l1-dwalloc a
-l2-dwalloc a
-l3-dwalloc a
-l1-dwback a
-l2-dwback a
-l3-dwback a
-skipcount 0
-flushcount 0
-maxcount 0
-stat-interval 0
-informat s
-on-trigger 0x0
-off-trigger 0x0

---Simulation begins.
---Simulation complete.
l1-icache
 Metrics		      Total	      Instrn	       Data	       Read	      Write	       Misc
 -----------------	      ------	      ------	      ------	      ------	      ------	      ------
 Demand Fetches		  1999999386	  1999999386	           0	           0	           0	           0
  Fraction of total	      1.0000	      1.0000	      0.0000	      0.0000	      0.0000	      0.0000

 Demand Misses		        4186	        4186	           0	           0	           0	           0
  Demand miss rate	      0.0000	      0.0000	      0.0000	      0.0000	      0.0000	      0.0000

 Multi-block refs                 0
 Bytes From Memory	      267904
 ( / Demand Fetches)	      0.0001
 Bytes To Memory	           0
 ( / Demand Writes)	      0.0000
 Total Bytes r/w Mem	      267904
 ( / Demand Fetches)	      0.0001

l1-dcache
 Metrics		      Total	      Instrn	       Data	       Read	      Write	       Misc
 -----------------	      ------	      ------	      ------	      ------	      ------	      ------
 Demand Fetches		   728528595	           0	   728528595	   625264935	   103263660	           0
  Fraction of total	      1.0000	      0.0000	      1.0000	      0.8583	      0.1417	      0.0000

 Demand Misses		    32567671	           0	    32567671	    28684142	     3883529	           0
  Demand miss rate	      0.0447	      0.0000	      0.0447	      0.0459	      0.0376	      0.0000

 Multi-block refs                 0
 Bytes From Memory	  2084330944
 ( / Demand Fetches)	      2.8610
 Bytes To Memory	   486825600
 ( / Demand Writes)	      4.7144
 Total Bytes r/w Mem	  2571156544
 ( / Demand Fetches)	      3.5292

l2-dcache
 Metrics		      Total	      Instrn	       Data	       Read	      Write	       Misc
 -----------------	      ------	      ------	      ------	      ------	      ------	      ------
 Demand Fetches		    40174321	           0	    40174321	    32567671	     7606650	           0
  Fraction of total	      1.0000	      0.0000	      1.0000	      0.8107	      0.1893	      0.0000

 Demand Misses		    24724806	           0	    24724806	    23956204	      768602	           0
  Demand miss rate	      0.6154	      0.0000	      0.6154	      0.7356	      0.1010	      0.0000

 Multi-block refs                 0
 Bytes From Memory	  1533197056
 ( / Demand Fetches)	     38.1636
 Bytes To Memory	   451757696
 ( / Demand Writes)	     59.3898
 Total Bytes r/w Mem	  1984954752
 ( / Demand Fetches)	     49.4085

l3-dcache
 Metrics		      Total	      Instrn	       Data	       Read	      Write	       Misc
 -----------------	      ------	      ------	      ------	      ------	      ------	      ------
 Demand Fetches		    31014918	           0	    31014918	    23956204	     7058714	           0
  Fraction of total	      1.0000	      0.0000	      1.0000	      0.7724	      0.2276	      0.0000

 Demand Misses		    17522258	           0	    17522258	    16853509	      668749	           0
  Demand miss rate	      0.5650	      0.0000	      0.5650	      0.7035	      0.0947	      0.0000

 Multi-block refs                 0
 Bytes From Memory	  1078624576
 ( / Demand Fetches)	     34.7776
 Bytes To Memory	   436849664
 ( / Demand Writes)	     61.8880
 Total Bytes r/w Mem	  1515474240
 ( / Demand Fetches)	     48.8628

---Execution complete.
