tracename mgrid_m2b
---Dinero IV cache simulator, version 7
---Written by Jan Edler and Mark D. Hill
---Copyright (C) 1997 NEC Research Institute, Inc. and Mark D. Hill.
---All rights reserved.
---Copyright (C) 1985, 1989 Mark D. Hill.  All rights reserved.
---See -copyright option for details

---Summary of options (-help option gives usage information).

-l1-isize 32768
-l1-dsize 32768
-l2-dsize 262144
-l3-dsize 8388608
-l1-ibsize 64
-l1-dbsize 64
-l2-dbsize 64
-l3-dbsize 64
-l1-isbsize 64
-l1-dsbsize 64
-l2-dsbsize 64
-l3-dsbsize 64
-l1-iassoc 8
-l1-dassoc 8
-l2-dassoc 8
-l3-dassoc 8
-l1-irepl l
-l1-drepl r
-l2-drepl r
-l3-drepl r
-l1-ifetch d
-l1-dfetch d
-l2-dfetch d
-l3-dfetch d
-l1-dwalloc a
-l2-dwalloc a
-l3-dwalloc a
-l1-dwback a
-l2-dwback a
-l3-dwback a
-skipcount 0
-flushcount 0
-maxcount 0
-stat-interval 0
-informat s
-on-trigger 0x0
-off-trigger 0x0

---Simulation begins.
---Simulation complete.
l1-icache
 Metrics		      Total	      Instrn	       Data	       Read	      Write	       Misc
 -----------------	      ------	      ------	      ------	      ------	      ------	      ------
 Demand Fetches		  1999999386	  1999999386	           0	           0	           0	           0
  Fraction of total	      1.0000	      1.0000	      0.0000	      0.0000	      0.0000	      0.0000

 Demand Misses		        4186	        4186	           0	           0	           0	           0
  Demand miss rate	      0.0000	      0.0000	      0.0000	      0.0000	      0.0000	      0.0000

 Multi-block refs                 0
 Bytes From Memory	      267904
 ( / Demand Fetches)	      0.0001
 Bytes To Memory	           0
 ( / Demand Writes)	      0.0000
 Total Bytes r/w Mem	      267904
 ( / Demand Fetches)	      0.0001

l1-dcache
 Metrics		      Total	      Instrn	       Data	       Read	      Write	       Misc
 -----------------	      ------	      ------	      ------	      ------	      ------	      ------
 Demand Fetches		   728528595	           0	   728528595	   625264935	   103263660	           0
  Fraction of total	      1.0000	      0.0000	      1.0000	      0.8583	      0.1417	      0.0000

 Demand Misses		    32571087	           0	    32571087	    28688886	     3882201	           0
  Demand miss rate	      0.0447	      0.0000	      0.0447	      0.0459	      0.0376	      0.0000

 Multi-block refs                 0
 Bytes From Memory	  2084549568
 ( / Demand Fetches)	      2.8613
 Bytes To Memory	   486761728
 ( / Demand Writes)	      4.7138
 Total Bytes r/w Mem	  2571311296
 ( / Demand Fetches)	      3.5295

l2-dcache
 Metrics		      Total	      Instrn	       Data	       Read	      Write	       Misc
 -----------------	      ------	      ------	      ------	      ------	      ------	      ------
 Demand Fetches		    40176739	           0	    40176739	    32571087	     7605652	           0
  Fraction of total	      1.0000	      0.0000	      1.0000	      0.8107	      0.1893	      0.0000

 Demand Misses		    24723189	           0	    24723189	    23954729	      768460	           0
  Demand miss rate	      0.6154	      0.0000	      0.6154	      0.7355	      0.1010	      0.0000

 Multi-block refs                 0
 Bytes From Memory	  1533102656
 ( / Demand Fetches)	     38.1590
 Bytes To Memory	   451778624
 ( / Demand Writes)	     59.4004
 Total Bytes r/w Mem	  1984881280
 ( / Demand Fetches)	     49.4037

l3-dcache
 Metrics		      Total	      Instrn	       Data	       Read	      Write	       Misc
 -----------------	      ------	      ------	      ------	      ------	      ------	      ------
 Demand Fetches		    31013770	           0	    31013770	    23954729	     7059041	           0
  Fraction of total	      1.0000	      0.0000	      1.0000	      0.7724	      0.2276	      0.0000

 Demand Misses		    15060433	           0	    15060433	    15016292	       44141	           0
  Demand miss rate	      0.4856	      0.0000	      0.4856	      0.6269	      0.0063	      0.0000

 Multi-block refs                 0
 Bytes From Memory	   961042688
 ( / Demand Fetches)	     30.9876
 Bytes To Memory	   413655872
 ( / Demand Writes)	     58.5994
 Total Bytes r/w Mem	  1374698560
 ( / Demand Fetches)	     44.3254

---Execution complete.
