tracename mgrid_m2b
---Dinero IV cache simulator, version 7
---Written by Jan Edler and Mark D. Hill
---Copyright (C) 1997 NEC Research Institute, Inc. and Mark D. Hill.
---All rights reserved.
---Copyright (C) 1985, 1989 Mark D. Hill.  All rights reserved.
---See -copyright option for details

---Summary of options (-help option gives usage information).

-l1-isize 32768
-l1-dsize 32768
-l2-dsize 262144
-l3-dsize 33554432
-l1-ibsize 64
-l1-dbsize 64
-l2-dbsize 64
-l3-dbsize 64
-l1-isbsize 64
-l1-dsbsize 64
-l2-dsbsize 64
-l3-dsbsize 64
-l1-iassoc 8
-l1-dassoc 8
-l2-dassoc 8
-l3-dassoc 8
-l1-irepl l
-l1-drepl b
-l2-drepl b
-l3-drepl b
-l1-ifetch d
-l1-dfetch d
-l2-dfetch d
-l3-dfetch d
-l1-dwalloc a
-l2-dwalloc a
-l3-dwalloc a
-l1-dwback a
-l2-dwback a
-l3-dwback a
-skipcount 0
-flushcount 0
-maxcount 0
-stat-interval 0
-informat s
-on-trigger 0x0
-off-trigger 0x0

---Simulation begins.
---Simulation complete.
l1-icache
 Metrics		      Total	      Instrn	       Data	       Read	      Write	       Misc
 -----------------	      ------	      ------	      ------	      ------	      ------	      ------
 Demand Fetches		  1999999386	  1999999386	           0	           0	           0	           0
  Fraction of total	      1.0000	      1.0000	      0.0000	      0.0000	      0.0000	      0.0000

 Demand Misses		        4186	        4186	           0	           0	           0	           0
  Demand miss rate	      0.0000	      0.0000	      0.0000	      0.0000	      0.0000	      0.0000

 Multi-block refs                 0
 Bytes From Memory	      267904
 ( / Demand Fetches)	      0.0001
 Bytes To Memory	           0
 ( / Demand Writes)	      0.0000
 Total Bytes r/w Mem	      267904
 ( / Demand Fetches)	      0.0001

l1-dcache
 Metrics		      Total	      Instrn	       Data	       Read	      Write	       Misc
 -----------------	      ------	      ------	      ------	      ------	      ------	      ------
 Demand Fetches		   728528595	           0	   728528595	   625264935	   103263660	           0
  Fraction of total	      1.0000	      0.0000	      1.0000	      0.8583	      0.1417	      0.0000

 Demand Misses		    28657847	           0	    28657847	    25107951	     3549896	           0
  Demand miss rate	      0.0393	      0.0000	      0.0393	      0.0402	      0.0344	      0.0000

 Multi-block refs                 0
 Bytes From Memory	  1834102208
 ( / Demand Fetches)	      2.5175
 Bytes To Memory	   462578496
 ( / Demand Writes)	      4.4796
 Total Bytes r/w Mem	  2296680704
 ( / Demand Fetches)	      3.1525

l2-dcache
 Metrics		      Total	      Instrn	       Data	       Read	      Write	       Misc
 -----------------	      ------	      ------	      ------	      ------	      ------	      ------
 Demand Fetches		    35885636	           0	    35885636	    28657847	     7227789	           0
  Fraction of total	      1.0000	      0.0000	      1.0000	      0.7986	      0.2014	      0.0000

 Demand Misses		    24536573	           0	    24536573	    24164746	      371827	           0
  Demand miss rate	      0.6837	      0.0000	      0.6837	      0.8432	      0.0514	      0.0000

 Multi-block refs                 0
 Bytes From Memory	  1546543744
 ( / Demand Fetches)	     43.0965
 Bytes To Memory	   448091136
 ( / Demand Writes)	     61.9956
 Total Bytes r/w Mem	  1994634880
 ( / Demand Fetches)	     55.5831

l3-dcache
 Metrics		      Total	      Instrn	       Data	       Read	      Write	       Misc
 -----------------	      ------	      ------	      ------	      ------	      ------	      ------
 Demand Fetches		    31166170	           0	    31166170	    24164746	     7001424	           0
  Fraction of total	      1.0000	      0.0000	      1.0000	      0.7754	      0.2246	      0.0000

 Demand Misses		     9553156	           0	     9553156	     9549179	        3977	           0
  Demand miss rate	      0.3065	      0.0000	      0.3065	      0.3952	      0.0006	      0.0000

 Multi-block refs                 0
 Bytes From Memory	   611147456
 ( / Demand Fetches)	     19.6093
 Bytes To Memory	   346216384
 ( / Demand Writes)	     49.4494
 Total Bytes r/w Mem	   957363840
 ( / Demand Fetches)	     30.7180

---Execution complete.
