tracename mgrid_m2b
---Dinero IV cache simulator, version 7
---Written by Jan Edler and Mark D. Hill
---Copyright (C) 1997 NEC Research Institute, Inc. and Mark D. Hill.
---All rights reserved.
---Copyright (C) 1985, 1989 Mark D. Hill.  All rights reserved.
---See -copyright option for details

---Summary of options (-help option gives usage information).

-l1-isize 32768
-l1-dsize 32768
-l2-dsize 262144
-l3-dsize 16777216
-l1-ibsize 64
-l1-dbsize 64
-l2-dbsize 64
-l3-dbsize 64
-l1-isbsize 64
-l1-dsbsize 64
-l2-dsbsize 64
-l3-dsbsize 64
-l1-iassoc 8
-l1-dassoc 8
-l2-dassoc 8
-l3-dassoc 8
-l1-irepl l
-l1-drepl c
-l2-drepl c
-l3-drepl c
-l1-ifetch d
-l1-dfetch d
-l2-dfetch d
-l3-dfetch d
-l1-dwalloc a
-l2-dwalloc a
-l3-dwalloc a
-l1-dwback a
-l2-dwback a
-l3-dwback a
-skipcount 0
-flushcount 0
-maxcount 0
-stat-interval 0
-informat s
-on-trigger 0x0
-off-trigger 0x0

---Simulation begins.
---Simulation complete.
l1-icache
 Metrics		      Total	      Instrn	       Data	       Read	      Write	       Misc
 -----------------	      ------	      ------	      ------	      ------	      ------	      ------
 Demand Fetches		  1999999386	  1999999386	           0	           0	           0	           0
  Fraction of total	      1.0000	      1.0000	      0.0000	      0.0000	      0.0000	      0.0000

 Demand Misses		        4186	        4186	           0	           0	           0	           0
  Demand miss rate	      0.0000	      0.0000	      0.0000	      0.0000	      0.0000	      0.0000

 Multi-block refs                 0
 Bytes From Memory	      267904
 ( / Demand Fetches)	      0.0001
 Bytes To Memory	           0
 ( / Demand Writes)	      0.0000
 Total Bytes r/w Mem	      267904
 ( / Demand Fetches)	      0.0001

l1-dcache
 Metrics		      Total	      Instrn	       Data	       Read	      Write	       Misc
 -----------------	      ------	      ------	      ------	      ------	      ------	      ------
 Demand Fetches		   728528595	           0	   728528595	   625264935	   103263660	           0
  Fraction of total	      1.0000	      0.0000	      1.0000	      0.8583	      0.1417	      0.0000

 Demand Misses		    27487369	           0	    27487369	    24025307	     3462062	           0
  Demand miss rate	      0.0377	      0.0000	      0.0377	      0.0384	      0.0335	      0.0000

 Multi-block refs                 0
 Bytes From Memory	  1759191616
 ( / Demand Fetches)	      2.4147
 Bytes To Memory	   456474176
 ( / Demand Writes)	      4.4205
 Total Bytes r/w Mem	  2215665792
 ( / Demand Fetches)	      3.0413

l2-dcache
 Metrics		      Total	      Instrn	       Data	       Read	      Write	       Misc
 -----------------	      ------	      ------	      ------	      ------	      ------	      ------
 Demand Fetches		    34619778	           0	    34619778	    27487369	     7132409	           0
  Fraction of total	      1.0000	      0.0000	      1.0000	      0.7940	      0.2060	      0.0000

 Demand Misses		    24548851	           0	    24548851	    24298241	      250610	           0
  Demand miss rate	      0.7091	      0.0000	      0.7091	      0.8840	      0.0351	      0.0000

 Multi-block refs                 0
 Bytes From Memory	  1555087424
 ( / Demand Fetches)	     44.9190
 Bytes To Memory	   447593024
 ( / Demand Writes)	     62.7548
 Total Bytes r/w Mem	  2002680448
 ( / Demand Fetches)	     57.8479

l3-dcache
 Metrics		      Total	      Instrn	       Data	       Read	      Write	       Misc
 -----------------	      ------	      ------	      ------	      ------	      ------	      ------
 Demand Fetches		    31291882	           0	    31291882	    24298241	     6993641	           0
  Fraction of total	      1.0000	      0.0000	      1.0000	      0.7765	      0.2235	      0.0000

 Demand Misses		    13896192	           0	    13896192	    13891401	        4791	           0
  Demand miss rate	      0.4441	      0.0000	      0.4441	      0.5717	      0.0007	      0.0000

 Multi-block refs                 0
 Bytes From Memory	   889049664
 ( / Demand Fetches)	     28.4115
 Bytes To Memory	   400646400
 ( / Demand Writes)	     57.2872
 Total Bytes r/w Mem	  1289696064
 ( / Demand Fetches)	     41.2150

---Execution complete.
