tracename mgrid_m2b
---Dinero IV cache simulator, version 7
---Written by Jan Edler and Mark D. Hill
---Copyright (C) 1997 NEC Research Institute, Inc. and Mark D. Hill.
---All rights reserved.
---Copyright (C) 1985, 1989 Mark D. Hill.  All rights reserved.
---See -copyright option for details

---Summary of options (-help option gives usage information).

-l1-isize 32768
-l1-dsize 32768
-l2-dsize 262144
-l3-dsize 4194304
-l1-ibsize 64
-l1-dbsize 64
-l2-dbsize 64
-l3-dbsize 64
-l1-isbsize 64
-l1-dsbsize 64
-l2-dsbsize 64
-l3-dsbsize 64
-l1-iassoc 8
-l1-dassoc 8
-l2-dassoc 8
-l3-dassoc 8
-l1-irepl l
-l1-drepl l
-l2-drepl l
-l3-drepl l
-l1-ifetch d
-l1-dfetch d
-l2-dfetch d
-l3-dfetch d
-l1-dwalloc a
-l2-dwalloc a
-l3-dwalloc a
-l1-dwback a
-l2-dwback a
-l3-dwback a
-skipcount 0
-flushcount 0
-maxcount 0
-stat-interval 0
-informat s
-on-trigger 0x0
-off-trigger 0x0

---Simulation begins.
---Simulation complete.
l1-icache
 Metrics		      Total	      Instrn	       Data	       Read	      Write	       Misc
 -----------------	      ------	      ------	      ------	      ------	      ------	      ------
 Demand Fetches		  1999999386	  1999999386	           0	           0	           0	           0
  Fraction of total	      1.0000	      1.0000	      0.0000	      0.0000	      0.0000	      0.0000

 Demand Misses		        4186	        4186	           0	           0	           0	           0
  Demand miss rate	      0.0000	      0.0000	      0.0000	      0.0000	      0.0000	      0.0000

 Multi-block refs                 0
 Bytes From Memory	      267904
 ( / Demand Fetches)	      0.0001
 Bytes To Memory	           0
 ( / Demand Writes)	      0.0000
 Total Bytes r/w Mem	      267904
 ( / Demand Fetches)	      0.0001

l1-dcache
 Metrics		      Total	      Instrn	       Data	       Read	      Write	       Misc
 -----------------	      ------	      ------	      ------	      ------	      ------	      ------
 Demand Fetches		   728528595	           0	   728528595	   625264935	   103263660	           0
  Fraction of total	      1.0000	      0.0000	      1.0000	      0.8583	      0.1417	      0.0000

 Demand Misses		    25204709	           0	    25204709	    21849046	     3355663	           0
  Demand miss rate	      0.0346	      0.0000	      0.0346	      0.0349	      0.0325	      0.0000

 Multi-block refs                 0
 Bytes From Memory	  1613101376
 ( / Demand Fetches)	      2.2142
 Bytes To Memory	   448670144
 ( / Demand Writes)	      4.3449
 Total Bytes r/w Mem	  2061771520
 ( / Demand Fetches)	      2.8300

l2-dcache
 Metrics		      Total	      Instrn	       Data	       Read	      Write	       Misc
 -----------------	      ------	      ------	      ------	      ------	      ------	      ------
 Demand Fetches		    32215180	           0	    32215180	    25204709	     7010471	           0
  Fraction of total	      1.0000	      0.0000	      1.0000	      0.7824	      0.2176	      0.0000

 Demand Misses		    24436478	           0	    24436478	    24436226	         252	           0
  Demand miss rate	      0.7585	      0.0000	      0.7585	      0.9695	      0.0000	      0.0000

 Multi-block refs                 0
 Bytes From Memory	  1563918464
 ( / Demand Fetches)	     48.5460
 Bytes To Memory	   447221312
 ( / Demand Writes)	     63.7933
 Total Bytes r/w Mem	  2011139776
 ( / Demand Fetches)	     62.4283

l3-dcache
 Metrics		      Total	      Instrn	       Data	       Read	      Write	       Misc
 -----------------	      ------	      ------	      ------	      ------	      ------	      ------
 Demand Fetches		    31424059	           0	    31424059	    24436226	     6987833	           0
  Fraction of total	      1.0000	      0.0000	      1.0000	      0.7776	      0.2224	      0.0000

 Demand Misses		    15034827	           0	    15034827	    15034668	         159	           0
  Demand miss rate	      0.4784	      0.0000	      0.4784	      0.6153	      0.0000	      0.0000

 Multi-block refs                 0
 Bytes From Memory	   962218752
 ( / Demand Fetches)	     30.6204
 Bytes To Memory	   421975744
 ( / Demand Writes)	     60.3872
 Total Bytes r/w Mem	  1384194496
 ( / Demand Fetches)	     44.0489

---Execution complete.
