tracename mgrid_m2b
---Dinero IV cache simulator, version 7
---Written by Jan Edler and Mark D. Hill
---Copyright (C) 1997 NEC Research Institute, Inc. and Mark D. Hill.
---All rights reserved.
---Copyright (C) 1985, 1989 Mark D. Hill.  All rights reserved.
---See -copyright option for details

---Summary of options (-help option gives usage information).

-l1-isize 32768
-l1-dsize 32768
-l2-dsize 262144
-l3-dsize 4194304
-l1-ibsize 64
-l1-dbsize 64
-l2-dbsize 64
-l3-dbsize 64
-l1-isbsize 64
-l1-dsbsize 64
-l2-dsbsize 64
-l3-dsbsize 64
-l1-iassoc 8
-l1-dassoc 8
-l2-dassoc 8
-l3-dassoc 8
-l1-irepl l
-l1-drepl c
-l2-drepl c
-l3-drepl c
-l1-ifetch d
-l1-dfetch d
-l2-dfetch d
-l3-dfetch d
-l1-dwalloc a
-l2-dwalloc a
-l3-dwalloc a
-l1-dwback a
-l2-dwback a
-l3-dwback a
-skipcount 0
-flushcount 0
-maxcount 0
-stat-interval 0
-informat s
-on-trigger 0x0
-off-trigger 0x0

---Simulation begins.
---Simulation complete.
l1-icache
 Metrics		      Total	      Instrn	       Data	       Read	      Write	       Misc
 -----------------	      ------	      ------	      ------	      ------	      ------	      ------
 Demand Fetches		  1999999386	  1999999386	           0	           0	           0	           0
  Fraction of total	      1.0000	      1.0000	      0.0000	      0.0000	      0.0000	      0.0000

 Demand Misses		        4186	        4186	           0	           0	           0	           0
  Demand miss rate	      0.0000	      0.0000	      0.0000	      0.0000	      0.0000	      0.0000

 Multi-block refs                 0
 Bytes From Memory	      267904
 ( / Demand Fetches)	      0.0001
 Bytes To Memory	           0
 ( / Demand Writes)	      0.0000
 Total Bytes r/w Mem	      267904
 ( / Demand Fetches)	      0.0001

l1-dcache
 Metrics		      Total	      Instrn	       Data	       Read	      Write	       Misc
 -----------------	      ------	      ------	      ------	      ------	      ------	      ------
 Demand Fetches		   728528595	           0	   728528595	   625264935	   103263660	           0
  Fraction of total	      1.0000	      0.0000	      1.0000	      0.8583	      0.1417	      0.0000

 Demand Misses		    27486836	           0	    27486836	    24024465	     3462371	           0
  Demand miss rate	      0.0377	      0.0000	      0.0377	      0.0384	      0.0335	      0.0000

 Multi-block refs                 0
 Bytes From Memory	  1759157504
 ( / Demand Fetches)	      2.4147
 Bytes To Memory	   456476736
 ( / Demand Writes)	      4.4205
 Total Bytes r/w Mem	  2215634240
 ( / Demand Fetches)	      3.0412

l2-dcache
 Metrics		      Total	      Instrn	       Data	       Read	      Write	       Misc
 -----------------	      ------	      ------	      ------	      ------	      ------	      ------
 Demand Fetches		    34619285	           0	    34619285	    27486836	     7132449	           0
  Fraction of total	      1.0000	      0.0000	      1.0000	      0.7940	      0.2060	      0.0000

 Demand Misses		    24547125	           0	    24547125	    24297142	      249983	           0
  Demand miss rate	      0.7091	      0.0000	      0.7091	      0.8840	      0.0350	      0.0000

 Multi-block refs                 0
 Bytes From Memory	  1555017088
 ( / Demand Fetches)	     44.9177
 Bytes To Memory	   447586176
 ( / Demand Writes)	     62.7535
 Total Bytes r/w Mem	  2002603264
 ( / Demand Fetches)	     57.8465

l3-dcache
 Metrics		      Total	      Instrn	       Data	       Read	      Write	       Misc
 -----------------	      ------	      ------	      ------	      ------	      ------	      ------
 Demand Fetches		    31290676	           0	    31290676	    24297142	     6993534	           0
  Fraction of total	      1.0000	      0.0000	      1.0000	      0.7765	      0.2235	      0.0000

 Demand Misses		    15173134	           0	    15173134	    15154878	       18256	           0
  Demand miss rate	      0.4849	      0.0000	      0.4849	      0.6237	      0.0026	      0.0000

 Multi-block refs                 0
 Bytes From Memory	   969912192
 ( / Demand Fetches)	     30.9968
 Bytes To Memory	   422815552
 ( / Demand Writes)	     60.4581
 Total Bytes r/w Mem	  1392727744
 ( / Demand Fetches)	     44.5094

---Execution complete.
