tracename mgrid_m2b
---Dinero IV cache simulator, version 7
---Written by Jan Edler and Mark D. Hill
---Copyright (C) 1997 NEC Research Institute, Inc. and Mark D. Hill.
---All rights reserved.
---Copyright (C) 1985, 1989 Mark D. Hill.  All rights reserved.
---See -copyright option for details

---Summary of options (-help option gives usage information).

-l1-isize 32768
-l1-dsize 32768
-l2-dsize 262144
-l3-dsize 262144
-l1-ibsize 64
-l1-dbsize 64
-l2-dbsize 64
-l3-dbsize 64
-l1-isbsize 64
-l1-dsbsize 64
-l2-dsbsize 64
-l3-dsbsize 64
-l1-iassoc 8
-l1-dassoc 8
-l2-dassoc 8
-l3-dassoc 8
-l1-irepl l
-l1-drepl r
-l2-drepl r
-l3-drepl r
-l1-ifetch d
-l1-dfetch d
-l2-dfetch d
-l3-dfetch d
-l1-dwalloc a
-l2-dwalloc a
-l3-dwalloc a
-l1-dwback a
-l2-dwback a
-l3-dwback a
-skipcount 0
-flushcount 0
-maxcount 0
-stat-interval 0
-informat s
-on-trigger 0x0
-off-trigger 0x0

---Simulation begins.
---Simulation complete.
l1-icache
 Metrics		      Total	      Instrn	       Data	       Read	      Write	       Misc
 -----------------	      ------	      ------	      ------	      ------	      ------	      ------
 Demand Fetches		  1999999386	  1999999386	           0	           0	           0	           0
  Fraction of total	      1.0000	      1.0000	      0.0000	      0.0000	      0.0000	      0.0000

 Demand Misses		        4186	        4186	           0	           0	           0	           0
  Demand miss rate	      0.0000	      0.0000	      0.0000	      0.0000	      0.0000	      0.0000

 Multi-block refs                 0
 Bytes From Memory	      267904
 ( / Demand Fetches)	      0.0001
 Bytes To Memory	           0
 ( / Demand Writes)	      0.0000
 Total Bytes r/w Mem	      267904
 ( / Demand Fetches)	      0.0001

l1-dcache
 Metrics		      Total	      Instrn	       Data	       Read	      Write	       Misc
 -----------------	      ------	      ------	      ------	      ------	      ------	      ------
 Demand Fetches		   728528595	           0	   728528595	   625264935	   103263660	           0
  Fraction of total	      1.0000	      0.0000	      1.0000	      0.8583	      0.1417	      0.0000

 Demand Misses		    32574792	           0	    32574792	    28690737	     3884055	           0
  Demand miss rate	      0.0447	      0.0000	      0.0447	      0.0459	      0.0376	      0.0000

 Multi-block refs                 0
 Bytes From Memory	  2084786688
 ( / Demand Fetches)	      2.8616
 Bytes To Memory	   486882944
 ( / Demand Writes)	      4.7149
 Total Bytes r/w Mem	  2571669632
 ( / Demand Fetches)	      3.5300

l2-dcache
 Metrics		      Total	      Instrn	       Data	       Read	      Write	       Misc
 -----------------	      ------	      ------	      ------	      ------	      ------	      ------
 Demand Fetches		    40182338	           0	    40182338	    32574792	     7607546	           0
  Fraction of total	      1.0000	      0.0000	      1.0000	      0.8107	      0.1893	      0.0000

 Demand Misses		    24723505	           0	    24723505	    23955320	      768185	           0
  Demand miss rate	      0.6153	      0.0000	      0.6153	      0.7354	      0.1010	      0.0000

 Multi-block refs                 0
 Bytes From Memory	  1533140480
 ( / Demand Fetches)	     38.1546
 Bytes To Memory	   451753408
 ( / Demand Writes)	     59.3823
 Total Bytes r/w Mem	  1984893888
 ( / Demand Fetches)	     49.3972

l3-dcache
 Metrics		      Total	      Instrn	       Data	       Read	      Write	       Misc
 -----------------	      ------	      ------	      ------	      ------	      ------	      ------
 Demand Fetches		    31013967	           0	    31013967	    23955320	     7058647	           0
  Fraction of total	      1.0000	      0.0000	      1.0000	      0.7724	      0.2276	      0.0000

 Demand Misses		    27523074	           0	    27523074	    23092321	     4430753	           0
  Demand miss rate	      0.8874	      0.0000	      0.8874	      0.9640	      0.6277	      0.0000

 Multi-block refs                 0
 Bytes From Memory	  1477908544
 ( / Demand Fetches)	     47.6530
 Bytes To Memory	   449196096
 ( / Demand Writes)	     63.6377
 Total Bytes r/w Mem	  1927104640
 ( / Demand Fetches)	     62.1367

---Execution complete.
