tracename mgrid_m2b
---Dinero IV cache simulator, version 7
---Written by Jan Edler and Mark D. Hill
---Copyright (C) 1997 NEC Research Institute, Inc. and Mark D. Hill.
---All rights reserved.
---Copyright (C) 1985, 1989 Mark D. Hill.  All rights reserved.
---See -copyright option for details

---Summary of options (-help option gives usage information).

-l1-isize 32768
-l1-dsize 32768
-l2-dsize 262144
-l3-dsize 4194304
-l1-ibsize 64
-l1-dbsize 64
-l2-dbsize 64
-l3-dbsize 64
-l1-isbsize 64
-l1-dsbsize 64
-l2-dsbsize 64
-l3-dsbsize 64
-l1-iassoc 8
-l1-dassoc 8
-l2-dassoc 8
-l3-dassoc 8
-l1-irepl l
-l1-drepl r
-l2-drepl r
-l3-drepl r
-l1-ifetch d
-l1-dfetch d
-l2-dfetch d
-l3-dfetch d
-l1-dwalloc a
-l2-dwalloc a
-l3-dwalloc a
-l1-dwback a
-l2-dwback a
-l3-dwback a
-skipcount 0
-flushcount 0
-maxcount 0
-stat-interval 0
-informat s
-on-trigger 0x0
-off-trigger 0x0

---Simulation begins.
---Simulation complete.
l1-icache
 Metrics		      Total	      Instrn	       Data	       Read	      Write	       Misc
 -----------------	      ------	      ------	      ------	      ------	      ------	      ------
 Demand Fetches		  1999999386	  1999999386	           0	           0	           0	           0
  Fraction of total	      1.0000	      1.0000	      0.0000	      0.0000	      0.0000	      0.0000

 Demand Misses		        4186	        4186	           0	           0	           0	           0
  Demand miss rate	      0.0000	      0.0000	      0.0000	      0.0000	      0.0000	      0.0000

 Multi-block refs                 0
 Bytes From Memory	      267904
 ( / Demand Fetches)	      0.0001
 Bytes To Memory	           0
 ( / Demand Writes)	      0.0000
 Total Bytes r/w Mem	      267904
 ( / Demand Fetches)	      0.0001

l1-dcache
 Metrics		      Total	      Instrn	       Data	       Read	      Write	       Misc
 -----------------	      ------	      ------	      ------	      ------	      ------	      ------
 Demand Fetches		   728528595	           0	   728528595	   625264935	   103263660	           0
  Fraction of total	      1.0000	      0.0000	      1.0000	      0.8583	      0.1417	      0.0000

 Demand Misses		    32569281	           0	    32569281	    28686859	     3882422	           0
  Demand miss rate	      0.0447	      0.0000	      0.0447	      0.0459	      0.0376	      0.0000

 Multi-block refs                 0
 Bytes From Memory	  2084433984
 ( / Demand Fetches)	      2.8612
 Bytes To Memory	   486771072
 ( / Demand Writes)	      4.7139
 Total Bytes r/w Mem	  2571205056
 ( / Demand Fetches)	      3.5293

l2-dcache
 Metrics		      Total	      Instrn	       Data	       Read	      Write	       Misc
 -----------------	      ------	      ------	      ------	      ------	      ------	      ------
 Demand Fetches		    40175079	           0	    40175079	    32569281	     7605798	           0
  Fraction of total	      1.0000	      0.0000	      1.0000	      0.8107	      0.1893	      0.0000

 Demand Misses		    24721699	           0	    24721699	    23955183	      766516	           0
  Demand miss rate	      0.6153	      0.0000	      0.6153	      0.7355	      0.1008	      0.0000

 Multi-block refs                 0
 Bytes From Memory	  1533131712
 ( / Demand Fetches)	     38.1613
 Bytes To Memory	   451739328
 ( / Demand Writes)	     59.3941
 Total Bytes r/w Mem	  1984871040
 ( / Demand Fetches)	     49.4055

l3-dcache
 Metrics		      Total	      Instrn	       Data	       Read	      Write	       Misc
 -----------------	      ------	      ------	      ------	      ------	      ------	      ------
 Demand Fetches		    31013610	           0	    31013610	    23955183	     7058427	           0
  Fraction of total	      1.0000	      0.0000	      1.0000	      0.7724	      0.2276	      0.0000

 Demand Misses		    15633921	           0	    15633921	    15535666	       98255	           0
  Demand miss rate	      0.5041	      0.0000	      0.5041	      0.6485	      0.0139	      0.0000

 Multi-block refs                 0
 Bytes From Memory	   994282624
 ( / Demand Fetches)	     32.0596
 Bytes To Memory	   425485120
 ( / Demand Writes)	     60.2804
 Total Bytes r/w Mem	  1419767744
 ( / Demand Fetches)	     45.7789

---Execution complete.
