tracename mgrid_m2b
---Dinero IV cache simulator, version 7
---Written by Jan Edler and Mark D. Hill
---Copyright (C) 1997 NEC Research Institute, Inc. and Mark D. Hill.
---All rights reserved.
---Copyright (C) 1985, 1989 Mark D. Hill.  All rights reserved.
---See -copyright option for details

---Summary of options (-help option gives usage information).

-l1-isize 32768
-l1-dsize 32768
-l2-dsize 262144
-l3-dsize 16777216
-l1-ibsize 64
-l1-dbsize 64
-l2-dbsize 64
-l3-dbsize 64
-l1-isbsize 64
-l1-dsbsize 64
-l2-dsbsize 64
-l3-dsbsize 64
-l1-iassoc 8
-l1-dassoc 8
-l2-dassoc 8
-l3-dassoc 8
-l1-irepl l
-l1-drepl 2
-l2-drepl 2
-l3-drepl 2
-l1-ifetch d
-l1-dfetch d
-l2-dfetch d
-l3-dfetch d
-l1-dwalloc a
-l2-dwalloc a
-l3-dwalloc a
-l1-dwback a
-l2-dwback a
-l3-dwback a
-skipcount 0
-flushcount 0
-maxcount 0
-stat-interval 0
-informat s
-on-trigger 0x0
-off-trigger 0x0

---Simulation begins.
---Simulation complete.
l1-icache
 Metrics		      Total	      Instrn	       Data	       Read	      Write	       Misc
 -----------------	      ------	      ------	      ------	      ------	      ------	      ------
 Demand Fetches		  1999999386	  1999999386	           0	           0	           0	           0
  Fraction of total	      1.0000	      1.0000	      0.0000	      0.0000	      0.0000	      0.0000

 Demand Misses		        4186	        4186	           0	           0	           0	           0
  Demand miss rate	      0.0000	      0.0000	      0.0000	      0.0000	      0.0000	      0.0000

 Multi-block refs                 0
 Bytes From Memory	      267904
 ( / Demand Fetches)	      0.0001
 Bytes To Memory	           0
 ( / Demand Writes)	      0.0000
 Total Bytes r/w Mem	      267904
 ( / Demand Fetches)	      0.0001

l1-dcache
 Metrics		      Total	      Instrn	       Data	       Read	      Write	       Misc
 -----------------	      ------	      ------	      ------	      ------	      ------	      ------
 Demand Fetches		   728528595	           0	   728528595	   625264935	   103263660	           0
  Fraction of total	      1.0000	      0.0000	      1.0000	      0.8583	      0.1417	      0.0000

 Demand Misses		    26682244	           0	    26682244	    23263900	     3418344	           0
  Demand miss rate	      0.0366	      0.0000	      0.0366	      0.0372	      0.0331	      0.0000

 Multi-block refs                 0
 Bytes From Memory	  1707663616
 ( / Demand Fetches)	      2.3440
 Bytes To Memory	   452501248
 ( / Demand Writes)	      4.3820
 Total Bytes r/w Mem	  2160164864
 ( / Demand Fetches)	      2.9651

l2-dcache
 Metrics		      Total	      Instrn	       Data	       Read	      Write	       Misc
 -----------------	      ------	      ------	      ------	      ------	      ------	      ------
 Demand Fetches		    33752576	           0	    33752576	    26682244	     7070332	           0
  Fraction of total	      1.0000	      0.0000	      1.0000	      0.7905	      0.2095	      0.0000

 Demand Misses		    24400011	           0	    24400011	    24289562	      110449	           0
  Demand miss rate	      0.7229	      0.0000	      0.7229	      0.9103	      0.0156	      0.0000

 Multi-block refs                 0
 Bytes From Memory	  1554531968
 ( / Demand Fetches)	     46.0567
 Bytes To Memory	   447303936
 ( / Demand Writes)	     63.2649
 Total Bytes r/w Mem	  2001835904
 ( / Demand Fetches)	     59.3091

l3-dcache
 Metrics		      Total	      Instrn	       Data	       Read	      Write	       Misc
 -----------------	      ------	      ------	      ------	      ------	      ------	      ------
 Demand Fetches		    31278686	           0	    31278686	    24289562	     6989124	           0
  Fraction of total	      1.0000	      0.0000	      1.0000	      0.7766	      0.2234	      0.0000

 Demand Misses		    13765387	           0	    13765387	    13764997	         390	           0
  Demand miss rate	      0.4401	      0.0000	      0.4401	      0.5667	      0.0001	      0.0000

 Multi-block refs                 0
 Bytes From Memory	   880959808
 ( / Demand Fetches)	     28.1649
 Bytes To Memory	   400219200
 ( / Demand Writes)	     57.2631
 Total Bytes r/w Mem	  1281179008
 ( / Demand Fetches)	     40.9601

---Execution complete.
