tracename mgrid_m2b
---Dinero IV cache simulator, version 7
---Written by Jan Edler and Mark D. Hill
---Copyright (C) 1997 NEC Research Institute, Inc. and Mark D. Hill.
---All rights reserved.
---Copyright (C) 1985, 1989 Mark D. Hill.  All rights reserved.
---See -copyright option for details

---Summary of options (-help option gives usage information).

-l1-isize 32768
-l1-dsize 32768
-l2-dsize 262144
-l3-dsize 2097152
-l1-ibsize 64
-l1-dbsize 64
-l2-dbsize 64
-l3-dbsize 64
-l1-isbsize 64
-l1-dsbsize 64
-l2-dsbsize 64
-l3-dsbsize 64
-l1-iassoc 8
-l1-dassoc 8
-l2-dassoc 8
-l3-dassoc 8
-l1-irepl l
-l1-drepl c
-l2-drepl c
-l3-drepl c
-l1-ifetch d
-l1-dfetch d
-l2-dfetch d
-l3-dfetch d
-l1-dwalloc a
-l2-dwalloc a
-l3-dwalloc a
-l1-dwback a
-l2-dwback a
-l3-dwback a
-skipcount 0
-flushcount 0
-maxcount 0
-stat-interval 0
-informat s
-on-trigger 0x0
-off-trigger 0x0

---Simulation begins.
---Simulation complete.
l1-icache
 Metrics		      Total	      Instrn	       Data	       Read	      Write	       Misc
 -----------------	      ------	      ------	      ------	      ------	      ------	      ------
 Demand Fetches		  1999999386	  1999999386	           0	           0	           0	           0
  Fraction of total	      1.0000	      1.0000	      0.0000	      0.0000	      0.0000	      0.0000

 Demand Misses		        4186	        4186	           0	           0	           0	           0
  Demand miss rate	      0.0000	      0.0000	      0.0000	      0.0000	      0.0000	      0.0000

 Multi-block refs                 0
 Bytes From Memory	      267904
 ( / Demand Fetches)	      0.0001
 Bytes To Memory	           0
 ( / Demand Writes)	      0.0000
 Total Bytes r/w Mem	      267904
 ( / Demand Fetches)	      0.0001

l1-dcache
 Metrics		      Total	      Instrn	       Data	       Read	      Write	       Misc
 -----------------	      ------	      ------	      ------	      ------	      ------	      ------
 Demand Fetches		   728528595	           0	   728528595	   625264935	   103263660	           0
  Fraction of total	      1.0000	      0.0000	      1.0000	      0.8583	      0.1417	      0.0000

 Demand Misses		    27488072	           0	    27488072	    24025797	     3462275	           0
  Demand miss rate	      0.0377	      0.0000	      0.0377	      0.0384	      0.0335	      0.0000

 Multi-block refs                 0
 Bytes From Memory	  1759236608
 ( / Demand Fetches)	      2.4148
 Bytes To Memory	   456507968
 ( / Demand Writes)	      4.4208
 Total Bytes r/w Mem	  2215744576
 ( / Demand Fetches)	      3.0414

l2-dcache
 Metrics		      Total	      Instrn	       Data	       Read	      Write	       Misc
 -----------------	      ------	      ------	      ------	      ------	      ------	      ------
 Demand Fetches		    34621009	           0	    34621009	    27488072	     7132937	           0
  Fraction of total	      1.0000	      0.0000	      1.0000	      0.7940	      0.2060	      0.0000

 Demand Misses		    24548269	           0	    24548269	    24297790	      250479	           0
  Demand miss rate	      0.7091	      0.0000	      0.7091	      0.8839	      0.0351	      0.0000

 Multi-block refs                 0
 Bytes From Memory	  1555058560
 ( / Demand Fetches)	     44.9166
 Bytes To Memory	   447571968
 ( / Demand Writes)	     62.7472
 Total Bytes r/w Mem	  2002630528
 ( / Demand Fetches)	     57.8444

l3-dcache
 Metrics		      Total	      Instrn	       Data	       Read	      Write	       Misc
 -----------------	      ------	      ------	      ------	      ------	      ------	      ------
 Demand Fetches		    31291102	           0	    31291102	    24297790	     6993312	           0
  Fraction of total	      1.0000	      0.0000	      1.0000	      0.7765	      0.2235	      0.0000

 Demand Misses		    16256350	           0	    16256350	    16056619	      199731	           0
  Demand miss rate	      0.5195	      0.0000	      0.5195	      0.6608	      0.0286	      0.0000

 Multi-block refs                 0
 Bytes From Memory	  1027623616
 ( / Demand Fetches)	     32.8408
 Bytes To Memory	   435432448
 ( / Demand Writes)	     62.2641
 Total Bytes r/w Mem	  1463056064
 ( / Demand Fetches)	     46.7563

---Execution complete.
