tracename mgrid_m2b
---Dinero IV cache simulator, version 7
---Written by Jan Edler and Mark D. Hill
---Copyright (C) 1997 NEC Research Institute, Inc. and Mark D. Hill.
---All rights reserved.
---Copyright (C) 1985, 1989 Mark D. Hill.  All rights reserved.
---See -copyright option for details

---Summary of options (-help option gives usage information).

-l1-isize 32768
-l1-dsize 32768
-l2-dsize 262144
-l3-dsize 16777216
-l1-ibsize 64
-l1-dbsize 64
-l2-dbsize 64
-l3-dbsize 64
-l1-isbsize 64
-l1-dsbsize 64
-l2-dsbsize 64
-l3-dsbsize 64
-l1-iassoc 8
-l1-dassoc 8
-l2-dassoc 8
-l3-dassoc 8
-l1-irepl l
-l1-drepl b
-l2-drepl b
-l3-drepl b
-l1-ifetch d
-l1-dfetch d
-l2-dfetch d
-l3-dfetch d
-l1-dwalloc a
-l2-dwalloc a
-l3-dwalloc a
-l1-dwback a
-l2-dwback a
-l3-dwback a
-skipcount 0
-flushcount 0
-maxcount 0
-stat-interval 0
-informat s
-on-trigger 0x0
-off-trigger 0x0

---Simulation begins.
---Simulation complete.
l1-icache
 Metrics		      Total	      Instrn	       Data	       Read	      Write	       Misc
 -----------------	      ------	      ------	      ------	      ------	      ------	      ------
 Demand Fetches		  1999999386	  1999999386	           0	           0	           0	           0
  Fraction of total	      1.0000	      1.0000	      0.0000	      0.0000	      0.0000	      0.0000

 Demand Misses		        4186	        4186	           0	           0	           0	           0
  Demand miss rate	      0.0000	      0.0000	      0.0000	      0.0000	      0.0000	      0.0000

 Multi-block refs                 0
 Bytes From Memory	      267904
 ( / Demand Fetches)	      0.0001
 Bytes To Memory	           0
 ( / Demand Writes)	      0.0000
 Total Bytes r/w Mem	      267904
 ( / Demand Fetches)	      0.0001

l1-dcache
 Metrics		      Total	      Instrn	       Data	       Read	      Write	       Misc
 -----------------	      ------	      ------	      ------	      ------	      ------	      ------
 Demand Fetches		   728528595	           0	   728528595	   625264935	   103263660	           0
  Fraction of total	      1.0000	      0.0000	      1.0000	      0.8583	      0.1417	      0.0000

 Demand Misses		    28657587	           0	    28657587	    25108135	     3549452	           0
  Demand miss rate	      0.0393	      0.0000	      0.0393	      0.0402	      0.0344	      0.0000

 Multi-block refs                 0
 Bytes From Memory	  1834085568
 ( / Demand Fetches)	      2.5175
 Bytes To Memory	   462548800
 ( / Demand Writes)	      4.4793
 Total Bytes r/w Mem	  2296634368
 ( / Demand Fetches)	      3.1524

l2-dcache
 Metrics		      Total	      Instrn	       Data	       Read	      Write	       Misc
 -----------------	      ------	      ------	      ------	      ------	      ------	      ------
 Demand Fetches		    35884912	           0	    35884912	    28657587	     7227325	           0
  Fraction of total	      1.0000	      0.0000	      1.0000	      0.7986	      0.2014	      0.0000

 Demand Misses		    24534992	           0	    24534992	    24163608	      371384	           0
  Demand miss rate	      0.6837	      0.0000	      0.6837	      0.8432	      0.0514	      0.0000

 Multi-block refs                 0
 Bytes From Memory	  1546470912
 ( / Demand Fetches)	     43.0953
 Bytes To Memory	   448096704
 ( / Demand Writes)	     62.0004
 Total Bytes r/w Mem	  1994567616
 ( / Demand Fetches)	     55.5823

l3-dcache
 Metrics		      Total	      Instrn	       Data	       Read	      Write	       Misc
 -----------------	      ------	      ------	      ------	      ------	      ------	      ------
 Demand Fetches		    31165119	           0	    31165119	    24163608	     7001511	           0
  Fraction of total	      1.0000	      0.0000	      1.0000	      0.7753	      0.2247	      0.0000

 Demand Misses		    13818052	           0	    13818052	    13809971	        8081	           0
  Demand miss rate	      0.4434	      0.0000	      0.4434	      0.5715	      0.0012	      0.0000

 Multi-block refs                 0
 Bytes From Memory	   883838144
 ( / Demand Fetches)	     28.3599
 Bytes To Memory	   401108864
 ( / Demand Writes)	     57.2889
 Total Bytes r/w Mem	  1284947008
 ( / Demand Fetches)	     41.2303

---Execution complete.
