tracename mgrid_m2b
---Dinero IV cache simulator, version 7
---Written by Jan Edler and Mark D. Hill
---Copyright (C) 1997 NEC Research Institute, Inc. and Mark D. Hill.
---All rights reserved.
---Copyright (C) 1985, 1989 Mark D. Hill.  All rights reserved.
---See -copyright option for details

---Summary of options (-help option gives usage information).

-l1-isize 32768
-l1-dsize 32768
-l2-dsize 262144
-l3-dsize 1048576
-l1-ibsize 64
-l1-dbsize 64
-l2-dbsize 64
-l3-dbsize 64
-l1-isbsize 64
-l1-dsbsize 64
-l2-dsbsize 64
-l3-dsbsize 64
-l1-iassoc 8
-l1-dassoc 8
-l2-dassoc 8
-l3-dassoc 8
-l1-irepl l
-l1-drepl c
-l2-drepl c
-l3-drepl c
-l1-ifetch d
-l1-dfetch d
-l2-dfetch d
-l3-dfetch d
-l1-dwalloc a
-l2-dwalloc a
-l3-dwalloc a
-l1-dwback a
-l2-dwback a
-l3-dwback a
-skipcount 0
-flushcount 0
-maxcount 0
-stat-interval 0
-informat s
-on-trigger 0x0
-off-trigger 0x0

---Simulation begins.
---Simulation complete.
l1-icache
 Metrics		      Total	      Instrn	       Data	       Read	      Write	       Misc
 -----------------	      ------	      ------	      ------	      ------	      ------	      ------
 Demand Fetches		  1999999386	  1999999386	           0	           0	           0	           0
  Fraction of total	      1.0000	      1.0000	      0.0000	      0.0000	      0.0000	      0.0000

 Demand Misses		        4186	        4186	           0	           0	           0	           0
  Demand miss rate	      0.0000	      0.0000	      0.0000	      0.0000	      0.0000	      0.0000

 Multi-block refs                 0
 Bytes From Memory	      267904
 ( / Demand Fetches)	      0.0001
 Bytes To Memory	           0
 ( / Demand Writes)	      0.0000
 Total Bytes r/w Mem	      267904
 ( / Demand Fetches)	      0.0001

l1-dcache
 Metrics		      Total	      Instrn	       Data	       Read	      Write	       Misc
 -----------------	      ------	      ------	      ------	      ------	      ------	      ------
 Demand Fetches		   728528595	           0	   728528595	   625264935	   103263660	           0
  Fraction of total	      1.0000	      0.0000	      1.0000	      0.8583	      0.1417	      0.0000

 Demand Misses		    27485174	           0	    27485174	    24023239	     3461935	           0
  Demand miss rate	      0.0377	      0.0000	      0.0377	      0.0384	      0.0335	      0.0000

 Multi-block refs                 0
 Bytes From Memory	  1759051136
 ( / Demand Fetches)	      2.4145
 Bytes To Memory	   456468480
 ( / Demand Writes)	      4.4204
 Total Bytes r/w Mem	  2215519616
 ( / Demand Fetches)	      3.0411

l2-dcache
 Metrics		      Total	      Instrn	       Data	       Read	      Write	       Misc
 -----------------	      ------	      ------	      ------	      ------	      ------	      ------
 Demand Fetches		    34617494	           0	    34617494	    27485174	     7132320	           0
  Fraction of total	      1.0000	      0.0000	      1.0000	      0.7940	      0.2060	      0.0000

 Demand Misses		    24547470	           0	    24547470	    24297142	      250328	           0
  Demand miss rate	      0.7091	      0.0000	      0.7091	      0.8840	      0.0351	      0.0000

 Multi-block refs                 0
 Bytes From Memory	  1555017088
 ( / Demand Fetches)	     44.9200
 Bytes To Memory	   447584768
 ( / Demand Writes)	     62.7544
 Total Bytes r/w Mem	  2002601856
 ( / Demand Fetches)	     57.8494

l3-dcache
 Metrics		      Total	      Instrn	       Data	       Read	      Write	       Misc
 -----------------	      ------	      ------	      ------	      ------	      ------	      ------
 Demand Fetches		    31290654	           0	    31290654	    24297142	     6993512	           0
  Fraction of total	      1.0000	      0.0000	      1.0000	      0.7765	      0.2235	      0.0000

 Demand Misses		    18222034	           0	    18222034	    17699181	      522853	           0
  Demand miss rate	      0.5823	      0.0000	      0.5823	      0.7284	      0.0748	      0.0000

 Multi-block refs                 0
 Bytes From Memory	  1132747584
 ( / Demand Fetches)	     36.2008
 Bytes To Memory	   442273536
 ( / Demand Writes)	     63.2405
 Total Bytes r/w Mem	  1575021120
 ( / Demand Fetches)	     50.3352

---Execution complete.
