tracename mgrid_m2b
---Dinero IV cache simulator, version 7
---Written by Jan Edler and Mark D. Hill
---Copyright (C) 1997 NEC Research Institute, Inc. and Mark D. Hill.
---All rights reserved.
---Copyright (C) 1985, 1989 Mark D. Hill.  All rights reserved.
---See -copyright option for details

---Summary of options (-help option gives usage information).

-l1-isize 32768
-l1-dsize 32768
-l2-dsize 262144
-l3-dsize 16777216
-l1-ibsize 64
-l1-dbsize 64
-l2-dbsize 64
-l3-dbsize 64
-l1-isbsize 64
-l1-dsbsize 64
-l2-dsbsize 64
-l3-dsbsize 64
-l1-iassoc 8
-l1-dassoc 8
-l2-dassoc 8
-l3-dassoc 8
-l1-irepl l
-l1-drepl r
-l2-drepl r
-l3-drepl r
-l1-ifetch d
-l1-dfetch d
-l2-dfetch d
-l3-dfetch d
-l1-dwalloc a
-l2-dwalloc a
-l3-dwalloc a
-l1-dwback a
-l2-dwback a
-l3-dwback a
-skipcount 0
-flushcount 0
-maxcount 0
-stat-interval 0
-informat s
-on-trigger 0x0
-off-trigger 0x0

---Simulation begins.
---Simulation complete.
l1-icache
 Metrics		      Total	      Instrn	       Data	       Read	      Write	       Misc
 -----------------	      ------	      ------	      ------	      ------	      ------	      ------
 Demand Fetches		  1999999386	  1999999386	           0	           0	           0	           0
  Fraction of total	      1.0000	      1.0000	      0.0000	      0.0000	      0.0000	      0.0000

 Demand Misses		        4186	        4186	           0	           0	           0	           0
  Demand miss rate	      0.0000	      0.0000	      0.0000	      0.0000	      0.0000	      0.0000

 Multi-block refs                 0
 Bytes From Memory	      267904
 ( / Demand Fetches)	      0.0001
 Bytes To Memory	           0
 ( / Demand Writes)	      0.0000
 Total Bytes r/w Mem	      267904
 ( / Demand Fetches)	      0.0001

l1-dcache
 Metrics		      Total	      Instrn	       Data	       Read	      Write	       Misc
 -----------------	      ------	      ------	      ------	      ------	      ------	      ------
 Demand Fetches		   728528595	           0	   728528595	   625264935	   103263660	           0
  Fraction of total	      1.0000	      0.0000	      1.0000	      0.8583	      0.1417	      0.0000

 Demand Misses		    32568563	           0	    32568563	    28685938	     3882625	           0
  Demand miss rate	      0.0447	      0.0000	      0.0447	      0.0459	      0.0376	      0.0000

 Multi-block refs                 0
 Bytes From Memory	  2084388032
 ( / Demand Fetches)	      2.8611
 Bytes To Memory	   486777472
 ( / Demand Writes)	      4.7139
 Total Bytes r/w Mem	  2571165504
 ( / Demand Fetches)	      3.5293

l2-dcache
 Metrics		      Total	      Instrn	       Data	       Read	      Write	       Misc
 -----------------	      ------	      ------	      ------	      ------	      ------	      ------
 Demand Fetches		    40174461	           0	    40174461	    32568563	     7605898	           0
  Fraction of total	      1.0000	      0.0000	      1.0000	      0.8107	      0.1893	      0.0000

 Demand Misses		    24722544	           0	    24722544	    23954471	      768073	           0
  Demand miss rate	      0.6154	      0.0000	      0.6154	      0.7355	      0.1010	      0.0000

 Multi-block refs                 0
 Bytes From Memory	  1533086144
 ( / Demand Fetches)	     38.1607
 Bytes To Memory	   451763456
 ( / Demand Writes)	     59.3965
 Total Bytes r/w Mem	  1984849600
 ( / Demand Fetches)	     49.4058

l3-dcache
 Metrics		      Total	      Instrn	       Data	       Read	      Write	       Misc
 -----------------	      ------	      ------	      ------	      ------	      ------	      ------
 Demand Fetches		    31013275	           0	    31013275	    23954471	     7058804	           0
  Fraction of total	      1.0000	      0.0000	      1.0000	      0.7724	      0.2276	      0.0000

 Demand Misses		    13753998	           0	    13753998	    13723490	       30508	           0
  Demand miss rate	      0.4435	      0.0000	      0.4435	      0.5729	      0.0043	      0.0000

 Multi-block refs                 0
 Bytes From Memory	   878303360
 ( / Demand Fetches)	     28.3202
 Bytes To Memory	   401830016
 ( / Demand Writes)	     56.9261
 Total Bytes r/w Mem	  1280133376
 ( / Demand Fetches)	     41.2769

---Execution complete.
