tracename applu_m2b
---Dinero IV cache simulator, version 7
---Written by Jan Edler and Mark D. Hill
---Copyright (C) 1997 NEC Research Institute, Inc. and Mark D. Hill.
---All rights reserved.
---Copyright (C) 1985, 1989 Mark D. Hill.  All rights reserved.
---See -copyright option for details

---Summary of options (-help option gives usage information).

-l1-isize 32768
-l1-dsize 32768
-l2-dsize 262144
-l3-dsize 33554432
-l1-ibsize 64
-l1-dbsize 64
-l2-dbsize 64
-l3-dbsize 64
-l1-isbsize 64
-l1-dsbsize 64
-l2-dsbsize 64
-l3-dsbsize 64
-l1-iassoc 8
-l1-dassoc 8
-l2-dassoc 8
-l3-dassoc 8
-l1-irepl l
-l1-drepl b
-l2-drepl b
-l3-drepl b
-l1-ifetch d
-l1-dfetch d
-l2-dfetch d
-l3-dfetch d
-l1-dwalloc a
-l2-dwalloc a
-l3-dwalloc a
-l1-dwback a
-l2-dwback a
-l3-dwback a
-skipcount 0
-flushcount 0
-maxcount 0
-stat-interval 0
-informat s
-on-trigger 0x0
-off-trigger 0x0

---Simulation begins.
---Simulation complete.
l1-icache
 Metrics		      Total	      Instrn	       Data	       Read	      Write	       Misc
 -----------------	      ------	      ------	      ------	      ------	      ------	      ------
 Demand Fetches		  1999999198	  1999999198	           0	           0	           0	           0
  Fraction of total	      1.0000	      1.0000	      0.0000	      0.0000	      0.0000	      0.0000

 Demand Misses		        9830	        9830	           0	           0	           0	           0
  Demand miss rate	      0.0000	      0.0000	      0.0000	      0.0000	      0.0000	      0.0000

 Multi-block refs                 0
 Bytes From Memory	      629120
 ( / Demand Fetches)	      0.0003
 Bytes To Memory	           0
 ( / Demand Writes)	      0.0000
 Total Bytes r/w Mem	      629120
 ( / Demand Fetches)	      0.0003

l1-dcache
 Metrics		      Total	      Instrn	       Data	       Read	      Write	       Misc
 -----------------	      ------	      ------	      ------	      ------	      ------	      ------
 Demand Fetches		   764034126	           0	   764034126	   538143526	   225890600	           0
  Fraction of total	      1.0000	      0.0000	      1.0000	      0.7043	      0.2957	      0.0000

 Demand Misses		    44483742	           0	    44483742	    30969166	    13514576	           0
  Demand miss rate	      0.0582	      0.0000	      0.0582	      0.0575	      0.0598	      0.0000

 Multi-block refs                 0
 Bytes From Memory	  2846959488
 ( / Demand Fetches)	      3.7262
 Bytes To Memory	  1224903104
 ( / Demand Writes)	      5.4226
 Total Bytes r/w Mem	  4071862592
 ( / Demand Fetches)	      5.3294

l2-dcache
 Metrics		      Total	      Instrn	       Data	       Read	      Write	       Misc
 -----------------	      ------	      ------	      ------	      ------	      ------	      ------
 Demand Fetches		    63622853	           0	    63622853	    44483742	    19139111	           0
  Fraction of total	      1.0000	      0.0000	      1.0000	      0.6992	      0.3008	      0.0000

 Demand Misses		    42893851	           0	    42893851	    42196653	      697198	           0
  Demand miss rate	      0.6742	      0.0000	      0.6742	      0.9486	      0.0364	      0.0000

 Multi-block refs                 0
 Bytes From Memory	  2700585792
 ( / Demand Fetches)	     42.4468
 Bytes To Memory	  1206888960
 ( / Demand Writes)	     63.0588
 Total Bytes r/w Mem	  3907474752
 ( / Demand Fetches)	     61.4162

l3-dcache
 Metrics		      Total	      Instrn	       Data	       Read	      Write	       Misc
 -----------------	      ------	      ------	      ------	      ------	      ------	      ------
 Demand Fetches		    61054293	           0	    61054293	    42196653	    18857640	           0
  Fraction of total	      1.0000	      0.0000	      1.0000	      0.6911	      0.3089	      0.0000

 Demand Misses		    30006283	           0	    30006283	    30000149	        6134	           0
  Demand miss rate	      0.4915	      0.0000	      0.4915	      0.7110	      0.0003	      0.0000

 Multi-block refs                 0
 Bytes From Memory	  1920009536
 ( / Demand Fetches)	     31.4476
 Bytes To Memory	   936507904
 ( / Demand Writes)	     49.6620
 Total Bytes r/w Mem	  2856517440
 ( / Demand Fetches)	     46.7865

---Execution complete.
