tracename applu_m2b
---Dinero IV cache simulator, version 7
---Written by Jan Edler and Mark D. Hill
---Copyright (C) 1997 NEC Research Institute, Inc. and Mark D. Hill.
---All rights reserved.
---Copyright (C) 1985, 1989 Mark D. Hill.  All rights reserved.
---See -copyright option for details

---Summary of options (-help option gives usage information).

-l1-isize 32768
-l1-dsize 32768
-l2-dsize 262144
-l3-dsize 4194304
-l1-ibsize 64
-l1-dbsize 64
-l2-dbsize 64
-l3-dbsize 64
-l1-isbsize 64
-l1-dsbsize 64
-l2-dsbsize 64
-l3-dsbsize 64
-l1-iassoc 8
-l1-dassoc 8
-l2-dassoc 8
-l3-dassoc 8
-l1-irepl l
-l1-drepl 2
-l2-drepl 2
-l3-drepl 2
-l1-ifetch d
-l1-dfetch d
-l2-dfetch d
-l3-dfetch d
-l1-dwalloc a
-l2-dwalloc a
-l3-dwalloc a
-l1-dwback a
-l2-dwback a
-l3-dwback a
-skipcount 0
-flushcount 0
-maxcount 0
-stat-interval 0
-informat s
-on-trigger 0x0
-off-trigger 0x0

---Simulation begins.
---Simulation complete.
l1-icache
 Metrics		      Total	      Instrn	       Data	       Read	      Write	       Misc
 -----------------	      ------	      ------	      ------	      ------	      ------	      ------
 Demand Fetches		  1999999198	  1999999198	           0	           0	           0	           0
  Fraction of total	      1.0000	      1.0000	      0.0000	      0.0000	      0.0000	      0.0000

 Demand Misses		        9830	        9830	           0	           0	           0	           0
  Demand miss rate	      0.0000	      0.0000	      0.0000	      0.0000	      0.0000	      0.0000

 Multi-block refs                 0
 Bytes From Memory	      629120
 ( / Demand Fetches)	      0.0003
 Bytes To Memory	           0
 ( / Demand Writes)	      0.0000
 Total Bytes r/w Mem	      629120
 ( / Demand Fetches)	      0.0003

l1-dcache
 Metrics		      Total	      Instrn	       Data	       Read	      Write	       Misc
 -----------------	      ------	      ------	      ------	      ------	      ------	      ------
 Demand Fetches		   764034126	           0	   764034126	   538143526	   225890600	           0
  Fraction of total	      1.0000	      0.0000	      1.0000	      0.7043	      0.2957	      0.0000

 Demand Misses		    43799283	           0	    43799283	    30375427	    13423856	           0
  Demand miss rate	      0.0573	      0.0000	      0.0573	      0.0564	      0.0594	      0.0000

 Multi-block refs                 0
 Bytes From Memory	  2803154112
 ( / Demand Fetches)	      3.6689
 Bytes To Memory	  1208753792
 ( / Demand Writes)	      5.3511
 Total Bytes r/w Mem	  4011907904
 ( / Demand Fetches)	      5.2510

l2-dcache
 Metrics		      Total	      Instrn	       Data	       Read	      Write	       Misc
 -----------------	      ------	      ------	      ------	      ------	      ------	      ------
 Demand Fetches		    62686061	           0	    62686061	    43799283	    18886778	           0
  Fraction of total	      1.0000	      0.0000	      1.0000	      0.6987	      0.3013	      0.0000

 Demand Misses		    42299120	           0	    42299120	    42125071	      174049	           0
  Demand miss rate	      0.6748	      0.0000	      0.6748	      0.9618	      0.0092	      0.0000

 Multi-block refs                 0
 Bytes From Memory	  2696004544
 ( / Demand Fetches)	     43.0080
 Bytes To Memory	  1205367360
 ( / Demand Writes)	     63.8207
 Total Bytes r/w Mem	  3901371904
 ( / Demand Fetches)	     62.2367

l3-dcache
 Metrics		      Total	      Instrn	       Data	       Read	      Write	       Misc
 -----------------	      ------	      ------	      ------	      ------	      ------	      ------
 Demand Fetches		    60958936	           0	    60958936	    42125071	    18833865	           0
  Fraction of total	      1.0000	      0.0000	      1.0000	      0.6910	      0.3090	      0.0000

 Demand Misses		    40697855	           0	    40697855	    40687683	       10172	           0
  Demand miss rate	      0.6676	      0.0000	      0.6676	      0.9659	      0.0005	      0.0000

 Multi-block refs                 0
 Bytes From Memory	  2604011712
 ( / Demand Fetches)	     42.7175
 Bytes To Memory	  1201681984
 ( / Demand Writes)	     63.8043
 Total Bytes r/w Mem	  3805693696
 ( / Demand Fetches)	     62.4304

---Execution complete.
