tracename applu_m2b
---Dinero IV cache simulator, version 7
---Written by Jan Edler and Mark D. Hill
---Copyright (C) 1997 NEC Research Institute, Inc. and Mark D. Hill.
---All rights reserved.
---Copyright (C) 1985, 1989 Mark D. Hill.  All rights reserved.
---See -copyright option for details

---Summary of options (-help option gives usage information).

-l1-isize 32768
-l1-dsize 32768
-l2-dsize 262144
-l3-dsize 4194304
-l1-ibsize 64
-l1-dbsize 64
-l2-dbsize 64
-l3-dbsize 64
-l1-isbsize 64
-l1-dsbsize 64
-l2-dsbsize 64
-l3-dsbsize 64
-l1-iassoc 8
-l1-dassoc 8
-l2-dassoc 8
-l3-dassoc 8
-l1-irepl l
-l1-drepl r
-l2-drepl r
-l3-drepl r
-l1-ifetch d
-l1-dfetch d
-l2-dfetch d
-l3-dfetch d
-l1-dwalloc a
-l2-dwalloc a
-l3-dwalloc a
-l1-dwback a
-l2-dwback a
-l3-dwback a
-skipcount 0
-flushcount 0
-maxcount 0
-stat-interval 0
-informat s
-on-trigger 0x0
-off-trigger 0x0

---Simulation begins.
---Simulation complete.
l1-icache
 Metrics		      Total	      Instrn	       Data	       Read	      Write	       Misc
 -----------------	      ------	      ------	      ------	      ------	      ------	      ------
 Demand Fetches		  1999999198	  1999999198	           0	           0	           0	           0
  Fraction of total	      1.0000	      1.0000	      0.0000	      0.0000	      0.0000	      0.0000

 Demand Misses		        9830	        9830	           0	           0	           0	           0
  Demand miss rate	      0.0000	      0.0000	      0.0000	      0.0000	      0.0000	      0.0000

 Multi-block refs                 0
 Bytes From Memory	      629120
 ( / Demand Fetches)	      0.0003
 Bytes To Memory	           0
 ( / Demand Writes)	      0.0000
 Total Bytes r/w Mem	      629120
 ( / Demand Fetches)	      0.0003

l1-dcache
 Metrics		      Total	      Instrn	       Data	       Read	      Write	       Misc
 -----------------	      ------	      ------	      ------	      ------	      ------	      ------
 Demand Fetches		   764034126	           0	   764034126	   538143526	   225890600	           0
  Fraction of total	      1.0000	      0.0000	      1.0000	      0.7043	      0.2957	      0.0000

 Demand Misses		    45775917	           0	    45775917	    32086384	    13689533	           0
  Demand miss rate	      0.0599	      0.0000	      0.0599	      0.0596	      0.0606	      0.0000

 Multi-block refs                 0
 Bytes From Memory	  2929658688
 ( / Demand Fetches)	      3.8345
 Bytes To Memory	  1253267520
 ( / Demand Writes)	      5.5481
 Total Bytes r/w Mem	  4182926208
 ( / Demand Fetches)	      5.4748

l2-dcache
 Metrics		      Total	      Instrn	       Data	       Read	      Write	       Misc
 -----------------	      ------	      ------	      ------	      ------	      ------	      ------
 Demand Fetches		    65358222	           0	    65358222	    45775917	    19582305	           0
  Fraction of total	      1.0000	      0.0000	      1.0000	      0.7004	      0.2996	      0.0000

 Demand Misses		    43837993	           0	    43837993	    42318373	     1519620	           0
  Demand miss rate	      0.6707	      0.0000	      0.6707	      0.9245	      0.0776	      0.0000

 Multi-block refs                 0
 Bytes From Memory	  2708375872
 ( / Demand Fetches)	     41.4389
 Bytes To Memory	  1209317056
 ( / Demand Writes)	     61.7556
 Total Bytes r/w Mem	  3917692928
 ( / Demand Fetches)	     59.9419

l3-dcache
 Metrics		      Total	      Instrn	       Data	       Read	      Write	       Misc
 -----------------	      ------	      ------	      ------	      ------	      ------	      ------
 Demand Fetches		    61213952	           0	    61213952	    42318373	    18895579	           0
  Fraction of total	      1.0000	      0.0000	      1.0000	      0.6913	      0.3087	      0.0000

 Demand Misses		    41218781	           0	    41218781	    40727974	      490807	           0
  Demand miss rate	      0.6734	      0.0000	      0.6734	      0.9624	      0.0260	      0.0000

 Multi-block refs                 0
 Bytes From Memory	  2606590336
 ( / Demand Fetches)	     42.5816
 Bytes To Memory	  1197482368
 ( / Demand Writes)	     63.3737
 Total Bytes r/w Mem	  3804072704
 ( / Demand Fetches)	     62.1439

---Execution complete.
