tracename applu_m2b
---Dinero IV cache simulator, version 7
---Written by Jan Edler and Mark D. Hill
---Copyright (C) 1997 NEC Research Institute, Inc. and Mark D. Hill.
---All rights reserved.
---Copyright (C) 1985, 1989 Mark D. Hill.  All rights reserved.
---See -copyright option for details

---Summary of options (-help option gives usage information).

-l1-isize 32768
-l1-dsize 32768
-l2-dsize 262144
-l3-dsize 2097152
-l1-ibsize 64
-l1-dbsize 64
-l2-dbsize 64
-l3-dbsize 64
-l1-isbsize 64
-l1-dsbsize 64
-l2-dsbsize 64
-l3-dsbsize 64
-l1-iassoc 8
-l1-dassoc 8
-l2-dassoc 8
-l3-dassoc 8
-l1-irepl l
-l1-drepl r
-l2-drepl r
-l3-drepl r
-l1-ifetch d
-l1-dfetch d
-l2-dfetch d
-l3-dfetch d
-l1-dwalloc a
-l2-dwalloc a
-l3-dwalloc a
-l1-dwback a
-l2-dwback a
-l3-dwback a
-skipcount 0
-flushcount 0
-maxcount 0
-stat-interval 0
-informat s
-on-trigger 0x0
-off-trigger 0x0

---Simulation begins.
---Simulation complete.
l1-icache
 Metrics		      Total	      Instrn	       Data	       Read	      Write	       Misc
 -----------------	      ------	      ------	      ------	      ------	      ------	      ------
 Demand Fetches		  1999999198	  1999999198	           0	           0	           0	           0
  Fraction of total	      1.0000	      1.0000	      0.0000	      0.0000	      0.0000	      0.0000

 Demand Misses		        9830	        9830	           0	           0	           0	           0
  Demand miss rate	      0.0000	      0.0000	      0.0000	      0.0000	      0.0000	      0.0000

 Multi-block refs                 0
 Bytes From Memory	      629120
 ( / Demand Fetches)	      0.0003
 Bytes To Memory	           0
 ( / Demand Writes)	      0.0000
 Total Bytes r/w Mem	      629120
 ( / Demand Fetches)	      0.0003

l1-dcache
 Metrics		      Total	      Instrn	       Data	       Read	      Write	       Misc
 -----------------	      ------	      ------	      ------	      ------	      ------	      ------
 Demand Fetches		   764034126	           0	   764034126	   538143526	   225890600	           0
  Fraction of total	      1.0000	      0.0000	      1.0000	      0.7043	      0.2957	      0.0000

 Demand Misses		    45775373	           0	    45775373	    32085991	    13689382	           0
  Demand miss rate	      0.0599	      0.0000	      0.0599	      0.0596	      0.0606	      0.0000

 Multi-block refs                 0
 Bytes From Memory	  2929623872
 ( / Demand Fetches)	      3.8344
 Bytes To Memory	  1253266368
 ( / Demand Writes)	      5.5481
 Total Bytes r/w Mem	  4182890240
 ( / Demand Fetches)	      5.4747

l2-dcache
 Metrics		      Total	      Instrn	       Data	       Read	      Write	       Misc
 -----------------	      ------	      ------	      ------	      ------	      ------	      ------
 Demand Fetches		    65357660	           0	    65357660	    45775373	    19582287	           0
  Fraction of total	      1.0000	      0.0000	      1.0000	      0.7004	      0.2996	      0.0000

 Demand Misses		    43838782	           0	    43838782	    42317825	     1520957	           0
  Demand miss rate	      0.6708	      0.0000	      0.6708	      0.9245	      0.0777	      0.0000

 Multi-block refs                 0
 Bytes From Memory	  2708340800
 ( / Demand Fetches)	     41.4388
 Bytes To Memory	  1209314816
 ( / Demand Writes)	     61.7555
 Total Bytes r/w Mem	  3917655616
 ( / Demand Fetches)	     59.9418

l3-dcache
 Metrics		      Total	      Instrn	       Data	       Read	      Write	       Misc
 -----------------	      ------	      ------	      ------	      ------	      ------	      ------
 Demand Fetches		    61213369	           0	    61213369	    42317825	    18895544	           0
  Fraction of total	      1.0000	      0.0000	      1.0000	      0.6913	      0.3087	      0.0000

 Demand Misses		    43165468	           0	    43165468	    41536088	     1629380	           0
  Demand miss rate	      0.7052	      0.0000	      0.7052	      0.9815	      0.0862	      0.0000

 Multi-block refs                 0
 Bytes From Memory	  2658309632
 ( / Demand Fetches)	     43.4269
 Bytes To Memory	  1203973248
 ( / Demand Writes)	     63.7173
 Total Bytes r/w Mem	  3862282880
 ( / Demand Fetches)	     63.0954

---Execution complete.
