tracename applu_m2b
---Dinero IV cache simulator, version 7
---Written by Jan Edler and Mark D. Hill
---Copyright (C) 1997 NEC Research Institute, Inc. and Mark D. Hill.
---All rights reserved.
---Copyright (C) 1985, 1989 Mark D. Hill.  All rights reserved.
---See -copyright option for details

---Summary of options (-help option gives usage information).

-l1-isize 32768
-l1-dsize 32768
-l2-dsize 262144
-l3-dsize 4194304
-l1-ibsize 64
-l1-dbsize 64
-l2-dbsize 64
-l3-dbsize 64
-l1-isbsize 64
-l1-dsbsize 64
-l2-dsbsize 64
-l3-dsbsize 64
-l1-iassoc 8
-l1-dassoc 8
-l2-dassoc 8
-l3-dassoc 8
-l1-irepl l
-l1-drepl c
-l2-drepl c
-l3-drepl c
-l1-ifetch d
-l1-dfetch d
-l2-dfetch d
-l3-dfetch d
-l1-dwalloc a
-l2-dwalloc a
-l3-dwalloc a
-l1-dwback a
-l2-dwback a
-l3-dwback a
-skipcount 0
-flushcount 0
-maxcount 0
-stat-interval 0
-informat s
-on-trigger 0x0
-off-trigger 0x0

---Simulation begins.
---Simulation complete.
l1-icache
 Metrics		      Total	      Instrn	       Data	       Read	      Write	       Misc
 -----------------	      ------	      ------	      ------	      ------	      ------	      ------
 Demand Fetches		  1999999198	  1999999198	           0	           0	           0	           0
  Fraction of total	      1.0000	      1.0000	      0.0000	      0.0000	      0.0000	      0.0000

 Demand Misses		        9830	        9830	           0	           0	           0	           0
  Demand miss rate	      0.0000	      0.0000	      0.0000	      0.0000	      0.0000	      0.0000

 Multi-block refs                 0
 Bytes From Memory	      629120
 ( / Demand Fetches)	      0.0003
 Bytes To Memory	           0
 ( / Demand Writes)	      0.0000
 Total Bytes r/w Mem	      629120
 ( / Demand Fetches)	      0.0003

l1-dcache
 Metrics		      Total	      Instrn	       Data	       Read	      Write	       Misc
 -----------------	      ------	      ------	      ------	      ------	      ------	      ------
 Demand Fetches		   764034126	           0	   764034126	   538143526	   225890600	           0
  Fraction of total	      1.0000	      0.0000	      1.0000	      0.7043	      0.2957	      0.0000

 Demand Misses		    44168090	           0	    44168090	    30691048	    13477042	           0
  Demand miss rate	      0.0578	      0.0000	      0.0578	      0.0570	      0.0597	      0.0000

 Multi-block refs                 0
 Bytes From Memory	  2826757760
 ( / Demand Fetches)	      3.6998
 Bytes To Memory	  1218078080
 ( / Demand Writes)	      5.3923
 Total Bytes r/w Mem	  4044835840
 ( / Demand Fetches)	      5.2941

l2-dcache
 Metrics		      Total	      Instrn	       Data	       Read	      Write	       Misc
 -----------------	      ------	      ------	      ------	      ------	      ------	      ------
 Demand Fetches		    63200560	           0	    63200560	    44168090	    19032470	           0
  Fraction of total	      1.0000	      0.0000	      1.0000	      0.6989	      0.3011	      0.0000

 Demand Misses		    42621543	           0	    42621543	    42165390	      456153	           0
  Demand miss rate	      0.6744	      0.0000	      0.6744	      0.9547	      0.0240	      0.0000

 Multi-block refs                 0
 Bytes From Memory	  2698584960
 ( / Demand Fetches)	     42.6988
 Bytes To Memory	  1206467136
 ( / Demand Writes)	     63.3899
 Total Bytes r/w Mem	  3905052096
 ( / Demand Fetches)	     61.7883

l3-dcache
 Metrics		      Total	      Instrn	       Data	       Read	      Write	       Misc
 -----------------	      ------	      ------	      ------	      ------	      ------	      ------
 Demand Fetches		    61016439	           0	    61016439	    42165390	    18851049	           0
  Fraction of total	      1.0000	      0.0000	      1.0000	      0.6910	      0.3090	      0.0000

 Demand Misses		    40790291	           0	    40790291	    40691191	       99100	           0
  Demand miss rate	      0.6685	      0.0000	      0.6685	      0.9650	      0.0053	      0.0000

 Multi-block refs                 0
 Bytes From Memory	  2604236224
 ( / Demand Fetches)	     42.6809
 Bytes To Memory	  1201748352
 ( / Demand Writes)	     63.7497
 Total Bytes r/w Mem	  3805984576
 ( / Demand Fetches)	     62.3764

---Execution complete.
