tracename applu_m2b
---Dinero IV cache simulator, version 7
---Written by Jan Edler and Mark D. Hill
---Copyright (C) 1997 NEC Research Institute, Inc. and Mark D. Hill.
---All rights reserved.
---Copyright (C) 1985, 1989 Mark D. Hill.  All rights reserved.
---See -copyright option for details

---Summary of options (-help option gives usage information).

-l1-isize 32768
-l1-dsize 32768
-l2-dsize 262144
-l3-dsize 8388608
-l1-ibsize 64
-l1-dbsize 64
-l2-dbsize 64
-l3-dbsize 64
-l1-isbsize 64
-l1-dsbsize 64
-l2-dsbsize 64
-l3-dsbsize 64
-l1-iassoc 8
-l1-dassoc 8
-l2-dassoc 8
-l3-dassoc 8
-l1-irepl l
-l1-drepl b
-l2-drepl b
-l3-drepl b
-l1-ifetch d
-l1-dfetch d
-l2-dfetch d
-l3-dfetch d
-l1-dwalloc a
-l2-dwalloc a
-l3-dwalloc a
-l1-dwback a
-l2-dwback a
-l3-dwback a
-skipcount 0
-flushcount 0
-maxcount 0
-stat-interval 0
-informat s
-on-trigger 0x0
-off-trigger 0x0

---Simulation begins.
---Simulation complete.
l1-icache
 Metrics		      Total	      Instrn	       Data	       Read	      Write	       Misc
 -----------------	      ------	      ------	      ------	      ------	      ------	      ------
 Demand Fetches		  1999999198	  1999999198	           0	           0	           0	           0
  Fraction of total	      1.0000	      1.0000	      0.0000	      0.0000	      0.0000	      0.0000

 Demand Misses		        9830	        9830	           0	           0	           0	           0
  Demand miss rate	      0.0000	      0.0000	      0.0000	      0.0000	      0.0000	      0.0000

 Multi-block refs                 0
 Bytes From Memory	      629120
 ( / Demand Fetches)	      0.0003
 Bytes To Memory	           0
 ( / Demand Writes)	      0.0000
 Total Bytes r/w Mem	      629120
 ( / Demand Fetches)	      0.0003

l1-dcache
 Metrics		      Total	      Instrn	       Data	       Read	      Write	       Misc
 -----------------	      ------	      ------	      ------	      ------	      ------	      ------
 Demand Fetches		   764034126	           0	   764034126	   538143526	   225890600	           0
  Fraction of total	      1.0000	      0.0000	      1.0000	      0.7043	      0.2957	      0.0000

 Demand Misses		    44484432	           0	    44484432	    30970102	    13514330	           0
  Demand miss rate	      0.0582	      0.0000	      0.0582	      0.0575	      0.0598	      0.0000

 Multi-block refs                 0
 Bytes From Memory	  2847003648
 ( / Demand Fetches)	      3.7263
 Bytes To Memory	  1224964352
 ( / Demand Writes)	      5.4228
 Total Bytes r/w Mem	  4071968000
 ( / Demand Fetches)	      5.3296

l2-dcache
 Metrics		      Total	      Instrn	       Data	       Read	      Write	       Misc
 -----------------	      ------	      ------	      ------	      ------	      ------	      ------
 Demand Fetches		    63624500	           0	    63624500	    44484432	    19140068	           0
  Fraction of total	      1.0000	      0.0000	      1.0000	      0.6992	      0.3008	      0.0000

 Demand Misses		    42893213	           0	    42893213	    42196812	      696401	           0
  Demand miss rate	      0.6742	      0.0000	      0.6742	      0.9486	      0.0364	      0.0000

 Multi-block refs                 0
 Bytes From Memory	  2700595968
 ( / Demand Fetches)	     42.4458
 Bytes To Memory	  1206878720
 ( / Demand Writes)	     63.0551
 Total Bytes r/w Mem	  3907474688
 ( / Demand Fetches)	     61.4146

l3-dcache
 Metrics		      Total	      Instrn	       Data	       Read	      Write	       Misc
 -----------------	      ------	      ------	      ------	      ------	      ------	      ------
 Demand Fetches		    61054292	           0	    61054292	    42196812	    18857480	           0
  Fraction of total	      1.0000	      0.0000	      1.0000	      0.6911	      0.3089	      0.0000

 Demand Misses		    38818847	           0	    38818847	    38762309	       56538	           0
  Demand miss rate	      0.6358	      0.0000	      0.6358	      0.9186	      0.0030	      0.0000

 Multi-block refs                 0
 Bytes From Memory	  2480787776
 ( / Demand Fetches)	     40.6325
 Bytes To Memory	  1164040832
 ( / Demand Writes)	     61.7283
 Total Bytes r/w Mem	  3644828608
 ( / Demand Fetches)	     59.6982

---Execution complete.
