tracename applu_m2b
---Dinero IV cache simulator, version 7
---Written by Jan Edler and Mark D. Hill
---Copyright (C) 1997 NEC Research Institute, Inc. and Mark D. Hill.
---All rights reserved.
---Copyright (C) 1985, 1989 Mark D. Hill.  All rights reserved.
---See -copyright option for details

---Summary of options (-help option gives usage information).

-l1-isize 32768
-l1-dsize 32768
-l2-dsize 262144
-l3-dsize 524288
-l1-ibsize 64
-l1-dbsize 64
-l2-dbsize 64
-l3-dbsize 64
-l1-isbsize 64
-l1-dsbsize 64
-l2-dsbsize 64
-l3-dsbsize 64
-l1-iassoc 8
-l1-dassoc 8
-l2-dassoc 8
-l3-dassoc 8
-l1-irepl l
-l1-drepl f
-l2-drepl f
-l3-drepl f
-l1-ifetch d
-l1-dfetch d
-l2-dfetch d
-l3-dfetch d
-l1-dwalloc a
-l2-dwalloc a
-l3-dwalloc a
-l1-dwback a
-l2-dwback a
-l3-dwback a
-skipcount 0
-flushcount 0
-maxcount 0
-stat-interval 0
-informat s
-on-trigger 0x0
-off-trigger 0x0

---Simulation begins.
---Simulation complete.
l1-icache
 Metrics		      Total	      Instrn	       Data	       Read	      Write	       Misc
 -----------------	      ------	      ------	      ------	      ------	      ------	      ------
 Demand Fetches		  1999999198	  1999999198	           0	           0	           0	           0
  Fraction of total	      1.0000	      1.0000	      0.0000	      0.0000	      0.0000	      0.0000

 Demand Misses		        9830	        9830	           0	           0	           0	           0
  Demand miss rate	      0.0000	      0.0000	      0.0000	      0.0000	      0.0000	      0.0000

 Multi-block refs                 0
 Bytes From Memory	      629120
 ( / Demand Fetches)	      0.0003
 Bytes To Memory	           0
 ( / Demand Writes)	      0.0000
 Total Bytes r/w Mem	      629120
 ( / Demand Fetches)	      0.0003

l1-dcache
 Metrics		      Total	      Instrn	       Data	       Read	      Write	       Misc
 -----------------	      ------	      ------	      ------	      ------	      ------	      ------
 Demand Fetches		   764034126	           0	   764034126	   538143526	   225890600	           0
  Fraction of total	      1.0000	      0.0000	      1.0000	      0.7043	      0.2957	      0.0000

 Demand Misses		    44451404	           0	    44451404	    30866681	    13584723	           0
  Demand miss rate	      0.0582	      0.0000	      0.0582	      0.0574	      0.0601	      0.0000

 Multi-block refs                 0
 Bytes From Memory	  2844889856
 ( / Demand Fetches)	      3.7235
 Bytes To Memory	  1232416064
 ( / Demand Writes)	      5.4558
 Total Bytes r/w Mem	  4077305920
 ( / Demand Fetches)	      5.3365

l2-dcache
 Metrics		      Total	      Instrn	       Data	       Read	      Write	       Misc
 -----------------	      ------	      ------	      ------	      ------	      ------	      ------
 Demand Fetches		    63707905	           0	    63707905	    44451404	    19256501	           0
  Fraction of total	      1.0000	      0.0000	      1.0000	      0.6977	      0.3023	      0.0000

 Demand Misses		    42202119	           0	    42202119	    42149866	       52253	           0
  Demand miss rate	      0.6624	      0.0000	      0.6624	      0.9482	      0.0027	      0.0000

 Multi-block refs                 0
 Bytes From Memory	  2697591424
 ( / Demand Fetches)	     42.3431
 Bytes To Memory	  1208081984
 ( / Demand Writes)	     62.7363
 Total Bytes r/w Mem	  3905673408
 ( / Demand Fetches)	     61.3059

l3-dcache
 Metrics		      Total	      Instrn	       Data	       Read	      Write	       Misc
 -----------------	      ------	      ------	      ------	      ------	      ------	      ------
 Demand Fetches		    61026147	           0	    61026147	    42149866	    18876281	           0
  Fraction of total	      1.0000	      0.0000	      1.0000	      0.6907	      0.3093	      0.0000

 Demand Misses		    42131387	           0	    42131387	    42098626	       32761	           0
  Demand miss rate	      0.6904	      0.0000	      0.6904	      0.9988	      0.0017	      0.0000

 Multi-block refs                 0
 Bytes From Memory	  2694312064
 ( / Demand Fetches)	     44.1501
 Bytes To Memory	  1206049280
 ( / Demand Writes)	     63.8923
 Total Bytes r/w Mem	  3900361344
 ( / Demand Fetches)	     63.9130

---Execution complete.
