tracename applu_m2b
---Dinero IV cache simulator, version 7
---Written by Jan Edler and Mark D. Hill
---Copyright (C) 1997 NEC Research Institute, Inc. and Mark D. Hill.
---All rights reserved.
---Copyright (C) 1985, 1989 Mark D. Hill.  All rights reserved.
---See -copyright option for details

---Summary of options (-help option gives usage information).

-l1-isize 32768
-l1-dsize 32768
-l2-dsize 262144
-l3-dsize 2097152
-l1-ibsize 64
-l1-dbsize 64
-l2-dbsize 64
-l3-dbsize 64
-l1-isbsize 64
-l1-dsbsize 64
-l2-dsbsize 64
-l3-dsbsize 64
-l1-iassoc 8
-l1-dassoc 8
-l2-dassoc 8
-l3-dassoc 8
-l1-irepl l
-l1-drepl 2
-l2-drepl 2
-l3-drepl 2
-l1-ifetch d
-l1-dfetch d
-l2-dfetch d
-l3-dfetch d
-l1-dwalloc a
-l2-dwalloc a
-l3-dwalloc a
-l1-dwback a
-l2-dwback a
-l3-dwback a
-skipcount 0
-flushcount 0
-maxcount 0
-stat-interval 0
-informat s
-on-trigger 0x0
-off-trigger 0x0

---Simulation begins.
---Simulation complete.
l1-icache
 Metrics		      Total	      Instrn	       Data	       Read	      Write	       Misc
 -----------------	      ------	      ------	      ------	      ------	      ------	      ------
 Demand Fetches		  1999999198	  1999999198	           0	           0	           0	           0
  Fraction of total	      1.0000	      1.0000	      0.0000	      0.0000	      0.0000	      0.0000

 Demand Misses		        9830	        9830	           0	           0	           0	           0
  Demand miss rate	      0.0000	      0.0000	      0.0000	      0.0000	      0.0000	      0.0000

 Multi-block refs                 0
 Bytes From Memory	      629120
 ( / Demand Fetches)	      0.0003
 Bytes To Memory	           0
 ( / Demand Writes)	      0.0000
 Total Bytes r/w Mem	      629120
 ( / Demand Fetches)	      0.0003

l1-dcache
 Metrics		      Total	      Instrn	       Data	       Read	      Write	       Misc
 -----------------	      ------	      ------	      ------	      ------	      ------	      ------
 Demand Fetches		   764034126	           0	   764034126	   538143526	   225890600	           0
  Fraction of total	      1.0000	      0.0000	      1.0000	      0.7043	      0.2957	      0.0000

 Demand Misses		    43798816	           0	    43798816	    30375118	    13423698	           0
  Demand miss rate	      0.0573	      0.0000	      0.0573	      0.0564	      0.0594	      0.0000

 Multi-block refs                 0
 Bytes From Memory	  2803124224
 ( / Demand Fetches)	      3.6688
 Bytes To Memory	  1208711040
 ( / Demand Writes)	      5.3509
 Total Bytes r/w Mem	  4011835264
 ( / Demand Fetches)	      5.2509

l2-dcache
 Metrics		      Total	      Instrn	       Data	       Read	      Write	       Misc
 -----------------	      ------	      ------	      ------	      ------	      ------	      ------
 Demand Fetches		    62684926	           0	    62684926	    43798816	    18886110	           0
  Fraction of total	      1.0000	      0.0000	      1.0000	      0.6987	      0.3013	      0.0000

 Demand Misses		    42298676	           0	    42298676	    42125477	      173199	           0
  Demand miss rate	      0.6748	      0.0000	      0.6748	      0.9618	      0.0092	      0.0000

 Multi-block refs                 0
 Bytes From Memory	  2696030528
 ( / Demand Fetches)	     43.0092
 Bytes To Memory	  1205360128
 ( / Demand Writes)	     63.8226
 Total Bytes r/w Mem	  3901390656
 ( / Demand Fetches)	     62.2381

l3-dcache
 Metrics		      Total	      Instrn	       Data	       Read	      Write	       Misc
 -----------------	      ------	      ------	      ------	      ------	      ------	      ------
 Demand Fetches		    60959229	           0	    60959229	    42125477	    18833752	           0
  Fraction of total	      1.0000	      0.0000	      1.0000	      0.6910	      0.3090	      0.0000

 Demand Misses		    41792957	           0	    41792957	    41570985	      221972	           0
  Demand miss rate	      0.6856	      0.0000	      0.6856	      0.9868	      0.0118	      0.0000

 Multi-block refs                 0
 Bytes From Memory	  2660543040
 ( / Demand Fetches)	     43.6446
 Bytes To Memory	  1203541184
 ( / Demand Writes)	     63.9034
 Total Bytes r/w Mem	  3864084224
 ( / Demand Fetches)	     63.3880

---Execution complete.
