tracename applu_m2b
---Dinero IV cache simulator, version 7
---Written by Jan Edler and Mark D. Hill
---Copyright (C) 1997 NEC Research Institute, Inc. and Mark D. Hill.
---All rights reserved.
---Copyright (C) 1985, 1989 Mark D. Hill.  All rights reserved.
---See -copyright option for details

---Summary of options (-help option gives usage information).

-l1-isize 32768
-l1-dsize 32768
-l2-dsize 262144
-l3-dsize 1048576
-l1-ibsize 64
-l1-dbsize 64
-l2-dbsize 64
-l3-dbsize 64
-l1-isbsize 64
-l1-dsbsize 64
-l2-dsbsize 64
-l3-dsbsize 64
-l1-iassoc 8
-l1-dassoc 8
-l2-dassoc 8
-l3-dassoc 8
-l1-irepl l
-l1-drepl b
-l2-drepl b
-l3-drepl b
-l1-ifetch d
-l1-dfetch d
-l2-dfetch d
-l3-dfetch d
-l1-dwalloc a
-l2-dwalloc a
-l3-dwalloc a
-l1-dwback a
-l2-dwback a
-l3-dwback a
-skipcount 0
-flushcount 0
-maxcount 0
-stat-interval 0
-informat s
-on-trigger 0x0
-off-trigger 0x0

---Simulation begins.
---Simulation complete.
l1-icache
 Metrics		      Total	      Instrn	       Data	       Read	      Write	       Misc
 -----------------	      ------	      ------	      ------	      ------	      ------	      ------
 Demand Fetches		  1999999198	  1999999198	           0	           0	           0	           0
  Fraction of total	      1.0000	      1.0000	      0.0000	      0.0000	      0.0000	      0.0000

 Demand Misses		        9830	        9830	           0	           0	           0	           0
  Demand miss rate	      0.0000	      0.0000	      0.0000	      0.0000	      0.0000	      0.0000

 Multi-block refs                 0
 Bytes From Memory	      629120
 ( / Demand Fetches)	      0.0003
 Bytes To Memory	           0
 ( / Demand Writes)	      0.0000
 Total Bytes r/w Mem	      629120
 ( / Demand Fetches)	      0.0003

l1-dcache
 Metrics		      Total	      Instrn	       Data	       Read	      Write	       Misc
 -----------------	      ------	      ------	      ------	      ------	      ------	      ------
 Demand Fetches		   764034126	           0	   764034126	   538143526	   225890600	           0
  Fraction of total	      1.0000	      0.0000	      1.0000	      0.7043	      0.2957	      0.0000

 Demand Misses		    44481811	           0	    44481811	    30968159	    13513652	           0
  Demand miss rate	      0.0582	      0.0000	      0.0582	      0.0575	      0.0598	      0.0000

 Multi-block refs                 0
 Bytes From Memory	  2846835904
 ( / Demand Fetches)	      3.7261
 Bytes To Memory	  1224858880
 ( / Demand Writes)	      5.4224
 Total Bytes r/w Mem	  4071694784
 ( / Demand Fetches)	      5.3292

l2-dcache
 Metrics		      Total	      Instrn	       Data	       Read	      Write	       Misc
 -----------------	      ------	      ------	      ------	      ------	      ------	      ------
 Demand Fetches		    63620231	           0	    63620231	    44481811	    19138420	           0
  Fraction of total	      1.0000	      0.0000	      1.0000	      0.6992	      0.3008	      0.0000

 Demand Misses		    42894325	           0	    42894325	    42197276	      697049	           0
  Demand miss rate	      0.6742	      0.0000	      0.6742	      0.9486	      0.0364	      0.0000

 Multi-block refs                 0
 Bytes From Memory	  2700625664
 ( / Demand Fetches)	     42.4492
 Bytes To Memory	  1206871040
 ( / Demand Writes)	     63.0601
 Total Bytes r/w Mem	  3907496704
 ( / Demand Fetches)	     61.4191

l3-dcache
 Metrics		      Total	      Instrn	       Data	       Read	      Write	       Misc
 -----------------	      ------	      ------	      ------	      ------	      ------	      ------
 Demand Fetches		    61054636	           0	    61054636	    42197276	    18857360	           0
  Fraction of total	      1.0000	      0.0000	      1.0000	      0.6911	      0.3089	      0.0000

 Demand Misses		    44656094	           0	    44656094	    42012911	     2643183	           0
  Demand miss rate	      0.7314	      0.0000	      0.7314	      0.9956	      0.1402	      0.0000

 Multi-block refs                 0
 Bytes From Memory	  2688826304
 ( / Demand Fetches)	     44.0397
 Bytes To Memory	  1204740288
 ( / Demand Writes)	     63.8870
 Total Bytes r/w Mem	  3893566592
 ( / Demand Fetches)	     63.7718

---Execution complete.
