tracename applu_m2b
---Dinero IV cache simulator, version 7
---Written by Jan Edler and Mark D. Hill
---Copyright (C) 1997 NEC Research Institute, Inc. and Mark D. Hill.
---All rights reserved.
---Copyright (C) 1985, 1989 Mark D. Hill.  All rights reserved.
---See -copyright option for details

---Summary of options (-help option gives usage information).

-l1-isize 32768
-l1-dsize 32768
-l2-dsize 262144
-l3-dsize 2097152
-l1-ibsize 64
-l1-dbsize 64
-l2-dbsize 64
-l3-dbsize 64
-l1-isbsize 64
-l1-dsbsize 64
-l2-dsbsize 64
-l3-dsbsize 64
-l1-iassoc 8
-l1-dassoc 8
-l2-dassoc 8
-l3-dassoc 8
-l1-irepl l
-l1-drepl b
-l2-drepl b
-l3-drepl b
-l1-ifetch d
-l1-dfetch d
-l2-dfetch d
-l3-dfetch d
-l1-dwalloc a
-l2-dwalloc a
-l3-dwalloc a
-l1-dwback a
-l2-dwback a
-l3-dwback a
-skipcount 0
-flushcount 0
-maxcount 0
-stat-interval 0
-informat s
-on-trigger 0x0
-off-trigger 0x0

---Simulation begins.
---Simulation complete.
l1-icache
 Metrics		      Total	      Instrn	       Data	       Read	      Write	       Misc
 -----------------	      ------	      ------	      ------	      ------	      ------	      ------
 Demand Fetches		  1999999198	  1999999198	           0	           0	           0	           0
  Fraction of total	      1.0000	      1.0000	      0.0000	      0.0000	      0.0000	      0.0000

 Demand Misses		        9830	        9830	           0	           0	           0	           0
  Demand miss rate	      0.0000	      0.0000	      0.0000	      0.0000	      0.0000	      0.0000

 Multi-block refs                 0
 Bytes From Memory	      629120
 ( / Demand Fetches)	      0.0003
 Bytes To Memory	           0
 ( / Demand Writes)	      0.0000
 Total Bytes r/w Mem	      629120
 ( / Demand Fetches)	      0.0003

l1-dcache
 Metrics		      Total	      Instrn	       Data	       Read	      Write	       Misc
 -----------------	      ------	      ------	      ------	      ------	      ------	      ------
 Demand Fetches		   764034126	           0	   764034126	   538143526	   225890600	           0
  Fraction of total	      1.0000	      0.0000	      1.0000	      0.7043	      0.2957	      0.0000

 Demand Misses		    44483471	           0	    44483471	    30969005	    13514466	           0
  Demand miss rate	      0.0582	      0.0000	      0.0582	      0.0575	      0.0598	      0.0000

 Multi-block refs                 0
 Bytes From Memory	  2846942144
 ( / Demand Fetches)	      3.7262
 Bytes To Memory	  1224931648
 ( / Demand Writes)	      5.4227
 Total Bytes r/w Mem	  4071873792
 ( / Demand Fetches)	      5.3294

l2-dcache
 Metrics		      Total	      Instrn	       Data	       Read	      Write	       Misc
 -----------------	      ------	      ------	      ------	      ------	      ------	      ------
 Demand Fetches		    63623028	           0	    63623028	    44483471	    19139557	           0
  Fraction of total	      1.0000	      0.0000	      1.0000	      0.6992	      0.3008	      0.0000

 Demand Misses		    42893376	           0	    42893376	    42196683	      696693	           0
  Demand miss rate	      0.6742	      0.0000	      0.6742	      0.9486	      0.0364	      0.0000

 Multi-block refs                 0
 Bytes From Memory	  2700587712
 ( / Demand Fetches)	     42.4467
 Bytes To Memory	  1206886272
 ( / Demand Writes)	     63.0572
 Total Bytes r/w Mem	  3907473984
 ( / Demand Fetches)	     61.4160

l3-dcache
 Metrics		      Total	      Instrn	       Data	       Read	      Write	       Misc
 -----------------	      ------	      ------	      ------	      ------	      ------	      ------
 Demand Fetches		    61054281	           0	    61054281	    42196683	    18857598	           0
  Fraction of total	      1.0000	      0.0000	      1.0000	      0.6911	      0.3089	      0.0000

 Demand Misses		    42316721	           0	    42316721	    41538375	      778346	           0
  Demand miss rate	      0.6931	      0.0000	      0.6931	      0.9844	      0.0413	      0.0000

 Multi-block refs                 0
 Bytes From Memory	  2658456000
 ( / Demand Fetches)	     43.5425
 Bytes To Memory	  1203692224
 ( / Demand Writes)	     63.8306
 Total Bytes r/w Mem	  3862148224
 ( / Demand Fetches)	     63.2576

---Execution complete.
