tracename applu_m2b
---Dinero IV cache simulator, version 7
---Written by Jan Edler and Mark D. Hill
---Copyright (C) 1997 NEC Research Institute, Inc. and Mark D. Hill.
---All rights reserved.
---Copyright (C) 1985, 1989 Mark D. Hill.  All rights reserved.
---See -copyright option for details

---Summary of options (-help option gives usage information).

-l1-isize 32768
-l1-dsize 32768
-l2-dsize 262144
-l3-dsize 262144
-l1-ibsize 64
-l1-dbsize 64
-l2-dbsize 64
-l3-dbsize 64
-l1-isbsize 64
-l1-dsbsize 64
-l2-dsbsize 64
-l3-dsbsize 64
-l1-iassoc 8
-l1-dassoc 8
-l2-dassoc 8
-l3-dassoc 8
-l1-irepl l
-l1-drepl 2
-l2-drepl 2
-l3-drepl 2
-l1-ifetch d
-l1-dfetch d
-l2-dfetch d
-l3-dfetch d
-l1-dwalloc a
-l2-dwalloc a
-l3-dwalloc a
-l1-dwback a
-l2-dwback a
-l3-dwback a
-skipcount 0
-flushcount 0
-maxcount 0
-stat-interval 0
-informat s
-on-trigger 0x0
-off-trigger 0x0

---Simulation begins.
---Simulation complete.
l1-icache
 Metrics		      Total	      Instrn	       Data	       Read	      Write	       Misc
 -----------------	      ------	      ------	      ------	      ------	      ------	      ------
 Demand Fetches		  1999999198	  1999999198	           0	           0	           0	           0
  Fraction of total	      1.0000	      1.0000	      0.0000	      0.0000	      0.0000	      0.0000

 Demand Misses		        9830	        9830	           0	           0	           0	           0
  Demand miss rate	      0.0000	      0.0000	      0.0000	      0.0000	      0.0000	      0.0000

 Multi-block refs                 0
 Bytes From Memory	      629120
 ( / Demand Fetches)	      0.0003
 Bytes To Memory	           0
 ( / Demand Writes)	      0.0000
 Total Bytes r/w Mem	      629120
 ( / Demand Fetches)	      0.0003

l1-dcache
 Metrics		      Total	      Instrn	       Data	       Read	      Write	       Misc
 -----------------	      ------	      ------	      ------	      ------	      ------	      ------
 Demand Fetches		   764034126	           0	   764034126	   538143526	   225890600	           0
  Fraction of total	      1.0000	      0.0000	      1.0000	      0.7043	      0.2957	      0.0000

 Demand Misses		    43799335	           0	    43799335	    30375329	    13424006	           0
  Demand miss rate	      0.0573	      0.0000	      0.0573	      0.0564	      0.0594	      0.0000

 Multi-block refs                 0
 Bytes From Memory	  2803157440
 ( / Demand Fetches)	      3.6689
 Bytes To Memory	  1208751232
 ( / Demand Writes)	      5.3510
 Total Bytes r/w Mem	  4011908672
 ( / Demand Fetches)	      5.2510

l2-dcache
 Metrics		      Total	      Instrn	       Data	       Read	      Write	       Misc
 -----------------	      ------	      ------	      ------	      ------	      ------	      ------
 Demand Fetches		    62686073	           0	    62686073	    43799335	    18886738	           0
  Fraction of total	      1.0000	      0.0000	      1.0000	      0.6987	      0.3013	      0.0000

 Demand Misses		    42298374	           0	    42298374	    42125427	      172947	           0
  Demand miss rate	      0.6748	      0.0000	      0.6748	      0.9618	      0.0092	      0.0000

 Multi-block refs                 0
 Bytes From Memory	  2696027328
 ( / Demand Fetches)	     43.0084
 Bytes To Memory	  1205371072
 ( / Demand Writes)	     63.8210
 Total Bytes r/w Mem	  3901398400
 ( / Demand Fetches)	     62.2371

l3-dcache
 Metrics		      Total	      Instrn	       Data	       Read	      Write	       Misc
 -----------------	      ------	      ------	      ------	      ------	      ------	      ------
 Demand Fetches		    60959350	           0	    60959350	    42125427	    18833923	           0
  Fraction of total	      1.0000	      0.0000	      1.0000	      0.6910	      0.3090	      0.0000

 Demand Misses		    56892469	           0	    56892469	    42097224	    14795245	           0
  Demand miss rate	      0.9333	      0.0000	      0.9333	      0.9993	      0.7856	      0.0000

 Multi-block refs                 0
 Bytes From Memory	  2694222336
 ( / Demand Fetches)	     44.1970
 Bytes To Memory	  1205284032
 ( / Demand Writes)	     63.9954
 Total Bytes r/w Mem	  3899506368
 ( / Demand Fetches)	     63.9690

---Execution complete.
