tracename applu_m2b
---Dinero IV cache simulator, version 7
---Written by Jan Edler and Mark D. Hill
---Copyright (C) 1997 NEC Research Institute, Inc. and Mark D. Hill.
---All rights reserved.
---Copyright (C) 1985, 1989 Mark D. Hill.  All rights reserved.
---See -copyright option for details

---Summary of options (-help option gives usage information).

-l1-isize 32768
-l1-dsize 32768
-l2-dsize 262144
-l3-dsize 16777216
-l1-ibsize 64
-l1-dbsize 64
-l2-dbsize 64
-l3-dbsize 64
-l1-isbsize 64
-l1-dsbsize 64
-l2-dsbsize 64
-l3-dsbsize 64
-l1-iassoc 8
-l1-dassoc 8
-l2-dassoc 8
-l3-dassoc 8
-l1-irepl l
-l1-drepl l
-l2-drepl l
-l3-drepl l
-l1-ifetch d
-l1-dfetch d
-l2-dfetch d
-l3-dfetch d
-l1-dwalloc a
-l2-dwalloc a
-l3-dwalloc a
-l1-dwback a
-l2-dwback a
-l3-dwback a
-skipcount 0
-flushcount 0
-maxcount 0
-stat-interval 0
-informat s
-on-trigger 0x0
-off-trigger 0x0

---Simulation begins.
---Simulation complete.
l1-icache
 Metrics		      Total	      Instrn	       Data	       Read	      Write	       Misc
 -----------------	      ------	      ------	      ------	      ------	      ------	      ------
 Demand Fetches		  1999999198	  1999999198	           0	           0	           0	           0
  Fraction of total	      1.0000	      1.0000	      0.0000	      0.0000	      0.0000	      0.0000

 Demand Misses		        9830	        9830	           0	           0	           0	           0
  Demand miss rate	      0.0000	      0.0000	      0.0000	      0.0000	      0.0000	      0.0000

 Multi-block refs                 0
 Bytes From Memory	      629120
 ( / Demand Fetches)	      0.0003
 Bytes To Memory	           0
 ( / Demand Writes)	      0.0000
 Total Bytes r/w Mem	      629120
 ( / Demand Fetches)	      0.0003

l1-dcache
 Metrics		      Total	      Instrn	       Data	       Read	      Write	       Misc
 -----------------	      ------	      ------	      ------	      ------	      ------	      ------
 Demand Fetches		   764034126	           0	   764034126	   538143526	   225890600	           0
  Fraction of total	      1.0000	      0.0000	      1.0000	      0.7043	      0.2957	      0.0000

 Demand Misses		    43704786	           0	    43704786	    30306556	    13398230	           0
  Demand miss rate	      0.0572	      0.0000	      0.0572	      0.0563	      0.0593	      0.0000

 Multi-block refs                 0
 Bytes From Memory	  2797106304
 ( / Demand Fetches)	      3.6610
 Bytes To Memory	  1204432128
 ( / Demand Writes)	      5.3319
 Total Bytes r/w Mem	  4001538432
 ( / Demand Fetches)	      5.2374

l2-dcache
 Metrics		      Total	      Instrn	       Data	       Read	      Write	       Misc
 -----------------	      ------	      ------	      ------	      ------	      ------	      ------
 Demand Fetches		    62524038	           0	    62524038	    43704786	    18819252	           0
  Fraction of total	      1.0000	      0.0000	      1.0000	      0.6990	      0.3010	      0.0000

 Demand Misses		    42091434	           0	    42091434	    42090637	         797	           0
  Demand miss rate	      0.6732	      0.0000	      0.6732	      0.9631	      0.0000	      0.0000

 Multi-block refs                 0
 Bytes From Memory	  2693800768
 ( / Demand Fetches)	     43.0842
 Bytes To Memory	  1204420224
 ( / Demand Writes)	     63.9994
 Total Bytes r/w Mem	  3898220992
 ( / Demand Fetches)	     62.3476

l3-dcache
 Metrics		      Total	      Instrn	       Data	       Read	      Write	       Misc
 -----------------	      ------	      ------	      ------	      ------	      ------	      ------
 Demand Fetches		    60909703	           0	    60909703	    42090637	    18819066	           0
  Fraction of total	      1.0000	      0.0000	      1.0000	      0.6910	      0.3090	      0.0000

 Demand Misses		    31074984	           0	    31074984	    31074656	         328	           0
  Demand miss rate	      0.5102	      0.0000	      0.5102	      0.7383	      0.0000	      0.0000

 Multi-block refs                 0
 Bytes From Memory	  1988777984
 ( / Demand Fetches)	     32.6513
 Bytes To Memory	   939544192
 ( / Demand Writes)	     49.9251
 Total Bytes r/w Mem	  2928322176
 ( / Demand Fetches)	     48.0764

---Execution complete.
