tracename gcc_m2b
---Dinero IV cache simulator, version 7
---Written by Jan Edler and Mark D. Hill
---Copyright (C) 1997 NEC Research Institute, Inc. and Mark D. Hill.
---All rights reserved.
---Copyright (C) 1985, 1989 Mark D. Hill.  All rights reserved.
---See -copyright option for details

---Summary of options (-help option gives usage information).

-l1-isize 32768
-l1-dsize 32768
-l2-dsize 262144
-l3-dsize 1048576
-l1-ibsize 64
-l1-dbsize 64
-l2-dbsize 64
-l3-dbsize 64
-l1-isbsize 64
-l1-dsbsize 64
-l2-dsbsize 64
-l3-dsbsize 64
-l1-iassoc 8
-l1-dassoc 8
-l2-dassoc 8
-l3-dassoc 8
-l1-irepl l
-l1-drepl c
-l2-drepl c
-l3-drepl c
-l1-ifetch d
-l1-dfetch d
-l2-dfetch d
-l3-dfetch d
-l1-dwalloc a
-l2-dwalloc a
-l3-dwalloc a
-l1-dwback a
-l2-dwback a
-l3-dwback a
-skipcount 0
-flushcount 0
-maxcount 0
-stat-interval 0
-informat s
-on-trigger 0x0
-off-trigger 0x0

---Simulation begins.
---Simulation complete.
l1-icache
 Metrics		      Total	      Instrn	       Data	       Read	      Write	       Misc
 -----------------	      ------	      ------	      ------	      ------	      ------	      ------
 Demand Fetches		  1999999973	  1999999973	           0	           0	           0	           0
  Fraction of total	      1.0000	      1.0000	      0.0000	      0.0000	      0.0000	      0.0000

 Demand Misses		     3224339	     3224339	           0	           0	           0	           0
  Demand miss rate	      0.0016	      0.0016	      0.0000	      0.0000	      0.0000	      0.0000

 Multi-block refs                 0
 Bytes From Memory	   206357696
 ( / Demand Fetches)	      0.1032
 Bytes To Memory	           0
 ( / Demand Writes)	      0.0000
 Total Bytes r/w Mem	   206357696
 ( / Demand Fetches)	      0.1032

l1-dcache
 Metrics		      Total	      Instrn	       Data	       Read	      Write	       Misc
 -----------------	      ------	      ------	      ------	      ------	      ------	      ------
 Demand Fetches		  1042289053	           0	  1042289053	   755199682	   287089371	           0
  Fraction of total	      1.0000	      0.0000	      1.0000	      0.7246	      0.2754	      0.0000

 Demand Misses		    31240928	           0	    31240928	     7466705	    23774223	           0
  Demand miss rate	      0.0300	      0.0000	      0.0300	      0.0099	      0.0828	      0.0000

 Multi-block refs            373959
 Bytes From Memory	  1999419392
 ( / Demand Fetches)	      1.9183
 Bytes To Memory	  1564664064
 ( / Demand Writes)	      5.4501
 Total Bytes r/w Mem	  3564083456
 ( / Demand Fetches)	      3.4195

l2-dcache
 Metrics		      Total	      Instrn	       Data	       Read	      Write	       Misc
 -----------------	      ------	      ------	      ------	      ------	      ------	      ------
 Demand Fetches		    55688804	           0	    55688804	    31240928	    24447876	           0
  Fraction of total	      1.0000	      0.0000	      1.0000	      0.5610	      0.4390	      0.0000

 Demand Misses		    25797387	           0	    25797387	    25215269	      582118	           0
  Demand miss rate	      0.4632	      0.0000	      0.4632	      0.8071	      0.0238	      0.0000

 Multi-block refs                 0
 Bytes From Memory	  1613777216
 ( / Demand Fetches)	     28.9785
 Bytes To Memory	  1428755712
 ( / Demand Writes)	     58.4409
 Total Bytes r/w Mem	  3042532928
 ( / Demand Fetches)	     54.6346

l3-dcache
 Metrics		      Total	      Instrn	       Data	       Read	      Write	       Misc
 -----------------	      ------	      ------	      ------	      ------	      ------	      ------
 Demand Fetches		    47539577	           0	    47539577	    25215269	    22324308	           0
  Fraction of total	      1.0000	      0.0000	      1.0000	      0.5304	      0.4696	      0.0000

 Demand Misses		     2539971	           0	     2539971	     2487663	       52308	           0
  Demand miss rate	      0.0534	      0.0000	      0.0534	      0.0987	      0.0023	      0.0000

 Multi-block refs                 0
 Bytes From Memory	   159210432
 ( / Demand Fetches)	      3.3490
 Bytes To Memory	    27374656
 ( / Demand Writes)	      1.2262
 Total Bytes r/w Mem	   186585088
 ( / Demand Fetches)	      3.9248

---Execution complete.
