tracename gcc_m2b
---Dinero IV cache simulator, version 7
---Written by Jan Edler and Mark D. Hill
---Copyright (C) 1997 NEC Research Institute, Inc. and Mark D. Hill.
---All rights reserved.
---Copyright (C) 1985, 1989 Mark D. Hill.  All rights reserved.
---See -copyright option for details

---Summary of options (-help option gives usage information).

-l1-isize 32768
-l1-dsize 32768
-l2-dsize 262144
-l3-dsize 33554432
-l1-ibsize 64
-l1-dbsize 64
-l2-dbsize 64
-l3-dbsize 64
-l1-isbsize 64
-l1-dsbsize 64
-l2-dsbsize 64
-l3-dsbsize 64
-l1-iassoc 8
-l1-dassoc 8
-l2-dassoc 8
-l3-dassoc 8
-l1-irepl l
-l1-drepl c
-l2-drepl c
-l3-drepl c
-l1-ifetch d
-l1-dfetch d
-l2-dfetch d
-l3-dfetch d
-l1-dwalloc a
-l2-dwalloc a
-l3-dwalloc a
-l1-dwback a
-l2-dwback a
-l3-dwback a
-skipcount 0
-flushcount 0
-maxcount 0
-stat-interval 0
-informat s
-on-trigger 0x0
-off-trigger 0x0

---Simulation begins.
---Simulation complete.
l1-icache
 Metrics		      Total	      Instrn	       Data	       Read	      Write	       Misc
 -----------------	      ------	      ------	      ------	      ------	      ------	      ------
 Demand Fetches		  1999999973	  1999999973	           0	           0	           0	           0
  Fraction of total	      1.0000	      1.0000	      0.0000	      0.0000	      0.0000	      0.0000

 Demand Misses		     3224339	     3224339	           0	           0	           0	           0
  Demand miss rate	      0.0016	      0.0016	      0.0000	      0.0000	      0.0000	      0.0000

 Multi-block refs                 0
 Bytes From Memory	   206357696
 ( / Demand Fetches)	      0.1032
 Bytes To Memory	           0
 ( / Demand Writes)	      0.0000
 Total Bytes r/w Mem	   206357696
 ( / Demand Fetches)	      0.1032

l1-dcache
 Metrics		      Total	      Instrn	       Data	       Read	      Write	       Misc
 -----------------	      ------	      ------	      ------	      ------	      ------	      ------
 Demand Fetches		  1042289053	           0	  1042289053	   755199682	   287089371	           0
  Fraction of total	      1.0000	      0.0000	      1.0000	      0.7246	      0.2754	      0.0000

 Demand Misses		    31242849	           0	    31242849	     7467609	    23775240	           0
  Demand miss rate	      0.0300	      0.0000	      0.0300	      0.0099	      0.0828	      0.0000

 Multi-block refs            373959
 Bytes From Memory	  1999542336
 ( / Demand Fetches)	      1.9184
 Bytes To Memory	  1564793600
 ( / Demand Writes)	      5.4505
 Total Bytes r/w Mem	  3564335936
 ( / Demand Fetches)	      3.4197

l2-dcache
 Metrics		      Total	      Instrn	       Data	       Read	      Write	       Misc
 -----------------	      ------	      ------	      ------	      ------	      ------	      ------
 Demand Fetches		    55692749	           0	    55692749	    31242849	    24449900	           0
  Fraction of total	      1.0000	      0.0000	      1.0000	      0.5610	      0.4390	      0.0000

 Demand Misses		    25797406	           0	    25797406	    25216700	      580706	           0
  Demand miss rate	      0.4632	      0.0000	      0.4632	      0.8071	      0.0238	      0.0000

 Multi-block refs                 0
 Bytes From Memory	  1613868800
 ( / Demand Fetches)	     28.9781
 Bytes To Memory	  1428778688
 ( / Demand Writes)	     58.4370
 Total Bytes r/w Mem	  3042647488
 ( / Demand Fetches)	     54.6327

l3-dcache
 Metrics		      Total	      Instrn	       Data	       Read	      Write	       Misc
 -----------------	      ------	      ------	      ------	      ------	      ------	      ------
 Demand Fetches		    47541367	           0	    47541367	    25216700	    22324667	           0
  Fraction of total	      1.0000	      0.0000	      1.0000	      0.5304	      0.4696	      0.0000

 Demand Misses		      322435	           0	      322435	      322433	           2	           0
  Demand miss rate	      0.0068	      0.0000	      0.0068	      0.0128	      0.0000	      0.0000

 Multi-block refs                 0
 Bytes From Memory	    20635712
 ( / Demand Fetches)	      0.4341
 Bytes To Memory	    14139648
 ( / Demand Writes)	      0.6334
 Total Bytes r/w Mem	    34775360
 ( / Demand Fetches)	      0.7315

---Execution complete.
