tracename gcc_m2b
---Dinero IV cache simulator, version 7
---Written by Jan Edler and Mark D. Hill
---Copyright (C) 1997 NEC Research Institute, Inc. and Mark D. Hill.
---All rights reserved.
---Copyright (C) 1985, 1989 Mark D. Hill.  All rights reserved.
---See -copyright option for details

---Summary of options (-help option gives usage information).

-l1-isize 32768
-l1-dsize 32768
-l2-dsize 262144
-l3-dsize 2097152
-l1-ibsize 64
-l1-dbsize 64
-l2-dbsize 64
-l3-dbsize 64
-l1-isbsize 64
-l1-dsbsize 64
-l2-dsbsize 64
-l3-dsbsize 64
-l1-iassoc 8
-l1-dassoc 8
-l2-dassoc 8
-l3-dassoc 8
-l1-irepl l
-l1-drepl b
-l2-drepl b
-l3-drepl b
-l1-ifetch d
-l1-dfetch d
-l2-dfetch d
-l3-dfetch d
-l1-dwalloc a
-l2-dwalloc a
-l3-dwalloc a
-l1-dwback a
-l2-dwback a
-l3-dwback a
-skipcount 0
-flushcount 0
-maxcount 0
-stat-interval 0
-informat s
-on-trigger 0x0
-off-trigger 0x0

---Simulation begins.
---Simulation complete.
l1-icache
 Metrics		      Total	      Instrn	       Data	       Read	      Write	       Misc
 -----------------	      ------	      ------	      ------	      ------	      ------	      ------
 Demand Fetches		  1999999973	  1999999973	           0	           0	           0	           0
  Fraction of total	      1.0000	      1.0000	      0.0000	      0.0000	      0.0000	      0.0000

 Demand Misses		     3224339	     3224339	           0	           0	           0	           0
  Demand miss rate	      0.0016	      0.0016	      0.0000	      0.0000	      0.0000	      0.0000

 Multi-block refs                 0
 Bytes From Memory	   206357696
 ( / Demand Fetches)	      0.1032
 Bytes To Memory	           0
 ( / Demand Writes)	      0.0000
 Total Bytes r/w Mem	   206357696
 ( / Demand Fetches)	      0.1032

l1-dcache
 Metrics		      Total	      Instrn	       Data	       Read	      Write	       Misc
 -----------------	      ------	      ------	      ------	      ------	      ------	      ------
 Demand Fetches		  1042289053	           0	  1042289053	   755199682	   287089371	           0
  Fraction of total	      1.0000	      0.0000	      1.0000	      0.7246	      0.2754	      0.0000

 Demand Misses		    31363627	           0	    31363627	     7580316	    23783311	           0
  Demand miss rate	      0.0301	      0.0000	      0.0301	      0.0100	      0.0828	      0.0000

 Multi-block refs            373959
 Bytes From Memory	  2007272128
 ( / Demand Fetches)	      1.9258
 Bytes To Memory	  1566715712
 ( / Demand Writes)	      5.4572
 Total Bytes r/w Mem	  3573987840
 ( / Demand Fetches)	      3.4290

l2-dcache
 Metrics		      Total	      Instrn	       Data	       Read	      Write	       Misc
 -----------------	      ------	      ------	      ------	      ------	      ------	      ------
 Demand Fetches		    55843560	           0	    55843560	    31363627	    24479933	           0
  Fraction of total	      1.0000	      0.0000	      1.0000	      0.5616	      0.4384	      0.0000

 Demand Misses		    25339000	           0	    25339000	    24494786	      844214	           0
  Demand miss rate	      0.4537	      0.0000	      0.4537	      0.7810	      0.0345	      0.0000

 Multi-block refs                 0
 Bytes From Memory	  1567666304
 ( / Demand Fetches)	     28.0725
 Bytes To Memory	  1383804608
 ( / Demand Writes)	     56.5281
 Total Bytes r/w Mem	  2951470912
 ( / Demand Fetches)	     52.8525

l3-dcache
 Metrics		      Total	      Instrn	       Data	       Read	      Write	       Misc
 -----------------	      ------	      ------	      ------	      ------	      ------	      ------
 Demand Fetches		    46116733	           0	    46116733	    24494786	    21621947	           0
  Fraction of total	      1.0000	      0.0000	      1.0000	      0.5311	      0.4689	      0.0000

 Demand Misses		     2244500	           0	     2244500	     2223901	       20599	           0
  Demand miss rate	      0.0487	      0.0000	      0.0487	      0.0908	      0.0010	      0.0000

 Multi-block refs                 0
 Bytes From Memory	   142329664
 ( / Demand Fetches)	      3.0863
 Bytes To Memory	    23353216
 ( / Demand Writes)	      1.0801
 Total Bytes r/w Mem	   165682880
 ( / Demand Fetches)	      3.5927

---Execution complete.
