tracename gcc_m2b
---Dinero IV cache simulator, version 7
---Written by Jan Edler and Mark D. Hill
---Copyright (C) 1997 NEC Research Institute, Inc. and Mark D. Hill.
---All rights reserved.
---Copyright (C) 1985, 1989 Mark D. Hill.  All rights reserved.
---See -copyright option for details

---Summary of options (-help option gives usage information).

-l1-isize 32768
-l1-dsize 32768
-l2-dsize 262144
-l3-dsize 16777216
-l1-ibsize 64
-l1-dbsize 64
-l2-dbsize 64
-l3-dbsize 64
-l1-isbsize 64
-l1-dsbsize 64
-l2-dsbsize 64
-l3-dsbsize 64
-l1-iassoc 8
-l1-dassoc 8
-l2-dassoc 8
-l3-dassoc 8
-l1-irepl l
-l1-drepl c
-l2-drepl c
-l3-drepl c
-l1-ifetch d
-l1-dfetch d
-l2-dfetch d
-l3-dfetch d
-l1-dwalloc a
-l2-dwalloc a
-l3-dwalloc a
-l1-dwback a
-l2-dwback a
-l3-dwback a
-skipcount 0
-flushcount 0
-maxcount 0
-stat-interval 0
-informat s
-on-trigger 0x0
-off-trigger 0x0

---Simulation begins.
---Simulation complete.
l1-icache
 Metrics		      Total	      Instrn	       Data	       Read	      Write	       Misc
 -----------------	      ------	      ------	      ------	      ------	      ------	      ------
 Demand Fetches		  1999999973	  1999999973	           0	           0	           0	           0
  Fraction of total	      1.0000	      1.0000	      0.0000	      0.0000	      0.0000	      0.0000

 Demand Misses		     3224339	     3224339	           0	           0	           0	           0
  Demand miss rate	      0.0016	      0.0016	      0.0000	      0.0000	      0.0000	      0.0000

 Multi-block refs                 0
 Bytes From Memory	   206357696
 ( / Demand Fetches)	      0.1032
 Bytes To Memory	           0
 ( / Demand Writes)	      0.0000
 Total Bytes r/w Mem	   206357696
 ( / Demand Fetches)	      0.1032

l1-dcache
 Metrics		      Total	      Instrn	       Data	       Read	      Write	       Misc
 -----------------	      ------	      ------	      ------	      ------	      ------	      ------
 Demand Fetches		  1042289053	           0	  1042289053	   755199682	   287089371	           0
  Fraction of total	      1.0000	      0.0000	      1.0000	      0.7246	      0.2754	      0.0000

 Demand Misses		    31242693	           0	    31242693	     7468103	    23774590	           0
  Demand miss rate	      0.0300	      0.0000	      0.0300	      0.0099	      0.0828	      0.0000

 Multi-block refs            373959
 Bytes From Memory	  1999532352
 ( / Demand Fetches)	      1.9184
 Bytes To Memory	  1564744512
 ( / Demand Writes)	      5.4504
 Total Bytes r/w Mem	  3564276864
 ( / Demand Fetches)	      3.4197

l2-dcache
 Metrics		      Total	      Instrn	       Data	       Read	      Write	       Misc
 -----------------	      ------	      ------	      ------	      ------	      ------	      ------
 Demand Fetches		    55691826	           0	    55691826	    31242693	    24449133	           0
  Fraction of total	      1.0000	      0.0000	      1.0000	      0.5610	      0.4390	      0.0000

 Demand Misses		    25798277	           0	    25798277	    25216211	      582066	           0
  Demand miss rate	      0.4632	      0.0000	      0.4632	      0.8071	      0.0238	      0.0000

 Multi-block refs                 0
 Bytes From Memory	  1613837504
 ( / Demand Fetches)	     28.9780
 Bytes To Memory	  1428796544
 ( / Demand Writes)	     58.4396
 Total Bytes r/w Mem	  3042634048
 ( / Demand Fetches)	     54.6334

l3-dcache
 Metrics		      Total	      Instrn	       Data	       Read	      Write	       Misc
 -----------------	      ------	      ------	      ------	      ------	      ------	      ------
 Demand Fetches		    47541157	           0	    47541157	    25216211	    22324946	           0
  Fraction of total	      1.0000	      0.0000	      1.0000	      0.5304	      0.4696	      0.0000

 Demand Misses		      349561	           0	      349561	      349508	          53	           0
  Demand miss rate	      0.0074	      0.0000	      0.0074	      0.0139	      0.0000	      0.0000

 Multi-block refs                 0
 Bytes From Memory	    22368512
 ( / Demand Fetches)	      0.4705
 Bytes To Memory	    14620672
 ( / Demand Writes)	      0.6549
 Total Bytes r/w Mem	    36989184
 ( / Demand Fetches)	      0.7780

---Execution complete.
