tracename gcc_m2b
---Dinero IV cache simulator, version 7
---Written by Jan Edler and Mark D. Hill
---Copyright (C) 1997 NEC Research Institute, Inc. and Mark D. Hill.
---All rights reserved.
---Copyright (C) 1985, 1989 Mark D. Hill.  All rights reserved.
---See -copyright option for details

---Summary of options (-help option gives usage information).

-l1-isize 32768
-l1-dsize 32768
-l2-dsize 262144
-l3-dsize 1048576
-l1-ibsize 64
-l1-dbsize 64
-l2-dbsize 64
-l3-dbsize 64
-l1-isbsize 64
-l1-dsbsize 64
-l2-dsbsize 64
-l3-dsbsize 64
-l1-iassoc 8
-l1-dassoc 8
-l2-dassoc 8
-l3-dassoc 8
-l1-irepl l
-l1-drepl l
-l2-drepl l
-l3-drepl l
-l1-ifetch d
-l1-dfetch d
-l2-dfetch d
-l3-dfetch d
-l1-dwalloc a
-l2-dwalloc a
-l3-dwalloc a
-l1-dwback a
-l2-dwback a
-l3-dwback a
-skipcount 0
-flushcount 0
-maxcount 0
-stat-interval 0
-informat s
-on-trigger 0x0
-off-trigger 0x0

---Simulation begins.
---Simulation complete.
l1-icache
 Metrics		      Total	      Instrn	       Data	       Read	      Write	       Misc
 -----------------	      ------	      ------	      ------	      ------	      ------	      ------
 Demand Fetches		  1999999973	  1999999973	           0	           0	           0	           0
  Fraction of total	      1.0000	      1.0000	      0.0000	      0.0000	      0.0000	      0.0000

 Demand Misses		     3224339	     3224339	           0	           0	           0	           0
  Demand miss rate	      0.0016	      0.0016	      0.0000	      0.0000	      0.0000	      0.0000

 Multi-block refs                 0
 Bytes From Memory	   206357696
 ( / Demand Fetches)	      0.1032
 Bytes To Memory	           0
 ( / Demand Writes)	      0.0000
 Total Bytes r/w Mem	   206357696
 ( / Demand Fetches)	      0.1032

l1-dcache
 Metrics		      Total	      Instrn	       Data	       Read	      Write	       Misc
 -----------------	      ------	      ------	      ------	      ------	      ------	      ------
 Demand Fetches		  1042289053	           0	  1042289053	   755199682	   287089371	           0
  Fraction of total	      1.0000	      0.0000	      1.0000	      0.7246	      0.2754	      0.0000

 Demand Misses		    31235117	           0	    31235117	     7405716	    23829401	           0
  Demand miss rate	      0.0300	      0.0000	      0.0300	      0.0098	      0.0830	      0.0000

 Multi-block refs            373959
 Bytes From Memory	  1999047488
 ( / Demand Fetches)	      1.9179
 Bytes To Memory	  1564698176
 ( / Demand Writes)	      5.4502
 Total Bytes r/w Mem	  3563745664
 ( / Demand Fetches)	      3.4192

l2-dcache
 Metrics		      Total	      Instrn	       Data	       Read	      Write	       Misc
 -----------------	      ------	      ------	      ------	      ------	      ------	      ------
 Demand Fetches		    55683526	           0	    55683526	    31235117	    24448409	           0
  Fraction of total	      1.0000	      0.0000	      1.0000	      0.5609	      0.4391	      0.0000

 Demand Misses		    26234295	           0	    26234295	    26231435	        2860	           0
  Demand miss rate	      0.4711	      0.0000	      0.4711	      0.8398	      0.0001	      0.0000

 Multi-block refs                 0
 Bytes From Memory	  1678811840
 ( / Demand Fetches)	     30.1492
 Bytes To Memory	  1493712640
 ( / Demand Writes)	     61.0965
 Total Bytes r/w Mem	  3172524480
 ( / Demand Fetches)	     56.9742

l3-dcache
 Metrics		      Total	      Instrn	       Data	       Read	      Write	       Misc
 -----------------	      ------	      ------	      ------	      ------	      ------	      ------
 Demand Fetches		    49570695	           0	    49570695	    26231435	    23339260	           0
  Fraction of total	      1.0000	      0.0000	      1.0000	      0.5292	      0.4708	      0.0000

 Demand Misses		     2423281	           0	     2423281	     2421800	        1481	           0
  Demand miss rate	      0.0489	      0.0000	      0.0489	      0.0923	      0.0001	      0.0000

 Multi-block refs                 0
 Bytes From Memory	   154995200
 ( / Demand Fetches)	      3.1268
 Bytes To Memory	    23216768
 ( / Demand Writes)	      0.9948
 Total Bytes r/w Mem	   178211968
 ( / Demand Fetches)	      3.5951

---Execution complete.
