tracename gcc_m2b
---Dinero IV cache simulator, version 7
---Written by Jan Edler and Mark D. Hill
---Copyright (C) 1997 NEC Research Institute, Inc. and Mark D. Hill.
---All rights reserved.
---Copyright (C) 1985, 1989 Mark D. Hill.  All rights reserved.
---See -copyright option for details

---Summary of options (-help option gives usage information).

-l1-isize 32768
-l1-dsize 32768
-l2-dsize 262144
-l3-dsize 16777216
-l1-ibsize 64
-l1-dbsize 64
-l2-dbsize 64
-l3-dbsize 64
-l1-isbsize 64
-l1-dsbsize 64
-l2-dsbsize 64
-l3-dsbsize 64
-l1-iassoc 8
-l1-dassoc 8
-l2-dassoc 8
-l3-dassoc 8
-l1-irepl l
-l1-drepl b
-l2-drepl b
-l3-drepl b
-l1-ifetch d
-l1-dfetch d
-l2-dfetch d
-l3-dfetch d
-l1-dwalloc a
-l2-dwalloc a
-l3-dwalloc a
-l1-dwback a
-l2-dwback a
-l3-dwback a
-skipcount 0
-flushcount 0
-maxcount 0
-stat-interval 0
-informat s
-on-trigger 0x0
-off-trigger 0x0

---Simulation begins.
---Simulation complete.
l1-icache
 Metrics		      Total	      Instrn	       Data	       Read	      Write	       Misc
 -----------------	      ------	      ------	      ------	      ------	      ------	      ------
 Demand Fetches		  1999999973	  1999999973	           0	           0	           0	           0
  Fraction of total	      1.0000	      1.0000	      0.0000	      0.0000	      0.0000	      0.0000

 Demand Misses		     3224339	     3224339	           0	           0	           0	           0
  Demand miss rate	      0.0016	      0.0016	      0.0000	      0.0000	      0.0000	      0.0000

 Multi-block refs                 0
 Bytes From Memory	   206357696
 ( / Demand Fetches)	      0.1032
 Bytes To Memory	           0
 ( / Demand Writes)	      0.0000
 Total Bytes r/w Mem	   206357696
 ( / Demand Fetches)	      0.1032

l1-dcache
 Metrics		      Total	      Instrn	       Data	       Read	      Write	       Misc
 -----------------	      ------	      ------	      ------	      ------	      ------	      ------
 Demand Fetches		  1042289053	           0	  1042289053	   755199682	   287089371	           0
  Fraction of total	      1.0000	      0.0000	      1.0000	      0.7246	      0.2754	      0.0000

 Demand Misses		    31365251	           0	    31365251	     7581805	    23783446	           0
  Demand miss rate	      0.0301	      0.0000	      0.0301	      0.0100	      0.0828	      0.0000

 Multi-block refs            373959
 Bytes From Memory	  2007376064
 ( / Demand Fetches)	      1.9259
 Bytes To Memory	  1566696512
 ( / Demand Writes)	      5.4572
 Total Bytes r/w Mem	  3574072576
 ( / Demand Fetches)	      3.4291

l2-dcache
 Metrics		      Total	      Instrn	       Data	       Read	      Write	       Misc
 -----------------	      ------	      ------	      ------	      ------	      ------	      ------
 Demand Fetches		    55844884	           0	    55844884	    31365251	    24479633	           0
  Fraction of total	      1.0000	      0.0000	      1.0000	      0.5616	      0.4384	      0.0000

 Demand Misses		    25341535	           0	    25341535	    24497708	      843827	           0
  Demand miss rate	      0.4538	      0.0000	      0.4538	      0.7810	      0.0345	      0.0000

 Multi-block refs                 0
 Bytes From Memory	  1567853312
 ( / Demand Fetches)	     28.0751
 Bytes To Memory	  1383976384
 ( / Demand Writes)	     56.5358
 Total Bytes r/w Mem	  2951829696
 ( / Demand Fetches)	     52.8577

l3-dcache
 Metrics		      Total	      Instrn	       Data	       Read	      Write	       Misc
 -----------------	      ------	      ------	      ------	      ------	      ------	      ------
 Demand Fetches		    46122339	           0	    46122339	    24497708	    21624631	           0
  Fraction of total	      1.0000	      0.0000	      1.0000	      0.5311	      0.4689	      0.0000

 Demand Misses		      354863	           0	      354863	      354795	          68	           0
  Demand miss rate	      0.0077	      0.0000	      0.0077	      0.0145	      0.0000	      0.0000

 Multi-block refs                 0
 Bytes From Memory	    22706880
 ( / Demand Fetches)	      0.4923
 Bytes To Memory	    14678336
 ( / Demand Writes)	      0.6788
 Total Bytes r/w Mem	    37385216
 ( / Demand Fetches)	      0.8106

---Execution complete.
