tracename gcc_m2b
---Dinero IV cache simulator, version 7
---Written by Jan Edler and Mark D. Hill
---Copyright (C) 1997 NEC Research Institute, Inc. and Mark D. Hill.
---All rights reserved.
---Copyright (C) 1985, 1989 Mark D. Hill.  All rights reserved.
---See -copyright option for details

---Summary of options (-help option gives usage information).

-l1-isize 32768
-l1-dsize 32768
-l2-dsize 262144
-l3-dsize 4194304
-l1-ibsize 64
-l1-dbsize 64
-l2-dbsize 64
-l3-dbsize 64
-l1-isbsize 64
-l1-dsbsize 64
-l2-dsbsize 64
-l3-dsbsize 64
-l1-iassoc 8
-l1-dassoc 8
-l2-dassoc 8
-l3-dassoc 8
-l1-irepl l
-l1-drepl r
-l2-drepl r
-l3-drepl r
-l1-ifetch d
-l1-dfetch d
-l2-dfetch d
-l3-dfetch d
-l1-dwalloc a
-l2-dwalloc a
-l3-dwalloc a
-l1-dwback a
-l2-dwback a
-l3-dwback a
-skipcount 0
-flushcount 0
-maxcount 0
-stat-interval 0
-informat s
-on-trigger 0x0
-off-trigger 0x0

---Simulation begins.
---Simulation complete.
l1-icache
 Metrics		      Total	      Instrn	       Data	       Read	      Write	       Misc
 -----------------	      ------	      ------	      ------	      ------	      ------	      ------
 Demand Fetches		  1999999973	  1999999973	           0	           0	           0	           0
  Fraction of total	      1.0000	      1.0000	      0.0000	      0.0000	      0.0000	      0.0000

 Demand Misses		     3224339	     3224339	           0	           0	           0	           0
  Demand miss rate	      0.0016	      0.0016	      0.0000	      0.0000	      0.0000	      0.0000

 Multi-block refs                 0
 Bytes From Memory	   206357696
 ( / Demand Fetches)	      0.1032
 Bytes To Memory	           0
 ( / Demand Writes)	      0.0000
 Total Bytes r/w Mem	   206357696
 ( / Demand Fetches)	      0.1032

l1-dcache
 Metrics		      Total	      Instrn	       Data	       Read	      Write	       Misc
 -----------------	      ------	      ------	      ------	      ------	      ------	      ------
 Demand Fetches		  1042289053	           0	  1042289053	   755199682	   287089371	           0
  Fraction of total	      1.0000	      0.0000	      1.0000	      0.7246	      0.2754	      0.0000

 Demand Misses		    31820581	           0	    31820581	     7980570	    23840011	           0
  Demand miss rate	      0.0305	      0.0000	      0.0305	      0.0106	      0.0830	      0.0000

 Multi-block refs            373959
 Bytes From Memory	  2036517184
 ( / Demand Fetches)	      1.9539
 Bytes To Memory	  1574775808
 ( / Demand Writes)	      5.4853
 Total Bytes r/w Mem	  3611292992
 ( / Demand Fetches)	      3.4648

l2-dcache
 Metrics		      Total	      Instrn	       Data	       Read	      Write	       Misc
 -----------------	      ------	      ------	      ------	      ------	      ------	      ------
 Demand Fetches		    56426453	           0	    56426453	    31820581	    24605872	           0
  Fraction of total	      1.0000	      0.0000	      1.0000	      0.5639	      0.4361	      0.0000

 Demand Misses		    24644276	           0	    24644276	    23019502	     1624774	           0
  Demand miss rate	      0.4368	      0.0000	      0.4368	      0.7234	      0.0660	      0.0000

 Multi-block refs                 0
 Bytes From Memory	  1473248128
 ( / Demand Fetches)	     26.1092
 Bytes To Memory	  1295904192
 ( / Demand Writes)	     52.6665
 Total Bytes r/w Mem	  2769152320
 ( / Demand Fetches)	     49.0754

l3-dcache
 Metrics		      Total	      Instrn	       Data	       Read	      Write	       Misc
 -----------------	      ------	      ------	      ------	      ------	      ------	      ------
 Demand Fetches		    43268005	           0	    43268005	    23019502	    20248503	           0
  Fraction of total	      1.0000	      0.0000	      1.0000	      0.5320	      0.4680	      0.0000

 Demand Misses		     1440058	           0	     1440058	     1425575	       14483	           0
  Demand miss rate	      0.0333	      0.0000	      0.0333	      0.0619	      0.0007	      0.0000

 Multi-block refs                 0
 Bytes From Memory	    91236800
 ( / Demand Fetches)	      2.1086
 Bytes To Memory	    21871808
 ( / Demand Writes)	      1.0802
 Total Bytes r/w Mem	   113108608
 ( / Demand Fetches)	      2.6141

---Execution complete.
