tracename gcc_m2b
---Dinero IV cache simulator, version 7
---Written by Jan Edler and Mark D. Hill
---Copyright (C) 1997 NEC Research Institute, Inc. and Mark D. Hill.
---All rights reserved.
---Copyright (C) 1985, 1989 Mark D. Hill.  All rights reserved.
---See -copyright option for details

---Summary of options (-help option gives usage information).

-l1-isize 32768
-l1-dsize 32768
-l2-dsize 262144
-l3-dsize 8388608
-l1-ibsize 64
-l1-dbsize 64
-l2-dbsize 64
-l3-dbsize 64
-l1-isbsize 64
-l1-dsbsize 64
-l2-dsbsize 64
-l3-dsbsize 64
-l1-iassoc 8
-l1-dassoc 8
-l2-dassoc 8
-l3-dassoc 8
-l1-irepl l
-l1-drepl c
-l2-drepl c
-l3-drepl c
-l1-ifetch d
-l1-dfetch d
-l2-dfetch d
-l3-dfetch d
-l1-dwalloc a
-l2-dwalloc a
-l3-dwalloc a
-l1-dwback a
-l2-dwback a
-l3-dwback a
-skipcount 0
-flushcount 0
-maxcount 0
-stat-interval 0
-informat s
-on-trigger 0x0
-off-trigger 0x0

---Simulation begins.
---Simulation complete.
l1-icache
 Metrics		      Total	      Instrn	       Data	       Read	      Write	       Misc
 -----------------	      ------	      ------	      ------	      ------	      ------	      ------
 Demand Fetches		  1999999973	  1999999973	           0	           0	           0	           0
  Fraction of total	      1.0000	      1.0000	      0.0000	      0.0000	      0.0000	      0.0000

 Demand Misses		     3224339	     3224339	           0	           0	           0	           0
  Demand miss rate	      0.0016	      0.0016	      0.0000	      0.0000	      0.0000	      0.0000

 Multi-block refs                 0
 Bytes From Memory	   206357696
 ( / Demand Fetches)	      0.1032
 Bytes To Memory	           0
 ( / Demand Writes)	      0.0000
 Total Bytes r/w Mem	   206357696
 ( / Demand Fetches)	      0.1032

l1-dcache
 Metrics		      Total	      Instrn	       Data	       Read	      Write	       Misc
 -----------------	      ------	      ------	      ------	      ------	      ------	      ------
 Demand Fetches		  1042289053	           0	  1042289053	   755199682	   287089371	           0
  Fraction of total	      1.0000	      0.0000	      1.0000	      0.7246	      0.2754	      0.0000

 Demand Misses		    31241589	           0	    31241589	     7467726	    23773863	           0
  Demand miss rate	      0.0300	      0.0000	      0.0300	      0.0099	      0.0828	      0.0000

 Multi-block refs            373959
 Bytes From Memory	  1999461696
 ( / Demand Fetches)	      1.9183
 Bytes To Memory	  1564679168
 ( / Demand Writes)	      5.4501
 Total Bytes r/w Mem	  3564140864
 ( / Demand Fetches)	      3.4195

l2-dcache
 Metrics		      Total	      Instrn	       Data	       Read	      Write	       Misc
 -----------------	      ------	      ------	      ------	      ------	      ------	      ------
 Demand Fetches		    55689701	           0	    55689701	    31241589	    24448112	           0
  Fraction of total	      1.0000	      0.0000	      1.0000	      0.5610	      0.4390	      0.0000

 Demand Misses		    25798949	           0	    25798949	    25217260	      581689	           0
  Demand miss rate	      0.4633	      0.0000	      0.4633	      0.8072	      0.0238	      0.0000

 Multi-block refs                 0
 Bytes From Memory	  1613904640
 ( / Demand Fetches)	     28.9803
 Bytes To Memory	  1428912768
 ( / Demand Writes)	     58.4468
 Total Bytes r/w Mem	  3042817408
 ( / Demand Fetches)	     54.6388

l3-dcache
 Metrics		      Total	      Instrn	       Data	       Read	      Write	       Misc
 -----------------	      ------	      ------	      ------	      ------	      ------	      ------
 Demand Fetches		    47544022	           0	    47544022	    25217260	    22326762	           0
  Fraction of total	      1.0000	      0.0000	      1.0000	      0.5304	      0.4696	      0.0000

 Demand Misses		      641802	           0	      641802	      641103	         699	           0
  Demand miss rate	      0.0135	      0.0000	      0.0135	      0.0254	      0.0000	      0.0000

 Multi-block refs                 0
 Bytes From Memory	    41030592
 ( / Demand Fetches)	      0.8630
 Bytes To Memory	    17884800
 ( / Demand Writes)	      0.8010
 Total Bytes r/w Mem	    58915392
 ( / Demand Fetches)	      1.2392

---Execution complete.
