tracename gcc_m2b
---Dinero IV cache simulator, version 7
---Written by Jan Edler and Mark D. Hill
---Copyright (C) 1997 NEC Research Institute, Inc. and Mark D. Hill.
---All rights reserved.
---Copyright (C) 1985, 1989 Mark D. Hill.  All rights reserved.
---See -copyright option for details

---Summary of options (-help option gives usage information).

-l1-isize 32768
-l1-dsize 32768
-l2-dsize 262144
-l3-dsize 8388608
-l1-ibsize 64
-l1-dbsize 64
-l2-dbsize 64
-l3-dbsize 64
-l1-isbsize 64
-l1-dsbsize 64
-l2-dsbsize 64
-l3-dsbsize 64
-l1-iassoc 8
-l1-dassoc 8
-l2-dassoc 8
-l3-dassoc 8
-l1-irepl l
-l1-drepl 2
-l2-drepl 2
-l3-drepl 2
-l1-ifetch d
-l1-dfetch d
-l2-dfetch d
-l3-dfetch d
-l1-dwalloc a
-l2-dwalloc a
-l3-dwalloc a
-l1-dwback a
-l2-dwback a
-l3-dwback a
-skipcount 0
-flushcount 0
-maxcount 0
-stat-interval 0
-informat s
-on-trigger 0x0
-off-trigger 0x0

---Simulation begins.
---Simulation complete.
l1-icache
 Metrics		      Total	      Instrn	       Data	       Read	      Write	       Misc
 -----------------	      ------	      ------	      ------	      ------	      ------	      ------
 Demand Fetches		  1999999973	  1999999973	           0	           0	           0	           0
  Fraction of total	      1.0000	      1.0000	      0.0000	      0.0000	      0.0000	      0.0000

 Demand Misses		     3224339	     3224339	           0	           0	           0	           0
  Demand miss rate	      0.0016	      0.0016	      0.0000	      0.0000	      0.0000	      0.0000

 Multi-block refs                 0
 Bytes From Memory	   206357696
 ( / Demand Fetches)	      0.1032
 Bytes To Memory	           0
 ( / Demand Writes)	      0.0000
 Total Bytes r/w Mem	   206357696
 ( / Demand Fetches)	      0.1032

l1-dcache
 Metrics		      Total	      Instrn	       Data	       Read	      Write	       Misc
 -----------------	      ------	      ------	      ------	      ------	      ------	      ------
 Demand Fetches		  1042289053	           0	  1042289053	   755199682	   287089371	           0
  Fraction of total	      1.0000	      0.0000	      1.0000	      0.7246	      0.2754	      0.0000

 Demand Misses		    31149515	           0	    31149515	     7385432	    23764083	           0
  Demand miss rate	      0.0299	      0.0000	      0.0299	      0.0098	      0.0828	      0.0000

 Multi-block refs            373959
 Bytes From Memory	  1993568960
 ( / Demand Fetches)	      1.9127
 Bytes To Memory	  1562631104
 ( / Demand Writes)	      5.4430
 Total Bytes r/w Mem	  3556200064
 ( / Demand Fetches)	      3.4119

l2-dcache
 Metrics		      Total	      Instrn	       Data	       Read	      Write	       Misc
 -----------------	      ------	      ------	      ------	      ------	      ------	      ------
 Demand Fetches		    55565626	           0	    55565626	    31149515	    24416111	           0
  Fraction of total	      1.0000	      0.0000	      1.0000	      0.5606	      0.4394	      0.0000

 Demand Misses		    25444489	           0	    25444489	    25165969	      278520	           0
  Demand miss rate	      0.4579	      0.0000	      0.4579	      0.8079	      0.0114	      0.0000

 Multi-block refs                 0
 Bytes From Memory	  1610622016
 ( / Demand Fetches)	     28.9859
 Bytes To Memory	  1425501056
 ( / Demand Writes)	     58.3836
 Total Bytes r/w Mem	  3036123072
 ( / Demand Fetches)	     54.6403

l3-dcache
 Metrics		      Total	      Instrn	       Data	       Read	      Write	       Misc
 -----------------	      ------	      ------	      ------	      ------	      ------	      ------
 Demand Fetches		    47439423	           0	    47439423	    25165969	    22273454	           0
  Fraction of total	      1.0000	      0.0000	      1.0000	      0.5305	      0.4695	      0.0000

 Demand Misses		      643100	           0	      643100	      643033	          67	           0
  Demand miss rate	      0.0136	      0.0000	      0.0136	      0.0256	      0.0000	      0.0000

 Multi-block refs                 0
 Bytes From Memory	    41154112
 ( / Demand Fetches)	      0.8675
 Bytes To Memory	    17834752
 ( / Demand Writes)	      0.8007
 Total Bytes r/w Mem	    58988864
 ( / Demand Fetches)	      1.2435

---Execution complete.
