tracename gcc_m2b
---Dinero IV cache simulator, version 7
---Written by Jan Edler and Mark D. Hill
---Copyright (C) 1997 NEC Research Institute, Inc. and Mark D. Hill.
---All rights reserved.
---Copyright (C) 1985, 1989 Mark D. Hill.  All rights reserved.
---See -copyright option for details

---Summary of options (-help option gives usage information).

-l1-isize 32768
-l1-dsize 32768
-l2-dsize 262144
-l3-dsize 524288
-l1-ibsize 64
-l1-dbsize 64
-l2-dbsize 64
-l3-dbsize 64
-l1-isbsize 64
-l1-dsbsize 64
-l2-dsbsize 64
-l3-dsbsize 64
-l1-iassoc 8
-l1-dassoc 8
-l2-dassoc 8
-l3-dassoc 8
-l1-irepl l
-l1-drepl f
-l2-drepl f
-l3-drepl f
-l1-ifetch d
-l1-dfetch d
-l2-dfetch d
-l3-dfetch d
-l1-dwalloc a
-l2-dwalloc a
-l3-dwalloc a
-l1-dwback a
-l2-dwback a
-l3-dwback a
-skipcount 0
-flushcount 0
-maxcount 0
-stat-interval 0
-informat s
-on-trigger 0x0
-off-trigger 0x0

---Simulation begins.
---Simulation complete.
l1-icache
 Metrics		      Total	      Instrn	       Data	       Read	      Write	       Misc
 -----------------	      ------	      ------	      ------	      ------	      ------	      ------
 Demand Fetches		  1999999973	  1999999973	           0	           0	           0	           0
  Fraction of total	      1.0000	      1.0000	      0.0000	      0.0000	      0.0000	      0.0000

 Demand Misses		     3224339	     3224339	           0	           0	           0	           0
  Demand miss rate	      0.0016	      0.0016	      0.0000	      0.0000	      0.0000	      0.0000

 Multi-block refs                 0
 Bytes From Memory	   206357696
 ( / Demand Fetches)	      0.1032
 Bytes To Memory	           0
 ( / Demand Writes)	      0.0000
 Total Bytes r/w Mem	   206357696
 ( / Demand Fetches)	      0.1032

l1-dcache
 Metrics		      Total	      Instrn	       Data	       Read	      Write	       Misc
 -----------------	      ------	      ------	      ------	      ------	      ------	      ------
 Demand Fetches		  1042289053	           0	  1042289053	   755199682	   287089371	           0
  Fraction of total	      1.0000	      0.0000	      1.0000	      0.7246	      0.2754	      0.0000

 Demand Misses		    31888888	           0	    31888888	     7943669	    23945219	           0
  Demand miss rate	      0.0306	      0.0000	      0.0306	      0.0105	      0.0834	      0.0000

 Multi-block refs            373959
 Bytes From Memory	  2040888832
 ( / Demand Fetches)	      1.9581
 Bytes To Memory	  1579499264
 ( / Demand Writes)	      5.5018
 Total Bytes r/w Mem	  3620388096
 ( / Demand Fetches)	      3.4735

l2-dcache
 Metrics		      Total	      Instrn	       Data	       Read	      Write	       Misc
 -----------------	      ------	      ------	      ------	      ------	      ------	      ------
 Demand Fetches		    56568564	           0	    56568564	    31888888	    24679676	           0
  Fraction of total	      1.0000	      0.0000	      1.0000	      0.5637	      0.4363	      0.0000

 Demand Misses		    26371284	           0	    26371284	    26349401	       21883	           0
  Demand miss rate	      0.4662	      0.0000	      0.4662	      0.8263	      0.0009	      0.0000

 Multi-block refs                 0
 Bytes From Memory	  1686361664
 ( / Demand Fetches)	     29.8109
 Bytes To Memory	  1496614080
 ( / Demand Writes)	     60.6416
 Total Bytes r/w Mem	  3182975744
 ( / Demand Fetches)	     56.2676

l3-dcache
 Metrics		      Total	      Instrn	       Data	       Read	      Write	       Misc
 -----------------	      ------	      ------	      ------	      ------	      ------	      ------
 Demand Fetches		    49733996	           0	    49733996	    26349401	    23384595	           0
  Fraction of total	      1.0000	      0.0000	      1.0000	      0.5298	      0.4702	      0.0000

 Demand Misses		    11861149	           0	    11861149	    11721706	      139443	           0
  Demand miss rate	      0.2385	      0.0000	      0.2385	      0.4449	      0.0060	      0.0000

 Multi-block refs                 0
 Bytes From Memory	   750189184
 ( / Demand Fetches)	     15.0840
 Bytes To Memory	   597481344
 ( / Demand Writes)	     25.5502
 Total Bytes r/w Mem	  1347670528
 ( / Demand Fetches)	     27.0976

---Execution complete.
