tracename gcc_m2b
---Dinero IV cache simulator, version 7
---Written by Jan Edler and Mark D. Hill
---Copyright (C) 1997 NEC Research Institute, Inc. and Mark D. Hill.
---All rights reserved.
---Copyright (C) 1985, 1989 Mark D. Hill.  All rights reserved.
---See -copyright option for details

---Summary of options (-help option gives usage information).

-l1-isize 32768
-l1-dsize 32768
-l2-dsize 262144
-l3-dsize 8388608
-l1-ibsize 64
-l1-dbsize 64
-l2-dbsize 64
-l3-dbsize 64
-l1-isbsize 64
-l1-dsbsize 64
-l2-dsbsize 64
-l3-dsbsize 64
-l1-iassoc 8
-l1-dassoc 8
-l2-dassoc 8
-l3-dassoc 8
-l1-irepl l
-l1-drepl r
-l2-drepl r
-l3-drepl r
-l1-ifetch d
-l1-dfetch d
-l2-dfetch d
-l3-dfetch d
-l1-dwalloc a
-l2-dwalloc a
-l3-dwalloc a
-l1-dwback a
-l2-dwback a
-l3-dwback a
-skipcount 0
-flushcount 0
-maxcount 0
-stat-interval 0
-informat s
-on-trigger 0x0
-off-trigger 0x0

---Simulation begins.
---Simulation complete.
l1-icache
 Metrics		      Total	      Instrn	       Data	       Read	      Write	       Misc
 -----------------	      ------	      ------	      ------	      ------	      ------	      ------
 Demand Fetches		  1999999973	  1999999973	           0	           0	           0	           0
  Fraction of total	      1.0000	      1.0000	      0.0000	      0.0000	      0.0000	      0.0000

 Demand Misses		     3224339	     3224339	           0	           0	           0	           0
  Demand miss rate	      0.0016	      0.0016	      0.0000	      0.0000	      0.0000	      0.0000

 Multi-block refs                 0
 Bytes From Memory	   206357696
 ( / Demand Fetches)	      0.1032
 Bytes To Memory	           0
 ( / Demand Writes)	      0.0000
 Total Bytes r/w Mem	   206357696
 ( / Demand Fetches)	      0.1032

l1-dcache
 Metrics		      Total	      Instrn	       Data	       Read	      Write	       Misc
 -----------------	      ------	      ------	      ------	      ------	      ------	      ------
 Demand Fetches		  1042289053	           0	  1042289053	   755199682	   287089371	           0
  Fraction of total	      1.0000	      0.0000	      1.0000	      0.7246	      0.2754	      0.0000

 Demand Misses		    31824098	           0	    31824098	     7984894	    23839204	           0
  Demand miss rate	      0.0305	      0.0000	      0.0305	      0.0106	      0.0830	      0.0000

 Multi-block refs            373959
 Bytes From Memory	  2036742272
 ( / Demand Fetches)	      1.9541
 Bytes To Memory	  1574766400
 ( / Demand Writes)	      5.4853
 Total Bytes r/w Mem	  3611508672
 ( / Demand Fetches)	      3.4650

l2-dcache
 Metrics		      Total	      Instrn	       Data	       Read	      Write	       Misc
 -----------------	      ------	      ------	      ------	      ------	      ------	      ------
 Demand Fetches		    56429823	           0	    56429823	    31824098	    24605725	           0
  Fraction of total	      1.0000	      0.0000	      1.0000	      0.5640	      0.4360	      0.0000

 Demand Misses		    24647682	           0	    24647682	    23021465	     1626217	           0
  Demand miss rate	      0.4368	      0.0000	      0.4368	      0.7234	      0.0661	      0.0000

 Multi-block refs                 0
 Bytes From Memory	  1473373760
 ( / Demand Fetches)	     26.1098
 Bytes To Memory	  1296005888
 ( / Demand Writes)	     52.6709
 Total Bytes r/w Mem	  2769379648
 ( / Demand Fetches)	     49.0765

l3-dcache
 Metrics		      Total	      Instrn	       Data	       Read	      Write	       Misc
 -----------------	      ------	      ------	      ------	      ------	      ------	      ------
 Demand Fetches		    43271557	           0	    43271557	    23021465	    20250092	           0
  Fraction of total	      1.0000	      0.0000	      1.0000	      0.5320	      0.4680	      0.0000

 Demand Misses		      701817	           0	      701817	      698978	        2839	           0
  Demand miss rate	      0.0162	      0.0000	      0.0162	      0.0304	      0.0001	      0.0000

 Multi-block refs                 0
 Bytes From Memory	    44734592
 ( / Demand Fetches)	      1.0338
 Bytes To Memory	    18496768
 ( / Demand Writes)	      0.9134
 Total Bytes r/w Mem	    63231360
 ( / Demand Fetches)	      1.4613

---Execution complete.
