tracename mesa_m2b
---Dinero IV cache simulator, version 7
---Written by Jan Edler and Mark D. Hill
---Copyright (C) 1997 NEC Research Institute, Inc. and Mark D. Hill.
---All rights reserved.
---Copyright (C) 1985, 1989 Mark D. Hill.  All rights reserved.
---See -copyright option for details

---Summary of options (-help option gives usage information).

-l1-isize 32768
-l1-dsize 32768
-l2-dsize 262144
-l3-dsize 524288
-l1-ibsize 64
-l1-dbsize 64
-l2-dbsize 64
-l3-dbsize 64
-l1-isbsize 64
-l1-dsbsize 64
-l2-dsbsize 64
-l3-dsbsize 64
-l1-iassoc 8
-l1-dassoc 8
-l2-dassoc 8
-l3-dassoc 8
-l1-irepl l
-l1-drepl c
-l2-drepl c
-l3-drepl c
-l1-ifetch d
-l1-dfetch d
-l2-dfetch d
-l3-dfetch d
-l1-dwalloc a
-l2-dwalloc a
-l3-dwalloc a
-l1-dwback a
-l2-dwback a
-l3-dwback a
-skipcount 0
-flushcount 0
-maxcount 0
-stat-interval 0
-informat s
-on-trigger 0x0
-off-trigger 0x0

---Simulation begins.
---Simulation complete.
l1-icache
 Metrics		      Total	      Instrn	       Data	       Read	      Write	       Misc
 -----------------	      ------	      ------	      ------	      ------	      ------	      ------
 Demand Fetches		  1999999952	  1999999952	           0	           0	           0	           0
  Fraction of total	      1.0000	      1.0000	      0.0000	      0.0000	      0.0000	      0.0000

 Demand Misses		        3281	        3281	           0	           0	           0	           0
  Demand miss rate	      0.0000	      0.0000	      0.0000	      0.0000	      0.0000	      0.0000

 Multi-block refs                 0
 Bytes From Memory	      209984
 ( / Demand Fetches)	      0.0001
 Bytes To Memory	           0
 ( / Demand Writes)	      0.0000
 Total Bytes r/w Mem	      209984
 ( / Demand Fetches)	      0.0001

l1-dcache
 Metrics		      Total	      Instrn	       Data	       Read	      Write	       Misc
 -----------------	      ------	      ------	      ------	      ------	      ------	      ------
 Demand Fetches		   765306029	           0	   765306029	   535332120	   229973909	           0
  Fraction of total	      1.0000	      0.0000	      1.0000	      0.6995	      0.3005	      0.0000

 Demand Misses		     3132497	           0	     3132497	     1731935	     1400562	           0
  Demand miss rate	      0.0041	      0.0000	      0.0041	      0.0032	      0.0061	      0.0000

 Multi-block refs           3452582
 Bytes From Memory	   200479808
 ( / Demand Fetches)	      0.2620
 Bytes To Memory	   165736896
 ( / Demand Writes)	      0.7207
 Total Bytes r/w Mem	   366216704
 ( / Demand Fetches)	      0.4785

l2-dcache
 Metrics		      Total	      Instrn	       Data	       Read	      Write	       Misc
 -----------------	      ------	      ------	      ------	      ------	      ------	      ------
 Demand Fetches		     5722136	           0	     5722136	     3132497	     2589639	           0
  Fraction of total	      1.0000	      0.0000	      1.0000	      0.5474	      0.4526	      0.0000

 Demand Misses		     1284624	           0	     1284624	     1251602	       33022	           0
  Demand miss rate	      0.2245	      0.0000	      0.2245	      0.3996	      0.0128	      0.0000

 Multi-block refs                 0
 Bytes From Memory	    80102528
 ( / Demand Fetches)	     13.9987
 Bytes To Memory	    75858624
 ( / Demand Writes)	     29.2931
 Total Bytes r/w Mem	   155961152
 ( / Demand Fetches)	     27.2558

l3-dcache
 Metrics		      Total	      Instrn	       Data	       Read	      Write	       Misc
 -----------------	      ------	      ------	      ------	      ------	      ------	      ------
 Demand Fetches		     2436893	           0	     2436893	     1251602	     1185291	           0
  Fraction of total	      1.0000	      0.0000	      1.0000	      0.5136	      0.4864	      0.0000

 Demand Misses		     1658111	           0	     1658111	     1193244	      464867	           0
  Demand miss rate	      0.6804	      0.0000	      0.6804	      0.9534	      0.3922	      0.0000

 Multi-block refs                 0
 Bytes From Memory	    76367616
 ( / Demand Fetches)	     31.3381
 Bytes To Memory	    73357632
 ( / Demand Writes)	     61.8900
 Total Bytes r/w Mem	   149725248
 ( / Demand Fetches)	     61.4410

---Execution complete.
