tracename mesa_m2b
---Dinero IV cache simulator, version 7
---Written by Jan Edler and Mark D. Hill
---Copyright (C) 1997 NEC Research Institute, Inc. and Mark D. Hill.
---All rights reserved.
---Copyright (C) 1985, 1989 Mark D. Hill.  All rights reserved.
---See -copyright option for details

---Summary of options (-help option gives usage information).

-l1-isize 32768
-l1-dsize 32768
-l2-dsize 262144
-l3-dsize 8388608
-l1-ibsize 64
-l1-dbsize 64
-l2-dbsize 64
-l3-dbsize 64
-l1-isbsize 64
-l1-dsbsize 64
-l2-dsbsize 64
-l3-dsbsize 64
-l1-iassoc 8
-l1-dassoc 8
-l2-dassoc 8
-l3-dassoc 8
-l1-irepl l
-l1-drepl 2
-l2-drepl 2
-l3-drepl 2
-l1-ifetch d
-l1-dfetch d
-l2-dfetch d
-l3-dfetch d
-l1-dwalloc a
-l2-dwalloc a
-l3-dwalloc a
-l1-dwback a
-l2-dwback a
-l3-dwback a
-skipcount 0
-flushcount 0
-maxcount 0
-stat-interval 0
-informat s
-on-trigger 0x0
-off-trigger 0x0

---Simulation begins.
---Simulation complete.
l1-icache
 Metrics		      Total	      Instrn	       Data	       Read	      Write	       Misc
 -----------------	      ------	      ------	      ------	      ------	      ------	      ------
 Demand Fetches		  1999999952	  1999999952	           0	           0	           0	           0
  Fraction of total	      1.0000	      1.0000	      0.0000	      0.0000	      0.0000	      0.0000

 Demand Misses		        3281	        3281	           0	           0	           0	           0
  Demand miss rate	      0.0000	      0.0000	      0.0000	      0.0000	      0.0000	      0.0000

 Multi-block refs                 0
 Bytes From Memory	      209984
 ( / Demand Fetches)	      0.0001
 Bytes To Memory	           0
 ( / Demand Writes)	      0.0000
 Total Bytes r/w Mem	      209984
 ( / Demand Fetches)	      0.0001

l1-dcache
 Metrics		      Total	      Instrn	       Data	       Read	      Write	       Misc
 -----------------	      ------	      ------	      ------	      ------	      ------	      ------
 Demand Fetches		   765306029	           0	   765306029	   535332120	   229973909	           0
  Fraction of total	      1.0000	      0.0000	      1.0000	      0.6995	      0.3005	      0.0000

 Demand Misses		     3081297	           0	     3081297	     1690173	     1391124	           0
  Demand miss rate	      0.0040	      0.0000	      0.0040	      0.0032	      0.0060	      0.0000

 Multi-block refs           3452582
 Bytes From Memory	   197203008
 ( / Demand Fetches)	      0.2577
 Bytes To Memory	   164447552
 ( / Demand Writes)	      0.7151
 Total Bytes r/w Mem	   361650560
 ( / Demand Fetches)	      0.4726

l2-dcache
 Metrics		      Total	      Instrn	       Data	       Read	      Write	       Misc
 -----------------	      ------	      ------	      ------	      ------	      ------	      ------
 Demand Fetches		     5650790	           0	     5650790	     3081297	     2569493	           0
  Fraction of total	      1.0000	      0.0000	      1.0000	      0.5453	      0.4547	      0.0000

 Demand Misses		     1260473	           0	     1260473	     1243795	       16678	           0
  Demand miss rate	      0.2231	      0.0000	      0.2231	      0.4037	      0.0065	      0.0000

 Multi-block refs                 0
 Bytes From Memory	    79602880
 ( / Demand Fetches)	     14.0870
 Bytes To Memory	    75185984
 ( / Demand Writes)	     29.2610
 Total Bytes r/w Mem	   154788864
 ( / Demand Fetches)	     27.3924

l3-dcache
 Metrics		      Total	      Instrn	       Data	       Read	      Write	       Misc
 -----------------	      ------	      ------	      ------	      ------	      ------	      ------
 Demand Fetches		     2418576	           0	     2418576	     1243795	     1174781	           0
  Fraction of total	      1.0000	      0.0000	      1.0000	      0.5143	      0.4857	      0.0000

 Demand Misses		      223713	           0	      223713	      223654	          59	           0
  Demand miss rate	      0.0925	      0.0000	      0.0925	      0.1798	      0.0001	      0.0000

 Multi-block refs                 0
 Bytes From Memory	    14313856
 ( / Demand Fetches)	      5.9183
 Bytes To Memory	    12982784
 ( / Demand Writes)	     11.0512
 Total Bytes r/w Mem	    27296640
 ( / Demand Fetches)	     11.2862

---Execution complete.
