tracename mesa_m2b
---Dinero IV cache simulator, version 7
---Written by Jan Edler and Mark D. Hill
---Copyright (C) 1997 NEC Research Institute, Inc. and Mark D. Hill.
---All rights reserved.
---Copyright (C) 1985, 1989 Mark D. Hill.  All rights reserved.
---See -copyright option for details

---Summary of options (-help option gives usage information).

-l1-isize 32768
-l1-dsize 32768
-l2-dsize 262144
-l3-dsize 1048576
-l1-ibsize 64
-l1-dbsize 64
-l2-dbsize 64
-l3-dbsize 64
-l1-isbsize 64
-l1-dsbsize 64
-l2-dsbsize 64
-l3-dsbsize 64
-l1-iassoc 8
-l1-dassoc 8
-l2-dassoc 8
-l3-dassoc 8
-l1-irepl l
-l1-drepl r
-l2-drepl r
-l3-drepl r
-l1-ifetch d
-l1-dfetch d
-l2-dfetch d
-l3-dfetch d
-l1-dwalloc a
-l2-dwalloc a
-l3-dwalloc a
-l1-dwback a
-l2-dwback a
-l3-dwback a
-skipcount 0
-flushcount 0
-maxcount 0
-stat-interval 0
-informat s
-on-trigger 0x0
-off-trigger 0x0

---Simulation begins.
---Simulation complete.
l1-icache
 Metrics		      Total	      Instrn	       Data	       Read	      Write	       Misc
 -----------------	      ------	      ------	      ------	      ------	      ------	      ------
 Demand Fetches		  1999999952	  1999999952	           0	           0	           0	           0
  Fraction of total	      1.0000	      1.0000	      0.0000	      0.0000	      0.0000	      0.0000

 Demand Misses		        3281	        3281	           0	           0	           0	           0
  Demand miss rate	      0.0000	      0.0000	      0.0000	      0.0000	      0.0000	      0.0000

 Multi-block refs                 0
 Bytes From Memory	      209984
 ( / Demand Fetches)	      0.0001
 Bytes To Memory	           0
 ( / Demand Writes)	      0.0000
 Total Bytes r/w Mem	      209984
 ( / Demand Fetches)	      0.0001

l1-dcache
 Metrics		      Total	      Instrn	       Data	       Read	      Write	       Misc
 -----------------	      ------	      ------	      ------	      ------	      ------	      ------
 Demand Fetches		   765306029	           0	   765306029	   535332120	   229973909	           0
  Fraction of total	      1.0000	      0.0000	      1.0000	      0.6995	      0.3005	      0.0000

 Demand Misses		     3417643	           0	     3417643	     1983998	     1433645	           0
  Demand miss rate	      0.0045	      0.0000	      0.0045	      0.0037	      0.0062	      0.0000

 Multi-block refs           3452582
 Bytes From Memory	   218729152
 ( / Demand Fetches)	      0.2858
 Bytes To Memory	   172431616
 ( / Demand Writes)	      0.7498
 Total Bytes r/w Mem	   391160768
 ( / Demand Fetches)	      0.5111

l2-dcache
 Metrics		      Total	      Instrn	       Data	       Read	      Write	       Misc
 -----------------	      ------	      ------	      ------	      ------	      ------	      ------
 Demand Fetches		     6111887	           0	     6111887	     3417643	     2694244	           0
  Fraction of total	      1.0000	      0.0000	      1.0000	      0.5592	      0.4408	      0.0000

 Demand Misses		     1438761	           0	     1438761	     1332197	      106564	           0
  Demand miss rate	      0.2354	      0.0000	      0.2354	      0.3898	      0.0396	      0.0000

 Multi-block refs                 0
 Bytes From Memory	    85260608
 ( / Demand Fetches)	     13.9500
 Bytes To Memory	    81318464
 ( / Demand Writes)	     30.1823
 Total Bytes r/w Mem	   166579072
 ( / Demand Fetches)	     27.2549

l3-dcache
 Metrics		      Total	      Instrn	       Data	       Read	      Write	       Misc
 -----------------	      ------	      ------	      ------	      ------	      ------	      ------
 Demand Fetches		     2602798	           0	     2602798	     1332197	     1270601	           0
  Fraction of total	      1.0000	      0.0000	      1.0000	      0.5118	      0.4882	      0.0000

 Demand Misses		     1415699	           0	     1415699	     1175976	      239723	           0
  Demand miss rate	      0.5439	      0.0000	      0.5439	      0.8827	      0.1887	      0.0000

 Multi-block refs                 0
 Bytes From Memory	    75262464
 ( / Demand Fetches)	     28.9160
 Bytes To Memory	    72543936
 ( / Demand Writes)	     57.0942
 Total Bytes r/w Mem	   147806400
 ( / Demand Fetches)	     56.7875

---Execution complete.
