tracename mesa_m2b
---Dinero IV cache simulator, version 7
---Written by Jan Edler and Mark D. Hill
---Copyright (C) 1997 NEC Research Institute, Inc. and Mark D. Hill.
---All rights reserved.
---Copyright (C) 1985, 1989 Mark D. Hill.  All rights reserved.
---See -copyright option for details

---Summary of options (-help option gives usage information).

-l1-isize 32768
-l1-dsize 32768
-l2-dsize 262144
-l3-dsize 1048576
-l1-ibsize 64
-l1-dbsize 64
-l2-dbsize 64
-l3-dbsize 64
-l1-isbsize 64
-l1-dsbsize 64
-l2-dsbsize 64
-l3-dsbsize 64
-l1-iassoc 8
-l1-dassoc 8
-l2-dassoc 8
-l3-dassoc 8
-l1-irepl l
-l1-drepl c
-l2-drepl c
-l3-drepl c
-l1-ifetch d
-l1-dfetch d
-l2-dfetch d
-l3-dfetch d
-l1-dwalloc a
-l2-dwalloc a
-l3-dwalloc a
-l1-dwback a
-l2-dwback a
-l3-dwback a
-skipcount 0
-flushcount 0
-maxcount 0
-stat-interval 0
-informat s
-on-trigger 0x0
-off-trigger 0x0

---Simulation begins.
---Simulation complete.
l1-icache
 Metrics		      Total	      Instrn	       Data	       Read	      Write	       Misc
 -----------------	      ------	      ------	      ------	      ------	      ------	      ------
 Demand Fetches		  1999999952	  1999999952	           0	           0	           0	           0
  Fraction of total	      1.0000	      1.0000	      0.0000	      0.0000	      0.0000	      0.0000

 Demand Misses		        3281	        3281	           0	           0	           0	           0
  Demand miss rate	      0.0000	      0.0000	      0.0000	      0.0000	      0.0000	      0.0000

 Multi-block refs                 0
 Bytes From Memory	      209984
 ( / Demand Fetches)	      0.0001
 Bytes To Memory	           0
 ( / Demand Writes)	      0.0000
 Total Bytes r/w Mem	      209984
 ( / Demand Fetches)	      0.0001

l1-dcache
 Metrics		      Total	      Instrn	       Data	       Read	      Write	       Misc
 -----------------	      ------	      ------	      ------	      ------	      ------	      ------
 Demand Fetches		   765306029	           0	   765306029	   535332120	   229973909	           0
  Fraction of total	      1.0000	      0.0000	      1.0000	      0.6995	      0.3005	      0.0000

 Demand Misses		     3132538	           0	     3132538	     1731972	     1400566	           0
  Demand miss rate	      0.0041	      0.0000	      0.0041	      0.0032	      0.0061	      0.0000

 Multi-block refs           3452582
 Bytes From Memory	   200482432
 ( / Demand Fetches)	      0.2620
 Bytes To Memory	   165717312
 ( / Demand Writes)	      0.7206
 Total Bytes r/w Mem	   366199744
 ( / Demand Fetches)	      0.4785

l2-dcache
 Metrics		      Total	      Instrn	       Data	       Read	      Write	       Misc
 -----------------	      ------	      ------	      ------	      ------	      ------	      ------
 Demand Fetches		     5721871	           0	     5721871	     3132538	     2589333	           0
  Fraction of total	      1.0000	      0.0000	      1.0000	      0.5475	      0.4525	      0.0000

 Demand Misses		     1283796	           0	     1283796	     1251038	       32758	           0
  Demand miss rate	      0.2244	      0.0000	      0.2244	      0.3994	      0.0127	      0.0000

 Multi-block refs                 0
 Bytes From Memory	    80066432
 ( / Demand Fetches)	     13.9931
 Bytes To Memory	    75822400
 ( / Demand Writes)	     29.2826
 Total Bytes r/w Mem	   155888832
 ( / Demand Fetches)	     27.2444

l3-dcache
 Metrics		      Total	      Instrn	       Data	       Read	      Write	       Misc
 -----------------	      ------	      ------	      ------	      ------	      ------	      ------
 Demand Fetches		     2435763	           0	     2435763	     1251038	     1184725	           0
  Fraction of total	      1.0000	      0.0000	      1.0000	      0.5136	      0.4864	      0.0000

 Demand Misses		     1305934	           0	     1305934	     1179304	      126630	           0
  Demand miss rate	      0.5361	      0.0000	      0.5361	      0.9427	      0.1069	      0.0000

 Multi-block refs                 0
 Bytes From Memory	    75475456
 ( / Demand Fetches)	     30.9864
 Bytes To Memory	    71830528
 ( / Demand Writes)	     60.6305
 Total Bytes r/w Mem	   147305984
 ( / Demand Fetches)	     60.4763

---Execution complete.
