tracename mesa_m2b
---Dinero IV cache simulator, version 7
---Written by Jan Edler and Mark D. Hill
---Copyright (C) 1997 NEC Research Institute, Inc. and Mark D. Hill.
---All rights reserved.
---Copyright (C) 1985, 1989 Mark D. Hill.  All rights reserved.
---See -copyright option for details

---Summary of options (-help option gives usage information).

-l1-isize 32768
-l1-dsize 32768
-l2-dsize 262144
-l3-dsize 2097152
-l1-ibsize 64
-l1-dbsize 64
-l2-dbsize 64
-l3-dbsize 64
-l1-isbsize 64
-l1-dsbsize 64
-l2-dsbsize 64
-l3-dsbsize 64
-l1-iassoc 8
-l1-dassoc 8
-l2-dassoc 8
-l3-dassoc 8
-l1-irepl l
-l1-drepl 2
-l2-drepl 2
-l3-drepl 2
-l1-ifetch d
-l1-dfetch d
-l2-dfetch d
-l3-dfetch d
-l1-dwalloc a
-l2-dwalloc a
-l3-dwalloc a
-l1-dwback a
-l2-dwback a
-l3-dwback a
-skipcount 0
-flushcount 0
-maxcount 0
-stat-interval 0
-informat s
-on-trigger 0x0
-off-trigger 0x0

---Simulation begins.
---Simulation complete.
l1-icache
 Metrics		      Total	      Instrn	       Data	       Read	      Write	       Misc
 -----------------	      ------	      ------	      ------	      ------	      ------	      ------
 Demand Fetches		  1999999952	  1999999952	           0	           0	           0	           0
  Fraction of total	      1.0000	      1.0000	      0.0000	      0.0000	      0.0000	      0.0000

 Demand Misses		        3281	        3281	           0	           0	           0	           0
  Demand miss rate	      0.0000	      0.0000	      0.0000	      0.0000	      0.0000	      0.0000

 Multi-block refs                 0
 Bytes From Memory	      209984
 ( / Demand Fetches)	      0.0001
 Bytes To Memory	           0
 ( / Demand Writes)	      0.0000
 Total Bytes r/w Mem	      209984
 ( / Demand Fetches)	      0.0001

l1-dcache
 Metrics		      Total	      Instrn	       Data	       Read	      Write	       Misc
 -----------------	      ------	      ------	      ------	      ------	      ------	      ------
 Demand Fetches		   765306029	           0	   765306029	   535332120	   229973909	           0
  Fraction of total	      1.0000	      0.0000	      1.0000	      0.6995	      0.3005	      0.0000

 Demand Misses		     3081401	           0	     3081401	     1690371	     1391030	           0
  Demand miss rate	      0.0040	      0.0000	      0.0040	      0.0032	      0.0060	      0.0000

 Multi-block refs           3452582
 Bytes From Memory	   197209664
 ( / Demand Fetches)	      0.2577
 Bytes To Memory	   164440768
 ( / Demand Writes)	      0.7150
 Total Bytes r/w Mem	   361650432
 ( / Demand Fetches)	      0.4726

l2-dcache
 Metrics		      Total	      Instrn	       Data	       Read	      Write	       Misc
 -----------------	      ------	      ------	      ------	      ------	      ------	      ------
 Demand Fetches		     5650788	           0	     5650788	     3081401	     2569387	           0
  Fraction of total	      1.0000	      0.0000	      1.0000	      0.5453	      0.4547	      0.0000

 Demand Misses		     1260543	           0	     1260543	     1243754	       16789	           0
  Demand miss rate	      0.2231	      0.0000	      0.2231	      0.4036	      0.0065	      0.0000

 Multi-block refs                 0
 Bytes From Memory	    79600256
 ( / Demand Fetches)	     14.0866
 Bytes To Memory	    75189504
 ( / Demand Writes)	     29.2636
 Total Bytes r/w Mem	   154789760
 ( / Demand Fetches)	     27.3926

l3-dcache
 Metrics		      Total	      Instrn	       Data	       Read	      Write	       Misc
 -----------------	      ------	      ------	      ------	      ------	      ------	      ------
 Demand Fetches		     2418590	           0	     2418590	     1243754	     1174836	           0
  Fraction of total	      1.0000	      0.0000	      1.0000	      0.5142	      0.4858	      0.0000

 Demand Misses		     1142108	           0	     1142108	     1126713	       15395	           0
  Demand miss rate	      0.4722	      0.0000	      0.4722	      0.9059	      0.0131	      0.0000

 Multi-block refs                 0
 Bytes From Memory	    72109632
 ( / Demand Fetches)	     29.8147
 Bytes To Memory	    68137216
 ( / Demand Writes)	     57.9972
 Total Bytes r/w Mem	   140246848
 ( / Demand Fetches)	     57.9870

---Execution complete.
