tracename mesa_m2b
---Dinero IV cache simulator, version 7
---Written by Jan Edler and Mark D. Hill
---Copyright (C) 1997 NEC Research Institute, Inc. and Mark D. Hill.
---All rights reserved.
---Copyright (C) 1985, 1989 Mark D. Hill.  All rights reserved.
---See -copyright option for details

---Summary of options (-help option gives usage information).

-l1-isize 32768
-l1-dsize 32768
-l2-dsize 262144
-l3-dsize 524288
-l1-ibsize 64
-l1-dbsize 64
-l2-dbsize 64
-l3-dbsize 64
-l1-isbsize 64
-l1-dsbsize 64
-l2-dsbsize 64
-l3-dsbsize 64
-l1-iassoc 8
-l1-dassoc 8
-l2-dassoc 8
-l3-dassoc 8
-l1-irepl l
-l1-drepl r
-l2-drepl r
-l3-drepl r
-l1-ifetch d
-l1-dfetch d
-l2-dfetch d
-l3-dfetch d
-l1-dwalloc a
-l2-dwalloc a
-l3-dwalloc a
-l1-dwback a
-l2-dwback a
-l3-dwback a
-skipcount 0
-flushcount 0
-maxcount 0
-stat-interval 0
-informat s
-on-trigger 0x0
-off-trigger 0x0

---Simulation begins.
---Simulation complete.
l1-icache
 Metrics		      Total	      Instrn	       Data	       Read	      Write	       Misc
 -----------------	      ------	      ------	      ------	      ------	      ------	      ------
 Demand Fetches		  1999999952	  1999999952	           0	           0	           0	           0
  Fraction of total	      1.0000	      1.0000	      0.0000	      0.0000	      0.0000	      0.0000

 Demand Misses		        3281	        3281	           0	           0	           0	           0
  Demand miss rate	      0.0000	      0.0000	      0.0000	      0.0000	      0.0000	      0.0000

 Multi-block refs                 0
 Bytes From Memory	      209984
 ( / Demand Fetches)	      0.0001
 Bytes To Memory	           0
 ( / Demand Writes)	      0.0000
 Total Bytes r/w Mem	      209984
 ( / Demand Fetches)	      0.0001

l1-dcache
 Metrics		      Total	      Instrn	       Data	       Read	      Write	       Misc
 -----------------	      ------	      ------	      ------	      ------	      ------	      ------
 Demand Fetches		   765306029	           0	   765306029	   535332120	   229973909	           0
  Fraction of total	      1.0000	      0.0000	      1.0000	      0.6995	      0.3005	      0.0000

 Demand Misses		     3417963	           0	     3417963	     1984222	     1433741	           0
  Demand miss rate	      0.0045	      0.0000	      0.0045	      0.0037	      0.0062	      0.0000

 Multi-block refs           3452582
 Bytes From Memory	   218749632
 ( / Demand Fetches)	      0.2858
 Bytes To Memory	   172459520
 ( / Demand Writes)	      0.7499
 Total Bytes r/w Mem	   391209152
 ( / Demand Fetches)	      0.5112

l2-dcache
 Metrics		      Total	      Instrn	       Data	       Read	      Write	       Misc
 -----------------	      ------	      ------	      ------	      ------	      ------	      ------
 Demand Fetches		     6112643	           0	     6112643	     3417963	     2694680	           0
  Fraction of total	      1.0000	      0.0000	      1.0000	      0.5592	      0.4408	      0.0000

 Demand Misses		     1438398	           0	     1438398	     1332038	      106360	           0
  Demand miss rate	      0.2353	      0.0000	      0.2353	      0.3897	      0.0395	      0.0000

 Multi-block refs                 0
 Bytes From Memory	    85250432
 ( / Demand Fetches)	     13.9466
 Bytes To Memory	    81284096
 ( / Demand Writes)	     30.1647
 Total Bytes r/w Mem	   166534528
 ( / Demand Fetches)	     27.2443

l3-dcache
 Metrics		      Total	      Instrn	       Data	       Read	      Write	       Misc
 -----------------	      ------	      ------	      ------	      ------	      ------	      ------
 Demand Fetches		     2602102	           0	     2602102	     1332038	     1270064	           0
  Fraction of total	      1.0000	      0.0000	      1.0000	      0.5119	      0.4881	      0.0000

 Demand Misses		     1704005	           0	     1704005	     1196777	      507228	           0
  Demand miss rate	      0.6549	      0.0000	      0.6549	      0.8985	      0.3994	      0.0000

 Multi-block refs                 0
 Bytes From Memory	    76593728
 ( / Demand Fetches)	     29.4353
 Bytes To Memory	    75039424
 ( / Demand Writes)	     59.0832
 Total Bytes r/w Mem	   151633152
 ( / Demand Fetches)	     58.2733

---Execution complete.
