tracename mesa_m2b
---Dinero IV cache simulator, version 7
---Written by Jan Edler and Mark D. Hill
---Copyright (C) 1997 NEC Research Institute, Inc. and Mark D. Hill.
---All rights reserved.
---Copyright (C) 1985, 1989 Mark D. Hill.  All rights reserved.
---See -copyright option for details

---Summary of options (-help option gives usage information).

-l1-isize 32768
-l1-dsize 32768
-l2-dsize 262144
-l3-dsize 8388608
-l1-ibsize 64
-l1-dbsize 64
-l2-dbsize 64
-l3-dbsize 64
-l1-isbsize 64
-l1-dsbsize 64
-l2-dsbsize 64
-l3-dsbsize 64
-l1-iassoc 8
-l1-dassoc 8
-l2-dassoc 8
-l3-dassoc 8
-l1-irepl l
-l1-drepl c
-l2-drepl c
-l3-drepl c
-l1-ifetch d
-l1-dfetch d
-l2-dfetch d
-l3-dfetch d
-l1-dwalloc a
-l2-dwalloc a
-l3-dwalloc a
-l1-dwback a
-l2-dwback a
-l3-dwback a
-skipcount 0
-flushcount 0
-maxcount 0
-stat-interval 0
-informat s
-on-trigger 0x0
-off-trigger 0x0

---Simulation begins.
---Simulation complete.
l1-icache
 Metrics		      Total	      Instrn	       Data	       Read	      Write	       Misc
 -----------------	      ------	      ------	      ------	      ------	      ------	      ------
 Demand Fetches		  1999999952	  1999999952	           0	           0	           0	           0
  Fraction of total	      1.0000	      1.0000	      0.0000	      0.0000	      0.0000	      0.0000

 Demand Misses		        3281	        3281	           0	           0	           0	           0
  Demand miss rate	      0.0000	      0.0000	      0.0000	      0.0000	      0.0000	      0.0000

 Multi-block refs                 0
 Bytes From Memory	      209984
 ( / Demand Fetches)	      0.0001
 Bytes To Memory	           0
 ( / Demand Writes)	      0.0000
 Total Bytes r/w Mem	      209984
 ( / Demand Fetches)	      0.0001

l1-dcache
 Metrics		      Total	      Instrn	       Data	       Read	      Write	       Misc
 -----------------	      ------	      ------	      ------	      ------	      ------	      ------
 Demand Fetches		   765306029	           0	   765306029	   535332120	   229973909	           0
  Fraction of total	      1.0000	      0.0000	      1.0000	      0.6995	      0.3005	      0.0000

 Demand Misses		     3132581	           0	     3132581	     1731499	     1401082	           0
  Demand miss rate	      0.0041	      0.0000	      0.0041	      0.0032	      0.0061	      0.0000

 Multi-block refs           3452582
 Bytes From Memory	   200485184
 ( / Demand Fetches)	      0.2620
 Bytes To Memory	   165750208
 ( / Demand Writes)	      0.7207
 Total Bytes r/w Mem	   366235392
 ( / Demand Fetches)	      0.4785

l2-dcache
 Metrics		      Total	      Instrn	       Data	       Read	      Write	       Misc
 -----------------	      ------	      ------	      ------	      ------	      ------	      ------
 Demand Fetches		     5722428	           0	     5722428	     3132581	     2589847	           0
  Fraction of total	      1.0000	      0.0000	      1.0000	      0.5474	      0.4526	      0.0000

 Demand Misses		     1284291	           0	     1284291	     1251736	       32555	           0
  Demand miss rate	      0.2244	      0.0000	      0.2244	      0.3996	      0.0126	      0.0000

 Multi-block refs                 0
 Bytes From Memory	    80111104
 ( / Demand Fetches)	     13.9995
 Bytes To Memory	    75844224
 ( / Demand Writes)	     29.2852
 Total Bytes r/w Mem	   155955328
 ( / Demand Fetches)	     27.2533

l3-dcache
 Metrics		      Total	      Instrn	       Data	       Read	      Write	       Misc
 -----------------	      ------	      ------	      ------	      ------	      ------	      ------
 Demand Fetches		     2436802	           0	     2436802	     1251736	     1185066	           0
  Fraction of total	      1.0000	      0.0000	      1.0000	      0.5137	      0.4863	      0.0000

 Demand Misses		      221338	           0	      221338	      221110	         228	           0
  Demand miss rate	      0.0908	      0.0000	      0.0908	      0.1766	      0.0002	      0.0000

 Multi-block refs                 0
 Bytes From Memory	    14151040
 ( / Demand Fetches)	      5.8072
 Bytes To Memory	    12853888
 ( / Demand Writes)	     10.8466
 Total Bytes r/w Mem	    27004928
 ( / Demand Fetches)	     11.0821

---Execution complete.
