tracename mesa_m2b
---Dinero IV cache simulator, version 7
---Written by Jan Edler and Mark D. Hill
---Copyright (C) 1997 NEC Research Institute, Inc. and Mark D. Hill.
---All rights reserved.
---Copyright (C) 1985, 1989 Mark D. Hill.  All rights reserved.
---See -copyright option for details

---Summary of options (-help option gives usage information).

-l1-isize 32768
-l1-dsize 32768
-l2-dsize 262144
-l3-dsize 262144
-l1-ibsize 64
-l1-dbsize 64
-l2-dbsize 64
-l3-dbsize 64
-l1-isbsize 64
-l1-dsbsize 64
-l2-dsbsize 64
-l3-dsbsize 64
-l1-iassoc 8
-l1-dassoc 8
-l2-dassoc 8
-l3-dassoc 8
-l1-irepl l
-l1-drepl 2
-l2-drepl 2
-l3-drepl 2
-l1-ifetch d
-l1-dfetch d
-l2-dfetch d
-l3-dfetch d
-l1-dwalloc a
-l2-dwalloc a
-l3-dwalloc a
-l1-dwback a
-l2-dwback a
-l3-dwback a
-skipcount 0
-flushcount 0
-maxcount 0
-stat-interval 0
-informat s
-on-trigger 0x0
-off-trigger 0x0

---Simulation begins.
---Simulation complete.
l1-icache
 Metrics		      Total	      Instrn	       Data	       Read	      Write	       Misc
 -----------------	      ------	      ------	      ------	      ------	      ------	      ------
 Demand Fetches		  1999999952	  1999999952	           0	           0	           0	           0
  Fraction of total	      1.0000	      1.0000	      0.0000	      0.0000	      0.0000	      0.0000

 Demand Misses		        3281	        3281	           0	           0	           0	           0
  Demand miss rate	      0.0000	      0.0000	      0.0000	      0.0000	      0.0000	      0.0000

 Multi-block refs                 0
 Bytes From Memory	      209984
 ( / Demand Fetches)	      0.0001
 Bytes To Memory	           0
 ( / Demand Writes)	      0.0000
 Total Bytes r/w Mem	      209984
 ( / Demand Fetches)	      0.0001

l1-dcache
 Metrics		      Total	      Instrn	       Data	       Read	      Write	       Misc
 -----------------	      ------	      ------	      ------	      ------	      ------	      ------
 Demand Fetches		   765306029	           0	   765306029	   535332120	   229973909	           0
  Fraction of total	      1.0000	      0.0000	      1.0000	      0.6995	      0.3005	      0.0000

 Demand Misses		     3080936	           0	     3080936	     1690008	     1390928	           0
  Demand miss rate	      0.0040	      0.0000	      0.0040	      0.0032	      0.0060	      0.0000

 Multi-block refs           3452582
 Bytes From Memory	   197179904
 ( / Demand Fetches)	      0.2576
 Bytes To Memory	   164417984
 ( / Demand Writes)	      0.7149
 Total Bytes r/w Mem	   361597888
 ( / Demand Fetches)	      0.4725

l2-dcache
 Metrics		      Total	      Instrn	       Data	       Read	      Write	       Misc
 -----------------	      ------	      ------	      ------	      ------	      ------	      ------
 Demand Fetches		     5649967	           0	     5649967	     3080936	     2569031	           0
  Fraction of total	      1.0000	      0.0000	      1.0000	      0.5453	      0.4547	      0.0000

 Demand Misses		     1260219	           0	     1260219	     1243539	       16680	           0
  Demand miss rate	      0.2230	      0.0000	      0.2230	      0.4036	      0.0065	      0.0000

 Multi-block refs                 0
 Bytes From Memory	    79586496
 ( / Demand Fetches)	     14.0862
 Bytes To Memory	    75172416
 ( / Demand Writes)	     29.2610
 Total Bytes r/w Mem	   154758912
 ( / Demand Fetches)	     27.3911

l3-dcache
 Metrics		      Total	      Instrn	       Data	       Read	      Write	       Misc
 -----------------	      ------	      ------	      ------	      ------	      ------	      ------
 Demand Fetches		     2418108	           0	     2418108	     1243539	     1174569	           0
  Fraction of total	      1.0000	      0.0000	      1.0000	      0.5143	      0.4857	      0.0000

 Demand Misses		     2134407	           0	     2134407	     1199017	      935390	           0
  Demand miss rate	      0.8827	      0.0000	      0.8827	      0.9642	      0.7964	      0.0000

 Multi-block refs                 0
 Bytes From Memory	    76737088
 ( / Demand Fetches)	     31.7344
 Bytes To Memory	    74236736
 ( / Demand Writes)	     63.2034
 Total Bytes r/w Mem	   150973824
 ( / Demand Fetches)	     62.4347

---Execution complete.
