tracename mesa_m2b
---Dinero IV cache simulator, version 7
---Written by Jan Edler and Mark D. Hill
---Copyright (C) 1997 NEC Research Institute, Inc. and Mark D. Hill.
---All rights reserved.
---Copyright (C) 1985, 1989 Mark D. Hill.  All rights reserved.
---See -copyright option for details

---Summary of options (-help option gives usage information).

-l1-isize 32768
-l1-dsize 32768
-l2-dsize 262144
-l3-dsize 2097152
-l1-ibsize 64
-l1-dbsize 64
-l2-dbsize 64
-l3-dbsize 64
-l1-isbsize 64
-l1-dsbsize 64
-l2-dsbsize 64
-l3-dsbsize 64
-l1-iassoc 8
-l1-dassoc 8
-l2-dassoc 8
-l3-dassoc 8
-l1-irepl l
-l1-drepl c
-l2-drepl c
-l3-drepl c
-l1-ifetch d
-l1-dfetch d
-l2-dfetch d
-l3-dfetch d
-l1-dwalloc a
-l2-dwalloc a
-l3-dwalloc a
-l1-dwback a
-l2-dwback a
-l3-dwback a
-skipcount 0
-flushcount 0
-maxcount 0
-stat-interval 0
-informat s
-on-trigger 0x0
-off-trigger 0x0

---Simulation begins.
---Simulation complete.
l1-icache
 Metrics		      Total	      Instrn	       Data	       Read	      Write	       Misc
 -----------------	      ------	      ------	      ------	      ------	      ------	      ------
 Demand Fetches		  1999999952	  1999999952	           0	           0	           0	           0
  Fraction of total	      1.0000	      1.0000	      0.0000	      0.0000	      0.0000	      0.0000

 Demand Misses		        3281	        3281	           0	           0	           0	           0
  Demand miss rate	      0.0000	      0.0000	      0.0000	      0.0000	      0.0000	      0.0000

 Multi-block refs                 0
 Bytes From Memory	      209984
 ( / Demand Fetches)	      0.0001
 Bytes To Memory	           0
 ( / Demand Writes)	      0.0000
 Total Bytes r/w Mem	      209984
 ( / Demand Fetches)	      0.0001

l1-dcache
 Metrics		      Total	      Instrn	       Data	       Read	      Write	       Misc
 -----------------	      ------	      ------	      ------	      ------	      ------	      ------
 Demand Fetches		   765306029	           0	   765306029	   535332120	   229973909	           0
  Fraction of total	      1.0000	      0.0000	      1.0000	      0.6995	      0.3005	      0.0000

 Demand Misses		     3132345	           0	     3132345	     1732105	     1400240	           0
  Demand miss rate	      0.0041	      0.0000	      0.0041	      0.0032	      0.0061	      0.0000

 Multi-block refs           3452582
 Bytes From Memory	   200470080
 ( / Demand Fetches)	      0.2619
 Bytes To Memory	   165723456
 ( / Demand Writes)	      0.7206
 Total Bytes r/w Mem	   366193536
 ( / Demand Fetches)	      0.4785

l2-dcache
 Metrics		      Total	      Instrn	       Data	       Read	      Write	       Misc
 -----------------	      ------	      ------	      ------	      ------	      ------	      ------
 Demand Fetches		     5721774	           0	     5721774	     3132345	     2589429	           0
  Fraction of total	      1.0000	      0.0000	      1.0000	      0.5474	      0.4526	      0.0000

 Demand Misses		     1284325	           0	     1284325	     1251677	       32648	           0
  Demand miss rate	      0.2245	      0.0000	      0.2245	      0.3996	      0.0126	      0.0000

 Multi-block refs                 0
 Bytes From Memory	    80107328
 ( / Demand Fetches)	     14.0004
 Bytes To Memory	    75857792
 ( / Demand Writes)	     29.2952
 Total Bytes r/w Mem	   155965120
 ( / Demand Fetches)	     27.2582

l3-dcache
 Metrics		      Total	      Instrn	       Data	       Read	      Write	       Misc
 -----------------	      ------	      ------	      ------	      ------	      ------	      ------
 Demand Fetches		     2436955	           0	     2436955	     1251677	     1185278	           0
  Fraction of total	      1.0000	      0.0000	      1.0000	      0.5136	      0.4864	      0.0000

 Demand Misses		     1155395	           0	     1155395	     1126115	       29280	           0
  Demand miss rate	      0.4741	      0.0000	      0.4741	      0.8997	      0.0247	      0.0000

 Multi-block refs                 0
 Bytes From Memory	    72071360
 ( / Demand Fetches)	     29.5743
 Bytes To Memory	    68188992
 ( / Demand Writes)	     57.5300
 Total Bytes r/w Mem	   140260352
 ( / Demand Fetches)	     57.5556

---Execution complete.
