tracename mesa_m2b
---Dinero IV cache simulator, version 7
---Written by Jan Edler and Mark D. Hill
---Copyright (C) 1997 NEC Research Institute, Inc. and Mark D. Hill.
---All rights reserved.
---Copyright (C) 1985, 1989 Mark D. Hill.  All rights reserved.
---See -copyright option for details

---Summary of options (-help option gives usage information).

-l1-isize 32768
-l1-dsize 32768
-l2-dsize 262144
-l3-dsize 524288
-l1-ibsize 64
-l1-dbsize 64
-l2-dbsize 64
-l3-dbsize 64
-l1-isbsize 64
-l1-dsbsize 64
-l2-dsbsize 64
-l3-dsbsize 64
-l1-iassoc 8
-l1-dassoc 8
-l2-dassoc 8
-l3-dassoc 8
-l1-irepl l
-l1-drepl l
-l2-drepl l
-l3-drepl l
-l1-ifetch d
-l1-dfetch d
-l2-dfetch d
-l3-dfetch d
-l1-dwalloc a
-l2-dwalloc a
-l3-dwalloc a
-l1-dwback a
-l2-dwback a
-l3-dwback a
-skipcount 0
-flushcount 0
-maxcount 0
-stat-interval 0
-informat s
-on-trigger 0x0
-off-trigger 0x0

---Simulation begins.
---Simulation complete.
l1-icache
 Metrics		      Total	      Instrn	       Data	       Read	      Write	       Misc
 -----------------	      ------	      ------	      ------	      ------	      ------	      ------
 Demand Fetches		  1999999952	  1999999952	           0	           0	           0	           0
  Fraction of total	      1.0000	      1.0000	      0.0000	      0.0000	      0.0000	      0.0000

 Demand Misses		        3281	        3281	           0	           0	           0	           0
  Demand miss rate	      0.0000	      0.0000	      0.0000	      0.0000	      0.0000	      0.0000

 Multi-block refs                 0
 Bytes From Memory	      209984
 ( / Demand Fetches)	      0.0001
 Bytes To Memory	           0
 ( / Demand Writes)	      0.0000
 Total Bytes r/w Mem	      209984
 ( / Demand Fetches)	      0.0001

l1-dcache
 Metrics		      Total	      Instrn	       Data	       Read	      Write	       Misc
 -----------------	      ------	      ------	      ------	      ------	      ------	      ------
 Demand Fetches		   765306029	           0	   765306029	   535332120	   229973909	           0
  Fraction of total	      1.0000	      0.0000	      1.0000	      0.6995	      0.3005	      0.0000

 Demand Misses		     2996375	           0	     2996375	     1593773	     1402602	           0
  Demand miss rate	      0.0039	      0.0000	      0.0039	      0.0030	      0.0061	      0.0000

 Multi-block refs           3452582
 Bytes From Memory	   191768000
 ( / Demand Fetches)	      0.2506
 Bytes To Memory	   161876672
 ( / Demand Writes)	      0.7039
 Total Bytes r/w Mem	   353644672
 ( / Demand Fetches)	      0.4621

l2-dcache
 Metrics		      Total	      Instrn	       Data	       Read	      Write	       Misc
 -----------------	      ------	      ------	      ------	      ------	      ------	      ------
 Demand Fetches		     5525698	           0	     5525698	     2996375	     2529323	           0
  Fraction of total	      1.0000	      0.0000	      1.0000	      0.5423	      0.4577	      0.0000

 Demand Misses		     1200337	           0	     1200337	     1200203	         134	           0
  Demand miss rate	      0.2172	      0.0000	      0.2172	      0.4006	      0.0001	      0.0000

 Multi-block refs                 0
 Bytes From Memory	    76812992
 ( / Demand Fetches)	     13.9010
 Bytes To Memory	    72664064
 ( / Demand Writes)	     28.7287
 Total Bytes r/w Mem	   149477056
 ( / Demand Fetches)	     27.0513

l3-dcache
 Metrics		      Total	      Instrn	       Data	       Read	      Write	       Misc
 -----------------	      ------	      ------	      ------	      ------	      ------	      ------
 Demand Fetches		     2335579	           0	     2335579	     1200203	     1135376	           0
  Fraction of total	      1.0000	      0.0000	      1.0000	      0.5139	      0.4861	      0.0000

 Demand Misses		     2059683	           0	     2059683	     1189413	      870270	           0
  Demand miss rate	      0.8819	      0.0000	      0.8819	      0.9910	      0.7665	      0.0000

 Multi-block refs                 0
 Bytes From Memory	    76122432
 ( / Demand Fetches)	     32.5925
 Bytes To Memory	    72107840
 ( / Demand Writes)	     63.5101
 Total Bytes r/w Mem	   148230272
 ( / Demand Fetches)	     63.4662

---Execution complete.
