tracename galgel_m2b
---Dinero IV cache simulator, version 7
---Written by Jan Edler and Mark D. Hill
---Copyright (C) 1997 NEC Research Institute, Inc. and Mark D. Hill.
---All rights reserved.
---Copyright (C) 1985, 1989 Mark D. Hill.  All rights reserved.
---See -copyright option for details

---Summary of options (-help option gives usage information).

-l1-isize 32768
-l1-dsize 32768
-l2-dsize 262144
-l3-dsize 2097152
-l1-ibsize 64
-l1-dbsize 64
-l2-dbsize 64
-l3-dbsize 64
-l1-isbsize 64
-l1-dsbsize 64
-l2-dsbsize 64
-l3-dsbsize 64
-l1-iassoc 8
-l1-dassoc 8
-l2-dassoc 8
-l3-dassoc 8
-l1-irepl l
-l1-drepl r
-l2-drepl r
-l3-drepl r
-l1-ifetch d
-l1-dfetch d
-l2-dfetch d
-l3-dfetch d
-l1-dwalloc a
-l2-dwalloc a
-l3-dwalloc a
-l1-dwback a
-l2-dwback a
-l3-dwback a
-skipcount 0
-flushcount 0
-maxcount 0
-stat-interval 0
-informat s
-on-trigger 0x0
-off-trigger 0x0

---Simulation begins.
---Simulation complete.
l1-icache
 Metrics		      Total	      Instrn	       Data	       Read	      Write	       Misc
 -----------------	      ------	      ------	      ------	      ------	      ------	      ------
 Demand Fetches		  1999999990	  1999999990	           0	           0	           0	           0
  Fraction of total	      1.0000	      1.0000	      0.0000	      0.0000	      0.0000	      0.0000

 Demand Misses		          84	          84	           0	           0	           0	           0
  Demand miss rate	      0.0000	      0.0000	      0.0000	      0.0000	      0.0000	      0.0000

 Multi-block refs                 0
 Bytes From Memory	        5376
 ( / Demand Fetches)	      0.0000
 Bytes To Memory	           0
 ( / Demand Writes)	      0.0000
 Total Bytes r/w Mem	        5376
 ( / Demand Fetches)	      0.0000

l1-dcache
 Metrics		      Total	      Instrn	       Data	       Read	      Write	       Misc
 -----------------	      ------	      ------	      ------	      ------	      ------	      ------
 Demand Fetches		   825305552	           0	   825305552	   704964531	   120341021	           0
  Fraction of total	      1.0000	      0.0000	      1.0000	      0.8542	      0.1458	      0.0000

 Demand Misses		    40294333	           0	    40294333	    33637385	     6656948	           0
  Demand miss rate	      0.0488	      0.0000	      0.0488	      0.0477	      0.0553	      0.0000

 Multi-block refs                 0
 Bytes From Memory	  2578837312
 ( / Demand Fetches)	      3.1247
 Bytes To Memory	   741639552
 ( / Demand Writes)	      6.1628
 Total Bytes r/w Mem	  3320476864
 ( / Demand Fetches)	      4.0233

l2-dcache
 Metrics		      Total	      Instrn	       Data	       Read	      Write	       Misc
 -----------------	      ------	      ------	      ------	      ------	      ------	      ------
 Demand Fetches		    51882451	           0	    51882451	    40294333	    11588118	           0
  Fraction of total	      1.0000	      0.0000	      1.0000	      0.7766	      0.2234	      0.0000

 Demand Misses		    24326760	           0	    24326760	    23653230	      673530	           0
  Demand miss rate	      0.4689	      0.0000	      0.4689	      0.5870	      0.0581	      0.0000

 Multi-block refs                 0
 Bytes From Memory	  1513806720
 ( / Demand Fetches)	     29.1776
 Bytes To Memory	   511968320
 ( / Demand Writes)	     44.1805
 Total Bytes r/w Mem	  2025775040
 ( / Demand Fetches)	     39.0455

l3-dcache
 Metrics		      Total	      Instrn	       Data	       Read	      Write	       Misc
 -----------------	      ------	      ------	      ------	      ------	      ------	      ------
 Demand Fetches		    31652735	           0	    31652735	    23653230	     7999505	           0
  Fraction of total	      1.0000	      0.0000	      1.0000	      0.7473	      0.2527	      0.0000

 Demand Misses		      222656	           0	      222656	      216273	        6383	           0
  Demand miss rate	      0.0070	      0.0000	      0.0070	      0.0091	      0.0008	      0.0000

 Multi-block refs                 0
 Bytes From Memory	    13841472
 ( / Demand Fetches)	      0.4373
 Bytes To Memory	     8444352
 ( / Demand Writes)	      1.0556
 Total Bytes r/w Mem	    22285824
 ( / Demand Fetches)	      0.7041

---Execution complete.
