tracename galgel_m2b
---Dinero IV cache simulator, version 7
---Written by Jan Edler and Mark D. Hill
---Copyright (C) 1997 NEC Research Institute, Inc. and Mark D. Hill.
---All rights reserved.
---Copyright (C) 1985, 1989 Mark D. Hill.  All rights reserved.
---See -copyright option for details

---Summary of options (-help option gives usage information).

-l1-isize 32768
-l1-dsize 32768
-l2-dsize 262144
-l3-dsize 4194304
-l1-ibsize 64
-l1-dbsize 64
-l2-dbsize 64
-l3-dbsize 64
-l1-isbsize 64
-l1-dsbsize 64
-l2-dsbsize 64
-l3-dsbsize 64
-l1-iassoc 8
-l1-dassoc 8
-l2-dassoc 8
-l3-dassoc 8
-l1-irepl l
-l1-drepl c
-l2-drepl c
-l3-drepl c
-l1-ifetch d
-l1-dfetch d
-l2-dfetch d
-l3-dfetch d
-l1-dwalloc a
-l2-dwalloc a
-l3-dwalloc a
-l1-dwback a
-l2-dwback a
-l3-dwback a
-skipcount 0
-flushcount 0
-maxcount 0
-stat-interval 0
-informat s
-on-trigger 0x0
-off-trigger 0x0

---Simulation begins.
---Simulation complete.
l1-icache
 Metrics		      Total	      Instrn	       Data	       Read	      Write	       Misc
 -----------------	      ------	      ------	      ------	      ------	      ------	      ------
 Demand Fetches		  1999999990	  1999999990	           0	           0	           0	           0
  Fraction of total	      1.0000	      1.0000	      0.0000	      0.0000	      0.0000	      0.0000

 Demand Misses		          84	          84	           0	           0	           0	           0
  Demand miss rate	      0.0000	      0.0000	      0.0000	      0.0000	      0.0000	      0.0000

 Multi-block refs                 0
 Bytes From Memory	        5376
 ( / Demand Fetches)	      0.0000
 Bytes To Memory	           0
 ( / Demand Writes)	      0.0000
 Total Bytes r/w Mem	        5376
 ( / Demand Fetches)	      0.0000

l1-dcache
 Metrics		      Total	      Instrn	       Data	       Read	      Write	       Misc
 -----------------	      ------	      ------	      ------	      ------	      ------	      ------
 Demand Fetches		   825305552	           0	   825305552	   704964531	   120341021	           0
  Fraction of total	      1.0000	      0.0000	      1.0000	      0.8542	      0.1458	      0.0000

 Demand Misses		    33446817	           0	    33446817	    26891572	     6555245	           0
  Demand miss rate	      0.0405	      0.0000	      0.0405	      0.0381	      0.0545	      0.0000

 Multi-block refs                 0
 Bytes From Memory	  2140596288
 ( / Demand Fetches)	      2.5937
 Bytes To Memory	   731038912
 ( / Demand Writes)	      6.0747
 Total Bytes r/w Mem	  2871635200
 ( / Demand Fetches)	      3.4795

l2-dcache
 Metrics		      Total	      Instrn	       Data	       Read	      Write	       Misc
 -----------------	      ------	      ------	      ------	      ------	      ------	      ------
 Demand Fetches		    44869300	           0	    44869300	    33446817	    11422483	           0
  Fraction of total	      1.0000	      0.0000	      1.0000	      0.7454	      0.2546	      0.0000

 Demand Misses		    23959356	           0	    23959356	    23718485	      240871	           0
  Demand miss rate	      0.5340	      0.0000	      0.5340	      0.7091	      0.0211	      0.0000

 Multi-block refs                 0
 Bytes From Memory	  1517983040
 ( / Demand Fetches)	     33.8312
 Bytes To Memory	   507503360
 ( / Demand Writes)	     44.4302
 Total Bytes r/w Mem	  2025486400
 ( / Demand Fetches)	     45.1419

l3-dcache
 Metrics		      Total	      Instrn	       Data	       Read	      Write	       Misc
 -----------------	      ------	      ------	      ------	      ------	      ------	      ------
 Demand Fetches		    31648225	           0	    31648225	    23718485	     7929740	           0
  Fraction of total	      1.0000	      0.0000	      1.0000	      0.7494	      0.2506	      0.0000

 Demand Misses		      136817	           0	      136817	      136551	         266	           0
  Demand miss rate	      0.0043	      0.0000	      0.0043	      0.0058	      0.0000	      0.0000

 Multi-block refs                 0
 Bytes From Memory	     8739264
 ( / Demand Fetches)	      0.2761
 Bytes To Memory	     4157632
 ( / Demand Writes)	      0.5243
 Total Bytes r/w Mem	    12896896
 ( / Demand Fetches)	      0.4075

---Execution complete.
