tracename galgel_m2b
---Dinero IV cache simulator, version 7
---Written by Jan Edler and Mark D. Hill
---Copyright (C) 1997 NEC Research Institute, Inc. and Mark D. Hill.
---All rights reserved.
---Copyright (C) 1985, 1989 Mark D. Hill.  All rights reserved.
---See -copyright option for details

---Summary of options (-help option gives usage information).

-l1-isize 32768
-l1-dsize 32768
-l2-dsize 262144
-l3-dsize 16777216
-l1-ibsize 64
-l1-dbsize 64
-l2-dbsize 64
-l3-dbsize 64
-l1-isbsize 64
-l1-dsbsize 64
-l2-dsbsize 64
-l3-dsbsize 64
-l1-iassoc 8
-l1-dassoc 8
-l2-dassoc 8
-l3-dassoc 8
-l1-irepl l
-l1-drepl r
-l2-drepl r
-l3-drepl r
-l1-ifetch d
-l1-dfetch d
-l2-dfetch d
-l3-dfetch d
-l1-dwalloc a
-l2-dwalloc a
-l3-dwalloc a
-l1-dwback a
-l2-dwback a
-l3-dwback a
-skipcount 0
-flushcount 0
-maxcount 0
-stat-interval 0
-informat s
-on-trigger 0x0
-off-trigger 0x0

---Simulation begins.
---Simulation complete.
l1-icache
 Metrics		      Total	      Instrn	       Data	       Read	      Write	       Misc
 -----------------	      ------	      ------	      ------	      ------	      ------	      ------
 Demand Fetches		  1999999990	  1999999990	           0	           0	           0	           0
  Fraction of total	      1.0000	      1.0000	      0.0000	      0.0000	      0.0000	      0.0000

 Demand Misses		          84	          84	           0	           0	           0	           0
  Demand miss rate	      0.0000	      0.0000	      0.0000	      0.0000	      0.0000	      0.0000

 Multi-block refs                 0
 Bytes From Memory	        5376
 ( / Demand Fetches)	      0.0000
 Bytes To Memory	           0
 ( / Demand Writes)	      0.0000
 Total Bytes r/w Mem	        5376
 ( / Demand Fetches)	      0.0000

l1-dcache
 Metrics		      Total	      Instrn	       Data	       Read	      Write	       Misc
 -----------------	      ------	      ------	      ------	      ------	      ------	      ------
 Demand Fetches		   825305552	           0	   825305552	   704964531	   120341021	           0
  Fraction of total	      1.0000	      0.0000	      1.0000	      0.8542	      0.1458	      0.0000

 Demand Misses		    40294053	           0	    40294053	    33636590	     6657463	           0
  Demand miss rate	      0.0488	      0.0000	      0.0488	      0.0477	      0.0553	      0.0000

 Multi-block refs                 0
 Bytes From Memory	  2578819392
 ( / Demand Fetches)	      3.1247
 Bytes To Memory	   741573632
 ( / Demand Writes)	      6.1623
 Total Bytes r/w Mem	  3320393024
 ( / Demand Fetches)	      4.0232

l2-dcache
 Metrics		      Total	      Instrn	       Data	       Read	      Write	       Misc
 -----------------	      ------	      ------	      ------	      ------	      ------	      ------
 Demand Fetches		    51881141	           0	    51881141	    40294053	    11587088	           0
  Fraction of total	      1.0000	      0.0000	      1.0000	      0.7767	      0.2233	      0.0000

 Demand Misses		    24324883	           0	    24324883	    23652369	      672514	           0
  Demand miss rate	      0.4689	      0.0000	      0.4689	      0.5870	      0.0580	      0.0000

 Multi-block refs                 0
 Bytes From Memory	  1513751616
 ( / Demand Fetches)	     29.1773
 Bytes To Memory	   511925504
 ( / Demand Writes)	     44.1807
 Total Bytes r/w Mem	  2025677120
 ( / Demand Fetches)	     39.0446

l3-dcache
 Metrics		      Total	      Instrn	       Data	       Read	      Write	       Misc
 -----------------	      ------	      ------	      ------	      ------	      ------	      ------
 Demand Fetches		    31651205	           0	    31651205	    23652369	     7998836	           0
  Fraction of total	      1.0000	      0.0000	      1.0000	      0.7473	      0.2527	      0.0000

 Demand Misses		      125344	           0	      125344	      125344	           0	           0
  Demand miss rate	      0.0040	      0.0000	      0.0040	      0.0053	      0.0000	      0.0000

 Multi-block refs                 0
 Bytes From Memory	     8022016
 ( / Demand Fetches)	      0.2535
 Bytes To Memory	     3503104
 ( / Demand Writes)	      0.4380
 Total Bytes r/w Mem	    11525120
 ( / Demand Fetches)	      0.3641

---Execution complete.
