tracename galgel_m2b
---Dinero IV cache simulator, version 7
---Written by Jan Edler and Mark D. Hill
---Copyright (C) 1997 NEC Research Institute, Inc. and Mark D. Hill.
---All rights reserved.
---Copyright (C) 1985, 1989 Mark D. Hill.  All rights reserved.
---See -copyright option for details

---Summary of options (-help option gives usage information).

-l1-isize 32768
-l1-dsize 32768
-l2-dsize 262144
-l3-dsize 8388608
-l1-ibsize 64
-l1-dbsize 64
-l2-dbsize 64
-l3-dbsize 64
-l1-isbsize 64
-l1-dsbsize 64
-l2-dsbsize 64
-l3-dsbsize 64
-l1-iassoc 8
-l1-dassoc 8
-l2-dassoc 8
-l3-dassoc 8
-l1-irepl l
-l1-drepl r
-l2-drepl r
-l3-drepl r
-l1-ifetch d
-l1-dfetch d
-l2-dfetch d
-l3-dfetch d
-l1-dwalloc a
-l2-dwalloc a
-l3-dwalloc a
-l1-dwback a
-l2-dwback a
-l3-dwback a
-skipcount 0
-flushcount 0
-maxcount 0
-stat-interval 0
-informat s
-on-trigger 0x0
-off-trigger 0x0

---Simulation begins.
---Simulation complete.
l1-icache
 Metrics		      Total	      Instrn	       Data	       Read	      Write	       Misc
 -----------------	      ------	      ------	      ------	      ------	      ------	      ------
 Demand Fetches		  1999999990	  1999999990	           0	           0	           0	           0
  Fraction of total	      1.0000	      1.0000	      0.0000	      0.0000	      0.0000	      0.0000

 Demand Misses		          84	          84	           0	           0	           0	           0
  Demand miss rate	      0.0000	      0.0000	      0.0000	      0.0000	      0.0000	      0.0000

 Multi-block refs                 0
 Bytes From Memory	        5376
 ( / Demand Fetches)	      0.0000
 Bytes To Memory	           0
 ( / Demand Writes)	      0.0000
 Total Bytes r/w Mem	        5376
 ( / Demand Fetches)	      0.0000

l1-dcache
 Metrics		      Total	      Instrn	       Data	       Read	      Write	       Misc
 -----------------	      ------	      ------	      ------	      ------	      ------	      ------
 Demand Fetches		   825305552	           0	   825305552	   704964531	   120341021	           0
  Fraction of total	      1.0000	      0.0000	      1.0000	      0.8542	      0.1458	      0.0000

 Demand Misses		    40298829	           0	    40298829	    33641011	     6657818	           0
  Demand miss rate	      0.0488	      0.0000	      0.0488	      0.0477	      0.0553	      0.0000

 Multi-block refs                 0
 Bytes From Memory	  2579125056
 ( / Demand Fetches)	      3.1251
 Bytes To Memory	   741700352
 ( / Demand Writes)	      6.1633
 Total Bytes r/w Mem	  3320825408
 ( / Demand Fetches)	      4.0238

l2-dcache
 Metrics		      Total	      Instrn	       Data	       Read	      Write	       Misc
 -----------------	      ------	      ------	      ------	      ------	      ------	      ------
 Demand Fetches		    51887897	           0	    51887897	    40298829	    11589068	           0
  Fraction of total	      1.0000	      0.0000	      1.0000	      0.7767	      0.2233	      0.0000

 Demand Misses		    24326537	           0	    24326537	    23653649	      672888	           0
  Demand miss rate	      0.4688	      0.0000	      0.4688	      0.5870	      0.0581	      0.0000

 Multi-block refs                 0
 Bytes From Memory	  1513833536
 ( / Demand Fetches)	     29.1751
 Bytes To Memory	   511955008
 ( / Demand Writes)	     44.1757
 Total Bytes r/w Mem	  2025788544
 ( / Demand Fetches)	     39.0416

l3-dcache
 Metrics		      Total	      Instrn	       Data	       Read	      Write	       Misc
 -----------------	      ------	      ------	      ------	      ------	      ------	      ------
 Demand Fetches		    31652946	           0	    31652946	    23653649	     7999297	           0
  Fraction of total	      1.0000	      0.0000	      1.0000	      0.7473	      0.2527	      0.0000

 Demand Misses		      127999	           0	      127999	      127846	         153	           0
  Demand miss rate	      0.0040	      0.0000	      0.0040	      0.0054	      0.0000	      0.0000

 Multi-block refs                 0
 Bytes From Memory	     8182144
 ( / Demand Fetches)	      0.2585
 Bytes To Memory	     3634624
 ( / Demand Writes)	      0.4544
 Total Bytes r/w Mem	    11816768
 ( / Demand Fetches)	      0.3733

---Execution complete.
