tracename galgel_m2b
---Dinero IV cache simulator, version 7
---Written by Jan Edler and Mark D. Hill
---Copyright (C) 1997 NEC Research Institute, Inc. and Mark D. Hill.
---All rights reserved.
---Copyright (C) 1985, 1989 Mark D. Hill.  All rights reserved.
---See -copyright option for details

---Summary of options (-help option gives usage information).

-l1-isize 32768
-l1-dsize 32768
-l2-dsize 262144
-l3-dsize 262144
-l1-ibsize 64
-l1-dbsize 64
-l2-dbsize 64
-l3-dbsize 64
-l1-isbsize 64
-l1-dsbsize 64
-l2-dsbsize 64
-l3-dsbsize 64
-l1-iassoc 8
-l1-dassoc 8
-l2-dassoc 8
-l3-dassoc 8
-l1-irepl l
-l1-drepl 2
-l2-drepl 2
-l3-drepl 2
-l1-ifetch d
-l1-dfetch d
-l2-dfetch d
-l3-dfetch d
-l1-dwalloc a
-l2-dwalloc a
-l3-dwalloc a
-l1-dwback a
-l2-dwback a
-l3-dwback a
-skipcount 0
-flushcount 0
-maxcount 0
-stat-interval 0
-informat s
-on-trigger 0x0
-off-trigger 0x0

---Simulation begins.
---Simulation complete.
l1-icache
 Metrics		      Total	      Instrn	       Data	       Read	      Write	       Misc
 -----------------	      ------	      ------	      ------	      ------	      ------	      ------
 Demand Fetches		  1999999990	  1999999990	           0	           0	           0	           0
  Fraction of total	      1.0000	      1.0000	      0.0000	      0.0000	      0.0000	      0.0000

 Demand Misses		          84	          84	           0	           0	           0	           0
  Demand miss rate	      0.0000	      0.0000	      0.0000	      0.0000	      0.0000	      0.0000

 Multi-block refs                 0
 Bytes From Memory	        5376
 ( / Demand Fetches)	      0.0000
 Bytes To Memory	           0
 ( / Demand Writes)	      0.0000
 Total Bytes r/w Mem	        5376
 ( / Demand Fetches)	      0.0000

l1-dcache
 Metrics		      Total	      Instrn	       Data	       Read	      Write	       Misc
 -----------------	      ------	      ------	      ------	      ------	      ------	      ------
 Demand Fetches		   825305552	           0	   825305552	   704964531	   120341021	           0
  Fraction of total	      1.0000	      0.0000	      1.0000	      0.8542	      0.1458	      0.0000

 Demand Misses		    32619628	           0	    32619628	    26079862	     6539766	           0
  Demand miss rate	      0.0395	      0.0000	      0.0395	      0.0370	      0.0543	      0.0000

 Multi-block refs                 0
 Bytes From Memory	  2087656192
 ( / Demand Fetches)	      2.5296
 Bytes To Memory	   731563392
 ( / Demand Writes)	      6.0791
 Total Bytes r/w Mem	  2819219584
 ( / Demand Fetches)	      3.4160

l2-dcache
 Metrics		      Total	      Instrn	       Data	       Read	      Write	       Misc
 -----------------	      ------	      ------	      ------	      ------	      ------	      ------
 Demand Fetches		    44050306	           0	    44050306	    32619628	    11430678	           0
  Fraction of total	      1.0000	      0.0000	      1.0000	      0.7405	      0.2595	      0.0000

 Demand Misses		    23761314	           0	    23761314	    23644624	      116690	           0
  Demand miss rate	      0.5394	      0.0000	      0.5394	      0.7249	      0.0102	      0.0000

 Multi-block refs                 0
 Bytes From Memory	  1513255936
 ( / Demand Fetches)	     34.3529
 Bytes To Memory	   506447424
 ( / Demand Writes)	     44.3060
 Total Bytes r/w Mem	  2019703360
 ( / Demand Fetches)	     45.8499

l3-dcache
 Metrics		      Total	      Instrn	       Data	       Read	      Write	       Misc
 -----------------	      ------	      ------	      ------	      ------	      ------	      ------
 Demand Fetches		    31557865	           0	    31557865	    23644624	     7913241	           0
  Fraction of total	      1.0000	      0.0000	      1.0000	      0.7492	      0.2508	      0.0000

 Demand Misses		    29094442	           0	    29094442	    23040550	     6053892	           0
  Demand miss rate	      0.9219	      0.0000	      0.9219	      0.9745	      0.7650	      0.0000

 Multi-block refs                 0
 Bytes From Memory	  1474595200
 ( / Demand Fetches)	     46.7267
 Bytes To Memory	   506346880
 ( / Demand Writes)	     63.9873
 Total Bytes r/w Mem	  1980942080
 ( / Demand Fetches)	     62.7717

---Execution complete.
