tracename galgel_m2b
---Dinero IV cache simulator, version 7
---Written by Jan Edler and Mark D. Hill
---Copyright (C) 1997 NEC Research Institute, Inc. and Mark D. Hill.
---All rights reserved.
---Copyright (C) 1985, 1989 Mark D. Hill.  All rights reserved.
---See -copyright option for details

---Summary of options (-help option gives usage information).

-l1-isize 32768
-l1-dsize 32768
-l2-dsize 262144
-l3-dsize 262144
-l1-ibsize 64
-l1-dbsize 64
-l2-dbsize 64
-l3-dbsize 64
-l1-isbsize 64
-l1-dsbsize 64
-l2-dsbsize 64
-l3-dsbsize 64
-l1-iassoc 8
-l1-dassoc 8
-l2-dassoc 8
-l3-dassoc 8
-l1-irepl l
-l1-drepl c
-l2-drepl c
-l3-drepl c
-l1-ifetch d
-l1-dfetch d
-l2-dfetch d
-l3-dfetch d
-l1-dwalloc a
-l2-dwalloc a
-l3-dwalloc a
-l1-dwback a
-l2-dwback a
-l3-dwback a
-skipcount 0
-flushcount 0
-maxcount 0
-stat-interval 0
-informat s
-on-trigger 0x0
-off-trigger 0x0

---Simulation begins.
---Simulation complete.
l1-icache
 Metrics		      Total	      Instrn	       Data	       Read	      Write	       Misc
 -----------------	      ------	      ------	      ------	      ------	      ------	      ------
 Demand Fetches		  1999999990	  1999999990	           0	           0	           0	           0
  Fraction of total	      1.0000	      1.0000	      0.0000	      0.0000	      0.0000	      0.0000

 Demand Misses		          84	          84	           0	           0	           0	           0
  Demand miss rate	      0.0000	      0.0000	      0.0000	      0.0000	      0.0000	      0.0000

 Multi-block refs                 0
 Bytes From Memory	        5376
 ( / Demand Fetches)	      0.0000
 Bytes To Memory	           0
 ( / Demand Writes)	      0.0000
 Total Bytes r/w Mem	        5376
 ( / Demand Fetches)	      0.0000

l1-dcache
 Metrics		      Total	      Instrn	       Data	       Read	      Write	       Misc
 -----------------	      ------	      ------	      ------	      ------	      ------	      ------
 Demand Fetches		   825305552	           0	   825305552	   704964531	   120341021	           0
  Fraction of total	      1.0000	      0.0000	      1.0000	      0.8542	      0.1458	      0.0000

 Demand Misses		    33450875	           0	    33450875	    26894986	     6555889	           0
  Demand miss rate	      0.0405	      0.0000	      0.0405	      0.0382	      0.0545	      0.0000

 Multi-block refs                 0
 Bytes From Memory	  2140856000
 ( / Demand Fetches)	      2.5940
 Bytes To Memory	   731143936
 ( / Demand Writes)	      6.0756
 Total Bytes r/w Mem	  2871999936
 ( / Demand Fetches)	      3.4799

l2-dcache
 Metrics		      Total	      Instrn	       Data	       Read	      Write	       Misc
 -----------------	      ------	      ------	      ------	      ------	      ------	      ------
 Demand Fetches		    44874999	           0	    44874999	    33450875	    11424124	           0
  Fraction of total	      1.0000	      0.0000	      1.0000	      0.7454	      0.2546	      0.0000

 Demand Misses		    23959821	           0	    23959821	    23718936	      240885	           0
  Demand miss rate	      0.5339	      0.0000	      0.5339	      0.7091	      0.0211	      0.0000

 Multi-block refs                 0
 Bytes From Memory	  1518011904
 ( / Demand Fetches)	     33.8276
 Bytes To Memory	   507512384
 ( / Demand Writes)	     44.4246
 Total Bytes r/w Mem	  2025524288
 ( / Demand Fetches)	     45.1370

l3-dcache
 Metrics		      Total	      Instrn	       Data	       Read	      Write	       Misc
 -----------------	      ------	      ------	      ------	      ------	      ------	      ------
 Demand Fetches		    31648817	           0	    31648817	    23718936	     7929881	           0
  Fraction of total	      1.0000	      0.0000	      1.0000	      0.7494	      0.2506	      0.0000

 Demand Misses		    29006501	           0	    29006501	    23070282	     5936219	           0
  Demand miss rate	      0.9165	      0.0000	      0.9165	      0.9727	      0.7486	      0.0000

 Multi-block refs                 0
 Bytes From Memory	  1476498048
 ( / Demand Fetches)	     46.6526
 Bytes To Memory	   507077952
 ( / Demand Writes)	     63.9452
 Total Bytes r/w Mem	  1983576000
 ( / Demand Fetches)	     62.6746

---Execution complete.
