tracename galgel_m2b
---Dinero IV cache simulator, version 7
---Written by Jan Edler and Mark D. Hill
---Copyright (C) 1997 NEC Research Institute, Inc. and Mark D. Hill.
---All rights reserved.
---Copyright (C) 1985, 1989 Mark D. Hill.  All rights reserved.
---See -copyright option for details

---Summary of options (-help option gives usage information).

-l1-isize 32768
-l1-dsize 32768
-l2-dsize 262144
-l3-dsize 524288
-l1-ibsize 64
-l1-dbsize 64
-l2-dbsize 64
-l3-dbsize 64
-l1-isbsize 64
-l1-dsbsize 64
-l2-dsbsize 64
-l3-dsbsize 64
-l1-iassoc 8
-l1-dassoc 8
-l2-dassoc 8
-l3-dassoc 8
-l1-irepl l
-l1-drepl b
-l2-drepl b
-l3-drepl b
-l1-ifetch d
-l1-dfetch d
-l2-dfetch d
-l3-dfetch d
-l1-dwalloc a
-l2-dwalloc a
-l3-dwalloc a
-l1-dwback a
-l2-dwback a
-l3-dwback a
-skipcount 0
-flushcount 0
-maxcount 0
-stat-interval 0
-informat s
-on-trigger 0x0
-off-trigger 0x0

---Simulation begins.
---Simulation complete.
l1-icache
 Metrics		      Total	      Instrn	       Data	       Read	      Write	       Misc
 -----------------	      ------	      ------	      ------	      ------	      ------	      ------
 Demand Fetches		  1999999990	  1999999990	           0	           0	           0	           0
  Fraction of total	      1.0000	      1.0000	      0.0000	      0.0000	      0.0000	      0.0000

 Demand Misses		          84	          84	           0	           0	           0	           0
  Demand miss rate	      0.0000	      0.0000	      0.0000	      0.0000	      0.0000	      0.0000

 Multi-block refs                 0
 Bytes From Memory	        5376
 ( / Demand Fetches)	      0.0000
 Bytes To Memory	           0
 ( / Demand Writes)	      0.0000
 Total Bytes r/w Mem	        5376
 ( / Demand Fetches)	      0.0000

l1-dcache
 Metrics		      Total	      Instrn	       Data	       Read	      Write	       Misc
 -----------------	      ------	      ------	      ------	      ------	      ------	      ------
 Demand Fetches		   825305552	           0	   825305552	   704964531	   120341021	           0
  Fraction of total	      1.0000	      0.0000	      1.0000	      0.8542	      0.1458	      0.0000

 Demand Misses		    34998410	           0	    34998410	    28434744	     6563666	           0
  Demand miss rate	      0.0424	      0.0000	      0.0424	      0.0403	      0.0545	      0.0000

 Multi-block refs                 0
 Bytes From Memory	  2239898240
 ( / Demand Fetches)	      2.7140
 Bytes To Memory	   729086336
 ( / Demand Writes)	      6.0585
 Total Bytes r/w Mem	  2968984576
 ( / Demand Fetches)	      3.5974

l2-dcache
 Metrics		      Total	      Instrn	       Data	       Read	      Write	       Misc
 -----------------	      ------	      ------	      ------	      ------	      ------	      ------
 Demand Fetches		    46390384	           0	    46390384	    34998410	    11391974	           0
  Fraction of total	      1.0000	      0.0000	      1.0000	      0.7544	      0.2456	      0.0000

 Demand Misses		    24037207	           0	    24037207	    23693677	      343530	           0
  Demand miss rate	      0.5182	      0.0000	      0.5182	      0.6770	      0.0302	      0.0000

 Multi-block refs                 0
 Bytes From Memory	  1516395328
 ( / Demand Fetches)	     32.6877
 Bytes To Memory	   508249280
 ( / Demand Writes)	     44.6147
 Total Bytes r/w Mem	  2024644608
 ( / Demand Fetches)	     43.6436

l3-dcache
 Metrics		      Total	      Instrn	       Data	       Read	      Write	       Misc
 -----------------	      ------	      ------	      ------	      ------	      ------	      ------
 Demand Fetches		    31635072	           0	    31635072	    23693677	     7941395	           0
  Fraction of total	      1.0000	      0.0000	      1.0000	      0.7490	      0.2510	      0.0000

 Demand Misses		    22967309	           0	    22967309	    20111773	     2855536	           0
  Demand miss rate	      0.7260	      0.0000	      0.7260	      0.8488	      0.3596	      0.0000

 Multi-block refs                 0
 Bytes From Memory	  1287153472
 ( / Demand Fetches)	     40.6875
 Bytes To Memory	   506277696
 ( / Demand Writes)	     63.7517
 Total Bytes r/w Mem	  1793431168
 ( / Demand Fetches)	     56.6912

---Execution complete.
