tracename galgel_m2b
---Dinero IV cache simulator, version 7
---Written by Jan Edler and Mark D. Hill
---Copyright (C) 1997 NEC Research Institute, Inc. and Mark D. Hill.
---All rights reserved.
---Copyright (C) 1985, 1989 Mark D. Hill.  All rights reserved.
---See -copyright option for details

---Summary of options (-help option gives usage information).

-l1-isize 32768
-l1-dsize 32768
-l2-dsize 262144
-l3-dsize 262144
-l1-ibsize 64
-l1-dbsize 64
-l2-dbsize 64
-l3-dbsize 64
-l1-isbsize 64
-l1-dsbsize 64
-l2-dsbsize 64
-l3-dsbsize 64
-l1-iassoc 8
-l1-dassoc 8
-l2-dassoc 8
-l3-dassoc 8
-l1-irepl l
-l1-drepl b
-l2-drepl b
-l3-drepl b
-l1-ifetch d
-l1-dfetch d
-l2-dfetch d
-l3-dfetch d
-l1-dwalloc a
-l2-dwalloc a
-l3-dwalloc a
-l1-dwback a
-l2-dwback a
-l3-dwback a
-skipcount 0
-flushcount 0
-maxcount 0
-stat-interval 0
-informat s
-on-trigger 0x0
-off-trigger 0x0

---Simulation begins.
---Simulation complete.
l1-icache
 Metrics		      Total	      Instrn	       Data	       Read	      Write	       Misc
 -----------------	      ------	      ------	      ------	      ------	      ------	      ------
 Demand Fetches		  1999999990	  1999999990	           0	           0	           0	           0
  Fraction of total	      1.0000	      1.0000	      0.0000	      0.0000	      0.0000	      0.0000

 Demand Misses		          84	          84	           0	           0	           0	           0
  Demand miss rate	      0.0000	      0.0000	      0.0000	      0.0000	      0.0000	      0.0000

 Multi-block refs                 0
 Bytes From Memory	        5376
 ( / Demand Fetches)	      0.0000
 Bytes To Memory	           0
 ( / Demand Writes)	      0.0000
 Total Bytes r/w Mem	        5376
 ( / Demand Fetches)	      0.0000

l1-dcache
 Metrics		      Total	      Instrn	       Data	       Read	      Write	       Misc
 -----------------	      ------	      ------	      ------	      ------	      ------	      ------
 Demand Fetches		   825305552	           0	   825305552	   704964531	   120341021	           0
  Fraction of total	      1.0000	      0.0000	      1.0000	      0.8542	      0.1458	      0.0000

 Demand Misses		    34996682	           0	    34996682	    28433674	     6563008	           0
  Demand miss rate	      0.0424	      0.0000	      0.0424	      0.0403	      0.0545	      0.0000

 Multi-block refs                 0
 Bytes From Memory	  2239787648
 ( / Demand Fetches)	      2.7139
 Bytes To Memory	   728925056
 ( / Demand Writes)	      6.0572
 Total Bytes r/w Mem	  2968712704
 ( / Demand Fetches)	      3.5971

l2-dcache
 Metrics		      Total	      Instrn	       Data	       Read	      Write	       Misc
 -----------------	      ------	      ------	      ------	      ------	      ------	      ------
 Demand Fetches		    46386136	           0	    46386136	    34996682	    11389454	           0
  Fraction of total	      1.0000	      0.0000	      1.0000	      0.7545	      0.2455	      0.0000

 Demand Misses		    24035677	           0	    24035677	    23692735	      342942	           0
  Demand miss rate	      0.5182	      0.0000	      0.5182	      0.6770	      0.0301	      0.0000

 Multi-block refs                 0
 Bytes From Memory	  1516335040
 ( / Demand Fetches)	     32.6894
 Bytes To Memory	   508259648
 ( / Demand Writes)	     44.6255
 Total Bytes r/w Mem	  2024594688
 ( / Demand Fetches)	     43.6465

l3-dcache
 Metrics		      Total	      Instrn	       Data	       Read	      Write	       Misc
 -----------------	      ------	      ------	      ------	      ------	      ------	      ------
 Demand Fetches		    31634292	           0	    31634292	    23692735	     7941557	           0
  Fraction of total	      1.0000	      0.0000	      1.0000	      0.7490	      0.2510	      0.0000

 Demand Misses		    28532697	           0	    28532697	    22921488	     5611209	           0
  Demand miss rate	      0.9020	      0.0000	      0.9020	      0.9674	      0.7066	      0.0000

 Multi-block refs                 0
 Bytes From Memory	  1466975232
 ( / Demand Fetches)	     46.3729
 Bytes To Memory	   507505792
 ( / Demand Writes)	     63.9051
 Total Bytes r/w Mem	  1974481024
 ( / Demand Fetches)	     62.4158

---Execution complete.
