tracename galgel_m2b
---Dinero IV cache simulator, version 7
---Written by Jan Edler and Mark D. Hill
---Copyright (C) 1997 NEC Research Institute, Inc. and Mark D. Hill.
---All rights reserved.
---Copyright (C) 1985, 1989 Mark D. Hill.  All rights reserved.
---See -copyright option for details

---Summary of options (-help option gives usage information).

-l1-isize 32768
-l1-dsize 32768
-l2-dsize 262144
-l3-dsize 1048576
-l1-ibsize 64
-l1-dbsize 64
-l2-dbsize 64
-l3-dbsize 64
-l1-isbsize 64
-l1-dsbsize 64
-l2-dsbsize 64
-l3-dsbsize 64
-l1-iassoc 8
-l1-dassoc 8
-l2-dassoc 8
-l3-dassoc 8
-l1-irepl l
-l1-drepl 2
-l2-drepl 2
-l3-drepl 2
-l1-ifetch d
-l1-dfetch d
-l2-dfetch d
-l3-dfetch d
-l1-dwalloc a
-l2-dwalloc a
-l3-dwalloc a
-l1-dwback a
-l2-dwback a
-l3-dwback a
-skipcount 0
-flushcount 0
-maxcount 0
-stat-interval 0
-informat s
-on-trigger 0x0
-off-trigger 0x0

---Simulation begins.
---Simulation complete.
l1-icache
 Metrics		      Total	      Instrn	       Data	       Read	      Write	       Misc
 -----------------	      ------	      ------	      ------	      ------	      ------	      ------
 Demand Fetches		  1999999990	  1999999990	           0	           0	           0	           0
  Fraction of total	      1.0000	      1.0000	      0.0000	      0.0000	      0.0000	      0.0000

 Demand Misses		          84	          84	           0	           0	           0	           0
  Demand miss rate	      0.0000	      0.0000	      0.0000	      0.0000	      0.0000	      0.0000

 Multi-block refs                 0
 Bytes From Memory	        5376
 ( / Demand Fetches)	      0.0000
 Bytes To Memory	           0
 ( / Demand Writes)	      0.0000
 Total Bytes r/w Mem	        5376
 ( / Demand Fetches)	      0.0000

l1-dcache
 Metrics		      Total	      Instrn	       Data	       Read	      Write	       Misc
 -----------------	      ------	      ------	      ------	      ------	      ------	      ------
 Demand Fetches		   825305552	           0	   825305552	   704964531	   120341021	           0
  Fraction of total	      1.0000	      0.0000	      1.0000	      0.8542	      0.1458	      0.0000

 Demand Misses		    32622881	           0	    32622881	    26083286	     6539595	           0
  Demand miss rate	      0.0395	      0.0000	      0.0395	      0.0370	      0.0543	      0.0000

 Multi-block refs                 0
 Bytes From Memory	  2087864384
 ( / Demand Fetches)	      2.5298
 Bytes To Memory	   731736704
 ( / Demand Writes)	      6.0805
 Total Bytes r/w Mem	  2819601088
 ( / Demand Fetches)	      3.4164

l2-dcache
 Metrics		      Total	      Instrn	       Data	       Read	      Write	       Misc
 -----------------	      ------	      ------	      ------	      ------	      ------	      ------
 Demand Fetches		    44056267	           0	    44056267	    32622881	    11433386	           0
  Fraction of total	      1.0000	      0.0000	      1.0000	      0.7405	      0.2595	      0.0000

 Demand Misses		    23762206	           0	    23762206	    23645456	      116750	           0
  Demand miss rate	      0.5394	      0.0000	      0.5394	      0.7248	      0.0102	      0.0000

 Multi-block refs                 0
 Bytes From Memory	  1513309184
 ( / Demand Fetches)	     34.3495
 Bytes To Memory	   506446336
 ( / Demand Writes)	     44.2954
 Total Bytes r/w Mem	  2019755520
 ( / Demand Fetches)	     45.8449

l3-dcache
 Metrics		      Total	      Instrn	       Data	       Read	      Write	       Misc
 -----------------	      ------	      ------	      ------	      ------	      ------	      ------
 Demand Fetches		    31558680	           0	    31558680	    23645456	     7913224	           0
  Fraction of total	      1.0000	      0.0000	      1.0000	      0.7493	      0.2507	      0.0000

 Demand Misses		     6838635	           0	     6838635	     6596279	      242356	           0
  Demand miss rate	      0.2167	      0.0000	      0.2167	      0.2790	      0.0306	      0.0000

 Multi-block refs                 0
 Bytes From Memory	   422161856
 ( / Demand Fetches)	     13.3770
 Bytes To Memory	   289712256
 ( / Demand Writes)	     36.6112
 Total Bytes r/w Mem	   711874112
 ( / Demand Fetches)	     22.5572

---Execution complete.
