tracename galgel_m2b
---Dinero IV cache simulator, version 7
---Written by Jan Edler and Mark D. Hill
---Copyright (C) 1997 NEC Research Institute, Inc. and Mark D. Hill.
---All rights reserved.
---Copyright (C) 1985, 1989 Mark D. Hill.  All rights reserved.
---See -copyright option for details

---Summary of options (-help option gives usage information).

-l1-isize 32768
-l1-dsize 32768
-l2-dsize 262144
-l3-dsize 2097152
-l1-ibsize 64
-l1-dbsize 64
-l2-dbsize 64
-l3-dbsize 64
-l1-isbsize 64
-l1-dsbsize 64
-l2-dsbsize 64
-l3-dsbsize 64
-l1-iassoc 8
-l1-dassoc 8
-l2-dassoc 8
-l3-dassoc 8
-l1-irepl l
-l1-drepl f
-l2-drepl f
-l3-drepl f
-l1-ifetch d
-l1-dfetch d
-l2-dfetch d
-l3-dfetch d
-l1-dwalloc a
-l2-dwalloc a
-l3-dwalloc a
-l1-dwback a
-l2-dwback a
-l3-dwback a
-skipcount 0
-flushcount 0
-maxcount 0
-stat-interval 0
-informat s
-on-trigger 0x0
-off-trigger 0x0

---Simulation begins.
---Simulation complete.
l1-icache
 Metrics		      Total	      Instrn	       Data	       Read	      Write	       Misc
 -----------------	      ------	      ------	      ------	      ------	      ------	      ------
 Demand Fetches		  1999999990	  1999999990	           0	           0	           0	           0
  Fraction of total	      1.0000	      1.0000	      0.0000	      0.0000	      0.0000	      0.0000

 Demand Misses		          84	          84	           0	           0	           0	           0
  Demand miss rate	      0.0000	      0.0000	      0.0000	      0.0000	      0.0000	      0.0000

 Multi-block refs                 0
 Bytes From Memory	        5376
 ( / Demand Fetches)	      0.0000
 Bytes To Memory	           0
 ( / Demand Writes)	      0.0000
 Total Bytes r/w Mem	        5376
 ( / Demand Fetches)	      0.0000

l1-dcache
 Metrics		      Total	      Instrn	       Data	       Read	      Write	       Misc
 -----------------	      ------	      ------	      ------	      ------	      ------	      ------
 Demand Fetches		   825305552	           0	   825305552	   704964531	   120341021	           0
  Fraction of total	      1.0000	      0.0000	      1.0000	      0.8542	      0.1458	      0.0000

 Demand Misses		    36553831	           0	    36553831	    29846480	     6707351	           0
  Demand miss rate	      0.0443	      0.0000	      0.0443	      0.0423	      0.0557	      0.0000

 Multi-block refs                 0
 Bytes From Memory	  2339445184
 ( / Demand Fetches)	      2.8346
 Bytes To Memory	   836628864
 ( / Demand Writes)	      6.9522
 Total Bytes r/w Mem	  3176074048
 ( / Demand Fetches)	      3.8484

l2-dcache
 Metrics		      Total	      Instrn	       Data	       Read	      Write	       Misc
 -----------------	      ------	      ------	      ------	      ------	      ------	      ------
 Demand Fetches		    49626157	           0	    49626157	    36553831	    13072326	           0
  Fraction of total	      1.0000	      0.0000	      1.0000	      0.7366	      0.2634	      0.0000

 Demand Misses		    24063265	           0	    24063265	    24053637	        9628	           0
  Demand miss rate	      0.4849	      0.0000	      0.4849	      0.6580	      0.0007	      0.0000

 Multi-block refs                 0
 Bytes From Memory	  1539432768
 ( / Demand Fetches)	     31.0206
 Bytes To Memory	   506682432
 ( / Demand Writes)	     38.7599
 Total Bytes r/w Mem	  2046115200
 ( / Demand Fetches)	     41.2306

l3-dcache
 Metrics		      Total	      Instrn	       Data	       Read	      Write	       Misc
 -----------------	      ------	      ------	      ------	      ------	      ------	      ------
 Demand Fetches		    31970550	           0	    31970550	    24053637	     7916913	           0
  Fraction of total	      1.0000	      0.0000	      1.0000	      0.7524	      0.2476	      0.0000

 Demand Misses		      192766	           0	      192766	      191605	        1161	           0
  Demand miss rate	      0.0060	      0.0000	      0.0060	      0.0080	      0.0001	      0.0000

 Multi-block refs                 0
 Bytes From Memory	    12262720
 ( / Demand Fetches)	      0.3836
 Bytes To Memory	     7284992
 ( / Demand Writes)	      0.9202
 Total Bytes r/w Mem	    19547712
 ( / Demand Fetches)	      0.6114

---Execution complete.
