tracename galgel_m2b
---Dinero IV cache simulator, version 7
---Written by Jan Edler and Mark D. Hill
---Copyright (C) 1997 NEC Research Institute, Inc. and Mark D. Hill.
---All rights reserved.
---Copyright (C) 1985, 1989 Mark D. Hill.  All rights reserved.
---See -copyright option for details

---Summary of options (-help option gives usage information).

-l1-isize 32768
-l1-dsize 32768
-l2-dsize 262144
-l3-dsize 33554432
-l1-ibsize 64
-l1-dbsize 64
-l2-dbsize 64
-l3-dbsize 64
-l1-isbsize 64
-l1-dsbsize 64
-l2-dsbsize 64
-l3-dsbsize 64
-l1-iassoc 8
-l1-dassoc 8
-l2-dassoc 8
-l3-dassoc 8
-l1-irepl l
-l1-drepl 2
-l2-drepl 2
-l3-drepl 2
-l1-ifetch d
-l1-dfetch d
-l2-dfetch d
-l3-dfetch d
-l1-dwalloc a
-l2-dwalloc a
-l3-dwalloc a
-l1-dwback a
-l2-dwback a
-l3-dwback a
-skipcount 0
-flushcount 0
-maxcount 0
-stat-interval 0
-informat s
-on-trigger 0x0
-off-trigger 0x0

---Simulation begins.
---Simulation complete.
l1-icache
 Metrics		      Total	      Instrn	       Data	       Read	      Write	       Misc
 -----------------	      ------	      ------	      ------	      ------	      ------	      ------
 Demand Fetches		  1999999990	  1999999990	           0	           0	           0	           0
  Fraction of total	      1.0000	      1.0000	      0.0000	      0.0000	      0.0000	      0.0000

 Demand Misses		          84	          84	           0	           0	           0	           0
  Demand miss rate	      0.0000	      0.0000	      0.0000	      0.0000	      0.0000	      0.0000

 Multi-block refs                 0
 Bytes From Memory	        5376
 ( / Demand Fetches)	      0.0000
 Bytes To Memory	           0
 ( / Demand Writes)	      0.0000
 Total Bytes r/w Mem	        5376
 ( / Demand Fetches)	      0.0000

l1-dcache
 Metrics		      Total	      Instrn	       Data	       Read	      Write	       Misc
 -----------------	      ------	      ------	      ------	      ------	      ------	      ------
 Demand Fetches		   825305552	           0	   825305552	   704964531	   120341021	           0
  Fraction of total	      1.0000	      0.0000	      1.0000	      0.8542	      0.1458	      0.0000

 Demand Misses		    32624368	           0	    32624368	    26084567	     6539801	           0
  Demand miss rate	      0.0395	      0.0000	      0.0395	      0.0370	      0.0543	      0.0000

 Multi-block refs                 0
 Bytes From Memory	  2087959552
 ( / Demand Fetches)	      2.5299
 Bytes To Memory	   731791232
 ( / Demand Writes)	      6.0810
 Total Bytes r/w Mem	  2819750784
 ( / Demand Fetches)	      3.4166

l2-dcache
 Metrics		      Total	      Instrn	       Data	       Read	      Write	       Misc
 -----------------	      ------	      ------	      ------	      ------	      ------	      ------
 Demand Fetches		    44058606	           0	    44058606	    32624368	    11434238	           0
  Fraction of total	      1.0000	      0.0000	      1.0000	      0.7405	      0.2595	      0.0000

 Demand Misses		    23762516	           0	    23762516	    23645759	      116757	           0
  Demand miss rate	      0.5393	      0.0000	      0.5393	      0.7248	      0.0102	      0.0000

 Multi-block refs                 0
 Bytes From Memory	  1513328576
 ( / Demand Fetches)	     34.3481
 Bytes To Memory	   506445952
 ( / Demand Writes)	     44.2921
 Total Bytes r/w Mem	  2019774528
 ( / Demand Fetches)	     45.8429

l3-dcache
 Metrics		      Total	      Instrn	       Data	       Read	      Write	       Misc
 -----------------	      ------	      ------	      ------	      ------	      ------	      ------
 Demand Fetches		    31558977	           0	    31558977	    23645759	     7913218	           0
  Fraction of total	      1.0000	      0.0000	      1.0000	      0.7493	      0.2507	      0.0000

 Demand Misses		      125344	           0	      125344	      125344	           0	           0
  Demand miss rate	      0.0040	      0.0000	      0.0040	      0.0053	      0.0000	      0.0000

 Multi-block refs                 0
 Bytes From Memory	     8022016
 ( / Demand Fetches)	      0.2542
 Bytes To Memory	     3503104
 ( / Demand Writes)	      0.4427
 Total Bytes r/w Mem	    11525120
 ( / Demand Fetches)	      0.3652

---Execution complete.
