tracename art_m2b
---Dinero IV cache simulator, version 7
---Written by Jan Edler and Mark D. Hill
---Copyright (C) 1997 NEC Research Institute, Inc. and Mark D. Hill.
---All rights reserved.
---Copyright (C) 1985, 1989 Mark D. Hill.  All rights reserved.
---See -copyright option for details

---Summary of options (-help option gives usage information).

-l1-isize 32768
-l1-dsize 32768
-l2-dsize 262144
-l3-dsize 4194304
-l1-ibsize 64
-l1-dbsize 64
-l2-dbsize 64
-l3-dbsize 64
-l1-isbsize 64
-l1-dsbsize 64
-l2-dsbsize 64
-l3-dsbsize 64
-l1-iassoc 8
-l1-dassoc 8
-l2-dassoc 8
-l3-dassoc 8
-l1-irepl l
-l1-drepl c
-l2-drepl c
-l3-drepl c
-l1-ifetch d
-l1-dfetch d
-l2-dfetch d
-l3-dfetch d
-l1-dwalloc a
-l2-dwalloc a
-l3-dwalloc a
-l1-dwback a
-l2-dwback a
-l3-dwback a
-skipcount 0
-flushcount 0
-maxcount 0
-stat-interval 0
-informat s
-on-trigger 0x0
-off-trigger 0x0

---Simulation begins.
---Simulation complete.
l1-icache
 Metrics		      Total	      Instrn	       Data	       Read	      Write	       Misc
 -----------------	      ------	      ------	      ------	      ------	      ------	      ------
 Demand Fetches		  1999999864	  1999999864	           0	           0	           0	           0
  Fraction of total	      1.0000	      1.0000	      0.0000	      0.0000	      0.0000	      0.0000

 Demand Misses		         374	         374	           0	           0	           0	           0
  Demand miss rate	      0.0000	      0.0000	      0.0000	      0.0000	      0.0000	      0.0000

 Multi-block refs                 0
 Bytes From Memory	       23936
 ( / Demand Fetches)	      0.0000
 Bytes To Memory	           0
 ( / Demand Writes)	      0.0000
 Total Bytes r/w Mem	       23936
 ( / Demand Fetches)	      0.0000

l1-dcache
 Metrics		      Total	      Instrn	       Data	       Read	      Write	       Misc
 -----------------	      ------	      ------	      ------	      ------	      ------	      ------
 Demand Fetches		   682430992	           0	   682430992	   525980123	   156450869	           0
  Fraction of total	      1.0000	      0.0000	      1.0000	      0.7707	      0.2293	      0.0000

 Demand Misses		   224225056	           0	   224225056	   224012480	      212576	           0
  Demand miss rate	      0.3286	      0.0000	      0.3286	      0.4259	      0.0014	      0.0000

 Multi-block refs             11423
 Bytes From Memory	 14350403584
 ( / Demand Fetches)	     21.0284
 Bytes To Memory	  4142443776
 ( / Demand Writes)	     26.4776
 Total Bytes r/w Mem	 18492847360
 ( / Demand Fetches)	     27.0985

l2-dcache
 Metrics		      Total	      Instrn	       Data	       Read	      Write	       Misc
 -----------------	      ------	      ------	      ------	      ------	      ------	      ------
 Demand Fetches		   288950740	           0	   288950740	   224225056	    64725684	           0
  Fraction of total	      1.0000	      0.0000	      1.0000	      0.7760	      0.2240	      0.0000

 Demand Misses		   224212800	           0	   224212800	   222606972	     1605828	           0
  Demand miss rate	      0.7760	      0.0000	      0.7760	      0.9928	      0.0248	      0.0000

 Multi-block refs                 0
 Bytes From Memory	 14246846208
 ( / Demand Fetches)	     49.3054
 Bytes To Memory	  4098344960
 ( / Demand Writes)	     63.3187
 Total Bytes r/w Mem	 18345191168
 ( / Demand Fetches)	     63.4890

l3-dcache
 Metrics		      Total	      Instrn	       Data	       Read	      Write	       Misc
 -----------------	      ------	      ------	      ------	      ------	      ------	      ------
 Demand Fetches		   286643612	           0	   286643612	   222606972	    64036640	           0
  Fraction of total	      1.0000	      0.0000	      1.0000	      0.7766	      0.2234	      0.0000

 Demand Misses		       48032	           0	       48032	       48032	           0	           0
  Demand miss rate	      0.0002	      0.0000	      0.0002	      0.0002	      0.0000	      0.0000

 Multi-block refs                 0
 Bytes From Memory	     3074048
 ( / Demand Fetches)	      0.0107
 Bytes To Memory	      962688
 ( / Demand Writes)	      0.0150
 Total Bytes r/w Mem	     4036736
 ( / Demand Fetches)	      0.0141

---Execution complete.
