tracename art_m2b
---Dinero IV cache simulator, version 7
---Written by Jan Edler and Mark D. Hill
---Copyright (C) 1997 NEC Research Institute, Inc. and Mark D. Hill.
---All rights reserved.
---Copyright (C) 1985, 1989 Mark D. Hill.  All rights reserved.
---See -copyright option for details

---Summary of options (-help option gives usage information).

-l1-isize 32768
-l1-dsize 32768
-l2-dsize 262144
-l3-dsize 2097152
-l1-ibsize 64
-l1-dbsize 64
-l2-dbsize 64
-l3-dbsize 64
-l1-isbsize 64
-l1-dsbsize 64
-l2-dsbsize 64
-l3-dsbsize 64
-l1-iassoc 8
-l1-dassoc 8
-l2-dassoc 8
-l3-dassoc 8
-l1-irepl l
-l1-drepl b
-l2-drepl b
-l3-drepl b
-l1-ifetch d
-l1-dfetch d
-l2-dfetch d
-l3-dfetch d
-l1-dwalloc a
-l2-dwalloc a
-l3-dwalloc a
-l1-dwback a
-l2-dwback a
-l3-dwback a
-skipcount 0
-flushcount 0
-maxcount 0
-stat-interval 0
-informat s
-on-trigger 0x0
-off-trigger 0x0

---Simulation begins.
---Simulation complete.
l1-icache
 Metrics		      Total	      Instrn	       Data	       Read	      Write	       Misc
 -----------------	      ------	      ------	      ------	      ------	      ------	      ------
 Demand Fetches		  1999999864	  1999999864	           0	           0	           0	           0
  Fraction of total	      1.0000	      1.0000	      0.0000	      0.0000	      0.0000	      0.0000

 Demand Misses		         374	         374	           0	           0	           0	           0
  Demand miss rate	      0.0000	      0.0000	      0.0000	      0.0000	      0.0000	      0.0000

 Multi-block refs                 0
 Bytes From Memory	       23936
 ( / Demand Fetches)	      0.0000
 Bytes To Memory	           0
 ( / Demand Writes)	      0.0000
 Total Bytes r/w Mem	       23936
 ( / Demand Fetches)	      0.0000

l1-dcache
 Metrics		      Total	      Instrn	       Data	       Read	      Write	       Misc
 -----------------	      ------	      ------	      ------	      ------	      ------	      ------
 Demand Fetches		   682430992	           0	   682430992	   525980123	   156450869	           0
  Fraction of total	      1.0000	      0.0000	      1.0000	      0.7707	      0.2293	      0.0000

 Demand Misses		   224618676	           0	   224618676	   224375315	      243361	           0
  Demand miss rate	      0.3291	      0.0000	      0.3291	      0.4266	      0.0016	      0.0000

 Multi-block refs             11423
 Bytes From Memory	 14375595264
 ( / Demand Fetches)	     21.0653
 Bytes To Memory	  4144791488
 ( / Demand Writes)	     26.4926
 Total Bytes r/w Mem	 18520386752
 ( / Demand Fetches)	     27.1388

l2-dcache
 Metrics		      Total	      Instrn	       Data	       Read	      Write	       Misc
 -----------------	      ------	      ------	      ------	      ------	      ------	      ------
 Demand Fetches		   289381043	           0	   289381043	   224618676	    64762367	           0
  Fraction of total	      1.0000	      0.0000	      1.0000	      0.7762	      0.2238	      0.0000

 Demand Misses		   224103024	           0	   224103024	   221700439	     2402585	           0
  Demand miss rate	      0.7744	      0.0000	      0.7744	      0.9870	      0.0371	      0.0000

 Multi-block refs                 0
 Bytes From Memory	 14188828096
 ( / Demand Fetches)	     49.0316
 Bytes To Memory	  4052884160
 ( / Demand Writes)	     62.5809
 Total Bytes r/w Mem	 18241712256
 ( / Demand Fetches)	     63.0370

l3-dcache
 Metrics		      Total	      Instrn	       Data	       Read	      Write	       Misc
 -----------------	      ------	      ------	      ------	      ------	      ------	      ------
 Demand Fetches		   285026754	           0	   285026754	   221700439	    63326315	           0
  Fraction of total	      1.0000	      0.0000	      1.0000	      0.7778	      0.2222	      0.0000

 Demand Misses		    28113677	           0	    28113677	    27688172	      425505	           0
  Demand miss rate	      0.0986	      0.0000	      0.0986	      0.1249	      0.0067	      0.0000

 Multi-block refs                 0
 Bytes From Memory	  1772043008
 ( / Demand Fetches)	      6.2171
 Bytes To Memory	   300568512
 ( / Demand Writes)	      4.7463
 Total Bytes r/w Mem	  2072611520
 ( / Demand Fetches)	      7.2716

---Execution complete.
