tracename art_m2b
---Dinero IV cache simulator, version 7
---Written by Jan Edler and Mark D. Hill
---Copyright (C) 1997 NEC Research Institute, Inc. and Mark D. Hill.
---All rights reserved.
---Copyright (C) 1985, 1989 Mark D. Hill.  All rights reserved.
---See -copyright option for details

---Summary of options (-help option gives usage information).

-l1-isize 32768
-l1-dsize 32768
-l2-dsize 262144
-l3-dsize 2097152
-l1-ibsize 64
-l1-dbsize 64
-l2-dbsize 64
-l3-dbsize 64
-l1-isbsize 64
-l1-dsbsize 64
-l2-dsbsize 64
-l3-dsbsize 64
-l1-iassoc 8
-l1-dassoc 8
-l2-dassoc 8
-l3-dassoc 8
-l1-irepl l
-l1-drepl 2
-l2-drepl 2
-l3-drepl 2
-l1-ifetch d
-l1-dfetch d
-l2-dfetch d
-l3-dfetch d
-l1-dwalloc a
-l2-dwalloc a
-l3-dwalloc a
-l1-dwback a
-l2-dwback a
-l3-dwback a
-skipcount 0
-flushcount 0
-maxcount 0
-stat-interval 0
-informat s
-on-trigger 0x0
-off-trigger 0x0

---Simulation begins.
---Simulation complete.
l1-icache
 Metrics		      Total	      Instrn	       Data	       Read	      Write	       Misc
 -----------------	      ------	      ------	      ------	      ------	      ------	      ------
 Demand Fetches		  1999999864	  1999999864	           0	           0	           0	           0
  Fraction of total	      1.0000	      1.0000	      0.0000	      0.0000	      0.0000	      0.0000

 Demand Misses		         374	         374	           0	           0	           0	           0
  Demand miss rate	      0.0000	      0.0000	      0.0000	      0.0000	      0.0000	      0.0000

 Multi-block refs                 0
 Bytes From Memory	       23936
 ( / Demand Fetches)	      0.0000
 Bytes To Memory	           0
 ( / Demand Writes)	      0.0000
 Total Bytes r/w Mem	       23936
 ( / Demand Fetches)	      0.0000

l1-dcache
 Metrics		      Total	      Instrn	       Data	       Read	      Write	       Misc
 -----------------	      ------	      ------	      ------	      ------	      ------	      ------
 Demand Fetches		   682430992	           0	   682430992	   525980123	   156450869	           0
  Fraction of total	      1.0000	      0.0000	      1.0000	      0.7707	      0.2293	      0.0000

 Demand Misses		   223433446	           0	   223433446	   223290874	      142572	           0
  Demand miss rate	      0.3274	      0.0000	      0.3274	      0.4245	      0.0009	      0.0000

 Multi-block refs             11423
 Bytes From Memory	 14299740544
 ( / Demand Fetches)	     20.9541
 Bytes To Memory	  4137133760
 ( / Demand Writes)	     26.4437
 Total Bytes r/w Mem	 18436874304
 ( / Demand Fetches)	     27.0165

l2-dcache
 Metrics		      Total	      Instrn	       Data	       Read	      Write	       Misc
 -----------------	      ------	      ------	      ------	      ------	      ------	      ------
 Demand Fetches		   288076161	           0	   288076161	   223433446	    64642715	           0
  Fraction of total	      1.0000	      0.0000	      1.0000	      0.7756	      0.2244	      0.0000

 Demand Misses		   223215609	           0	   223215609	   222541445	      674164	           0
  Demand miss rate	      0.7748	      0.0000	      0.7748	      0.9960	      0.0104	      0.0000

 Multi-block refs                 0
 Bytes From Memory	 14242652480
 ( / Demand Fetches)	     49.4406
 Bytes To Memory	  4093641664
 ( / Demand Writes)	     63.3272
 Total Bytes r/w Mem	 18336294144
 ( / Demand Fetches)	     63.6509

l3-dcache
 Metrics		      Total	      Instrn	       Data	       Read	      Write	       Misc
 -----------------	      ------	      ------	      ------	      ------	      ------	      ------
 Demand Fetches		   286504596	           0	   286504596	   222541445	    63963151	           0
  Fraction of total	      1.0000	      0.0000	      1.0000	      0.7767	      0.2233	      0.0000

 Demand Misses		    26248062	           0	    26248062	    26131698	      116364	           0
  Demand miss rate	      0.0916	      0.0000	      0.0916	      0.1174	      0.0018	      0.0000

 Multi-block refs                 0
 Bytes From Memory	  1672428672
 ( / Demand Fetches)	      5.8374
 Bytes To Memory	   191737792
 ( / Demand Writes)	      2.9976
 Total Bytes r/w Mem	  1864166464
 ( / Demand Fetches)	      6.5066

---Execution complete.
