tracename art_m2b
---Dinero IV cache simulator, version 7
---Written by Jan Edler and Mark D. Hill
---Copyright (C) 1997 NEC Research Institute, Inc. and Mark D. Hill.
---All rights reserved.
---Copyright (C) 1985, 1989 Mark D. Hill.  All rights reserved.
---See -copyright option for details

---Summary of options (-help option gives usage information).

-l1-isize 32768
-l1-dsize 32768
-l2-dsize 262144
-l3-dsize 1048576
-l1-ibsize 64
-l1-dbsize 64
-l2-dbsize 64
-l3-dbsize 64
-l1-isbsize 64
-l1-dsbsize 64
-l2-dsbsize 64
-l3-dsbsize 64
-l1-iassoc 8
-l1-dassoc 8
-l2-dassoc 8
-l3-dassoc 8
-l1-irepl l
-l1-drepl f
-l2-drepl f
-l3-drepl f
-l1-ifetch d
-l1-dfetch d
-l2-dfetch d
-l3-dfetch d
-l1-dwalloc a
-l2-dwalloc a
-l3-dwalloc a
-l1-dwback a
-l2-dwback a
-l3-dwback a
-skipcount 0
-flushcount 0
-maxcount 0
-stat-interval 0
-informat s
-on-trigger 0x0
-off-trigger 0x0

---Simulation begins.
---Simulation complete.
l1-icache
 Metrics		      Total	      Instrn	       Data	       Read	      Write	       Misc
 -----------------	      ------	      ------	      ------	      ------	      ------	      ------
 Demand Fetches		  1999999864	  1999999864	           0	           0	           0	           0
  Fraction of total	      1.0000	      1.0000	      0.0000	      0.0000	      0.0000	      0.0000

 Demand Misses		         374	         374	           0	           0	           0	           0
  Demand miss rate	      0.0000	      0.0000	      0.0000	      0.0000	      0.0000	      0.0000

 Multi-block refs                 0
 Bytes From Memory	       23936
 ( / Demand Fetches)	      0.0000
 Bytes To Memory	           0
 ( / Demand Writes)	      0.0000
 Total Bytes r/w Mem	       23936
 ( / Demand Fetches)	      0.0000

l1-dcache
 Metrics		      Total	      Instrn	       Data	       Read	      Write	       Misc
 -----------------	      ------	      ------	      ------	      ------	      ------	      ------
 Demand Fetches		   682430992	           0	   682430992	   525980123	   156450869	           0
  Fraction of total	      1.0000	      0.0000	      1.0000	      0.7707	      0.2293	      0.0000

 Demand Misses		   223701932	           0	   223701932	   223314522	      387410	           0
  Demand miss rate	      0.3278	      0.0000	      0.3278	      0.4246	      0.0025	      0.0000

 Multi-block refs             11423
 Bytes From Memory	 14316923648
 ( / Demand Fetches)	     20.9793
 Bytes To Memory	  4156062464
 ( / Demand Writes)	     26.5646
 Total Bytes r/w Mem	 18472986112
 ( / Demand Fetches)	     27.0694

l2-dcache
 Metrics		      Total	      Instrn	       Data	       Read	      Write	       Misc
 -----------------	      ------	      ------	      ------	      ------	      ------	      ------
 Demand Fetches		   288640408	           0	   288640408	   223701932	    64938476	           0
  Fraction of total	      1.0000	      0.0000	      1.0000	      0.7750	      0.2250	      0.0000

 Demand Misses		   223376143	           0	   223376143	   223340385	       35758	           0
  Demand miss rate	      0.7739	      0.0000	      0.7739	      0.9984	      0.0006	      0.0000

 Multi-block refs                 0
 Bytes From Memory	 14293784640
 ( / Demand Fetches)	     49.5211
 Bytes To Memory	  4139370880
 ( / Demand Writes)	     63.7430
 Total Bytes r/w Mem	 18433155520
 ( / Demand Fetches)	     63.8620

l3-dcache
 Metrics		      Total	      Instrn	       Data	       Read	      Write	       Misc
 -----------------	      ------	      ------	      ------	      ------	      ------	      ------
 Demand Fetches		   288018055	           0	   288018055	   223340385	    64677670	           0
  Fraction of total	      1.0000	      0.0000	      1.0000	      0.7754	      0.2246	      0.0000

 Demand Misses		   129456045	           0	   129456045	   126365469	     3090576	           0
  Demand miss rate	      0.4495	      0.0000	      0.4495	      0.5658	      0.0478	      0.0000

 Multi-block refs                 0
 Bytes From Memory	  8087390016
 ( / Demand Fetches)	     28.0795
 Bytes To Memory	  1292121088
 ( / Demand Writes)	     19.9779
 Total Bytes r/w Mem	  9379511104
 ( / Demand Fetches)	     32.5657

---Execution complete.
