tracename art_m2b
---Dinero IV cache simulator, version 7
---Written by Jan Edler and Mark D. Hill
---Copyright (C) 1997 NEC Research Institute, Inc. and Mark D. Hill.
---All rights reserved.
---Copyright (C) 1985, 1989 Mark D. Hill.  All rights reserved.
---See -copyright option for details

---Summary of options (-help option gives usage information).

-l1-isize 32768
-l1-dsize 32768
-l2-dsize 262144
-l3-dsize 1048576
-l1-ibsize 64
-l1-dbsize 64
-l2-dbsize 64
-l3-dbsize 64
-l1-isbsize 64
-l1-dsbsize 64
-l2-dsbsize 64
-l3-dsbsize 64
-l1-iassoc 8
-l1-dassoc 8
-l2-dassoc 8
-l3-dassoc 8
-l1-irepl l
-l1-drepl 2
-l2-drepl 2
-l3-drepl 2
-l1-ifetch d
-l1-dfetch d
-l2-dfetch d
-l3-dfetch d
-l1-dwalloc a
-l2-dwalloc a
-l3-dwalloc a
-l1-dwback a
-l2-dwback a
-l3-dwback a
-skipcount 0
-flushcount 0
-maxcount 0
-stat-interval 0
-informat s
-on-trigger 0x0
-off-trigger 0x0

---Simulation begins.
---Simulation complete.
l1-icache
 Metrics		      Total	      Instrn	       Data	       Read	      Write	       Misc
 -----------------	      ------	      ------	      ------	      ------	      ------	      ------
 Demand Fetches		  1999999864	  1999999864	           0	           0	           0	           0
  Fraction of total	      1.0000	      1.0000	      0.0000	      0.0000	      0.0000	      0.0000

 Demand Misses		         374	         374	           0	           0	           0	           0
  Demand miss rate	      0.0000	      0.0000	      0.0000	      0.0000	      0.0000	      0.0000

 Multi-block refs                 0
 Bytes From Memory	       23936
 ( / Demand Fetches)	      0.0000
 Bytes To Memory	           0
 ( / Demand Writes)	      0.0000
 Total Bytes r/w Mem	       23936
 ( / Demand Fetches)	      0.0000

l1-dcache
 Metrics		      Total	      Instrn	       Data	       Read	      Write	       Misc
 -----------------	      ------	      ------	      ------	      ------	      ------	      ------
 Demand Fetches		   682430992	           0	   682430992	   525980123	   156450869	           0
  Fraction of total	      1.0000	      0.0000	      1.0000	      0.7707	      0.2293	      0.0000

 Demand Misses		   223433655	           0	   223433655	   223290995	      142660	           0
  Demand miss rate	      0.3274	      0.0000	      0.3274	      0.4245	      0.0009	      0.0000

 Multi-block refs             11423
 Bytes From Memory	 14299753920
 ( / Demand Fetches)	     20.9541
 Bytes To Memory	  4137139136
 ( / Demand Writes)	     26.4437
 Total Bytes r/w Mem	 18436893056
 ( / Demand Fetches)	     27.0165

l2-dcache
 Metrics		      Total	      Instrn	       Data	       Read	      Write	       Misc
 -----------------	      ------	      ------	      ------	      ------	      ------	      ------
 Demand Fetches		   288076454	           0	   288076454	   223433655	    64642799	           0
  Fraction of total	      1.0000	      0.0000	      1.0000	      0.7756	      0.2244	      0.0000

 Demand Misses		   223212947	           0	   223212947	   222539626	      673321	           0
  Demand miss rate	      0.7748	      0.0000	      0.7748	      0.9960	      0.0104	      0.0000

 Multi-block refs                 0
 Bytes From Memory	 14242536064
 ( / Demand Fetches)	     49.4401
 Bytes To Memory	  4093519296
 ( / Demand Writes)	     63.3252
 Total Bytes r/w Mem	 18336055360
 ( / Demand Fetches)	     63.6500

l3-dcache
 Metrics		      Total	      Instrn	       Data	       Read	      Write	       Misc
 -----------------	      ------	      ------	      ------	      ------	      ------	      ------
 Demand Fetches		   286500865	           0	   286500865	   222539626	    63961239	           0
  Fraction of total	      1.0000	      0.0000	      1.0000	      0.7768	      0.2232	      0.0000

 Demand Misses		   118296467	           0	   118296467	   116911089	     1385378	           0
  Demand miss rate	      0.4129	      0.0000	      0.4129	      0.5253	      0.0217	      0.0000

 Multi-block refs                 0
 Bytes From Memory	  7482309696
 ( / Demand Fetches)	     26.1162
 Bytes To Memory	  1060908800
 ( / Demand Writes)	     16.5867
 Total Bytes r/w Mem	  8543218496
 ( / Demand Fetches)	     29.8192

---Execution complete.
