tracename art_m2b
---Dinero IV cache simulator, version 7
---Written by Jan Edler and Mark D. Hill
---Copyright (C) 1997 NEC Research Institute, Inc. and Mark D. Hill.
---All rights reserved.
---Copyright (C) 1985, 1989 Mark D. Hill.  All rights reserved.
---See -copyright option for details

---Summary of options (-help option gives usage information).

-l1-isize 32768
-l1-dsize 32768
-l2-dsize 262144
-l3-dsize 1048576
-l1-ibsize 64
-l1-dbsize 64
-l2-dbsize 64
-l3-dbsize 64
-l1-isbsize 64
-l1-dsbsize 64
-l2-dsbsize 64
-l3-dsbsize 64
-l1-iassoc 8
-l1-dassoc 8
-l2-dassoc 8
-l3-dassoc 8
-l1-irepl l
-l1-drepl b
-l2-drepl b
-l3-drepl b
-l1-ifetch d
-l1-dfetch d
-l2-dfetch d
-l3-dfetch d
-l1-dwalloc a
-l2-dwalloc a
-l3-dwalloc a
-l1-dwback a
-l2-dwback a
-l3-dwback a
-skipcount 0
-flushcount 0
-maxcount 0
-stat-interval 0
-informat s
-on-trigger 0x0
-off-trigger 0x0

---Simulation begins.
---Simulation complete.
l1-icache
 Metrics		      Total	      Instrn	       Data	       Read	      Write	       Misc
 -----------------	      ------	      ------	      ------	      ------	      ------	      ------
 Demand Fetches		  1999999864	  1999999864	           0	           0	           0	           0
  Fraction of total	      1.0000	      1.0000	      0.0000	      0.0000	      0.0000	      0.0000

 Demand Misses		         374	         374	           0	           0	           0	           0
  Demand miss rate	      0.0000	      0.0000	      0.0000	      0.0000	      0.0000	      0.0000

 Multi-block refs                 0
 Bytes From Memory	       23936
 ( / Demand Fetches)	      0.0000
 Bytes To Memory	           0
 ( / Demand Writes)	      0.0000
 Total Bytes r/w Mem	       23936
 ( / Demand Fetches)	      0.0000

l1-dcache
 Metrics		      Total	      Instrn	       Data	       Read	      Write	       Misc
 -----------------	      ------	      ------	      ------	      ------	      ------	      ------
 Demand Fetches		   682430992	           0	   682430992	   525980123	   156450869	           0
  Fraction of total	      1.0000	      0.0000	      1.0000	      0.7707	      0.2293	      0.0000

 Demand Misses		   224618343	           0	   224618343	   224374679	      243664	           0
  Demand miss rate	      0.3291	      0.0000	      0.3291	      0.4266	      0.0016	      0.0000

 Multi-block refs             11423
 Bytes From Memory	 14375573952
 ( / Demand Fetches)	     21.0652
 Bytes To Memory	  4144792512
 ( / Demand Writes)	     26.4926
 Total Bytes r/w Mem	 18520366464
 ( / Demand Fetches)	     27.1388

l2-dcache
 Metrics		      Total	      Instrn	       Data	       Read	      Write	       Misc
 -----------------	      ------	      ------	      ------	      ------	      ------	      ------
 Demand Fetches		   289380726	           0	   289380726	   224618343	    64762383	           0
  Fraction of total	      1.0000	      0.0000	      1.0000	      0.7762	      0.2238	      0.0000

 Demand Misses		   224108255	           0	   224108255	   221702416	     2405839	           0
  Demand miss rate	      0.7744	      0.0000	      0.7744	      0.9870	      0.0371	      0.0000

 Multi-block refs                 0
 Bytes From Memory	 14188954624
 ( / Demand Fetches)	     49.0321
 Bytes To Memory	  4053025728
 ( / Demand Writes)	     62.5830
 Total Bytes r/w Mem	 18241980352
 ( / Demand Fetches)	     63.0380

l3-dcache
 Metrics		      Total	      Instrn	       Data	       Read	      Write	       Misc
 -----------------	      ------	      ------	      ------	      ------	      ------	      ------
 Demand Fetches		   285030943	           0	   285030943	   221702416	    63328527	           0
  Fraction of total	      1.0000	      0.0000	      1.0000	      0.7778	      0.2222	      0.0000

 Demand Misses		   113141371	           0	   113141371	   110681787	     2459584	           0
  Demand miss rate	      0.3969	      0.0000	      0.3969	      0.4992	      0.0388	      0.0000

 Multi-block refs                 0
 Bytes From Memory	  7083634368
 ( / Demand Fetches)	     24.8522
 Bytes To Memory	  1138989824
 ( / Demand Writes)	     17.9854
 Total Bytes r/w Mem	  8222624192
 ( / Demand Fetches)	     28.8482

---Execution complete.
