tracename art_m2b
---Dinero IV cache simulator, version 7
---Written by Jan Edler and Mark D. Hill
---Copyright (C) 1997 NEC Research Institute, Inc. and Mark D. Hill.
---All rights reserved.
---Copyright (C) 1985, 1989 Mark D. Hill.  All rights reserved.
---See -copyright option for details

---Summary of options (-help option gives usage information).

-l1-isize 32768
-l1-dsize 32768
-l2-dsize 262144
-l3-dsize 524288
-l1-ibsize 64
-l1-dbsize 64
-l2-dbsize 64
-l3-dbsize 64
-l1-isbsize 64
-l1-dsbsize 64
-l2-dsbsize 64
-l3-dsbsize 64
-l1-iassoc 8
-l1-dassoc 8
-l2-dassoc 8
-l3-dassoc 8
-l1-irepl l
-l1-drepl 2
-l2-drepl 2
-l3-drepl 2
-l1-ifetch d
-l1-dfetch d
-l2-dfetch d
-l3-dfetch d
-l1-dwalloc a
-l2-dwalloc a
-l3-dwalloc a
-l1-dwback a
-l2-dwback a
-l3-dwback a
-skipcount 0
-flushcount 0
-maxcount 0
-stat-interval 0
-informat s
-on-trigger 0x0
-off-trigger 0x0

---Simulation begins.
---Simulation complete.
l1-icache
 Metrics		      Total	      Instrn	       Data	       Read	      Write	       Misc
 -----------------	      ------	      ------	      ------	      ------	      ------	      ------
 Demand Fetches		  1999999864	  1999999864	           0	           0	           0	           0
  Fraction of total	      1.0000	      1.0000	      0.0000	      0.0000	      0.0000	      0.0000

 Demand Misses		         374	         374	           0	           0	           0	           0
  Demand miss rate	      0.0000	      0.0000	      0.0000	      0.0000	      0.0000	      0.0000

 Multi-block refs                 0
 Bytes From Memory	       23936
 ( / Demand Fetches)	      0.0000
 Bytes To Memory	           0
 ( / Demand Writes)	      0.0000
 Total Bytes r/w Mem	       23936
 ( / Demand Fetches)	      0.0000

l1-dcache
 Metrics		      Total	      Instrn	       Data	       Read	      Write	       Misc
 -----------------	      ------	      ------	      ------	      ------	      ------	      ------
 Demand Fetches		   682430992	           0	   682430992	   525980123	   156450869	           0
  Fraction of total	      1.0000	      0.0000	      1.0000	      0.7707	      0.2293	      0.0000

 Demand Misses		   223433851	           0	   223433851	   223291224	      142627	           0
  Demand miss rate	      0.3274	      0.0000	      0.3274	      0.4245	      0.0009	      0.0000

 Multi-block refs             11423
 Bytes From Memory	 14299766464
 ( / Demand Fetches)	     20.9542
 Bytes To Memory	  4137136576
 ( / Demand Writes)	     26.4437
 Total Bytes r/w Mem	 18436903040
 ( / Demand Fetches)	     27.0165

l2-dcache
 Metrics		      Total	      Instrn	       Data	       Read	      Write	       Misc
 -----------------	      ------	      ------	      ------	      ------	      ------	      ------
 Demand Fetches		   288076610	           0	   288076610	   223433851	    64642759	           0
  Fraction of total	      1.0000	      0.0000	      1.0000	      0.7756	      0.2244	      0.0000

 Demand Misses		   223213988	           0	   223213988	   222539871	      674117	           0
  Demand miss rate	      0.7748	      0.0000	      0.7748	      0.9960	      0.0104	      0.0000

 Multi-block refs                 0
 Bytes From Memory	 14242551744
 ( / Demand Fetches)	     49.4402
 Bytes To Memory	  4093542016
 ( / Demand Writes)	     63.3256
 Total Bytes r/w Mem	 18336093760
 ( / Demand Fetches)	     63.6501

l3-dcache
 Metrics		      Total	      Instrn	       Data	       Read	      Write	       Misc
 -----------------	      ------	      ------	      ------	      ------	      ------	      ------
 Demand Fetches		   286501465	           0	   286501465	   222539871	    63961594	           0
  Fraction of total	      1.0000	      0.0000	      1.0000	      0.7767	      0.2233	      0.0000

 Demand Misses		   216336868	           0	   216336868	   196462514	    19874354	           0
  Demand miss rate	      0.7551	      0.0000	      0.7551	      0.8828	      0.3107	      0.0000

 Multi-block refs                 0
 Bytes From Memory	 12573600896
 ( / Demand Fetches)	     43.8867
 Bytes To Memory	  3155340864
 ( / Demand Writes)	     49.3318
 Total Bytes r/w Mem	 15728941760
 ( / Demand Fetches)	     54.9000

---Execution complete.
