tracename art_m2b
---Dinero IV cache simulator, version 7
---Written by Jan Edler and Mark D. Hill
---Copyright (C) 1997 NEC Research Institute, Inc. and Mark D. Hill.
---All rights reserved.
---Copyright (C) 1985, 1989 Mark D. Hill.  All rights reserved.
---See -copyright option for details

---Summary of options (-help option gives usage information).

-l1-isize 32768
-l1-dsize 32768
-l2-dsize 262144
-l3-dsize 33554432
-l1-ibsize 64
-l1-dbsize 64
-l2-dbsize 64
-l3-dbsize 64
-l1-isbsize 64
-l1-dsbsize 64
-l2-dsbsize 64
-l3-dsbsize 64
-l1-iassoc 8
-l1-dassoc 8
-l2-dassoc 8
-l3-dassoc 8
-l1-irepl l
-l1-drepl b
-l2-drepl b
-l3-drepl b
-l1-ifetch d
-l1-dfetch d
-l2-dfetch d
-l3-dfetch d
-l1-dwalloc a
-l2-dwalloc a
-l3-dwalloc a
-l1-dwback a
-l2-dwback a
-l3-dwback a
-skipcount 0
-flushcount 0
-maxcount 0
-stat-interval 0
-informat s
-on-trigger 0x0
-off-trigger 0x0

---Simulation begins.
---Simulation complete.
l1-icache
 Metrics		      Total	      Instrn	       Data	       Read	      Write	       Misc
 -----------------	      ------	      ------	      ------	      ------	      ------	      ------
 Demand Fetches		  1999999864	  1999999864	           0	           0	           0	           0
  Fraction of total	      1.0000	      1.0000	      0.0000	      0.0000	      0.0000	      0.0000

 Demand Misses		         374	         374	           0	           0	           0	           0
  Demand miss rate	      0.0000	      0.0000	      0.0000	      0.0000	      0.0000	      0.0000

 Multi-block refs                 0
 Bytes From Memory	       23936
 ( / Demand Fetches)	      0.0000
 Bytes To Memory	           0
 ( / Demand Writes)	      0.0000
 Total Bytes r/w Mem	       23936
 ( / Demand Fetches)	      0.0000

l1-dcache
 Metrics		      Total	      Instrn	       Data	       Read	      Write	       Misc
 -----------------	      ------	      ------	      ------	      ------	      ------	      ------
 Demand Fetches		   682430992	           0	   682430992	   525980123	   156450869	           0
  Fraction of total	      1.0000	      0.0000	      1.0000	      0.7707	      0.2293	      0.0000

 Demand Misses		   224620310	           0	   224620310	   224376922	      243388	           0
  Demand miss rate	      0.3291	      0.0000	      0.3291	      0.4266	      0.0016	      0.0000

 Multi-block refs             11423
 Bytes From Memory	 14375699840
 ( / Demand Fetches)	     21.0654
 Bytes To Memory	  4144782272
 ( / Demand Writes)	     26.4925
 Total Bytes r/w Mem	 18520482112
 ( / Demand Fetches)	     27.1390

l2-dcache
 Metrics		      Total	      Instrn	       Data	       Read	      Write	       Misc
 -----------------	      ------	      ------	      ------	      ------	      ------	      ------
 Demand Fetches		   289382533	           0	   289382533	   224620310	    64762223	           0
  Fraction of total	      1.0000	      0.0000	      1.0000	      0.7762	      0.2238	      0.0000

 Demand Misses		   224110550	           0	   224110550	   221703926	     2406624	           0
  Demand miss rate	      0.7744	      0.0000	      0.7744	      0.9870	      0.0372	      0.0000

 Multi-block refs                 0
 Bytes From Memory	 14189051264
 ( / Demand Fetches)	     49.0322
 Bytes To Memory	  4053138752
 ( / Demand Writes)	     62.5849
 Total Bytes r/w Mem	 18242190016
 ( / Demand Fetches)	     63.0383

l3-dcache
 Metrics		      Total	      Instrn	       Data	       Read	      Write	       Misc
 -----------------	      ------	      ------	      ------	      ------	      ------	      ------
 Demand Fetches		   285034219	           0	   285034219	   221703926	    63330293	           0
  Fraction of total	      1.0000	      0.0000	      1.0000	      0.7778	      0.2222	      0.0000

 Demand Misses		       48032	           0	       48032	       48032	           0	           0
  Demand miss rate	      0.0002	      0.0000	      0.0002	      0.0002	      0.0000	      0.0000

 Multi-block refs                 0
 Bytes From Memory	     3074048
 ( / Demand Fetches)	      0.0108
 Bytes To Memory	      962688
 ( / Demand Writes)	      0.0152
 Total Bytes r/w Mem	     4036736
 ( / Demand Fetches)	      0.0142

---Execution complete.
