tracename art_m2b
---Dinero IV cache simulator, version 7
---Written by Jan Edler and Mark D. Hill
---Copyright (C) 1997 NEC Research Institute, Inc. and Mark D. Hill.
---All rights reserved.
---Copyright (C) 1985, 1989 Mark D. Hill.  All rights reserved.
---See -copyright option for details

---Summary of options (-help option gives usage information).

-l1-isize 32768
-l1-dsize 32768
-l2-dsize 262144
-l3-dsize 2097152
-l1-ibsize 64
-l1-dbsize 64
-l2-dbsize 64
-l3-dbsize 64
-l1-isbsize 64
-l1-dsbsize 64
-l2-dsbsize 64
-l3-dsbsize 64
-l1-iassoc 8
-l1-dassoc 8
-l2-dassoc 8
-l3-dassoc 8
-l1-irepl l
-l1-drepl r
-l2-drepl r
-l3-drepl r
-l1-ifetch d
-l1-dfetch d
-l2-dfetch d
-l3-dfetch d
-l1-dwalloc a
-l2-dwalloc a
-l3-dwalloc a
-l1-dwback a
-l2-dwback a
-l3-dwback a
-skipcount 0
-flushcount 0
-maxcount 0
-stat-interval 0
-informat s
-on-trigger 0x0
-off-trigger 0x0

---Simulation begins.
---Simulation complete.
l1-icache
 Metrics		      Total	      Instrn	       Data	       Read	      Write	       Misc
 -----------------	      ------	      ------	      ------	      ------	      ------	      ------
 Demand Fetches		  1999999864	  1999999864	           0	           0	           0	           0
  Fraction of total	      1.0000	      1.0000	      0.0000	      0.0000	      0.0000	      0.0000

 Demand Misses		         374	         374	           0	           0	           0	           0
  Demand miss rate	      0.0000	      0.0000	      0.0000	      0.0000	      0.0000	      0.0000

 Multi-block refs                 0
 Bytes From Memory	       23936
 ( / Demand Fetches)	      0.0000
 Bytes To Memory	           0
 ( / Demand Writes)	      0.0000
 Total Bytes r/w Mem	       23936
 ( / Demand Fetches)	      0.0000

l1-dcache
 Metrics		      Total	      Instrn	       Data	       Read	      Write	       Misc
 -----------------	      ------	      ------	      ------	      ------	      ------	      ------
 Demand Fetches		   682430992	           0	   682430992	   525980123	   156450869	           0
  Fraction of total	      1.0000	      0.0000	      1.0000	      0.7707	      0.2293	      0.0000

 Demand Misses		   226447613	           0	   226447613	   226049806	      397807	           0
  Demand miss rate	      0.3318	      0.0000	      0.3318	      0.4298	      0.0025	      0.0000

 Multi-block refs             11423
 Bytes From Memory	 14492647232
 ( / Demand Fetches)	     21.2368
 Bytes To Memory	  4156524928
 ( / Demand Writes)	     26.5676
 Total Bytes r/w Mem	 18649172160
 ( / Demand Fetches)	     27.3276

l2-dcache
 Metrics		      Total	      Instrn	       Data	       Read	      Write	       Misc
 -----------------	      ------	      ------	      ------	      ------	      ------	      ------
 Demand Fetches		   291393315	           0	   291393315	   226447613	    64945702	           0
  Fraction of total	      1.0000	      0.0000	      1.0000	      0.7771	      0.2229	      0.0000

 Demand Misses		   223771027	           0	   223771027	   218827998	     4943029	           0
  Demand miss rate	      0.7679	      0.0000	      0.7679	      0.9664	      0.0761	      0.0000

 Multi-block refs                 0
 Bytes From Memory	 14004991872
 ( / Demand Fetches)	     48.0622
 Bytes To Memory	  3938477760
 ( / Demand Writes)	     60.6426
 Total Bytes r/w Mem	 17943469632
 ( / Demand Fetches)	     61.5782

l3-dcache
 Metrics		      Total	      Instrn	       Data	       Read	      Write	       Misc
 -----------------	      ------	      ------	      ------	      ------	      ------	      ------
 Demand Fetches		   280366713	           0	   280366713	   218827998	    61538715	           0
  Fraction of total	      1.0000	      0.0000	      1.0000	      0.7805	      0.2195	      0.0000

 Demand Misses		    31300870	           0	    31300870	    30384302	      916568	           0
  Demand miss rate	      0.1116	      0.0000	      0.1116	      0.1389	      0.0149	      0.0000

 Multi-block refs                 0
 Bytes From Memory	  1944595328
 ( / Demand Fetches)	      6.9359
 Bytes To Memory	   460967616
 ( / Demand Writes)	      7.4907
 Total Bytes r/w Mem	  2405562944
 ( / Demand Fetches)	      8.5801

---Execution complete.
