tracename mcf_m2b
---Dinero IV cache simulator, version 7
---Written by Jan Edler and Mark D. Hill
---Copyright (C) 1997 NEC Research Institute, Inc. and Mark D. Hill.
---All rights reserved.
---Copyright (C) 1985, 1989 Mark D. Hill.  All rights reserved.
---See -copyright option for details

---Summary of options (-help option gives usage information).

-l1-isize 32768
-l1-dsize 32768
-l2-dsize 262144
-l3-dsize 262144
-l1-ibsize 64
-l1-dbsize 64
-l2-dbsize 64
-l3-dbsize 64
-l1-isbsize 64
-l1-dsbsize 64
-l2-dsbsize 64
-l3-dsbsize 64
-l1-iassoc 8
-l1-dassoc 8
-l2-dassoc 8
-l3-dassoc 8
-l1-irepl l
-l1-drepl b
-l2-drepl b
-l3-drepl b
-l1-ifetch d
-l1-dfetch d
-l2-dfetch d
-l3-dfetch d
-l1-dwalloc a
-l2-dwalloc a
-l3-dwalloc a
-l1-dwback a
-l2-dwback a
-l3-dwback a
-skipcount 0
-flushcount 0
-maxcount 0
-stat-interval 0
-informat s
-on-trigger 0x0
-off-trigger 0x0

---Simulation begins.
---Simulation complete.
l1-icache
 Metrics		      Total	      Instrn	       Data	       Read	      Write	       Misc
 -----------------	      ------	      ------	      ------	      ------	      ------	      ------
 Demand Fetches		  1999999998	  1999999998	           0	           0	           0	           0
  Fraction of total	      1.0000	      1.0000	      0.0000	      0.0000	      0.0000	      0.0000

 Demand Misses		         152	         152	           0	           0	           0	           0
  Demand miss rate	      0.0000	      0.0000	      0.0000	      0.0000	      0.0000	      0.0000

 Multi-block refs                 0
 Bytes From Memory	        9728
 ( / Demand Fetches)	      0.0000
 Bytes To Memory	           0
 ( / Demand Writes)	      0.0000
 Total Bytes r/w Mem	        9728
 ( / Demand Fetches)	      0.0000

l1-dcache
 Metrics		      Total	      Instrn	       Data	       Read	      Write	       Misc
 -----------------	      ------	      ------	      ------	      ------	      ------	      ------
 Demand Fetches		   759536997	           0	   759536997	   688140098	    71396899	           0
  Fraction of total	      1.0000	      0.0000	      1.0000	      0.9060	      0.0940	      0.0000

 Demand Misses		   233273010	           0	   233273010	   223803121	     9469889	           0
  Demand miss rate	      0.3071	      0.0000	      0.3071	      0.3252	      0.1326	      0.0000

 Multi-block refs                 0
 Bytes From Memory	 14929472640
 ( / Demand Fetches)	     19.6560
 Bytes To Memory	  3305447232
 ( / Demand Writes)	     46.2968
 Total Bytes r/w Mem	 18234919872
 ( / Demand Fetches)	     24.0079

l2-dcache
 Metrics		      Total	      Instrn	       Data	       Read	      Write	       Misc
 -----------------	      ------	      ------	      ------	      ------	      ------	      ------
 Demand Fetches		   284920623	           0	   284920623	   233273010	    51647613	           0
  Fraction of total	      1.0000	      0.0000	      1.0000	      0.8187	      0.1813	      0.0000

 Demand Misses		   211079899	           0	   211079899	   207375415	     3704484	           0
  Demand miss rate	      0.7408	      0.0000	      0.7408	      0.8890	      0.0717	      0.0000

 Multi-block refs                 0
 Bytes From Memory	 13272026560
 ( / Demand Fetches)	     46.5815
 Bytes To Memory	  3175379392
 ( / Demand Writes)	     61.4816
 Total Bytes r/w Mem	 16447405952
 ( / Demand Fetches)	     57.7263

l3-dcache
 Metrics		      Total	      Instrn	       Data	       Read	      Write	       Misc
 -----------------	      ------	      ------	      ------	      ------	      ------	      ------
 Demand Fetches		   256990718	           0	   256990718	   207375415	    49615303	           0
  Fraction of total	      1.0000	      0.0000	      1.0000	      0.8069	      0.1931	      0.0000

 Demand Misses		   238284831	           0	   238284831	   202873015	    35411816	           0
  Demand miss rate	      0.9272	      0.0000	      0.9272	      0.9783	      0.7137	      0.0000

 Multi-block refs                 0
 Bytes From Memory	 12983872960
 ( / Demand Fetches)	     50.5227
 Bytes To Memory	  3167337920
 ( / Demand Writes)	     63.8379
 Total Bytes r/w Mem	 16151210880
 ( / Demand Fetches)	     62.8474

---Execution complete.
