tracename mcf_m2b
---Dinero IV cache simulator, version 7
---Written by Jan Edler and Mark D. Hill
---Copyright (C) 1997 NEC Research Institute, Inc. and Mark D. Hill.
---All rights reserved.
---Copyright (C) 1985, 1989 Mark D. Hill.  All rights reserved.
---See -copyright option for details

---Summary of options (-help option gives usage information).

-l1-isize 32768
-l1-dsize 32768
-l2-dsize 262144
-l3-dsize 4194304
-l1-ibsize 64
-l1-dbsize 64
-l2-dbsize 64
-l3-dbsize 64
-l1-isbsize 64
-l1-dsbsize 64
-l2-dsbsize 64
-l3-dsbsize 64
-l1-iassoc 8
-l1-dassoc 8
-l2-dassoc 8
-l3-dassoc 8
-l1-irepl l
-l1-drepl r
-l2-drepl r
-l3-drepl r
-l1-ifetch d
-l1-dfetch d
-l2-dfetch d
-l3-dfetch d
-l1-dwalloc a
-l2-dwalloc a
-l3-dwalloc a
-l1-dwback a
-l2-dwback a
-l3-dwback a
-skipcount 0
-flushcount 0
-maxcount 0
-stat-interval 0
-informat s
-on-trigger 0x0
-off-trigger 0x0

---Simulation begins.
---Simulation complete.
l1-icache
 Metrics		      Total	      Instrn	       Data	       Read	      Write	       Misc
 -----------------	      ------	      ------	      ------	      ------	      ------	      ------
 Demand Fetches		  1999999998	  1999999998	           0	           0	           0	           0
  Fraction of total	      1.0000	      1.0000	      0.0000	      0.0000	      0.0000	      0.0000

 Demand Misses		         152	         152	           0	           0	           0	           0
  Demand miss rate	      0.0000	      0.0000	      0.0000	      0.0000	      0.0000	      0.0000

 Multi-block refs                 0
 Bytes From Memory	        9728
 ( / Demand Fetches)	      0.0000
 Bytes To Memory	           0
 ( / Demand Writes)	      0.0000
 Total Bytes r/w Mem	        9728
 ( / Demand Fetches)	      0.0000

l1-dcache
 Metrics		      Total	      Instrn	       Data	       Read	      Write	       Misc
 -----------------	      ------	      ------	      ------	      ------	      ------	      ------
 Demand Fetches		   759536997	           0	   759536997	   688140098	    71396899	           0
  Fraction of total	      1.0000	      0.0000	      1.0000	      0.9060	      0.0940	      0.0000

 Demand Misses		   233768722	           0	   233768722	   224232453	     9536269	           0
  Demand miss rate	      0.3078	      0.0000	      0.3078	      0.3259	      0.1336	      0.0000

 Multi-block refs                 0
 Bytes From Memory	 14961198208
 ( / Demand Fetches)	     19.6978
 Bytes To Memory	  3311719424
 ( / Demand Writes)	     46.3846
 Total Bytes r/w Mem	 18272917632
 ( / Demand Fetches)	     24.0580

l2-dcache
 Metrics		      Total	      Instrn	       Data	       Read	      Write	       Misc
 -----------------	      ------	      ------	      ------	      ------	      ------	      ------
 Demand Fetches		   285514338	           0	   285514338	   233768722	    51745616	           0
  Fraction of total	      1.0000	      0.0000	      1.0000	      0.8188	      0.1812	      0.0000

 Demand Misses		   215384004	           0	   215384004	   209144286	     6239718	           0
  Demand miss rate	      0.7544	      0.0000	      0.7544	      0.8947	      0.1206	      0.0000

 Multi-block refs                 0
 Bytes From Memory	 13385234304
 ( / Demand Fetches)	     46.8811
 Bytes To Memory	  3185893504
 ( / Demand Writes)	     61.5684
 Total Bytes r/w Mem	 16571127808
 ( / Demand Fetches)	     58.0396

l3-dcache
 Metrics		      Total	      Instrn	       Data	       Read	      Write	       Misc
 -----------------	      ------	      ------	      ------	      ------	      ------	      ------
 Demand Fetches		   258923872	           0	   258923872	   209144286	    49779586	           0
  Fraction of total	      1.0000	      0.0000	      1.0000	      0.8077	      0.1923	      0.0000

 Demand Misses		    89444613	           0	    89444613	    87936993	     1507620	           0
  Demand miss rate	      0.3454	      0.0000	      0.3454	      0.4205	      0.0303	      0.0000

 Multi-block refs                 0
 Bytes From Memory	  5627967552
 ( / Demand Fetches)	     21.7360
 Bytes To Memory	  1680617088
 ( / Demand Writes)	     33.7612
 Total Bytes r/w Mem	  7308584640
 ( / Demand Fetches)	     28.2268

---Execution complete.
