tracename mcf_m2b
---Dinero IV cache simulator, version 7
---Written by Jan Edler and Mark D. Hill
---Copyright (C) 1997 NEC Research Institute, Inc. and Mark D. Hill.
---All rights reserved.
---Copyright (C) 1985, 1989 Mark D. Hill.  All rights reserved.
---See -copyright option for details

---Summary of options (-help option gives usage information).

-l1-isize 32768
-l1-dsize 32768
-l2-dsize 262144
-l3-dsize 4194304
-l1-ibsize 64
-l1-dbsize 64
-l2-dbsize 64
-l3-dbsize 64
-l1-isbsize 64
-l1-dsbsize 64
-l2-dsbsize 64
-l3-dsbsize 64
-l1-iassoc 8
-l1-dassoc 8
-l2-dassoc 8
-l3-dassoc 8
-l1-irepl l
-l1-drepl f
-l2-drepl f
-l3-drepl f
-l1-ifetch d
-l1-dfetch d
-l2-dfetch d
-l3-dfetch d
-l1-dwalloc a
-l2-dwalloc a
-l3-dwalloc a
-l1-dwback a
-l2-dwback a
-l3-dwback a
-skipcount 0
-flushcount 0
-maxcount 0
-stat-interval 0
-informat s
-on-trigger 0x0
-off-trigger 0x0

---Simulation begins.
---Simulation complete.
l1-icache
 Metrics		      Total	      Instrn	       Data	       Read	      Write	       Misc
 -----------------	      ------	      ------	      ------	      ------	      ------	      ------
 Demand Fetches		  1999999998	  1999999998	           0	           0	           0	           0
  Fraction of total	      1.0000	      1.0000	      0.0000	      0.0000	      0.0000	      0.0000

 Demand Misses		         152	         152	           0	           0	           0	           0
  Demand miss rate	      0.0000	      0.0000	      0.0000	      0.0000	      0.0000	      0.0000

 Multi-block refs                 0
 Bytes From Memory	        9728
 ( / Demand Fetches)	      0.0000
 Bytes To Memory	           0
 ( / Demand Writes)	      0.0000
 Total Bytes r/w Mem	        9728
 ( / Demand Fetches)	      0.0000

l1-dcache
 Metrics		      Total	      Instrn	       Data	       Read	      Write	       Misc
 -----------------	      ------	      ------	      ------	      ------	      ------	      ------
 Demand Fetches		   759536997	           0	   759536997	   688140098	    71396899	           0
  Fraction of total	      1.0000	      0.0000	      1.0000	      0.9060	      0.0940	      0.0000

 Demand Misses		   234346447	           0	   234346447	   224848874	     9497573	           0
  Demand miss rate	      0.3085	      0.0000	      0.3085	      0.3267	      0.1330	      0.0000

 Multi-block refs                 0
 Bytes From Memory	 14998172608
 ( / Demand Fetches)	     19.7465
 Bytes To Memory	  3318291968
 ( / Demand Writes)	     46.4767
 Total Bytes r/w Mem	 18316464576
 ( / Demand Fetches)	     24.1153

l2-dcache
 Metrics		      Total	      Instrn	       Data	       Read	      Write	       Misc
 -----------------	      ------	      ------	      ------	      ------	      ------	      ------
 Demand Fetches		   286194759	           0	   286194759	   234346447	    51848312	           0
  Fraction of total	      1.0000	      0.0000	      1.0000	      0.8188	      0.1812	      0.0000

 Demand Misses		   209002103	           0	   209002103	   208792129	      209974	           0
  Demand miss rate	      0.7303	      0.0000	      0.7303	      0.8910	      0.0040	      0.0000

 Multi-block refs                 0
 Bytes From Memory	 13362696256
 ( / Demand Fetches)	     46.6909
 Bytes To Memory	  3187242944
 ( / Demand Writes)	     61.4725
 Total Bytes r/w Mem	 16549939200
 ( / Demand Fetches)	     57.8275

l3-dcache
 Metrics		      Total	      Instrn	       Data	       Read	      Write	       Misc
 -----------------	      ------	      ------	      ------	      ------	      ------	      ------
 Demand Fetches		   258592800	           0	   258592800	   208792129	    49800671	           0
  Fraction of total	      1.0000	      0.0000	      1.0000	      0.8074	      0.1926	      0.0000

 Demand Misses		   101881342	           0	   101881342	   101624800	      256542	           0
  Demand miss rate	      0.3940	      0.0000	      0.3940	      0.4867	      0.0052	      0.0000

 Multi-block refs                 0
 Bytes From Memory	  6503987200
 ( / Demand Fetches)	     25.1515
 Bytes To Memory	  2020732544
 ( / Demand Writes)	     40.5764
 Total Bytes r/w Mem	  8524719744
 ( / Demand Fetches)	     32.9658

---Execution complete.
