tracename mcf_m2b
---Dinero IV cache simulator, version 7
---Written by Jan Edler and Mark D. Hill
---Copyright (C) 1997 NEC Research Institute, Inc. and Mark D. Hill.
---All rights reserved.
---Copyright (C) 1985, 1989 Mark D. Hill.  All rights reserved.
---See -copyright option for details

---Summary of options (-help option gives usage information).

-l1-isize 32768
-l1-dsize 32768
-l2-dsize 262144
-l3-dsize 262144
-l1-ibsize 64
-l1-dbsize 64
-l2-dbsize 64
-l3-dbsize 64
-l1-isbsize 64
-l1-dsbsize 64
-l2-dsbsize 64
-l3-dsbsize 64
-l1-iassoc 8
-l1-dassoc 8
-l2-dassoc 8
-l3-dassoc 8
-l1-irepl l
-l1-drepl r
-l2-drepl r
-l3-drepl r
-l1-ifetch d
-l1-dfetch d
-l2-dfetch d
-l3-dfetch d
-l1-dwalloc a
-l2-dwalloc a
-l3-dwalloc a
-l1-dwback a
-l2-dwback a
-l3-dwback a
-skipcount 0
-flushcount 0
-maxcount 0
-stat-interval 0
-informat s
-on-trigger 0x0
-off-trigger 0x0

---Simulation begins.
---Simulation complete.
l1-icache
 Metrics		      Total	      Instrn	       Data	       Read	      Write	       Misc
 -----------------	      ------	      ------	      ------	      ------	      ------	      ------
 Demand Fetches		  1999999998	  1999999998	           0	           0	           0	           0
  Fraction of total	      1.0000	      1.0000	      0.0000	      0.0000	      0.0000	      0.0000

 Demand Misses		         152	         152	           0	           0	           0	           0
  Demand miss rate	      0.0000	      0.0000	      0.0000	      0.0000	      0.0000	      0.0000

 Multi-block refs                 0
 Bytes From Memory	        9728
 ( / Demand Fetches)	      0.0000
 Bytes To Memory	           0
 ( / Demand Writes)	      0.0000
 Total Bytes r/w Mem	        9728
 ( / Demand Fetches)	      0.0000

l1-dcache
 Metrics		      Total	      Instrn	       Data	       Read	      Write	       Misc
 -----------------	      ------	      ------	      ------	      ------	      ------	      ------
 Demand Fetches		   759536997	           0	   759536997	   688140098	    71396899	           0
  Fraction of total	      1.0000	      0.0000	      1.0000	      0.9060	      0.0940	      0.0000

 Demand Misses		   233769218	           0	   233769218	   224232456	     9536762	           0
  Demand miss rate	      0.3078	      0.0000	      0.3078	      0.3259	      0.1336	      0.0000

 Multi-block refs                 0
 Bytes From Memory	 14961229952
 ( / Demand Fetches)	     19.6978
 Bytes To Memory	  3311696640
 ( / Demand Writes)	     46.3843
 Total Bytes r/w Mem	 18272926592
 ( / Demand Fetches)	     24.0580

l2-dcache
 Metrics		      Total	      Instrn	       Data	       Read	      Write	       Misc
 -----------------	      ------	      ------	      ------	      ------	      ------	      ------
 Demand Fetches		   285514478	           0	   285514478	   233769218	    51745260	           0
  Fraction of total	      1.0000	      0.0000	      1.0000	      0.8188	      0.1812	      0.0000

 Demand Misses		   215383616	           0	   215383616	   209145254	     6238362	           0
  Demand miss rate	      0.7544	      0.0000	      0.7544	      0.8947	      0.1206	      0.0000

 Multi-block refs                 0
 Bytes From Memory	 13385296256
 ( / Demand Fetches)	     46.8813
 Bytes To Memory	  3185985024
 ( / Demand Writes)	     61.5706
 Total Bytes r/w Mem	 16571281280
 ( / Demand Fetches)	     58.0401

l3-dcache
 Metrics		      Total	      Instrn	       Data	       Read	      Write	       Misc
 -----------------	      ------	      ------	      ------	      ------	      ------	      ------
 Demand Fetches		   258926270	           0	   258926270	   209145254	    49781016	           0
  Fraction of total	      1.0000	      0.0000	      1.0000	      0.8077	      0.1923	      0.0000

 Demand Misses		   236153872	           0	   236153872	   203176369	    32977503	           0
  Demand miss rate	      0.9121	      0.0000	      0.9121	      0.9715	      0.6625	      0.0000

 Multi-block refs                 0
 Bytes From Memory	 13003287616
 ( / Demand Fetches)	     50.2200
 Bytes To Memory	  3170716224
 ( / Demand Writes)	     63.6933
 Total Bytes r/w Mem	 16174003840
 ( / Demand Fetches)	     62.4657

---Execution complete.
