tracename mcf_m2b
---Dinero IV cache simulator, version 7
---Written by Jan Edler and Mark D. Hill
---Copyright (C) 1997 NEC Research Institute, Inc. and Mark D. Hill.
---All rights reserved.
---Copyright (C) 1985, 1989 Mark D. Hill.  All rights reserved.
---See -copyright option for details

---Summary of options (-help option gives usage information).

-l1-isize 32768
-l1-dsize 32768
-l2-dsize 262144
-l3-dsize 1048576
-l1-ibsize 64
-l1-dbsize 64
-l2-dbsize 64
-l3-dbsize 64
-l1-isbsize 64
-l1-dsbsize 64
-l2-dsbsize 64
-l3-dsbsize 64
-l1-iassoc 8
-l1-dassoc 8
-l2-dassoc 8
-l3-dassoc 8
-l1-irepl l
-l1-drepl 2
-l2-drepl 2
-l3-drepl 2
-l1-ifetch d
-l1-dfetch d
-l2-dfetch d
-l3-dfetch d
-l1-dwalloc a
-l2-dwalloc a
-l3-dwalloc a
-l1-dwback a
-l2-dwback a
-l3-dwback a
-skipcount 0
-flushcount 0
-maxcount 0
-stat-interval 0
-informat s
-on-trigger 0x0
-off-trigger 0x0

---Simulation begins.
---Simulation complete.
l1-icache
 Metrics		      Total	      Instrn	       Data	       Read	      Write	       Misc
 -----------------	      ------	      ------	      ------	      ------	      ------	      ------
 Demand Fetches		  1999999998	  1999999998	           0	           0	           0	           0
  Fraction of total	      1.0000	      1.0000	      0.0000	      0.0000	      0.0000	      0.0000

 Demand Misses		         152	         152	           0	           0	           0	           0
  Demand miss rate	      0.0000	      0.0000	      0.0000	      0.0000	      0.0000	      0.0000

 Multi-block refs                 0
 Bytes From Memory	        9728
 ( / Demand Fetches)	      0.0000
 Bytes To Memory	           0
 ( / Demand Writes)	      0.0000
 Total Bytes r/w Mem	        9728
 ( / Demand Fetches)	      0.0000

l1-dcache
 Metrics		      Total	      Instrn	       Data	       Read	      Write	       Misc
 -----------------	      ------	      ------	      ------	      ------	      ------	      ------
 Demand Fetches		   759536997	           0	   759536997	   688140098	    71396899	           0
  Fraction of total	      1.0000	      0.0000	      1.0000	      0.9060	      0.0940	      0.0000

 Demand Misses		   232981363	           0	   232981363	   223548617	     9432746	           0
  Demand miss rate	      0.3067	      0.0000	      0.3067	      0.3249	      0.1321	      0.0000

 Multi-block refs                 0
 Bytes From Memory	 14910807232
 ( / Demand Fetches)	     19.6314
 Bytes To Memory	  3301266240
 ( / Demand Writes)	     46.2382
 Total Bytes r/w Mem	 18212073472
 ( / Demand Fetches)	     23.9779

l2-dcache
 Metrics		      Total	      Instrn	       Data	       Read	      Write	       Misc
 -----------------	      ------	      ------	      ------	      ------	      ------	      ------
 Demand Fetches		   284563648	           0	   284563648	   232981363	    51582285	           0
  Fraction of total	      1.0000	      0.0000	      1.0000	      0.8187	      0.1813	      0.0000

 Demand Misses		   208077463	           0	   208077463	   206289789	     1787674	           0
  Demand miss rate	      0.7312	      0.0000	      0.7312	      0.8854	      0.0347	      0.0000

 Multi-block refs                 0
 Bytes From Memory	 13202546496
 ( / Demand Fetches)	     46.3958
 Bytes To Memory	  3168066624
 ( / Demand Writes)	     61.4177
 Total Bytes r/w Mem	 16370613120
 ( / Demand Fetches)	     57.5288

l3-dcache
 Metrics		      Total	      Instrn	       Data	       Read	      Write	       Misc
 -----------------	      ------	      ------	      ------	      ------	      ------	      ------
 Demand Fetches		   255790830	           0	   255790830	   206289789	    49501041	           0
  Fraction of total	      1.0000	      0.0000	      1.0000	      0.8065	      0.1935	      0.0000

 Demand Misses		   189633983	           0	   189633983	   184831788	     4802195	           0
  Demand miss rate	      0.7414	      0.0000	      0.7414	      0.8960	      0.0970	      0.0000

 Multi-block refs                 0
 Bytes From Memory	 11829234432
 ( / Demand Fetches)	     46.2457
 Bytes To Memory	  3062609280
 ( / Demand Writes)	     61.8696
 Total Bytes r/w Mem	 14891843712
 ( / Demand Fetches)	     58.2188

---Execution complete.
