tracename mcf_m2b
---Dinero IV cache simulator, version 7
---Written by Jan Edler and Mark D. Hill
---Copyright (C) 1997 NEC Research Institute, Inc. and Mark D. Hill.
---All rights reserved.
---Copyright (C) 1985, 1989 Mark D. Hill.  All rights reserved.
---See -copyright option for details

---Summary of options (-help option gives usage information).

-l1-isize 32768
-l1-dsize 32768
-l2-dsize 262144
-l3-dsize 2097152
-l1-ibsize 64
-l1-dbsize 64
-l2-dbsize 64
-l3-dbsize 64
-l1-isbsize 64
-l1-dsbsize 64
-l2-dsbsize 64
-l3-dsbsize 64
-l1-iassoc 8
-l1-dassoc 8
-l2-dassoc 8
-l3-dassoc 8
-l1-irepl l
-l1-drepl b
-l2-drepl b
-l3-drepl b
-l1-ifetch d
-l1-dfetch d
-l2-dfetch d
-l3-dfetch d
-l1-dwalloc a
-l2-dwalloc a
-l3-dwalloc a
-l1-dwback a
-l2-dwback a
-l3-dwback a
-skipcount 0
-flushcount 0
-maxcount 0
-stat-interval 0
-informat s
-on-trigger 0x0
-off-trigger 0x0

---Simulation begins.
---Simulation complete.
l1-icache
 Metrics		      Total	      Instrn	       Data	       Read	      Write	       Misc
 -----------------	      ------	      ------	      ------	      ------	      ------	      ------
 Demand Fetches		  1999999998	  1999999998	           0	           0	           0	           0
  Fraction of total	      1.0000	      1.0000	      0.0000	      0.0000	      0.0000	      0.0000

 Demand Misses		         152	         152	           0	           0	           0	           0
  Demand miss rate	      0.0000	      0.0000	      0.0000	      0.0000	      0.0000	      0.0000

 Multi-block refs                 0
 Bytes From Memory	        9728
 ( / Demand Fetches)	      0.0000
 Bytes To Memory	           0
 ( / Demand Writes)	      0.0000
 Total Bytes r/w Mem	        9728
 ( / Demand Fetches)	      0.0000

l1-dcache
 Metrics		      Total	      Instrn	       Data	       Read	      Write	       Misc
 -----------------	      ------	      ------	      ------	      ------	      ------	      ------
 Demand Fetches		   759536997	           0	   759536997	   688140098	    71396899	           0
  Fraction of total	      1.0000	      0.0000	      1.0000	      0.9060	      0.0940	      0.0000

 Demand Misses		   233272427	           0	   233272427	   223801725	     9470702	           0
  Demand miss rate	      0.3071	      0.0000	      0.3071	      0.3252	      0.1326	      0.0000

 Multi-block refs                 0
 Bytes From Memory	 14929435328
 ( / Demand Fetches)	     19.6560
 Bytes To Memory	  3305524288
 ( / Demand Writes)	     46.2979
 Total Bytes r/w Mem	 18234959616
 ( / Demand Fetches)	     24.0080

l2-dcache
 Metrics		      Total	      Instrn	       Data	       Read	      Write	       Misc
 -----------------	      ------	      ------	      ------	      ------	      ------	      ------
 Demand Fetches		   284921244	           0	   284921244	   233272427	    51648817	           0
  Fraction of total	      1.0000	      0.0000	      1.0000	      0.8187	      0.1813	      0.0000

 Demand Misses		   211080511	           0	   211080511	   207375052	     3705459	           0
  Demand miss rate	      0.7408	      0.0000	      0.7408	      0.8890	      0.0717	      0.0000

 Multi-block refs                 0
 Bytes From Memory	 13272003328
 ( / Demand Fetches)	     46.5813
 Bytes To Memory	  3175414848
 ( / Demand Writes)	     61.4809
 Total Bytes r/w Mem	 16447418176
 ( / Demand Fetches)	     57.7262

l3-dcache
 Metrics		      Total	      Instrn	       Data	       Read	      Write	       Misc
 -----------------	      ------	      ------	      ------	      ------	      ------	      ------
 Demand Fetches		   256990909	           0	   256990909	   207375052	    49615857	           0
  Fraction of total	      1.0000	      0.0000	      1.0000	      0.8069	      0.1931	      0.0000

 Demand Misses		   139283471	           0	   139283471	   137098727	     2184744	           0
  Demand miss rate	      0.5420	      0.0000	      0.5420	      0.6611	      0.0440	      0.0000

 Multi-block refs                 0
 Bytes From Memory	  8774318528
 ( / Demand Fetches)	     34.1425
 Bytes To Memory	  2694412800
 ( / Demand Writes)	     54.3055
 Total Bytes r/w Mem	 11468731328
 ( / Demand Fetches)	     44.6270

---Execution complete.
