tracename mcf_m2b
---Dinero IV cache simulator, version 7
---Written by Jan Edler and Mark D. Hill
---Copyright (C) 1997 NEC Research Institute, Inc. and Mark D. Hill.
---All rights reserved.
---Copyright (C) 1985, 1989 Mark D. Hill.  All rights reserved.
---See -copyright option for details

---Summary of options (-help option gives usage information).

-l1-isize 32768
-l1-dsize 32768
-l2-dsize 262144
-l3-dsize 2097152
-l1-ibsize 64
-l1-dbsize 64
-l2-dbsize 64
-l3-dbsize 64
-l1-isbsize 64
-l1-dsbsize 64
-l2-dsbsize 64
-l3-dsbsize 64
-l1-iassoc 8
-l1-dassoc 8
-l2-dassoc 8
-l3-dassoc 8
-l1-irepl l
-l1-drepl 2
-l2-drepl 2
-l3-drepl 2
-l1-ifetch d
-l1-dfetch d
-l2-dfetch d
-l3-dfetch d
-l1-dwalloc a
-l2-dwalloc a
-l3-dwalloc a
-l1-dwback a
-l2-dwback a
-l3-dwback a
-skipcount 0
-flushcount 0
-maxcount 0
-stat-interval 0
-informat s
-on-trigger 0x0
-off-trigger 0x0

---Simulation begins.
---Simulation complete.
l1-icache
 Metrics		      Total	      Instrn	       Data	       Read	      Write	       Misc
 -----------------	      ------	      ------	      ------	      ------	      ------	      ------
 Demand Fetches		  1999999998	  1999999998	           0	           0	           0	           0
  Fraction of total	      1.0000	      1.0000	      0.0000	      0.0000	      0.0000	      0.0000

 Demand Misses		         152	         152	           0	           0	           0	           0
  Demand miss rate	      0.0000	      0.0000	      0.0000	      0.0000	      0.0000	      0.0000

 Multi-block refs                 0
 Bytes From Memory	        9728
 ( / Demand Fetches)	      0.0000
 Bytes To Memory	           0
 ( / Demand Writes)	      0.0000
 Total Bytes r/w Mem	        9728
 ( / Demand Fetches)	      0.0000

l1-dcache
 Metrics		      Total	      Instrn	       Data	       Read	      Write	       Misc
 -----------------	      ------	      ------	      ------	      ------	      ------	      ------
 Demand Fetches		   759536997	           0	   759536997	   688140098	    71396899	           0
  Fraction of total	      1.0000	      0.0000	      1.0000	      0.9060	      0.0940	      0.0000

 Demand Misses		   232983542	           0	   232983542	   223550830	     9432712	           0
  Demand miss rate	      0.3067	      0.0000	      0.3067	      0.3249	      0.1321	      0.0000

 Multi-block refs                 0
 Bytes From Memory	 14910946688
 ( / Demand Fetches)	     19.6316
 Bytes To Memory	  3301233536
 ( / Demand Writes)	     46.2378
 Total Bytes r/w Mem	 18212180224
 ( / Demand Fetches)	     23.9780

l2-dcache
 Metrics		      Total	      Instrn	       Data	       Read	      Write	       Misc
 -----------------	      ------	      ------	      ------	      ------	      ------	      ------
 Demand Fetches		   284565316	           0	   284565316	   232983542	    51581774	           0
  Fraction of total	      1.0000	      0.0000	      1.0000	      0.8187	      0.1813	      0.0000

 Demand Misses		   208082804	           0	   208082804	   206291010	     1791794	           0
  Demand miss rate	      0.7312	      0.0000	      0.7312	      0.8854	      0.0347	      0.0000

 Multi-block refs                 0
 Bytes From Memory	 13202624640
 ( / Demand Fetches)	     46.3958
 Bytes To Memory	  3168071872
 ( / Demand Writes)	     61.4184
 Total Bytes r/w Mem	 16370696512
 ( / Demand Fetches)	     57.5288

l3-dcache
 Metrics		      Total	      Instrn	       Data	       Read	      Write	       Misc
 -----------------	      ------	      ------	      ------	      ------	      ------	      ------
 Demand Fetches		   255792133	           0	   255792133	   206291010	    49501123	           0
  Fraction of total	      1.0000	      0.0000	      1.0000	      0.8065	      0.1935	      0.0000

 Demand Misses		   139793279	           0	   139793279	   139027021	      766258	           0
  Demand miss rate	      0.5465	      0.0000	      0.5465	      0.6739	      0.0155	      0.0000

 Multi-block refs                 0
 Bytes From Memory	  8897729344
 ( / Demand Fetches)	     34.7850
 Bytes To Memory	  2703865856
 ( / Demand Writes)	     54.6223
 Total Bytes r/w Mem	 11601595200
 ( / Demand Fetches)	     45.3556

---Execution complete.
