tracename mcf_m2b
---Dinero IV cache simulator, version 7
---Written by Jan Edler and Mark D. Hill
---Copyright (C) 1997 NEC Research Institute, Inc. and Mark D. Hill.
---All rights reserved.
---Copyright (C) 1985, 1989 Mark D. Hill.  All rights reserved.
---See -copyright option for details

---Summary of options (-help option gives usage information).

-l1-isize 32768
-l1-dsize 32768
-l2-dsize 262144
-l3-dsize 16777216
-l1-ibsize 64
-l1-dbsize 64
-l2-dbsize 64
-l3-dbsize 64
-l1-isbsize 64
-l1-dsbsize 64
-l2-dsbsize 64
-l3-dsbsize 64
-l1-iassoc 8
-l1-dassoc 8
-l2-dassoc 8
-l3-dassoc 8
-l1-irepl l
-l1-drepl b
-l2-drepl b
-l3-drepl b
-l1-ifetch d
-l1-dfetch d
-l2-dfetch d
-l3-dfetch d
-l1-dwalloc a
-l2-dwalloc a
-l3-dwalloc a
-l1-dwback a
-l2-dwback a
-l3-dwback a
-skipcount 0
-flushcount 0
-maxcount 0
-stat-interval 0
-informat s
-on-trigger 0x0
-off-trigger 0x0

---Simulation begins.
---Simulation complete.
l1-icache
 Metrics		      Total	      Instrn	       Data	       Read	      Write	       Misc
 -----------------	      ------	      ------	      ------	      ------	      ------	      ------
 Demand Fetches		  1999999998	  1999999998	           0	           0	           0	           0
  Fraction of total	      1.0000	      1.0000	      0.0000	      0.0000	      0.0000	      0.0000

 Demand Misses		         152	         152	           0	           0	           0	           0
  Demand miss rate	      0.0000	      0.0000	      0.0000	      0.0000	      0.0000	      0.0000

 Multi-block refs                 0
 Bytes From Memory	        9728
 ( / Demand Fetches)	      0.0000
 Bytes To Memory	           0
 ( / Demand Writes)	      0.0000
 Total Bytes r/w Mem	        9728
 ( / Demand Fetches)	      0.0000

l1-dcache
 Metrics		      Total	      Instrn	       Data	       Read	      Write	       Misc
 -----------------	      ------	      ------	      ------	      ------	      ------	      ------
 Demand Fetches		   759536997	           0	   759536997	   688140098	    71396899	           0
  Fraction of total	      1.0000	      0.0000	      1.0000	      0.9060	      0.0940	      0.0000

 Demand Misses		   233273364	           0	   233273364	   223803453	     9469911	           0
  Demand miss rate	      0.3071	      0.0000	      0.3071	      0.3252	      0.1326	      0.0000

 Multi-block refs                 0
 Bytes From Memory	 14929495296
 ( / Demand Fetches)	     19.6560
 Bytes To Memory	  3305490688
 ( / Demand Writes)	     46.2974
 Total Bytes r/w Mem	 18234985984
 ( / Demand Fetches)	     24.0080

l2-dcache
 Metrics		      Total	      Instrn	       Data	       Read	      Write	       Misc
 -----------------	      ------	      ------	      ------	      ------	      ------	      ------
 Demand Fetches		   284921656	           0	   284921656	   233273364	    51648292	           0
  Fraction of total	      1.0000	      0.0000	      1.0000	      0.8187	      0.1813	      0.0000

 Demand Misses		   211083456	           0	   211083456	   207375359	     3708097	           0
  Demand miss rate	      0.7408	      0.0000	      0.7408	      0.8890	      0.0718	      0.0000

 Multi-block refs                 0
 Bytes From Memory	 13272022976
 ( / Demand Fetches)	     46.5813
 Bytes To Memory	  3175424384
 ( / Demand Writes)	     61.4817
 Total Bytes r/w Mem	 16447447360
 ( / Demand Fetches)	     57.7262

l3-dcache
 Metrics		      Total	      Instrn	       Data	       Read	      Write	       Misc
 -----------------	      ------	      ------	      ------	      ------	      ------	      ------
 Demand Fetches		   256991365	           0	   256991365	   207375359	    49616006	           0
  Fraction of total	      1.0000	      0.0000	      1.0000	      0.8069	      0.1931	      0.0000

 Demand Misses		    30855144	           0	    30855144	    30845343	        9801	           0
  Demand miss rate	      0.1201	      0.0000	      0.1201	      0.1487	      0.0002	      0.0000

 Multi-block refs                 0
 Bytes From Memory	  1974101952
 ( / Demand Fetches)	      7.6816
 Bytes To Memory	    97694208
 ( / Demand Writes)	      1.9690
 Total Bytes r/w Mem	  2071796160
 ( / Demand Fetches)	      8.0617

---Execution complete.
