tracename mcf_m2b
---Dinero IV cache simulator, version 7
---Written by Jan Edler and Mark D. Hill
---Copyright (C) 1997 NEC Research Institute, Inc. and Mark D. Hill.
---All rights reserved.
---Copyright (C) 1985, 1989 Mark D. Hill.  All rights reserved.
---See -copyright option for details

---Summary of options (-help option gives usage information).

-l1-isize 32768
-l1-dsize 32768
-l2-dsize 262144
-l3-dsize 1048576
-l1-ibsize 64
-l1-dbsize 64
-l2-dbsize 64
-l3-dbsize 64
-l1-isbsize 64
-l1-dsbsize 64
-l2-dsbsize 64
-l3-dsbsize 64
-l1-iassoc 8
-l1-dassoc 8
-l2-dassoc 8
-l3-dassoc 8
-l1-irepl l
-l1-drepl r
-l2-drepl r
-l3-drepl r
-l1-ifetch d
-l1-dfetch d
-l2-dfetch d
-l3-dfetch d
-l1-dwalloc a
-l2-dwalloc a
-l3-dwalloc a
-l1-dwback a
-l2-dwback a
-l3-dwback a
-skipcount 0
-flushcount 0
-maxcount 0
-stat-interval 0
-informat s
-on-trigger 0x0
-off-trigger 0x0

---Simulation begins.
---Simulation complete.
l1-icache
 Metrics		      Total	      Instrn	       Data	       Read	      Write	       Misc
 -----------------	      ------	      ------	      ------	      ------	      ------	      ------
 Demand Fetches		  1999999998	  1999999998	           0	           0	           0	           0
  Fraction of total	      1.0000	      1.0000	      0.0000	      0.0000	      0.0000	      0.0000

 Demand Misses		         152	         152	           0	           0	           0	           0
  Demand miss rate	      0.0000	      0.0000	      0.0000	      0.0000	      0.0000	      0.0000

 Multi-block refs                 0
 Bytes From Memory	        9728
 ( / Demand Fetches)	      0.0000
 Bytes To Memory	           0
 ( / Demand Writes)	      0.0000
 Total Bytes r/w Mem	        9728
 ( / Demand Fetches)	      0.0000

l1-dcache
 Metrics		      Total	      Instrn	       Data	       Read	      Write	       Misc
 -----------------	      ------	      ------	      ------	      ------	      ------	      ------
 Demand Fetches		   759536997	           0	   759536997	   688140098	    71396899	           0
  Fraction of total	      1.0000	      0.0000	      1.0000	      0.9060	      0.0940	      0.0000

 Demand Misses		   233767450	           0	   233767450	   224230186	     9537264	           0
  Demand miss rate	      0.3078	      0.0000	      0.3078	      0.3258	      0.1336	      0.0000

 Multi-block refs                 0
 Bytes From Memory	 14961116800
 ( / Demand Fetches)	     19.6977
 Bytes To Memory	  3311682304
 ( / Demand Writes)	     46.3841
 Total Bytes r/w Mem	 18272799104
 ( / Demand Fetches)	     24.0578

l2-dcache
 Metrics		      Total	      Instrn	       Data	       Read	      Write	       Misc
 -----------------	      ------	      ------	      ------	      ------	      ------	      ------
 Demand Fetches		   285512486	           0	   285512486	   233767450	    51745036	           0
  Fraction of total	      1.0000	      0.0000	      1.0000	      0.8188	      0.1812	      0.0000

 Demand Misses		   215377625	           0	   215377625	   209142736	     6234889	           0
  Demand miss rate	      0.7544	      0.0000	      0.7544	      0.8947	      0.1205	      0.0000

 Multi-block refs                 0
 Bytes From Memory	 13385135104
 ( / Demand Fetches)	     46.8811
 Bytes To Memory	  3185875712
 ( / Demand Writes)	     61.5687
 Total Bytes r/w Mem	 16571010816
 ( / Demand Fetches)	     58.0395

l3-dcache
 Metrics		      Total	      Instrn	       Data	       Read	      Write	       Misc
 -----------------	      ------	      ------	      ------	      ------	      ------	      ------
 Demand Fetches		   258922044	           0	   258922044	   209142736	    49779308	           0
  Fraction of total	      1.0000	      0.0000	      1.0000	      0.8077	      0.1923	      0.0000

 Demand Misses		   191850726	           0	   191850726	   181258225	    10592501	           0
  Demand miss rate	      0.7410	      0.0000	      0.7410	      0.8667	      0.2128	      0.0000

 Multi-block refs                 0
 Bytes From Memory	 11600526400
 ( / Demand Fetches)	     44.8032
 Bytes To Memory	  3051502016
 ( / Demand Writes)	     61.3006
 Total Bytes r/w Mem	 14652028416
 ( / Demand Fetches)	     56.5886

---Execution complete.
