tracename mcf_m2b
---Dinero IV cache simulator, version 7
---Written by Jan Edler and Mark D. Hill
---Copyright (C) 1997 NEC Research Institute, Inc. and Mark D. Hill.
---All rights reserved.
---Copyright (C) 1985, 1989 Mark D. Hill.  All rights reserved.
---See -copyright option for details

---Summary of options (-help option gives usage information).

-l1-isize 32768
-l1-dsize 32768
-l2-dsize 262144
-l3-dsize 8388608
-l1-ibsize 64
-l1-dbsize 64
-l2-dbsize 64
-l3-dbsize 64
-l1-isbsize 64
-l1-dsbsize 64
-l2-dsbsize 64
-l3-dsbsize 64
-l1-iassoc 8
-l1-dassoc 8
-l2-dassoc 8
-l3-dassoc 8
-l1-irepl l
-l1-drepl 2
-l2-drepl 2
-l3-drepl 2
-l1-ifetch d
-l1-dfetch d
-l2-dfetch d
-l3-dfetch d
-l1-dwalloc a
-l2-dwalloc a
-l3-dwalloc a
-l1-dwback a
-l2-dwback a
-l3-dwback a
-skipcount 0
-flushcount 0
-maxcount 0
-stat-interval 0
-informat s
-on-trigger 0x0
-off-trigger 0x0

---Simulation begins.
---Simulation complete.
l1-icache
 Metrics		      Total	      Instrn	       Data	       Read	      Write	       Misc
 -----------------	      ------	      ------	      ------	      ------	      ------	      ------
 Demand Fetches		  1999999998	  1999999998	           0	           0	           0	           0
  Fraction of total	      1.0000	      1.0000	      0.0000	      0.0000	      0.0000	      0.0000

 Demand Misses		         152	         152	           0	           0	           0	           0
  Demand miss rate	      0.0000	      0.0000	      0.0000	      0.0000	      0.0000	      0.0000

 Multi-block refs                 0
 Bytes From Memory	        9728
 ( / Demand Fetches)	      0.0000
 Bytes To Memory	           0
 ( / Demand Writes)	      0.0000
 Total Bytes r/w Mem	        9728
 ( / Demand Fetches)	      0.0000

l1-dcache
 Metrics		      Total	      Instrn	       Data	       Read	      Write	       Misc
 -----------------	      ------	      ------	      ------	      ------	      ------	      ------
 Demand Fetches		   759536997	           0	   759536997	   688140098	    71396899	           0
  Fraction of total	      1.0000	      0.0000	      1.0000	      0.9060	      0.0940	      0.0000

 Demand Misses		   232982762	           0	   232982762	   223549885	     9432877	           0
  Demand miss rate	      0.3067	      0.0000	      0.3067	      0.3249	      0.1321	      0.0000

 Multi-block refs                 0
 Bytes From Memory	 14910896768
 ( / Demand Fetches)	     19.6316
 Bytes To Memory	  3301254848
 ( / Demand Writes)	     46.2381
 Total Bytes r/w Mem	 18212151616
 ( / Demand Fetches)	     23.9780

l2-dcache
 Metrics		      Total	      Instrn	       Data	       Read	      Write	       Misc
 -----------------	      ------	      ------	      ------	      ------	      ------	      ------
 Demand Fetches		   284564869	           0	   284564869	   232982762	    51582107	           0
  Fraction of total	      1.0000	      0.0000	      1.0000	      0.8187	      0.1813	      0.0000

 Demand Misses		   208074026	           0	   208074026	   206286388	     1787638	           0
  Demand miss rate	      0.7312	      0.0000	      0.7312	      0.8854	      0.0347	      0.0000

 Multi-block refs                 0
 Bytes From Memory	 13202328832
 ( / Demand Fetches)	     46.3948
 Bytes To Memory	  3168048512
 ( / Demand Writes)	     61.4176
 Total Bytes r/w Mem	 16370377344
 ( / Demand Fetches)	     57.5278

l3-dcache
 Metrics		      Total	      Instrn	       Data	       Read	      Write	       Misc
 -----------------	      ------	      ------	      ------	      ------	      ------	      ------
 Demand Fetches		   255787146	           0	   255787146	   206286388	    49500758	           0
  Fraction of total	      1.0000	      0.0000	      1.0000	      0.8065	      0.1935	      0.0000

 Demand Misses		    38504097	           0	    38504097	    38499391	        4706	           0
  Demand miss rate	      0.1505	      0.0000	      0.1505	      0.1866	      0.0001	      0.0000

 Multi-block refs                 0
 Bytes From Memory	  2463961024
 ( / Demand Fetches)	      9.6329
 Bytes To Memory	   237071040
 ( / Demand Writes)	      4.7892
 Total Bytes r/w Mem	  2701032064
 ( / Demand Fetches)	     10.5597

---Execution complete.
