tracename mcf_m2b
---Dinero IV cache simulator, version 7
---Written by Jan Edler and Mark D. Hill
---Copyright (C) 1997 NEC Research Institute, Inc. and Mark D. Hill.
---All rights reserved.
---Copyright (C) 1985, 1989 Mark D. Hill.  All rights reserved.
---See -copyright option for details

---Summary of options (-help option gives usage information).

-l1-isize 32768
-l1-dsize 32768
-l2-dsize 262144
-l3-dsize 4194304
-l1-ibsize 64
-l1-dbsize 64
-l2-dbsize 64
-l3-dbsize 64
-l1-isbsize 64
-l1-dsbsize 64
-l2-dsbsize 64
-l3-dsbsize 64
-l1-iassoc 8
-l1-dassoc 8
-l2-dassoc 8
-l3-dassoc 8
-l1-irepl l
-l1-drepl c
-l2-drepl c
-l3-drepl c
-l1-ifetch d
-l1-dfetch d
-l2-dfetch d
-l3-dfetch d
-l1-dwalloc a
-l2-dwalloc a
-l3-dwalloc a
-l1-dwback a
-l2-dwback a
-l3-dwback a
-skipcount 0
-flushcount 0
-maxcount 0
-stat-interval 0
-informat s
-on-trigger 0x0
-off-trigger 0x0

---Simulation begins.
---Simulation complete.
l1-icache
 Metrics		      Total	      Instrn	       Data	       Read	      Write	       Misc
 -----------------	      ------	      ------	      ------	      ------	      ------	      ------
 Demand Fetches		  1999999998	  1999999998	           0	           0	           0	           0
  Fraction of total	      1.0000	      1.0000	      0.0000	      0.0000	      0.0000	      0.0000

 Demand Misses		         152	         152	           0	           0	           0	           0
  Demand miss rate	      0.0000	      0.0000	      0.0000	      0.0000	      0.0000	      0.0000

 Multi-block refs                 0
 Bytes From Memory	        9728
 ( / Demand Fetches)	      0.0000
 Bytes To Memory	           0
 ( / Demand Writes)	      0.0000
 Total Bytes r/w Mem	        9728
 ( / Demand Fetches)	      0.0000

l1-dcache
 Metrics		      Total	      Instrn	       Data	       Read	      Write	       Misc
 -----------------	      ------	      ------	      ------	      ------	      ------	      ------
 Demand Fetches		   759536997	           0	   759536997	   688140098	    71396899	           0
  Fraction of total	      1.0000	      0.0000	      1.0000	      0.9060	      0.0940	      0.0000

 Demand Misses		   233286518	           0	   233286518	   223835749	     9450769	           0
  Demand miss rate	      0.3071	      0.0000	      0.3071	      0.3253	      0.1324	      0.0000

 Multi-block refs                 0
 Bytes From Memory	 14930337152
 ( / Demand Fetches)	     19.6572
 Bytes To Memory	  3303650752
 ( / Demand Writes)	     46.2716
 Total Bytes r/w Mem	 18233987904
 ( / Demand Fetches)	     24.0067

l2-dcache
 Metrics		      Total	      Instrn	       Data	       Read	      Write	       Misc
 -----------------	      ------	      ------	      ------	      ------	      ------	      ------
 Demand Fetches		   284906061	           0	   284906061	   233286518	    51619543	           0
  Fraction of total	      1.0000	      0.0000	      1.0000	      0.8188	      0.1812	      0.0000

 Demand Misses		   209337607	           0	   209337607	   206655148	     2682459	           0
  Demand miss rate	      0.7348	      0.0000	      0.7348	      0.8858	      0.0520	      0.0000

 Multi-block refs                 0
 Bytes From Memory	 13225929472
 ( / Demand Fetches)	     46.4221
 Bytes To Memory	  3171852352
 ( / Demand Writes)	     61.4467
 Total Bytes r/w Mem	 16397781824
 ( / Demand Fetches)	     57.5550

l3-dcache
 Metrics		      Total	      Instrn	       Data	       Read	      Write	       Misc
 -----------------	      ------	      ------	      ------	      ------	      ------	      ------
 Demand Fetches		   256215341	           0	   256215341	   206655148	    49560193	           0
  Fraction of total	      1.0000	      0.0000	      1.0000	      0.8066	      0.1934	      0.0000

 Demand Misses		    90419670	           0	    90419670	    89946867	      472803	           0
  Demand miss rate	      0.3529	      0.0000	      0.3529	      0.4353	      0.0095	      0.0000

 Multi-block refs                 0
 Bytes From Memory	  5756599488
 ( / Demand Fetches)	     22.4678
 Bytes To Memory	  1644688704
 ( / Demand Writes)	     33.1857
 Total Bytes r/w Mem	  7401288192
 ( / Demand Fetches)	     28.8870

---Execution complete.
