tracename equake_m2b
---Dinero IV cache simulator, version 7
---Written by Jan Edler and Mark D. Hill
---Copyright (C) 1997 NEC Research Institute, Inc. and Mark D. Hill.
---All rights reserved.
---Copyright (C) 1985, 1989 Mark D. Hill.  All rights reserved.
---See -copyright option for details

---Summary of options (-help option gives usage information).

-l1-isize 32768
-l1-dsize 32768
-l2-dsize 262144
-l3-dsize 524288
-l1-ibsize 64
-l1-dbsize 64
-l2-dbsize 64
-l3-dbsize 64
-l1-isbsize 64
-l1-dsbsize 64
-l2-dsbsize 64
-l3-dsbsize 64
-l1-iassoc 8
-l1-dassoc 8
-l2-dassoc 8
-l3-dassoc 8
-l1-irepl l
-l1-drepl c
-l2-drepl c
-l3-drepl c
-l1-ifetch d
-l1-dfetch d
-l2-dfetch d
-l3-dfetch d
-l1-dwalloc a
-l2-dwalloc a
-l3-dwalloc a
-l1-dwback a
-l2-dwback a
-l3-dwback a
-skipcount 0
-flushcount 0
-maxcount 0
-stat-interval 0
-informat s
-on-trigger 0x0
-off-trigger 0x0

---Simulation begins.
---Simulation complete.
l1-icache
 Metrics		      Total	      Instrn	       Data	       Read	      Write	       Misc
 -----------------	      ------	      ------	      ------	      ------	      ------	      ------
 Demand Fetches		  1999999970	  1999999970	           0	           0	           0	           0
  Fraction of total	      1.0000	      1.0000	      0.0000	      0.0000	      0.0000	      0.0000

 Demand Misses		         329	         329	           0	           0	           0	           0
  Demand miss rate	      0.0000	      0.0000	      0.0000	      0.0000	      0.0000	      0.0000

 Multi-block refs                 0
 Bytes From Memory	       21056
 ( / Demand Fetches)	      0.0000
 Bytes To Memory	           0
 ( / Demand Writes)	      0.0000
 Total Bytes r/w Mem	       21056
 ( / Demand Fetches)	      0.0000

l1-dcache
 Metrics		      Total	      Instrn	       Data	       Read	      Write	       Misc
 -----------------	      ------	      ------	      ------	      ------	      ------	      ------
 Demand Fetches		   900875270	           0	   900875270	   809931597	    90943673	           0
  Fraction of total	      1.0000	      0.0000	      1.0000	      0.8990	      0.1010	      0.0000

 Demand Misses		    64205778	           0	    64205778	    62274369	     1931409	           0
  Demand miss rate	      0.0713	      0.0000	      0.0713	      0.0769	      0.0212	      0.0000

 Multi-block refs                 0
 Bytes From Memory	  4109169792
 ( / Demand Fetches)	      4.5613
 Bytes To Memory	   487191936
 ( / Demand Writes)	      5.3571
 Total Bytes r/w Mem	  4596361728
 ( / Demand Fetches)	      5.1021

l2-dcache
 Metrics		      Total	      Instrn	       Data	       Read	      Write	       Misc
 -----------------	      ------	      ------	      ------	      ------	      ------	      ------
 Demand Fetches		    71818152	           0	    71818152	    64205778	     7612374	           0
  Fraction of total	      1.0000	      0.0000	      1.0000	      0.8940	      0.1060	      0.0000

 Demand Misses		    55806370	           0	    55806370	    55531259	      275111	           0
  Demand miss rate	      0.7771	      0.0000	      0.7771	      0.8649	      0.0361	      0.0000

 Multi-block refs                 0
 Bytes From Memory	  3554000576
 ( / Demand Fetches)	     49.4861
 Bytes To Memory	   423574784
 ( / Demand Writes)	     55.6429
 Total Bytes r/w Mem	  3977575360
 ( / Demand Fetches)	     55.3840

l3-dcache
 Metrics		      Total	      Instrn	       Data	       Read	      Write	       Misc
 -----------------	      ------	      ------	      ------	      ------	      ------	      ------
 Demand Fetches		    62149615	           0	    62149615	    55531259	     6618356	           0
  Fraction of total	      1.0000	      0.0000	      1.0000	      0.8935	      0.1065	      0.0000

 Demand Misses		    56945125	           0	    56945125	    54919617	     2025508	           0
  Demand miss rate	      0.9163	      0.0000	      0.9163	      0.9890	      0.3060	      0.0000

 Multi-block refs                 0
 Bytes From Memory	  3514855488
 ( / Demand Fetches)	     56.5547
 Bytes To Memory	   416662080
 ( / Demand Writes)	     62.9555
 Total Bytes r/w Mem	  3931517568
 ( / Demand Fetches)	     63.2589

---Execution complete.
