tracename equake_m2b
---Dinero IV cache simulator, version 7
---Written by Jan Edler and Mark D. Hill
---Copyright (C) 1997 NEC Research Institute, Inc. and Mark D. Hill.
---All rights reserved.
---Copyright (C) 1985, 1989 Mark D. Hill.  All rights reserved.
---See -copyright option for details

---Summary of options (-help option gives usage information).

-l1-isize 32768
-l1-dsize 32768
-l2-dsize 262144
-l3-dsize 2097152
-l1-ibsize 64
-l1-dbsize 64
-l2-dbsize 64
-l3-dbsize 64
-l1-isbsize 64
-l1-dsbsize 64
-l2-dsbsize 64
-l3-dsbsize 64
-l1-iassoc 8
-l1-dassoc 8
-l2-dassoc 8
-l3-dassoc 8
-l1-irepl l
-l1-drepl c
-l2-drepl c
-l3-drepl c
-l1-ifetch d
-l1-dfetch d
-l2-dfetch d
-l3-dfetch d
-l1-dwalloc a
-l2-dwalloc a
-l3-dwalloc a
-l1-dwback a
-l2-dwback a
-l3-dwback a
-skipcount 0
-flushcount 0
-maxcount 0
-stat-interval 0
-informat s
-on-trigger 0x0
-off-trigger 0x0

---Simulation begins.
---Simulation complete.
l1-icache
 Metrics		      Total	      Instrn	       Data	       Read	      Write	       Misc
 -----------------	      ------	      ------	      ------	      ------	      ------	      ------
 Demand Fetches		  1999999970	  1999999970	           0	           0	           0	           0
  Fraction of total	      1.0000	      1.0000	      0.0000	      0.0000	      0.0000	      0.0000

 Demand Misses		         329	         329	           0	           0	           0	           0
  Demand miss rate	      0.0000	      0.0000	      0.0000	      0.0000	      0.0000	      0.0000

 Multi-block refs                 0
 Bytes From Memory	       21056
 ( / Demand Fetches)	      0.0000
 Bytes To Memory	           0
 ( / Demand Writes)	      0.0000
 Total Bytes r/w Mem	       21056
 ( / Demand Fetches)	      0.0000

l1-dcache
 Metrics		      Total	      Instrn	       Data	       Read	      Write	       Misc
 -----------------	      ------	      ------	      ------	      ------	      ------	      ------
 Demand Fetches		   900875270	           0	   900875270	   809931597	    90943673	           0
  Fraction of total	      1.0000	      0.0000	      1.0000	      0.8990	      0.1010	      0.0000

 Demand Misses		    64206250	           0	    64206250	    62274815	     1931435	           0
  Demand miss rate	      0.0713	      0.0000	      0.0713	      0.0769	      0.0212	      0.0000

 Multi-block refs                 0
 Bytes From Memory	  4109200000
 ( / Demand Fetches)	      4.5613
 Bytes To Memory	   487161408
 ( / Demand Writes)	      5.3567
 Total Bytes r/w Mem	  4596361408
 ( / Demand Fetches)	      5.1021

l2-dcache
 Metrics		      Total	      Instrn	       Data	       Read	      Write	       Misc
 -----------------	      ------	      ------	      ------	      ------	      ------	      ------
 Demand Fetches		    71818147	           0	    71818147	    64206250	     7611897	           0
  Fraction of total	      1.0000	      0.0000	      1.0000	      0.8940	      0.1060	      0.0000

 Demand Misses		    55805640	           0	    55805640	    55531278	      274362	           0
  Demand miss rate	      0.7770	      0.0000	      0.7770	      0.8649	      0.0360	      0.0000

 Multi-block refs                 0
 Bytes From Memory	  3554001792
 ( / Demand Fetches)	     49.4861
 Bytes To Memory	   423553600
 ( / Demand Writes)	     55.6436
 Total Bytes r/w Mem	  3977555392
 ( / Demand Fetches)	     55.3837

l3-dcache
 Metrics		      Total	      Instrn	       Data	       Read	      Write	       Misc
 -----------------	      ------	      ------	      ------	      ------	      ------	      ------
 Demand Fetches		    62149303	           0	    62149303	    55531278	     6618025	           0
  Fraction of total	      1.0000	      0.0000	      1.0000	      0.8935	      0.1065	      0.0000

 Demand Misses		    53678525	           0	    53678525	    53469673	      208852	           0
  Demand miss rate	      0.8637	      0.0000	      0.8637	      0.9629	      0.0316	      0.0000

 Multi-block refs                 0
 Bytes From Memory	  3422059072
 ( / Demand Fetches)	     55.0619
 Bytes To Memory	   389642880
 ( / Demand Writes)	     58.8760
 Total Bytes r/w Mem	  3811701952
 ( / Demand Fetches)	     61.3314

---Execution complete.
