tracename equake_m2b
---Dinero IV cache simulator, version 7
---Written by Jan Edler and Mark D. Hill
---Copyright (C) 1997 NEC Research Institute, Inc. and Mark D. Hill.
---All rights reserved.
---Copyright (C) 1985, 1989 Mark D. Hill.  All rights reserved.
---See -copyright option for details

---Summary of options (-help option gives usage information).

-l1-isize 32768
-l1-dsize 32768
-l2-dsize 262144
-l3-dsize 8388608
-l1-ibsize 64
-l1-dbsize 64
-l2-dbsize 64
-l3-dbsize 64
-l1-isbsize 64
-l1-dsbsize 64
-l2-dsbsize 64
-l3-dsbsize 64
-l1-iassoc 8
-l1-dassoc 8
-l2-dassoc 8
-l3-dassoc 8
-l1-irepl l
-l1-drepl b
-l2-drepl b
-l3-drepl b
-l1-ifetch d
-l1-dfetch d
-l2-dfetch d
-l3-dfetch d
-l1-dwalloc a
-l2-dwalloc a
-l3-dwalloc a
-l1-dwback a
-l2-dwback a
-l3-dwback a
-skipcount 0
-flushcount 0
-maxcount 0
-stat-interval 0
-informat s
-on-trigger 0x0
-off-trigger 0x0

---Simulation begins.
---Simulation complete.
l1-icache
 Metrics		      Total	      Instrn	       Data	       Read	      Write	       Misc
 -----------------	      ------	      ------	      ------	      ------	      ------	      ------
 Demand Fetches		  1999999970	  1999999970	           0	           0	           0	           0
  Fraction of total	      1.0000	      1.0000	      0.0000	      0.0000	      0.0000	      0.0000

 Demand Misses		         329	         329	           0	           0	           0	           0
  Demand miss rate	      0.0000	      0.0000	      0.0000	      0.0000	      0.0000	      0.0000

 Multi-block refs                 0
 Bytes From Memory	       21056
 ( / Demand Fetches)	      0.0000
 Bytes To Memory	           0
 ( / Demand Writes)	      0.0000
 Total Bytes r/w Mem	       21056
 ( / Demand Fetches)	      0.0000

l1-dcache
 Metrics		      Total	      Instrn	       Data	       Read	      Write	       Misc
 -----------------	      ------	      ------	      ------	      ------	      ------	      ------
 Demand Fetches		   900875270	           0	   900875270	   809931597	    90943673	           0
  Fraction of total	      1.0000	      0.0000	      1.0000	      0.8990	      0.1010	      0.0000

 Demand Misses		    64779037	           0	    64779037	    62847187	     1931850	           0
  Demand miss rate	      0.0719	      0.0000	      0.0719	      0.0776	      0.0212	      0.0000

 Multi-block refs                 0
 Bytes From Memory	  4145858368
 ( / Demand Fetches)	      4.6020
 Bytes To Memory	   495016064
 ( / Demand Writes)	      5.4431
 Total Bytes r/w Mem	  4640874432
 ( / Demand Fetches)	      5.1515

l2-dcache
 Metrics		      Total	      Instrn	       Data	       Read	      Write	       Misc
 -----------------	      ------	      ------	      ------	      ------	      ------	      ------
 Demand Fetches		    72513663	           0	    72513663	    64779037	     7734626	           0
  Fraction of total	      1.0000	      0.0000	      1.0000	      0.8933	      0.1067	      0.0000

 Demand Misses		    56138638	           0	    56138638	    55747506	      391132	           0
  Demand miss rate	      0.7742	      0.0000	      0.7742	      0.8606	      0.0506	      0.0000

 Multi-block refs                 0
 Bytes From Memory	  3567840384
 ( / Demand Fetches)	     49.2023
 Bytes To Memory	   426566976
 ( / Demand Writes)	     55.1503
 Total Bytes r/w Mem	  3994407360
 ( / Demand Fetches)	     55.0849

l3-dcache
 Metrics		      Total	      Instrn	       Data	       Read	      Write	       Misc
 -----------------	      ------	      ------	      ------	      ------	      ------	      ------
 Demand Fetches		    62412615	           0	    62412615	    55747506	     6665109	           0
  Fraction of total	      1.0000	      0.0000	      1.0000	      0.8932	      0.1068	      0.0000

 Demand Misses		    46602824	           0	    46602824	    46562022	       40802	           0
  Demand miss rate	      0.7467	      0.0000	      0.7467	      0.8352	      0.0061	      0.0000

 Multi-block refs                 0
 Bytes From Memory	  2979969408
 ( / Demand Fetches)	     47.7463
 Bytes To Memory	   271864768
 ( / Demand Writes)	     40.7892
 Total Bytes r/w Mem	  3251834176
 ( / Demand Fetches)	     52.1022

---Execution complete.
