tracename equake_m2b
---Dinero IV cache simulator, version 7
---Written by Jan Edler and Mark D. Hill
---Copyright (C) 1997 NEC Research Institute, Inc. and Mark D. Hill.
---All rights reserved.
---Copyright (C) 1985, 1989 Mark D. Hill.  All rights reserved.
---See -copyright option for details

---Summary of options (-help option gives usage information).

-l1-isize 32768
-l1-dsize 32768
-l2-dsize 262144
-l3-dsize 4194304
-l1-ibsize 64
-l1-dbsize 64
-l2-dbsize 64
-l3-dbsize 64
-l1-isbsize 64
-l1-dsbsize 64
-l2-dsbsize 64
-l3-dsbsize 64
-l1-iassoc 8
-l1-dassoc 8
-l2-dassoc 8
-l3-dassoc 8
-l1-irepl l
-l1-drepl c
-l2-drepl c
-l3-drepl c
-l1-ifetch d
-l1-dfetch d
-l2-dfetch d
-l3-dfetch d
-l1-dwalloc a
-l2-dwalloc a
-l3-dwalloc a
-l1-dwback a
-l2-dwback a
-l3-dwback a
-skipcount 0
-flushcount 0
-maxcount 0
-stat-interval 0
-informat s
-on-trigger 0x0
-off-trigger 0x0

---Simulation begins.
---Simulation complete.
l1-icache
 Metrics		      Total	      Instrn	       Data	       Read	      Write	       Misc
 -----------------	      ------	      ------	      ------	      ------	      ------	      ------
 Demand Fetches		  1999999970	  1999999970	           0	           0	           0	           0
  Fraction of total	      1.0000	      1.0000	      0.0000	      0.0000	      0.0000	      0.0000

 Demand Misses		         329	         329	           0	           0	           0	           0
  Demand miss rate	      0.0000	      0.0000	      0.0000	      0.0000	      0.0000	      0.0000

 Multi-block refs                 0
 Bytes From Memory	       21056
 ( / Demand Fetches)	      0.0000
 Bytes To Memory	           0
 ( / Demand Writes)	      0.0000
 Total Bytes r/w Mem	       21056
 ( / Demand Fetches)	      0.0000

l1-dcache
 Metrics		      Total	      Instrn	       Data	       Read	      Write	       Misc
 -----------------	      ------	      ------	      ------	      ------	      ------	      ------
 Demand Fetches		   900875270	           0	   900875270	   809931597	    90943673	           0
  Fraction of total	      1.0000	      0.0000	      1.0000	      0.8990	      0.1010	      0.0000

 Demand Misses		    64206538	           0	    64206538	    62275100	     1931438	           0
  Demand miss rate	      0.0713	      0.0000	      0.0713	      0.0769	      0.0212	      0.0000

 Multi-block refs                 0
 Bytes From Memory	  4109218432
 ( / Demand Fetches)	      4.5614
 Bytes To Memory	   487111488
 ( / Demand Writes)	      5.3562
 Total Bytes r/w Mem	  4596329920
 ( / Demand Fetches)	      5.1021

l2-dcache
 Metrics		      Total	      Instrn	       Data	       Read	      Write	       Misc
 -----------------	      ------	      ------	      ------	      ------	      ------	      ------
 Demand Fetches		    71817655	           0	    71817655	    64206538	     7611117	           0
  Fraction of total	      1.0000	      0.0000	      1.0000	      0.8940	      0.1060	      0.0000

 Demand Misses		    55807577	           0	    55807577	    55532062	      275515	           0
  Demand miss rate	      0.7771	      0.0000	      0.7771	      0.8649	      0.0362	      0.0000

 Multi-block refs                 0
 Bytes From Memory	  3554051968
 ( / Demand Fetches)	     49.4872
 Bytes To Memory	   423597952
 ( / Demand Writes)	     55.6552
 Total Bytes r/w Mem	  3977649920
 ( / Demand Fetches)	     55.3854

l3-dcache
 Metrics		      Total	      Instrn	       Data	       Read	      Write	       Misc
 -----------------	      ------	      ------	      ------	      ------	      ------	      ------
 Demand Fetches		    62150780	           0	    62150780	    55532062	     6618718	           0
  Fraction of total	      1.0000	      0.0000	      1.0000	      0.8935	      0.1065	      0.0000

 Demand Misses		    50675803	           0	    50675803	    50606260	       69543	           0
  Demand miss rate	      0.8154	      0.0000	      0.8154	      0.9113	      0.0105	      0.0000

 Multi-block refs                 0
 Bytes From Memory	  3238800640
 ( / Demand Fetches)	     52.1120
 Bytes To Memory	   344333440
 ( / Demand Writes)	     52.0242
 Total Bytes r/w Mem	  3583134080
 ( / Demand Fetches)	     57.6523

---Execution complete.
