tracename equake_m2b
---Dinero IV cache simulator, version 7
---Written by Jan Edler and Mark D. Hill
---Copyright (C) 1997 NEC Research Institute, Inc. and Mark D. Hill.
---All rights reserved.
---Copyright (C) 1985, 1989 Mark D. Hill.  All rights reserved.
---See -copyright option for details

---Summary of options (-help option gives usage information).

-l1-isize 32768
-l1-dsize 32768
-l2-dsize 262144
-l3-dsize 33554432
-l1-ibsize 64
-l1-dbsize 64
-l2-dbsize 64
-l3-dbsize 64
-l1-isbsize 64
-l1-dsbsize 64
-l2-dsbsize 64
-l3-dsbsize 64
-l1-iassoc 8
-l1-dassoc 8
-l2-dassoc 8
-l3-dassoc 8
-l1-irepl l
-l1-drepl b
-l2-drepl b
-l3-drepl b
-l1-ifetch d
-l1-dfetch d
-l2-dfetch d
-l3-dfetch d
-l1-dwalloc a
-l2-dwalloc a
-l3-dwalloc a
-l1-dwback a
-l2-dwback a
-l3-dwback a
-skipcount 0
-flushcount 0
-maxcount 0
-stat-interval 0
-informat s
-on-trigger 0x0
-off-trigger 0x0

---Simulation begins.
---Simulation complete.
l1-icache
 Metrics		      Total	      Instrn	       Data	       Read	      Write	       Misc
 -----------------	      ------	      ------	      ------	      ------	      ------	      ------
 Demand Fetches		  1999999970	  1999999970	           0	           0	           0	           0
  Fraction of total	      1.0000	      1.0000	      0.0000	      0.0000	      0.0000	      0.0000

 Demand Misses		         329	         329	           0	           0	           0	           0
  Demand miss rate	      0.0000	      0.0000	      0.0000	      0.0000	      0.0000	      0.0000

 Multi-block refs                 0
 Bytes From Memory	       21056
 ( / Demand Fetches)	      0.0000
 Bytes To Memory	           0
 ( / Demand Writes)	      0.0000
 Total Bytes r/w Mem	       21056
 ( / Demand Fetches)	      0.0000

l1-dcache
 Metrics		      Total	      Instrn	       Data	       Read	      Write	       Misc
 -----------------	      ------	      ------	      ------	      ------	      ------	      ------
 Demand Fetches		   900875270	           0	   900875270	   809931597	    90943673	           0
  Fraction of total	      1.0000	      0.0000	      1.0000	      0.8990	      0.1010	      0.0000

 Demand Misses		    64782345	           0	    64782345	    62850528	     1931817	           0
  Demand miss rate	      0.0719	      0.0000	      0.0719	      0.0776	      0.0212	      0.0000

 Multi-block refs                 0
 Bytes From Memory	  4146070080
 ( / Demand Fetches)	      4.6023
 Bytes To Memory	   495096704
 ( / Demand Writes)	      5.4440
 Total Bytes r/w Mem	  4641166784
 ( / Demand Fetches)	      5.1518

l2-dcache
 Metrics		      Total	      Instrn	       Data	       Read	      Write	       Misc
 -----------------	      ------	      ------	      ------	      ------	      ------	      ------
 Demand Fetches		    72518231	           0	    72518231	    64782345	     7735886	           0
  Fraction of total	      1.0000	      0.0000	      1.0000	      0.8933	      0.1067	      0.0000

 Demand Misses		    56140084	           0	    56140084	    55748300	      391784	           0
  Demand miss rate	      0.7742	      0.0000	      0.7742	      0.8605	      0.0506	      0.0000

 Multi-block refs                 0
 Bytes From Memory	  3567891200
 ( / Demand Fetches)	     49.1999
 Bytes To Memory	   426569856
 ( / Demand Writes)	     55.1417
 Total Bytes r/w Mem	  3994461056
 ( / Demand Fetches)	     55.0822

l3-dcache
 Metrics		      Total	      Instrn	       Data	       Read	      Write	       Misc
 -----------------	      ------	      ------	      ------	      ------	      ------	      ------
 Demand Fetches		    62413454	           0	    62413454	    55748300	     6665154	           0
  Fraction of total	      1.0000	      0.0000	      1.0000	      0.8932	      0.1068	      0.0000

 Demand Misses		    19891256	           0	    19891256	    19888186	        3070	           0
  Demand miss rate	      0.3187	      0.0000	      0.3187	      0.3567	      0.0005	      0.0000

 Multi-block refs                 0
 Bytes From Memory	  1272843904
 ( / Demand Fetches)	     20.3937
 Bytes To Memory	    85027392
 ( / Demand Writes)	     12.7570
 Total Bytes r/w Mem	  1357871296
 ( / Demand Fetches)	     21.7561

---Execution complete.
