tracename equake_m2b
---Dinero IV cache simulator, version 7
---Written by Jan Edler and Mark D. Hill
---Copyright (C) 1997 NEC Research Institute, Inc. and Mark D. Hill.
---All rights reserved.
---Copyright (C) 1985, 1989 Mark D. Hill.  All rights reserved.
---See -copyright option for details

---Summary of options (-help option gives usage information).

-l1-isize 32768
-l1-dsize 32768
-l2-dsize 262144
-l3-dsize 33554432
-l1-ibsize 64
-l1-dbsize 64
-l2-dbsize 64
-l3-dbsize 64
-l1-isbsize 64
-l1-dsbsize 64
-l2-dsbsize 64
-l3-dsbsize 64
-l1-iassoc 8
-l1-dassoc 8
-l2-dassoc 8
-l3-dassoc 8
-l1-irepl l
-l1-drepl r
-l2-drepl r
-l3-drepl r
-l1-ifetch d
-l1-dfetch d
-l2-dfetch d
-l3-dfetch d
-l1-dwalloc a
-l2-dwalloc a
-l3-dwalloc a
-l1-dwback a
-l2-dwback a
-l3-dwback a
-skipcount 0
-flushcount 0
-maxcount 0
-stat-interval 0
-informat s
-on-trigger 0x0
-off-trigger 0x0

---Simulation begins.
---Simulation complete.
l1-icache
 Metrics		      Total	      Instrn	       Data	       Read	      Write	       Misc
 -----------------	      ------	      ------	      ------	      ------	      ------	      ------
 Demand Fetches		  1999999970	  1999999970	           0	           0	           0	           0
  Fraction of total	      1.0000	      1.0000	      0.0000	      0.0000	      0.0000	      0.0000

 Demand Misses		         329	         329	           0	           0	           0	           0
  Demand miss rate	      0.0000	      0.0000	      0.0000	      0.0000	      0.0000	      0.0000

 Multi-block refs                 0
 Bytes From Memory	       21056
 ( / Demand Fetches)	      0.0000
 Bytes To Memory	           0
 ( / Demand Writes)	      0.0000
 Total Bytes r/w Mem	       21056
 ( / Demand Fetches)	      0.0000

l1-dcache
 Metrics		      Total	      Instrn	       Data	       Read	      Write	       Misc
 -----------------	      ------	      ------	      ------	      ------	      ------	      ------
 Demand Fetches		   900875270	           0	   900875270	   809931597	    90943673	           0
  Fraction of total	      1.0000	      0.0000	      1.0000	      0.8990	      0.1010	      0.0000

 Demand Misses		    67340615	           0	    67340615	    65405637	     1934978	           0
  Demand miss rate	      0.0748	      0.0000	      0.0748	      0.0808	      0.0213	      0.0000

 Multi-block refs                 0
 Bytes From Memory	  4309799360
 ( / Demand Fetches)	      4.7840
 Bytes To Memory	   522011968
 ( / Demand Writes)	      5.7399
 Total Bytes r/w Mem	  4831811328
 ( / Demand Fetches)	      5.3635

l2-dcache
 Metrics		      Total	      Instrn	       Data	       Read	      Write	       Misc
 -----------------	      ------	      ------	      ------	      ------	      ------	      ------
 Demand Fetches		    75497052	           0	    75497052	    67340615	     8156437	           0
  Fraction of total	      1.0000	      0.0000	      1.0000	      0.8920	      0.1080	      0.0000

 Demand Misses		    57187035	           0	    57187035	    56427644	      759391	           0
  Demand miss rate	      0.7575	      0.0000	      0.7575	      0.8379	      0.0931	      0.0000

 Multi-block refs                 0
 Bytes From Memory	  3611369216
 ( / Demand Fetches)	     47.8346
 Bytes To Memory	   436608000
 ( / Demand Writes)	     53.5293
 Total Bytes r/w Mem	  4047977216
 ( / Demand Fetches)	     53.6177

l3-dcache
 Metrics		      Total	      Instrn	       Data	       Read	      Write	       Misc
 -----------------	      ------	      ------	      ------	      ------	      ------	      ------
 Demand Fetches		    63249644	           0	    63249644	    56427644	     6822000	           0
  Fraction of total	      1.0000	      0.0000	      1.0000	      0.8921	      0.1079	      0.0000

 Demand Misses		    17013739	           0	    17013739	    17007033	        6706	           0
  Demand miss rate	      0.2690	      0.0000	      0.2690	      0.3014	      0.0010	      0.0000

 Multi-block refs                 0
 Bytes From Memory	  1088450112
 ( / Demand Fetches)	     17.2088
 Bytes To Memory	    85876160
 ( / Demand Writes)	     12.5881
 Total Bytes r/w Mem	  1174326272
 ( / Demand Fetches)	     18.5665

---Execution complete.
