tracename equake_m2b
---Dinero IV cache simulator, version 7
---Written by Jan Edler and Mark D. Hill
---Copyright (C) 1997 NEC Research Institute, Inc. and Mark D. Hill.
---All rights reserved.
---Copyright (C) 1985, 1989 Mark D. Hill.  All rights reserved.
---See -copyright option for details

---Summary of options (-help option gives usage information).

-l1-isize 32768
-l1-dsize 32768
-l2-dsize 262144
-l3-dsize 1048576
-l1-ibsize 64
-l1-dbsize 64
-l2-dbsize 64
-l3-dbsize 64
-l1-isbsize 64
-l1-dsbsize 64
-l2-dsbsize 64
-l3-dsbsize 64
-l1-iassoc 8
-l1-dassoc 8
-l2-dassoc 8
-l3-dassoc 8
-l1-irepl l
-l1-drepl r
-l2-drepl r
-l3-drepl r
-l1-ifetch d
-l1-dfetch d
-l2-dfetch d
-l3-dfetch d
-l1-dwalloc a
-l2-dwalloc a
-l3-dwalloc a
-l1-dwback a
-l2-dwback a
-l3-dwback a
-skipcount 0
-flushcount 0
-maxcount 0
-stat-interval 0
-informat s
-on-trigger 0x0
-off-trigger 0x0

---Simulation begins.
---Simulation complete.
l1-icache
 Metrics		      Total	      Instrn	       Data	       Read	      Write	       Misc
 -----------------	      ------	      ------	      ------	      ------	      ------	      ------
 Demand Fetches		  1999999970	  1999999970	           0	           0	           0	           0
  Fraction of total	      1.0000	      1.0000	      0.0000	      0.0000	      0.0000	      0.0000

 Demand Misses		         329	         329	           0	           0	           0	           0
  Demand miss rate	      0.0000	      0.0000	      0.0000	      0.0000	      0.0000	      0.0000

 Multi-block refs                 0
 Bytes From Memory	       21056
 ( / Demand Fetches)	      0.0000
 Bytes To Memory	           0
 ( / Demand Writes)	      0.0000
 Total Bytes r/w Mem	       21056
 ( / Demand Fetches)	      0.0000

l1-dcache
 Metrics		      Total	      Instrn	       Data	       Read	      Write	       Misc
 -----------------	      ------	      ------	      ------	      ------	      ------	      ------
 Demand Fetches		   900875270	           0	   900875270	   809931597	    90943673	           0
  Fraction of total	      1.0000	      0.0000	      1.0000	      0.8990	      0.1010	      0.0000

 Demand Misses		    67350481	           0	    67350481	    65415500	     1934981	           0
  Demand miss rate	      0.0748	      0.0000	      0.0748	      0.0808	      0.0213	      0.0000

 Multi-block refs                 0
 Bytes From Memory	  4310430784
 ( / Demand Fetches)	      4.7847
 Bytes To Memory	   521998912
 ( / Demand Writes)	      5.7398
 Total Bytes r/w Mem	  4832429696
 ( / Demand Fetches)	      5.3641

l2-dcache
 Metrics		      Total	      Instrn	       Data	       Read	      Write	       Misc
 -----------------	      ------	      ------	      ------	      ------	      ------	      ------
 Demand Fetches		    75506714	           0	    75506714	    67350481	     8156233	           0
  Fraction of total	      1.0000	      0.0000	      1.0000	      0.8920	      0.1080	      0.0000

 Demand Misses		    57185157	           0	    57185157	    56424329	      760828	           0
  Demand miss rate	      0.7574	      0.0000	      0.7574	      0.8378	      0.0933	      0.0000

 Multi-block refs                 0
 Bytes From Memory	  3611157056
 ( / Demand Fetches)	     47.8256
 Bytes To Memory	   436536832
 ( / Demand Writes)	     53.5219
 Total Bytes r/w Mem	  4047693888
 ( / Demand Fetches)	     53.6071

l3-dcache
 Metrics		      Total	      Instrn	       Data	       Read	      Write	       Misc
 -----------------	      ------	      ------	      ------	      ------	      ------	      ------
 Demand Fetches		    63245217	           0	    63245217	    56424329	     6820888	           0
  Fraction of total	      1.0000	      0.0000	      1.0000	      0.8922	      0.1078	      0.0000

 Demand Misses		    55937584	           0	    55937584	    54567012	     1370572	           0
  Demand miss rate	      0.8845	      0.0000	      0.8845	      0.9671	      0.2009	      0.0000

 Multi-block refs                 0
 Bytes From Memory	  3492288768
 ( / Demand Fetches)	     55.2182
 Bytes To Memory	   412716480
 ( / Demand Writes)	     60.5077
 Total Bytes r/w Mem	  3905005248
 ( / Demand Fetches)	     61.7439

---Execution complete.
