tracename equake_m2b
---Dinero IV cache simulator, version 7
---Written by Jan Edler and Mark D. Hill
---Copyright (C) 1997 NEC Research Institute, Inc. and Mark D. Hill.
---All rights reserved.
---Copyright (C) 1985, 1989 Mark D. Hill.  All rights reserved.
---See -copyright option for details

---Summary of options (-help option gives usage information).

-l1-isize 32768
-l1-dsize 32768
-l2-dsize 262144
-l3-dsize 8388608
-l1-ibsize 64
-l1-dbsize 64
-l2-dbsize 64
-l3-dbsize 64
-l1-isbsize 64
-l1-dsbsize 64
-l2-dsbsize 64
-l3-dsbsize 64
-l1-iassoc 8
-l1-dassoc 8
-l2-dassoc 8
-l3-dassoc 8
-l1-irepl l
-l1-drepl l
-l2-drepl l
-l3-drepl l
-l1-ifetch d
-l1-dfetch d
-l2-dfetch d
-l3-dfetch d
-l1-dwalloc a
-l2-dwalloc a
-l3-dwalloc a
-l1-dwback a
-l2-dwback a
-l3-dwback a
-skipcount 0
-flushcount 0
-maxcount 0
-stat-interval 0
-informat s
-on-trigger 0x0
-off-trigger 0x0

---Simulation begins.
---Simulation complete.
l1-icache
 Metrics		      Total	      Instrn	       Data	       Read	      Write	       Misc
 -----------------	      ------	      ------	      ------	      ------	      ------	      ------
 Demand Fetches		  1999999970	  1999999970	           0	           0	           0	           0
  Fraction of total	      1.0000	      1.0000	      0.0000	      0.0000	      0.0000	      0.0000

 Demand Misses		         329	         329	           0	           0	           0	           0
  Demand miss rate	      0.0000	      0.0000	      0.0000	      0.0000	      0.0000	      0.0000

 Multi-block refs                 0
 Bytes From Memory	       21056
 ( / Demand Fetches)	      0.0000
 Bytes To Memory	           0
 ( / Demand Writes)	      0.0000
 Total Bytes r/w Mem	       21056
 ( / Demand Fetches)	      0.0000

l1-dcache
 Metrics		      Total	      Instrn	       Data	       Read	      Write	       Misc
 -----------------	      ------	      ------	      ------	      ------	      ------	      ------
 Demand Fetches		   900875270	           0	   900875270	   809931597	    90943673	           0
  Fraction of total	      1.0000	      0.0000	      1.0000	      0.8990	      0.1010	      0.0000

 Demand Misses		    69460063	           0	    69460063	    67529111	     1930952	           0
  Demand miss rate	      0.0771	      0.0000	      0.0771	      0.0834	      0.0212	      0.0000

 Multi-block refs                 0
 Bytes From Memory	  4445444032
 ( / Demand Fetches)	      4.9346
 Bytes To Memory	   467790784
 ( / Demand Writes)	      5.1437
 Total Bytes r/w Mem	  4913234816
 ( / Demand Fetches)	      5.4538

l2-dcache
 Metrics		      Total	      Instrn	       Data	       Read	      Write	       Misc
 -----------------	      ------	      ------	      ------	      ------	      ------	      ------
 Demand Fetches		    76769294	           0	    76769294	    69460063	     7309231	           0
  Fraction of total	      1.0000	      0.0000	      1.0000	      0.9048	      0.0952	      0.0000

 Demand Misses		    55013835	           0	    55013835	    55012406	        1429	           0
  Demand miss rate	      0.7166	      0.0000	      0.7166	      0.7920	      0.0002	      0.0000

 Multi-block refs                 0
 Bytes From Memory	  3520793984
 ( / Demand Fetches)	     45.8620
 Bytes To Memory	   415964864
 ( / Demand Writes)	     56.9095
 Total Bytes r/w Mem	  3936758848
 ( / Demand Fetches)	     51.2804

l3-dcache
 Metrics		      Total	      Instrn	       Data	       Read	      Write	       Misc
 -----------------	      ------	      ------	      ------	      ------	      ------	      ------
 Demand Fetches		    61511857	           0	    61511857	    55012406	     6499451	           0
  Fraction of total	      1.0000	      0.0000	      1.0000	      0.8943	      0.1057	      0.0000

 Demand Misses		    45630630	           0	    45630630	    45630545	          85	           0
  Demand miss rate	      0.7418	      0.0000	      0.7418	      0.8295	      0.0000	      0.0000

 Multi-block refs                 0
 Bytes From Memory	  2920354880
 ( / Demand Fetches)	     47.4763
 Bytes To Memory	   254678528
 ( / Demand Writes)	     39.1846
 Total Bytes r/w Mem	  3175033408
 ( / Demand Fetches)	     51.6166

---Execution complete.
