tracename equake_m2b
---Dinero IV cache simulator, version 7
---Written by Jan Edler and Mark D. Hill
---Copyright (C) 1997 NEC Research Institute, Inc. and Mark D. Hill.
---All rights reserved.
---Copyright (C) 1985, 1989 Mark D. Hill.  All rights reserved.
---See -copyright option for details

---Summary of options (-help option gives usage information).

-l1-isize 32768
-l1-dsize 32768
-l2-dsize 262144
-l3-dsize 2097152
-l1-ibsize 64
-l1-dbsize 64
-l2-dbsize 64
-l3-dbsize 64
-l1-isbsize 64
-l1-dsbsize 64
-l2-dsbsize 64
-l3-dsbsize 64
-l1-iassoc 8
-l1-dassoc 8
-l2-dassoc 8
-l3-dassoc 8
-l1-irepl l
-l1-drepl f
-l2-drepl f
-l3-drepl f
-l1-ifetch d
-l1-dfetch d
-l2-dfetch d
-l3-dfetch d
-l1-dwalloc a
-l2-dwalloc a
-l3-dwalloc a
-l1-dwback a
-l2-dwback a
-l3-dwback a
-skipcount 0
-flushcount 0
-maxcount 0
-stat-interval 0
-informat s
-on-trigger 0x0
-off-trigger 0x0

---Simulation begins.
---Simulation complete.
l1-icache
 Metrics		      Total	      Instrn	       Data	       Read	      Write	       Misc
 -----------------	      ------	      ------	      ------	      ------	      ------	      ------
 Demand Fetches		  1999999970	  1999999970	           0	           0	           0	           0
  Fraction of total	      1.0000	      1.0000	      0.0000	      0.0000	      0.0000	      0.0000

 Demand Misses		         329	         329	           0	           0	           0	           0
  Demand miss rate	      0.0000	      0.0000	      0.0000	      0.0000	      0.0000	      0.0000

 Multi-block refs                 0
 Bytes From Memory	       21056
 ( / Demand Fetches)	      0.0000
 Bytes To Memory	           0
 ( / Demand Writes)	      0.0000
 Total Bytes r/w Mem	       21056
 ( / Demand Fetches)	      0.0000

l1-dcache
 Metrics		      Total	      Instrn	       Data	       Read	      Write	       Misc
 -----------------	      ------	      ------	      ------	      ------	      ------	      ------
 Demand Fetches		   900875270	           0	   900875270	   809931597	    90943673	           0
  Fraction of total	      1.0000	      0.0000	      1.0000	      0.8990	      0.1010	      0.0000

 Demand Misses		    68902070	           0	    68902070	    66971118	     1930952	           0
  Demand miss rate	      0.0765	      0.0000	      0.0765	      0.0827	      0.0212	      0.0000

 Multi-block refs                 0
 Bytes From Memory	  4409732480
 ( / Demand Fetches)	      4.8949
 Bytes To Memory	   494222272
 ( / Demand Writes)	      5.4344
 Total Bytes r/w Mem	  4903954752
 ( / Demand Fetches)	      5.4435

l2-dcache
 Metrics		      Total	      Instrn	       Data	       Read	      Write	       Misc
 -----------------	      ------	      ------	      ------	      ------	      ------	      ------
 Demand Fetches		    76624293	           0	    76624293	    68902070	     7722223	           0
  Fraction of total	      1.0000	      0.0000	      1.0000	      0.8992	      0.1008	      0.0000

 Demand Misses		    55246245	           0	    55246245	    55185472	       60773	           0
  Demand miss rate	      0.7210	      0.0000	      0.7210	      0.8009	      0.0079	      0.0000

 Multi-block refs                 0
 Bytes From Memory	  3531870208
 ( / Demand Fetches)	     46.0933
 Bytes To Memory	   422811072
 ( / Demand Writes)	     54.7525
 Total Bytes r/w Mem	  3954681280
 ( / Demand Fetches)	     51.6113

l3-dcache
 Metrics		      Total	      Instrn	       Data	       Read	      Write	       Misc
 -----------------	      ------	      ------	      ------	      ------	      ------	      ------
 Demand Fetches		    61791895	           0	    61791895	    55185472	     6606423	           0
  Fraction of total	      1.0000	      0.0000	      1.0000	      0.8931	      0.1069	      0.0000

 Demand Misses		    53833071	           0	    53833071	    53746107	       86964	           0
  Demand miss rate	      0.8712	      0.0000	      0.8712	      0.9739	      0.0132	      0.0000

 Multi-block refs                 0
 Bytes From Memory	  3439750848
 ( / Demand Fetches)	     55.6667
 Bytes To Memory	   397795584
 ( / Demand Writes)	     60.2135
 Total Bytes r/w Mem	  3837546432
 ( / Demand Fetches)	     62.1044

---Execution complete.
