tracename equake_m2b
---Dinero IV cache simulator, version 7
---Written by Jan Edler and Mark D. Hill
---Copyright (C) 1997 NEC Research Institute, Inc. and Mark D. Hill.
---All rights reserved.
---Copyright (C) 1985, 1989 Mark D. Hill.  All rights reserved.
---See -copyright option for details

---Summary of options (-help option gives usage information).

-l1-isize 32768
-l1-dsize 32768
-l2-dsize 262144
-l3-dsize 2097152
-l1-ibsize 64
-l1-dbsize 64
-l2-dbsize 64
-l3-dbsize 64
-l1-isbsize 64
-l1-dsbsize 64
-l2-dsbsize 64
-l3-dsbsize 64
-l1-iassoc 8
-l1-dassoc 8
-l2-dassoc 8
-l3-dassoc 8
-l1-irepl l
-l1-drepl r
-l2-drepl r
-l3-drepl r
-l1-ifetch d
-l1-dfetch d
-l2-dfetch d
-l3-dfetch d
-l1-dwalloc a
-l2-dwalloc a
-l3-dwalloc a
-l1-dwback a
-l2-dwback a
-l3-dwback a
-skipcount 0
-flushcount 0
-maxcount 0
-stat-interval 0
-informat s
-on-trigger 0x0
-off-trigger 0x0

---Simulation begins.
---Simulation complete.
l1-icache
 Metrics		      Total	      Instrn	       Data	       Read	      Write	       Misc
 -----------------	      ------	      ------	      ------	      ------	      ------	      ------
 Demand Fetches		  1999999970	  1999999970	           0	           0	           0	           0
  Fraction of total	      1.0000	      1.0000	      0.0000	      0.0000	      0.0000	      0.0000

 Demand Misses		         329	         329	           0	           0	           0	           0
  Demand miss rate	      0.0000	      0.0000	      0.0000	      0.0000	      0.0000	      0.0000

 Multi-block refs                 0
 Bytes From Memory	       21056
 ( / Demand Fetches)	      0.0000
 Bytes To Memory	           0
 ( / Demand Writes)	      0.0000
 Total Bytes r/w Mem	       21056
 ( / Demand Fetches)	      0.0000

l1-dcache
 Metrics		      Total	      Instrn	       Data	       Read	      Write	       Misc
 -----------------	      ------	      ------	      ------	      ------	      ------	      ------
 Demand Fetches		   900875270	           0	   900875270	   809931597	    90943673	           0
  Fraction of total	      1.0000	      0.0000	      1.0000	      0.8990	      0.1010	      0.0000

 Demand Misses		    67341858	           0	    67341858	    65406759	     1935099	           0
  Demand miss rate	      0.0748	      0.0000	      0.0748	      0.0808	      0.0213	      0.0000

 Multi-block refs                 0
 Bytes From Memory	  4309878912
 ( / Demand Fetches)	      4.7841
 Bytes To Memory	   522031104
 ( / Demand Writes)	      5.7402
 Total Bytes r/w Mem	  4831910016
 ( / Demand Fetches)	      5.3636

l2-dcache
 Metrics		      Total	      Instrn	       Data	       Read	      Write	       Misc
 -----------------	      ------	      ------	      ------	      ------	      ------	      ------
 Demand Fetches		    75498594	           0	    75498594	    67341858	     8156736	           0
  Fraction of total	      1.0000	      0.0000	      1.0000	      0.8920	      0.1080	      0.0000

 Demand Misses		    57184825	           0	    57184825	    56426170	      758655	           0
  Demand miss rate	      0.7574	      0.0000	      0.7574	      0.8379	      0.0930	      0.0000

 Multi-block refs                 0
 Bytes From Memory	  3611274880
 ( / Demand Fetches)	     47.8323
 Bytes To Memory	   436582656
 ( / Demand Writes)	     53.5242
 Total Bytes r/w Mem	  4047857536
 ( / Demand Fetches)	     53.6150

l3-dcache
 Metrics		      Total	      Instrn	       Data	       Read	      Write	       Misc
 -----------------	      ------	      ------	      ------	      ------	      ------	      ------
 Demand Fetches		    63247774	           0	    63247774	    56426170	     6821604	           0
  Fraction of total	      1.0000	      0.0000	      1.0000	      0.8921	      0.1079	      0.0000

 Demand Misses		    53913103	           0	    53913103	    53283048	      630055	           0
  Demand miss rate	      0.8524	      0.0000	      0.8524	      0.9443	      0.0924	      0.0000

 Multi-block refs                 0
 Bytes From Memory	  3410115072
 ( / Demand Fetches)	     53.9168
 Bytes To Memory	   391005312
 ( / Demand Writes)	     57.3187
 Total Bytes r/w Mem	  3801120384
 ( / Demand Fetches)	     60.0989

---Execution complete.
