tracename equake_m2b
---Dinero IV cache simulator, version 7
---Written by Jan Edler and Mark D. Hill
---Copyright (C) 1997 NEC Research Institute, Inc. and Mark D. Hill.
---All rights reserved.
---Copyright (C) 1985, 1989 Mark D. Hill.  All rights reserved.
---See -copyright option for details

---Summary of options (-help option gives usage information).

-l1-isize 32768
-l1-dsize 32768
-l2-dsize 262144
-l3-dsize 16777216
-l1-ibsize 64
-l1-dbsize 64
-l2-dbsize 64
-l3-dbsize 64
-l1-isbsize 64
-l1-dsbsize 64
-l2-dsbsize 64
-l3-dsbsize 64
-l1-iassoc 8
-l1-dassoc 8
-l2-dassoc 8
-l3-dassoc 8
-l1-irepl l
-l1-drepl r
-l2-drepl r
-l3-drepl r
-l1-ifetch d
-l1-dfetch d
-l2-dfetch d
-l3-dfetch d
-l1-dwalloc a
-l2-dwalloc a
-l3-dwalloc a
-l1-dwback a
-l2-dwback a
-l3-dwback a
-skipcount 0
-flushcount 0
-maxcount 0
-stat-interval 0
-informat s
-on-trigger 0x0
-off-trigger 0x0

---Simulation begins.
---Simulation complete.
l1-icache
 Metrics		      Total	      Instrn	       Data	       Read	      Write	       Misc
 -----------------	      ------	      ------	      ------	      ------	      ------	      ------
 Demand Fetches		  1999999970	  1999999970	           0	           0	           0	           0
  Fraction of total	      1.0000	      1.0000	      0.0000	      0.0000	      0.0000	      0.0000

 Demand Misses		         329	         329	           0	           0	           0	           0
  Demand miss rate	      0.0000	      0.0000	      0.0000	      0.0000	      0.0000	      0.0000

 Multi-block refs                 0
 Bytes From Memory	       21056
 ( / Demand Fetches)	      0.0000
 Bytes To Memory	           0
 ( / Demand Writes)	      0.0000
 Total Bytes r/w Mem	       21056
 ( / Demand Fetches)	      0.0000

l1-dcache
 Metrics		      Total	      Instrn	       Data	       Read	      Write	       Misc
 -----------------	      ------	      ------	      ------	      ------	      ------	      ------
 Demand Fetches		   900875270	           0	   900875270	   809931597	    90943673	           0
  Fraction of total	      1.0000	      0.0000	      1.0000	      0.8990	      0.1010	      0.0000

 Demand Misses		    67347142	           0	    67347142	    65412191	     1934951	           0
  Demand miss rate	      0.0748	      0.0000	      0.0748	      0.0808	      0.0213	      0.0000

 Multi-block refs                 0
 Bytes From Memory	  4310217088
 ( / Demand Fetches)	      4.7845
 Bytes To Memory	   522104448
 ( / Demand Writes)	      5.7410
 Total Bytes r/w Mem	  4832321536
 ( / Demand Fetches)	      5.3640

l2-dcache
 Metrics		      Total	      Instrn	       Data	       Read	      Write	       Misc
 -----------------	      ------	      ------	      ------	      ------	      ------	      ------
 Demand Fetches		    75505024	           0	    75505024	    67347142	     8157882	           0
  Fraction of total	      1.0000	      0.0000	      1.0000	      0.8920	      0.1080	      0.0000

 Demand Misses		    57183734	           0	    57183734	    56423474	      760260	           0
  Demand miss rate	      0.7574	      0.0000	      0.7574	      0.8378	      0.0932	      0.0000

 Multi-block refs                 0
 Bytes From Memory	  3611102336
 ( / Demand Fetches)	     47.8260
 Bytes To Memory	   436611136
 ( / Demand Writes)	     53.5202
 Total Bytes r/w Mem	  4047713472
 ( / Demand Fetches)	     53.6085

l3-dcache
 Metrics		      Total	      Instrn	       Data	       Read	      Write	       Misc
 -----------------	      ------	      ------	      ------	      ------	      ------	      ------
 Demand Fetches		    63245523	           0	    63245523	    56423474	     6822049	           0
  Fraction of total	      1.0000	      0.0000	      1.0000	      0.8921	      0.1079	      0.0000

 Demand Misses		    40662146	           0	    40662146	    40624047	       38099	           0
  Demand miss rate	      0.6429	      0.0000	      0.6429	      0.7200	      0.0056	      0.0000

 Multi-block refs                 0
 Bytes From Memory	  2599939008
 ( / Demand Fetches)	     41.1087
 Bytes To Memory	   215229632
 ( / Demand Writes)	     31.5491
 Total Bytes r/w Mem	  2815168640
 ( / Demand Fetches)	     44.5117

---Execution complete.
