tracename equake_m2b
---Dinero IV cache simulator, version 7
---Written by Jan Edler and Mark D. Hill
---Copyright (C) 1997 NEC Research Institute, Inc. and Mark D. Hill.
---All rights reserved.
---Copyright (C) 1985, 1989 Mark D. Hill.  All rights reserved.
---See -copyright option for details

---Summary of options (-help option gives usage information).

-l1-isize 32768
-l1-dsize 32768
-l2-dsize 262144
-l3-dsize 2097152
-l1-ibsize 64
-l1-dbsize 64
-l2-dbsize 64
-l3-dbsize 64
-l1-isbsize 64
-l1-dsbsize 64
-l2-dsbsize 64
-l3-dsbsize 64
-l1-iassoc 8
-l1-dassoc 8
-l2-dassoc 8
-l3-dassoc 8
-l1-irepl l
-l1-drepl 2
-l2-drepl 2
-l3-drepl 2
-l1-ifetch d
-l1-dfetch d
-l2-dfetch d
-l3-dfetch d
-l1-dwalloc a
-l2-dwalloc a
-l3-dwalloc a
-l1-dwback a
-l2-dwback a
-l3-dwback a
-skipcount 0
-flushcount 0
-maxcount 0
-stat-interval 0
-informat s
-on-trigger 0x0
-off-trigger 0x0

---Simulation begins.
---Simulation complete.
l1-icache
 Metrics		      Total	      Instrn	       Data	       Read	      Write	       Misc
 -----------------	      ------	      ------	      ------	      ------	      ------	      ------
 Demand Fetches		  1999999970	  1999999970	           0	           0	           0	           0
  Fraction of total	      1.0000	      1.0000	      0.0000	      0.0000	      0.0000	      0.0000

 Demand Misses		         329	         329	           0	           0	           0	           0
  Demand miss rate	      0.0000	      0.0000	      0.0000	      0.0000	      0.0000	      0.0000

 Multi-block refs                 0
 Bytes From Memory	       21056
 ( / Demand Fetches)	      0.0000
 Bytes To Memory	           0
 ( / Demand Writes)	      0.0000
 Total Bytes r/w Mem	       21056
 ( / Demand Fetches)	      0.0000

l1-dcache
 Metrics		      Total	      Instrn	       Data	       Read	      Write	       Misc
 -----------------	      ------	      ------	      ------	      ------	      ------	      ------
 Demand Fetches		   900875270	           0	   900875270	   809931597	    90943673	           0
  Fraction of total	      1.0000	      0.0000	      1.0000	      0.8990	      0.1010	      0.0000

 Demand Misses		    63833937	           0	    63833937	    61902985	     1930952	           0
  Demand miss rate	      0.0709	      0.0000	      0.0709	      0.0764	      0.0212	      0.0000

 Multi-block refs                 0
 Bytes From Memory	  4085371968
 ( / Demand Fetches)	      4.5349
 Bytes To Memory	   478303360
 ( / Demand Writes)	      5.2593
 Total Bytes r/w Mem	  4563675328
 ( / Demand Fetches)	      5.0658

l2-dcache
 Metrics		      Total	      Instrn	       Data	       Read	      Write	       Misc
 -----------------	      ------	      ------	      ------	      ------	      ------	      ------
 Demand Fetches		    71307427	           0	    71307427	    63833937	     7473490	           0
  Fraction of total	      1.0000	      0.0000	      1.0000	      0.8952	      0.1048	      0.0000

 Demand Misses		    55565064	           0	    55565064	    55438659	      126405	           0
  Demand miss rate	      0.7792	      0.0000	      0.7792	      0.8685	      0.0169	      0.0000

 Multi-block refs                 0
 Bytes From Memory	  3548074176
 ( / Demand Fetches)	     49.7574
 Bytes To Memory	   420961600
 ( / Demand Writes)	     56.3273
 Total Bytes r/w Mem	  3969035776
 ( / Demand Fetches)	     55.6609

l3-dcache
 Metrics		      Total	      Instrn	       Data	       Read	      Write	       Misc
 -----------------	      ------	      ------	      ------	      ------	      ------	      ------
 Demand Fetches		    62016184	           0	    62016184	    55438659	     6577525	           0
  Fraction of total	      1.0000	      0.0000	      1.0000	      0.8939	      0.1061	      0.0000

 Demand Misses		    53561159	           0	    53561159	    53496166	       64993	           0
  Demand miss rate	      0.8637	      0.0000	      0.8637	      0.9650	      0.0099	      0.0000

 Multi-block refs                 0
 Bytes From Memory	  3423754624
 ( / Demand Fetches)	     55.2074
 Bytes To Memory	   389156992
 ( / Demand Writes)	     59.1647
 Total Bytes r/w Mem	  3812911616
 ( / Demand Fetches)	     61.4825

---Execution complete.
