tracename crafty_m2b
---Dinero IV cache simulator, version 7
---Written by Jan Edler and Mark D. Hill
---Copyright (C) 1997 NEC Research Institute, Inc. and Mark D. Hill.
---All rights reserved.
---Copyright (C) 1985, 1989 Mark D. Hill.  All rights reserved.
---See -copyright option for details

---Summary of options (-help option gives usage information).

-l1-isize 32768
-l1-dsize 32768
-l2-dsize 262144
-l3-dsize 16777216
-l1-ibsize 64
-l1-dbsize 64
-l2-dbsize 64
-l3-dbsize 64
-l1-isbsize 64
-l1-dsbsize 64
-l2-dsbsize 64
-l3-dsbsize 64
-l1-iassoc 8
-l1-dassoc 8
-l2-dassoc 8
-l3-dassoc 8
-l1-irepl l
-l1-drepl b
-l2-drepl b
-l3-drepl b
-l1-ifetch d
-l1-dfetch d
-l2-dfetch d
-l3-dfetch d
-l1-dwalloc a
-l2-dwalloc a
-l3-dwalloc a
-l1-dwback a
-l2-dwback a
-l3-dwback a
-skipcount 0
-flushcount 0
-maxcount 0
-stat-interval 0
-informat s
-on-trigger 0x0
-off-trigger 0x0

---Simulation begins.
---Simulation complete.
l1-icache
 Metrics		      Total	      Instrn	       Data	       Read	      Write	       Misc
 -----------------	      ------	      ------	      ------	      ------	      ------	      ------
 Demand Fetches		  1999999945	  1999999945	           0	           0	           0	           0
  Fraction of total	      1.0000	      1.0000	      0.0000	      0.0000	      0.0000	      0.0000

 Demand Misses		     2110378	     2110378	           0	           0	           0	           0
  Demand miss rate	      0.0011	      0.0011	      0.0000	      0.0000	      0.0000	      0.0000

 Multi-block refs                 0
 Bytes From Memory	   135064192
 ( / Demand Fetches)	      0.0675
 Bytes To Memory	           0
 ( / Demand Writes)	      0.0000
 Total Bytes r/w Mem	   135064192
 ( / Demand Fetches)	      0.0675

l1-dcache
 Metrics		      Total	      Instrn	       Data	       Read	      Write	       Misc
 -----------------	      ------	      ------	      ------	      ------	      ------	      ------
 Demand Fetches		   735566041	           0	   735566041	   628469183	   107096858	           0
  Fraction of total	      1.0000	      0.0000	      1.0000	      0.8544	      0.1456	      0.0000

 Demand Misses		     9231272	           0	     9231272	     8941934	      289338	           0
  Demand miss rate	      0.0125	      0.0000	      0.0125	      0.0142	      0.0027	      0.0000

 Multi-block refs           1404897
 Bytes From Memory	   590801408
 ( / Demand Fetches)	      0.8032
 Bytes To Memory	    42766144
 ( / Demand Writes)	      0.3993
 Total Bytes r/w Mem	   633567552
 ( / Demand Fetches)	      0.8613

l2-dcache
 Metrics		      Total	      Instrn	       Data	       Read	      Write	       Misc
 -----------------	      ------	      ------	      ------	      ------	      ------	      ------
 Demand Fetches		     9899493	           0	     9899493	     9231272	      668221	           0
  Fraction of total	      1.0000	      0.0000	      1.0000	      0.9325	      0.0675	      0.0000

 Demand Misses		      519208	           0	      519208	      513343	        5865	           0
  Demand miss rate	      0.0524	      0.0000	      0.0524	      0.0556	      0.0088	      0.0000

 Multi-block refs                 0
 Bytes From Memory	    32853952
 ( / Demand Fetches)	      3.3188
 Bytes To Memory	     9938880
 ( / Demand Writes)	     14.8736
 Total Bytes r/w Mem	    42792832
 ( / Demand Fetches)	      4.3227

l3-dcache
 Metrics		      Total	      Instrn	       Data	       Read	      Write	       Misc
 -----------------	      ------	      ------	      ------	      ------	      ------	      ------
 Demand Fetches		      668638	           0	      668638	      513343	      155295	           0
  Fraction of total	      1.0000	      0.0000	      1.0000	      0.7677	      0.2323	      0.0000

 Demand Misses		       20955	           0	       20955	       20955	           0	           0
  Demand miss rate	      0.0313	      0.0000	      0.0313	      0.0408	      0.0000	      0.0000

 Multi-block refs                 0
 Bytes From Memory	     1341120
 ( / Demand Fetches)	      2.0057
 Bytes To Memory	      872000
 ( / Demand Writes)	      5.6151
 Total Bytes r/w Mem	     2213120
 ( / Demand Fetches)	      3.3099

---Execution complete.
