tracename crafty_m2b
---Dinero IV cache simulator, version 7
---Written by Jan Edler and Mark D. Hill
---Copyright (C) 1997 NEC Research Institute, Inc. and Mark D. Hill.
---All rights reserved.
---Copyright (C) 1985, 1989 Mark D. Hill.  All rights reserved.
---See -copyright option for details

---Summary of options (-help option gives usage information).

-l1-isize 32768
-l1-dsize 32768
-l2-dsize 262144
-l3-dsize 1048576
-l1-ibsize 64
-l1-dbsize 64
-l2-dbsize 64
-l3-dbsize 64
-l1-isbsize 64
-l1-dsbsize 64
-l2-dsbsize 64
-l3-dsbsize 64
-l1-iassoc 8
-l1-dassoc 8
-l2-dassoc 8
-l3-dassoc 8
-l1-irepl l
-l1-drepl 2
-l2-drepl 2
-l3-drepl 2
-l1-ifetch d
-l1-dfetch d
-l2-dfetch d
-l3-dfetch d
-l1-dwalloc a
-l2-dwalloc a
-l3-dwalloc a
-l1-dwback a
-l2-dwback a
-l3-dwback a
-skipcount 0
-flushcount 0
-maxcount 0
-stat-interval 0
-informat s
-on-trigger 0x0
-off-trigger 0x0

---Simulation begins.
---Simulation complete.
l1-icache
 Metrics		      Total	      Instrn	       Data	       Read	      Write	       Misc
 -----------------	      ------	      ------	      ------	      ------	      ------	      ------
 Demand Fetches		  1999999945	  1999999945	           0	           0	           0	           0
  Fraction of total	      1.0000	      1.0000	      0.0000	      0.0000	      0.0000	      0.0000

 Demand Misses		     2110378	     2110378	           0	           0	           0	           0
  Demand miss rate	      0.0011	      0.0011	      0.0000	      0.0000	      0.0000	      0.0000

 Multi-block refs                 0
 Bytes From Memory	   135064192
 ( / Demand Fetches)	      0.0675
 Bytes To Memory	           0
 ( / Demand Writes)	      0.0000
 Total Bytes r/w Mem	   135064192
 ( / Demand Fetches)	      0.0675

l1-dcache
 Metrics		      Total	      Instrn	       Data	       Read	      Write	       Misc
 -----------------	      ------	      ------	      ------	      ------	      ------	      ------
 Demand Fetches		   735566041	           0	   735566041	   628469183	   107096858	           0
  Fraction of total	      1.0000	      0.0000	      1.0000	      0.8544	      0.1456	      0.0000

 Demand Misses		     8648198	           0	     8648198	     8403698	      244500	           0
  Demand miss rate	      0.0118	      0.0000	      0.0118	      0.0134	      0.0023	      0.0000

 Multi-block refs           1404897
 Bytes From Memory	   553484672
 ( / Demand Fetches)	      0.7525
 Bytes To Memory	    35126336
 ( / Demand Writes)	      0.3280
 Total Bytes r/w Mem	   588611008
 ( / Demand Fetches)	      0.8002

l2-dcache
 Metrics		      Total	      Instrn	       Data	       Read	      Write	       Misc
 -----------------	      ------	      ------	      ------	      ------	      ------	      ------
 Demand Fetches		     9197047	           0	     9197047	     8648198	      548849	           0
  Fraction of total	      1.0000	      0.0000	      1.0000	      0.9403	      0.0597	      0.0000

 Demand Misses		      480693	           0	      480693	      477552	        3141	           0
  Demand miss rate	      0.0523	      0.0000	      0.0523	      0.0552	      0.0057	      0.0000

 Multi-block refs                 0
 Bytes From Memory	    30563328
 ( / Demand Fetches)	      3.3232
 Bytes To Memory	     9788096
 ( / Demand Writes)	     17.8339
 Total Bytes r/w Mem	    40351424
 ( / Demand Fetches)	      4.3874

l3-dcache
 Metrics		      Total	      Instrn	       Data	       Read	      Write	       Misc
 -----------------	      ------	      ------	      ------	      ------	      ------	      ------
 Demand Fetches		      630491	           0	      630491	      477552	      152939	           0
  Fraction of total	      1.0000	      0.0000	      1.0000	      0.7574	      0.2426	      0.0000

 Demand Misses		       68728	           0	       68728	       66981	        1747	           0
  Demand miss rate	      0.1090	      0.0000	      0.1090	      0.1403	      0.0114	      0.0000

 Multi-block refs                 0
 Bytes From Memory	     4286784
 ( / Demand Fetches)	      6.7991
 Bytes To Memory	     2333760
 ( / Demand Writes)	     15.2594
 Total Bytes r/w Mem	     6620544
 ( / Demand Fetches)	     10.5006

---Execution complete.
