tracename crafty_m2b
---Dinero IV cache simulator, version 7
---Written by Jan Edler and Mark D. Hill
---Copyright (C) 1997 NEC Research Institute, Inc. and Mark D. Hill.
---All rights reserved.
---Copyright (C) 1985, 1989 Mark D. Hill.  All rights reserved.
---See -copyright option for details

---Summary of options (-help option gives usage information).

-l1-isize 32768
-l1-dsize 32768
-l2-dsize 262144
-l3-dsize 1048576
-l1-ibsize 64
-l1-dbsize 64
-l2-dbsize 64
-l3-dbsize 64
-l1-isbsize 64
-l1-dsbsize 64
-l2-dsbsize 64
-l3-dsbsize 64
-l1-iassoc 8
-l1-dassoc 8
-l2-dassoc 8
-l3-dassoc 8
-l1-irepl l
-l1-drepl r
-l2-drepl r
-l3-drepl r
-l1-ifetch d
-l1-dfetch d
-l2-dfetch d
-l3-dfetch d
-l1-dwalloc a
-l2-dwalloc a
-l3-dwalloc a
-l1-dwback a
-l2-dwback a
-l3-dwback a
-skipcount 0
-flushcount 0
-maxcount 0
-stat-interval 0
-informat s
-on-trigger 0x0
-off-trigger 0x0

---Simulation begins.
---Simulation complete.
l1-icache
 Metrics		      Total	      Instrn	       Data	       Read	      Write	       Misc
 -----------------	      ------	      ------	      ------	      ------	      ------	      ------
 Demand Fetches		  1999999945	  1999999945	           0	           0	           0	           0
  Fraction of total	      1.0000	      1.0000	      0.0000	      0.0000	      0.0000	      0.0000

 Demand Misses		     2110378	     2110378	           0	           0	           0	           0
  Demand miss rate	      0.0011	      0.0011	      0.0000	      0.0000	      0.0000	      0.0000

 Multi-block refs                 0
 Bytes From Memory	   135064192
 ( / Demand Fetches)	      0.0675
 Bytes To Memory	           0
 ( / Demand Writes)	      0.0000
 Total Bytes r/w Mem	   135064192
 ( / Demand Fetches)	      0.0675

l1-dcache
 Metrics		      Total	      Instrn	       Data	       Read	      Write	       Misc
 -----------------	      ------	      ------	      ------	      ------	      ------	      ------
 Demand Fetches		   735566041	           0	   735566041	   628469183	   107096858	           0
  Fraction of total	      1.0000	      0.0000	      1.0000	      0.8544	      0.1456	      0.0000

 Demand Misses		    10522088	           0	    10522088	    10141226	      380862	           0
  Demand miss rate	      0.0143	      0.0000	      0.0143	      0.0161	      0.0036	      0.0000

 Multi-block refs           1404897
 Bytes From Memory	   673413632
 ( / Demand Fetches)	      0.9155
 Bytes To Memory	    57362240
 ( / Demand Writes)	      0.5356
 Total Bytes r/w Mem	   730775872
 ( / Demand Fetches)	      0.9935

l2-dcache
 Metrics		      Total	      Instrn	       Data	       Read	      Write	       Misc
 -----------------	      ------	      ------	      ------	      ------	      ------	      ------
 Demand Fetches		    11418373	           0	    11418373	    10522088	      896285	           0
  Fraction of total	      1.0000	      0.0000	      1.0000	      0.9215	      0.0785	      0.0000

 Demand Misses		      596551	           0	      596551	      584170	       12381	           0
  Demand miss rate	      0.0522	      0.0000	      0.0522	      0.0555	      0.0138	      0.0000

 Multi-block refs                 0
 Bytes From Memory	    37386880
 ( / Demand Fetches)	      3.2743
 Bytes To Memory	    10267840
 ( / Demand Writes)	     11.4560
 Total Bytes r/w Mem	    47654720
 ( / Demand Fetches)	      4.1735

l3-dcache
 Metrics		      Total	      Instrn	       Data	       Read	      Write	       Misc
 -----------------	      ------	      ------	      ------	      ------	      ------	      ------
 Demand Fetches		      744605	           0	      744605	      584170	      160435	           0
  Fraction of total	      1.0000	      0.0000	      1.0000	      0.7845	      0.2155	      0.0000

 Demand Misses		       79996	           0	       79996	       75295	        4701	           0
  Demand miss rate	      0.1074	      0.0000	      0.1074	      0.1289	      0.0293	      0.0000

 Multi-block refs                 0
 Bytes From Memory	     4818880
 ( / Demand Fetches)	      6.4717
 Bytes To Memory	     2526592
 ( / Demand Writes)	     15.7484
 Total Bytes r/w Mem	     7345472
 ( / Demand Fetches)	      9.8649

---Execution complete.
