tracename crafty_m2b
---Dinero IV cache simulator, version 7
---Written by Jan Edler and Mark D. Hill
---Copyright (C) 1997 NEC Research Institute, Inc. and Mark D. Hill.
---All rights reserved.
---Copyright (C) 1985, 1989 Mark D. Hill.  All rights reserved.
---See -copyright option for details

---Summary of options (-help option gives usage information).

-l1-isize 32768
-l1-dsize 32768
-l2-dsize 262144
-l3-dsize 1048576
-l1-ibsize 64
-l1-dbsize 64
-l2-dbsize 64
-l3-dbsize 64
-l1-isbsize 64
-l1-dsbsize 64
-l2-dsbsize 64
-l3-dsbsize 64
-l1-iassoc 8
-l1-dassoc 8
-l2-dassoc 8
-l3-dassoc 8
-l1-irepl l
-l1-drepl b
-l2-drepl b
-l3-drepl b
-l1-ifetch d
-l1-dfetch d
-l2-dfetch d
-l3-dfetch d
-l1-dwalloc a
-l2-dwalloc a
-l3-dwalloc a
-l1-dwback a
-l2-dwback a
-l3-dwback a
-skipcount 0
-flushcount 0
-maxcount 0
-stat-interval 0
-informat s
-on-trigger 0x0
-off-trigger 0x0

---Simulation begins.
---Simulation complete.
l1-icache
 Metrics		      Total	      Instrn	       Data	       Read	      Write	       Misc
 -----------------	      ------	      ------	      ------	      ------	      ------	      ------
 Demand Fetches		  1999999945	  1999999945	           0	           0	           0	           0
  Fraction of total	      1.0000	      1.0000	      0.0000	      0.0000	      0.0000	      0.0000

 Demand Misses		     2110378	     2110378	           0	           0	           0	           0
  Demand miss rate	      0.0011	      0.0011	      0.0000	      0.0000	      0.0000	      0.0000

 Multi-block refs                 0
 Bytes From Memory	   135064192
 ( / Demand Fetches)	      0.0675
 Bytes To Memory	           0
 ( / Demand Writes)	      0.0000
 Total Bytes r/w Mem	   135064192
 ( / Demand Fetches)	      0.0675

l1-dcache
 Metrics		      Total	      Instrn	       Data	       Read	      Write	       Misc
 -----------------	      ------	      ------	      ------	      ------	      ------	      ------
 Demand Fetches		   735566041	           0	   735566041	   628469183	   107096858	           0
  Fraction of total	      1.0000	      0.0000	      1.0000	      0.8544	      0.1456	      0.0000

 Demand Misses		     9232149	           0	     9232149	     8942652	      289497	           0
  Demand miss rate	      0.0126	      0.0000	      0.0126	      0.0142	      0.0027	      0.0000

 Multi-block refs           1404897
 Bytes From Memory	   590857536
 ( / Demand Fetches)	      0.8033
 Bytes To Memory	    42786240
 ( / Demand Writes)	      0.3995
 Total Bytes r/w Mem	   633643776
 ( / Demand Fetches)	      0.8614

l2-dcache
 Metrics		      Total	      Instrn	       Data	       Read	      Write	       Misc
 -----------------	      ------	      ------	      ------	      ------	      ------	      ------
 Demand Fetches		     9900684	           0	     9900684	     9232149	      668535	           0
  Fraction of total	      1.0000	      0.0000	      1.0000	      0.9325	      0.0675	      0.0000

 Demand Misses		      519707	           0	      519707	      513733	        5974	           0
  Demand miss rate	      0.0525	      0.0000	      0.0525	      0.0556	      0.0089	      0.0000

 Multi-block refs                 0
 Bytes From Memory	    32878912
 ( / Demand Fetches)	      3.3209
 Bytes To Memory	     9943104
 ( / Demand Writes)	     14.8730
 Total Bytes r/w Mem	    42822016
 ( / Demand Fetches)	      4.3252

l3-dcache
 Metrics		      Total	      Instrn	       Data	       Read	      Write	       Misc
 -----------------	      ------	      ------	      ------	      ------	      ------	      ------
 Demand Fetches		      669094	           0	      669094	      513733	      155361	           0
  Fraction of total	      1.0000	      0.0000	      1.0000	      0.7678	      0.2322	      0.0000

 Demand Misses		       72461	           0	       72461	       69628	        2833	           0
  Demand miss rate	      0.1083	      0.0000	      0.1083	      0.1355	      0.0182	      0.0000

 Multi-block refs                 0
 Bytes From Memory	     4456192
 ( / Demand Fetches)	      6.6600
 Bytes To Memory	     2417664
 ( / Demand Writes)	     15.5616
 Total Bytes r/w Mem	     6873856
 ( / Demand Fetches)	     10.2734

---Execution complete.
