tracename crafty_m2b
---Dinero IV cache simulator, version 7
---Written by Jan Edler and Mark D. Hill
---Copyright (C) 1997 NEC Research Institute, Inc. and Mark D. Hill.
---All rights reserved.
---Copyright (C) 1985, 1989 Mark D. Hill.  All rights reserved.
---See -copyright option for details

---Summary of options (-help option gives usage information).

-l1-isize 32768
-l1-dsize 32768
-l2-dsize 262144
-l3-dsize 524288
-l1-ibsize 64
-l1-dbsize 64
-l2-dbsize 64
-l3-dbsize 64
-l1-isbsize 64
-l1-dsbsize 64
-l2-dsbsize 64
-l3-dsbsize 64
-l1-iassoc 8
-l1-dassoc 8
-l2-dassoc 8
-l3-dassoc 8
-l1-irepl l
-l1-drepl r
-l2-drepl r
-l3-drepl r
-l1-ifetch d
-l1-dfetch d
-l2-dfetch d
-l3-dfetch d
-l1-dwalloc a
-l2-dwalloc a
-l3-dwalloc a
-l1-dwback a
-l2-dwback a
-l3-dwback a
-skipcount 0
-flushcount 0
-maxcount 0
-stat-interval 0
-informat s
-on-trigger 0x0
-off-trigger 0x0

---Simulation begins.
---Simulation complete.
l1-icache
 Metrics		      Total	      Instrn	       Data	       Read	      Write	       Misc
 -----------------	      ------	      ------	      ------	      ------	      ------	      ------
 Demand Fetches		  1999999945	  1999999945	           0	           0	           0	           0
  Fraction of total	      1.0000	      1.0000	      0.0000	      0.0000	      0.0000	      0.0000

 Demand Misses		     2110378	     2110378	           0	           0	           0	           0
  Demand miss rate	      0.0011	      0.0011	      0.0000	      0.0000	      0.0000	      0.0000

 Multi-block refs                 0
 Bytes From Memory	   135064192
 ( / Demand Fetches)	      0.0675
 Bytes To Memory	           0
 ( / Demand Writes)	      0.0000
 Total Bytes r/w Mem	   135064192
 ( / Demand Fetches)	      0.0675

l1-dcache
 Metrics		      Total	      Instrn	       Data	       Read	      Write	       Misc
 -----------------	      ------	      ------	      ------	      ------	      ------	      ------
 Demand Fetches		   735566041	           0	   735566041	   628469183	   107096858	           0
  Fraction of total	      1.0000	      0.0000	      1.0000	      0.8544	      0.1456	      0.0000

 Demand Misses		    10515401	           0	    10515401	    10134755	      380646	           0
  Demand miss rate	      0.0143	      0.0000	      0.0143	      0.0161	      0.0036	      0.0000

 Multi-block refs           1404897
 Bytes From Memory	   672985664
 ( / Demand Fetches)	      0.9149
 Bytes To Memory	    57295360
 ( / Demand Writes)	      0.5350
 Total Bytes r/w Mem	   730281024
 ( / Demand Fetches)	      0.9928

l2-dcache
 Metrics		      Total	      Instrn	       Data	       Read	      Write	       Misc
 -----------------	      ------	      ------	      ------	      ------	      ------	      ------
 Demand Fetches		    11410641	           0	    11410641	    10515401	      895240	           0
  Fraction of total	      1.0000	      0.0000	      1.0000	      0.9215	      0.0785	      0.0000

 Demand Misses		      597430	           0	      597430	      584738	       12692	           0
  Demand miss rate	      0.0524	      0.0000	      0.0524	      0.0556	      0.0142	      0.0000

 Multi-block refs                 0
 Bytes From Memory	    37423232
 ( / Demand Fetches)	      3.2797
 Bytes To Memory	    10287360
 ( / Demand Writes)	     11.4912
 Total Bytes r/w Mem	    47710592
 ( / Demand Fetches)	      4.1812

l3-dcache
 Metrics		      Total	      Instrn	       Data	       Read	      Write	       Misc
 -----------------	      ------	      ------	      ------	      ------	      ------	      ------
 Demand Fetches		      745478	           0	      745478	      584738	      160740	           0
  Fraction of total	      1.0000	      0.0000	      1.0000	      0.7844	      0.2156	      0.0000

 Demand Misses		      291533	           0	      291533	      256637	       34896	           0
  Demand miss rate	      0.3911	      0.0000	      0.3911	      0.4389	      0.2171	      0.0000

 Multi-block refs                 0
 Bytes From Memory	    16424768
 ( / Demand Fetches)	     22.0325
 Bytes To Memory	     7079744
 ( / Demand Writes)	     44.0447
 Total Bytes r/w Mem	    23504512
 ( / Demand Fetches)	     31.5295

---Execution complete.
