tracename crafty_m2b
---Dinero IV cache simulator, version 7
---Written by Jan Edler and Mark D. Hill
---Copyright (C) 1997 NEC Research Institute, Inc. and Mark D. Hill.
---All rights reserved.
---Copyright (C) 1985, 1989 Mark D. Hill.  All rights reserved.
---See -copyright option for details

---Summary of options (-help option gives usage information).

-l1-isize 32768
-l1-dsize 32768
-l2-dsize 262144
-l3-dsize 4194304
-l1-ibsize 64
-l1-dbsize 64
-l2-dbsize 64
-l3-dbsize 64
-l1-isbsize 64
-l1-dsbsize 64
-l2-dsbsize 64
-l3-dsbsize 64
-l1-iassoc 8
-l1-dassoc 8
-l2-dassoc 8
-l3-dassoc 8
-l1-irepl l
-l1-drepl l
-l2-drepl l
-l3-drepl l
-l1-ifetch d
-l1-dfetch d
-l2-dfetch d
-l3-dfetch d
-l1-dwalloc a
-l2-dwalloc a
-l3-dwalloc a
-l1-dwback a
-l2-dwback a
-l3-dwback a
-skipcount 0
-flushcount 0
-maxcount 0
-stat-interval 0
-informat s
-on-trigger 0x0
-off-trigger 0x0

---Simulation begins.
---Simulation complete.
l1-icache
 Metrics		      Total	      Instrn	       Data	       Read	      Write	       Misc
 -----------------	      ------	      ------	      ------	      ------	      ------	      ------
 Demand Fetches		  1999999945	  1999999945	           0	           0	           0	           0
  Fraction of total	      1.0000	      1.0000	      0.0000	      0.0000	      0.0000	      0.0000

 Demand Misses		     2110378	     2110378	           0	           0	           0	           0
  Demand miss rate	      0.0011	      0.0011	      0.0000	      0.0000	      0.0000	      0.0000

 Multi-block refs                 0
 Bytes From Memory	   135064192
 ( / Demand Fetches)	      0.0675
 Bytes To Memory	           0
 ( / Demand Writes)	      0.0000
 Total Bytes r/w Mem	   135064192
 ( / Demand Fetches)	      0.0675

l1-dcache
 Metrics		      Total	      Instrn	       Data	       Read	      Write	       Misc
 -----------------	      ------	      ------	      ------	      ------	      ------	      ------
 Demand Fetches		   735566041	           0	   735566041	   628469183	   107096858	           0
  Fraction of total	      1.0000	      0.0000	      1.0000	      0.8544	      0.1456	      0.0000

 Demand Misses		     8152603	           0	     8152603	     7983708	      168895	           0
  Demand miss rate	      0.0111	      0.0000	      0.0111	      0.0127	      0.0016	      0.0000

 Multi-block refs           1404897
 Bytes From Memory	   521766592
 ( / Demand Fetches)	      0.7093
 Bytes To Memory	    25864384
 ( / Demand Writes)	      0.2415
 Total Bytes r/w Mem	   547630976
 ( / Demand Fetches)	      0.7445

l2-dcache
 Metrics		      Total	      Instrn	       Data	       Read	      Write	       Misc
 -----------------	      ------	      ------	      ------	      ------	      ------	      ------
 Demand Fetches		     8556734	           0	     8556734	     8152603	      404131	           0
  Fraction of total	      1.0000	      0.0000	      1.0000	      0.9528	      0.0472	      0.0000

 Demand Misses		      415024	           0	      415024	      414011	        1013	           0
  Demand miss rate	      0.0485	      0.0000	      0.0485	      0.0508	      0.0025	      0.0000

 Multi-block refs                 0
 Bytes From Memory	    26496704
 ( / Demand Fetches)	      3.0966
 Bytes To Memory	     9601344
 ( / Demand Writes)	     23.7580
 Total Bytes r/w Mem	    36098048
 ( / Demand Fetches)	      4.2187

l3-dcache
 Metrics		      Total	      Instrn	       Data	       Read	      Write	       Misc
 -----------------	      ------	      ------	      ------	      ------	      ------	      ------
 Demand Fetches		      564032	           0	      564032	      414011	      150021	           0
  Fraction of total	      1.0000	      0.0000	      1.0000	      0.7340	      0.2660	      0.0000

 Demand Misses		       20955	           0	       20955	       20955	           0	           0
  Demand miss rate	      0.0372	      0.0000	      0.0372	      0.0506	      0.0000	      0.0000

 Multi-block refs                 0
 Bytes From Memory	     1341120
 ( / Demand Fetches)	      2.3777
 Bytes To Memory	      872000
 ( / Demand Writes)	      5.8125
 Total Bytes r/w Mem	     2213120
 ( / Demand Fetches)	      3.9237

---Execution complete.
