tracename crafty_m2b
---Dinero IV cache simulator, version 7
---Written by Jan Edler and Mark D. Hill
---Copyright (C) 1997 NEC Research Institute, Inc. and Mark D. Hill.
---All rights reserved.
---Copyright (C) 1985, 1989 Mark D. Hill.  All rights reserved.
---See -copyright option for details

---Summary of options (-help option gives usage information).

-l1-isize 32768
-l1-dsize 32768
-l2-dsize 262144
-l3-dsize 524288
-l1-ibsize 64
-l1-dbsize 64
-l2-dbsize 64
-l3-dbsize 64
-l1-isbsize 64
-l1-dsbsize 64
-l2-dsbsize 64
-l3-dsbsize 64
-l1-iassoc 8
-l1-dassoc 8
-l2-dassoc 8
-l3-dassoc 8
-l1-irepl l
-l1-drepl c
-l2-drepl c
-l3-drepl c
-l1-ifetch d
-l1-dfetch d
-l2-dfetch d
-l3-dfetch d
-l1-dwalloc a
-l2-dwalloc a
-l3-dwalloc a
-l1-dwback a
-l2-dwback a
-l3-dwback a
-skipcount 0
-flushcount 0
-maxcount 0
-stat-interval 0
-informat s
-on-trigger 0x0
-off-trigger 0x0

---Simulation begins.
---Simulation complete.
l1-icache
 Metrics		      Total	      Instrn	       Data	       Read	      Write	       Misc
 -----------------	      ------	      ------	      ------	      ------	      ------	      ------
 Demand Fetches		  1999999945	  1999999945	           0	           0	           0	           0
  Fraction of total	      1.0000	      1.0000	      0.0000	      0.0000	      0.0000	      0.0000

 Demand Misses		     2110378	     2110378	           0	           0	           0	           0
  Demand miss rate	      0.0011	      0.0011	      0.0000	      0.0000	      0.0000	      0.0000

 Multi-block refs                 0
 Bytes From Memory	   135064192
 ( / Demand Fetches)	      0.0675
 Bytes To Memory	           0
 ( / Demand Writes)	      0.0000
 Total Bytes r/w Mem	   135064192
 ( / Demand Fetches)	      0.0675

l1-dcache
 Metrics		      Total	      Instrn	       Data	       Read	      Write	       Misc
 -----------------	      ------	      ------	      ------	      ------	      ------	      ------
 Demand Fetches		   735566041	           0	   735566041	   628469183	   107096858	           0
  Fraction of total	      1.0000	      0.0000	      1.0000	      0.8544	      0.1456	      0.0000

 Demand Misses		     8759017	           0	     8759017	     8503460	      255557	           0
  Demand miss rate	      0.0119	      0.0000	      0.0119	      0.0135	      0.0024	      0.0000

 Multi-block refs           1404897
 Bytes From Memory	   560577088
 ( / Demand Fetches)	      0.7621
 Bytes To Memory	    37872704
 ( / Demand Writes)	      0.3536
 Total Bytes r/w Mem	   598449792
 ( / Demand Fetches)	      0.8136

l2-dcache
 Metrics		      Total	      Instrn	       Data	       Read	      Write	       Misc
 -----------------	      ------	      ------	      ------	      ------	      ------	      ------
 Demand Fetches		     9350778	           0	     9350778	     8759017	      591761	           0
  Fraction of total	      1.0000	      0.0000	      1.0000	      0.9367	      0.0633	      0.0000

 Demand Misses		      491910	           0	      491910	      487647	        4263	           0
  Demand miss rate	      0.0526	      0.0000	      0.0526	      0.0557	      0.0072	      0.0000

 Multi-block refs                 0
 Bytes From Memory	    31209408
 ( / Demand Fetches)	      3.3376
 Bytes To Memory	     9837696
 ( / Demand Writes)	     16.6244
 Total Bytes r/w Mem	    41047104
 ( / Demand Fetches)	      4.3897

l3-dcache
 Metrics		      Total	      Instrn	       Data	       Read	      Write	       Misc
 -----------------	      ------	      ------	      ------	      ------	      ------	      ------
 Demand Fetches		      641361	           0	      641361	      487647	      153714	           0
  Fraction of total	      1.0000	      0.0000	      1.0000	      0.7603	      0.2397	      0.0000

 Demand Misses		      264543	           0	      264543	      241671	       22872	           0
  Demand miss rate	      0.4125	      0.0000	      0.4125	      0.4956	      0.1488	      0.0000

 Multi-block refs                 0
 Bytes From Memory	    15466944
 ( / Demand Fetches)	     24.1158
 Bytes To Memory	     6803072
 ( / Demand Writes)	     44.2580
 Total Bytes r/w Mem	    22270016
 ( / Demand Fetches)	     34.7231

---Execution complete.
