tracename crafty_m2b
---Dinero IV cache simulator, version 7
---Written by Jan Edler and Mark D. Hill
---Copyright (C) 1997 NEC Research Institute, Inc. and Mark D. Hill.
---All rights reserved.
---Copyright (C) 1985, 1989 Mark D. Hill.  All rights reserved.
---See -copyright option for details

---Summary of options (-help option gives usage information).

-l1-isize 32768
-l1-dsize 32768
-l2-dsize 262144
-l3-dsize 1048576
-l1-ibsize 64
-l1-dbsize 64
-l2-dbsize 64
-l3-dbsize 64
-l1-isbsize 64
-l1-dsbsize 64
-l2-dsbsize 64
-l3-dsbsize 64
-l1-iassoc 8
-l1-dassoc 8
-l2-dassoc 8
-l3-dassoc 8
-l1-irepl l
-l1-drepl c
-l2-drepl c
-l3-drepl c
-l1-ifetch d
-l1-dfetch d
-l2-dfetch d
-l3-dfetch d
-l1-dwalloc a
-l2-dwalloc a
-l3-dwalloc a
-l1-dwback a
-l2-dwback a
-l3-dwback a
-skipcount 0
-flushcount 0
-maxcount 0
-stat-interval 0
-informat s
-on-trigger 0x0
-off-trigger 0x0

---Simulation begins.
---Simulation complete.
l1-icache
 Metrics		      Total	      Instrn	       Data	       Read	      Write	       Misc
 -----------------	      ------	      ------	      ------	      ------	      ------	      ------
 Demand Fetches		  1999999945	  1999999945	           0	           0	           0	           0
  Fraction of total	      1.0000	      1.0000	      0.0000	      0.0000	      0.0000	      0.0000

 Demand Misses		     2110378	     2110378	           0	           0	           0	           0
  Demand miss rate	      0.0011	      0.0011	      0.0000	      0.0000	      0.0000	      0.0000

 Multi-block refs                 0
 Bytes From Memory	   135064192
 ( / Demand Fetches)	      0.0675
 Bytes To Memory	           0
 ( / Demand Writes)	      0.0000
 Total Bytes r/w Mem	   135064192
 ( / Demand Fetches)	      0.0675

l1-dcache
 Metrics		      Total	      Instrn	       Data	       Read	      Write	       Misc
 -----------------	      ------	      ------	      ------	      ------	      ------	      ------
 Demand Fetches		   735566041	           0	   735566041	   628469183	   107096858	           0
  Fraction of total	      1.0000	      0.0000	      1.0000	      0.8544	      0.1456	      0.0000

 Demand Misses		     8755032	           0	     8755032	     8499935	      255097	           0
  Demand miss rate	      0.0119	      0.0000	      0.0119	      0.0135	      0.0024	      0.0000

 Multi-block refs           1404897
 Bytes From Memory	   560322048
 ( / Demand Fetches)	      0.7618
 Bytes To Memory	    37863552
 ( / Demand Writes)	      0.3535
 Total Bytes r/w Mem	   598185600
 ( / Demand Fetches)	      0.8132

l2-dcache
 Metrics		      Total	      Instrn	       Data	       Read	      Write	       Misc
 -----------------	      ------	      ------	      ------	      ------	      ------	      ------
 Demand Fetches		     9346650	           0	     9346650	     8755032	      591618	           0
  Fraction of total	      1.0000	      0.0000	      1.0000	      0.9367	      0.0633	      0.0000

 Demand Misses		      491526	           0	      491526	      487401	        4125	           0
  Demand miss rate	      0.0526	      0.0000	      0.0526	      0.0557	      0.0070	      0.0000

 Multi-block refs                 0
 Bytes From Memory	    31193664
 ( / Demand Fetches)	      3.3374
 Bytes To Memory	     9832064
 ( / Demand Writes)	     16.6189
 Total Bytes r/w Mem	    41025728
 ( / Demand Fetches)	      4.3894

l3-dcache
 Metrics		      Total	      Instrn	       Data	       Read	      Write	       Misc
 -----------------	      ------	      ------	      ------	      ------	      ------	      ------
 Demand Fetches		      641027	           0	      641027	      487401	      153626	           0
  Fraction of total	      1.0000	      0.0000	      1.0000	      0.7603	      0.2397	      0.0000

 Demand Misses		       69336	           0	       69336	       67342	        1994	           0
  Demand miss rate	      0.1082	      0.0000	      0.1082	      0.1382	      0.0130	      0.0000

 Multi-block refs                 0
 Bytes From Memory	     4309888
 ( / Demand Fetches)	      6.7234
 Bytes To Memory	     2356480
 ( / Demand Writes)	     15.3391
 Total Bytes r/w Mem	     6666368
 ( / Demand Fetches)	     10.3995

---Execution complete.
