tracename crafty_m2b
---Dinero IV cache simulator, version 7
---Written by Jan Edler and Mark D. Hill
---Copyright (C) 1997 NEC Research Institute, Inc. and Mark D. Hill.
---All rights reserved.
---Copyright (C) 1985, 1989 Mark D. Hill.  All rights reserved.
---See -copyright option for details

---Summary of options (-help option gives usage information).

-l1-isize 32768
-l1-dsize 32768
-l2-dsize 262144
-l3-dsize 262144
-l1-ibsize 64
-l1-dbsize 64
-l2-dbsize 64
-l3-dbsize 64
-l1-isbsize 64
-l1-dsbsize 64
-l2-dsbsize 64
-l3-dsbsize 64
-l1-iassoc 8
-l1-dassoc 8
-l2-dassoc 8
-l3-dassoc 8
-l1-irepl l
-l1-drepl 2
-l2-drepl 2
-l3-drepl 2
-l1-ifetch d
-l1-dfetch d
-l2-dfetch d
-l3-dfetch d
-l1-dwalloc a
-l2-dwalloc a
-l3-dwalloc a
-l1-dwback a
-l2-dwback a
-l3-dwback a
-skipcount 0
-flushcount 0
-maxcount 0
-stat-interval 0
-informat s
-on-trigger 0x0
-off-trigger 0x0

---Simulation begins.
---Simulation complete.
l1-icache
 Metrics		      Total	      Instrn	       Data	       Read	      Write	       Misc
 -----------------	      ------	      ------	      ------	      ------	      ------	      ------
 Demand Fetches		  1999999945	  1999999945	           0	           0	           0	           0
  Fraction of total	      1.0000	      1.0000	      0.0000	      0.0000	      0.0000	      0.0000

 Demand Misses		     2110378	     2110378	           0	           0	           0	           0
  Demand miss rate	      0.0011	      0.0011	      0.0000	      0.0000	      0.0000	      0.0000

 Multi-block refs                 0
 Bytes From Memory	   135064192
 ( / Demand Fetches)	      0.0675
 Bytes To Memory	           0
 ( / Demand Writes)	      0.0000
 Total Bytes r/w Mem	   135064192
 ( / Demand Fetches)	      0.0675

l1-dcache
 Metrics		      Total	      Instrn	       Data	       Read	      Write	       Misc
 -----------------	      ------	      ------	      ------	      ------	      ------	      ------
 Demand Fetches		   735566041	           0	   735566041	   628469183	   107096858	           0
  Fraction of total	      1.0000	      0.0000	      1.0000	      0.8544	      0.1456	      0.0000

 Demand Misses		     8648273	           0	     8648273	     8403576	      244697	           0
  Demand miss rate	      0.0118	      0.0000	      0.0118	      0.0134	      0.0023	      0.0000

 Multi-block refs           1404897
 Bytes From Memory	   553489472
 ( / Demand Fetches)	      0.7525
 Bytes To Memory	    35122304
 ( / Demand Writes)	      0.3279
 Total Bytes r/w Mem	   588611776
 ( / Demand Fetches)	      0.8002

l2-dcache
 Metrics		      Total	      Instrn	       Data	       Read	      Write	       Misc
 -----------------	      ------	      ------	      ------	      ------	      ------	      ------
 Demand Fetches		     9197059	           0	     9197059	     8648273	      548786	           0
  Fraction of total	      1.0000	      0.0000	      1.0000	      0.9403	      0.0597	      0.0000

 Demand Misses		      481262	           0	      481262	      478138	        3124	           0
  Demand miss rate	      0.0523	      0.0000	      0.0523	      0.0553	      0.0057	      0.0000

 Multi-block refs                 0
 Bytes From Memory	    30600832
 ( / Demand Fetches)	      3.3272
 Bytes To Memory	     9792768
 ( / Demand Writes)	     17.8444
 Total Bytes r/w Mem	    40393600
 ( / Demand Fetches)	      4.3920

l3-dcache
 Metrics		      Total	      Instrn	       Data	       Read	      Write	       Misc
 -----------------	      ------	      ------	      ------	      ------	      ------	      ------
 Demand Fetches		      631150	           0	      631150	      478138	      153012	           0
  Fraction of total	      1.0000	      0.0000	      1.0000	      0.7576	      0.2424	      0.0000

 Demand Misses		      448290	           0	      448290	      375249	       73041	           0
  Demand miss rate	      0.7103	      0.0000	      0.7103	      0.7848	      0.4774	      0.0000

 Multi-block refs                 0
 Bytes From Memory	    24015936
 ( / Demand Fetches)	     38.0511
 Bytes To Memory	     8934272
 ( / Demand Writes)	     58.3894
 Total Bytes r/w Mem	    32950208
 ( / Demand Fetches)	     52.2066

---Execution complete.
