tracename ammp_m2b
---Dinero IV cache simulator, version 7
---Written by Jan Edler and Mark D. Hill
---Copyright (C) 1997 NEC Research Institute, Inc. and Mark D. Hill.
---All rights reserved.
---Copyright (C) 1985, 1989 Mark D. Hill.  All rights reserved.
---See -copyright option for details

---Summary of options (-help option gives usage information).

-l1-isize 32768
-l1-dsize 32768
-l2-dsize 262144
-l3-dsize 16777216
-l1-ibsize 64
-l1-dbsize 64
-l2-dbsize 64
-l3-dbsize 64
-l1-isbsize 64
-l1-dsbsize 64
-l2-dsbsize 64
-l3-dsbsize 64
-l1-iassoc 8
-l1-dassoc 8
-l2-dassoc 8
-l3-dassoc 8
-l1-irepl l
-l1-drepl r
-l2-drepl r
-l3-drepl r
-l1-ifetch d
-l1-dfetch d
-l2-dfetch d
-l3-dfetch d
-l1-dwalloc a
-l2-dwalloc a
-l3-dwalloc a
-l1-dwback a
-l2-dwback a
-l3-dwback a
-skipcount 0
-flushcount 0
-maxcount 0
-stat-interval 0
-informat s
-on-trigger 0x0
-off-trigger 0x0

---Simulation begins.
---Simulation complete.
l1-icache
 Metrics		      Total	      Instrn	       Data	       Read	      Write	       Misc
 -----------------	      ------	      ------	      ------	      ------	      ------	      ------
 Demand Fetches		  1999999918	  1999999918	           0	           0	           0	           0
  Fraction of total	      1.0000	      1.0000	      0.0000	      0.0000	      0.0000	      0.0000

 Demand Misses		         463	         463	           0	           0	           0	           0
  Demand miss rate	      0.0000	      0.0000	      0.0000	      0.0000	      0.0000	      0.0000

 Multi-block refs                 0
 Bytes From Memory	       29632
 ( / Demand Fetches)	      0.0000
 Bytes To Memory	           0
 ( / Demand Writes)	      0.0000
 Total Bytes r/w Mem	       29632
 ( / Demand Fetches)	      0.0000

l1-dcache
 Metrics		      Total	      Instrn	       Data	       Read	      Write	       Misc
 -----------------	      ------	      ------	      ------	      ------	      ------	      ------
 Demand Fetches		   744595033	           0	   744595033	   552857447	   191737586	           0
  Fraction of total	      1.0000	      0.0000	      1.0000	      0.7425	      0.2575	      0.0000

 Demand Misses		    38609886	           0	    38609886	    37810365	      799521	           0
  Demand miss rate	      0.0519	      0.0000	      0.0519	      0.0684	      0.0042	      0.0000

 Multi-block refs                 0
 Bytes From Memory	  2471032704
 ( / Demand Fetches)	      3.3186
 Bytes To Memory	   553943808
 ( / Demand Writes)	      2.8891
 Total Bytes r/w Mem	  3024976512
 ( / Demand Fetches)	      4.0626

l2-dcache
 Metrics		      Total	      Instrn	       Data	       Read	      Write	       Misc
 -----------------	      ------	      ------	      ------	      ------	      ------	      ------
 Demand Fetches		    47265258	           0	    47265258	    38609886	     8655372	           0
  Fraction of total	      1.0000	      0.0000	      1.0000	      0.8169	      0.1831	      0.0000

 Demand Misses		    21993742	           0	    21993742	    21365166	      628576	           0
  Demand miss rate	      0.4653	      0.0000	      0.4653	      0.5534	      0.0726	      0.0000

 Multi-block refs                 0
 Bytes From Memory	  1367370624
 ( / Demand Fetches)	     28.9297
 Bytes To Memory	   350113024
 ( / Demand Writes)	     40.4504
 Total Bytes r/w Mem	  1717483648
 ( / Demand Fetches)	     36.3371

l3-dcache
 Metrics		      Total	      Instrn	       Data	       Read	      Write	       Misc
 -----------------	      ------	      ------	      ------	      ------	      ------	      ------
 Demand Fetches		    26835682	           0	    26835682	    21365166	     5470516	           0
  Fraction of total	      1.0000	      0.0000	      1.0000	      0.7961	      0.2039	      0.0000

 Demand Misses		      385531	           0	      385531	      385378	         153	           0
  Demand miss rate	      0.0144	      0.0000	      0.0144	      0.0180	      0.0000	      0.0000

 Multi-block refs                 0
 Bytes From Memory	    24664192
 ( / Demand Fetches)	      0.9191
 Bytes To Memory	    19095808
 ( / Demand Writes)	      3.4907
 Total Bytes r/w Mem	    43760000
 ( / Demand Fetches)	      1.6307

---Execution complete.
