tracename ammp_m2b
---Dinero IV cache simulator, version 7
---Written by Jan Edler and Mark D. Hill
---Copyright (C) 1997 NEC Research Institute, Inc. and Mark D. Hill.
---All rights reserved.
---Copyright (C) 1985, 1989 Mark D. Hill.  All rights reserved.
---See -copyright option for details

---Summary of options (-help option gives usage information).

-l1-isize 32768
-l1-dsize 32768
-l2-dsize 262144
-l3-dsize 8388608
-l1-ibsize 64
-l1-dbsize 64
-l2-dbsize 64
-l3-dbsize 64
-l1-isbsize 64
-l1-dsbsize 64
-l2-dsbsize 64
-l3-dsbsize 64
-l1-iassoc 8
-l1-dassoc 8
-l2-dassoc 8
-l3-dassoc 8
-l1-irepl l
-l1-drepl r
-l2-drepl r
-l3-drepl r
-l1-ifetch d
-l1-dfetch d
-l2-dfetch d
-l3-dfetch d
-l1-dwalloc a
-l2-dwalloc a
-l3-dwalloc a
-l1-dwback a
-l2-dwback a
-l3-dwback a
-skipcount 0
-flushcount 0
-maxcount 0
-stat-interval 0
-informat s
-on-trigger 0x0
-off-trigger 0x0

---Simulation begins.
---Simulation complete.
l1-icache
 Metrics		      Total	      Instrn	       Data	       Read	      Write	       Misc
 -----------------	      ------	      ------	      ------	      ------	      ------	      ------
 Demand Fetches		  1999999918	  1999999918	           0	           0	           0	           0
  Fraction of total	      1.0000	      1.0000	      0.0000	      0.0000	      0.0000	      0.0000

 Demand Misses		         463	         463	           0	           0	           0	           0
  Demand miss rate	      0.0000	      0.0000	      0.0000	      0.0000	      0.0000	      0.0000

 Multi-block refs                 0
 Bytes From Memory	       29632
 ( / Demand Fetches)	      0.0000
 Bytes To Memory	           0
 ( / Demand Writes)	      0.0000
 Total Bytes r/w Mem	       29632
 ( / Demand Fetches)	      0.0000

l1-dcache
 Metrics		      Total	      Instrn	       Data	       Read	      Write	       Misc
 -----------------	      ------	      ------	      ------	      ------	      ------	      ------
 Demand Fetches		   744595033	           0	   744595033	   552857447	   191737586	           0
  Fraction of total	      1.0000	      0.0000	      1.0000	      0.7425	      0.2575	      0.0000

 Demand Misses		    38606578	           0	    38606578	    37806983	      799595	           0
  Demand miss rate	      0.0518	      0.0000	      0.0518	      0.0684	      0.0042	      0.0000

 Multi-block refs                 0
 Bytes From Memory	  2470820992
 ( / Demand Fetches)	      3.3183
 Bytes To Memory	   554068352
 ( / Demand Writes)	      2.8897
 Total Bytes r/w Mem	  3024889344
 ( / Demand Fetches)	      4.0625

l2-dcache
 Metrics		      Total	      Instrn	       Data	       Read	      Write	       Misc
 -----------------	      ------	      ------	      ------	      ------	      ------	      ------
 Demand Fetches		    47263896	           0	    47263896	    38606578	     8657318	           0
  Fraction of total	      1.0000	      0.0000	      1.0000	      0.8168	      0.1832	      0.0000

 Demand Misses		    21996848	           0	    21996848	    21369269	      627579	           0
  Demand miss rate	      0.4654	      0.0000	      0.4654	      0.5535	      0.0725	      0.0000

 Multi-block refs                 0
 Bytes From Memory	  1367633216
 ( / Demand Fetches)	     28.9361
 Bytes To Memory	   350073408
 ( / Demand Writes)	     40.4367
 Total Bytes r/w Mem	  1717706624
 ( / Demand Fetches)	     36.3429

l3-dcache
 Metrics		      Total	      Instrn	       Data	       Read	      Write	       Misc
 -----------------	      ------	      ------	      ------	      ------	      ------	      ------
 Demand Fetches		    26839166	           0	    26839166	    21369269	     5469897	           0
  Fraction of total	      1.0000	      0.0000	      1.0000	      0.7962	      0.2038	      0.0000

 Demand Misses		     1391209	           0	     1391209	     1384970	        6239	           0
  Demand miss rate	      0.0518	      0.0000	      0.0518	      0.0648	      0.0011	      0.0000

 Multi-block refs                 0
 Bytes From Memory	    88638080
 ( / Demand Fetches)	      3.3026
 Bytes To Memory	    32546432
 ( / Demand Writes)	      5.9501
 Total Bytes r/w Mem	   121184512
 ( / Demand Fetches)	      4.5152

---Execution complete.
