tracename ammp_m2b
---Dinero IV cache simulator, version 7
---Written by Jan Edler and Mark D. Hill
---Copyright (C) 1997 NEC Research Institute, Inc. and Mark D. Hill.
---All rights reserved.
---Copyright (C) 1985, 1989 Mark D. Hill.  All rights reserved.
---See -copyright option for details

---Summary of options (-help option gives usage information).

-l1-isize 32768
-l1-dsize 32768
-l2-dsize 262144
-l3-dsize 8388608
-l1-ibsize 64
-l1-dbsize 64
-l2-dbsize 64
-l3-dbsize 64
-l1-isbsize 64
-l1-dsbsize 64
-l2-dsbsize 64
-l3-dsbsize 64
-l1-iassoc 8
-l1-dassoc 8
-l2-dassoc 8
-l3-dassoc 8
-l1-irepl l
-l1-drepl f
-l2-drepl f
-l3-drepl f
-l1-ifetch d
-l1-dfetch d
-l2-dfetch d
-l3-dfetch d
-l1-dwalloc a
-l2-dwalloc a
-l3-dwalloc a
-l1-dwback a
-l2-dwback a
-l3-dwback a
-skipcount 0
-flushcount 0
-maxcount 0
-stat-interval 0
-informat s
-on-trigger 0x0
-off-trigger 0x0

---Simulation begins.
---Simulation complete.
l1-icache
 Metrics		      Total	      Instrn	       Data	       Read	      Write	       Misc
 -----------------	      ------	      ------	      ------	      ------	      ------	      ------
 Demand Fetches		  1999999918	  1999999918	           0	           0	           0	           0
  Fraction of total	      1.0000	      1.0000	      0.0000	      0.0000	      0.0000	      0.0000

 Demand Misses		         463	         463	           0	           0	           0	           0
  Demand miss rate	      0.0000	      0.0000	      0.0000	      0.0000	      0.0000	      0.0000

 Multi-block refs                 0
 Bytes From Memory	       29632
 ( / Demand Fetches)	      0.0000
 Bytes To Memory	           0
 ( / Demand Writes)	      0.0000
 Total Bytes r/w Mem	       29632
 ( / Demand Fetches)	      0.0000

l1-dcache
 Metrics		      Total	      Instrn	       Data	       Read	      Write	       Misc
 -----------------	      ------	      ------	      ------	      ------	      ------	      ------
 Demand Fetches		   744595033	           0	   744595033	   552857447	   191737586	           0
  Fraction of total	      1.0000	      0.0000	      1.0000	      0.7425	      0.2575	      0.0000

 Demand Misses		    37631510	           0	    37631510	    36841497	      790013	           0
  Demand miss rate	      0.0505	      0.0000	      0.0505	      0.0666	      0.0041	      0.0000

 Multi-block refs                 0
 Bytes From Memory	  2408416640
 ( / Demand Fetches)	      3.2345
 Bytes To Memory	   543896832
 ( / Demand Writes)	      2.8367
 Total Bytes r/w Mem	  2952313472
 ( / Demand Fetches)	      3.9650

l2-dcache
 Metrics		      Total	      Instrn	       Data	       Read	      Write	       Misc
 -----------------	      ------	      ------	      ------	      ------	      ------	      ------
 Demand Fetches		    46129898	           0	    46129898	    37631510	     8498388	           0
  Fraction of total	      1.0000	      0.0000	      1.0000	      0.8158	      0.1842	      0.0000

 Demand Misses		    22239596	           0	    22239596	    22150035	       89561	           0
  Demand miss rate	      0.4821	      0.0000	      0.4821	      0.5886	      0.0105	      0.0000

 Multi-block refs                 0
 Bytes From Memory	  1417602240
 ( / Demand Fetches)	     30.7307
 Bytes To Memory	   360780416
 ( / Demand Writes)	     42.4528
 Total Bytes r/w Mem	  1778382656
 ( / Demand Fetches)	     38.5516

l3-dcache
 Metrics		      Total	      Instrn	       Data	       Read	      Write	       Misc
 -----------------	      ------	      ------	      ------	      ------	      ------	      ------
 Demand Fetches		    27787229	           0	    27787229	    22150035	     5637194	           0
  Fraction of total	      1.0000	      0.0000	      1.0000	      0.7971	      0.2029	      0.0000

 Demand Misses		     1831974	           0	     1831974	     1829179	        2795	           0
  Demand miss rate	      0.0659	      0.0000	      0.0659	      0.0826	      0.0005	      0.0000

 Multi-block refs                 0
 Bytes From Memory	   117067456
 ( / Demand Fetches)	      4.2130
 Bytes To Memory	    35740032
 ( / Demand Writes)	      6.3400
 Total Bytes r/w Mem	   152807488
 ( / Demand Fetches)	      5.4992

---Execution complete.
