tracename ammp_m2b
---Dinero IV cache simulator, version 7
---Written by Jan Edler and Mark D. Hill
---Copyright (C) 1997 NEC Research Institute, Inc. and Mark D. Hill.
---All rights reserved.
---Copyright (C) 1985, 1989 Mark D. Hill.  All rights reserved.
---See -copyright option for details

---Summary of options (-help option gives usage information).

-l1-isize 32768
-l1-dsize 32768
-l2-dsize 262144
-l3-dsize 524288
-l1-ibsize 64
-l1-dbsize 64
-l2-dbsize 64
-l3-dbsize 64
-l1-isbsize 64
-l1-dsbsize 64
-l2-dsbsize 64
-l3-dsbsize 64
-l1-iassoc 8
-l1-dassoc 8
-l2-dassoc 8
-l3-dassoc 8
-l1-irepl l
-l1-drepl c
-l2-drepl c
-l3-drepl c
-l1-ifetch d
-l1-dfetch d
-l2-dfetch d
-l3-dfetch d
-l1-dwalloc a
-l2-dwalloc a
-l3-dwalloc a
-l1-dwback a
-l2-dwback a
-l3-dwback a
-skipcount 0
-flushcount 0
-maxcount 0
-stat-interval 0
-informat s
-on-trigger 0x0
-off-trigger 0x0

---Simulation begins.
---Simulation complete.
l1-icache
 Metrics		      Total	      Instrn	       Data	       Read	      Write	       Misc
 -----------------	      ------	      ------	      ------	      ------	      ------	      ------
 Demand Fetches		  1999999918	  1999999918	           0	           0	           0	           0
  Fraction of total	      1.0000	      1.0000	      0.0000	      0.0000	      0.0000	      0.0000

 Demand Misses		         463	         463	           0	           0	           0	           0
  Demand miss rate	      0.0000	      0.0000	      0.0000	      0.0000	      0.0000	      0.0000

 Multi-block refs                 0
 Bytes From Memory	       29632
 ( / Demand Fetches)	      0.0000
 Bytes To Memory	           0
 ( / Demand Writes)	      0.0000
 Total Bytes r/w Mem	       29632
 ( / Demand Fetches)	      0.0000

l1-dcache
 Metrics		      Total	      Instrn	       Data	       Read	      Write	       Misc
 -----------------	      ------	      ------	      ------	      ------	      ------	      ------
 Demand Fetches		   744595033	           0	   744595033	   552857447	   191737586	           0
  Fraction of total	      1.0000	      0.0000	      1.0000	      0.7425	      0.2575	      0.0000

 Demand Misses		    37161081	           0	    37161081	    36462516	      698565	           0
  Demand miss rate	      0.0499	      0.0000	      0.0499	      0.0660	      0.0036	      0.0000

 Multi-block refs                 0
 Bytes From Memory	  2378309184
 ( / Demand Fetches)	      3.1941
 Bytes To Memory	   523885376
 ( / Demand Writes)	      2.7323
 Total Bytes r/w Mem	  2902194560
 ( / Demand Fetches)	      3.8977

l2-dcache
 Metrics		      Total	      Instrn	       Data	       Read	      Write	       Misc
 -----------------	      ------	      ------	      ------	      ------	      ------	      ------
 Demand Fetches		    45346790	           0	    45346790	    37161081	     8185709	           0
  Fraction of total	      1.0000	      0.0000	      1.0000	      0.8195	      0.1805	      0.0000

 Demand Misses		    21486581	           0	    21486581	    21243355	      243226	           0
  Demand miss rate	      0.4738	      0.0000	      0.4738	      0.5717	      0.0297	      0.0000

 Multi-block refs                 0
 Bytes From Memory	  1359574720
 ( / Demand Fetches)	     29.9817
 Bytes To Memory	   340806976
 ( / Demand Writes)	     41.6344
 Total Bytes r/w Mem	  1700381696
 ( / Demand Fetches)	     37.4973

l3-dcache
 Metrics		      Total	      Instrn	       Data	       Read	      Write	       Misc
 -----------------	      ------	      ------	      ------	      ------	      ------	      ------
 Demand Fetches		    26568464	           0	    26568464	    21243355	     5325109	           0
  Fraction of total	      1.0000	      0.0000	      1.0000	      0.7996	      0.2004	      0.0000

 Demand Misses		    17605826	           0	    17605826	    15912397	     1693429	           0
  Demand miss rate	      0.6627	      0.0000	      0.6627	      0.7491	      0.3180	      0.0000

 Multi-block refs                 0
 Bytes From Memory	  1018393408
 ( / Demand Fetches)	     38.3309
 Bytes To Memory	   262583488
 ( / Demand Writes)	     49.3104
 Total Bytes r/w Mem	  1280976896
 ( / Demand Fetches)	     48.2142

---Execution complete.
