tracename ammp_m2b
---Dinero IV cache simulator, version 7
---Written by Jan Edler and Mark D. Hill
---Copyright (C) 1997 NEC Research Institute, Inc. and Mark D. Hill.
---All rights reserved.
---Copyright (C) 1985, 1989 Mark D. Hill.  All rights reserved.
---See -copyright option for details

---Summary of options (-help option gives usage information).

-l1-isize 32768
-l1-dsize 32768
-l2-dsize 262144
-l3-dsize 33554432
-l1-ibsize 64
-l1-dbsize 64
-l2-dbsize 64
-l3-dbsize 64
-l1-isbsize 64
-l1-dsbsize 64
-l2-dsbsize 64
-l3-dsbsize 64
-l1-iassoc 8
-l1-dassoc 8
-l2-dassoc 8
-l3-dassoc 8
-l1-irepl l
-l1-drepl c
-l2-drepl c
-l3-drepl c
-l1-ifetch d
-l1-dfetch d
-l2-dfetch d
-l3-dfetch d
-l1-dwalloc a
-l2-dwalloc a
-l3-dwalloc a
-l1-dwback a
-l2-dwback a
-l3-dwback a
-skipcount 0
-flushcount 0
-maxcount 0
-stat-interval 0
-informat s
-on-trigger 0x0
-off-trigger 0x0

---Simulation begins.
---Simulation complete.
l1-icache
 Metrics		      Total	      Instrn	       Data	       Read	      Write	       Misc
 -----------------	      ------	      ------	      ------	      ------	      ------	      ------
 Demand Fetches		  1999999918	  1999999918	           0	           0	           0	           0
  Fraction of total	      1.0000	      1.0000	      0.0000	      0.0000	      0.0000	      0.0000

 Demand Misses		         463	         463	           0	           0	           0	           0
  Demand miss rate	      0.0000	      0.0000	      0.0000	      0.0000	      0.0000	      0.0000

 Multi-block refs                 0
 Bytes From Memory	       29632
 ( / Demand Fetches)	      0.0000
 Bytes To Memory	           0
 ( / Demand Writes)	      0.0000
 Total Bytes r/w Mem	       29632
 ( / Demand Fetches)	      0.0000

l1-dcache
 Metrics		      Total	      Instrn	       Data	       Read	      Write	       Misc
 -----------------	      ------	      ------	      ------	      ------	      ------	      ------
 Demand Fetches		   744595033	           0	   744595033	   552857447	   191737586	           0
  Fraction of total	      1.0000	      0.0000	      1.0000	      0.7425	      0.2575	      0.0000

 Demand Misses		    37156782	           0	    37156782	    36458055	      698727	           0
  Demand miss rate	      0.0499	      0.0000	      0.0499	      0.0659	      0.0036	      0.0000

 Multi-block refs                 0
 Bytes From Memory	  2378034048
 ( / Demand Fetches)	      3.1937
 Bytes To Memory	   523719488
 ( / Demand Writes)	      2.7314
 Total Bytes r/w Mem	  2901753536
 ( / Demand Fetches)	      3.8971

l2-dcache
 Metrics		      Total	      Instrn	       Data	       Read	      Write	       Misc
 -----------------	      ------	      ------	      ------	      ------	      ------	      ------
 Demand Fetches		    45339899	           0	    45339899	    37156782	     8183117	           0
  Fraction of total	      1.0000	      0.0000	      1.0000	      0.8195	      0.1805	      0.0000

 Demand Misses		    21488081	           0	    21488081	    21245616	      242465	           0
  Demand miss rate	      0.4739	      0.0000	      0.4739	      0.5718	      0.0296	      0.0000

 Multi-block refs                 0
 Bytes From Memory	  1359719424
 ( / Demand Fetches)	     29.9895
 Bytes To Memory	   340824128
 ( / Demand Writes)	     41.6497
 Total Bytes r/w Mem	  1700543552
 ( / Demand Fetches)	     37.5066

l3-dcache
 Metrics		      Total	      Instrn	       Data	       Read	      Write	       Misc
 -----------------	      ------	      ------	      ------	      ------	      ------	      ------
 Demand Fetches		    26570993	           0	    26570993	    21245616	     5325377	           0
  Fraction of total	      1.0000	      0.0000	      1.0000	      0.7996	      0.2004	      0.0000

 Demand Misses		      339599	           0	      339599	      339599	           0	           0
  Demand miss rate	      0.0128	      0.0000	      0.0128	      0.0160	      0.0000	      0.0000

 Multi-block refs                 0
 Bytes From Memory	    21734336
 ( / Demand Fetches)	      0.8180
 Bytes To Memory	    18401024
 ( / Demand Writes)	      3.4553
 Total Bytes r/w Mem	    40135360
 ( / Demand Fetches)	      1.5105

---Execution complete.
