tracename ammp_m2b
---Dinero IV cache simulator, version 7
---Written by Jan Edler and Mark D. Hill
---Copyright (C) 1997 NEC Research Institute, Inc. and Mark D. Hill.
---All rights reserved.
---Copyright (C) 1985, 1989 Mark D. Hill.  All rights reserved.
---See -copyright option for details

---Summary of options (-help option gives usage information).

-l1-isize 32768
-l1-dsize 32768
-l2-dsize 262144
-l3-dsize 4194304
-l1-ibsize 64
-l1-dbsize 64
-l2-dbsize 64
-l3-dbsize 64
-l1-isbsize 64
-l1-dsbsize 64
-l2-dsbsize 64
-l3-dsbsize 64
-l1-iassoc 8
-l1-dassoc 8
-l2-dassoc 8
-l3-dassoc 8
-l1-irepl l
-l1-drepl 2
-l2-drepl 2
-l3-drepl 2
-l1-ifetch d
-l1-dfetch d
-l2-dfetch d
-l3-dfetch d
-l1-dwalloc a
-l2-dwalloc a
-l3-dwalloc a
-l1-dwback a
-l2-dwback a
-l3-dwback a
-skipcount 0
-flushcount 0
-maxcount 0
-stat-interval 0
-informat s
-on-trigger 0x0
-off-trigger 0x0

---Simulation begins.
---Simulation complete.
l1-icache
 Metrics		      Total	      Instrn	       Data	       Read	      Write	       Misc
 -----------------	      ------	      ------	      ------	      ------	      ------	      ------
 Demand Fetches		  1999999918	  1999999918	           0	           0	           0	           0
  Fraction of total	      1.0000	      1.0000	      0.0000	      0.0000	      0.0000	      0.0000

 Demand Misses		         463	         463	           0	           0	           0	           0
  Demand miss rate	      0.0000	      0.0000	      0.0000	      0.0000	      0.0000	      0.0000

 Multi-block refs                 0
 Bytes From Memory	       29632
 ( / Demand Fetches)	      0.0000
 Bytes To Memory	           0
 ( / Demand Writes)	      0.0000
 Total Bytes r/w Mem	       29632
 ( / Demand Fetches)	      0.0000

l1-dcache
 Metrics		      Total	      Instrn	       Data	       Read	      Write	       Misc
 -----------------	      ------	      ------	      ------	      ------	      ------	      ------
 Demand Fetches		   744595033	           0	   744595033	   552857447	   191737586	           0
  Fraction of total	      1.0000	      0.0000	      1.0000	      0.7425	      0.2575	      0.0000

 Demand Misses		    36900005	           0	    36900005	    36221607	      678398	           0
  Demand miss rate	      0.0496	      0.0000	      0.0496	      0.0655	      0.0035	      0.0000

 Multi-block refs                 0
 Bytes From Memory	  2361600320
 ( / Demand Fetches)	      3.1717
 Bytes To Memory	   517391424
 ( / Demand Writes)	      2.6984
 Total Bytes r/w Mem	  2878991744
 ( / Demand Fetches)	      3.8665

l2-dcache
 Metrics		      Total	      Instrn	       Data	       Read	      Write	       Misc
 -----------------	      ------	      ------	      ------	      ------	      ------	      ------
 Demand Fetches		    44984246	           0	    44984246	    36900005	     8084241	           0
  Fraction of total	      1.0000	      0.0000	      1.0000	      0.8203	      0.1797	      0.0000

 Demand Misses		    21358816	           0	    21358816	    21201462	      157354	           0
  Demand miss rate	      0.4748	      0.0000	      0.4748	      0.5746	      0.0195	      0.0000

 Multi-block refs                 0
 Bytes From Memory	  1356893568
 ( / Demand Fetches)	     30.1638
 Bytes To Memory	   339038144
 ( / Demand Writes)	     41.9382
 Total Bytes r/w Mem	  1695931712
 ( / Demand Fetches)	     37.7006

l3-dcache
 Metrics		      Total	      Instrn	       Data	       Read	      Write	       Misc
 -----------------	      ------	      ------	      ------	      ------	      ------	      ------
 Demand Fetches		    26498933	           0	    26498933	    21201462	     5297471	           0
  Fraction of total	      1.0000	      0.0000	      1.0000	      0.8001	      0.1999	      0.0000

 Demand Misses		     4206054	           0	     4206054	     4203969	        2085	           0
  Demand miss rate	      0.1587	      0.0000	      0.1587	      0.1983	      0.0004	      0.0000

 Multi-block refs                 0
 Bytes From Memory	   269054016
 ( / Demand Fetches)	     10.1534
 Bytes To Memory	    63822976
 ( / Demand Writes)	     12.0478
 Total Bytes r/w Mem	   332876992
 ( / Demand Fetches)	     12.5619

---Execution complete.
