tracename ammp_m2b
---Dinero IV cache simulator, version 7
---Written by Jan Edler and Mark D. Hill
---Copyright (C) 1997 NEC Research Institute, Inc. and Mark D. Hill.
---All rights reserved.
---Copyright (C) 1985, 1989 Mark D. Hill.  All rights reserved.
---See -copyright option for details

---Summary of options (-help option gives usage information).

-l1-isize 32768
-l1-dsize 32768
-l2-dsize 262144
-l3-dsize 4194304
-l1-ibsize 64
-l1-dbsize 64
-l2-dbsize 64
-l3-dbsize 64
-l1-isbsize 64
-l1-dsbsize 64
-l2-dsbsize 64
-l3-dsbsize 64
-l1-iassoc 8
-l1-dassoc 8
-l2-dassoc 8
-l3-dassoc 8
-l1-irepl l
-l1-drepl r
-l2-drepl r
-l3-drepl r
-l1-ifetch d
-l1-dfetch d
-l2-dfetch d
-l3-dfetch d
-l1-dwalloc a
-l2-dwalloc a
-l3-dwalloc a
-l1-dwback a
-l2-dwback a
-l3-dwback a
-skipcount 0
-flushcount 0
-maxcount 0
-stat-interval 0
-informat s
-on-trigger 0x0
-off-trigger 0x0

---Simulation begins.
---Simulation complete.
l1-icache
 Metrics		      Total	      Instrn	       Data	       Read	      Write	       Misc
 -----------------	      ------	      ------	      ------	      ------	      ------	      ------
 Demand Fetches		  1999999918	  1999999918	           0	           0	           0	           0
  Fraction of total	      1.0000	      1.0000	      0.0000	      0.0000	      0.0000	      0.0000

 Demand Misses		         463	         463	           0	           0	           0	           0
  Demand miss rate	      0.0000	      0.0000	      0.0000	      0.0000	      0.0000	      0.0000

 Multi-block refs                 0
 Bytes From Memory	       29632
 ( / Demand Fetches)	      0.0000
 Bytes To Memory	           0
 ( / Demand Writes)	      0.0000
 Total Bytes r/w Mem	       29632
 ( / Demand Fetches)	      0.0000

l1-dcache
 Metrics		      Total	      Instrn	       Data	       Read	      Write	       Misc
 -----------------	      ------	      ------	      ------	      ------	      ------	      ------
 Demand Fetches		   744595033	           0	   744595033	   552857447	   191737586	           0
  Fraction of total	      1.0000	      0.0000	      1.0000	      0.7425	      0.2575	      0.0000

 Demand Misses		    38605394	           0	    38605394	    37806122	      799272	           0
  Demand miss rate	      0.0518	      0.0000	      0.0518	      0.0684	      0.0042	      0.0000

 Multi-block refs                 0
 Bytes From Memory	  2470745216
 ( / Demand Fetches)	      3.3182
 Bytes To Memory	   553892864
 ( / Demand Writes)	      2.8888
 Total Bytes r/w Mem	  3024638080
 ( / Demand Fetches)	      4.0621

l2-dcache
 Metrics		      Total	      Instrn	       Data	       Read	      Write	       Misc
 -----------------	      ------	      ------	      ------	      ------	      ------	      ------
 Demand Fetches		    47259970	           0	    47259970	    38605394	     8654576	           0
  Fraction of total	      1.0000	      0.0000	      1.0000	      0.8169	      0.1831	      0.0000

 Demand Misses		    21996627	           0	    21996627	    21367838	      628789	           0
  Demand miss rate	      0.4654	      0.0000	      0.4654	      0.5535	      0.0727	      0.0000

 Multi-block refs                 0
 Bytes From Memory	  1367541632
 ( / Demand Fetches)	     28.9366
 Bytes To Memory	   350148416
 ( / Demand Writes)	     40.4582
 Total Bytes r/w Mem	  1717690048
 ( / Demand Fetches)	     36.3456

l3-dcache
 Metrics		      Total	      Instrn	       Data	       Read	      Write	       Misc
 -----------------	      ------	      ------	      ------	      ------	      ------	      ------
 Demand Fetches		    26838907	           0	    26838907	    21367838	     5471069	           0
  Fraction of total	      1.0000	      0.0000	      1.0000	      0.7962	      0.2038	      0.0000

 Demand Misses		     4010953	           0	     4010953	     3977074	       33879	           0
  Demand miss rate	      0.1494	      0.0000	      0.1494	      0.1861	      0.0062	      0.0000

 Multi-block refs                 0
 Bytes From Memory	   254532736
 ( / Demand Fetches)	      9.4837
 Bytes To Memory	    63467520
 ( / Demand Writes)	     11.6006
 Total Bytes r/w Mem	   318000256
 ( / Demand Fetches)	     11.8485

---Execution complete.
