tracename ammp_m2b
---Dinero IV cache simulator, version 7
---Written by Jan Edler and Mark D. Hill
---Copyright (C) 1997 NEC Research Institute, Inc. and Mark D. Hill.
---All rights reserved.
---Copyright (C) 1985, 1989 Mark D. Hill.  All rights reserved.
---See -copyright option for details

---Summary of options (-help option gives usage information).

-l1-isize 32768
-l1-dsize 32768
-l2-dsize 262144
-l3-dsize 8388608
-l1-ibsize 64
-l1-dbsize 64
-l2-dbsize 64
-l3-dbsize 64
-l1-isbsize 64
-l1-dsbsize 64
-l2-dsbsize 64
-l3-dsbsize 64
-l1-iassoc 8
-l1-dassoc 8
-l2-dassoc 8
-l3-dassoc 8
-l1-irepl l
-l1-drepl b
-l2-drepl b
-l3-drepl b
-l1-ifetch d
-l1-dfetch d
-l2-dfetch d
-l3-dfetch d
-l1-dwalloc a
-l2-dwalloc a
-l3-dwalloc a
-l1-dwback a
-l2-dwback a
-l3-dwback a
-skipcount 0
-flushcount 0
-maxcount 0
-stat-interval 0
-informat s
-on-trigger 0x0
-off-trigger 0x0

---Simulation begins.
---Simulation complete.
l1-icache
 Metrics		      Total	      Instrn	       Data	       Read	      Write	       Misc
 -----------------	      ------	      ------	      ------	      ------	      ------	      ------
 Demand Fetches		  1999999918	  1999999918	           0	           0	           0	           0
  Fraction of total	      1.0000	      1.0000	      0.0000	      0.0000	      0.0000	      0.0000

 Demand Misses		         463	         463	           0	           0	           0	           0
  Demand miss rate	      0.0000	      0.0000	      0.0000	      0.0000	      0.0000	      0.0000

 Multi-block refs                 0
 Bytes From Memory	       29632
 ( / Demand Fetches)	      0.0000
 Bytes To Memory	           0
 ( / Demand Writes)	      0.0000
 Total Bytes r/w Mem	       29632
 ( / Demand Fetches)	      0.0000

l1-dcache
 Metrics		      Total	      Instrn	       Data	       Read	      Write	       Misc
 -----------------	      ------	      ------	      ------	      ------	      ------	      ------
 Demand Fetches		   744595033	           0	   744595033	   552857447	   191737586	           0
  Fraction of total	      1.0000	      0.0000	      1.0000	      0.7425	      0.2575	      0.0000

 Demand Misses		    37512132	           0	    37512132	    36788569	      723563	           0
  Demand miss rate	      0.0504	      0.0000	      0.0504	      0.0665	      0.0038	      0.0000

 Multi-block refs                 0
 Bytes From Memory	  2400776448
 ( / Demand Fetches)	      3.2243
 Bytes To Memory	   531150144
 ( / Demand Writes)	      2.7702
 Total Bytes r/w Mem	  2931926592
 ( / Demand Fetches)	      3.9376

l2-dcache
 Metrics		      Total	      Instrn	       Data	       Read	      Write	       Misc
 -----------------	      ------	      ------	      ------	      ------	      ------	      ------
 Demand Fetches		    45811353	           0	    45811353	    37512132	     8299221	           0
  Fraction of total	      1.0000	      0.0000	      1.0000	      0.8188	      0.1812	      0.0000

 Demand Misses		    21574469	           0	    21574469	    21233322	      341147	           0
  Demand miss rate	      0.4709	      0.0000	      0.4709	      0.5660	      0.0411	      0.0000

 Multi-block refs                 0
 Bytes From Memory	  1358932608
 ( / Demand Fetches)	     29.6637
 Bytes To Memory	   342397312
 ( / Demand Writes)	     41.2566
 Total Bytes r/w Mem	  1701329920
 ( / Demand Fetches)	     37.1377

l3-dcache
 Metrics		      Total	      Instrn	       Data	       Read	      Write	       Misc
 -----------------	      ------	      ------	      ------	      ------	      ------	      ------
 Demand Fetches		    26583280	           0	    26583280	    21233322	     5349958	           0
  Fraction of total	      1.0000	      0.0000	      1.0000	      0.7987	      0.2013	      0.0000

 Demand Misses		     1402675	           0	     1402675	     1400351	        2324	           0
  Demand miss rate	      0.0528	      0.0000	      0.0528	      0.0660	      0.0004	      0.0000

 Multi-block refs                 0
 Bytes From Memory	    89622464
 ( / Demand Fetches)	      3.3714
 Bytes To Memory	    30093504
 ( / Demand Writes)	      5.6250
 Total Bytes r/w Mem	   119715968
 ( / Demand Fetches)	      4.5034

---Execution complete.
