tracename ammp_m2b
---Dinero IV cache simulator, version 7
---Written by Jan Edler and Mark D. Hill
---Copyright (C) 1997 NEC Research Institute, Inc. and Mark D. Hill.
---All rights reserved.
---Copyright (C) 1985, 1989 Mark D. Hill.  All rights reserved.
---See -copyright option for details

---Summary of options (-help option gives usage information).

-l1-isize 32768
-l1-dsize 32768
-l2-dsize 262144
-l3-dsize 33554432
-l1-ibsize 64
-l1-dbsize 64
-l2-dbsize 64
-l3-dbsize 64
-l1-isbsize 64
-l1-dsbsize 64
-l2-dsbsize 64
-l3-dsbsize 64
-l1-iassoc 8
-l1-dassoc 8
-l2-dassoc 8
-l3-dassoc 8
-l1-irepl l
-l1-drepl r
-l2-drepl r
-l3-drepl r
-l1-ifetch d
-l1-dfetch d
-l2-dfetch d
-l3-dfetch d
-l1-dwalloc a
-l2-dwalloc a
-l3-dwalloc a
-l1-dwback a
-l2-dwback a
-l3-dwback a
-skipcount 0
-flushcount 0
-maxcount 0
-stat-interval 0
-informat s
-on-trigger 0x0
-off-trigger 0x0

---Simulation begins.
---Simulation complete.
l1-icache
 Metrics		      Total	      Instrn	       Data	       Read	      Write	       Misc
 -----------------	      ------	      ------	      ------	      ------	      ------	      ------
 Demand Fetches		  1999999918	  1999999918	           0	           0	           0	           0
  Fraction of total	      1.0000	      1.0000	      0.0000	      0.0000	      0.0000	      0.0000

 Demand Misses		         463	         463	           0	           0	           0	           0
  Demand miss rate	      0.0000	      0.0000	      0.0000	      0.0000	      0.0000	      0.0000

 Multi-block refs                 0
 Bytes From Memory	       29632
 ( / Demand Fetches)	      0.0000
 Bytes To Memory	           0
 ( / Demand Writes)	      0.0000
 Total Bytes r/w Mem	       29632
 ( / Demand Fetches)	      0.0000

l1-dcache
 Metrics		      Total	      Instrn	       Data	       Read	      Write	       Misc
 -----------------	      ------	      ------	      ------	      ------	      ------	      ------
 Demand Fetches		   744595033	           0	   744595033	   552857447	   191737586	           0
  Fraction of total	      1.0000	      0.0000	      1.0000	      0.7425	      0.2575	      0.0000

 Demand Misses		    38607434	           0	    38607434	    37807598	      799836	           0
  Demand miss rate	      0.0519	      0.0000	      0.0519	      0.0684	      0.0042	      0.0000

 Multi-block refs                 0
 Bytes From Memory	  2470875776
 ( / Demand Fetches)	      3.3184
 Bytes To Memory	   553962880
 ( / Demand Writes)	      2.8892
 Total Bytes r/w Mem	  3024838656
 ( / Demand Fetches)	      4.0624

l2-dcache
 Metrics		      Total	      Instrn	       Data	       Read	      Write	       Misc
 -----------------	      ------	      ------	      ------	      ------	      ------	      ------
 Demand Fetches		    47263104	           0	    47263104	    38607434	     8655670	           0
  Fraction of total	      1.0000	      0.0000	      1.0000	      0.8169	      0.1831	      0.0000

 Demand Misses		    21994089	           0	    21994089	    21366312	      627777	           0
  Demand miss rate	      0.4654	      0.0000	      0.4654	      0.5534	      0.0725	      0.0000

 Multi-block refs                 0
 Bytes From Memory	  1367443968
 ( / Demand Fetches)	     28.9326
 Bytes To Memory	   350051904
 ( / Demand Writes)	     40.4419
 Total Bytes r/w Mem	  1717495872
 ( / Demand Fetches)	     36.3390

l3-dcache
 Metrics		      Total	      Instrn	       Data	       Read	      Write	       Misc
 -----------------	      ------	      ------	      ------	      ------	      ------	      ------
 Demand Fetches		    26835873	           0	    26835873	    21366312	     5469561	           0
  Fraction of total	      1.0000	      0.0000	      1.0000	      0.7962	      0.2038	      0.0000

 Demand Misses		      339599	           0	      339599	      339599	           0	           0
  Demand miss rate	      0.0127	      0.0000	      0.0127	      0.0159	      0.0000	      0.0000

 Multi-block refs                 0
 Bytes From Memory	    21734336
 ( / Demand Fetches)	      0.8099
 Bytes To Memory	    18401024
 ( / Demand Writes)	      3.3643
 Total Bytes r/w Mem	    40135360
 ( / Demand Fetches)	      1.4956

---Execution complete.
