tracename lucas_m2b
---Dinero IV cache simulator, version 7
---Written by Jan Edler and Mark D. Hill
---Copyright (C) 1997 NEC Research Institute, Inc. and Mark D. Hill.
---All rights reserved.
---Copyright (C) 1985, 1989 Mark D. Hill.  All rights reserved.
---See -copyright option for details

---Summary of options (-help option gives usage information).

-l1-isize 32768
-l1-dsize 32768
-l2-dsize 262144
-l3-dsize 33554432
-l1-ibsize 64
-l1-dbsize 64
-l2-dbsize 64
-l3-dbsize 64
-l1-isbsize 64
-l1-dsbsize 64
-l2-dsbsize 64
-l3-dsbsize 64
-l1-iassoc 8
-l1-dassoc 8
-l2-dassoc 8
-l3-dassoc 8
-l1-irepl l
-l1-drepl l
-l2-drepl l
-l3-drepl l
-l1-ifetch d
-l1-dfetch d
-l2-dfetch d
-l3-dfetch d
-l1-dwalloc a
-l2-dwalloc a
-l3-dwalloc a
-l1-dwback a
-l2-dwback a
-l3-dwback a
-skipcount 0
-flushcount 0
-maxcount 0
-stat-interval 0
-informat s
-on-trigger 0x0
-off-trigger 0x0

---Simulation begins.
---Simulation complete.
l1-icache
 Metrics		      Total	      Instrn	       Data	       Read	      Write	       Misc
 -----------------	      ------	      ------	      ------	      ------	      ------	      ------
 Demand Fetches		  1999999943	  1999999943	           0	           0	           0	           0
  Fraction of total	      1.0000	      1.0000	      0.0000	      0.0000	      0.0000	      0.0000

 Demand Misses		         559	         559	           0	           0	           0	           0
  Demand miss rate	      0.0000	      0.0000	      0.0000	      0.0000	      0.0000	      0.0000

 Multi-block refs                 0
 Bytes From Memory	       35776
 ( / Demand Fetches)	      0.0000
 Bytes To Memory	           0
 ( / Demand Writes)	      0.0000
 Total Bytes r/w Mem	       35776
 ( / Demand Fetches)	      0.0000

l1-dcache
 Metrics		      Total	      Instrn	       Data	       Read	      Write	       Misc
 -----------------	      ------	      ------	      ------	      ------	      ------	      ------
 Demand Fetches		   443905265	           0	   443905265	   323692030	   120213235	           0
  Fraction of total	      1.0000	      0.0000	      1.0000	      0.7292	      0.2708	      0.0000

 Demand Misses		    38357362	           0	    38357362	    18875605	    19481757	           0
  Demand miss rate	      0.0864	      0.0000	      0.0864	      0.0583	      0.1621	      0.0000

 Multi-block refs                 8
 Bytes From Memory	  2454871168
 ( / Demand Fetches)	      5.5302
 Bytes To Memory	  1313945152
 ( / Demand Writes)	     10.9301
 Total Bytes r/w Mem	  3768816320
 ( / Demand Fetches)	      8.4901

l2-dcache
 Metrics		      Total	      Instrn	       Data	       Read	      Write	       Misc
 -----------------	      ------	      ------	      ------	      ------	      ------	      ------
 Demand Fetches		    58887755	           0	    58887755	    38357362	    20530393	           0
  Fraction of total	      1.0000	      0.0000	      1.0000	      0.6514	      0.3486	      0.0000

 Demand Misses		    48397620	           0	    48397620	    38350061	    10047559	           0
  Demand miss rate	      0.8219	      0.0000	      0.8219	      0.9998	      0.4894	      0.0000

 Multi-block refs                 0
 Bytes From Memory	  2454403904
 ( / Demand Fetches)	     41.6794
 Bytes To Memory	  1313917952
 ( / Demand Writes)	     63.9987
 Total Bytes r/w Mem	  3768321856
 ( / Demand Fetches)	     63.9916

l3-dcache
 Metrics		      Total	      Instrn	       Data	       Read	      Write	       Misc
 -----------------	      ------	      ------	      ------	      ------	      ------	      ------
 Demand Fetches		    58880029	           0	    58880029	    38350061	    20529968	           0
  Fraction of total	      1.0000	      0.0000	      1.0000	      0.6513	      0.3487	      0.0000

 Demand Misses		    28732665	           0	    28732665	    28247350	      485315	           0
  Demand miss rate	      0.4880	      0.0000	      0.4880	      0.7366	      0.0236	      0.0000

 Multi-block refs                 0
 Bytes From Memory	  1807830400
 ( / Demand Fetches)	     30.7036
 Bytes To Memory	  1214578560
 ( / Demand Writes)	     59.1612
 Total Bytes r/w Mem	  3022408960
 ( / Demand Fetches)	     51.3316

---Execution complete.
