tracename lucas_m2b
---Dinero IV cache simulator, version 7
---Written by Jan Edler and Mark D. Hill
---Copyright (C) 1997 NEC Research Institute, Inc. and Mark D. Hill.
---All rights reserved.
---Copyright (C) 1985, 1989 Mark D. Hill.  All rights reserved.
---See -copyright option for details

---Summary of options (-help option gives usage information).

-l1-isize 32768
-l1-dsize 32768
-l2-dsize 262144
-l3-dsize 1048576
-l1-ibsize 64
-l1-dbsize 64
-l2-dbsize 64
-l3-dbsize 64
-l1-isbsize 64
-l1-dsbsize 64
-l2-dsbsize 64
-l3-dsbsize 64
-l1-iassoc 8
-l1-dassoc 8
-l2-dassoc 8
-l3-dassoc 8
-l1-irepl l
-l1-drepl f
-l2-drepl f
-l3-drepl f
-l1-ifetch d
-l1-dfetch d
-l2-dfetch d
-l3-dfetch d
-l1-dwalloc a
-l2-dwalloc a
-l3-dwalloc a
-l1-dwback a
-l2-dwback a
-l3-dwback a
-skipcount 0
-flushcount 0
-maxcount 0
-stat-interval 0
-informat s
-on-trigger 0x0
-off-trigger 0x0

---Simulation begins.
---Simulation complete.
l1-icache
 Metrics		      Total	      Instrn	       Data	       Read	      Write	       Misc
 -----------------	      ------	      ------	      ------	      ------	      ------	      ------
 Demand Fetches		  1999999943	  1999999943	           0	           0	           0	           0
  Fraction of total	      1.0000	      1.0000	      0.0000	      0.0000	      0.0000	      0.0000

 Demand Misses		         559	         559	           0	           0	           0	           0
  Demand miss rate	      0.0000	      0.0000	      0.0000	      0.0000	      0.0000	      0.0000

 Multi-block refs                 0
 Bytes From Memory	       35776
 ( / Demand Fetches)	      0.0000
 Bytes To Memory	           0
 ( / Demand Writes)	      0.0000
 Total Bytes r/w Mem	       35776
 ( / Demand Fetches)	      0.0000

l1-dcache
 Metrics		      Total	      Instrn	       Data	       Read	      Write	       Misc
 -----------------	      ------	      ------	      ------	      ------	      ------	      ------
 Demand Fetches		   443905265	           0	   443905265	   323692030	   120213235	           0
  Fraction of total	      1.0000	      0.0000	      1.0000	      0.7292	      0.2708	      0.0000

 Demand Misses		    38679088	           0	    38679088	    19197344	    19481744	           0
  Demand miss rate	      0.0871	      0.0000	      0.0871	      0.0593	      0.1621	      0.0000

 Multi-block refs                 8
 Bytes From Memory	  2475461632
 ( / Demand Fetches)	      5.5766
 Bytes To Memory	  1313944640
 ( / Demand Writes)	     10.9301
 Total Bytes r/w Mem	  3789406272
 ( / Demand Fetches)	      8.5365

l2-dcache
 Metrics		      Total	      Instrn	       Data	       Read	      Write	       Misc
 -----------------	      ------	      ------	      ------	      ------	      ------	      ------
 Demand Fetches		    59209473	           0	    59209473	    38679088	    20530385	           0
  Fraction of total	      1.0000	      0.0000	      1.0000	      0.6533	      0.3467	      0.0000

 Demand Misses		    44574593	           0	    44574593	    38389447	     6185146	           0
  Demand miss rate	      0.7528	      0.0000	      0.7528	      0.9925	      0.3013	      0.0000

 Multi-block refs                 0
 Bytes From Memory	  2456924608
 ( / Demand Fetches)	     41.4955
 Bytes To Memory	  1313923392
 ( / Demand Writes)	     63.9990
 Total Bytes r/w Mem	  3770848000
 ( / Demand Fetches)	     63.6866

l3-dcache
 Metrics		      Total	      Instrn	       Data	       Read	      Write	       Misc
 -----------------	      ------	      ------	      ------	      ------	      ------	      ------
 Demand Fetches		    58919500	           0	    58919500	    38389447	    20530053	           0
  Fraction of total	      1.0000	      0.0000	      1.0000	      0.6516	      0.3484	      0.0000

 Demand Misses		    48096524	           0	    48096524	    38332240	     9764284	           0
  Demand miss rate	      0.8163	      0.0000	      0.8163	      0.9985	      0.4756	      0.0000

 Multi-block refs                 0
 Bytes From Memory	  2453263360
 ( / Demand Fetches)	     41.6375
 Bytes To Memory	  1313696128
 ( / Demand Writes)	     63.9889
 Total Bytes r/w Mem	  3766959488
 ( / Demand Fetches)	     63.9340

---Execution complete.
