tracename lucas_m2b
---Dinero IV cache simulator, version 7
---Written by Jan Edler and Mark D. Hill
---Copyright (C) 1997 NEC Research Institute, Inc. and Mark D. Hill.
---All rights reserved.
---Copyright (C) 1985, 1989 Mark D. Hill.  All rights reserved.
---See -copyright option for details

---Summary of options (-help option gives usage information).

-l1-isize 32768
-l1-dsize 32768
-l2-dsize 262144
-l3-dsize 4194304
-l1-ibsize 64
-l1-dbsize 64
-l2-dbsize 64
-l3-dbsize 64
-l1-isbsize 64
-l1-dsbsize 64
-l2-dsbsize 64
-l3-dsbsize 64
-l1-iassoc 8
-l1-dassoc 8
-l2-dassoc 8
-l3-dassoc 8
-l1-irepl l
-l1-drepl 2
-l2-drepl 2
-l3-drepl 2
-l1-ifetch d
-l1-dfetch d
-l2-dfetch d
-l3-dfetch d
-l1-dwalloc a
-l2-dwalloc a
-l3-dwalloc a
-l1-dwback a
-l2-dwback a
-l3-dwback a
-skipcount 0
-flushcount 0
-maxcount 0
-stat-interval 0
-informat s
-on-trigger 0x0
-off-trigger 0x0

---Simulation begins.
---Simulation complete.
l1-icache
 Metrics		      Total	      Instrn	       Data	       Read	      Write	       Misc
 -----------------	      ------	      ------	      ------	      ------	      ------	      ------
 Demand Fetches		  1999999943	  1999999943	           0	           0	           0	           0
  Fraction of total	      1.0000	      1.0000	      0.0000	      0.0000	      0.0000	      0.0000

 Demand Misses		         559	         559	           0	           0	           0	           0
  Demand miss rate	      0.0000	      0.0000	      0.0000	      0.0000	      0.0000	      0.0000

 Multi-block refs                 0
 Bytes From Memory	       35776
 ( / Demand Fetches)	      0.0000
 Bytes To Memory	           0
 ( / Demand Writes)	      0.0000
 Total Bytes r/w Mem	       35776
 ( / Demand Fetches)	      0.0000

l1-dcache
 Metrics		      Total	      Instrn	       Data	       Read	      Write	       Misc
 -----------------	      ------	      ------	      ------	      ------	      ------	      ------
 Demand Fetches		   443905265	           0	   443905265	   323692030	   120213235	           0
  Fraction of total	      1.0000	      0.0000	      1.0000	      0.7292	      0.2708	      0.0000

 Demand Misses		    38378207	           0	    38378207	    18892328	    19485879	           0
  Demand miss rate	      0.0865	      0.0000	      0.0865	      0.0584	      0.1621	      0.0000

 Multi-block refs                 8
 Bytes From Memory	  2456205248
 ( / Demand Fetches)	      5.5332
 Bytes To Memory	  1314209088
 ( / Demand Writes)	     10.9323
 Total Bytes r/w Mem	  3770414336
 ( / Demand Fetches)	      8.4937

l2-dcache
 Metrics		      Total	      Instrn	       Data	       Read	      Write	       Misc
 -----------------	      ------	      ------	      ------	      ------	      ------	      ------
 Demand Fetches		    58912724	           0	    58912724	    38378207	    20534517	           0
  Fraction of total	      1.0000	      0.0000	      1.0000	      0.6514	      0.3486	      0.0000

 Demand Misses		    47329491	           0	    47329491	    38353539	     8975952	           0
  Demand miss rate	      0.8034	      0.0000	      0.8034	      0.9994	      0.4371	      0.0000

 Multi-block refs                 0
 Bytes From Memory	  2454626496
 ( / Demand Fetches)	     41.6655
 Bytes To Memory	  1313976064
 ( / Demand Writes)	     63.9887
 Total Bytes r/w Mem	  3768602560
 ( / Demand Fetches)	     63.9692

l3-dcache
 Metrics		      Total	      Instrn	       Data	       Read	      Write	       Misc
 -----------------	      ------	      ------	      ------	      ------	      ------	      ------
 Demand Fetches		    58884415	           0	    58884415	    38353539	    20530876	           0
  Fraction of total	      1.0000	      0.0000	      1.0000	      0.6513	      0.3487	      0.0000

 Demand Misses		    45020610	           0	    45020610	    38162277	     6858333	           0
  Demand miss rate	      0.7646	      0.0000	      0.7646	      0.9950	      0.3340	      0.0000

 Multi-block refs                 0
 Bytes From Memory	  2442385728
 ( / Demand Fetches)	     41.4776
 Bytes To Memory	  1305925184
 ( / Demand Writes)	     63.6079
 Total Bytes r/w Mem	  3748310912
 ( / Demand Fetches)	     63.6554

---Execution complete.
