tracename lucas_m2b
---Dinero IV cache simulator, version 7
---Written by Jan Edler and Mark D. Hill
---Copyright (C) 1997 NEC Research Institute, Inc. and Mark D. Hill.
---All rights reserved.
---Copyright (C) 1985, 1989 Mark D. Hill.  All rights reserved.
---See -copyright option for details

---Summary of options (-help option gives usage information).

-l1-isize 32768
-l1-dsize 32768
-l2-dsize 262144
-l3-dsize 2097152
-l1-ibsize 64
-l1-dbsize 64
-l2-dbsize 64
-l3-dbsize 64
-l1-isbsize 64
-l1-dsbsize 64
-l2-dsbsize 64
-l3-dsbsize 64
-l1-iassoc 8
-l1-dassoc 8
-l2-dassoc 8
-l3-dassoc 8
-l1-irepl l
-l1-drepl c
-l2-drepl c
-l3-drepl c
-l1-ifetch d
-l1-dfetch d
-l2-dfetch d
-l3-dfetch d
-l1-dwalloc a
-l2-dwalloc a
-l3-dwalloc a
-l1-dwback a
-l2-dwback a
-l3-dwback a
-skipcount 0
-flushcount 0
-maxcount 0
-stat-interval 0
-informat s
-on-trigger 0x0
-off-trigger 0x0

---Simulation begins.
---Simulation complete.
l1-icache
 Metrics		      Total	      Instrn	       Data	       Read	      Write	       Misc
 -----------------	      ------	      ------	      ------	      ------	      ------	      ------
 Demand Fetches		  1999999943	  1999999943	           0	           0	           0	           0
  Fraction of total	      1.0000	      1.0000	      0.0000	      0.0000	      0.0000	      0.0000

 Demand Misses		         559	         559	           0	           0	           0	           0
  Demand miss rate	      0.0000	      0.0000	      0.0000	      0.0000	      0.0000	      0.0000

 Multi-block refs                 0
 Bytes From Memory	       35776
 ( / Demand Fetches)	      0.0000
 Bytes To Memory	           0
 ( / Demand Writes)	      0.0000
 Total Bytes r/w Mem	       35776
 ( / Demand Fetches)	      0.0000

l1-dcache
 Metrics		      Total	      Instrn	       Data	       Read	      Write	       Misc
 -----------------	      ------	      ------	      ------	      ------	      ------	      ------
 Demand Fetches		   443905265	           0	   443905265	   323692030	   120213235	           0
  Fraction of total	      1.0000	      0.0000	      1.0000	      0.7292	      0.2708	      0.0000

 Demand Misses		    38572078	           0	    38572078	    19034110	    19537968	           0
  Demand miss rate	      0.0869	      0.0000	      0.0869	      0.0588	      0.1625	      0.0000

 Multi-block refs                 8
 Bytes From Memory	  2468612992
 ( / Demand Fetches)	      5.5611
 Bytes To Memory	  1317662208
 ( / Demand Writes)	     10.9610
 Total Bytes r/w Mem	  3786275200
 ( / Demand Fetches)	      8.5295

l2-dcache
 Metrics		      Total	      Instrn	       Data	       Read	      Write	       Misc
 -----------------	      ------	      ------	      ------	      ------	      ------	      ------
 Demand Fetches		    59160550	           0	    59160550	    38572078	    20588472	           0
  Fraction of total	      1.0000	      0.0000	      1.0000	      0.6520	      0.3480	      0.0000

 Demand Misses		    47132398	           0	    47132398	    38373286	     8759112	           0
  Demand miss rate	      0.7967	      0.0000	      0.7967	      0.9948	      0.4254	      0.0000

 Multi-block refs                 0
 Bytes From Memory	  2455890304
 ( / Demand Fetches)	     41.5123
 Bytes To Memory	  1315027328
 ( / Demand Writes)	     63.8720
 Total Bytes r/w Mem	  3770917632
 ( / Demand Fetches)	     63.7404

l3-dcache
 Metrics		      Total	      Instrn	       Data	       Read	      Write	       Misc
 -----------------	      ------	      ------	      ------	      ------	      ------	      ------
 Demand Fetches		    58920588	           0	    58920588	    38373286	    20547302	           0
  Fraction of total	      1.0000	      0.0000	      1.0000	      0.6513	      0.3487	      0.0000

 Demand Misses		    48837189	           0	    48837189	    38290602	    10546587	           0
  Demand miss rate	      0.8289	      0.0000	      0.8289	      0.9978	      0.5133	      0.0000

 Multi-block refs                 0
 Bytes From Memory	  2450598528
 ( / Demand Fetches)	     41.5915
 Bytes To Memory	  1313451840
 ( / Demand Writes)	     63.9233
 Total Bytes r/w Mem	  3764050368
 ( / Demand Fetches)	     63.8834

---Execution complete.
