tracename lucas_m2b
---Dinero IV cache simulator, version 7
---Written by Jan Edler and Mark D. Hill
---Copyright (C) 1997 NEC Research Institute, Inc. and Mark D. Hill.
---All rights reserved.
---Copyright (C) 1985, 1989 Mark D. Hill.  All rights reserved.
---See -copyright option for details

---Summary of options (-help option gives usage information).

-l1-isize 32768
-l1-dsize 32768
-l2-dsize 262144
-l3-dsize 4194304
-l1-ibsize 64
-l1-dbsize 64
-l2-dbsize 64
-l3-dbsize 64
-l1-isbsize 64
-l1-dsbsize 64
-l2-dsbsize 64
-l3-dsbsize 64
-l1-iassoc 8
-l1-dassoc 8
-l2-dassoc 8
-l3-dassoc 8
-l1-irepl l
-l1-drepl c
-l2-drepl c
-l3-drepl c
-l1-ifetch d
-l1-dfetch d
-l2-dfetch d
-l3-dfetch d
-l1-dwalloc a
-l2-dwalloc a
-l3-dwalloc a
-l1-dwback a
-l2-dwback a
-l3-dwback a
-skipcount 0
-flushcount 0
-maxcount 0
-stat-interval 0
-informat s
-on-trigger 0x0
-off-trigger 0x0

---Simulation begins.
---Simulation complete.
l1-icache
 Metrics		      Total	      Instrn	       Data	       Read	      Write	       Misc
 -----------------	      ------	      ------	      ------	      ------	      ------	      ------
 Demand Fetches		  1999999943	  1999999943	           0	           0	           0	           0
  Fraction of total	      1.0000	      1.0000	      0.0000	      0.0000	      0.0000	      0.0000

 Demand Misses		         559	         559	           0	           0	           0	           0
  Demand miss rate	      0.0000	      0.0000	      0.0000	      0.0000	      0.0000	      0.0000

 Multi-block refs                 0
 Bytes From Memory	       35776
 ( / Demand Fetches)	      0.0000
 Bytes To Memory	           0
 ( / Demand Writes)	      0.0000
 Total Bytes r/w Mem	       35776
 ( / Demand Fetches)	      0.0000

l1-dcache
 Metrics		      Total	      Instrn	       Data	       Read	      Write	       Misc
 -----------------	      ------	      ------	      ------	      ------	      ------	      ------
 Demand Fetches		   443905265	           0	   443905265	   323692030	   120213235	           0
  Fraction of total	      1.0000	      0.0000	      1.0000	      0.7292	      0.2708	      0.0000

 Demand Misses		    38572487	           0	    38572487	    19034217	    19538270	           0
  Demand miss rate	      0.0869	      0.0000	      0.0869	      0.0588	      0.1625	      0.0000

 Multi-block refs                 8
 Bytes From Memory	  2468639168
 ( / Demand Fetches)	      5.5612
 Bytes To Memory	  1317676800
 ( / Demand Writes)	     10.9612
 Total Bytes r/w Mem	  3786315968
 ( / Demand Fetches)	      8.5296

l2-dcache
 Metrics		      Total	      Instrn	       Data	       Read	      Write	       Misc
 -----------------	      ------	      ------	      ------	      ------	      ------	      ------
 Demand Fetches		    59161187	           0	    59161187	    38572487	    20588700	           0
  Fraction of total	      1.0000	      0.0000	      1.0000	      0.6520	      0.3480	      0.0000

 Demand Misses		    47127999	           0	    47127999	    38373106	     8754893	           0
  Demand miss rate	      0.7966	      0.0000	      0.7966	      0.9948	      0.4252	      0.0000

 Multi-block refs                 0
 Bytes From Memory	  2455878784
 ( / Demand Fetches)	     41.5117
 Bytes To Memory	  1315024512
 ( / Demand Writes)	     63.8712
 Total Bytes r/w Mem	  3770903296
 ( / Demand Fetches)	     63.7395

l3-dcache
 Metrics		      Total	      Instrn	       Data	       Read	      Write	       Misc
 -----------------	      ------	      ------	      ------	      ------	      ------	      ------
 Demand Fetches		    58920364	           0	    58920364	    38373106	    20547258	           0
  Fraction of total	      1.0000	      0.0000	      1.0000	      0.6513	      0.3487	      0.0000

 Demand Misses		    44939973	           0	    44939973	    38162507	     6777466	           0
  Demand miss rate	      0.7627	      0.0000	      0.7627	      0.9945	      0.3298	      0.0000

 Multi-block refs                 0
 Bytes From Memory	  2442400448
 ( / Demand Fetches)	     41.4526
 Bytes To Memory	  1306083712
 ( / Demand Writes)	     63.5649
 Total Bytes r/w Mem	  3748484160
 ( / Demand Fetches)	     63.6195

---Execution complete.
