tracename lucas_m2b
---Dinero IV cache simulator, version 7
---Written by Jan Edler and Mark D. Hill
---Copyright (C) 1997 NEC Research Institute, Inc. and Mark D. Hill.
---All rights reserved.
---Copyright (C) 1985, 1989 Mark D. Hill.  All rights reserved.
---See -copyright option for details

---Summary of options (-help option gives usage information).

-l1-isize 32768
-l1-dsize 32768
-l2-dsize 262144
-l3-dsize 524288
-l1-ibsize 64
-l1-dbsize 64
-l2-dbsize 64
-l3-dbsize 64
-l1-isbsize 64
-l1-dsbsize 64
-l2-dsbsize 64
-l3-dsbsize 64
-l1-iassoc 8
-l1-dassoc 8
-l2-dassoc 8
-l3-dassoc 8
-l1-irepl l
-l1-drepl r
-l2-drepl r
-l3-drepl r
-l1-ifetch d
-l1-dfetch d
-l2-dfetch d
-l3-dfetch d
-l1-dwalloc a
-l2-dwalloc a
-l3-dwalloc a
-l1-dwback a
-l2-dwback a
-l3-dwback a
-skipcount 0
-flushcount 0
-maxcount 0
-stat-interval 0
-informat s
-on-trigger 0x0
-off-trigger 0x0

---Simulation begins.
---Simulation complete.
l1-icache
 Metrics		      Total	      Instrn	       Data	       Read	      Write	       Misc
 -----------------	      ------	      ------	      ------	      ------	      ------	      ------
 Demand Fetches		  1999999943	  1999999943	           0	           0	           0	           0
  Fraction of total	      1.0000	      1.0000	      0.0000	      0.0000	      0.0000	      0.0000

 Demand Misses		         559	         559	           0	           0	           0	           0
  Demand miss rate	      0.0000	      0.0000	      0.0000	      0.0000	      0.0000	      0.0000

 Multi-block refs                 0
 Bytes From Memory	       35776
 ( / Demand Fetches)	      0.0000
 Bytes To Memory	           0
 ( / Demand Writes)	      0.0000
 Total Bytes r/w Mem	       35776
 ( / Demand Fetches)	      0.0000

l1-dcache
 Metrics		      Total	      Instrn	       Data	       Read	      Write	       Misc
 -----------------	      ------	      ------	      ------	      ------	      ------	      ------
 Demand Fetches		   443905265	           0	   443905265	   323692030	   120213235	           0
  Fraction of total	      1.0000	      0.0000	      1.0000	      0.7292	      0.2708	      0.0000

 Demand Misses		    39144606	           0	    39144606	    19445796	    19698810	           0
  Demand miss rate	      0.0882	      0.0000	      0.0882	      0.0601	      0.1639	      0.0000

 Multi-block refs                 8
 Bytes From Memory	  2505254784
 ( / Demand Fetches)	      5.6437
 Bytes To Memory	  1328251200
 ( / Demand Writes)	     11.0491
 Total Bytes r/w Mem	  3833505984
 ( / Demand Fetches)	      8.6359

l2-dcache
 Metrics		      Total	      Instrn	       Data	       Read	      Write	       Misc
 -----------------	      ------	      ------	      ------	      ------	      ------	      ------
 Demand Fetches		    59898531	           0	    59898531	    39144606	    20753925	           0
  Fraction of total	      1.0000	      0.0000	      1.0000	      0.6535	      0.3465	      0.0000

 Demand Misses		    47107614	           0	    47107614	    38396554	     8711060	           0
  Demand miss rate	      0.7865	      0.0000	      0.7865	      0.9809	      0.4197	      0.0000

 Multi-block refs                 0
 Bytes From Memory	  2457379456
 ( / Demand Fetches)	     41.0257
 Bytes To Memory	  1319096384
 ( / Demand Writes)	     63.5589
 Total Bytes r/w Mem	  3776475840
 ( / Demand Fetches)	     63.0479

l3-dcache
 Metrics		      Total	      Instrn	       Data	       Read	      Write	       Misc
 -----------------	      ------	      ------	      ------	      ------	      ------	      ------
 Demand Fetches		    59007435	           0	    59007435	    38396554	    20610881	           0
  Fraction of total	      1.0000	      0.0000	      1.0000	      0.6507	      0.3493	      0.0000

 Demand Misses		    51828355	           0	    51828355	    38359331	    13469024	           0
  Demand miss rate	      0.8783	      0.0000	      0.8783	      0.9990	      0.6535	      0.0000

 Multi-block refs                 0
 Bytes From Memory	  2454997184
 ( / Demand Fetches)	     41.6049
 Bytes To Memory	  1316652800
 ( / Demand Writes)	     63.8814
 Total Bytes r/w Mem	  3771649984
 ( / Demand Fetches)	     63.9182

---Execution complete.
