tracename fma3d_m2b
---Dinero IV cache simulator, version 7
---Written by Jan Edler and Mark D. Hill
---Copyright (C) 1997 NEC Research Institute, Inc. and Mark D. Hill.
---All rights reserved.
---Copyright (C) 1985, 1989 Mark D. Hill.  All rights reserved.
---See -copyright option for details

---Summary of options (-help option gives usage information).

-l1-isize 32768
-l1-dsize 32768
-l2-dsize 262144
-l3-dsize 16777216
-l1-ibsize 64
-l1-dbsize 64
-l2-dbsize 64
-l3-dbsize 64
-l1-isbsize 64
-l1-dsbsize 64
-l2-dsbsize 64
-l3-dsbsize 64
-l1-iassoc 8
-l1-dassoc 8
-l2-dassoc 8
-l3-dassoc 8
-l1-irepl l
-l1-drepl r
-l2-drepl r
-l3-drepl r
-l1-ifetch d
-l1-dfetch d
-l2-dfetch d
-l3-dfetch d
-l1-dwalloc a
-l2-dwalloc a
-l3-dwalloc a
-l1-dwback a
-l2-dwback a
-l3-dwback a
-skipcount 0
-flushcount 0
-maxcount 0
-stat-interval 0
-informat s
-on-trigger 0x0
-off-trigger 0x0

---Simulation begins.
---Simulation complete.
l1-icache
 Metrics		      Total	      Instrn	       Data	       Read	      Write	       Misc
 -----------------	      ------	      ------	      ------	      ------	      ------	      ------
 Demand Fetches		  1999999375	  1999999375	           0	           0	           0	           0
  Fraction of total	      1.0000	      1.0000	      0.0000	      0.0000	      0.0000	      0.0000

 Demand Misses		        2296	        2296	           0	           0	           0	           0
  Demand miss rate	      0.0000	      0.0000	      0.0000	      0.0000	      0.0000	      0.0000

 Multi-block refs                 0
 Bytes From Memory	      146944
 ( / Demand Fetches)	      0.0001
 Bytes To Memory	           0
 ( / Demand Writes)	      0.0000
 Total Bytes r/w Mem	      146944
 ( / Demand Fetches)	      0.0001

l1-dcache
 Metrics		      Total	      Instrn	       Data	       Read	      Write	       Misc
 -----------------	      ------	      ------	      ------	      ------	      ------	      ------
 Demand Fetches		   913972993	           0	   913972993	   601233722	   312739271	           0
  Fraction of total	      1.0000	      0.0000	      1.0000	      0.6578	      0.3422	      0.0000

 Demand Misses		    24816535	           0	    24816535	    22564431	     2252104	           0
  Demand miss rate	      0.0272	      0.0000	      0.0272	      0.0375	      0.0072	      0.0000

 Multi-block refs                 0
 Bytes From Memory	  1588258240
 ( / Demand Fetches)	      1.7378
 Bytes To Memory	   701820416
 ( / Demand Writes)	      2.2441
 Total Bytes r/w Mem	  2290078656
 ( / Demand Fetches)	      2.5056

l2-dcache
 Metrics		      Total	      Instrn	       Data	       Read	      Write	       Misc
 -----------------	      ------	      ------	      ------	      ------	      ------	      ------
 Demand Fetches		    35782479	           0	    35782479	    24816535	    10965944	           0
  Fraction of total	      1.0000	      0.0000	      1.0000	      0.6935	      0.3065	      0.0000

 Demand Misses		    22843497	           0	    22843497	    21861787	      981710	           0
  Demand miss rate	      0.6384	      0.0000	      0.6384	      0.8809	      0.0895	      0.0000

 Multi-block refs                 0
 Bytes From Memory	  1399154368
 ( / Demand Fetches)	     39.1017
 Bytes To Memory	   602434944
 ( / Demand Writes)	     54.9369
 Total Bytes r/w Mem	  2001589312
 ( / Demand Fetches)	     55.9377

l3-dcache
 Metrics		      Total	      Instrn	       Data	       Read	      Write	       Misc
 -----------------	      ------	      ------	      ------	      ------	      ------	      ------
 Demand Fetches		    31274833	           0	    31274833	    21861787	     9413046	           0
  Fraction of total	      1.0000	      0.0000	      1.0000	      0.6990	      0.3010	      0.0000

 Demand Misses		    17305354	           0	    17305354	    17187333	      118021	           0
  Demand miss rate	      0.5533	      0.0000	      0.5533	      0.7862	      0.0125	      0.0000

 Multi-block refs                 0
 Bytes From Memory	  1099989312
 ( / Demand Fetches)	     35.1717
 Bytes To Memory	   557812160
 ( / Demand Writes)	     59.2595
 Total Bytes r/w Mem	  1657801472
 ( / Demand Fetches)	     53.0075

---Execution complete.
