tracename fma3d_m2b
---Dinero IV cache simulator, version 7
---Written by Jan Edler and Mark D. Hill
---Copyright (C) 1997 NEC Research Institute, Inc. and Mark D. Hill.
---All rights reserved.
---Copyright (C) 1985, 1989 Mark D. Hill.  All rights reserved.
---See -copyright option for details

---Summary of options (-help option gives usage information).

-l1-isize 32768
-l1-dsize 32768
-l2-dsize 262144
-l3-dsize 8388608
-l1-ibsize 64
-l1-dbsize 64
-l2-dbsize 64
-l3-dbsize 64
-l1-isbsize 64
-l1-dsbsize 64
-l2-dsbsize 64
-l3-dsbsize 64
-l1-iassoc 8
-l1-dassoc 8
-l2-dassoc 8
-l3-dassoc 8
-l1-irepl l
-l1-drepl r
-l2-drepl r
-l3-drepl r
-l1-ifetch d
-l1-dfetch d
-l2-dfetch d
-l3-dfetch d
-l1-dwalloc a
-l2-dwalloc a
-l3-dwalloc a
-l1-dwback a
-l2-dwback a
-l3-dwback a
-skipcount 0
-flushcount 0
-maxcount 0
-stat-interval 0
-informat s
-on-trigger 0x0
-off-trigger 0x0

---Simulation begins.
---Simulation complete.
l1-icache
 Metrics		      Total	      Instrn	       Data	       Read	      Write	       Misc
 -----------------	      ------	      ------	      ------	      ------	      ------	      ------
 Demand Fetches		  1999999375	  1999999375	           0	           0	           0	           0
  Fraction of total	      1.0000	      1.0000	      0.0000	      0.0000	      0.0000	      0.0000

 Demand Misses		        2296	        2296	           0	           0	           0	           0
  Demand miss rate	      0.0000	      0.0000	      0.0000	      0.0000	      0.0000	      0.0000

 Multi-block refs                 0
 Bytes From Memory	      146944
 ( / Demand Fetches)	      0.0001
 Bytes To Memory	           0
 ( / Demand Writes)	      0.0000
 Total Bytes r/w Mem	      146944
 ( / Demand Fetches)	      0.0001

l1-dcache
 Metrics		      Total	      Instrn	       Data	       Read	      Write	       Misc
 -----------------	      ------	      ------	      ------	      ------	      ------	      ------
 Demand Fetches		   913972993	           0	   913972993	   601233722	   312739271	           0
  Fraction of total	      1.0000	      0.0000	      1.0000	      0.6578	      0.3422	      0.0000

 Demand Misses		    24816567	           0	    24816567	    22565247	     2251320	           0
  Demand miss rate	      0.0272	      0.0000	      0.0272	      0.0375	      0.0072	      0.0000

 Multi-block refs                 0
 Bytes From Memory	  1588260288
 ( / Demand Fetches)	      1.7378
 Bytes To Memory	   701816320
 ( / Demand Writes)	      2.2441
 Total Bytes r/w Mem	  2290076608
 ( / Demand Fetches)	      2.5056

l2-dcache
 Metrics		      Total	      Instrn	       Data	       Read	      Write	       Misc
 -----------------	      ------	      ------	      ------	      ------	      ------	      ------
 Demand Fetches		    35782447	           0	    35782447	    24816567	    10965880	           0
  Fraction of total	      1.0000	      0.0000	      1.0000	      0.6935	      0.3065	      0.0000

 Demand Misses		    22841138	           0	    22841138	    21860227	      980911	           0
  Demand miss rate	      0.6383	      0.0000	      0.6383	      0.8809	      0.0895	      0.0000

 Multi-block refs                 0
 Bytes From Memory	  1399054528
 ( / Demand Fetches)	     39.0989
 Bytes To Memory	   602402944
 ( / Demand Writes)	     54.9343
 Total Bytes r/w Mem	  2001457472
 ( / Demand Fetches)	     55.9341

l3-dcache
 Metrics		      Total	      Instrn	       Data	       Read	      Write	       Misc
 -----------------	      ------	      ------	      ------	      ------	      ------	      ------
 Demand Fetches		    31272773	           0	    31272773	    21860227	     9412546	           0
  Fraction of total	      1.0000	      0.0000	      1.0000	      0.6990	      0.3010	      0.0000

 Demand Misses		    19764438	           0	    19764438	    19557127	      207311	           0
  Demand miss rate	      0.6320	      0.0000	      0.6320	      0.8946	      0.0220	      0.0000

 Multi-block refs                 0
 Bytes From Memory	  1251656128
 ( / Demand Fetches)	     40.0238
 Bytes To Memory	   568051136
 ( / Demand Writes)	     60.3504
 Total Bytes r/w Mem	  1819707264
 ( / Demand Fetches)	     58.1882

---Execution complete.
