tracename fma3d_m2b
---Dinero IV cache simulator, version 7
---Written by Jan Edler and Mark D. Hill
---Copyright (C) 1997 NEC Research Institute, Inc. and Mark D. Hill.
---All rights reserved.
---Copyright (C) 1985, 1989 Mark D. Hill.  All rights reserved.
---See -copyright option for details

---Summary of options (-help option gives usage information).

-l1-isize 32768
-l1-dsize 32768
-l2-dsize 262144
-l3-dsize 524288
-l1-ibsize 64
-l1-dbsize 64
-l2-dbsize 64
-l3-dbsize 64
-l1-isbsize 64
-l1-dsbsize 64
-l2-dsbsize 64
-l3-dsbsize 64
-l1-iassoc 8
-l1-dassoc 8
-l2-dassoc 8
-l3-dassoc 8
-l1-irepl l
-l1-drepl 2
-l2-drepl 2
-l3-drepl 2
-l1-ifetch d
-l1-dfetch d
-l2-dfetch d
-l3-dfetch d
-l1-dwalloc a
-l2-dwalloc a
-l3-dwalloc a
-l1-dwback a
-l2-dwback a
-l3-dwback a
-skipcount 0
-flushcount 0
-maxcount 0
-stat-interval 0
-informat s
-on-trigger 0x0
-off-trigger 0x0

---Simulation begins.
---Simulation complete.
l1-icache
 Metrics		      Total	      Instrn	       Data	       Read	      Write	       Misc
 -----------------	      ------	      ------	      ------	      ------	      ------	      ------
 Demand Fetches		  1999999375	  1999999375	           0	           0	           0	           0
  Fraction of total	      1.0000	      1.0000	      0.0000	      0.0000	      0.0000	      0.0000

 Demand Misses		        2296	        2296	           0	           0	           0	           0
  Demand miss rate	      0.0000	      0.0000	      0.0000	      0.0000	      0.0000	      0.0000

 Multi-block refs                 0
 Bytes From Memory	      146944
 ( / Demand Fetches)	      0.0001
 Bytes To Memory	           0
 ( / Demand Writes)	      0.0000
 Total Bytes r/w Mem	      146944
 ( / Demand Fetches)	      0.0001

l1-dcache
 Metrics		      Total	      Instrn	       Data	       Read	      Write	       Misc
 -----------------	      ------	      ------	      ------	      ------	      ------	      ------
 Demand Fetches		   913972993	           0	   913972993	   601233722	   312739271	           0
  Fraction of total	      1.0000	      0.0000	      1.0000	      0.6578	      0.3422	      0.0000

 Demand Misses		    23041148	           0	    23041148	    21327801	     1713347	           0
  Demand miss rate	      0.0252	      0.0000	      0.0252	      0.0355	      0.0055	      0.0000

 Multi-block refs                 0
 Bytes From Memory	  1474633472
 ( / Demand Fetches)	      1.6134
 Bytes To Memory	   640849088
 ( / Demand Writes)	      2.0491
 Total Bytes r/w Mem	  2115482560
 ( / Demand Fetches)	      2.3146

l2-dcache
 Metrics		      Total	      Instrn	       Data	       Read	      Write	       Misc
 -----------------	      ------	      ------	      ------	      ------	      ------	      ------
 Demand Fetches		    33054415	           0	    33054415	    23041148	    10013267	           0
  Fraction of total	      1.0000	      0.0000	      1.0000	      0.6971	      0.3029	      0.0000

 Demand Misses		    21891684	           0	    21891684	    21727066	      164618	           0
  Demand miss rate	      0.6623	      0.0000	      0.6623	      0.9430	      0.0164	      0.0000

 Multi-block refs                 0
 Bytes From Memory	  1390532224
 ( / Demand Fetches)	     42.0680
 Bytes To Memory	   587532480
 ( / Demand Writes)	     58.6754
 Total Bytes r/w Mem	  1978064704
 ( / Demand Fetches)	     59.8427

l3-dcache
 Metrics		      Total	      Instrn	       Data	       Read	      Write	       Misc
 -----------------	      ------	      ------	      ------	      ------	      ------	      ------
 Demand Fetches		    30907261	           0	    30907261	    21727066	     9180195	           0
  Fraction of total	      1.0000	      0.0000	      1.0000	      0.7030	      0.2970	      0.0000

 Demand Misses		    24631252	           0	    24631252	    21285083	     3346169	           0
  Demand miss rate	      0.7969	      0.0000	      0.7969	      0.9797	      0.3645	      0.0000

 Multi-block refs                 0
 Bytes From Memory	  1362245312
 ( / Demand Fetches)	     44.0753
 Bytes To Memory	   573206528
 ( / Demand Writes)	     62.4395
 Total Bytes r/w Mem	  1935451840
 ( / Demand Fetches)	     62.6213

---Execution complete.
