tracename fma3d_m2b
---Dinero IV cache simulator, version 7
---Written by Jan Edler and Mark D. Hill
---Copyright (C) 1997 NEC Research Institute, Inc. and Mark D. Hill.
---All rights reserved.
---Copyright (C) 1985, 1989 Mark D. Hill.  All rights reserved.
---See -copyright option for details

---Summary of options (-help option gives usage information).

-l1-isize 32768
-l1-dsize 32768
-l2-dsize 262144
-l3-dsize 1048576
-l1-ibsize 64
-l1-dbsize 64
-l2-dbsize 64
-l3-dbsize 64
-l1-isbsize 64
-l1-dsbsize 64
-l2-dsbsize 64
-l3-dsbsize 64
-l1-iassoc 8
-l1-dassoc 8
-l2-dassoc 8
-l3-dassoc 8
-l1-irepl l
-l1-drepl 2
-l2-drepl 2
-l3-drepl 2
-l1-ifetch d
-l1-dfetch d
-l2-dfetch d
-l3-dfetch d
-l1-dwalloc a
-l2-dwalloc a
-l3-dwalloc a
-l1-dwback a
-l2-dwback a
-l3-dwback a
-skipcount 0
-flushcount 0
-maxcount 0
-stat-interval 0
-informat s
-on-trigger 0x0
-off-trigger 0x0

---Simulation begins.
---Simulation complete.
l1-icache
 Metrics		      Total	      Instrn	       Data	       Read	      Write	       Misc
 -----------------	      ------	      ------	      ------	      ------	      ------	      ------
 Demand Fetches		  1999999375	  1999999375	           0	           0	           0	           0
  Fraction of total	      1.0000	      1.0000	      0.0000	      0.0000	      0.0000	      0.0000

 Demand Misses		        2296	        2296	           0	           0	           0	           0
  Demand miss rate	      0.0000	      0.0000	      0.0000	      0.0000	      0.0000	      0.0000

 Multi-block refs                 0
 Bytes From Memory	      146944
 ( / Demand Fetches)	      0.0001
 Bytes To Memory	           0
 ( / Demand Writes)	      0.0000
 Total Bytes r/w Mem	      146944
 ( / Demand Fetches)	      0.0001

l1-dcache
 Metrics		      Total	      Instrn	       Data	       Read	      Write	       Misc
 -----------------	      ------	      ------	      ------	      ------	      ------	      ------
 Demand Fetches		   913972993	           0	   913972993	   601233722	   312739271	           0
  Fraction of total	      1.0000	      0.0000	      1.0000	      0.6578	      0.3422	      0.0000

 Demand Misses		    23041706	           0	    23041706	    21328506	     1713200	           0
  Demand miss rate	      0.0252	      0.0000	      0.0252	      0.0355	      0.0055	      0.0000

 Multi-block refs                 0
 Bytes From Memory	  1474669184
 ( / Demand Fetches)	      1.6135
 Bytes To Memory	   640873344
 ( / Demand Writes)	      2.0492
 Total Bytes r/w Mem	  2115542528
 ( / Demand Fetches)	      2.3147

l2-dcache
 Metrics		      Total	      Instrn	       Data	       Read	      Write	       Misc
 -----------------	      ------	      ------	      ------	      ------	      ------	      ------
 Demand Fetches		    33055352	           0	    33055352	    23041706	    10013646	           0
  Fraction of total	      1.0000	      0.0000	      1.0000	      0.6971	      0.3029	      0.0000

 Demand Misses		    21892742	           0	    21892742	    21727528	      165214	           0
  Demand miss rate	      0.6623	      0.0000	      0.6623	      0.9430	      0.0165	      0.0000

 Multi-block refs                 0
 Bytes From Memory	  1390561792
 ( / Demand Fetches)	     42.0677
 Bytes To Memory	   587608576
 ( / Demand Writes)	     58.6808
 Total Bytes r/w Mem	  1978170368
 ( / Demand Fetches)	     59.8442

l3-dcache
 Metrics		      Total	      Instrn	       Data	       Read	      Write	       Misc
 -----------------	      ------	      ------	      ------	      ------	      ------	      ------
 Demand Fetches		    30908912	           0	    30908912	    21727528	     9181384	           0
  Fraction of total	      1.0000	      0.0000	      1.0000	      0.7030	      0.2970	      0.0000

 Demand Misses		    21578852	           0	    21578852	    20780769	      798083	           0
  Demand miss rate	      0.6981	      0.0000	      0.6981	      0.9564	      0.0869	      0.0000

 Multi-block refs                 0
 Bytes From Memory	  1329969216
 ( / Demand Fetches)	     43.0287
 Bytes To Memory	   569814976
 ( / Demand Writes)	     62.0620
 Total Bytes r/w Mem	  1899784192
 ( / Demand Fetches)	     61.4640

---Execution complete.
