tracename fma3d_m2b
---Dinero IV cache simulator, version 7
---Written by Jan Edler and Mark D. Hill
---Copyright (C) 1997 NEC Research Institute, Inc. and Mark D. Hill.
---All rights reserved.
---Copyright (C) 1985, 1989 Mark D. Hill.  All rights reserved.
---See -copyright option for details

---Summary of options (-help option gives usage information).

-l1-isize 32768
-l1-dsize 32768
-l2-dsize 262144
-l3-dsize 2097152
-l1-ibsize 64
-l1-dbsize 64
-l2-dbsize 64
-l3-dbsize 64
-l1-isbsize 64
-l1-dsbsize 64
-l2-dsbsize 64
-l3-dsbsize 64
-l1-iassoc 8
-l1-dassoc 8
-l2-dassoc 8
-l3-dassoc 8
-l1-irepl l
-l1-drepl 2
-l2-drepl 2
-l3-drepl 2
-l1-ifetch d
-l1-dfetch d
-l2-dfetch d
-l3-dfetch d
-l1-dwalloc a
-l2-dwalloc a
-l3-dwalloc a
-l1-dwback a
-l2-dwback a
-l3-dwback a
-skipcount 0
-flushcount 0
-maxcount 0
-stat-interval 0
-informat s
-on-trigger 0x0
-off-trigger 0x0

---Simulation begins.
---Simulation complete.
l1-icache
 Metrics		      Total	      Instrn	       Data	       Read	      Write	       Misc
 -----------------	      ------	      ------	      ------	      ------	      ------	      ------
 Demand Fetches		  1999999375	  1999999375	           0	           0	           0	           0
  Fraction of total	      1.0000	      1.0000	      0.0000	      0.0000	      0.0000	      0.0000

 Demand Misses		        2296	        2296	           0	           0	           0	           0
  Demand miss rate	      0.0000	      0.0000	      0.0000	      0.0000	      0.0000	      0.0000

 Multi-block refs                 0
 Bytes From Memory	      146944
 ( / Demand Fetches)	      0.0001
 Bytes To Memory	           0
 ( / Demand Writes)	      0.0000
 Total Bytes r/w Mem	      146944
 ( / Demand Fetches)	      0.0001

l1-dcache
 Metrics		      Total	      Instrn	       Data	       Read	      Write	       Misc
 -----------------	      ------	      ------	      ------	      ------	      ------	      ------
 Demand Fetches		   913972993	           0	   913972993	   601233722	   312739271	           0
  Fraction of total	      1.0000	      0.0000	      1.0000	      0.6578	      0.3422	      0.0000

 Demand Misses		    23041727	           0	    23041727	    21328484	     1713243	           0
  Demand miss rate	      0.0252	      0.0000	      0.0252	      0.0355	      0.0055	      0.0000

 Multi-block refs                 0
 Bytes From Memory	  1474670528
 ( / Demand Fetches)	      1.6135
 Bytes To Memory	   640908032
 ( / Demand Writes)	      2.0493
 Total Bytes r/w Mem	  2115578560
 ( / Demand Fetches)	      2.3147

l2-dcache
 Metrics		      Total	      Instrn	       Data	       Read	      Write	       Misc
 -----------------	      ------	      ------	      ------	      ------	      ------	      ------
 Demand Fetches		    33055915	           0	    33055915	    23041727	    10014188	           0
  Fraction of total	      1.0000	      0.0000	      1.0000	      0.6971	      0.3029	      0.0000

 Demand Misses		    21891357	           0	    21891357	    21726748	      164609	           0
  Demand miss rate	      0.6623	      0.0000	      0.6623	      0.9429	      0.0164	      0.0000

 Multi-block refs                 0
 Bytes From Memory	  1390511872
 ( / Demand Fetches)	     42.0654
 Bytes To Memory	   587520384
 ( / Demand Writes)	     58.6688
 Total Bytes r/w Mem	  1978032256
 ( / Demand Fetches)	     59.8390

l3-dcache
 Metrics		      Total	      Instrn	       Data	       Read	      Write	       Misc
 -----------------	      ------	      ------	      ------	      ------	      ------	      ------
 Demand Fetches		    30906754	           0	    30906754	    21726748	     9180006	           0
  Fraction of total	      1.0000	      0.0000	      1.0000	      0.7030	      0.2970	      0.0000

 Demand Misses		    20666007	           0	    20666007	    20526822	      139185	           0
  Demand miss rate	      0.6687	      0.0000	      0.6687	      0.9448	      0.0152	      0.0000

 Multi-block refs                 0
 Bytes From Memory	  1313716608
 ( / Demand Fetches)	     42.5058
 Bytes To Memory	   568666560
 ( / Demand Writes)	     61.9462
 Total Bytes r/w Mem	  1882383168
 ( / Demand Fetches)	     60.9052

---Execution complete.
