tracename fma3d_m2b
---Dinero IV cache simulator, version 7
---Written by Jan Edler and Mark D. Hill
---Copyright (C) 1997 NEC Research Institute, Inc. and Mark D. Hill.
---All rights reserved.
---Copyright (C) 1985, 1989 Mark D. Hill.  All rights reserved.
---See -copyright option for details

---Summary of options (-help option gives usage information).

-l1-isize 32768
-l1-dsize 32768
-l2-dsize 262144
-l3-dsize 16777216
-l1-ibsize 64
-l1-dbsize 64
-l2-dbsize 64
-l3-dbsize 64
-l1-isbsize 64
-l1-dsbsize 64
-l2-dsbsize 64
-l3-dsbsize 64
-l1-iassoc 8
-l1-dassoc 8
-l2-dassoc 8
-l3-dassoc 8
-l1-irepl l
-l1-drepl 2
-l2-drepl 2
-l3-drepl 2
-l1-ifetch d
-l1-dfetch d
-l2-dfetch d
-l3-dfetch d
-l1-dwalloc a
-l2-dwalloc a
-l3-dwalloc a
-l1-dwback a
-l2-dwback a
-l3-dwback a
-skipcount 0
-flushcount 0
-maxcount 0
-stat-interval 0
-informat s
-on-trigger 0x0
-off-trigger 0x0

---Simulation begins.
---Simulation complete.
l1-icache
 Metrics		      Total	      Instrn	       Data	       Read	      Write	       Misc
 -----------------	      ------	      ------	      ------	      ------	      ------	      ------
 Demand Fetches		  1999999375	  1999999375	           0	           0	           0	           0
  Fraction of total	      1.0000	      1.0000	      0.0000	      0.0000	      0.0000	      0.0000

 Demand Misses		        2296	        2296	           0	           0	           0	           0
  Demand miss rate	      0.0000	      0.0000	      0.0000	      0.0000	      0.0000	      0.0000

 Multi-block refs                 0
 Bytes From Memory	      146944
 ( / Demand Fetches)	      0.0001
 Bytes To Memory	           0
 ( / Demand Writes)	      0.0000
 Total Bytes r/w Mem	      146944
 ( / Demand Fetches)	      0.0001

l1-dcache
 Metrics		      Total	      Instrn	       Data	       Read	      Write	       Misc
 -----------------	      ------	      ------	      ------	      ------	      ------	      ------
 Demand Fetches		   913972993	           0	   913972993	   601233722	   312739271	           0
  Fraction of total	      1.0000	      0.0000	      1.0000	      0.6578	      0.3422	      0.0000

 Demand Misses		    23042420	           0	    23042420	    21328635	     1713785	           0
  Demand miss rate	      0.0252	      0.0000	      0.0252	      0.0355	      0.0055	      0.0000

 Multi-block refs                 0
 Bytes From Memory	  1474714880
 ( / Demand Fetches)	      1.6135
 Bytes To Memory	   640915328
 ( / Demand Writes)	      2.0494
 Total Bytes r/w Mem	  2115630208
 ( / Demand Fetches)	      2.3148

l2-dcache
 Metrics		      Total	      Instrn	       Data	       Read	      Write	       Misc
 -----------------	      ------	      ------	      ------	      ------	      ------	      ------
 Demand Fetches		    33056722	           0	    33056722	    23042420	    10014302	           0
  Fraction of total	      1.0000	      0.0000	      1.0000	      0.6971	      0.3029	      0.0000

 Demand Misses		    21891699	           0	    21891699	    21726940	      164759	           0
  Demand miss rate	      0.6622	      0.0000	      0.6622	      0.9429	      0.0165	      0.0000

 Multi-block refs                 0
 Bytes From Memory	  1390524160
 ( / Demand Fetches)	     42.0648
 Bytes To Memory	   587529024
 ( / Demand Writes)	     58.6690
 Total Bytes r/w Mem	  1978053184
 ( / Demand Fetches)	     59.8382

l3-dcache
 Metrics		      Total	      Instrn	       Data	       Read	      Write	       Misc
 -----------------	      ------	      ------	      ------	      ------	      ------	      ------
 Demand Fetches		    30907081	           0	    30907081	    21726940	     9180141	           0
  Fraction of total	      1.0000	      0.0000	      1.0000	      0.7030	      0.2970	      0.0000

 Demand Misses		    17646575	           0	    17646575	    17641614	        4961	           0
  Demand miss rate	      0.5710	      0.0000	      0.5710	      0.8120	      0.0005	      0.0000

 Multi-block refs                 0
 Bytes From Memory	  1129063296
 ( / Demand Fetches)	     36.5309
 Bytes To Memory	   561914624
 ( / Demand Writes)	     61.2098
 Total Bytes r/w Mem	  1690977920
 ( / Demand Fetches)	     54.7117

---Execution complete.
