tracename fma3d_m2b
---Dinero IV cache simulator, version 7
---Written by Jan Edler and Mark D. Hill
---Copyright (C) 1997 NEC Research Institute, Inc. and Mark D. Hill.
---All rights reserved.
---Copyright (C) 1985, 1989 Mark D. Hill.  All rights reserved.
---See -copyright option for details

---Summary of options (-help option gives usage information).

-l1-isize 32768
-l1-dsize 32768
-l2-dsize 262144
-l3-dsize 16777216
-l1-ibsize 64
-l1-dbsize 64
-l2-dbsize 64
-l3-dbsize 64
-l1-isbsize 64
-l1-dsbsize 64
-l2-dsbsize 64
-l3-dsbsize 64
-l1-iassoc 8
-l1-dassoc 8
-l2-dassoc 8
-l3-dassoc 8
-l1-irepl l
-l1-drepl b
-l2-drepl b
-l3-drepl b
-l1-ifetch d
-l1-dfetch d
-l2-dfetch d
-l3-dfetch d
-l1-dwalloc a
-l2-dwalloc a
-l3-dwalloc a
-l1-dwback a
-l2-dwback a
-l3-dwback a
-skipcount 0
-flushcount 0
-maxcount 0
-stat-interval 0
-informat s
-on-trigger 0x0
-off-trigger 0x0

---Simulation begins.
---Simulation complete.
l1-icache
 Metrics		      Total	      Instrn	       Data	       Read	      Write	       Misc
 -----------------	      ------	      ------	      ------	      ------	      ------	      ------
 Demand Fetches		  1999999375	  1999999375	           0	           0	           0	           0
  Fraction of total	      1.0000	      1.0000	      0.0000	      0.0000	      0.0000	      0.0000

 Demand Misses		        2296	        2296	           0	           0	           0	           0
  Demand miss rate	      0.0000	      0.0000	      0.0000	      0.0000	      0.0000	      0.0000

 Multi-block refs                 0
 Bytes From Memory	      146944
 ( / Demand Fetches)	      0.0001
 Bytes To Memory	           0
 ( / Demand Writes)	      0.0000
 Total Bytes r/w Mem	      146944
 ( / Demand Fetches)	      0.0001

l1-dcache
 Metrics		      Total	      Instrn	       Data	       Read	      Write	       Misc
 -----------------	      ------	      ------	      ------	      ------	      ------	      ------
 Demand Fetches		   913972993	           0	   913972993	   601233722	   312739271	           0
  Fraction of total	      1.0000	      0.0000	      1.0000	      0.6578	      0.3422	      0.0000

 Demand Misses		    23660396	           0	    23660396	    21757553	     1902843	           0
  Demand miss rate	      0.0259	      0.0000	      0.0259	      0.0362	      0.0061	      0.0000

 Multi-block refs                 0
 Bytes From Memory	  1514265344
 ( / Demand Fetches)	      1.6568
 Bytes To Memory	   662558912
 ( / Demand Writes)	      2.1186
 Total Bytes r/w Mem	  2176824256
 ( / Demand Fetches)	      2.3817

l2-dcache
 Metrics		      Total	      Instrn	       Data	       Read	      Write	       Misc
 -----------------	      ------	      ------	      ------	      ------	      ------	      ------
 Demand Fetches		    34012879	           0	    34012879	    23660396	    10352483	           0
  Fraction of total	      1.0000	      0.0000	      1.0000	      0.6956	      0.3044	      0.0000

 Demand Misses		    22253575	           0	    22253575	    21771559	      482016	           0
  Demand miss rate	      0.6543	      0.0000	      0.6543	      0.9202	      0.0466	      0.0000

 Multi-block refs                 0
 Bytes From Memory	  1393379776
 ( / Demand Fetches)	     40.9662
 Bytes To Memory	   592479744
 ( / Demand Writes)	     57.2307
 Total Bytes r/w Mem	  1985859520
 ( / Demand Fetches)	     58.3855

l3-dcache
 Metrics		      Total	      Instrn	       Data	       Read	      Write	       Misc
 -----------------	      ------	      ------	      ------	      ------	      ------	      ------
 Demand Fetches		    31029055	           0	    31029055	    21771559	     9257496	           0
  Fraction of total	      1.0000	      0.0000	      1.0000	      0.7017	      0.2983	      0.0000

 Demand Misses		    17502592	           0	    17502592	    17453310	       49282	           0
  Demand miss rate	      0.5641	      0.0000	      0.5641	      0.8017	      0.0053	      0.0000

 Multi-block refs                 0
 Bytes From Memory	  1117011840
 ( / Demand Fetches)	     35.9989
 Bytes To Memory	   560314496
 ( / Demand Writes)	     60.5255
 Total Bytes r/w Mem	  1677326336
 ( / Demand Fetches)	     54.0566

---Execution complete.
