tracename fma3d_m2b
---Dinero IV cache simulator, version 7
---Written by Jan Edler and Mark D. Hill
---Copyright (C) 1997 NEC Research Institute, Inc. and Mark D. Hill.
---All rights reserved.
---Copyright (C) 1985, 1989 Mark D. Hill.  All rights reserved.
---See -copyright option for details

---Summary of options (-help option gives usage information).

-l1-isize 32768
-l1-dsize 32768
-l2-dsize 262144
-l3-dsize 262144
-l1-ibsize 64
-l1-dbsize 64
-l2-dbsize 64
-l3-dbsize 64
-l1-isbsize 64
-l1-dsbsize 64
-l2-dsbsize 64
-l3-dsbsize 64
-l1-iassoc 8
-l1-dassoc 8
-l2-dassoc 8
-l3-dassoc 8
-l1-irepl l
-l1-drepl 2
-l2-drepl 2
-l3-drepl 2
-l1-ifetch d
-l1-dfetch d
-l2-dfetch d
-l3-dfetch d
-l1-dwalloc a
-l2-dwalloc a
-l3-dwalloc a
-l1-dwback a
-l2-dwback a
-l3-dwback a
-skipcount 0
-flushcount 0
-maxcount 0
-stat-interval 0
-informat s
-on-trigger 0x0
-off-trigger 0x0

---Simulation begins.
---Simulation complete.
l1-icache
 Metrics		      Total	      Instrn	       Data	       Read	      Write	       Misc
 -----------------	      ------	      ------	      ------	      ------	      ------	      ------
 Demand Fetches		  1999999375	  1999999375	           0	           0	           0	           0
  Fraction of total	      1.0000	      1.0000	      0.0000	      0.0000	      0.0000	      0.0000

 Demand Misses		        2296	        2296	           0	           0	           0	           0
  Demand miss rate	      0.0000	      0.0000	      0.0000	      0.0000	      0.0000	      0.0000

 Multi-block refs                 0
 Bytes From Memory	      146944
 ( / Demand Fetches)	      0.0001
 Bytes To Memory	           0
 ( / Demand Writes)	      0.0000
 Total Bytes r/w Mem	      146944
 ( / Demand Fetches)	      0.0001

l1-dcache
 Metrics		      Total	      Instrn	       Data	       Read	      Write	       Misc
 -----------------	      ------	      ------	      ------	      ------	      ------	      ------
 Demand Fetches		   913972993	           0	   913972993	   601233722	   312739271	           0
  Fraction of total	      1.0000	      0.0000	      1.0000	      0.6578	      0.3422	      0.0000

 Demand Misses		    23041335	           0	    23041335	    21327897	     1713438	           0
  Demand miss rate	      0.0252	      0.0000	      0.0252	      0.0355	      0.0055	      0.0000

 Multi-block refs                 0
 Bytes From Memory	  1474645440
 ( / Demand Fetches)	      1.6134
 Bytes To Memory	   640873664
 ( / Demand Writes)	      2.0492
 Total Bytes r/w Mem	  2115519104
 ( / Demand Fetches)	      2.3146

l2-dcache
 Metrics		      Total	      Instrn	       Data	       Read	      Write	       Misc
 -----------------	      ------	      ------	      ------	      ------	      ------	      ------
 Demand Fetches		    33054986	           0	    33054986	    23041335	    10013651	           0
  Fraction of total	      1.0000	      0.0000	      1.0000	      0.6971	      0.3029	      0.0000

 Demand Misses		    21891712	           0	    21891712	    21726662	      165050	           0
  Demand miss rate	      0.6623	      0.0000	      0.6623	      0.9429	      0.0165	      0.0000

 Multi-block refs                 0
 Bytes From Memory	  1390506368
 ( / Demand Fetches)	     42.0665
 Bytes To Memory	   587524672
 ( / Demand Writes)	     58.6724
 Total Bytes r/w Mem	  1978031040
 ( / Demand Fetches)	     59.8406

l3-dcache
 Metrics		      Total	      Instrn	       Data	       Read	      Write	       Misc
 -----------------	      ------	      ------	      ------	      ------	      ------	      ------
 Demand Fetches		    30906735	           0	    30906735	    21726662	     9180073	           0
  Fraction of total	      1.0000	      0.0000	      1.0000	      0.7030	      0.2970	      0.0000

 Demand Misses		    28581150	           0	    28581150	    21480889	     7100261	           0
  Demand miss rate	      0.9248	      0.0000	      0.9248	      0.9887	      0.7734	      0.0000

 Multi-block refs                 0
 Bytes From Memory	  1374776896
 ( / Demand Fetches)	     44.4815
 Bytes To Memory	   581263808
 ( / Demand Writes)	     63.3180
 Total Bytes r/w Mem	  1956040704
 ( / Demand Fetches)	     63.2885

---Execution complete.
