tracename fma3d_m2b
---Dinero IV cache simulator, version 7
---Written by Jan Edler and Mark D. Hill
---Copyright (C) 1997 NEC Research Institute, Inc. and Mark D. Hill.
---All rights reserved.
---Copyright (C) 1985, 1989 Mark D. Hill.  All rights reserved.
---See -copyright option for details

---Summary of options (-help option gives usage information).

-l1-isize 32768
-l1-dsize 32768
-l2-dsize 262144
-l3-dsize 8388608
-l1-ibsize 64
-l1-dbsize 64
-l2-dbsize 64
-l3-dbsize 64
-l1-isbsize 64
-l1-dsbsize 64
-l2-dsbsize 64
-l3-dsbsize 64
-l1-iassoc 8
-l1-dassoc 8
-l2-dassoc 8
-l3-dassoc 8
-l1-irepl l
-l1-drepl b
-l2-drepl b
-l3-drepl b
-l1-ifetch d
-l1-dfetch d
-l2-dfetch d
-l3-dfetch d
-l1-dwalloc a
-l2-dwalloc a
-l3-dwalloc a
-l1-dwback a
-l2-dwback a
-l3-dwback a
-skipcount 0
-flushcount 0
-maxcount 0
-stat-interval 0
-informat s
-on-trigger 0x0
-off-trigger 0x0

---Simulation begins.
---Simulation complete.
l1-icache
 Metrics		      Total	      Instrn	       Data	       Read	      Write	       Misc
 -----------------	      ------	      ------	      ------	      ------	      ------	      ------
 Demand Fetches		  1999999375	  1999999375	           0	           0	           0	           0
  Fraction of total	      1.0000	      1.0000	      0.0000	      0.0000	      0.0000	      0.0000

 Demand Misses		        2296	        2296	           0	           0	           0	           0
  Demand miss rate	      0.0000	      0.0000	      0.0000	      0.0000	      0.0000	      0.0000

 Multi-block refs                 0
 Bytes From Memory	      146944
 ( / Demand Fetches)	      0.0001
 Bytes To Memory	           0
 ( / Demand Writes)	      0.0000
 Total Bytes r/w Mem	      146944
 ( / Demand Fetches)	      0.0001

l1-dcache
 Metrics		      Total	      Instrn	       Data	       Read	      Write	       Misc
 -----------------	      ------	      ------	      ------	      ------	      ------	      ------
 Demand Fetches		   913972993	           0	   913972993	   601233722	   312739271	           0
  Fraction of total	      1.0000	      0.0000	      1.0000	      0.6578	      0.3422	      0.0000

 Demand Misses		    23660728	           0	    23660728	    21758641	     1902087	           0
  Demand miss rate	      0.0259	      0.0000	      0.0259	      0.0362	      0.0061	      0.0000

 Multi-block refs                 0
 Bytes From Memory	  1514286592
 ( / Demand Fetches)	      1.6568
 Bytes To Memory	   662513152
 ( / Demand Writes)	      2.1184
 Total Bytes r/w Mem	  2176799744
 ( / Demand Fetches)	      2.3817

l2-dcache
 Metrics		      Total	      Instrn	       Data	       Read	      Write	       Misc
 -----------------	      ------	      ------	      ------	      ------	      ------	      ------
 Demand Fetches		    34012496	           0	    34012496	    23660728	    10351768	           0
  Fraction of total	      1.0000	      0.0000	      1.0000	      0.6956	      0.3044	      0.0000

 Demand Misses		    22253273	           0	    22253273	    21771840	      481433	           0
  Demand miss rate	      0.6543	      0.0000	      0.6543	      0.9202	      0.0465	      0.0000

 Multi-block refs                 0
 Bytes From Memory	  1393397760
 ( / Demand Fetches)	     40.9672
 Bytes To Memory	   592477184
 ( / Demand Writes)	     57.2344
 Total Bytes r/w Mem	  1985874944
 ( / Demand Fetches)	     58.3866

l3-dcache
 Metrics		      Total	      Instrn	       Data	       Read	      Write	       Misc
 -----------------	      ------	      ------	      ------	      ------	      ------	      ------
 Demand Fetches		    31029296	           0	    31029296	    21771840	     9257456	           0
  Fraction of total	      1.0000	      0.0000	      1.0000	      0.7017	      0.2983	      0.0000

 Demand Misses		    19829194	           0	    19829194	    19741792	       87402	           0
  Demand miss rate	      0.6390	      0.0000	      0.6390	      0.9068	      0.0094	      0.0000

 Multi-block refs                 0
 Bytes From Memory	  1263474688
 ( / Demand Fetches)	     40.7188
 Bytes To Memory	   567835648
 ( / Demand Writes)	     61.3382
 Total Bytes r/w Mem	  1831310336
 ( / Demand Fetches)	     59.0188

---Execution complete.
