tracename fma3d_m2b
---Dinero IV cache simulator, version 7
---Written by Jan Edler and Mark D. Hill
---Copyright (C) 1997 NEC Research Institute, Inc. and Mark D. Hill.
---All rights reserved.
---Copyright (C) 1985, 1989 Mark D. Hill.  All rights reserved.
---See -copyright option for details

---Summary of options (-help option gives usage information).

-l1-isize 32768
-l1-dsize 32768
-l2-dsize 262144
-l3-dsize 2097152
-l1-ibsize 64
-l1-dbsize 64
-l2-dbsize 64
-l3-dbsize 64
-l1-isbsize 64
-l1-dsbsize 64
-l2-dsbsize 64
-l3-dsbsize 64
-l1-iassoc 8
-l1-dassoc 8
-l2-dassoc 8
-l3-dassoc 8
-l1-irepl l
-l1-drepl r
-l2-drepl r
-l3-drepl r
-l1-ifetch d
-l1-dfetch d
-l2-dfetch d
-l3-dfetch d
-l1-dwalloc a
-l2-dwalloc a
-l3-dwalloc a
-l1-dwback a
-l2-dwback a
-l3-dwback a
-skipcount 0
-flushcount 0
-maxcount 0
-stat-interval 0
-informat s
-on-trigger 0x0
-off-trigger 0x0

---Simulation begins.
---Simulation complete.
l1-icache
 Metrics		      Total	      Instrn	       Data	       Read	      Write	       Misc
 -----------------	      ------	      ------	      ------	      ------	      ------	      ------
 Demand Fetches		  1999999375	  1999999375	           0	           0	           0	           0
  Fraction of total	      1.0000	      1.0000	      0.0000	      0.0000	      0.0000	      0.0000

 Demand Misses		        2296	        2296	           0	           0	           0	           0
  Demand miss rate	      0.0000	      0.0000	      0.0000	      0.0000	      0.0000	      0.0000

 Multi-block refs                 0
 Bytes From Memory	      146944
 ( / Demand Fetches)	      0.0001
 Bytes To Memory	           0
 ( / Demand Writes)	      0.0000
 Total Bytes r/w Mem	      146944
 ( / Demand Fetches)	      0.0001

l1-dcache
 Metrics		      Total	      Instrn	       Data	       Read	      Write	       Misc
 -----------------	      ------	      ------	      ------	      ------	      ------	      ------
 Demand Fetches		   913972993	           0	   913972993	   601233722	   312739271	           0
  Fraction of total	      1.0000	      0.0000	      1.0000	      0.6578	      0.3422	      0.0000

 Demand Misses		    24818911	           0	    24818911	    22566179	     2252732	           0
  Demand miss rate	      0.0272	      0.0000	      0.0272	      0.0375	      0.0072	      0.0000

 Multi-block refs                 0
 Bytes From Memory	  1588410304
 ( / Demand Fetches)	      1.7379
 Bytes To Memory	   701833472
 ( / Demand Writes)	      2.2441
 Total Bytes r/w Mem	  2290243776
 ( / Demand Fetches)	      2.5058

l2-dcache
 Metrics		      Total	      Instrn	       Data	       Read	      Write	       Misc
 -----------------	      ------	      ------	      ------	      ------	      ------	      ------
 Demand Fetches		    35785059	           0	    35785059	    24818911	    10966148	           0
  Fraction of total	      1.0000	      0.0000	      1.0000	      0.6936	      0.3064	      0.0000

 Demand Misses		    22843802	           0	    22843802	    21860977	      982825	           0
  Demand miss rate	      0.6384	      0.0000	      0.6384	      0.8808	      0.0896	      0.0000

 Multi-block refs                 0
 Bytes From Memory	  1399102528
 ( / Demand Fetches)	     39.0974
 Bytes To Memory	   602447744
 ( / Demand Writes)	     54.9370
 Total Bytes r/w Mem	  2001550272
 ( / Demand Fetches)	     55.9326

l3-dcache
 Metrics		      Total	      Instrn	       Data	       Read	      Write	       Misc
 -----------------	      ------	      ------	      ------	      ------	      ------	      ------
 Demand Fetches		    31274223	           0	    31274223	    21860977	     9413246	           0
  Fraction of total	      1.0000	      0.0000	      1.0000	      0.6990	      0.3010	      0.0000

 Demand Misses		    21604672	           0	    21604672	    20712552	      892120	           0
  Demand miss rate	      0.6908	      0.0000	      0.6908	      0.9475	      0.0948	      0.0000

 Multi-block refs                 0
 Bytes From Memory	  1325603328
 ( / Demand Fetches)	     42.3865
 Bytes To Memory	   572248832
 ( / Demand Writes)	     60.7919
 Total Bytes r/w Mem	  1897852160
 ( / Demand Fetches)	     60.6842

---Execution complete.
