tracename fma3d_m2b
---Dinero IV cache simulator, version 7
---Written by Jan Edler and Mark D. Hill
---Copyright (C) 1997 NEC Research Institute, Inc. and Mark D. Hill.
---All rights reserved.
---Copyright (C) 1985, 1989 Mark D. Hill.  All rights reserved.
---See -copyright option for details

---Summary of options (-help option gives usage information).

-l1-isize 32768
-l1-dsize 32768
-l2-dsize 262144
-l3-dsize 33554432
-l1-ibsize 64
-l1-dbsize 64
-l2-dbsize 64
-l3-dbsize 64
-l1-isbsize 64
-l1-dsbsize 64
-l2-dsbsize 64
-l3-dsbsize 64
-l1-iassoc 8
-l1-dassoc 8
-l2-dassoc 8
-l3-dassoc 8
-l1-irepl l
-l1-drepl r
-l2-drepl r
-l3-drepl r
-l1-ifetch d
-l1-dfetch d
-l2-dfetch d
-l3-dfetch d
-l1-dwalloc a
-l2-dwalloc a
-l3-dwalloc a
-l1-dwback a
-l2-dwback a
-l3-dwback a
-skipcount 0
-flushcount 0
-maxcount 0
-stat-interval 0
-informat s
-on-trigger 0x0
-off-trigger 0x0

---Simulation begins.
---Simulation complete.
l1-icache
 Metrics		      Total	      Instrn	       Data	       Read	      Write	       Misc
 -----------------	      ------	      ------	      ------	      ------	      ------	      ------
 Demand Fetches		  1999999375	  1999999375	           0	           0	           0	           0
  Fraction of total	      1.0000	      1.0000	      0.0000	      0.0000	      0.0000	      0.0000

 Demand Misses		        2296	        2296	           0	           0	           0	           0
  Demand miss rate	      0.0000	      0.0000	      0.0000	      0.0000	      0.0000	      0.0000

 Multi-block refs                 0
 Bytes From Memory	      146944
 ( / Demand Fetches)	      0.0001
 Bytes To Memory	           0
 ( / Demand Writes)	      0.0000
 Total Bytes r/w Mem	      146944
 ( / Demand Fetches)	      0.0001

l1-dcache
 Metrics		      Total	      Instrn	       Data	       Read	      Write	       Misc
 -----------------	      ------	      ------	      ------	      ------	      ------	      ------
 Demand Fetches		   913972993	           0	   913972993	   601233722	   312739271	           0
  Fraction of total	      1.0000	      0.0000	      1.0000	      0.6578	      0.3422	      0.0000

 Demand Misses		    24818327	           0	    24818327	    22566139	     2252188	           0
  Demand miss rate	      0.0272	      0.0000	      0.0272	      0.0375	      0.0072	      0.0000

 Multi-block refs                 0
 Bytes From Memory	  1588372928
 ( / Demand Fetches)	      1.7379
 Bytes To Memory	   701790976
 ( / Demand Writes)	      2.2440
 Total Bytes r/w Mem	  2290163904
 ( / Demand Fetches)	      2.5057

l2-dcache
 Metrics		      Total	      Instrn	       Data	       Read	      Write	       Misc
 -----------------	      ------	      ------	      ------	      ------	      ------	      ------
 Demand Fetches		    35783811	           0	    35783811	    24818327	    10965484	           0
  Fraction of total	      1.0000	      0.0000	      1.0000	      0.6936	      0.3064	      0.0000

 Demand Misses		    22843661	           0	    22843661	    21860555	      983106	           0
  Demand miss rate	      0.6384	      0.0000	      0.6384	      0.8808	      0.0897	      0.0000

 Multi-block refs                 0
 Bytes From Memory	  1399075520
 ( / Demand Fetches)	     39.0980
 Bytes To Memory	   602404544
 ( / Demand Writes)	     54.9364
 Total Bytes r/w Mem	  2001480064
 ( / Demand Fetches)	     55.9326

l3-dcache
 Metrics		      Total	      Instrn	       Data	       Read	      Write	       Misc
 -----------------	      ------	      ------	      ------	      ------	      ------	      ------
 Demand Fetches		    31273126	           0	    31273126	    21860555	     9412571	           0
  Fraction of total	      1.0000	      0.0000	      1.0000	      0.6990	      0.3010	      0.0000

 Demand Misses		    12716344	           0	    12716344	    12650891	       65453	           0
  Demand miss rate	      0.4066	      0.0000	      0.4066	      0.5787	      0.0070	      0.0000

 Multi-block refs                 0
 Bytes From Memory	   809657024
 ( / Demand Fetches)	     25.8899
 Bytes To Memory	   492590976
 ( / Demand Writes)	     52.3333
 Total Bytes r/w Mem	  1302248000
 ( / Demand Fetches)	     41.6411

---Execution complete.
