tracename fma3d_m2b
---Dinero IV cache simulator, version 7
---Written by Jan Edler and Mark D. Hill
---Copyright (C) 1997 NEC Research Institute, Inc. and Mark D. Hill.
---All rights reserved.
---Copyright (C) 1985, 1989 Mark D. Hill.  All rights reserved.
---See -copyright option for details

---Summary of options (-help option gives usage information).

-l1-isize 32768
-l1-dsize 32768
-l2-dsize 262144
-l3-dsize 16777216
-l1-ibsize 64
-l1-dbsize 64
-l2-dbsize 64
-l3-dbsize 64
-l1-isbsize 64
-l1-dsbsize 64
-l2-dsbsize 64
-l3-dsbsize 64
-l1-iassoc 8
-l1-dassoc 8
-l2-dassoc 8
-l3-dassoc 8
-l1-irepl l
-l1-drepl c
-l2-drepl c
-l3-drepl c
-l1-ifetch d
-l1-dfetch d
-l2-dfetch d
-l3-dfetch d
-l1-dwalloc a
-l2-dwalloc a
-l3-dwalloc a
-l1-dwback a
-l2-dwback a
-l3-dwback a
-skipcount 0
-flushcount 0
-maxcount 0
-stat-interval 0
-informat s
-on-trigger 0x0
-off-trigger 0x0

---Simulation begins.
---Simulation complete.
l1-icache
 Metrics		      Total	      Instrn	       Data	       Read	      Write	       Misc
 -----------------	      ------	      ------	      ------	      ------	      ------	      ------
 Demand Fetches		  1999999375	  1999999375	           0	           0	           0	           0
  Fraction of total	      1.0000	      1.0000	      0.0000	      0.0000	      0.0000	      0.0000

 Demand Misses		        2296	        2296	           0	           0	           0	           0
  Demand miss rate	      0.0000	      0.0000	      0.0000	      0.0000	      0.0000	      0.0000

 Multi-block refs                 0
 Bytes From Memory	      146944
 ( / Demand Fetches)	      0.0001
 Bytes To Memory	           0
 ( / Demand Writes)	      0.0000
 Total Bytes r/w Mem	      146944
 ( / Demand Fetches)	      0.0001

l1-dcache
 Metrics		      Total	      Instrn	       Data	       Read	      Write	       Misc
 -----------------	      ------	      ------	      ------	      ------	      ------	      ------
 Demand Fetches		   913972993	           0	   913972993	   601233722	   312739271	           0
  Fraction of total	      1.0000	      0.0000	      1.0000	      0.6578	      0.3422	      0.0000

 Demand Misses		    23286314	           0	    23286314	    21500152	     1786162	           0
  Demand miss rate	      0.0255	      0.0000	      0.0255	      0.0358	      0.0057	      0.0000

 Multi-block refs                 0
 Bytes From Memory	  1490324096
 ( / Demand Fetches)	      1.6306
 Bytes To Memory	   650319936
 ( / Demand Writes)	      2.0794
 Total Bytes r/w Mem	  2140644032
 ( / Demand Fetches)	      2.3421

l2-dcache
 Metrics		      Total	      Instrn	       Data	       Read	      Write	       Misc
 -----------------	      ------	      ------	      ------	      ------	      ------	      ------
 Demand Fetches		    33447563	           0	    33447563	    23286314	    10161249	           0
  Fraction of total	      1.0000	      0.0000	      1.0000	      0.6962	      0.3038	      0.0000

 Demand Misses		    22060952	           0	    22060952	    21729990	      330962	           0
  Demand miss rate	      0.6596	      0.0000	      0.6596	      0.9332	      0.0326	      0.0000

 Multi-block refs                 0
 Bytes From Memory	  1390719360
 ( / Demand Fetches)	     41.5791
 Bytes To Memory	   588201216
 ( / Demand Writes)	     57.8867
 Total Bytes r/w Mem	  1978920576
 ( / Demand Fetches)	     59.1649

l3-dcache
 Metrics		      Total	      Instrn	       Data	       Read	      Write	       Misc
 -----------------	      ------	      ------	      ------	      ------	      ------	      ------
 Demand Fetches		    30920634	           0	    30920634	    21729990	     9190644	           0
  Fraction of total	      1.0000	      0.0000	      1.0000	      0.7028	      0.2972	      0.0000

 Demand Misses		    17661932	           0	    17661932	    17627972	       33960	           0
  Demand miss rate	      0.5712	      0.0000	      0.5712	      0.8112	      0.0037	      0.0000

 Multi-block refs                 0
 Bytes From Memory	  1128190208
 ( / Demand Fetches)	     36.4866
 Bytes To Memory	   561733376
 ( / Demand Writes)	     61.1201
 Total Bytes r/w Mem	  1689923584
 ( / Demand Fetches)	     54.6536

---Execution complete.
