tracename fma3d_m2b
---Dinero IV cache simulator, version 7
---Written by Jan Edler and Mark D. Hill
---Copyright (C) 1997 NEC Research Institute, Inc. and Mark D. Hill.
---All rights reserved.
---Copyright (C) 1985, 1989 Mark D. Hill.  All rights reserved.
---See -copyright option for details

---Summary of options (-help option gives usage information).

-l1-isize 32768
-l1-dsize 32768
-l2-dsize 262144
-l3-dsize 1048576
-l1-ibsize 64
-l1-dbsize 64
-l2-dbsize 64
-l3-dbsize 64
-l1-isbsize 64
-l1-dsbsize 64
-l2-dsbsize 64
-l3-dsbsize 64
-l1-iassoc 8
-l1-dassoc 8
-l2-dassoc 8
-l3-dassoc 8
-l1-irepl l
-l1-drepl b
-l2-drepl b
-l3-drepl b
-l1-ifetch d
-l1-dfetch d
-l2-dfetch d
-l3-dfetch d
-l1-dwalloc a
-l2-dwalloc a
-l3-dwalloc a
-l1-dwback a
-l2-dwback a
-l3-dwback a
-skipcount 0
-flushcount 0
-maxcount 0
-stat-interval 0
-informat s
-on-trigger 0x0
-off-trigger 0x0

---Simulation begins.
---Simulation complete.
l1-icache
 Metrics		      Total	      Instrn	       Data	       Read	      Write	       Misc
 -----------------	      ------	      ------	      ------	      ------	      ------	      ------
 Demand Fetches		  1999999375	  1999999375	           0	           0	           0	           0
  Fraction of total	      1.0000	      1.0000	      0.0000	      0.0000	      0.0000	      0.0000

 Demand Misses		        2296	        2296	           0	           0	           0	           0
  Demand miss rate	      0.0000	      0.0000	      0.0000	      0.0000	      0.0000	      0.0000

 Multi-block refs                 0
 Bytes From Memory	      146944
 ( / Demand Fetches)	      0.0001
 Bytes To Memory	           0
 ( / Demand Writes)	      0.0000
 Total Bytes r/w Mem	      146944
 ( / Demand Fetches)	      0.0001

l1-dcache
 Metrics		      Total	      Instrn	       Data	       Read	      Write	       Misc
 -----------------	      ------	      ------	      ------	      ------	      ------	      ------
 Demand Fetches		   913972993	           0	   913972993	   601233722	   312739271	           0
  Fraction of total	      1.0000	      0.0000	      1.0000	      0.6578	      0.3422	      0.0000

 Demand Misses		    23662184	           0	    23662184	    21758337	     1903847	           0
  Demand miss rate	      0.0259	      0.0000	      0.0259	      0.0362	      0.0061	      0.0000

 Multi-block refs                 0
 Bytes From Memory	  1514379776
 ( / Demand Fetches)	      1.6569
 Bytes To Memory	   662583232
 ( / Demand Writes)	      2.1186
 Total Bytes r/w Mem	  2176963008
 ( / Demand Fetches)	      2.3819

l2-dcache
 Metrics		      Total	      Instrn	       Data	       Read	      Write	       Misc
 -----------------	      ------	      ------	      ------	      ------	      ------	      ------
 Demand Fetches		    34015047	           0	    34015047	    23662184	    10352863	           0
  Fraction of total	      1.0000	      0.0000	      1.0000	      0.6956	      0.3044	      0.0000

 Demand Misses		    22254017	           0	    22254017	    21772361	      481656	           0
  Demand miss rate	      0.6542	      0.0000	      0.6542	      0.9201	      0.0465	      0.0000

 Multi-block refs                 0
 Bytes From Memory	  1393431104
 ( / Demand Fetches)	     40.9651
 Bytes To Memory	   592549120
 ( / Demand Writes)	     57.2353
 Total Bytes r/w Mem	  1985980224
 ( / Demand Fetches)	     58.3853

l3-dcache
 Metrics		      Total	      Instrn	       Data	       Read	      Write	       Misc
 -----------------	      ------	      ------	      ------	      ------	      ------	      ------
 Demand Fetches		    31030941	           0	    31030941	    21772361	     9258580	           0
  Fraction of total	      1.0000	      0.0000	      1.0000	      0.7016	      0.2984	      0.0000

 Demand Misses		    22104550	           0	    22104550	    20829668	     1274882	           0
  Demand miss rate	      0.7123	      0.0000	      0.7123	      0.9567	      0.1377	      0.0000

 Multi-block refs                 0
 Bytes From Memory	  1333098752
 ( / Demand Fetches)	     42.9603
 Bytes To Memory	   571612544
 ( / Demand Writes)	     61.7387
 Total Bytes r/w Mem	  1904711296
 ( / Demand Fetches)	     61.3810

---Execution complete.
