tracename fma3d_m2b
---Dinero IV cache simulator, version 7
---Written by Jan Edler and Mark D. Hill
---Copyright (C) 1997 NEC Research Institute, Inc. and Mark D. Hill.
---All rights reserved.
---Copyright (C) 1985, 1989 Mark D. Hill.  All rights reserved.
---See -copyright option for details

---Summary of options (-help option gives usage information).

-l1-isize 32768
-l1-dsize 32768
-l2-dsize 262144
-l3-dsize 2097152
-l1-ibsize 64
-l1-dbsize 64
-l2-dbsize 64
-l3-dbsize 64
-l1-isbsize 64
-l1-dsbsize 64
-l2-dsbsize 64
-l3-dsbsize 64
-l1-iassoc 8
-l1-dassoc 8
-l2-dassoc 8
-l3-dassoc 8
-l1-irepl l
-l1-drepl b
-l2-drepl b
-l3-drepl b
-l1-ifetch d
-l1-dfetch d
-l2-dfetch d
-l3-dfetch d
-l1-dwalloc a
-l2-dwalloc a
-l3-dwalloc a
-l1-dwback a
-l2-dwback a
-l3-dwback a
-skipcount 0
-flushcount 0
-maxcount 0
-stat-interval 0
-informat s
-on-trigger 0x0
-off-trigger 0x0

---Simulation begins.
---Simulation complete.
l1-icache
 Metrics		      Total	      Instrn	       Data	       Read	      Write	       Misc
 -----------------	      ------	      ------	      ------	      ------	      ------	      ------
 Demand Fetches		  1999999375	  1999999375	           0	           0	           0	           0
  Fraction of total	      1.0000	      1.0000	      0.0000	      0.0000	      0.0000	      0.0000

 Demand Misses		        2296	        2296	           0	           0	           0	           0
  Demand miss rate	      0.0000	      0.0000	      0.0000	      0.0000	      0.0000	      0.0000

 Multi-block refs                 0
 Bytes From Memory	      146944
 ( / Demand Fetches)	      0.0001
 Bytes To Memory	           0
 ( / Demand Writes)	      0.0000
 Total Bytes r/w Mem	      146944
 ( / Demand Fetches)	      0.0001

l1-dcache
 Metrics		      Total	      Instrn	       Data	       Read	      Write	       Misc
 -----------------	      ------	      ------	      ------	      ------	      ------	      ------
 Demand Fetches		   913972993	           0	   913972993	   601233722	   312739271	           0
  Fraction of total	      1.0000	      0.0000	      1.0000	      0.6578	      0.3422	      0.0000

 Demand Misses		    23661287	           0	    23661287	    21758210	     1903077	           0
  Demand miss rate	      0.0259	      0.0000	      0.0259	      0.0362	      0.0061	      0.0000

 Multi-block refs                 0
 Bytes From Memory	  1514322368
 ( / Demand Fetches)	      1.6569
 Bytes To Memory	   662588864
 ( / Demand Writes)	      2.1187
 Total Bytes r/w Mem	  2176911232
 ( / Demand Fetches)	      2.3818

l2-dcache
 Metrics		      Total	      Instrn	       Data	       Read	      Write	       Misc
 -----------------	      ------	      ------	      ------	      ------	      ------	      ------
 Demand Fetches		    34014238	           0	    34014238	    23661287	    10352951	           0
  Fraction of total	      1.0000	      0.0000	      1.0000	      0.6956	      0.3044	      0.0000

 Demand Misses		    22251806	           0	    22251806	    21771359	      480447	           0
  Demand miss rate	      0.6542	      0.0000	      0.6542	      0.9201	      0.0464	      0.0000

 Multi-block refs                 0
 Bytes From Memory	  1393366976
 ( / Demand Fetches)	     40.9642
 Bytes To Memory	   592473088
 ( / Demand Writes)	     57.2275
 Total Bytes r/w Mem	  1985840064
 ( / Demand Fetches)	     58.3826

l3-dcache
 Metrics		      Total	      Instrn	       Data	       Read	      Write	       Misc
 -----------------	      ------	      ------	      ------	      ------	      ------	      ------
 Demand Fetches		    31028751	           0	    31028751	    21771359	     9257392	           0
  Fraction of total	      1.0000	      0.0000	      1.0000	      0.7017	      0.2983	      0.0000

 Demand Misses		    21035826	           0	    21035826	    20601809	      434017	           0
  Demand miss rate	      0.6779	      0.0000	      0.6779	      0.9463	      0.0469	      0.0000

 Multi-block refs                 0
 Bytes From Memory	  1318515776
 ( / Demand Fetches)	     42.4934
 Bytes To Memory	   569712448
 ( / Demand Writes)	     61.5414
 Total Bytes r/w Mem	  1888228224
 ( / Demand Fetches)	     60.8541

---Execution complete.
