tracename fma3d_m2b
---Dinero IV cache simulator, version 7
---Written by Jan Edler and Mark D. Hill
---Copyright (C) 1997 NEC Research Institute, Inc. and Mark D. Hill.
---All rights reserved.
---Copyright (C) 1985, 1989 Mark D. Hill.  All rights reserved.
---See -copyright option for details

---Summary of options (-help option gives usage information).

-l1-isize 32768
-l1-dsize 32768
-l2-dsize 262144
-l3-dsize 2097152
-l1-ibsize 64
-l1-dbsize 64
-l2-dbsize 64
-l3-dbsize 64
-l1-isbsize 64
-l1-dsbsize 64
-l2-dsbsize 64
-l3-dsbsize 64
-l1-iassoc 8
-l1-dassoc 8
-l2-dassoc 8
-l3-dassoc 8
-l1-irepl l
-l1-drepl c
-l2-drepl c
-l3-drepl c
-l1-ifetch d
-l1-dfetch d
-l2-dfetch d
-l3-dfetch d
-l1-dwalloc a
-l2-dwalloc a
-l3-dwalloc a
-l1-dwback a
-l2-dwback a
-l3-dwback a
-skipcount 0
-flushcount 0
-maxcount 0
-stat-interval 0
-informat s
-on-trigger 0x0
-off-trigger 0x0

---Simulation begins.
---Simulation complete.
l1-icache
 Metrics		      Total	      Instrn	       Data	       Read	      Write	       Misc
 -----------------	      ------	      ------	      ------	      ------	      ------	      ------
 Demand Fetches		  1999999375	  1999999375	           0	           0	           0	           0
  Fraction of total	      1.0000	      1.0000	      0.0000	      0.0000	      0.0000	      0.0000

 Demand Misses		        2296	        2296	           0	           0	           0	           0
  Demand miss rate	      0.0000	      0.0000	      0.0000	      0.0000	      0.0000	      0.0000

 Multi-block refs                 0
 Bytes From Memory	      146944
 ( / Demand Fetches)	      0.0001
 Bytes To Memory	           0
 ( / Demand Writes)	      0.0000
 Total Bytes r/w Mem	      146944
 ( / Demand Fetches)	      0.0001

l1-dcache
 Metrics		      Total	      Instrn	       Data	       Read	      Write	       Misc
 -----------------	      ------	      ------	      ------	      ------	      ------	      ------
 Demand Fetches		   913972993	           0	   913972993	   601233722	   312739271	           0
  Fraction of total	      1.0000	      0.0000	      1.0000	      0.6578	      0.3422	      0.0000

 Demand Misses		    23286179	           0	    23286179	    21500046	     1786133	           0
  Demand miss rate	      0.0255	      0.0000	      0.0255	      0.0358	      0.0057	      0.0000

 Multi-block refs                 0
 Bytes From Memory	  1490315456
 ( / Demand Fetches)	      1.6306
 Bytes To Memory	   650319360
 ( / Demand Writes)	      2.0794
 Total Bytes r/w Mem	  2140634816
 ( / Demand Fetches)	      2.3421

l2-dcache
 Metrics		      Total	      Instrn	       Data	       Read	      Write	       Misc
 -----------------	      ------	      ------	      ------	      ------	      ------	      ------
 Demand Fetches		    33447419	           0	    33447419	    23286179	    10161240	           0
  Fraction of total	      1.0000	      0.0000	      1.0000	      0.6962	      0.3038	      0.0000

 Demand Misses		    22061407	           0	    22061407	    21730092	      331315	           0
  Demand miss rate	      0.6596	      0.0000	      0.6596	      0.9332	      0.0326	      0.0000

 Multi-block refs                 0
 Bytes From Memory	  1390725888
 ( / Demand Fetches)	     41.5795
 Bytes To Memory	   588201536
 ( / Demand Writes)	     57.8868
 Total Bytes r/w Mem	  1978927424
 ( / Demand Fetches)	     59.1653

l3-dcache
 Metrics		      Total	      Instrn	       Data	       Read	      Write	       Misc
 -----------------	      ------	      ------	      ------	      ------	      ------	      ------
 Demand Fetches		    30920741	           0	    30920741	    21730092	     9190649	           0
  Fraction of total	      1.0000	      0.0000	      1.0000	      0.7028	      0.2972	      0.0000

 Demand Misses		    20850459	           0	    20850459	    20555185	      295274	           0
  Demand miss rate	      0.6743	      0.0000	      0.6743	      0.9459	      0.0321	      0.0000

 Multi-block refs                 0
 Bytes From Memory	  1315531840
 ( / Demand Fetches)	     42.5453
 Bytes To Memory	   569097600
 ( / Demand Writes)	     61.9214
 Total Bytes r/w Mem	  1884629440
 ( / Demand Fetches)	     60.9503

---Execution complete.
