tracename fma3d_m2b
---Dinero IV cache simulator, version 7
---Written by Jan Edler and Mark D. Hill
---Copyright (C) 1997 NEC Research Institute, Inc. and Mark D. Hill.
---All rights reserved.
---Copyright (C) 1985, 1989 Mark D. Hill.  All rights reserved.
---See -copyright option for details

---Summary of options (-help option gives usage information).

-l1-isize 32768
-l1-dsize 32768
-l2-dsize 262144
-l3-dsize 1048576
-l1-ibsize 64
-l1-dbsize 64
-l2-dbsize 64
-l3-dbsize 64
-l1-isbsize 64
-l1-dsbsize 64
-l2-dsbsize 64
-l3-dsbsize 64
-l1-iassoc 8
-l1-dassoc 8
-l2-dassoc 8
-l3-dassoc 8
-l1-irepl l
-l1-drepl r
-l2-drepl r
-l3-drepl r
-l1-ifetch d
-l1-dfetch d
-l2-dfetch d
-l3-dfetch d
-l1-dwalloc a
-l2-dwalloc a
-l3-dwalloc a
-l1-dwback a
-l2-dwback a
-l3-dwback a
-skipcount 0
-flushcount 0
-maxcount 0
-stat-interval 0
-informat s
-on-trigger 0x0
-off-trigger 0x0

---Simulation begins.
---Simulation complete.
l1-icache
 Metrics		      Total	      Instrn	       Data	       Read	      Write	       Misc
 -----------------	      ------	      ------	      ------	      ------	      ------	      ------
 Demand Fetches		  1999999375	  1999999375	           0	           0	           0	           0
  Fraction of total	      1.0000	      1.0000	      0.0000	      0.0000	      0.0000	      0.0000

 Demand Misses		        2296	        2296	           0	           0	           0	           0
  Demand miss rate	      0.0000	      0.0000	      0.0000	      0.0000	      0.0000	      0.0000

 Multi-block refs                 0
 Bytes From Memory	      146944
 ( / Demand Fetches)	      0.0001
 Bytes To Memory	           0
 ( / Demand Writes)	      0.0000
 Total Bytes r/w Mem	      146944
 ( / Demand Fetches)	      0.0001

l1-dcache
 Metrics		      Total	      Instrn	       Data	       Read	      Write	       Misc
 -----------------	      ------	      ------	      ------	      ------	      ------	      ------
 Demand Fetches		   913972993	           0	   913972993	   601233722	   312739271	           0
  Fraction of total	      1.0000	      0.0000	      1.0000	      0.6578	      0.3422	      0.0000

 Demand Misses		    24814453	           0	    24814453	    22563952	     2250501	           0
  Demand miss rate	      0.0272	      0.0000	      0.0272	      0.0375	      0.0072	      0.0000

 Multi-block refs                 0
 Bytes From Memory	  1588124992
 ( / Demand Fetches)	      1.7376
 Bytes To Memory	   701709056
 ( / Demand Writes)	      2.2438
 Total Bytes r/w Mem	  2289834048
 ( / Demand Fetches)	      2.5054

l2-dcache
 Metrics		      Total	      Instrn	       Data	       Read	      Write	       Misc
 -----------------	      ------	      ------	      ------	      ------	      ------	      ------
 Demand Fetches		    35778657	           0	    35778657	    24814453	    10964204	           0
  Fraction of total	      1.0000	      0.0000	      1.0000	      0.6936	      0.3064	      0.0000

 Demand Misses		    22843081	           0	    22843081	    21861062	      982019	           0
  Demand miss rate	      0.6385	      0.0000	      0.6385	      0.8810	      0.0896	      0.0000

 Multi-block refs                 0
 Bytes From Memory	  1399107968
 ( / Demand Fetches)	     39.1045
 Bytes To Memory	   602447872
 ( / Demand Writes)	     54.9468
 Total Bytes r/w Mem	  2001555840
 ( / Demand Fetches)	     55.9427

l3-dcache
 Metrics		      Total	      Instrn	       Data	       Read	      Write	       Misc
 -----------------	      ------	      ------	      ------	      ------	      ------	      ------
 Demand Fetches		    31274310	           0	    31274310	    21861062	     9413248	           0
  Fraction of total	      1.0000	      0.0000	      1.0000	      0.6990	      0.3010	      0.0000

 Demand Misses		    22868073	           0	    22868073	    20925534	     1942539	           0
  Demand miss rate	      0.7312	      0.0000	      0.7312	      0.9572	      0.2064	      0.0000

 Multi-block refs                 0
 Bytes From Memory	  1339234176
 ( / Demand Fetches)	     42.8222
 Bytes To Memory	   575720064
 ( / Demand Writes)	     61.1606
 Total Bytes r/w Mem	  1914954240
 ( / Demand Fetches)	     61.2309

---Execution complete.
