tracename fma3d_m2b
---Dinero IV cache simulator, version 7
---Written by Jan Edler and Mark D. Hill
---Copyright (C) 1997 NEC Research Institute, Inc. and Mark D. Hill.
---All rights reserved.
---Copyright (C) 1985, 1989 Mark D. Hill.  All rights reserved.
---See -copyright option for details

---Summary of options (-help option gives usage information).

-l1-isize 32768
-l1-dsize 32768
-l2-dsize 262144
-l3-dsize 33554432
-l1-ibsize 64
-l1-dbsize 64
-l2-dbsize 64
-l3-dbsize 64
-l1-isbsize 64
-l1-dsbsize 64
-l2-dsbsize 64
-l3-dsbsize 64
-l1-iassoc 8
-l1-dassoc 8
-l2-dassoc 8
-l3-dassoc 8
-l1-irepl l
-l1-drepl c
-l2-drepl c
-l3-drepl c
-l1-ifetch d
-l1-dfetch d
-l2-dfetch d
-l3-dfetch d
-l1-dwalloc a
-l2-dwalloc a
-l3-dwalloc a
-l1-dwback a
-l2-dwback a
-l3-dwback a
-skipcount 0
-flushcount 0
-maxcount 0
-stat-interval 0
-informat s
-on-trigger 0x0
-off-trigger 0x0

---Simulation begins.
---Simulation complete.
l1-icache
 Metrics		      Total	      Instrn	       Data	       Read	      Write	       Misc
 -----------------	      ------	      ------	      ------	      ------	      ------	      ------
 Demand Fetches		  1999999375	  1999999375	           0	           0	           0	           0
  Fraction of total	      1.0000	      1.0000	      0.0000	      0.0000	      0.0000	      0.0000

 Demand Misses		        2296	        2296	           0	           0	           0	           0
  Demand miss rate	      0.0000	      0.0000	      0.0000	      0.0000	      0.0000	      0.0000

 Multi-block refs                 0
 Bytes From Memory	      146944
 ( / Demand Fetches)	      0.0001
 Bytes To Memory	           0
 ( / Demand Writes)	      0.0000
 Total Bytes r/w Mem	      146944
 ( / Demand Fetches)	      0.0001

l1-dcache
 Metrics		      Total	      Instrn	       Data	       Read	      Write	       Misc
 -----------------	      ------	      ------	      ------	      ------	      ------	      ------
 Demand Fetches		   913972993	           0	   913972993	   601233722	   312739271	           0
  Fraction of total	      1.0000	      0.0000	      1.0000	      0.6578	      0.3422	      0.0000

 Demand Misses		    23284960	           0	    23284960	    21498749	     1786211	           0
  Demand miss rate	      0.0255	      0.0000	      0.0255	      0.0358	      0.0057	      0.0000

 Multi-block refs                 0
 Bytes From Memory	  1490237440
 ( / Demand Fetches)	      1.6305
 Bytes To Memory	   650312704
 ( / Demand Writes)	      2.0794
 Total Bytes r/w Mem	  2140550144
 ( / Demand Fetches)	      2.3420

l2-dcache
 Metrics		      Total	      Instrn	       Data	       Read	      Write	       Misc
 -----------------	      ------	      ------	      ------	      ------	      ------	      ------
 Demand Fetches		    33446096	           0	    33446096	    23284960	    10161136	           0
  Fraction of total	      1.0000	      0.0000	      1.0000	      0.6962	      0.3038	      0.0000

 Demand Misses		    22061133	           0	    22061133	    21730746	      330387	           0
  Demand miss rate	      0.6596	      0.0000	      0.6596	      0.9333	      0.0325	      0.0000

 Multi-block refs                 0
 Bytes From Memory	  1390767744
 ( / Demand Fetches)	     41.5824
 Bytes To Memory	   588214016
 ( / Demand Writes)	     57.8886
 Total Bytes r/w Mem	  1978981760
 ( / Demand Fetches)	     59.1693

l3-dcache
 Metrics		      Total	      Instrn	       Data	       Read	      Write	       Misc
 -----------------	      ------	      ------	      ------	      ------	      ------	      ------
 Demand Fetches		    30921590	           0	    30921590	    21730746	     9190844	           0
  Fraction of total	      1.0000	      0.0000	      1.0000	      0.7028	      0.2972	      0.0000

 Demand Misses		    12477823	           0	    12477823	    12460141	       17682	           0
  Demand miss rate	      0.4035	      0.0000	      0.4035	      0.5734	      0.0019	      0.0000

 Multi-block refs                 0
 Bytes From Memory	   797449024
 ( / Demand Fetches)	     25.7894
 Bytes To Memory	   486180800
 ( / Demand Writes)	     52.8984
 Total Bytes r/w Mem	  1283629824
 ( / Demand Fetches)	     41.5124

---Execution complete.
