tracename parser_m2b
---Dinero IV cache simulator, version 7
---Written by Jan Edler and Mark D. Hill
---Copyright (C) 1997 NEC Research Institute, Inc. and Mark D. Hill.
---All rights reserved.
---Copyright (C) 1985, 1989 Mark D. Hill.  All rights reserved.
---See -copyright option for details

---Summary of options (-help option gives usage information).

-l1-isize 32768
-l1-dsize 32768
-l2-dsize 262144
-l3-dsize 2097152
-l1-ibsize 64
-l1-dbsize 64
-l2-dbsize 64
-l3-dbsize 64
-l1-isbsize 64
-l1-dsbsize 64
-l2-dsbsize 64
-l3-dsbsize 64
-l1-iassoc 8
-l1-dassoc 8
-l2-dassoc 8
-l3-dassoc 8
-l1-irepl l
-l1-drepl b
-l2-drepl b
-l3-drepl b
-l1-ifetch d
-l1-dfetch d
-l2-dfetch d
-l3-dfetch d
-l1-dwalloc a
-l2-dwalloc a
-l3-dwalloc a
-l1-dwback a
-l2-dwback a
-l3-dwback a
-skipcount 0
-flushcount 0
-maxcount 0
-stat-interval 0
-informat s
-on-trigger 0x0
-off-trigger 0x0

---Simulation begins.
---Simulation complete.
l1-icache
 Metrics		      Total	      Instrn	       Data	       Read	      Write	       Misc
 -----------------	      ------	      ------	      ------	      ------	      ------	      ------
 Demand Fetches		  1999999988	  1999999988	           0	           0	           0	           0
  Fraction of total	      1.0000	      1.0000	      0.0000	      0.0000	      0.0000	      0.0000

 Demand Misses		      173175	      173175	           0	           0	           0	           0
  Demand miss rate	      0.0001	      0.0001	      0.0000	      0.0000	      0.0000	      0.0000

 Multi-block refs                 0
 Bytes From Memory	    11083200
 ( / Demand Fetches)	      0.0055
 Bytes To Memory	           0
 ( / Demand Writes)	      0.0000
 Total Bytes r/w Mem	    11083200
 ( / Demand Fetches)	      0.0055

l1-dcache
 Metrics		      Total	      Instrn	       Data	       Read	      Write	       Misc
 -----------------	      ------	      ------	      ------	      ------	      ------	      ------
 Demand Fetches		   701379966	           0	   701379966	   551279642	   150100324	           0
  Fraction of total	      1.0000	      0.0000	      1.0000	      0.7860	      0.2140	      0.0000

 Demand Misses		    15846062	           0	    15846062	    14827196	     1018866	           0
  Demand miss rate	      0.0226	      0.0000	      0.0226	      0.0269	      0.0068	      0.0000

 Multi-block refs            220627
 Bytes From Memory	  1014147968
 ( / Demand Fetches)	      1.4459
 Bytes To Memory	   188552512
 ( / Demand Writes)	      1.2562
 Total Bytes r/w Mem	  1202700480
 ( / Demand Fetches)	      1.7148

l2-dcache
 Metrics		      Total	      Instrn	       Data	       Read	      Write	       Misc
 -----------------	      ------	      ------	      ------	      ------	      ------	      ------
 Demand Fetches		    18792195	           0	    18792195	    15846062	     2946133	           0
  Fraction of total	      1.0000	      0.0000	      1.0000	      0.8432	      0.1568	      0.0000

 Demand Misses		     4023505	           0	     4023505	     3953442	       70063	           0
  Demand miss rate	      0.2141	      0.0000	      0.2141	      0.2495	      0.0238	      0.0000

 Multi-block refs                 0
 Bytes From Memory	   253020288
 ( / Demand Fetches)	     13.4641
 Bytes To Memory	    99547456
 ( / Demand Writes)	     33.7892
 Total Bytes r/w Mem	   352567744
 ( / Demand Fetches)	     18.7614

l3-dcache
 Metrics		      Total	      Instrn	       Data	       Read	      Write	       Misc
 -----------------	      ------	      ------	      ------	      ------	      ------	      ------
 Demand Fetches		     5508871	           0	     5508871	     3953442	     1555429	           0
  Fraction of total	      1.0000	      0.0000	      1.0000	      0.7177	      0.2823	      0.0000

 Demand Misses		     1380810	           0	     1380810	     1355770	       25040	           0
  Demand miss rate	      0.2507	      0.0000	      0.2507	      0.3429	      0.0161	      0.0000

 Multi-block refs                 0
 Bytes From Memory	    86769280
 ( / Demand Fetches)	     15.7508
 Bytes To Memory	    55892352
 ( / Demand Writes)	     35.9337
 Total Bytes r/w Mem	   142661632
 ( / Demand Fetches)	     25.8967

---Execution complete.
