tracename parser_m2b
---Dinero IV cache simulator, version 7
---Written by Jan Edler and Mark D. Hill
---Copyright (C) 1997 NEC Research Institute, Inc. and Mark D. Hill.
---All rights reserved.
---Copyright (C) 1985, 1989 Mark D. Hill.  All rights reserved.
---See -copyright option for details

---Summary of options (-help option gives usage information).

-l1-isize 32768
-l1-dsize 32768
-l2-dsize 262144
-l3-dsize 262144
-l1-ibsize 64
-l1-dbsize 64
-l2-dbsize 64
-l3-dbsize 64
-l1-isbsize 64
-l1-dsbsize 64
-l2-dsbsize 64
-l3-dsbsize 64
-l1-iassoc 8
-l1-dassoc 8
-l2-dassoc 8
-l3-dassoc 8
-l1-irepl l
-l1-drepl f
-l2-drepl f
-l3-drepl f
-l1-ifetch d
-l1-dfetch d
-l2-dfetch d
-l3-dfetch d
-l1-dwalloc a
-l2-dwalloc a
-l3-dwalloc a
-l1-dwback a
-l2-dwback a
-l3-dwback a
-skipcount 0
-flushcount 0
-maxcount 0
-stat-interval 0
-informat s
-on-trigger 0x0
-off-trigger 0x0

---Simulation begins.
---Simulation complete.
l1-icache
 Metrics		      Total	      Instrn	       Data	       Read	      Write	       Misc
 -----------------	      ------	      ------	      ------	      ------	      ------	      ------
 Demand Fetches		  1999999988	  1999999988	           0	           0	           0	           0
  Fraction of total	      1.0000	      1.0000	      0.0000	      0.0000	      0.0000	      0.0000

 Demand Misses		      173175	      173175	           0	           0	           0	           0
  Demand miss rate	      0.0001	      0.0001	      0.0000	      0.0000	      0.0000	      0.0000

 Multi-block refs                 0
 Bytes From Memory	    11083200
 ( / Demand Fetches)	      0.0055
 Bytes To Memory	           0
 ( / Demand Writes)	      0.0000
 Total Bytes r/w Mem	    11083200
 ( / Demand Fetches)	      0.0055

l1-dcache
 Metrics		      Total	      Instrn	       Data	       Read	      Write	       Misc
 -----------------	      ------	      ------	      ------	      ------	      ------	      ------
 Demand Fetches		   701379966	           0	   701379966	   551279642	   150100324	           0
  Fraction of total	      1.0000	      0.0000	      1.0000	      0.7860	      0.2140	      0.0000

 Demand Misses		    16349649	           0	    16349649	    15308592	     1041057	           0
  Demand miss rate	      0.0233	      0.0000	      0.0233	      0.0278	      0.0069	      0.0000

 Multi-block refs            220627
 Bytes From Memory	  1046377536
 ( / Demand Fetches)	      1.4919
 Bytes To Memory	   199646720
 ( / Demand Writes)	      1.3301
 Total Bytes r/w Mem	  1246024256
 ( / Demand Fetches)	      1.7765

l2-dcache
 Metrics		      Total	      Instrn	       Data	       Read	      Write	       Misc
 -----------------	      ------	      ------	      ------	      ------	      ------	      ------
 Demand Fetches		    19469129	           0	    19469129	    16349649	     3119480	           0
  Fraction of total	      1.0000	      0.0000	      1.0000	      0.8398	      0.1602	      0.0000

 Demand Misses		     4124911	           0	     4124911	     4095151	       29760	           0
  Demand miss rate	      0.2119	      0.0000	      0.2119	      0.2505	      0.0095	      0.0000

 Multi-block refs                 0
 Bytes From Memory	   262089664
 ( / Demand Fetches)	     13.4618
 Bytes To Memory	   100978752
 ( / Demand Writes)	     32.3704
 Total Bytes r/w Mem	   363068416
 ( / Demand Fetches)	     18.6484

l3-dcache
 Metrics		      Total	      Instrn	       Data	       Read	      Write	       Misc
 -----------------	      ------	      ------	      ------	      ------	      ------	      ------
 Demand Fetches		     5672944	           0	     5672944	     4095151	     1577793	           0
  Fraction of total	      1.0000	      0.0000	      1.0000	      0.7219	      0.2781	      0.0000

 Demand Misses		     5407775	           0	     5407775	     3857139	     1550636	           0
  Demand miss rate	      0.9533	      0.0000	      0.9533	      0.9419	      0.9828	      0.0000

 Multi-block refs                 0
 Bytes From Memory	   246856896
 ( / Demand Fetches)	     43.5148
 Bytes To Memory	   100708480
 ( / Demand Writes)	     63.8287
 Total Bytes r/w Mem	   347565376
 ( / Demand Fetches)	     61.2672

---Execution complete.
