tracename parser_m2b
---Dinero IV cache simulator, version 7
---Written by Jan Edler and Mark D. Hill
---Copyright (C) 1997 NEC Research Institute, Inc. and Mark D. Hill.
---All rights reserved.
---Copyright (C) 1985, 1989 Mark D. Hill.  All rights reserved.
---See -copyright option for details

---Summary of options (-help option gives usage information).

-l1-isize 32768
-l1-dsize 32768
-l2-dsize 262144
-l3-dsize 1048576
-l1-ibsize 64
-l1-dbsize 64
-l2-dbsize 64
-l3-dbsize 64
-l1-isbsize 64
-l1-dsbsize 64
-l2-dsbsize 64
-l3-dsbsize 64
-l1-iassoc 8
-l1-dassoc 8
-l2-dassoc 8
-l3-dassoc 8
-l1-irepl l
-l1-drepl c
-l2-drepl c
-l3-drepl c
-l1-ifetch d
-l1-dfetch d
-l2-dfetch d
-l3-dfetch d
-l1-dwalloc a
-l2-dwalloc a
-l3-dwalloc a
-l1-dwback a
-l2-dwback a
-l3-dwback a
-skipcount 0
-flushcount 0
-maxcount 0
-stat-interval 0
-informat s
-on-trigger 0x0
-off-trigger 0x0

---Simulation begins.
---Simulation complete.
l1-icache
 Metrics		      Total	      Instrn	       Data	       Read	      Write	       Misc
 -----------------	      ------	      ------	      ------	      ------	      ------	      ------
 Demand Fetches		  1999999988	  1999999988	           0	           0	           0	           0
  Fraction of total	      1.0000	      1.0000	      0.0000	      0.0000	      0.0000	      0.0000

 Demand Misses		      173175	      173175	           0	           0	           0	           0
  Demand miss rate	      0.0001	      0.0001	      0.0000	      0.0000	      0.0000	      0.0000

 Multi-block refs                 0
 Bytes From Memory	    11083200
 ( / Demand Fetches)	      0.0055
 Bytes To Memory	           0
 ( / Demand Writes)	      0.0000
 Total Bytes r/w Mem	    11083200
 ( / Demand Fetches)	      0.0055

l1-dcache
 Metrics		      Total	      Instrn	       Data	       Read	      Write	       Misc
 -----------------	      ------	      ------	      ------	      ------	      ------	      ------
 Demand Fetches		   701379966	           0	   701379966	   551279642	   150100324	           0
  Fraction of total	      1.0000	      0.0000	      1.0000	      0.7860	      0.2140	      0.0000

 Demand Misses		    15547184	           0	    15547184	    14546495	     1000689	           0
  Demand miss rate	      0.0222	      0.0000	      0.0222	      0.0264	      0.0067	      0.0000

 Multi-block refs            220627
 Bytes From Memory	   995019776
 ( / Demand Fetches)	      1.4187
 Bytes To Memory	   182703360
 ( / Demand Writes)	      1.2172
 Total Bytes r/w Mem	  1177723136
 ( / Demand Fetches)	      1.6792

l2-dcache
 Metrics		      Total	      Instrn	       Data	       Read	      Write	       Misc
 -----------------	      ------	      ------	      ------	      ------	      ------	      ------
 Demand Fetches		    18401924	           0	    18401924	    15547184	     2854740	           0
  Fraction of total	      1.0000	      0.0000	      1.0000	      0.8449	      0.1551	      0.0000

 Demand Misses		     3963391	           0	     3963391	     3915033	       48358	           0
  Demand miss rate	      0.2154	      0.0000	      0.2154	      0.2518	      0.0169	      0.0000

 Multi-block refs                 0
 Bytes From Memory	   250562112
 ( / Demand Fetches)	     13.6161
 Bytes To Memory	    98684352
 ( / Demand Writes)	     34.5686
 Total Bytes r/w Mem	   349246464
 ( / Demand Fetches)	     18.9788

l3-dcache
 Metrics		      Total	      Instrn	       Data	       Read	      Write	       Misc
 -----------------	      ------	      ------	      ------	      ------	      ------	      ------
 Demand Fetches		     5456976	           0	     5456976	     3915033	     1541943	           0
  Fraction of total	      1.0000	      0.0000	      1.0000	      0.7174	      0.2826	      0.0000

 Demand Misses		     2104444	           0	     2104444	     2007219	       97225	           0
  Demand miss rate	      0.3856	      0.0000	      0.3856	      0.5127	      0.0631	      0.0000

 Multi-block refs                 0
 Bytes From Memory	   128462016
 ( / Demand Fetches)	     23.5409
 Bytes To Memory	    73709696
 ( / Demand Writes)	     47.8031
 Total Bytes r/w Mem	   202171712
 ( / Demand Fetches)	     37.0483

---Execution complete.
