tracename parser_m2b
---Dinero IV cache simulator, version 7
---Written by Jan Edler and Mark D. Hill
---Copyright (C) 1997 NEC Research Institute, Inc. and Mark D. Hill.
---All rights reserved.
---Copyright (C) 1985, 1989 Mark D. Hill.  All rights reserved.
---See -copyright option for details

---Summary of options (-help option gives usage information).

-l1-isize 32768
-l1-dsize 32768
-l2-dsize 262144
-l3-dsize 8388608
-l1-ibsize 64
-l1-dbsize 64
-l2-dbsize 64
-l3-dbsize 64
-l1-isbsize 64
-l1-dsbsize 64
-l2-dsbsize 64
-l3-dsbsize 64
-l1-iassoc 8
-l1-dassoc 8
-l2-dassoc 8
-l3-dassoc 8
-l1-irepl l
-l1-drepl r
-l2-drepl r
-l3-drepl r
-l1-ifetch d
-l1-dfetch d
-l2-dfetch d
-l3-dfetch d
-l1-dwalloc a
-l2-dwalloc a
-l3-dwalloc a
-l1-dwback a
-l2-dwback a
-l3-dwback a
-skipcount 0
-flushcount 0
-maxcount 0
-stat-interval 0
-informat s
-on-trigger 0x0
-off-trigger 0x0

---Simulation begins.
---Simulation complete.
l1-icache
 Metrics		      Total	      Instrn	       Data	       Read	      Write	       Misc
 -----------------	      ------	      ------	      ------	      ------	      ------	      ------
 Demand Fetches		  1999999988	  1999999988	           0	           0	           0	           0
  Fraction of total	      1.0000	      1.0000	      0.0000	      0.0000	      0.0000	      0.0000

 Demand Misses		      173175	      173175	           0	           0	           0	           0
  Demand miss rate	      0.0001	      0.0001	      0.0000	      0.0000	      0.0000	      0.0000

 Multi-block refs                 0
 Bytes From Memory	    11083200
 ( / Demand Fetches)	      0.0055
 Bytes To Memory	           0
 ( / Demand Writes)	      0.0000
 Total Bytes r/w Mem	    11083200
 ( / Demand Fetches)	      0.0055

l1-dcache
 Metrics		      Total	      Instrn	       Data	       Read	      Write	       Misc
 -----------------	      ------	      ------	      ------	      ------	      ------	      ------
 Demand Fetches		   701379966	           0	   701379966	   551279642	   150100324	           0
  Fraction of total	      1.0000	      0.0000	      1.0000	      0.7860	      0.2140	      0.0000

 Demand Misses		    16779257	           0	    16779257	    15704409	     1074848	           0
  Demand miss rate	      0.0239	      0.0000	      0.0239	      0.0285	      0.0072	      0.0000

 Multi-block refs            220627
 Bytes From Memory	  1073872448
 ( / Demand Fetches)	      1.5311
 Bytes To Memory	   206043136
 ( / Demand Writes)	      1.3727
 Total Bytes r/w Mem	  1279915584
 ( / Demand Fetches)	      1.8249

l2-dcache
 Metrics		      Total	      Instrn	       Data	       Read	      Write	       Misc
 -----------------	      ------	      ------	      ------	      ------	      ------	      ------
 Demand Fetches		    19998681	           0	    19998681	    16779257	     3219424	           0
  Fraction of total	      1.0000	      0.0000	      1.0000	      0.8390	      0.1610	      0.0000

 Demand Misses		     4210453	           0	     4210453	     4072594	      137859	           0
  Demand miss rate	      0.2105	      0.0000	      0.2105	      0.2427	      0.0428	      0.0000

 Multi-block refs                 0
 Bytes From Memory	   260646016
 ( / Demand Fetches)	     13.0332
 Bytes To Memory	   102108288
 ( / Demand Writes)	     31.7163
 Total Bytes r/w Mem	   362754304
 ( / Demand Fetches)	     18.1389

l3-dcache
 Metrics		      Total	      Instrn	       Data	       Read	      Write	       Misc
 -----------------	      ------	      ------	      ------	      ------	      ------	      ------
 Demand Fetches		     5668036	           0	     5668036	     4072594	     1595442	           0
  Fraction of total	      1.0000	      0.0000	      1.0000	      0.7185	      0.2815	      0.0000

 Demand Misses		      605651	           0	      605651	      604101	        1550	           0
  Demand miss rate	      0.1069	      0.0000	      0.1069	      0.1483	      0.0010	      0.0000

 Multi-block refs                 0
 Bytes From Memory	    38662464
 ( / Demand Fetches)	      6.8211
 Bytes To Memory	    27594112
 ( / Demand Writes)	     17.2956
 Total Bytes r/w Mem	    66256576
 ( / Demand Fetches)	     11.6895

---Execution complete.
