tracename parser_m2b
---Dinero IV cache simulator, version 7
---Written by Jan Edler and Mark D. Hill
---Copyright (C) 1997 NEC Research Institute, Inc. and Mark D. Hill.
---All rights reserved.
---Copyright (C) 1985, 1989 Mark D. Hill.  All rights reserved.
---See -copyright option for details

---Summary of options (-help option gives usage information).

-l1-isize 32768
-l1-dsize 32768
-l2-dsize 262144
-l3-dsize 33554432
-l1-ibsize 64
-l1-dbsize 64
-l2-dbsize 64
-l3-dbsize 64
-l1-isbsize 64
-l1-dsbsize 64
-l2-dsbsize 64
-l3-dsbsize 64
-l1-iassoc 8
-l1-dassoc 8
-l2-dassoc 8
-l3-dassoc 8
-l1-irepl l
-l1-drepl c
-l2-drepl c
-l3-drepl c
-l1-ifetch d
-l1-dfetch d
-l2-dfetch d
-l3-dfetch d
-l1-dwalloc a
-l2-dwalloc a
-l3-dwalloc a
-l1-dwback a
-l2-dwback a
-l3-dwback a
-skipcount 0
-flushcount 0
-maxcount 0
-stat-interval 0
-informat s
-on-trigger 0x0
-off-trigger 0x0

---Simulation begins.
---Simulation complete.
l1-icache
 Metrics		      Total	      Instrn	       Data	       Read	      Write	       Misc
 -----------------	      ------	      ------	      ------	      ------	      ------	      ------
 Demand Fetches		  1999999988	  1999999988	           0	           0	           0	           0
  Fraction of total	      1.0000	      1.0000	      0.0000	      0.0000	      0.0000	      0.0000

 Demand Misses		      173175	      173175	           0	           0	           0	           0
  Demand miss rate	      0.0001	      0.0001	      0.0000	      0.0000	      0.0000	      0.0000

 Multi-block refs                 0
 Bytes From Memory	    11083200
 ( / Demand Fetches)	      0.0055
 Bytes To Memory	           0
 ( / Demand Writes)	      0.0000
 Total Bytes r/w Mem	    11083200
 ( / Demand Fetches)	      0.0055

l1-dcache
 Metrics		      Total	      Instrn	       Data	       Read	      Write	       Misc
 -----------------	      ------	      ------	      ------	      ------	      ------	      ------
 Demand Fetches		   701379966	           0	   701379966	   551279642	   150100324	           0
  Fraction of total	      1.0000	      0.0000	      1.0000	      0.7860	      0.2140	      0.0000

 Demand Misses		    15548670	           0	    15548670	    14547360	     1001310	           0
  Demand miss rate	      0.0222	      0.0000	      0.0222	      0.0264	      0.0067	      0.0000

 Multi-block refs            220627
 Bytes From Memory	   995114880
 ( / Demand Fetches)	      1.4188
 Bytes To Memory	   182709120
 ( / Demand Writes)	      1.2172
 Total Bytes r/w Mem	  1177824000
 ( / Demand Fetches)	      1.6793

l2-dcache
 Metrics		      Total	      Instrn	       Data	       Read	      Write	       Misc
 -----------------	      ------	      ------	      ------	      ------	      ------	      ------
 Demand Fetches		    18403500	           0	    18403500	    15548670	     2854830	           0
  Fraction of total	      1.0000	      0.0000	      1.0000	      0.8449	      0.1551	      0.0000

 Demand Misses		     3965194	           0	     3965194	     3916887	       48307	           0
  Demand miss rate	      0.2155	      0.0000	      0.2155	      0.2519	      0.0169	      0.0000

 Multi-block refs                 0
 Bytes From Memory	   250680768
 ( / Demand Fetches)	     13.6214
 Bytes To Memory	    98687488
 ( / Demand Writes)	     34.5686
 Total Bytes r/w Mem	   349368256
 ( / Demand Fetches)	     18.9838

l3-dcache
 Metrics		      Total	      Instrn	       Data	       Read	      Write	       Misc
 -----------------	      ------	      ------	      ------	      ------	      ------	      ------
 Demand Fetches		     5458879	           0	     5458879	     3916887	     1541992	           0
  Fraction of total	      1.0000	      0.0000	      1.0000	      0.7175	      0.2825	      0.0000

 Demand Misses		      329743	           0	      329743	      329743	           0	           0
  Demand miss rate	      0.0604	      0.0000	      0.0604	      0.0842	      0.0000	      0.0000

 Multi-block refs                 0
 Bytes From Memory	    21103552
 ( / Demand Fetches)	      3.8659
 Bytes To Memory	    20800320
 ( / Demand Writes)	     13.4893
 Total Bytes r/w Mem	    41903872
 ( / Demand Fetches)	      7.6763

---Execution complete.
