tracename parser_m2b
---Dinero IV cache simulator, version 7
---Written by Jan Edler and Mark D. Hill
---Copyright (C) 1997 NEC Research Institute, Inc. and Mark D. Hill.
---All rights reserved.
---Copyright (C) 1985, 1989 Mark D. Hill.  All rights reserved.
---See -copyright option for details

---Summary of options (-help option gives usage information).

-l1-isize 32768
-l1-dsize 32768
-l2-dsize 262144
-l3-dsize 1048576
-l1-ibsize 64
-l1-dbsize 64
-l2-dbsize 64
-l3-dbsize 64
-l1-isbsize 64
-l1-dsbsize 64
-l2-dsbsize 64
-l3-dsbsize 64
-l1-iassoc 8
-l1-dassoc 8
-l2-dassoc 8
-l3-dassoc 8
-l1-irepl l
-l1-drepl r
-l2-drepl r
-l3-drepl r
-l1-ifetch d
-l1-dfetch d
-l2-dfetch d
-l3-dfetch d
-l1-dwalloc a
-l2-dwalloc a
-l3-dwalloc a
-l1-dwback a
-l2-dwback a
-l3-dwback a
-skipcount 0
-flushcount 0
-maxcount 0
-stat-interval 0
-informat s
-on-trigger 0x0
-off-trigger 0x0

---Simulation begins.
---Simulation complete.
l1-icache
 Metrics		      Total	      Instrn	       Data	       Read	      Write	       Misc
 -----------------	      ------	      ------	      ------	      ------	      ------	      ------
 Demand Fetches		  1999999988	  1999999988	           0	           0	           0	           0
  Fraction of total	      1.0000	      1.0000	      0.0000	      0.0000	      0.0000	      0.0000

 Demand Misses		      173175	      173175	           0	           0	           0	           0
  Demand miss rate	      0.0001	      0.0001	      0.0000	      0.0000	      0.0000	      0.0000

 Multi-block refs                 0
 Bytes From Memory	    11083200
 ( / Demand Fetches)	      0.0055
 Bytes To Memory	           0
 ( / Demand Writes)	      0.0000
 Total Bytes r/w Mem	    11083200
 ( / Demand Fetches)	      0.0055

l1-dcache
 Metrics		      Total	      Instrn	       Data	       Read	      Write	       Misc
 -----------------	      ------	      ------	      ------	      ------	      ------	      ------
 Demand Fetches		   701379966	           0	   701379966	   551279642	   150100324	           0
  Fraction of total	      1.0000	      0.0000	      1.0000	      0.7860	      0.2140	      0.0000

 Demand Misses		    16782118	           0	    16782118	    15707186	     1074932	           0
  Demand miss rate	      0.0239	      0.0000	      0.0239	      0.0285	      0.0072	      0.0000

 Multi-block refs            220627
 Bytes From Memory	  1074055552
 ( / Demand Fetches)	      1.5313
 Bytes To Memory	   206094784
 ( / Demand Writes)	      1.3730
 Total Bytes r/w Mem	  1280150336
 ( / Demand Fetches)	      1.8252

l2-dcache
 Metrics		      Total	      Instrn	       Data	       Read	      Write	       Misc
 -----------------	      ------	      ------	      ------	      ------	      ------	      ------
 Demand Fetches		    20002349	           0	    20002349	    16782118	     3220231	           0
  Fraction of total	      1.0000	      0.0000	      1.0000	      0.8390	      0.1610	      0.0000

 Demand Misses		     4206585	           0	     4206585	     4068198	      138387	           0
  Demand miss rate	      0.2103	      0.0000	      0.2103	      0.2424	      0.0430	      0.0000

 Multi-block refs                 0
 Bytes From Memory	   260364672
 ( / Demand Fetches)	     13.0167
 Bytes To Memory	   102046272
 ( / Demand Writes)	     31.6891
 Total Bytes r/w Mem	   362410944
 ( / Demand Fetches)	     18.1184

l3-dcache
 Metrics		      Total	      Instrn	       Data	       Read	      Write	       Misc
 -----------------	      ------	      ------	      ------	      ------	      ------	      ------
 Demand Fetches		     5662671	           0	     5662671	     4068198	     1594473	           0
  Fraction of total	      1.0000	      0.0000	      1.0000	      0.7184	      0.2816	      0.0000

 Demand Misses		     2295410	           0	     2295410	     2090436	      204974	           0
  Demand miss rate	      0.4054	      0.0000	      0.4054	      0.5138	      0.1286	      0.0000

 Multi-block refs                 0
 Bytes From Memory	   133787904
 ( / Demand Fetches)	     23.6263
 Bytes To Memory	    76826240
 ( / Demand Writes)	     48.1828
 Total Bytes r/w Mem	   210614144
 ( / Demand Fetches)	     37.1934

---Execution complete.
