tracename parser_m2b
---Dinero IV cache simulator, version 7
---Written by Jan Edler and Mark D. Hill
---Copyright (C) 1997 NEC Research Institute, Inc. and Mark D. Hill.
---All rights reserved.
---Copyright (C) 1985, 1989 Mark D. Hill.  All rights reserved.
---See -copyright option for details

---Summary of options (-help option gives usage information).

-l1-isize 32768
-l1-dsize 32768
-l2-dsize 262144
-l3-dsize 2097152
-l1-ibsize 64
-l1-dbsize 64
-l2-dbsize 64
-l3-dbsize 64
-l1-isbsize 64
-l1-dsbsize 64
-l2-dsbsize 64
-l3-dsbsize 64
-l1-iassoc 8
-l1-dassoc 8
-l2-dassoc 8
-l3-dassoc 8
-l1-irepl l
-l1-drepl r
-l2-drepl r
-l3-drepl r
-l1-ifetch d
-l1-dfetch d
-l2-dfetch d
-l3-dfetch d
-l1-dwalloc a
-l2-dwalloc a
-l3-dwalloc a
-l1-dwback a
-l2-dwback a
-l3-dwback a
-skipcount 0
-flushcount 0
-maxcount 0
-stat-interval 0
-informat s
-on-trigger 0x0
-off-trigger 0x0

---Simulation begins.
---Simulation complete.
l1-icache
 Metrics		      Total	      Instrn	       Data	       Read	      Write	       Misc
 -----------------	      ------	      ------	      ------	      ------	      ------	      ------
 Demand Fetches		  1999999988	  1999999988	           0	           0	           0	           0
  Fraction of total	      1.0000	      1.0000	      0.0000	      0.0000	      0.0000	      0.0000

 Demand Misses		      173175	      173175	           0	           0	           0	           0
  Demand miss rate	      0.0001	      0.0001	      0.0000	      0.0000	      0.0000	      0.0000

 Multi-block refs                 0
 Bytes From Memory	    11083200
 ( / Demand Fetches)	      0.0055
 Bytes To Memory	           0
 ( / Demand Writes)	      0.0000
 Total Bytes r/w Mem	    11083200
 ( / Demand Fetches)	      0.0055

l1-dcache
 Metrics		      Total	      Instrn	       Data	       Read	      Write	       Misc
 -----------------	      ------	      ------	      ------	      ------	      ------	      ------
 Demand Fetches		   701379966	           0	   701379966	   551279642	   150100324	           0
  Fraction of total	      1.0000	      0.0000	      1.0000	      0.7860	      0.2140	      0.0000

 Demand Misses		    16777413	           0	    16777413	    15702750	     1074663	           0
  Demand miss rate	      0.0239	      0.0000	      0.0239	      0.0285	      0.0072	      0.0000

 Multi-block refs            220627
 Bytes From Memory	  1073754432
 ( / Demand Fetches)	      1.5309
 Bytes To Memory	   206018752
 ( / Demand Writes)	      1.3725
 Total Bytes r/w Mem	  1279773184
 ( / Demand Fetches)	      1.8247

l2-dcache
 Metrics		      Total	      Instrn	       Data	       Read	      Write	       Misc
 -----------------	      ------	      ------	      ------	      ------	      ------	      ------
 Demand Fetches		    19996456	           0	    19996456	    16777413	     3219043	           0
  Fraction of total	      1.0000	      0.0000	      1.0000	      0.8390	      0.1610	      0.0000

 Demand Misses		     4209378	           0	     4209378	     4071044	      138334	           0
  Demand miss rate	      0.2105	      0.0000	      0.2105	      0.2427	      0.0430	      0.0000

 Multi-block refs                 0
 Bytes From Memory	   260546816
 ( / Demand Fetches)	     13.0296
 Bytes To Memory	   102092096
 ( / Demand Writes)	     31.7150
 Total Bytes r/w Mem	   362638912
 ( / Demand Fetches)	     18.1352

l3-dcache
 Metrics		      Total	      Instrn	       Data	       Read	      Write	       Misc
 -----------------	      ------	      ------	      ------	      ------	      ------	      ------
 Demand Fetches		     5666233	           0	     5666233	     4071044	     1595189	           0
  Fraction of total	      1.0000	      0.0000	      1.0000	      0.7185	      0.2815	      0.0000

 Demand Misses		     1471180	           0	     1471180	     1416047	       55133	           0
  Demand miss rate	      0.2596	      0.0000	      0.2596	      0.3478	      0.0346	      0.0000

 Multi-block refs                 0
 Bytes From Memory	    90627008
 ( / Demand Fetches)	     15.9942
 Bytes To Memory	    58469120
 ( / Demand Writes)	     36.6534
 Total Bytes r/w Mem	   149096128
 ( / Demand Fetches)	     26.3131

---Execution complete.
