tracename parser_m2b
---Dinero IV cache simulator, version 7
---Written by Jan Edler and Mark D. Hill
---Copyright (C) 1997 NEC Research Institute, Inc. and Mark D. Hill.
---All rights reserved.
---Copyright (C) 1985, 1989 Mark D. Hill.  All rights reserved.
---See -copyright option for details

---Summary of options (-help option gives usage information).

-l1-isize 32768
-l1-dsize 32768
-l2-dsize 262144
-l3-dsize 4194304
-l1-ibsize 64
-l1-dbsize 64
-l2-dbsize 64
-l3-dbsize 64
-l1-isbsize 64
-l1-dsbsize 64
-l2-dsbsize 64
-l3-dsbsize 64
-l1-iassoc 8
-l1-dassoc 8
-l2-dassoc 8
-l3-dassoc 8
-l1-irepl l
-l1-drepl r
-l2-drepl r
-l3-drepl r
-l1-ifetch d
-l1-dfetch d
-l2-dfetch d
-l3-dfetch d
-l1-dwalloc a
-l2-dwalloc a
-l3-dwalloc a
-l1-dwback a
-l2-dwback a
-l3-dwback a
-skipcount 0
-flushcount 0
-maxcount 0
-stat-interval 0
-informat s
-on-trigger 0x0
-off-trigger 0x0

---Simulation begins.
---Simulation complete.
l1-icache
 Metrics		      Total	      Instrn	       Data	       Read	      Write	       Misc
 -----------------	      ------	      ------	      ------	      ------	      ------	      ------
 Demand Fetches		  1999999988	  1999999988	           0	           0	           0	           0
  Fraction of total	      1.0000	      1.0000	      0.0000	      0.0000	      0.0000	      0.0000

 Demand Misses		      173175	      173175	           0	           0	           0	           0
  Demand miss rate	      0.0001	      0.0001	      0.0000	      0.0000	      0.0000	      0.0000

 Multi-block refs                 0
 Bytes From Memory	    11083200
 ( / Demand Fetches)	      0.0055
 Bytes To Memory	           0
 ( / Demand Writes)	      0.0000
 Total Bytes r/w Mem	    11083200
 ( / Demand Fetches)	      0.0055

l1-dcache
 Metrics		      Total	      Instrn	       Data	       Read	      Write	       Misc
 -----------------	      ------	      ------	      ------	      ------	      ------	      ------
 Demand Fetches		   701379966	           0	   701379966	   551279642	   150100324	           0
  Fraction of total	      1.0000	      0.0000	      1.0000	      0.7860	      0.2140	      0.0000

 Demand Misses		    16778952	           0	    16778952	    15704325	     1074627	           0
  Demand miss rate	      0.0239	      0.0000	      0.0239	      0.0285	      0.0072	      0.0000

 Multi-block refs            220627
 Bytes From Memory	  1073852928
 ( / Demand Fetches)	      1.5311
 Bytes To Memory	   205984512
 ( / Demand Writes)	      1.3723
 Total Bytes r/w Mem	  1279837440
 ( / Demand Fetches)	      1.8247

l2-dcache
 Metrics		      Total	      Instrn	       Data	       Read	      Write	       Misc
 -----------------	      ------	      ------	      ------	      ------	      ------	      ------
 Demand Fetches		    19997460	           0	    19997460	    16778952	     3218508	           0
  Fraction of total	      1.0000	      0.0000	      1.0000	      0.8391	      0.1609	      0.0000

 Demand Misses		     4210324	           0	     4210324	     4072217	      138107	           0
  Demand miss rate	      0.2105	      0.0000	      0.2105	      0.2427	      0.0429	      0.0000

 Multi-block refs                 0
 Bytes From Memory	   260621888
 ( / Demand Fetches)	     13.0327
 Bytes To Memory	   102093376
 ( / Demand Writes)	     31.7207
 Total Bytes r/w Mem	   362715264
 ( / Demand Fetches)	     18.1381

l3-dcache
 Metrics		      Total	      Instrn	       Data	       Read	      Write	       Misc
 -----------------	      ------	      ------	      ------	      ------	      ------	      ------
 Demand Fetches		     5667426	           0	     5667426	     4072217	     1595209	           0
  Fraction of total	      1.0000	      0.0000	      1.0000	      0.7185	      0.2815	      0.0000

 Demand Misses		      856617	           0	      856617	      846681	        9936	           0
  Demand miss rate	      0.1511	      0.0000	      0.1511	      0.2079	      0.0062	      0.0000

 Multi-block refs                 0
 Bytes From Memory	    54187584
 ( / Demand Fetches)	      9.5612
 Bytes To Memory	    37812928
 ( / Demand Writes)	     23.7041
 Total Bytes r/w Mem	    92000512
 ( / Demand Fetches)	     16.2332

---Execution complete.
