tracename parser_m2b
---Dinero IV cache simulator, version 7
---Written by Jan Edler and Mark D. Hill
---Copyright (C) 1997 NEC Research Institute, Inc. and Mark D. Hill.
---All rights reserved.
---Copyright (C) 1985, 1989 Mark D. Hill.  All rights reserved.
---See -copyright option for details

---Summary of options (-help option gives usage information).

-l1-isize 32768
-l1-dsize 32768
-l2-dsize 262144
-l3-dsize 262144
-l1-ibsize 64
-l1-dbsize 64
-l2-dbsize 64
-l3-dbsize 64
-l1-isbsize 64
-l1-dsbsize 64
-l2-dsbsize 64
-l3-dsbsize 64
-l1-iassoc 8
-l1-dassoc 8
-l2-dassoc 8
-l3-dassoc 8
-l1-irepl l
-l1-drepl r
-l2-drepl r
-l3-drepl r
-l1-ifetch d
-l1-dfetch d
-l2-dfetch d
-l3-dfetch d
-l1-dwalloc a
-l2-dwalloc a
-l3-dwalloc a
-l1-dwback a
-l2-dwback a
-l3-dwback a
-skipcount 0
-flushcount 0
-maxcount 0
-stat-interval 0
-informat s
-on-trigger 0x0
-off-trigger 0x0

---Simulation begins.
---Simulation complete.
l1-icache
 Metrics		      Total	      Instrn	       Data	       Read	      Write	       Misc
 -----------------	      ------	      ------	      ------	      ------	      ------	      ------
 Demand Fetches		  1999999988	  1999999988	           0	           0	           0	           0
  Fraction of total	      1.0000	      1.0000	      0.0000	      0.0000	      0.0000	      0.0000

 Demand Misses		      173175	      173175	           0	           0	           0	           0
  Demand miss rate	      0.0001	      0.0001	      0.0000	      0.0000	      0.0000	      0.0000

 Multi-block refs                 0
 Bytes From Memory	    11083200
 ( / Demand Fetches)	      0.0055
 Bytes To Memory	           0
 ( / Demand Writes)	      0.0000
 Total Bytes r/w Mem	    11083200
 ( / Demand Fetches)	      0.0055

l1-dcache
 Metrics		      Total	      Instrn	       Data	       Read	      Write	       Misc
 -----------------	      ------	      ------	      ------	      ------	      ------	      ------
 Demand Fetches		   701379966	           0	   701379966	   551279642	   150100324	           0
  Fraction of total	      1.0000	      0.0000	      1.0000	      0.7860	      0.2140	      0.0000

 Demand Misses		    16780165	           0	    16780165	    15705590	     1074575	           0
  Demand miss rate	      0.0239	      0.0000	      0.0239	      0.0285	      0.0072	      0.0000

 Multi-block refs            220627
 Bytes From Memory	  1073930560
 ( / Demand Fetches)	      1.5312
 Bytes To Memory	   205991360
 ( / Demand Writes)	      1.3724
 Total Bytes r/w Mem	  1279921920
 ( / Demand Fetches)	      1.8249

l2-dcache
 Metrics		      Total	      Instrn	       Data	       Read	      Write	       Misc
 -----------------	      ------	      ------	      ------	      ------	      ------	      ------
 Demand Fetches		    19998780	           0	    19998780	    16780165	     3218615	           0
  Fraction of total	      1.0000	      0.0000	      1.0000	      0.8391	      0.1609	      0.0000

 Demand Misses		     4209969	           0	     4209969	     4071447	      138522	           0
  Demand miss rate	      0.2105	      0.0000	      0.2105	      0.2426	      0.0430	      0.0000

 Multi-block refs                 0
 Bytes From Memory	   260572608
 ( / Demand Fetches)	     13.0294
 Bytes To Memory	   102115200
 ( / Demand Writes)	     31.7264
 Total Bytes r/w Mem	   362687808
 ( / Demand Fetches)	     18.1355

l3-dcache
 Metrics		      Total	      Instrn	       Data	       Read	      Write	       Misc
 -----------------	      ------	      ------	      ------	      ------	      ------	      ------
 Demand Fetches		     5666997	           0	     5666997	     4071447	     1595550	           0
  Fraction of total	      1.0000	      0.0000	      1.0000	      0.7184	      0.2816	      0.0000

 Demand Misses		     4354752	           0	     4354752	     3370208	      984544	           0
  Demand miss rate	      0.7684	      0.0000	      0.7684	      0.8278	      0.6171	      0.0000

 Multi-block refs                 0
 Bytes From Memory	   215693312
 ( / Demand Fetches)	     38.0613
 Bytes To Memory	    97433984
 ( / Demand Writes)	     61.0661
 Total Bytes r/w Mem	   313127296
 ( / Demand Fetches)	     55.2545

---Execution complete.
