tracename parser_m2b
---Dinero IV cache simulator, version 7
---Written by Jan Edler and Mark D. Hill
---Copyright (C) 1997 NEC Research Institute, Inc. and Mark D. Hill.
---All rights reserved.
---Copyright (C) 1985, 1989 Mark D. Hill.  All rights reserved.
---See -copyright option for details

---Summary of options (-help option gives usage information).

-l1-isize 32768
-l1-dsize 32768
-l2-dsize 262144
-l3-dsize 16777216
-l1-ibsize 64
-l1-dbsize 64
-l2-dbsize 64
-l3-dbsize 64
-l1-isbsize 64
-l1-dsbsize 64
-l2-dsbsize 64
-l3-dsbsize 64
-l1-iassoc 8
-l1-dassoc 8
-l2-dassoc 8
-l3-dassoc 8
-l1-irepl l
-l1-drepl l
-l2-drepl l
-l3-drepl l
-l1-ifetch d
-l1-dfetch d
-l2-dfetch d
-l3-dfetch d
-l1-dwalloc a
-l2-dwalloc a
-l3-dwalloc a
-l1-dwback a
-l2-dwback a
-l3-dwback a
-skipcount 0
-flushcount 0
-maxcount 0
-stat-interval 0
-informat s
-on-trigger 0x0
-off-trigger 0x0

---Simulation begins.
---Simulation complete.
l1-icache
 Metrics		      Total	      Instrn	       Data	       Read	      Write	       Misc
 -----------------	      ------	      ------	      ------	      ------	      ------	      ------
 Demand Fetches		  1999999988	  1999999988	           0	           0	           0	           0
  Fraction of total	      1.0000	      1.0000	      0.0000	      0.0000	      0.0000	      0.0000

 Demand Misses		      173175	      173175	           0	           0	           0	           0
  Demand miss rate	      0.0001	      0.0001	      0.0000	      0.0000	      0.0000	      0.0000

 Multi-block refs                 0
 Bytes From Memory	    11083200
 ( / Demand Fetches)	      0.0055
 Bytes To Memory	           0
 ( / Demand Writes)	      0.0000
 Total Bytes r/w Mem	    11083200
 ( / Demand Fetches)	      0.0055

l1-dcache
 Metrics		      Total	      Instrn	       Data	       Read	      Write	       Misc
 -----------------	      ------	      ------	      ------	      ------	      ------	      ------
 Demand Fetches		   701379966	           0	   701379966	   551279642	   150100324	           0
  Fraction of total	      1.0000	      0.0000	      1.0000	      0.7860	      0.2140	      0.0000

 Demand Misses		    14850052	           0	    14850052	    13895898	      954154	           0
  Demand miss rate	      0.0212	      0.0000	      0.0212	      0.0252	      0.0064	      0.0000

 Multi-block refs            220627
 Bytes From Memory	   950403328
 ( / Demand Fetches)	      1.3550
 Bytes To Memory	   166360960
 ( / Demand Writes)	      1.1083
 Total Bytes r/w Mem	  1116764288
 ( / Demand Fetches)	      1.5922

l2-dcache
 Metrics		      Total	      Instrn	       Data	       Read	      Write	       Misc
 -----------------	      ------	      ------	      ------	      ------	      ------	      ------
 Demand Fetches		    17449442	           0	    17449442	    14850052	     2599390	           0
  Fraction of total	      1.0000	      0.0000	      1.0000	      0.8510	      0.1490	      0.0000

 Demand Misses		     3890197	           0	     3890197	     3887741	        2456	           0
  Demand miss rate	      0.2229	      0.0000	      0.2229	      0.2618	      0.0009	      0.0000

 Multi-block refs                 0
 Bytes From Memory	   248815424
 ( / Demand Fetches)	     14.2592
 Bytes To Memory	    96495360
 ( / Demand Writes)	     37.1223
 Total Bytes r/w Mem	   345310784
 ( / Demand Fetches)	     19.7892

l3-dcache
 Metrics		      Total	      Instrn	       Data	       Read	      Write	       Misc
 -----------------	      ------	      ------	      ------	      ------	      ------	      ------
 Demand Fetches		     5395481	           0	     5395481	     3887741	     1507740	           0
  Fraction of total	      1.0000	      0.0000	      1.0000	      0.7206	      0.2794	      0.0000

 Demand Misses		      383656	           0	      383656	      383656	           0	           0
  Demand miss rate	      0.0711	      0.0000	      0.0711	      0.0987	      0.0000	      0.0000

 Multi-block refs                 0
 Bytes From Memory	    24553984
 ( / Demand Fetches)	      4.5508
 Bytes To Memory	    22681600
 ( / Demand Writes)	     15.0434
 Total Bytes r/w Mem	    47235584
 ( / Demand Fetches)	      8.7547

---Execution complete.
