tracename parser_m2b
---Dinero IV cache simulator, version 7
---Written by Jan Edler and Mark D. Hill
---Copyright (C) 1997 NEC Research Institute, Inc. and Mark D. Hill.
---All rights reserved.
---Copyright (C) 1985, 1989 Mark D. Hill.  All rights reserved.
---See -copyright option for details

---Summary of options (-help option gives usage information).

-l1-isize 32768
-l1-dsize 32768
-l2-dsize 262144
-l3-dsize 2097152
-l1-ibsize 64
-l1-dbsize 64
-l2-dbsize 64
-l3-dbsize 64
-l1-isbsize 64
-l1-dsbsize 64
-l2-dsbsize 64
-l3-dsbsize 64
-l1-iassoc 8
-l1-dassoc 8
-l2-dassoc 8
-l3-dassoc 8
-l1-irepl l
-l1-drepl c
-l2-drepl c
-l3-drepl c
-l1-ifetch d
-l1-dfetch d
-l2-dfetch d
-l3-dfetch d
-l1-dwalloc a
-l2-dwalloc a
-l3-dwalloc a
-l1-dwback a
-l2-dwback a
-l3-dwback a
-skipcount 0
-flushcount 0
-maxcount 0
-stat-interval 0
-informat s
-on-trigger 0x0
-off-trigger 0x0

---Simulation begins.
---Simulation complete.
l1-icache
 Metrics		      Total	      Instrn	       Data	       Read	      Write	       Misc
 -----------------	      ------	      ------	      ------	      ------	      ------	      ------
 Demand Fetches		  1999999988	  1999999988	           0	           0	           0	           0
  Fraction of total	      1.0000	      1.0000	      0.0000	      0.0000	      0.0000	      0.0000

 Demand Misses		      173175	      173175	           0	           0	           0	           0
  Demand miss rate	      0.0001	      0.0001	      0.0000	      0.0000	      0.0000	      0.0000

 Multi-block refs                 0
 Bytes From Memory	    11083200
 ( / Demand Fetches)	      0.0055
 Bytes To Memory	           0
 ( / Demand Writes)	      0.0000
 Total Bytes r/w Mem	    11083200
 ( / Demand Fetches)	      0.0055

l1-dcache
 Metrics		      Total	      Instrn	       Data	       Read	      Write	       Misc
 -----------------	      ------	      ------	      ------	      ------	      ------	      ------
 Demand Fetches		   701379966	           0	   701379966	   551279642	   150100324	           0
  Fraction of total	      1.0000	      0.0000	      1.0000	      0.7860	      0.2140	      0.0000

 Demand Misses		    15548286	           0	    15548286	    14547406	     1000880	           0
  Demand miss rate	      0.0222	      0.0000	      0.0222	      0.0264	      0.0067	      0.0000

 Multi-block refs            220627
 Bytes From Memory	   995090304
 ( / Demand Fetches)	      1.4188
 Bytes To Memory	   182711104
 ( / Demand Writes)	      1.2173
 Total Bytes r/w Mem	  1177801408
 ( / Demand Fetches)	      1.6793

l2-dcache
 Metrics		      Total	      Instrn	       Data	       Read	      Write	       Misc
 -----------------	      ------	      ------	      ------	      ------	      ------	      ------
 Demand Fetches		    18403147	           0	    18403147	    15548286	     2854861	           0
  Fraction of total	      1.0000	      0.0000	      1.0000	      0.8449	      0.1551	      0.0000

 Demand Misses		     3964344	           0	     3964344	     3915684	       48660	           0
  Demand miss rate	      0.2154	      0.0000	      0.2154	      0.2518	      0.0170	      0.0000

 Multi-block refs                 0
 Bytes From Memory	   250603776
 ( / Demand Fetches)	     13.6174
 Bytes To Memory	    98678912
 ( / Demand Writes)	     34.5652
 Total Bytes r/w Mem	   349282688
 ( / Demand Fetches)	     18.9795

l3-dcache
 Metrics		      Total	      Instrn	       Data	       Read	      Write	       Misc
 -----------------	      ------	      ------	      ------	      ------	      ------	      ------
 Demand Fetches		     5457542	           0	     5457542	     3915684	     1541858	           0
  Fraction of total	      1.0000	      0.0000	      1.0000	      0.7175	      0.2825	      0.0000

 Demand Misses		     1352792	           0	     1352792	     1336540	       16252	           0
  Demand miss rate	      0.2479	      0.0000	      0.2479	      0.3413	      0.0105	      0.0000

 Multi-block refs                 0
 Bytes From Memory	    85538560
 ( / Demand Fetches)	     15.6735
 Bytes To Memory	    54988992
 ( / Demand Writes)	     35.6641
 Total Bytes r/w Mem	   140527552
 ( / Demand Fetches)	     25.7492

---Execution complete.
