tracename parser_m2b
---Dinero IV cache simulator, version 7
---Written by Jan Edler and Mark D. Hill
---Copyright (C) 1997 NEC Research Institute, Inc. and Mark D. Hill.
---All rights reserved.
---Copyright (C) 1985, 1989 Mark D. Hill.  All rights reserved.
---See -copyright option for details

---Summary of options (-help option gives usage information).

-l1-isize 32768
-l1-dsize 32768
-l2-dsize 262144
-l3-dsize 1048576
-l1-ibsize 64
-l1-dbsize 64
-l2-dbsize 64
-l3-dbsize 64
-l1-isbsize 64
-l1-dsbsize 64
-l2-dsbsize 64
-l3-dsbsize 64
-l1-iassoc 8
-l1-dassoc 8
-l2-dassoc 8
-l3-dassoc 8
-l1-irepl l
-l1-drepl b
-l2-drepl b
-l3-drepl b
-l1-ifetch d
-l1-dfetch d
-l2-dfetch d
-l3-dfetch d
-l1-dwalloc a
-l2-dwalloc a
-l3-dwalloc a
-l1-dwback a
-l2-dwback a
-l3-dwback a
-skipcount 0
-flushcount 0
-maxcount 0
-stat-interval 0
-informat s
-on-trigger 0x0
-off-trigger 0x0

---Simulation begins.
---Simulation complete.
l1-icache
 Metrics		      Total	      Instrn	       Data	       Read	      Write	       Misc
 -----------------	      ------	      ------	      ------	      ------	      ------	      ------
 Demand Fetches		  1999999988	  1999999988	           0	           0	           0	           0
  Fraction of total	      1.0000	      1.0000	      0.0000	      0.0000	      0.0000	      0.0000

 Demand Misses		      173175	      173175	           0	           0	           0	           0
  Demand miss rate	      0.0001	      0.0001	      0.0000	      0.0000	      0.0000	      0.0000

 Multi-block refs                 0
 Bytes From Memory	    11083200
 ( / Demand Fetches)	      0.0055
 Bytes To Memory	           0
 ( / Demand Writes)	      0.0000
 Total Bytes r/w Mem	    11083200
 ( / Demand Fetches)	      0.0055

l1-dcache
 Metrics		      Total	      Instrn	       Data	       Read	      Write	       Misc
 -----------------	      ------	      ------	      ------	      ------	      ------	      ------
 Demand Fetches		   701379966	           0	   701379966	   551279642	   150100324	           0
  Fraction of total	      1.0000	      0.0000	      1.0000	      0.7860	      0.2140	      0.0000

 Demand Misses		    15846936	           0	    15846936	    14827542	     1019394	           0
  Demand miss rate	      0.0226	      0.0000	      0.0226	      0.0269	      0.0068	      0.0000

 Multi-block refs            220627
 Bytes From Memory	  1014203904
 ( / Demand Fetches)	      1.4460
 Bytes To Memory	   188586752
 ( / Demand Writes)	      1.2564
 Total Bytes r/w Mem	  1202790656
 ( / Demand Fetches)	      1.7149

l2-dcache
 Metrics		      Total	      Instrn	       Data	       Read	      Write	       Misc
 -----------------	      ------	      ------	      ------	      ------	      ------	      ------
 Demand Fetches		    18793604	           0	    18793604	    15846936	     2946668	           0
  Fraction of total	      1.0000	      0.0000	      1.0000	      0.8432	      0.1568	      0.0000

 Demand Misses		     4023796	           0	     4023796	     3954062	       69734	           0
  Demand miss rate	      0.2141	      0.0000	      0.2141	      0.2495	      0.0237	      0.0000

 Multi-block refs                 0
 Bytes From Memory	   253059968
 ( / Demand Fetches)	     13.4652
 Bytes To Memory	    99564480
 ( / Demand Writes)	     33.7888
 Total Bytes r/w Mem	   352624448
 ( / Demand Fetches)	     18.7630

l3-dcache
 Metrics		      Total	      Instrn	       Data	       Read	      Write	       Misc
 -----------------	      ------	      ------	      ------	      ------	      ------	      ------
 Demand Fetches		     5509757	           0	     5509757	     3954062	     1555695	           0
  Fraction of total	      1.0000	      0.0000	      1.0000	      0.7176	      0.2824	      0.0000

 Demand Misses		     2162285	           0	     2162285	     2031463	      130822	           0
  Demand miss rate	      0.3924	      0.0000	      0.3924	      0.5138	      0.0841	      0.0000

 Multi-block refs                 0
 Bytes From Memory	   130013632
 ( / Demand Fetches)	     23.5970
 Bytes To Memory	    74623488
 ( / Demand Writes)	     47.9679
 Total Bytes r/w Mem	   204637120
 ( / Demand Fetches)	     37.1409

---Execution complete.
