tracename parser_m2b
---Dinero IV cache simulator, version 7
---Written by Jan Edler and Mark D. Hill
---Copyright (C) 1997 NEC Research Institute, Inc. and Mark D. Hill.
---All rights reserved.
---Copyright (C) 1985, 1989 Mark D. Hill.  All rights reserved.
---See -copyright option for details

---Summary of options (-help option gives usage information).

-l1-isize 32768
-l1-dsize 32768
-l2-dsize 262144
-l3-dsize 4194304
-l1-ibsize 64
-l1-dbsize 64
-l2-dbsize 64
-l3-dbsize 64
-l1-isbsize 64
-l1-dsbsize 64
-l2-dsbsize 64
-l3-dsbsize 64
-l1-iassoc 8
-l1-dassoc 8
-l2-dassoc 8
-l3-dassoc 8
-l1-irepl l
-l1-drepl 2
-l2-drepl 2
-l3-drepl 2
-l1-ifetch d
-l1-dfetch d
-l2-dfetch d
-l3-dfetch d
-l1-dwalloc a
-l2-dwalloc a
-l3-dwalloc a
-l1-dwback a
-l2-dwback a
-l3-dwback a
-skipcount 0
-flushcount 0
-maxcount 0
-stat-interval 0
-informat s
-on-trigger 0x0
-off-trigger 0x0

---Simulation begins.
---Simulation complete.
l1-icache
 Metrics		      Total	      Instrn	       Data	       Read	      Write	       Misc
 -----------------	      ------	      ------	      ------	      ------	      ------	      ------
 Demand Fetches		  1999999988	  1999999988	           0	           0	           0	           0
  Fraction of total	      1.0000	      1.0000	      0.0000	      0.0000	      0.0000	      0.0000

 Demand Misses		      173175	      173175	           0	           0	           0	           0
  Demand miss rate	      0.0001	      0.0001	      0.0000	      0.0000	      0.0000	      0.0000

 Multi-block refs                 0
 Bytes From Memory	    11083200
 ( / Demand Fetches)	      0.0055
 Bytes To Memory	           0
 ( / Demand Writes)	      0.0000
 Total Bytes r/w Mem	    11083200
 ( / Demand Fetches)	      0.0055

l1-dcache
 Metrics		      Total	      Instrn	       Data	       Read	      Write	       Misc
 -----------------	      ------	      ------	      ------	      ------	      ------	      ------
 Demand Fetches		   701379966	           0	   701379966	   551279642	   150100324	           0
  Fraction of total	      1.0000	      0.0000	      1.0000	      0.7860	      0.2140	      0.0000

 Demand Misses		    15301191	           0	    15301191	    14314003	      987188	           0
  Demand miss rate	      0.0218	      0.0000	      0.0218	      0.0260	      0.0066	      0.0000

 Multi-block refs            220627
 Bytes From Memory	   979276224
 ( / Demand Fetches)	      1.3962
 Bytes To Memory	   177997696
 ( / Demand Writes)	      1.1859
 Total Bytes r/w Mem	  1157273920
 ( / Demand Fetches)	      1.6500

l2-dcache
 Metrics		      Total	      Instrn	       Data	       Read	      Write	       Misc
 -----------------	      ------	      ------	      ------	      ------	      ------	      ------
 Demand Fetches		    18082405	           0	    18082405	    15301191	     2781214	           0
  Fraction of total	      1.0000	      0.0000	      1.0000	      0.8462	      0.1538	      0.0000

 Demand Misses		     3926597	           0	     3926597	     3899825	       26772	           0
  Demand miss rate	      0.2172	      0.0000	      0.2172	      0.2549	      0.0096	      0.0000

 Multi-block refs                 0
 Bytes From Memory	   249588800
 ( / Demand Fetches)	     13.8029
 Bytes To Memory	    98189184
 ( / Demand Writes)	     35.3044
 Total Bytes r/w Mem	   347777984
 ( / Demand Fetches)	     19.2329

l3-dcache
 Metrics		      Total	      Instrn	       Data	       Read	      Write	       Misc
 -----------------	      ------	      ------	      ------	      ------	      ------	      ------
 Demand Fetches		     5434031	           0	     5434031	     3899825	     1534206	           0
  Fraction of total	      1.0000	      0.0000	      1.0000	      0.7177	      0.2823	      0.0000

 Demand Misses		      761989	           0	      761989	      761563	         426	           0
  Demand miss rate	      0.1402	      0.0000	      0.1402	      0.1953	      0.0003	      0.0000

 Multi-block refs                 0
 Bytes From Memory	    48740032
 ( / Demand Fetches)	      8.9694
 Bytes To Memory	    33604224
 ( / Demand Writes)	     21.9033
 Total Bytes r/w Mem	    82344256
 ( / Demand Fetches)	     15.1534

---Execution complete.
