tracename sixtrack_m2b
---Dinero IV cache simulator, version 7
---Written by Jan Edler and Mark D. Hill
---Copyright (C) 1997 NEC Research Institute, Inc. and Mark D. Hill.
---All rights reserved.
---Copyright (C) 1985, 1989 Mark D. Hill.  All rights reserved.
---See -copyright option for details

---Summary of options (-help option gives usage information).

-l1-isize 32768
-l1-dsize 32768
-l2-dsize 262144
-l3-dsize 33554432
-l1-ibsize 64
-l1-dbsize 64
-l2-dbsize 64
-l3-dbsize 64
-l1-isbsize 64
-l1-dsbsize 64
-l2-dsbsize 64
-l3-dsbsize 64
-l1-iassoc 8
-l1-dassoc 8
-l2-dassoc 8
-l3-dassoc 8
-l1-irepl l
-l1-drepl b
-l2-drepl b
-l3-drepl b
-l1-ifetch d
-l1-dfetch d
-l2-dfetch d
-l3-dfetch d
-l1-dwalloc a
-l2-dwalloc a
-l3-dwalloc a
-l1-dwback a
-l2-dwback a
-l3-dwback a
-skipcount 0
-flushcount 0
-maxcount 0
-stat-interval 0
-informat s
-on-trigger 0x0
-off-trigger 0x0

---Simulation begins.
---Simulation complete.
l1-icache
 Metrics		      Total	      Instrn	       Data	       Read	      Write	       Misc
 -----------------	      ------	      ------	      ------	      ------	      ------	      ------
 Demand Fetches		  1999999931	  1999999931	           0	           0	           0	           0
  Fraction of total	      1.0000	      1.0000	      0.0000	      0.0000	      0.0000	      0.0000

 Demand Misses		         751	         751	           0	           0	           0	           0
  Demand miss rate	      0.0000	      0.0000	      0.0000	      0.0000	      0.0000	      0.0000

 Multi-block refs                 0
 Bytes From Memory	       48064
 ( / Demand Fetches)	      0.0000
 Bytes To Memory	           0
 ( / Demand Writes)	      0.0000
 Total Bytes r/w Mem	       48064
 ( / Demand Fetches)	      0.0000

l1-dcache
 Metrics		      Total	      Instrn	       Data	       Read	      Write	       Misc
 -----------------	      ------	      ------	      ------	      ------	      ------	      ------
 Demand Fetches		   493776813	           0	   493776813	   387265028	   106511785	           0
  Fraction of total	      1.0000	      0.0000	      1.0000	      0.7843	      0.2157	      0.0000

 Demand Misses		     1216353	           0	     1216353	     1192390	       23963	           0
  Demand miss rate	      0.0025	      0.0000	      0.0025	      0.0031	      0.0002	      0.0000

 Multi-block refs                 0
 Bytes From Memory	    77846592
 ( / Demand Fetches)	      0.1577
 Bytes To Memory	     4555008
 ( / Demand Writes)	      0.0428
 Total Bytes r/w Mem	    82401600
 ( / Demand Fetches)	      0.1669

l2-dcache
 Metrics		      Total	      Instrn	       Data	       Read	      Write	       Misc
 -----------------	      ------	      ------	      ------	      ------	      ------	      ------
 Demand Fetches		     1287525	           0	     1287525	     1216353	       71172	           0
  Fraction of total	      1.0000	      0.0000	      1.0000	      0.9447	      0.0553	      0.0000

 Demand Misses		     1083154	           0	     1083154	     1074249	        8905	           0
  Demand miss rate	      0.8413	      0.0000	      0.8413	      0.8832	      0.1251	      0.0000

 Multi-block refs                 0
 Bytes From Memory	    68751936
 ( / Demand Fetches)	     53.3985
 Bytes To Memory	      719936
 ( / Demand Writes)	     10.1154
 Total Bytes r/w Mem	    69471872
 ( / Demand Fetches)	     53.9577

l3-dcache
 Metrics		      Total	      Instrn	       Data	       Read	      Write	       Misc
 -----------------	      ------	      ------	      ------	      ------	      ------	      ------
 Demand Fetches		     1085498	           0	     1085498	     1074249	       11249	           0
  Fraction of total	      1.0000	      0.0000	      1.0000	      0.9896	      0.0104	      0.0000

 Demand Misses		       24820	           0	       24820	       24820	           0	           0
  Demand miss rate	      0.0229	      0.0000	      0.0229	      0.0231	      0.0000	      0.0000

 Multi-block refs                 0
 Bytes From Memory	     1588480
 ( / Demand Fetches)	      1.4634
 Bytes To Memory	        7936
 ( / Demand Writes)	      0.7055
 Total Bytes r/w Mem	     1596416
 ( / Demand Fetches)	      1.4707

---Execution complete.
