tracename sixtrack_m2b
---Dinero IV cache simulator, version 7
---Written by Jan Edler and Mark D. Hill
---Copyright (C) 1997 NEC Research Institute, Inc. and Mark D. Hill.
---All rights reserved.
---Copyright (C) 1985, 1989 Mark D. Hill.  All rights reserved.
---See -copyright option for details

---Summary of options (-help option gives usage information).

-l1-isize 32768
-l1-dsize 32768
-l2-dsize 262144
-l3-dsize 33554432
-l1-ibsize 64
-l1-dbsize 64
-l2-dbsize 64
-l3-dbsize 64
-l1-isbsize 64
-l1-dsbsize 64
-l2-dsbsize 64
-l3-dsbsize 64
-l1-iassoc 8
-l1-dassoc 8
-l2-dassoc 8
-l3-dassoc 8
-l1-irepl l
-l1-drepl f
-l2-drepl f
-l3-drepl f
-l1-ifetch d
-l1-dfetch d
-l2-dfetch d
-l3-dfetch d
-l1-dwalloc a
-l2-dwalloc a
-l3-dwalloc a
-l1-dwback a
-l2-dwback a
-l3-dwback a
-skipcount 0
-flushcount 0
-maxcount 0
-stat-interval 0
-informat s
-on-trigger 0x0
-off-trigger 0x0

---Simulation begins.
---Simulation complete.
l1-icache
 Metrics		      Total	      Instrn	       Data	       Read	      Write	       Misc
 -----------------	      ------	      ------	      ------	      ------	      ------	      ------
 Demand Fetches		  1999999931	  1999999931	           0	           0	           0	           0
  Fraction of total	      1.0000	      1.0000	      0.0000	      0.0000	      0.0000	      0.0000

 Demand Misses		         751	         751	           0	           0	           0	           0
  Demand miss rate	      0.0000	      0.0000	      0.0000	      0.0000	      0.0000	      0.0000

 Multi-block refs                 0
 Bytes From Memory	       48064
 ( / Demand Fetches)	      0.0000
 Bytes To Memory	           0
 ( / Demand Writes)	      0.0000
 Total Bytes r/w Mem	       48064
 ( / Demand Fetches)	      0.0000

l1-dcache
 Metrics		      Total	      Instrn	       Data	       Read	      Write	       Misc
 -----------------	      ------	      ------	      ------	      ------	      ------	      ------
 Demand Fetches		   493776813	           0	   493776813	   387265028	   106511785	           0
  Fraction of total	      1.0000	      0.0000	      1.0000	      0.7843	      0.2157	      0.0000

 Demand Misses		     1346558	           0	     1346558	     1301297	       45261	           0
  Demand miss rate	      0.0027	      0.0000	      0.0027	      0.0034	      0.0004	      0.0000

 Multi-block refs                 0
 Bytes From Memory	    86179712
 ( / Demand Fetches)	      0.1745
 Bytes To Memory	     9684352
 ( / Demand Writes)	      0.0909
 Total Bytes r/w Mem	    95864064
 ( / Demand Fetches)	      0.1941

l2-dcache
 Metrics		      Total	      Instrn	       Data	       Read	      Write	       Misc
 -----------------	      ------	      ------	      ------	      ------	      ------	      ------
 Demand Fetches		     1497876	           0	     1497876	     1346558	      151318	           0
  Fraction of total	      1.0000	      0.0000	      1.0000	      0.8990	      0.1010	      0.0000

 Demand Misses		     1095864	           0	     1095864	     1080438	       15426	           0
  Demand miss rate	      0.7316	      0.0000	      0.7316	      0.8024	      0.1019	      0.0000

 Multi-block refs                 0
 Bytes From Memory	    69148032
 ( / Demand Fetches)	     46.1641
 Bytes To Memory	     1156352
 ( / Demand Writes)	      7.6419
 Total Bytes r/w Mem	    70304384
 ( / Demand Fetches)	     46.9361

l3-dcache
 Metrics		      Total	      Instrn	       Data	       Read	      Write	       Misc
 -----------------	      ------	      ------	      ------	      ------	      ------	      ------
 Demand Fetches		     1098506	           0	     1098506	     1080438	       18068	           0
  Fraction of total	      1.0000	      0.0000	      1.0000	      0.9836	      0.0164	      0.0000

 Demand Misses		       24820	           0	       24820	       24820	           0	           0
  Demand miss rate	      0.0226	      0.0000	      0.0226	      0.0230	      0.0000	      0.0000

 Multi-block refs                 0
 Bytes From Memory	     1588480
 ( / Demand Fetches)	      1.4460
 Bytes To Memory	        7936
 ( / Demand Writes)	      0.4392
 Total Bytes r/w Mem	     1596416
 ( / Demand Fetches)	      1.4533

---Execution complete.
