tracename sixtrack_m2b
---Dinero IV cache simulator, version 7
---Written by Jan Edler and Mark D. Hill
---Copyright (C) 1997 NEC Research Institute, Inc. and Mark D. Hill.
---All rights reserved.
---Copyright (C) 1985, 1989 Mark D. Hill.  All rights reserved.
---See -copyright option for details

---Summary of options (-help option gives usage information).

-l1-isize 32768
-l1-dsize 32768
-l2-dsize 262144
-l3-dsize 1048576
-l1-ibsize 64
-l1-dbsize 64
-l2-dbsize 64
-l3-dbsize 64
-l1-isbsize 64
-l1-dsbsize 64
-l2-dsbsize 64
-l3-dsbsize 64
-l1-iassoc 8
-l1-dassoc 8
-l2-dassoc 8
-l3-dassoc 8
-l1-irepl l
-l1-drepl 2
-l2-drepl 2
-l3-drepl 2
-l1-ifetch d
-l1-dfetch d
-l2-dfetch d
-l3-dfetch d
-l1-dwalloc a
-l2-dwalloc a
-l3-dwalloc a
-l1-dwback a
-l2-dwback a
-l3-dwback a
-skipcount 0
-flushcount 0
-maxcount 0
-stat-interval 0
-informat s
-on-trigger 0x0
-off-trigger 0x0

---Simulation begins.
---Simulation complete.
l1-icache
 Metrics		      Total	      Instrn	       Data	       Read	      Write	       Misc
 -----------------	      ------	      ------	      ------	      ------	      ------	      ------
 Demand Fetches		  1999999931	  1999999931	           0	           0	           0	           0
  Fraction of total	      1.0000	      1.0000	      0.0000	      0.0000	      0.0000	      0.0000

 Demand Misses		         751	         751	           0	           0	           0	           0
  Demand miss rate	      0.0000	      0.0000	      0.0000	      0.0000	      0.0000	      0.0000

 Multi-block refs                 0
 Bytes From Memory	       48064
 ( / Demand Fetches)	      0.0000
 Bytes To Memory	           0
 ( / Demand Writes)	      0.0000
 Total Bytes r/w Mem	       48064
 ( / Demand Fetches)	      0.0000

l1-dcache
 Metrics		      Total	      Instrn	       Data	       Read	      Write	       Misc
 -----------------	      ------	      ------	      ------	      ------	      ------	      ------
 Demand Fetches		   493776813	           0	   493776813	   387265028	   106511785	           0
  Fraction of total	      1.0000	      0.0000	      1.0000	      0.7843	      0.2157	      0.0000

 Demand Misses		     1121441	           0	     1121441	     1110683	       10758	           0
  Demand miss rate	      0.0023	      0.0000	      0.0023	      0.0029	      0.0001	      0.0000

 Multi-block refs                 0
 Bytes From Memory	    71772224
 ( / Demand Fetches)	      0.1454
 Bytes To Memory	     1389696
 ( / Demand Writes)	      0.0130
 Total Bytes r/w Mem	    73161920
 ( / Demand Fetches)	      0.1482

l2-dcache
 Metrics		      Total	      Instrn	       Data	       Read	      Write	       Misc
 -----------------	      ------	      ------	      ------	      ------	      ------	      ------
 Demand Fetches		     1143155	           0	     1143155	     1121441	       21714	           0
  Fraction of total	      1.0000	      0.0000	      1.0000	      0.9810	      0.0190	      0.0000

 Demand Misses		     1076762	           0	     1076762	     1071457	        5305	           0
  Demand miss rate	      0.9419	      0.0000	      0.9419	      0.9554	      0.2443	      0.0000

 Multi-block refs                 0
 Bytes From Memory	    68573248
 ( / Demand Fetches)	     59.9860
 Bytes To Memory	      466880
 ( / Demand Writes)	     21.5013
 Total Bytes r/w Mem	    69040128
 ( / Demand Fetches)	     60.3944

l3-dcache
 Metrics		      Total	      Instrn	       Data	       Read	      Write	       Misc
 -----------------	      ------	      ------	      ------	      ------	      ------	      ------
 Demand Fetches		     1078752	           0	     1078752	     1071457	        7295	           0
  Fraction of total	      1.0000	      0.0000	      1.0000	      0.9932	      0.0068	      0.0000

 Demand Misses		      806034	           0	      806034	      803619	        2415	           0
  Demand miss rate	      0.7472	      0.0000	      0.7472	      0.7500	      0.3310	      0.0000

 Multi-block refs                 0
 Bytes From Memory	    51431616
 ( / Demand Fetches)	     47.6770
 Bytes To Memory	      219520
 ( / Demand Writes)	     30.0918
 Total Bytes r/w Mem	    51651136
 ( / Demand Fetches)	     47.8805

---Execution complete.
