tracename sixtrack_m2b
---Dinero IV cache simulator, version 7
---Written by Jan Edler and Mark D. Hill
---Copyright (C) 1997 NEC Research Institute, Inc. and Mark D. Hill.
---All rights reserved.
---Copyright (C) 1985, 1989 Mark D. Hill.  All rights reserved.
---See -copyright option for details

---Summary of options (-help option gives usage information).

-l1-isize 32768
-l1-dsize 32768
-l2-dsize 262144
-l3-dsize 262144
-l1-ibsize 64
-l1-dbsize 64
-l2-dbsize 64
-l3-dbsize 64
-l1-isbsize 64
-l1-dsbsize 64
-l2-dsbsize 64
-l3-dsbsize 64
-l1-iassoc 8
-l1-dassoc 8
-l2-dassoc 8
-l3-dassoc 8
-l1-irepl l
-l1-drepl 2
-l2-drepl 2
-l3-drepl 2
-l1-ifetch d
-l1-dfetch d
-l2-dfetch d
-l3-dfetch d
-l1-dwalloc a
-l2-dwalloc a
-l3-dwalloc a
-l1-dwback a
-l2-dwback a
-l3-dwback a
-skipcount 0
-flushcount 0
-maxcount 0
-stat-interval 0
-informat s
-on-trigger 0x0
-off-trigger 0x0

---Simulation begins.
---Simulation complete.
l1-icache
 Metrics		      Total	      Instrn	       Data	       Read	      Write	       Misc
 -----------------	      ------	      ------	      ------	      ------	      ------	      ------
 Demand Fetches		  1999999931	  1999999931	           0	           0	           0	           0
  Fraction of total	      1.0000	      1.0000	      0.0000	      0.0000	      0.0000	      0.0000

 Demand Misses		         751	         751	           0	           0	           0	           0
  Demand miss rate	      0.0000	      0.0000	      0.0000	      0.0000	      0.0000	      0.0000

 Multi-block refs                 0
 Bytes From Memory	       48064
 ( / Demand Fetches)	      0.0000
 Bytes To Memory	           0
 ( / Demand Writes)	      0.0000
 Total Bytes r/w Mem	       48064
 ( / Demand Fetches)	      0.0000

l1-dcache
 Metrics		      Total	      Instrn	       Data	       Read	      Write	       Misc
 -----------------	      ------	      ------	      ------	      ------	      ------	      ------
 Demand Fetches		   493776813	           0	   493776813	   387265028	   106511785	           0
  Fraction of total	      1.0000	      0.0000	      1.0000	      0.7843	      0.2157	      0.0000

 Demand Misses		     1121517	           0	     1121517	     1110744	       10773	           0
  Demand miss rate	      0.0023	      0.0000	      0.0023	      0.0029	      0.0001	      0.0000

 Multi-block refs                 0
 Bytes From Memory	    71777088
 ( / Demand Fetches)	      0.1454
 Bytes To Memory	     1387840
 ( / Demand Writes)	      0.0130
 Total Bytes r/w Mem	    73164928
 ( / Demand Fetches)	      0.1482

l2-dcache
 Metrics		      Total	      Instrn	       Data	       Read	      Write	       Misc
 -----------------	      ------	      ------	      ------	      ------	      ------	      ------
 Demand Fetches		     1143202	           0	     1143202	     1121517	       21685	           0
  Fraction of total	      1.0000	      0.0000	      1.0000	      0.9810	      0.0190	      0.0000

 Demand Misses		     1076613	           0	     1076613	     1071398	        5215	           0
  Demand miss rate	      0.9418	      0.0000	      0.9418	      0.9553	      0.2405	      0.0000

 Multi-block refs                 0
 Bytes From Memory	    68569472
 ( / Demand Fetches)	     59.9802
 Bytes To Memory	      462016
 ( / Demand Writes)	     21.3058
 Total Bytes r/w Mem	    69031488
 ( / Demand Fetches)	     60.3843

l3-dcache
 Metrics		      Total	      Instrn	       Data	       Read	      Write	       Misc
 -----------------	      ------	      ------	      ------	      ------	      ------	      ------
 Demand Fetches		     1078617	           0	     1078617	     1071398	        7219	           0
  Fraction of total	      1.0000	      0.0000	      1.0000	      0.9933	      0.0067	      0.0000

 Demand Misses		     1075921	           0	     1075921	     1069975	        5946	           0
  Demand miss rate	      0.9975	      0.0000	      0.9975	      0.9987	      0.8237	      0.0000

 Multi-block refs                 0
 Bytes From Memory	    68478400
 ( / Demand Fetches)	     63.4872
 Bytes To Memory	      419008
 ( / Demand Writes)	     58.0424
 Total Bytes r/w Mem	    68897408
 ( / Demand Fetches)	     63.8757

---Execution complete.
