tracename sixtrack_m2b
---Dinero IV cache simulator, version 7
---Written by Jan Edler and Mark D. Hill
---Copyright (C) 1997 NEC Research Institute, Inc. and Mark D. Hill.
---All rights reserved.
---Copyright (C) 1985, 1989 Mark D. Hill.  All rights reserved.
---See -copyright option for details

---Summary of options (-help option gives usage information).

-l1-isize 32768
-l1-dsize 32768
-l2-dsize 262144
-l3-dsize 262144
-l1-ibsize 64
-l1-dbsize 64
-l2-dbsize 64
-l3-dbsize 64
-l1-isbsize 64
-l1-dsbsize 64
-l2-dsbsize 64
-l3-dsbsize 64
-l1-iassoc 8
-l1-dassoc 8
-l2-dassoc 8
-l3-dassoc 8
-l1-irepl l
-l1-drepl r
-l2-drepl r
-l3-drepl r
-l1-ifetch d
-l1-dfetch d
-l2-dfetch d
-l3-dfetch d
-l1-dwalloc a
-l2-dwalloc a
-l3-dwalloc a
-l1-dwback a
-l2-dwback a
-l3-dwback a
-skipcount 0
-flushcount 0
-maxcount 0
-stat-interval 0
-informat s
-on-trigger 0x0
-off-trigger 0x0

---Simulation begins.
---Simulation complete.
l1-icache
 Metrics		      Total	      Instrn	       Data	       Read	      Write	       Misc
 -----------------	      ------	      ------	      ------	      ------	      ------	      ------
 Demand Fetches		  1999999931	  1999999931	           0	           0	           0	           0
  Fraction of total	      1.0000	      1.0000	      0.0000	      0.0000	      0.0000	      0.0000

 Demand Misses		         751	         751	           0	           0	           0	           0
  Demand miss rate	      0.0000	      0.0000	      0.0000	      0.0000	      0.0000	      0.0000

 Multi-block refs                 0
 Bytes From Memory	       48064
 ( / Demand Fetches)	      0.0000
 Bytes To Memory	           0
 ( / Demand Writes)	      0.0000
 Total Bytes r/w Mem	       48064
 ( / Demand Fetches)	      0.0000

l1-dcache
 Metrics		      Total	      Instrn	       Data	       Read	      Write	       Misc
 -----------------	      ------	      ------	      ------	      ------	      ------	      ------
 Demand Fetches		   493776813	           0	   493776813	   387265028	   106511785	           0
  Fraction of total	      1.0000	      0.0000	      1.0000	      0.7843	      0.2157	      0.0000

 Demand Misses		     1394357	           0	     1394357	     1347223	       47134	           0
  Demand miss rate	      0.0028	      0.0000	      0.0028	      0.0035	      0.0004	      0.0000

 Multi-block refs                 0
 Bytes From Memory	    89238848
 ( / Demand Fetches)	      0.1807
 Bytes To Memory	    10030976
 ( / Demand Writes)	      0.0942
 Total Bytes r/w Mem	    99269824
 ( / Demand Fetches)	      0.2010

l2-dcache
 Metrics		      Total	      Instrn	       Data	       Read	      Write	       Misc
 -----------------	      ------	      ------	      ------	      ------	      ------	      ------
 Demand Fetches		     1551091	           0	     1551091	     1394357	      156734	           0
  Fraction of total	      1.0000	      0.0000	      1.0000	      0.8990	      0.1010	      0.0000

 Demand Misses		     1093123	           0	     1093123	     1078179	       14944	           0
  Demand miss rate	      0.7047	      0.0000	      0.7047	      0.7732	      0.0953	      0.0000

 Multi-block refs                 0
 Bytes From Memory	    69003456
 ( / Demand Fetches)	     44.4870
 Bytes To Memory	     1114368
 ( / Demand Writes)	      7.1099
 Total Bytes r/w Mem	    70117824
 ( / Demand Fetches)	     45.2055

l3-dcache
 Metrics		      Total	      Instrn	       Data	       Read	      Write	       Misc
 -----------------	      ------	      ------	      ------	      ------	      ------	      ------
 Demand Fetches		     1095591	           0	     1095591	     1078179	       17412	           0
  Fraction of total	      1.0000	      0.0000	      1.0000	      0.9841	      0.0159	      0.0000

 Demand Misses		     1079701	           0	     1079701	     1069515	       10186	           0
  Demand miss rate	      0.9855	      0.0000	      0.9855	      0.9920	      0.5850	      0.0000

 Multi-block refs                 0
 Bytes From Memory	    68448960
 ( / Demand Fetches)	     62.4767
 Bytes To Memory	      709952
 ( / Demand Writes)	     40.7737
 Total Bytes r/w Mem	    69158912
 ( / Demand Fetches)	     63.1248

---Execution complete.
