tracename sixtrack_m2b
---Dinero IV cache simulator, version 7
---Written by Jan Edler and Mark D. Hill
---Copyright (C) 1997 NEC Research Institute, Inc. and Mark D. Hill.
---All rights reserved.
---Copyright (C) 1985, 1989 Mark D. Hill.  All rights reserved.
---See -copyright option for details

---Summary of options (-help option gives usage information).

-l1-isize 32768
-l1-dsize 32768
-l2-dsize 262144
-l3-dsize 524288
-l1-ibsize 64
-l1-dbsize 64
-l2-dbsize 64
-l3-dbsize 64
-l1-isbsize 64
-l1-dsbsize 64
-l2-dsbsize 64
-l3-dsbsize 64
-l1-iassoc 8
-l1-dassoc 8
-l2-dassoc 8
-l3-dassoc 8
-l1-irepl l
-l1-drepl 2
-l2-drepl 2
-l3-drepl 2
-l1-ifetch d
-l1-dfetch d
-l2-dfetch d
-l3-dfetch d
-l1-dwalloc a
-l2-dwalloc a
-l3-dwalloc a
-l1-dwback a
-l2-dwback a
-l3-dwback a
-skipcount 0
-flushcount 0
-maxcount 0
-stat-interval 0
-informat s
-on-trigger 0x0
-off-trigger 0x0

---Simulation begins.
---Simulation complete.
l1-icache
 Metrics		      Total	      Instrn	       Data	       Read	      Write	       Misc
 -----------------	      ------	      ------	      ------	      ------	      ------	      ------
 Demand Fetches		  1999999931	  1999999931	           0	           0	           0	           0
  Fraction of total	      1.0000	      1.0000	      0.0000	      0.0000	      0.0000	      0.0000

 Demand Misses		         751	         751	           0	           0	           0	           0
  Demand miss rate	      0.0000	      0.0000	      0.0000	      0.0000	      0.0000	      0.0000

 Multi-block refs                 0
 Bytes From Memory	       48064
 ( / Demand Fetches)	      0.0000
 Bytes To Memory	           0
 ( / Demand Writes)	      0.0000
 Total Bytes r/w Mem	       48064
 ( / Demand Fetches)	      0.0000

l1-dcache
 Metrics		      Total	      Instrn	       Data	       Read	      Write	       Misc
 -----------------	      ------	      ------	      ------	      ------	      ------	      ------
 Demand Fetches		   493776813	           0	   493776813	   387265028	   106511785	           0
  Fraction of total	      1.0000	      0.0000	      1.0000	      0.7843	      0.2157	      0.0000

 Demand Misses		     1121649	           0	     1121649	     1110866	       10783	           0
  Demand miss rate	      0.0023	      0.0000	      0.0023	      0.0029	      0.0001	      0.0000

 Multi-block refs                 0
 Bytes From Memory	    71785536
 ( / Demand Fetches)	      0.1454
 Bytes To Memory	     1401280
 ( / Demand Writes)	      0.0132
 Total Bytes r/w Mem	    73186816
 ( / Demand Fetches)	      0.1482

l2-dcache
 Metrics		      Total	      Instrn	       Data	       Read	      Write	       Misc
 -----------------	      ------	      ------	      ------	      ------	      ------	      ------
 Demand Fetches		     1143544	           0	     1143544	     1121649	       21895	           0
  Fraction of total	      1.0000	      0.0000	      1.0000	      0.9809	      0.0191	      0.0000

 Demand Misses		     1076682	           0	     1076682	     1071376	        5306	           0
  Demand miss rate	      0.9415	      0.0000	      0.9415	      0.9552	      0.2423	      0.0000

 Multi-block refs                 0
 Bytes From Memory	    68568064
 ( / Demand Fetches)	     59.9610
 Bytes To Memory	      467392
 ( / Demand Writes)	     21.3470
 Total Bytes r/w Mem	    69035456
 ( / Demand Fetches)	     60.3697

l3-dcache
 Metrics		      Total	      Instrn	       Data	       Read	      Write	       Misc
 -----------------	      ------	      ------	      ------	      ------	      ------	      ------
 Demand Fetches		     1078679	           0	     1078679	     1071376	        7303	           0
  Fraction of total	      1.0000	      0.0000	      1.0000	      0.9932	      0.0068	      0.0000

 Demand Misses		     1066025	           0	     1066025	     1061740	        4285	           0
  Demand miss rate	      0.9883	      0.0000	      0.9883	      0.9910	      0.5867	      0.0000

 Multi-block refs                 0
 Bytes From Memory	    67951360
 ( / Demand Fetches)	     62.9950
 Bytes To Memory	      347840
 ( / Demand Writes)	     47.6297
 Total Bytes r/w Mem	    68299200
 ( / Demand Fetches)	     63.3174

---Execution complete.
