tracename sixtrack_m2b
---Dinero IV cache simulator, version 7
---Written by Jan Edler and Mark D. Hill
---Copyright (C) 1997 NEC Research Institute, Inc. and Mark D. Hill.
---All rights reserved.
---Copyright (C) 1985, 1989 Mark D. Hill.  All rights reserved.
---See -copyright option for details

---Summary of options (-help option gives usage information).

-l1-isize 32768
-l1-dsize 32768
-l2-dsize 262144
-l3-dsize 1048576
-l1-ibsize 64
-l1-dbsize 64
-l2-dbsize 64
-l3-dbsize 64
-l1-isbsize 64
-l1-dsbsize 64
-l2-dsbsize 64
-l3-dsbsize 64
-l1-iassoc 8
-l1-dassoc 8
-l2-dassoc 8
-l3-dassoc 8
-l1-irepl l
-l1-drepl b
-l2-drepl b
-l3-drepl b
-l1-ifetch d
-l1-dfetch d
-l2-dfetch d
-l3-dfetch d
-l1-dwalloc a
-l2-dwalloc a
-l3-dwalloc a
-l1-dwback a
-l2-dwback a
-l3-dwback a
-skipcount 0
-flushcount 0
-maxcount 0
-stat-interval 0
-informat s
-on-trigger 0x0
-off-trigger 0x0

---Simulation begins.
---Simulation complete.
l1-icache
 Metrics		      Total	      Instrn	       Data	       Read	      Write	       Misc
 -----------------	      ------	      ------	      ------	      ------	      ------	      ------
 Demand Fetches		  1999999931	  1999999931	           0	           0	           0	           0
  Fraction of total	      1.0000	      1.0000	      0.0000	      0.0000	      0.0000	      0.0000

 Demand Misses		         751	         751	           0	           0	           0	           0
  Demand miss rate	      0.0000	      0.0000	      0.0000	      0.0000	      0.0000	      0.0000

 Multi-block refs                 0
 Bytes From Memory	       48064
 ( / Demand Fetches)	      0.0000
 Bytes To Memory	           0
 ( / Demand Writes)	      0.0000
 Total Bytes r/w Mem	       48064
 ( / Demand Fetches)	      0.0000

l1-dcache
 Metrics		      Total	      Instrn	       Data	       Read	      Write	       Misc
 -----------------	      ------	      ------	      ------	      ------	      ------	      ------
 Demand Fetches		   493776813	           0	   493776813	   387265028	   106511785	           0
  Fraction of total	      1.0000	      0.0000	      1.0000	      0.7843	      0.2157	      0.0000

 Demand Misses		     1216904	           0	     1216904	     1192819	       24085	           0
  Demand miss rate	      0.0025	      0.0000	      0.0025	      0.0031	      0.0002	      0.0000

 Multi-block refs                 0
 Bytes From Memory	    77881856
 ( / Demand Fetches)	      0.1577
 Bytes To Memory	     4584832
 ( / Demand Writes)	      0.0430
 Total Bytes r/w Mem	    82466688
 ( / Demand Fetches)	      0.1670

l2-dcache
 Metrics		      Total	      Instrn	       Data	       Read	      Write	       Misc
 -----------------	      ------	      ------	      ------	      ------	      ------	      ------
 Demand Fetches		     1288542	           0	     1288542	     1216904	       71638	           0
  Fraction of total	      1.0000	      0.0000	      1.0000	      0.9444	      0.0556	      0.0000

 Demand Misses		     1083045	           0	     1083045	     1074254	        8791	           0
  Demand miss rate	      0.8405	      0.0000	      0.8405	      0.8828	      0.1227	      0.0000

 Multi-block refs                 0
 Bytes From Memory	    68752256
 ( / Demand Fetches)	     53.3566
 Bytes To Memory	      713472
 ( / Demand Writes)	      9.9594
 Total Bytes r/w Mem	    69465728
 ( / Demand Fetches)	     53.9103

l3-dcache
 Metrics		      Total	      Instrn	       Data	       Read	      Write	       Misc
 -----------------	      ------	      ------	      ------	      ------	      ------	      ------
 Demand Fetches		     1085402	           0	     1085402	     1074254	       11148	           0
  Fraction of total	      1.0000	      0.0000	      1.0000	      0.9897	      0.0103	      0.0000

 Demand Misses		      741006	           0	      741006	      738333	        2673	           0
  Demand miss rate	      0.6827	      0.0000	      0.6827	      0.6873	      0.2398	      0.0000

 Multi-block refs                 0
 Bytes From Memory	    47253312
 ( / Demand Fetches)	     43.5353
 Bytes To Memory	      237632
 ( / Demand Writes)	     21.3161
 Total Bytes r/w Mem	    47490944
 ( / Demand Fetches)	     43.7542

---Execution complete.
