tracename sixtrack_m2b
---Dinero IV cache simulator, version 7
---Written by Jan Edler and Mark D. Hill
---Copyright (C) 1997 NEC Research Institute, Inc. and Mark D. Hill.
---All rights reserved.
---Copyright (C) 1985, 1989 Mark D. Hill.  All rights reserved.
---See -copyright option for details

---Summary of options (-help option gives usage information).

-l1-isize 32768
-l1-dsize 32768
-l2-dsize 262144
-l3-dsize 524288
-l1-ibsize 64
-l1-dbsize 64
-l2-dbsize 64
-l3-dbsize 64
-l1-isbsize 64
-l1-dsbsize 64
-l2-dsbsize 64
-l3-dsbsize 64
-l1-iassoc 8
-l1-dassoc 8
-l2-dassoc 8
-l3-dassoc 8
-l1-irepl l
-l1-drepl c
-l2-drepl c
-l3-drepl c
-l1-ifetch d
-l1-dfetch d
-l2-dfetch d
-l3-dfetch d
-l1-dwalloc a
-l2-dwalloc a
-l3-dwalloc a
-l1-dwback a
-l2-dwback a
-l3-dwback a
-skipcount 0
-flushcount 0
-maxcount 0
-stat-interval 0
-informat s
-on-trigger 0x0
-off-trigger 0x0

---Simulation begins.
---Simulation complete.
l1-icache
 Metrics		      Total	      Instrn	       Data	       Read	      Write	       Misc
 -----------------	      ------	      ------	      ------	      ------	      ------	      ------
 Demand Fetches		  1999999931	  1999999931	           0	           0	           0	           0
  Fraction of total	      1.0000	      1.0000	      0.0000	      0.0000	      0.0000	      0.0000

 Demand Misses		         751	         751	           0	           0	           0	           0
  Demand miss rate	      0.0000	      0.0000	      0.0000	      0.0000	      0.0000	      0.0000

 Multi-block refs                 0
 Bytes From Memory	       48064
 ( / Demand Fetches)	      0.0000
 Bytes To Memory	           0
 ( / Demand Writes)	      0.0000
 Total Bytes r/w Mem	       48064
 ( / Demand Fetches)	      0.0000

l1-dcache
 Metrics		      Total	      Instrn	       Data	       Read	      Write	       Misc
 -----------------	      ------	      ------	      ------	      ------	      ------	      ------
 Demand Fetches		   493776813	           0	   493776813	   387265028	   106511785	           0
  Fraction of total	      1.0000	      0.0000	      1.0000	      0.7843	      0.2157	      0.0000

 Demand Misses		     1168515	           0	     1168515	     1151750	       16765	           0
  Demand miss rate	      0.0024	      0.0000	      0.0024	      0.0030	      0.0002	      0.0000

 Multi-block refs                 0
 Bytes From Memory	    74784960
 ( / Demand Fetches)	      0.1515
 Bytes To Memory	     3141184
 ( / Demand Writes)	      0.0295
 Total Bytes r/w Mem	    77926144
 ( / Demand Fetches)	      0.1578

l2-dcache
 Metrics		      Total	      Instrn	       Data	       Read	      Write	       Misc
 -----------------	      ------	      ------	      ------	      ------	      ------	      ------
 Demand Fetches		     1217596	           0	     1217596	     1168515	       49081	           0
  Fraction of total	      1.0000	      0.0000	      1.0000	      0.9597	      0.0403	      0.0000

 Demand Misses		     1081213	           0	     1081213	     1073262	        7951	           0
  Demand miss rate	      0.8880	      0.0000	      0.8880	      0.9185	      0.1620	      0.0000

 Multi-block refs                 0
 Bytes From Memory	    68688768
 ( / Demand Fetches)	     56.4134
 Bytes To Memory	      655232
 ( / Demand Writes)	     13.3500
 Total Bytes r/w Mem	    69344000
 ( / Demand Fetches)	     56.9516

l3-dcache
 Metrics		      Total	      Instrn	       Data	       Read	      Write	       Misc
 -----------------	      ------	      ------	      ------	      ------	      ------	      ------
 Demand Fetches		     1083500	           0	     1083500	     1073262	       10238	           0
  Fraction of total	      1.0000	      0.0000	      1.0000	      0.9906	      0.0094	      0.0000

 Demand Misses		     1067640	           0	     1067640	     1062430	        5210	           0
  Demand miss rate	      0.9854	      0.0000	      0.9854	      0.9899	      0.5089	      0.0000

 Multi-block refs                 0
 Bytes From Memory	    67995520
 ( / Demand Fetches)	     62.7554
 Bytes To Memory	      410880
 ( / Demand Writes)	     40.1328
 Total Bytes r/w Mem	    68406400
 ( / Demand Fetches)	     63.1347

---Execution complete.
