tracename sixtrack_m2b
---Dinero IV cache simulator, version 7
---Written by Jan Edler and Mark D. Hill
---Copyright (C) 1997 NEC Research Institute, Inc. and Mark D. Hill.
---All rights reserved.
---Copyright (C) 1985, 1989 Mark D. Hill.  All rights reserved.
---See -copyright option for details

---Summary of options (-help option gives usage information).

-l1-isize 32768
-l1-dsize 32768
-l2-dsize 262144
-l3-dsize 1048576
-l1-ibsize 64
-l1-dbsize 64
-l2-dbsize 64
-l3-dbsize 64
-l1-isbsize 64
-l1-dsbsize 64
-l2-dsbsize 64
-l3-dsbsize 64
-l1-iassoc 8
-l1-dassoc 8
-l2-dassoc 8
-l3-dassoc 8
-l1-irepl l
-l1-drepl c
-l2-drepl c
-l3-drepl c
-l1-ifetch d
-l1-dfetch d
-l2-dfetch d
-l3-dfetch d
-l1-dwalloc a
-l2-dwalloc a
-l3-dwalloc a
-l1-dwback a
-l2-dwback a
-l3-dwback a
-skipcount 0
-flushcount 0
-maxcount 0
-stat-interval 0
-informat s
-on-trigger 0x0
-off-trigger 0x0

---Simulation begins.
---Simulation complete.
l1-icache
 Metrics		      Total	      Instrn	       Data	       Read	      Write	       Misc
 -----------------	      ------	      ------	      ------	      ------	      ------	      ------
 Demand Fetches		  1999999931	  1999999931	           0	           0	           0	           0
  Fraction of total	      1.0000	      1.0000	      0.0000	      0.0000	      0.0000	      0.0000

 Demand Misses		         751	         751	           0	           0	           0	           0
  Demand miss rate	      0.0000	      0.0000	      0.0000	      0.0000	      0.0000	      0.0000

 Multi-block refs                 0
 Bytes From Memory	       48064
 ( / Demand Fetches)	      0.0000
 Bytes To Memory	           0
 ( / Demand Writes)	      0.0000
 Total Bytes r/w Mem	       48064
 ( / Demand Fetches)	      0.0000

l1-dcache
 Metrics		      Total	      Instrn	       Data	       Read	      Write	       Misc
 -----------------	      ------	      ------	      ------	      ------	      ------	      ------
 Demand Fetches		   493776813	           0	   493776813	   387265028	   106511785	           0
  Fraction of total	      1.0000	      0.0000	      1.0000	      0.7843	      0.2157	      0.0000

 Demand Misses		     1169043	           0	     1169043	     1152431	       16612	           0
  Demand miss rate	      0.0024	      0.0000	      0.0024	      0.0030	      0.0002	      0.0000

 Multi-block refs                 0
 Bytes From Memory	    74818752
 ( / Demand Fetches)	      0.1515
 Bytes To Memory	     3141696
 ( / Demand Writes)	      0.0295
 Total Bytes r/w Mem	    77960448
 ( / Demand Fetches)	      0.1579

l2-dcache
 Metrics		      Total	      Instrn	       Data	       Read	      Write	       Misc
 -----------------	      ------	      ------	      ------	      ------	      ------	      ------
 Demand Fetches		     1218132	           0	     1218132	     1169043	       49089	           0
  Fraction of total	      1.0000	      0.0000	      1.0000	      0.9597	      0.0403	      0.0000

 Demand Misses		     1081231	           0	     1081231	     1073265	        7966	           0
  Demand miss rate	      0.8876	      0.0000	      0.8876	      0.9181	      0.1623	      0.0000

 Multi-block refs                 0
 Bytes From Memory	    68688960
 ( / Demand Fetches)	     56.3888
 Bytes To Memory	      658368
 ( / Demand Writes)	     13.4117
 Total Bytes r/w Mem	    69347328
 ( / Demand Fetches)	     56.9292

l3-dcache
 Metrics		      Total	      Instrn	       Data	       Read	      Write	       Misc
 -----------------	      ------	      ------	      ------	      ------	      ------	      ------
 Demand Fetches		     1083552	           0	     1083552	     1073265	       10287	           0
  Fraction of total	      1.0000	      0.0000	      1.0000	      0.9905	      0.0095	      0.0000

 Demand Misses		      797620	           0	      797620	      795046	        2574	           0
  Demand miss rate	      0.7361	      0.0000	      0.7361	      0.7408	      0.2502	      0.0000

 Multi-block refs                 0
 Bytes From Memory	    50882944
 ( / Demand Fetches)	     46.9594
 Bytes To Memory	      233920
 ( / Demand Writes)	     22.7394
 Total Bytes r/w Mem	    51116864
 ( / Demand Fetches)	     47.1753

---Execution complete.
