tracename sixtrack_m2b
---Dinero IV cache simulator, version 7
---Written by Jan Edler and Mark D. Hill
---Copyright (C) 1997 NEC Research Institute, Inc. and Mark D. Hill.
---All rights reserved.
---Copyright (C) 1985, 1989 Mark D. Hill.  All rights reserved.
---See -copyright option for details

---Summary of options (-help option gives usage information).

-l1-isize 32768
-l1-dsize 32768
-l2-dsize 262144
-l3-dsize 1048576
-l1-ibsize 64
-l1-dbsize 64
-l2-dbsize 64
-l3-dbsize 64
-l1-isbsize 64
-l1-dsbsize 64
-l2-dsbsize 64
-l3-dsbsize 64
-l1-iassoc 8
-l1-dassoc 8
-l2-dassoc 8
-l3-dassoc 8
-l1-irepl l
-l1-drepl l
-l2-drepl l
-l3-drepl l
-l1-ifetch d
-l1-dfetch d
-l2-dfetch d
-l3-dfetch d
-l1-dwalloc a
-l2-dwalloc a
-l3-dwalloc a
-l1-dwback a
-l2-dwback a
-l3-dwback a
-skipcount 0
-flushcount 0
-maxcount 0
-stat-interval 0
-informat s
-on-trigger 0x0
-off-trigger 0x0

---Simulation begins.
---Simulation complete.
l1-icache
 Metrics		      Total	      Instrn	       Data	       Read	      Write	       Misc
 -----------------	      ------	      ------	      ------	      ------	      ------	      ------
 Demand Fetches		  1999999931	  1999999931	           0	           0	           0	           0
  Fraction of total	      1.0000	      1.0000	      0.0000	      0.0000	      0.0000	      0.0000

 Demand Misses		         751	         751	           0	           0	           0	           0
  Demand miss rate	      0.0000	      0.0000	      0.0000	      0.0000	      0.0000	      0.0000

 Multi-block refs                 0
 Bytes From Memory	       48064
 ( / Demand Fetches)	      0.0000
 Bytes To Memory	           0
 ( / Demand Writes)	      0.0000
 Total Bytes r/w Mem	       48064
 ( / Demand Fetches)	      0.0000

l1-dcache
 Metrics		      Total	      Instrn	       Data	       Read	      Write	       Misc
 -----------------	      ------	      ------	      ------	      ------	      ------	      ------
 Demand Fetches		   493776813	           0	   493776813	   387265028	   106511785	           0
  Fraction of total	      1.0000	      0.0000	      1.0000	      0.7843	      0.2157	      0.0000

 Demand Misses		     1069688	           0	     1069688	     1068893	         795	           0
  Demand miss rate	      0.0022	      0.0000	      0.0022	      0.0028	      0.0000	      0.0000

 Multi-block refs                 0
 Bytes From Memory	    68460032
 ( / Demand Fetches)	      0.1386
 Bytes To Memory	      102336
 ( / Demand Writes)	      0.0010
 Total Bytes r/w Mem	    68562368
 ( / Demand Fetches)	      0.1389

l2-dcache
 Metrics		      Total	      Instrn	       Data	       Read	      Write	       Misc
 -----------------	      ------	      ------	      ------	      ------	      ------	      ------
 Demand Fetches		     1071287	           0	     1071287	     1069688	        1599	           0
  Fraction of total	      1.0000	      0.0000	      1.0000	      0.9985	      0.0015	      0.0000

 Demand Misses		     1068176	           0	     1068176	     1068042	         134	           0
  Demand miss rate	      0.9971	      0.0000	      0.9971	      0.9985	      0.0838	      0.0000

 Multi-block refs                 0
 Bytes From Memory	    68354688
 ( / Demand Fetches)	     63.8061
 Bytes To Memory	      102336
 ( / Demand Writes)	     64.0000
 Total Bytes r/w Mem	    68457024
 ( / Demand Fetches)	     63.9017

l3-dcache
 Metrics		      Total	      Instrn	       Data	       Read	      Write	       Misc
 -----------------	      ------	      ------	      ------	      ------	      ------	      ------
 Demand Fetches		     1069641	           0	     1069641	     1068042	        1599	           0
  Fraction of total	      1.0000	      0.0000	      1.0000	      0.9985	      0.0015	      0.0000

 Demand Misses		     1036643	           0	     1036643	     1036509	         134	           0
  Demand miss rate	      0.9692	      0.0000	      0.9692	      0.9705	      0.0838	      0.0000

 Multi-block refs                 0
 Bytes From Memory	    66336576
 ( / Demand Fetches)	     62.0176
 Bytes To Memory	       86144
 ( / Demand Writes)	     53.8737
 Total Bytes r/w Mem	    66422720
 ( / Demand Fetches)	     62.0981

---Execution complete.
