tracename sixtrack_m2b
---Dinero IV cache simulator, version 7
---Written by Jan Edler and Mark D. Hill
---Copyright (C) 1997 NEC Research Institute, Inc. and Mark D. Hill.
---All rights reserved.
---Copyright (C) 1985, 1989 Mark D. Hill.  All rights reserved.
---See -copyright option for details

---Summary of options (-help option gives usage information).

-l1-isize 32768
-l1-dsize 32768
-l2-dsize 262144
-l3-dsize 1048576
-l1-ibsize 64
-l1-dbsize 64
-l2-dbsize 64
-l3-dbsize 64
-l1-isbsize 64
-l1-dsbsize 64
-l2-dsbsize 64
-l3-dsbsize 64
-l1-iassoc 8
-l1-dassoc 8
-l2-dassoc 8
-l3-dassoc 8
-l1-irepl l
-l1-drepl r
-l2-drepl r
-l3-drepl r
-l1-ifetch d
-l1-dfetch d
-l2-dfetch d
-l3-dfetch d
-l1-dwalloc a
-l2-dwalloc a
-l3-dwalloc a
-l1-dwback a
-l2-dwback a
-l3-dwback a
-skipcount 0
-flushcount 0
-maxcount 0
-stat-interval 0
-informat s
-on-trigger 0x0
-off-trigger 0x0

---Simulation begins.
---Simulation complete.
l1-icache
 Metrics		      Total	      Instrn	       Data	       Read	      Write	       Misc
 -----------------	      ------	      ------	      ------	      ------	      ------	      ------
 Demand Fetches		  1999999931	  1999999931	           0	           0	           0	           0
  Fraction of total	      1.0000	      1.0000	      0.0000	      0.0000	      0.0000	      0.0000

 Demand Misses		         751	         751	           0	           0	           0	           0
  Demand miss rate	      0.0000	      0.0000	      0.0000	      0.0000	      0.0000	      0.0000

 Multi-block refs                 0
 Bytes From Memory	       48064
 ( / Demand Fetches)	      0.0000
 Bytes To Memory	           0
 ( / Demand Writes)	      0.0000
 Total Bytes r/w Mem	       48064
 ( / Demand Fetches)	      0.0000

l1-dcache
 Metrics		      Total	      Instrn	       Data	       Read	      Write	       Misc
 -----------------	      ------	      ------	      ------	      ------	      ------	      ------
 Demand Fetches		   493776813	           0	   493776813	   387265028	   106511785	           0
  Fraction of total	      1.0000	      0.0000	      1.0000	      0.7843	      0.2157	      0.0000

 Demand Misses		     1393711	           0	     1393711	     1347170	       46541	           0
  Demand miss rate	      0.0028	      0.0000	      0.0028	      0.0035	      0.0004	      0.0000

 Multi-block refs                 0
 Bytes From Memory	    89197504
 ( / Demand Fetches)	      0.1806
 Bytes To Memory	     9975360
 ( / Demand Writes)	      0.0937
 Total Bytes r/w Mem	    99172864
 ( / Demand Fetches)	      0.2008

l2-dcache
 Metrics		      Total	      Instrn	       Data	       Read	      Write	       Misc
 -----------------	      ------	      ------	      ------	      ------	      ------	      ------
 Demand Fetches		     1549576	           0	     1549576	     1393711	      155865	           0
  Fraction of total	      1.0000	      0.0000	      1.0000	      0.8994	      0.1006	      0.0000

 Demand Misses		     1093149	           0	     1093149	     1078277	       14872	           0
  Demand miss rate	      0.7055	      0.0000	      0.7055	      0.7737	      0.0954	      0.0000

 Multi-block refs                 0
 Bytes From Memory	    69009728
 ( / Demand Fetches)	     44.5346
 Bytes To Memory	     1110336
 ( / Demand Writes)	      7.1237
 Total Bytes r/w Mem	    70120064
 ( / Demand Fetches)	     45.2511

l3-dcache
 Metrics		      Total	      Instrn	       Data	       Read	      Write	       Misc
 -----------------	      ------	      ------	      ------	      ------	      ------	      ------
 Demand Fetches		     1095626	           0	     1095626	     1078277	       17349	           0
  Fraction of total	      1.0000	      0.0000	      1.0000	      0.9842	      0.0158	      0.0000

 Demand Misses		      646339	           0	      646339	      643117	        3222	           0
  Demand miss rate	      0.5899	      0.0000	      0.5899	      0.5964	      0.1857	      0.0000

 Multi-block refs                 0
 Bytes From Memory	    41159488
 ( / Demand Fetches)	     37.5671
 Bytes To Memory	      282048
 ( / Demand Writes)	     16.2573
 Total Bytes r/w Mem	    41441536
 ( / Demand Fetches)	     37.8245

---Execution complete.
