tracename sixtrack_m2b
---Dinero IV cache simulator, version 7
---Written by Jan Edler and Mark D. Hill
---Copyright (C) 1997 NEC Research Institute, Inc. and Mark D. Hill.
---All rights reserved.
---Copyright (C) 1985, 1989 Mark D. Hill.  All rights reserved.
---See -copyright option for details

---Summary of options (-help option gives usage information).

-l1-isize 32768
-l1-dsize 32768
-l2-dsize 262144
-l3-dsize 2097152
-l1-ibsize 64
-l1-dbsize 64
-l2-dbsize 64
-l3-dbsize 64
-l1-isbsize 64
-l1-dsbsize 64
-l2-dsbsize 64
-l3-dsbsize 64
-l1-iassoc 8
-l1-dassoc 8
-l2-dassoc 8
-l3-dassoc 8
-l1-irepl l
-l1-drepl b
-l2-drepl b
-l3-drepl b
-l1-ifetch d
-l1-dfetch d
-l2-dfetch d
-l3-dfetch d
-l1-dwalloc a
-l2-dwalloc a
-l3-dwalloc a
-l1-dwback a
-l2-dwback a
-l3-dwback a
-skipcount 0
-flushcount 0
-maxcount 0
-stat-interval 0
-informat s
-on-trigger 0x0
-off-trigger 0x0

---Simulation begins.
---Simulation complete.
l1-icache
 Metrics		      Total	      Instrn	       Data	       Read	      Write	       Misc
 -----------------	      ------	      ------	      ------	      ------	      ------	      ------
 Demand Fetches		  1999999931	  1999999931	           0	           0	           0	           0
  Fraction of total	      1.0000	      1.0000	      0.0000	      0.0000	      0.0000	      0.0000

 Demand Misses		         751	         751	           0	           0	           0	           0
  Demand miss rate	      0.0000	      0.0000	      0.0000	      0.0000	      0.0000	      0.0000

 Multi-block refs                 0
 Bytes From Memory	       48064
 ( / Demand Fetches)	      0.0000
 Bytes To Memory	           0
 ( / Demand Writes)	      0.0000
 Total Bytes r/w Mem	       48064
 ( / Demand Fetches)	      0.0000

l1-dcache
 Metrics		      Total	      Instrn	       Data	       Read	      Write	       Misc
 -----------------	      ------	      ------	      ------	      ------	      ------	      ------
 Demand Fetches		   493776813	           0	   493776813	   387265028	   106511785	           0
  Fraction of total	      1.0000	      0.0000	      1.0000	      0.7843	      0.2157	      0.0000

 Demand Misses		     1216882	           0	     1216882	     1192821	       24061	           0
  Demand miss rate	      0.0025	      0.0000	      0.0025	      0.0031	      0.0002	      0.0000

 Multi-block refs                 0
 Bytes From Memory	    77880448
 ( / Demand Fetches)	      0.1577
 Bytes To Memory	     4570112
 ( / Demand Writes)	      0.0429
 Total Bytes r/w Mem	    82450560
 ( / Demand Fetches)	      0.1670

l2-dcache
 Metrics		      Total	      Instrn	       Data	       Read	      Write	       Misc
 -----------------	      ------	      ------	      ------	      ------	      ------	      ------
 Demand Fetches		     1288290	           0	     1288290	     1216882	       71408	           0
  Fraction of total	      1.0000	      0.0000	      1.0000	      0.9446	      0.0554	      0.0000

 Demand Misses		     1083117	           0	     1083117	     1074234	        8883	           0
  Demand miss rate	      0.8407	      0.0000	      0.8407	      0.8828	      0.1244	      0.0000

 Multi-block refs                 0
 Bytes From Memory	    68750976
 ( / Demand Fetches)	     53.3661
 Bytes To Memory	      722304
 ( / Demand Writes)	     10.1152
 Total Bytes r/w Mem	    69473280
 ( / Demand Fetches)	     53.9267

l3-dcache
 Metrics		      Total	      Instrn	       Data	       Read	      Write	       Misc
 -----------------	      ------	      ------	      ------	      ------	      ------	      ------
 Demand Fetches		     1085520	           0	     1085520	     1074234	       11286	           0
  Fraction of total	      1.0000	      0.0000	      1.0000	      0.9896	      0.0104	      0.0000

 Demand Misses		       53834	           0	       53834	       53675	         159	           0
  Demand miss rate	      0.0496	      0.0000	      0.0496	      0.0500	      0.0141	      0.0000

 Multi-block refs                 0
 Bytes From Memory	     3435200
 ( / Demand Fetches)	      3.1646
 Bytes To Memory	       22528
 ( / Demand Writes)	      1.9961
 Total Bytes r/w Mem	     3457728
 ( / Demand Fetches)	      3.1853

---Execution complete.
