tracename sixtrack_m2b
---Dinero IV cache simulator, version 7
---Written by Jan Edler and Mark D. Hill
---Copyright (C) 1997 NEC Research Institute, Inc. and Mark D. Hill.
---All rights reserved.
---Copyright (C) 1985, 1989 Mark D. Hill.  All rights reserved.
---See -copyright option for details

---Summary of options (-help option gives usage information).

-l1-isize 32768
-l1-dsize 32768
-l2-dsize 262144
-l3-dsize 33554432
-l1-ibsize 64
-l1-dbsize 64
-l2-dbsize 64
-l3-dbsize 64
-l1-isbsize 64
-l1-dsbsize 64
-l2-dsbsize 64
-l3-dsbsize 64
-l1-iassoc 8
-l1-dassoc 8
-l2-dassoc 8
-l3-dassoc 8
-l1-irepl l
-l1-drepl 2
-l2-drepl 2
-l3-drepl 2
-l1-ifetch d
-l1-dfetch d
-l2-dfetch d
-l3-dfetch d
-l1-dwalloc a
-l2-dwalloc a
-l3-dwalloc a
-l1-dwback a
-l2-dwback a
-l3-dwback a
-skipcount 0
-flushcount 0
-maxcount 0
-stat-interval 0
-informat s
-on-trigger 0x0
-off-trigger 0x0

---Simulation begins.
---Simulation complete.
l1-icache
 Metrics		      Total	      Instrn	       Data	       Read	      Write	       Misc
 -----------------	      ------	      ------	      ------	      ------	      ------	      ------
 Demand Fetches		  1999999931	  1999999931	           0	           0	           0	           0
  Fraction of total	      1.0000	      1.0000	      0.0000	      0.0000	      0.0000	      0.0000

 Demand Misses		         751	         751	           0	           0	           0	           0
  Demand miss rate	      0.0000	      0.0000	      0.0000	      0.0000	      0.0000	      0.0000

 Multi-block refs                 0
 Bytes From Memory	       48064
 ( / Demand Fetches)	      0.0000
 Bytes To Memory	           0
 ( / Demand Writes)	      0.0000
 Total Bytes r/w Mem	       48064
 ( / Demand Fetches)	      0.0000

l1-dcache
 Metrics		      Total	      Instrn	       Data	       Read	      Write	       Misc
 -----------------	      ------	      ------	      ------	      ------	      ------	      ------
 Demand Fetches		   493776813	           0	   493776813	   387265028	   106511785	           0
  Fraction of total	      1.0000	      0.0000	      1.0000	      0.7843	      0.2157	      0.0000

 Demand Misses		     1121357	           0	     1121357	     1110831	       10526	           0
  Demand miss rate	      0.0023	      0.0000	      0.0023	      0.0029	      0.0001	      0.0000

 Multi-block refs                 0
 Bytes From Memory	    71766848
 ( / Demand Fetches)	      0.1453
 Bytes To Memory	     1371392
 ( / Demand Writes)	      0.0129
 Total Bytes r/w Mem	    73138240
 ( / Demand Fetches)	      0.1481

l2-dcache
 Metrics		      Total	      Instrn	       Data	       Read	      Write	       Misc
 -----------------	      ------	      ------	      ------	      ------	      ------	      ------
 Demand Fetches		     1142785	           0	     1142785	     1121357	       21428	           0
  Fraction of total	      1.0000	      0.0000	      1.0000	      0.9812	      0.0188	      0.0000

 Demand Misses		     1076795	           0	     1076795	     1071487	        5308	           0
  Demand miss rate	      0.9423	      0.0000	      0.9423	      0.9555	      0.2477	      0.0000

 Multi-block refs                 0
 Bytes From Memory	    68575168
 ( / Demand Fetches)	     60.0071
 Bytes To Memory	      468672
 ( / Demand Writes)	     21.8719
 Total Bytes r/w Mem	    69043840
 ( / Demand Fetches)	     60.4172

l3-dcache
 Metrics		      Total	      Instrn	       Data	       Read	      Write	       Misc
 -----------------	      ------	      ------	      ------	      ------	      ------	      ------
 Demand Fetches		     1078810	           0	     1078810	     1071487	        7323	           0
  Fraction of total	      1.0000	      0.0000	      1.0000	      0.9932	      0.0068	      0.0000

 Demand Misses		       24820	           0	       24820	       24820	           0	           0
  Demand miss rate	      0.0230	      0.0000	      0.0230	      0.0232	      0.0000	      0.0000

 Multi-block refs                 0
 Bytes From Memory	     1588480
 ( / Demand Fetches)	      1.4724
 Bytes To Memory	        7936
 ( / Demand Writes)	      1.0837
 Total Bytes r/w Mem	     1596416
 ( / Demand Fetches)	      1.4798

---Execution complete.
