tracename sixtrack_m2b
---Dinero IV cache simulator, version 7
---Written by Jan Edler and Mark D. Hill
---Copyright (C) 1997 NEC Research Institute, Inc. and Mark D. Hill.
---All rights reserved.
---Copyright (C) 1985, 1989 Mark D. Hill.  All rights reserved.
---See -copyright option for details

---Summary of options (-help option gives usage information).

-l1-isize 32768
-l1-dsize 32768
-l2-dsize 262144
-l3-dsize 2097152
-l1-ibsize 64
-l1-dbsize 64
-l2-dbsize 64
-l3-dbsize 64
-l1-isbsize 64
-l1-dsbsize 64
-l2-dsbsize 64
-l3-dsbsize 64
-l1-iassoc 8
-l1-dassoc 8
-l2-dassoc 8
-l3-dassoc 8
-l1-irepl l
-l1-drepl 2
-l2-drepl 2
-l3-drepl 2
-l1-ifetch d
-l1-dfetch d
-l2-dfetch d
-l3-dfetch d
-l1-dwalloc a
-l2-dwalloc a
-l3-dwalloc a
-l1-dwback a
-l2-dwback a
-l3-dwback a
-skipcount 0
-flushcount 0
-maxcount 0
-stat-interval 0
-informat s
-on-trigger 0x0
-off-trigger 0x0

---Simulation begins.
---Simulation complete.
l1-icache
 Metrics		      Total	      Instrn	       Data	       Read	      Write	       Misc
 -----------------	      ------	      ------	      ------	      ------	      ------	      ------
 Demand Fetches		  1999999931	  1999999931	           0	           0	           0	           0
  Fraction of total	      1.0000	      1.0000	      0.0000	      0.0000	      0.0000	      0.0000

 Demand Misses		         751	         751	           0	           0	           0	           0
  Demand miss rate	      0.0000	      0.0000	      0.0000	      0.0000	      0.0000	      0.0000

 Multi-block refs                 0
 Bytes From Memory	       48064
 ( / Demand Fetches)	      0.0000
 Bytes To Memory	           0
 ( / Demand Writes)	      0.0000
 Total Bytes r/w Mem	       48064
 ( / Demand Fetches)	      0.0000

l1-dcache
 Metrics		      Total	      Instrn	       Data	       Read	      Write	       Misc
 -----------------	      ------	      ------	      ------	      ------	      ------	      ------
 Demand Fetches		   493776813	           0	   493776813	   387265028	   106511785	           0
  Fraction of total	      1.0000	      0.0000	      1.0000	      0.7843	      0.2157	      0.0000

 Demand Misses		     1121433	           0	     1121433	     1110663	       10770	           0
  Demand miss rate	      0.0023	      0.0000	      0.0023	      0.0029	      0.0001	      0.0000

 Multi-block refs                 0
 Bytes From Memory	    71771712
 ( / Demand Fetches)	      0.1454
 Bytes To Memory	     1387072
 ( / Demand Writes)	      0.0130
 Total Bytes r/w Mem	    73158784
 ( / Demand Fetches)	      0.1482

l2-dcache
 Metrics		      Total	      Instrn	       Data	       Read	      Write	       Misc
 -----------------	      ------	      ------	      ------	      ------	      ------	      ------
 Demand Fetches		     1143106	           0	     1143106	     1121433	       21673	           0
  Fraction of total	      1.0000	      0.0000	      1.0000	      0.9810	      0.0190	      0.0000

 Demand Misses		     1076749	           0	     1076749	     1071488	        5261	           0
  Demand miss rate	      0.9420	      0.0000	      0.9420	      0.9555	      0.2427	      0.0000

 Multi-block refs                 0
 Bytes From Memory	    68575232
 ( / Demand Fetches)	     59.9903
 Bytes To Memory	      466048
 ( / Demand Writes)	     21.5036
 Total Bytes r/w Mem	    69041280
 ( / Demand Fetches)	     60.3980

l3-dcache
 Metrics		      Total	      Instrn	       Data	       Read	      Write	       Misc
 -----------------	      ------	      ------	      ------	      ------	      ------	      ------
 Demand Fetches		     1078770	           0	     1078770	     1071488	        7282	           0
  Fraction of total	      1.0000	      0.0000	      1.0000	      0.9932	      0.0068	      0.0000

 Demand Misses		       59055	           0	       59055	       58902	         153	           0
  Demand miss rate	      0.0547	      0.0000	      0.0547	      0.0550	      0.0210	      0.0000

 Multi-block refs                 0
 Bytes From Memory	     3769728
 ( / Demand Fetches)	      3.4945
 Bytes To Memory	       22272
 ( / Demand Writes)	      3.0585
 Total Bytes r/w Mem	     3792000
 ( / Demand Fetches)	      3.5151

---Execution complete.
