tracename sixtrack_m2b
---Dinero IV cache simulator, version 7
---Written by Jan Edler and Mark D. Hill
---Copyright (C) 1997 NEC Research Institute, Inc. and Mark D. Hill.
---All rights reserved.
---Copyright (C) 1985, 1989 Mark D. Hill.  All rights reserved.
---See -copyright option for details

---Summary of options (-help option gives usage information).

-l1-isize 32768
-l1-dsize 32768
-l2-dsize 262144
-l3-dsize 2097152
-l1-ibsize 64
-l1-dbsize 64
-l2-dbsize 64
-l3-dbsize 64
-l1-isbsize 64
-l1-dsbsize 64
-l2-dsbsize 64
-l3-dsbsize 64
-l1-iassoc 8
-l1-dassoc 8
-l2-dassoc 8
-l3-dassoc 8
-l1-irepl l
-l1-drepl c
-l2-drepl c
-l3-drepl c
-l1-ifetch d
-l1-dfetch d
-l2-dfetch d
-l3-dfetch d
-l1-dwalloc a
-l2-dwalloc a
-l3-dwalloc a
-l1-dwback a
-l2-dwback a
-l3-dwback a
-skipcount 0
-flushcount 0
-maxcount 0
-stat-interval 0
-informat s
-on-trigger 0x0
-off-trigger 0x0

---Simulation begins.
---Simulation complete.
l1-icache
 Metrics		      Total	      Instrn	       Data	       Read	      Write	       Misc
 -----------------	      ------	      ------	      ------	      ------	      ------	      ------
 Demand Fetches		  1999999931	  1999999931	           0	           0	           0	           0
  Fraction of total	      1.0000	      1.0000	      0.0000	      0.0000	      0.0000	      0.0000

 Demand Misses		         751	         751	           0	           0	           0	           0
  Demand miss rate	      0.0000	      0.0000	      0.0000	      0.0000	      0.0000	      0.0000

 Multi-block refs                 0
 Bytes From Memory	       48064
 ( / Demand Fetches)	      0.0000
 Bytes To Memory	           0
 ( / Demand Writes)	      0.0000
 Total Bytes r/w Mem	       48064
 ( / Demand Fetches)	      0.0000

l1-dcache
 Metrics		      Total	      Instrn	       Data	       Read	      Write	       Misc
 -----------------	      ------	      ------	      ------	      ------	      ------	      ------
 Demand Fetches		   493776813	           0	   493776813	   387265028	   106511785	           0
  Fraction of total	      1.0000	      0.0000	      1.0000	      0.7843	      0.2157	      0.0000

 Demand Misses		     1168447	           0	     1168447	     1152005	       16442	           0
  Demand miss rate	      0.0024	      0.0000	      0.0024	      0.0030	      0.0002	      0.0000

 Multi-block refs                 0
 Bytes From Memory	    74780608
 ( / Demand Fetches)	      0.1514
 Bytes To Memory	     3137152
 ( / Demand Writes)	      0.0295
 Total Bytes r/w Mem	    77917760
 ( / Demand Fetches)	      0.1578

l2-dcache
 Metrics		      Total	      Instrn	       Data	       Read	      Write	       Misc
 -----------------	      ------	      ------	      ------	      ------	      ------	      ------
 Demand Fetches		     1217465	           0	     1217465	     1168447	       49018	           0
  Fraction of total	      1.0000	      0.0000	      1.0000	      0.9597	      0.0403	      0.0000

 Demand Misses		     1080984	           0	     1080984	     1073076	        7908	           0
  Demand miss rate	      0.8879	      0.0000	      0.8879	      0.9184	      0.1613	      0.0000

 Multi-block refs                 0
 Bytes From Memory	    68676864
 ( / Demand Fetches)	     56.4097
 Bytes To Memory	      651456
 ( / Demand Writes)	     13.2901
 Total Bytes r/w Mem	    69328320
 ( / Demand Fetches)	     56.9448

l3-dcache
 Metrics		      Total	      Instrn	       Data	       Read	      Write	       Misc
 -----------------	      ------	      ------	      ------	      ------	      ------	      ------
 Demand Fetches		     1083255	           0	     1083255	     1073076	       10179	           0
  Fraction of total	      1.0000	      0.0000	      1.0000	      0.9906	      0.0094	      0.0000

 Demand Misses		       57713	           0	       57713	       57563	         150	           0
  Demand miss rate	      0.0533	      0.0000	      0.0533	      0.0536	      0.0147	      0.0000

 Multi-block refs                 0
 Bytes From Memory	     3684032
 ( / Demand Fetches)	      3.4009
 Bytes To Memory	       21504
 ( / Demand Writes)	      2.1126
 Total Bytes r/w Mem	     3705536
 ( / Demand Fetches)	      3.4207

---Execution complete.
