tracename sixtrack_m2b
---Dinero IV cache simulator, version 7
---Written by Jan Edler and Mark D. Hill
---Copyright (C) 1997 NEC Research Institute, Inc. and Mark D. Hill.
---All rights reserved.
---Copyright (C) 1985, 1989 Mark D. Hill.  All rights reserved.
---See -copyright option for details

---Summary of options (-help option gives usage information).

-l1-isize 32768
-l1-dsize 32768
-l2-dsize 262144
-l3-dsize 262144
-l1-ibsize 64
-l1-dbsize 64
-l2-dbsize 64
-l3-dbsize 64
-l1-isbsize 64
-l1-dsbsize 64
-l2-dsbsize 64
-l3-dsbsize 64
-l1-iassoc 8
-l1-dassoc 8
-l2-dassoc 8
-l3-dassoc 8
-l1-irepl l
-l1-drepl c
-l2-drepl c
-l3-drepl c
-l1-ifetch d
-l1-dfetch d
-l2-dfetch d
-l3-dfetch d
-l1-dwalloc a
-l2-dwalloc a
-l3-dwalloc a
-l1-dwback a
-l2-dwback a
-l3-dwback a
-skipcount 0
-flushcount 0
-maxcount 0
-stat-interval 0
-informat s
-on-trigger 0x0
-off-trigger 0x0

---Simulation begins.
---Simulation complete.
l1-icache
 Metrics		      Total	      Instrn	       Data	       Read	      Write	       Misc
 -----------------	      ------	      ------	      ------	      ------	      ------	      ------
 Demand Fetches		  1999999931	  1999999931	           0	           0	           0	           0
  Fraction of total	      1.0000	      1.0000	      0.0000	      0.0000	      0.0000	      0.0000

 Demand Misses		         751	         751	           0	           0	           0	           0
  Demand miss rate	      0.0000	      0.0000	      0.0000	      0.0000	      0.0000	      0.0000

 Multi-block refs                 0
 Bytes From Memory	       48064
 ( / Demand Fetches)	      0.0000
 Bytes To Memory	           0
 ( / Demand Writes)	      0.0000
 Total Bytes r/w Mem	       48064
 ( / Demand Fetches)	      0.0000

l1-dcache
 Metrics		      Total	      Instrn	       Data	       Read	      Write	       Misc
 -----------------	      ------	      ------	      ------	      ------	      ------	      ------
 Demand Fetches		   493776813	           0	   493776813	   387265028	   106511785	           0
  Fraction of total	      1.0000	      0.0000	      1.0000	      0.7843	      0.2157	      0.0000

 Demand Misses		     1168903	           0	     1168903	     1152246	       16657	           0
  Demand miss rate	      0.0024	      0.0000	      0.0024	      0.0030	      0.0002	      0.0000

 Multi-block refs                 0
 Bytes From Memory	    74809792
 ( / Demand Fetches)	      0.1515
 Bytes To Memory	     3172160
 ( / Demand Writes)	      0.0298
 Total Bytes r/w Mem	    77981952
 ( / Demand Fetches)	      0.1579

l2-dcache
 Metrics		      Total	      Instrn	       Data	       Read	      Write	       Misc
 -----------------	      ------	      ------	      ------	      ------	      ------	      ------
 Demand Fetches		     1218468	           0	     1218468	     1168903	       49565	           0
  Fraction of total	      1.0000	      0.0000	      1.0000	      0.9593	      0.0407	      0.0000

 Demand Misses		     1081060	           0	     1081060	     1073174	        7886	           0
  Demand miss rate	      0.8872	      0.0000	      0.8872	      0.9181	      0.1591	      0.0000

 Multi-block refs                 0
 Bytes From Memory	    68683136
 ( / Demand Fetches)	     56.3684
 Bytes To Memory	      648576
 ( / Demand Writes)	     13.0854
 Total Bytes r/w Mem	    69331712
 ( / Demand Fetches)	     56.9007

l3-dcache
 Metrics		      Total	      Instrn	       Data	       Read	      Write	       Misc
 -----------------	      ------	      ------	      ------	      ------	      ------	      ------
 Demand Fetches		     1083308	           0	     1083308	     1073174	       10134	           0
  Fraction of total	      1.0000	      0.0000	      1.0000	      0.9906	      0.0094	      0.0000

 Demand Misses		     1078567	           0	     1078567	     1070757	        7810	           0
  Demand miss rate	      0.9956	      0.0000	      0.9956	      0.9977	      0.7707	      0.0000

 Multi-block refs                 0
 Bytes From Memory	    68528448
 ( / Demand Fetches)	     63.2585
 Bytes To Memory	      542080
 ( / Demand Writes)	     53.4912
 Total Bytes r/w Mem	    69070528
 ( / Demand Fetches)	     63.7589

---Execution complete.
