tracename sixtrack_m2b
---Dinero IV cache simulator, version 7
---Written by Jan Edler and Mark D. Hill
---Copyright (C) 1997 NEC Research Institute, Inc. and Mark D. Hill.
---All rights reserved.
---Copyright (C) 1985, 1989 Mark D. Hill.  All rights reserved.
---See -copyright option for details

---Summary of options (-help option gives usage information).

-l1-isize 32768
-l1-dsize 32768
-l2-dsize 262144
-l3-dsize 33554432
-l1-ibsize 64
-l1-dbsize 64
-l2-dbsize 64
-l3-dbsize 64
-l1-isbsize 64
-l1-dsbsize 64
-l2-dsbsize 64
-l3-dsbsize 64
-l1-iassoc 8
-l1-dassoc 8
-l2-dassoc 8
-l3-dassoc 8
-l1-irepl l
-l1-drepl c
-l2-drepl c
-l3-drepl c
-l1-ifetch d
-l1-dfetch d
-l2-dfetch d
-l3-dfetch d
-l1-dwalloc a
-l2-dwalloc a
-l3-dwalloc a
-l1-dwback a
-l2-dwback a
-l3-dwback a
-skipcount 0
-flushcount 0
-maxcount 0
-stat-interval 0
-informat s
-on-trigger 0x0
-off-trigger 0x0

---Simulation begins.
---Simulation complete.
l1-icache
 Metrics		      Total	      Instrn	       Data	       Read	      Write	       Misc
 -----------------	      ------	      ------	      ------	      ------	      ------	      ------
 Demand Fetches		  1999999931	  1999999931	           0	           0	           0	           0
  Fraction of total	      1.0000	      1.0000	      0.0000	      0.0000	      0.0000	      0.0000

 Demand Misses		         751	         751	           0	           0	           0	           0
  Demand miss rate	      0.0000	      0.0000	      0.0000	      0.0000	      0.0000	      0.0000

 Multi-block refs                 0
 Bytes From Memory	       48064
 ( / Demand Fetches)	      0.0000
 Bytes To Memory	           0
 ( / Demand Writes)	      0.0000
 Total Bytes r/w Mem	       48064
 ( / Demand Fetches)	      0.0000

l1-dcache
 Metrics		      Total	      Instrn	       Data	       Read	      Write	       Misc
 -----------------	      ------	      ------	      ------	      ------	      ------	      ------
 Demand Fetches		   493776813	           0	   493776813	   387265028	   106511785	           0
  Fraction of total	      1.0000	      0.0000	      1.0000	      0.7843	      0.2157	      0.0000

 Demand Misses		     1168940	           0	     1168940	     1152330	       16610	           0
  Demand miss rate	      0.0024	      0.0000	      0.0024	      0.0030	      0.0002	      0.0000

 Multi-block refs                 0
 Bytes From Memory	    74812160
 ( / Demand Fetches)	      0.1515
 Bytes To Memory	     3144192
 ( / Demand Writes)	      0.0295
 Total Bytes r/w Mem	    77956352
 ( / Demand Fetches)	      0.1579

l2-dcache
 Metrics		      Total	      Instrn	       Data	       Read	      Write	       Misc
 -----------------	      ------	      ------	      ------	      ------	      ------	      ------
 Demand Fetches		     1218068	           0	     1218068	     1168940	       49128	           0
  Fraction of total	      1.0000	      0.0000	      1.0000	      0.9597	      0.0403	      0.0000

 Demand Misses		     1081111	           0	     1081111	     1073233	        7878	           0
  Demand miss rate	      0.8876	      0.0000	      0.8876	      0.9181	      0.1604	      0.0000

 Multi-block refs                 0
 Bytes From Memory	    68686912
 ( / Demand Fetches)	     56.3900
 Bytes To Memory	      652160
 ( / Demand Writes)	     13.2747
 Total Bytes r/w Mem	    69339072
 ( / Demand Fetches)	     56.9255

l3-dcache
 Metrics		      Total	      Instrn	       Data	       Read	      Write	       Misc
 -----------------	      ------	      ------	      ------	      ------	      ------	      ------
 Demand Fetches		     1083423	           0	     1083423	     1073233	       10190	           0
  Fraction of total	      1.0000	      0.0000	      1.0000	      0.9906	      0.0094	      0.0000

 Demand Misses		       24820	           0	       24820	       24820	           0	           0
  Demand miss rate	      0.0229	      0.0000	      0.0229	      0.0231	      0.0000	      0.0000

 Multi-block refs                 0
 Bytes From Memory	     1588480
 ( / Demand Fetches)	      1.4662
 Bytes To Memory	        7936
 ( / Demand Writes)	      0.7788
 Total Bytes r/w Mem	     1596416
 ( / Demand Fetches)	      1.4735

---Execution complete.
