tracename eon_m2b
---Dinero IV cache simulator, version 7
---Written by Jan Edler and Mark D. Hill
---Copyright (C) 1997 NEC Research Institute, Inc. and Mark D. Hill.
---All rights reserved.
---Copyright (C) 1985, 1989 Mark D. Hill.  All rights reserved.
---See -copyright option for details

---Summary of options (-help option gives usage information).

-l1-isize 32768
-l1-dsize 32768
-l2-dsize 262144
-l3-dsize 262144
-l1-ibsize 64
-l1-dbsize 64
-l2-dbsize 64
-l3-dbsize 64
-l1-isbsize 64
-l1-dsbsize 64
-l2-dsbsize 64
-l3-dsbsize 64
-l1-iassoc 8
-l1-dassoc 8
-l2-dassoc 8
-l3-dassoc 8
-l1-irepl l
-l1-drepl r
-l2-drepl r
-l3-drepl r
-l1-ifetch d
-l1-dfetch d
-l2-dfetch d
-l3-dfetch d
-l1-dwalloc a
-l2-dwalloc a
-l3-dwalloc a
-l1-dwback a
-l2-dwback a
-l3-dwback a
-skipcount 0
-flushcount 0
-maxcount 0
-stat-interval 0
-informat s
-on-trigger 0x0
-off-trigger 0x0

---Simulation begins.
---Simulation complete.
l1-icache
 Metrics		      Total	      Instrn	       Data	       Read	      Write	       Misc
 -----------------	      ------	      ------	      ------	      ------	      ------	      ------
 Demand Fetches		  1999999960	  1999999960	           0	           0	           0	           0
  Fraction of total	      1.0000	      1.0000	      0.0000	      0.0000	      0.0000	      0.0000

 Demand Misses		     1018843	     1018843	           0	           0	           0	           0
  Demand miss rate	      0.0005	      0.0005	      0.0000	      0.0000	      0.0000	      0.0000

 Multi-block refs                 0
 Bytes From Memory	    65205952
 ( / Demand Fetches)	      0.0326
 Bytes To Memory	           0
 ( / Demand Writes)	      0.0000
 Total Bytes r/w Mem	    65205952
 ( / Demand Fetches)	      0.0326

l1-dcache
 Metrics		      Total	      Instrn	       Data	       Read	      Write	       Misc
 -----------------	      ------	      ------	      ------	      ------	      ------	      ------
 Demand Fetches		   971571322	           0	   971571322	   586745187	   384826135	           0
  Fraction of total	      1.0000	      0.0000	      1.0000	      0.6039	      0.3961	      0.0000

 Demand Misses		     1404683	           0	     1404683	     1119600	      285083	           0
  Demand miss rate	      0.0014	      0.0000	      0.0014	      0.0019	      0.0007	      0.0000

 Multi-block refs                 0
 Bytes From Memory	    89899712
 ( / Demand Fetches)	      0.0925
 Bytes To Memory	    30102208
 ( / Demand Writes)	      0.0782
 Total Bytes r/w Mem	   120001920
 ( / Demand Fetches)	      0.1235

l2-dcache
 Metrics		      Total	      Instrn	       Data	       Read	      Write	       Misc
 -----------------	      ------	      ------	      ------	      ------	      ------	      ------
 Demand Fetches		     1875030	           0	     1875030	     1404683	      470347	           0
  Fraction of total	      1.0000	      0.0000	      1.0000	      0.7492	      0.2508	      0.0000

 Demand Misses		        1105	           0	        1105	        1105	           0	           0
  Demand miss rate	      0.0006	      0.0000	      0.0006	      0.0008	      0.0000	      0.0000

 Multi-block refs                 0
 Bytes From Memory	       70720
 ( / Demand Fetches)	      0.0377
 Bytes To Memory	       42944
 ( / Demand Writes)	      0.0913
 Total Bytes r/w Mem	      113664
 ( / Demand Fetches)	      0.0606

l3-dcache
 Metrics		      Total	      Instrn	       Data	       Read	      Write	       Misc
 -----------------	      ------	      ------	      ------	      ------	      ------	      ------
 Demand Fetches		        1776	           0	        1776	        1105	         671	           0
  Fraction of total	      1.0000	      0.0000	      1.0000	      0.6222	      0.3778	      0.0000

 Demand Misses		        1105	           0	        1105	        1105	           0	           0
  Demand miss rate	      0.6222	      0.0000	      0.6222	      1.0000	      0.0000	      0.0000

 Multi-block refs                 0
 Bytes From Memory	       70720
 ( / Demand Fetches)	     39.8198
 Bytes To Memory	       42944
 ( / Demand Writes)	     64.0000
 Total Bytes r/w Mem	      113664
 ( / Demand Fetches)	     64.0000

---Execution complete.
