tracename perlbmk_m2b
---Dinero IV cache simulator, version 7
---Written by Jan Edler and Mark D. Hill
---Copyright (C) 1997 NEC Research Institute, Inc. and Mark D. Hill.
---All rights reserved.
---Copyright (C) 1985, 1989 Mark D. Hill.  All rights reserved.
---See -copyright option for details

---Summary of options (-help option gives usage information).

-l1-isize 32768
-l1-dsize 32768
-l2-dsize 262144
-l3-dsize 4194304
-l1-ibsize 64
-l1-dbsize 64
-l2-dbsize 64
-l3-dbsize 64
-l1-isbsize 64
-l1-dsbsize 64
-l2-dsbsize 64
-l3-dsbsize 64
-l1-iassoc 8
-l1-dassoc 8
-l2-dassoc 8
-l3-dassoc 8
-l1-irepl l
-l1-drepl c
-l2-drepl c
-l3-drepl c
-l1-ifetch d
-l1-dfetch d
-l2-dfetch d
-l3-dfetch d
-l1-dwalloc a
-l2-dwalloc a
-l3-dwalloc a
-l1-dwback a
-l2-dwback a
-l3-dwback a
-skipcount 0
-flushcount 0
-maxcount 0
-stat-interval 0
-informat s
-on-trigger 0x0
-off-trigger 0x0

---Simulation begins.
---Simulation complete.
l1-icache
 Metrics		      Total	      Instrn	       Data	       Read	      Write	       Misc
 -----------------	      ------	      ------	      ------	      ------	      ------	      ------
 Demand Fetches		  1999999991	  1999999991	           0	           0	           0	           0
  Fraction of total	      1.0000	      1.0000	      0.0000	      0.0000	      0.0000	      0.0000

 Demand Misses		     1971175	     1971175	           0	           0	           0	           0
  Demand miss rate	      0.0010	      0.0010	      0.0000	      0.0000	      0.0000	      0.0000

 Multi-block refs                 0
 Bytes From Memory	   126155200
 ( / Demand Fetches)	      0.0631
 Bytes To Memory	           0
 ( / Demand Writes)	      0.0000
 Total Bytes r/w Mem	   126155200
 ( / Demand Fetches)	      0.0631

l1-dcache
 Metrics		      Total	      Instrn	       Data	       Read	      Write	       Misc
 -----------------	      ------	      ------	      ------	      ------	      ------	      ------
 Demand Fetches		   950119735	           0	   950119735	   578082078	   372037657	           0
  Fraction of total	      1.0000	      0.0000	      1.0000	      0.6084	      0.3916	      0.0000

 Demand Misses		     4121710	           0	     4121710	     3338112	      783598	           0
  Demand miss rate	      0.0043	      0.0000	      0.0043	      0.0058	      0.0021	      0.0000

 Multi-block refs          12576377
 Bytes From Memory	   263789440
 ( / Demand Fetches)	      0.2776
 Bytes To Memory	    82864960
 ( / Demand Writes)	      0.2227
 Total Bytes r/w Mem	   346654400
 ( / Demand Fetches)	      0.3649

l2-dcache
 Metrics		      Total	      Instrn	       Data	       Read	      Write	       Misc
 -----------------	      ------	      ------	      ------	      ------	      ------	      ------
 Demand Fetches		     5416475	           0	     5416475	     4121710	     1294765	           0
  Fraction of total	      1.0000	      0.0000	      1.0000	      0.7610	      0.2390	      0.0000

 Demand Misses		      963460	           0	      963460	      949521	       13939	           0
  Demand miss rate	      0.1779	      0.0000	      0.1779	      0.2304	      0.0108	      0.0000

 Multi-block refs                 0
 Bytes From Memory	    60769344
 ( / Demand Fetches)	     11.2194
 Bytes To Memory	    32190272
 ( / Demand Writes)	     24.8619
 Total Bytes r/w Mem	    92959616
 ( / Demand Fetches)	     17.1624

l3-dcache
 Metrics		      Total	      Instrn	       Data	       Read	      Write	       Misc
 -----------------	      ------	      ------	      ------	      ------	      ------	      ------
 Demand Fetches		     1452494	           0	     1452494	      949521	      502973	           0
  Fraction of total	      1.0000	      0.0000	      1.0000	      0.6537	      0.3463	      0.0000

 Demand Misses		      264494	           0	      264494	      262262	        2232	           0
  Demand miss rate	      0.1821	      0.0000	      0.1821	      0.2762	      0.0044	      0.0000

 Multi-block refs                 0
 Bytes From Memory	    16784768
 ( / Demand Fetches)	     11.5558
 Bytes To Memory	     9827008
 ( / Demand Writes)	     19.5378
 Total Bytes r/w Mem	    26611776
 ( / Demand Fetches)	     18.3214

---Execution complete.
