tracename perlbmk_m2b
---Dinero IV cache simulator, version 7
---Written by Jan Edler and Mark D. Hill
---Copyright (C) 1997 NEC Research Institute, Inc. and Mark D. Hill.
---All rights reserved.
---Copyright (C) 1985, 1989 Mark D. Hill.  All rights reserved.
---See -copyright option for details

---Summary of options (-help option gives usage information).

-l1-isize 32768
-l1-dsize 32768
-l2-dsize 262144
-l3-dsize 8388608
-l1-ibsize 64
-l1-dbsize 64
-l2-dbsize 64
-l3-dbsize 64
-l1-isbsize 64
-l1-dsbsize 64
-l2-dsbsize 64
-l3-dsbsize 64
-l1-iassoc 8
-l1-dassoc 8
-l2-dassoc 8
-l3-dassoc 8
-l1-irepl l
-l1-drepl r
-l2-drepl r
-l3-drepl r
-l1-ifetch d
-l1-dfetch d
-l2-dfetch d
-l3-dfetch d
-l1-dwalloc a
-l2-dwalloc a
-l3-dwalloc a
-l1-dwback a
-l2-dwback a
-l3-dwback a
-skipcount 0
-flushcount 0
-maxcount 0
-stat-interval 0
-informat s
-on-trigger 0x0
-off-trigger 0x0

---Simulation begins.
---Simulation complete.
l1-icache
 Metrics		      Total	      Instrn	       Data	       Read	      Write	       Misc
 -----------------	      ------	      ------	      ------	      ------	      ------	      ------
 Demand Fetches		  1999999991	  1999999991	           0	           0	           0	           0
  Fraction of total	      1.0000	      1.0000	      0.0000	      0.0000	      0.0000	      0.0000

 Demand Misses		     1971175	     1971175	           0	           0	           0	           0
  Demand miss rate	      0.0010	      0.0010	      0.0000	      0.0000	      0.0000	      0.0000

 Multi-block refs                 0
 Bytes From Memory	   126155200
 ( / Demand Fetches)	      0.0631
 Bytes To Memory	           0
 ( / Demand Writes)	      0.0000
 Total Bytes r/w Mem	   126155200
 ( / Demand Fetches)	      0.0631

l1-dcache
 Metrics		      Total	      Instrn	       Data	       Read	      Write	       Misc
 -----------------	      ------	      ------	      ------	      ------	      ------	      ------
 Demand Fetches		   950119735	           0	   950119735	   578082078	   372037657	           0
  Fraction of total	      1.0000	      0.0000	      1.0000	      0.6084	      0.3916	      0.0000

 Demand Misses		     4335839	           0	     4335839	     3495131	      840708	           0
  Demand miss rate	      0.0046	      0.0000	      0.0046	      0.0060	      0.0023	      0.0000

 Multi-block refs          12576377
 Bytes From Memory	   277493696
 ( / Demand Fetches)	      0.2921
 Bytes To Memory	    91382144
 ( / Demand Writes)	      0.2456
 Total Bytes r/w Mem	   368875840
 ( / Demand Fetches)	      0.3882

l2-dcache
 Metrics		      Total	      Instrn	       Data	       Read	      Write	       Misc
 -----------------	      ------	      ------	      ------	      ------	      ------	      ------
 Demand Fetches		     5763685	           0	     5763685	     4335839	     1427846	           0
  Fraction of total	      1.0000	      0.0000	      1.0000	      0.7523	      0.2477	      0.0000

 Demand Misses		     1086114	           0	     1086114	     1040298	       45816	           0
  Demand miss rate	      0.1884	      0.0000	      0.1884	      0.2399	      0.0321	      0.0000

 Multi-block refs                 0
 Bytes From Memory	    66579072
 ( / Demand Fetches)	     11.5515
 Bytes To Memory	    34601728
 ( / Demand Writes)	     24.2335
 Total Bytes r/w Mem	   101180800
 ( / Demand Fetches)	     17.5549

l3-dcache
 Metrics		      Total	      Instrn	       Data	       Read	      Write	       Misc
 -----------------	      ------	      ------	      ------	      ------	      ------	      ------
 Demand Fetches		     1580950	           0	     1580950	     1040298	      540652	           0
  Fraction of total	      1.0000	      0.0000	      1.0000	      0.6580	      0.3420	      0.0000

 Demand Misses		      201248	           0	      201248	      199701	        1547	           0
  Demand miss rate	      0.1273	      0.0000	      0.1273	      0.1920	      0.0029	      0.0000

 Multi-block refs                 0
 Bytes From Memory	    12780864
 ( / Demand Fetches)	      8.0843
 Bytes To Memory	     8578368
 ( / Demand Writes)	     15.8667
 Total Bytes r/w Mem	    21359232
 ( / Demand Fetches)	     13.5104

---Execution complete.
