tracename perlbmk_m2b
---Dinero IV cache simulator, version 7
---Written by Jan Edler and Mark D. Hill
---Copyright (C) 1997 NEC Research Institute, Inc. and Mark D. Hill.
---All rights reserved.
---Copyright (C) 1985, 1989 Mark D. Hill.  All rights reserved.
---See -copyright option for details

---Summary of options (-help option gives usage information).

-l1-isize 32768
-l1-dsize 32768
-l2-dsize 262144
-l3-dsize 33554432
-l1-ibsize 64
-l1-dbsize 64
-l2-dbsize 64
-l3-dbsize 64
-l1-isbsize 64
-l1-dsbsize 64
-l2-dsbsize 64
-l3-dsbsize 64
-l1-iassoc 8
-l1-dassoc 8
-l2-dassoc 8
-l3-dassoc 8
-l1-irepl l
-l1-drepl r
-l2-drepl r
-l3-drepl r
-l1-ifetch d
-l1-dfetch d
-l2-dfetch d
-l3-dfetch d
-l1-dwalloc a
-l2-dwalloc a
-l3-dwalloc a
-l1-dwback a
-l2-dwback a
-l3-dwback a
-skipcount 0
-flushcount 0
-maxcount 0
-stat-interval 0
-informat s
-on-trigger 0x0
-off-trigger 0x0

---Simulation begins.
---Simulation complete.
l1-icache
 Metrics		      Total	      Instrn	       Data	       Read	      Write	       Misc
 -----------------	      ------	      ------	      ------	      ------	      ------	      ------
 Demand Fetches		  1999999991	  1999999991	           0	           0	           0	           0
  Fraction of total	      1.0000	      1.0000	      0.0000	      0.0000	      0.0000	      0.0000

 Demand Misses		     1971175	     1971175	           0	           0	           0	           0
  Demand miss rate	      0.0010	      0.0010	      0.0000	      0.0000	      0.0000	      0.0000

 Multi-block refs                 0
 Bytes From Memory	   126155200
 ( / Demand Fetches)	      0.0631
 Bytes To Memory	           0
 ( / Demand Writes)	      0.0000
 Total Bytes r/w Mem	   126155200
 ( / Demand Fetches)	      0.0631

l1-dcache
 Metrics		      Total	      Instrn	       Data	       Read	      Write	       Misc
 -----------------	      ------	      ------	      ------	      ------	      ------	      ------
 Demand Fetches		   950119735	           0	   950119735	   578082078	   372037657	           0
  Fraction of total	      1.0000	      0.0000	      1.0000	      0.6084	      0.3916	      0.0000

 Demand Misses		     4336230	           0	     4336230	     3495846	      840384	           0
  Demand miss rate	      0.0046	      0.0000	      0.0046	      0.0060	      0.0023	      0.0000

 Multi-block refs          12576377
 Bytes From Memory	   277518720
 ( / Demand Fetches)	      0.2921
 Bytes To Memory	    91336192
 ( / Demand Writes)	      0.2455
 Total Bytes r/w Mem	   368854912
 ( / Demand Fetches)	      0.3882

l2-dcache
 Metrics		      Total	      Instrn	       Data	       Read	      Write	       Misc
 -----------------	      ------	      ------	      ------	      ------	      ------	      ------
 Demand Fetches		     5763358	           0	     5763358	     4336230	     1427128	           0
  Fraction of total	      1.0000	      0.0000	      1.0000	      0.7524	      0.2476	      0.0000

 Demand Misses		     1084512	           0	     1084512	     1039234	       45278	           0
  Demand miss rate	      0.1882	      0.0000	      0.1882	      0.2397	      0.0317	      0.0000

 Multi-block refs                 0
 Bytes From Memory	    66510976
 ( / Demand Fetches)	     11.5403
 Bytes To Memory	    34553600
 ( / Demand Writes)	     24.2120
 Total Bytes r/w Mem	   101064576
 ( / Demand Fetches)	     17.5357

l3-dcache
 Metrics		      Total	      Instrn	       Data	       Read	      Write	       Misc
 -----------------	      ------	      ------	      ------	      ------	      ------	      ------
 Demand Fetches		     1579134	           0	     1579134	     1039234	      539900	           0
  Fraction of total	      1.0000	      0.0000	      1.0000	      0.6581	      0.3419	      0.0000

 Demand Misses		      174849	           0	      174849	      174849	           0	           0
  Demand miss rate	      0.1107	      0.0000	      0.1107	      0.1682	      0.0000	      0.0000

 Multi-block refs                 0
 Bytes From Memory	    11190336
 ( / Demand Fetches)	      7.0864
 Bytes To Memory	     7988928
 ( / Demand Writes)	     14.7971
 Total Bytes r/w Mem	    19179264
 ( / Demand Fetches)	     12.1454

---Execution complete.
