tracename perlbmk_m2b
---Dinero IV cache simulator, version 7
---Written by Jan Edler and Mark D. Hill
---Copyright (C) 1997 NEC Research Institute, Inc. and Mark D. Hill.
---All rights reserved.
---Copyright (C) 1985, 1989 Mark D. Hill.  All rights reserved.
---See -copyright option for details

---Summary of options (-help option gives usage information).

-l1-isize 32768
-l1-dsize 32768
-l2-dsize 262144
-l3-dsize 33554432
-l1-ibsize 64
-l1-dbsize 64
-l2-dbsize 64
-l3-dbsize 64
-l1-isbsize 64
-l1-dsbsize 64
-l2-dsbsize 64
-l3-dsbsize 64
-l1-iassoc 8
-l1-dassoc 8
-l2-dassoc 8
-l3-dassoc 8
-l1-irepl l
-l1-drepl b
-l2-drepl b
-l3-drepl b
-l1-ifetch d
-l1-dfetch d
-l2-dfetch d
-l3-dfetch d
-l1-dwalloc a
-l2-dwalloc a
-l3-dwalloc a
-l1-dwback a
-l2-dwback a
-l3-dwback a
-skipcount 0
-flushcount 0
-maxcount 0
-stat-interval 0
-informat s
-on-trigger 0x0
-off-trigger 0x0

---Simulation begins.
---Simulation complete.
l1-icache
 Metrics		      Total	      Instrn	       Data	       Read	      Write	       Misc
 -----------------	      ------	      ------	      ------	      ------	      ------	      ------
 Demand Fetches		  1999999991	  1999999991	           0	           0	           0	           0
  Fraction of total	      1.0000	      1.0000	      0.0000	      0.0000	      0.0000	      0.0000

 Demand Misses		     1971175	     1971175	           0	           0	           0	           0
  Demand miss rate	      0.0010	      0.0010	      0.0000	      0.0000	      0.0000	      0.0000

 Multi-block refs                 0
 Bytes From Memory	   126155200
 ( / Demand Fetches)	      0.0631
 Bytes To Memory	           0
 ( / Demand Writes)	      0.0000
 Total Bytes r/w Mem	   126155200
 ( / Demand Fetches)	      0.0631

l1-dcache
 Metrics		      Total	      Instrn	       Data	       Read	      Write	       Misc
 -----------------	      ------	      ------	      ------	      ------	      ------	      ------
 Demand Fetches		   950119735	           0	   950119735	   578082078	   372037657	           0
  Fraction of total	      1.0000	      0.0000	      1.0000	      0.6084	      0.3916	      0.0000

 Demand Misses		     4169305	           0	     4169305	     3371337	      797968	           0
  Demand miss rate	      0.0044	      0.0000	      0.0044	      0.0058	      0.0021	      0.0000

 Multi-block refs          12576377
 Bytes From Memory	   266835520
 ( / Demand Fetches)	      0.2808
 Bytes To Memory	    84962944
 ( / Demand Writes)	      0.2284
 Total Bytes r/w Mem	   351798464
 ( / Demand Fetches)	      0.3703

l2-dcache
 Metrics		      Total	      Instrn	       Data	       Read	      Write	       Misc
 -----------------	      ------	      ------	      ------	      ------	      ------	      ------
 Demand Fetches		     5496851	           0	     5496851	     4169305	     1327546	           0
  Fraction of total	      1.0000	      0.0000	      1.0000	      0.7585	      0.2415	      0.0000

 Demand Misses		      996334	           0	      996334	      974976	       21358	           0
  Demand miss rate	      0.1813	      0.0000	      0.1813	      0.2338	      0.0161	      0.0000

 Multi-block refs                 0
 Bytes From Memory	    62398464
 ( / Demand Fetches)	     11.3517
 Bytes To Memory	    32807616
 ( / Demand Writes)	     24.7130
 Total Bytes r/w Mem	    95206080
 ( / Demand Fetches)	     17.3201

l3-dcache
 Metrics		      Total	      Instrn	       Data	       Read	      Write	       Misc
 -----------------	      ------	      ------	      ------	      ------	      ------	      ------
 Demand Fetches		     1487595	           0	     1487595	      974976	      512619	           0
  Fraction of total	      1.0000	      0.0000	      1.0000	      0.6554	      0.3446	      0.0000

 Demand Misses		      174850	           0	      174850	      174850	           0	           0
  Demand miss rate	      0.1175	      0.0000	      0.1175	      0.1793	      0.0000	      0.0000

 Multi-block refs                 0
 Bytes From Memory	    11190400
 ( / Demand Fetches)	      7.5225
 Bytes To Memory	     7988992
 ( / Demand Writes)	     15.5847
 Total Bytes r/w Mem	    19179392
 ( / Demand Fetches)	     12.8929

---Execution complete.
