tracename perlbmk_m2b
---Dinero IV cache simulator, version 7
---Written by Jan Edler and Mark D. Hill
---Copyright (C) 1997 NEC Research Institute, Inc. and Mark D. Hill.
---All rights reserved.
---Copyright (C) 1985, 1989 Mark D. Hill.  All rights reserved.
---See -copyright option for details

---Summary of options (-help option gives usage information).

-l1-isize 32768
-l1-dsize 32768
-l2-dsize 262144
-l3-dsize 4194304
-l1-ibsize 64
-l1-dbsize 64
-l2-dbsize 64
-l3-dbsize 64
-l1-isbsize 64
-l1-dsbsize 64
-l2-dsbsize 64
-l3-dsbsize 64
-l1-iassoc 8
-l1-dassoc 8
-l2-dassoc 8
-l3-dassoc 8
-l1-irepl l
-l1-drepl r
-l2-drepl r
-l3-drepl r
-l1-ifetch d
-l1-dfetch d
-l2-dfetch d
-l3-dfetch d
-l1-dwalloc a
-l2-dwalloc a
-l3-dwalloc a
-l1-dwback a
-l2-dwback a
-l3-dwback a
-skipcount 0
-flushcount 0
-maxcount 0
-stat-interval 0
-informat s
-on-trigger 0x0
-off-trigger 0x0

---Simulation begins.
---Simulation complete.
l1-icache
 Metrics		      Total	      Instrn	       Data	       Read	      Write	       Misc
 -----------------	      ------	      ------	      ------	      ------	      ------	      ------
 Demand Fetches		  1999999991	  1999999991	           0	           0	           0	           0
  Fraction of total	      1.0000	      1.0000	      0.0000	      0.0000	      0.0000	      0.0000

 Demand Misses		     1971175	     1971175	           0	           0	           0	           0
  Demand miss rate	      0.0010	      0.0010	      0.0000	      0.0000	      0.0000	      0.0000

 Multi-block refs                 0
 Bytes From Memory	   126155200
 ( / Demand Fetches)	      0.0631
 Bytes To Memory	           0
 ( / Demand Writes)	      0.0000
 Total Bytes r/w Mem	   126155200
 ( / Demand Fetches)	      0.0631

l1-dcache
 Metrics		      Total	      Instrn	       Data	       Read	      Write	       Misc
 -----------------	      ------	      ------	      ------	      ------	      ------	      ------
 Demand Fetches		   950119735	           0	   950119735	   578082078	   372037657	           0
  Fraction of total	      1.0000	      0.0000	      1.0000	      0.6084	      0.3916	      0.0000

 Demand Misses		     4334948	           0	     4334948	     3495358	      839590	           0
  Demand miss rate	      0.0046	      0.0000	      0.0046	      0.0060	      0.0023	      0.0000

 Multi-block refs          12576377
 Bytes From Memory	   277436672
 ( / Demand Fetches)	      0.2920
 Bytes To Memory	    91334656
 ( / Demand Writes)	      0.2455
 Total Bytes r/w Mem	   368771328
 ( / Demand Fetches)	      0.3881

l2-dcache
 Metrics		      Total	      Instrn	       Data	       Read	      Write	       Misc
 -----------------	      ------	      ------	      ------	      ------	      ------	      ------
 Demand Fetches		     5762052	           0	     5762052	     4334948	     1427104	           0
  Fraction of total	      1.0000	      0.0000	      1.0000	      0.7523	      0.2477	      0.0000

 Demand Misses		     1084957	           0	     1084957	     1039911	       45046	           0
  Demand miss rate	      0.1883	      0.0000	      0.1883	      0.2399	      0.0316	      0.0000

 Multi-block refs                 0
 Bytes From Memory	    66554304
 ( / Demand Fetches)	     11.5505
 Bytes To Memory	    34566784
 ( / Demand Writes)	     24.2216
 Total Bytes r/w Mem	   101121088
 ( / Demand Fetches)	     17.5495

l3-dcache
 Metrics		      Total	      Instrn	       Data	       Read	      Write	       Misc
 -----------------	      ------	      ------	      ------	      ------	      ------	      ------
 Demand Fetches		     1580017	           0	     1580017	     1039911	      540106	           0
  Fraction of total	      1.0000	      0.0000	      1.0000	      0.6582	      0.3418	      0.0000

 Demand Misses		      278004	           0	      278004	      270427	        7577	           0
  Demand miss rate	      0.1760	      0.0000	      0.1760	      0.2600	      0.0140	      0.0000

 Multi-block refs                 0
 Bytes From Memory	    17307328
 ( / Demand Fetches)	     10.9539
 Bytes To Memory	    10344960
 ( / Demand Writes)	     19.1536
 Total Bytes r/w Mem	    27652288
 ( / Demand Fetches)	     17.5013

---Execution complete.
