tracename perlbmk_m2b
---Dinero IV cache simulator, version 7
---Written by Jan Edler and Mark D. Hill
---Copyright (C) 1997 NEC Research Institute, Inc. and Mark D. Hill.
---All rights reserved.
---Copyright (C) 1985, 1989 Mark D. Hill.  All rights reserved.
---See -copyright option for details

---Summary of options (-help option gives usage information).

-l1-isize 32768
-l1-dsize 32768
-l2-dsize 262144
-l3-dsize 2097152
-l1-ibsize 64
-l1-dbsize 64
-l2-dbsize 64
-l3-dbsize 64
-l1-isbsize 64
-l1-dsbsize 64
-l2-dsbsize 64
-l3-dsbsize 64
-l1-iassoc 8
-l1-dassoc 8
-l2-dassoc 8
-l3-dassoc 8
-l1-irepl l
-l1-drepl c
-l2-drepl c
-l3-drepl c
-l1-ifetch d
-l1-dfetch d
-l2-dfetch d
-l3-dfetch d
-l1-dwalloc a
-l2-dwalloc a
-l3-dwalloc a
-l1-dwback a
-l2-dwback a
-l3-dwback a
-skipcount 0
-flushcount 0
-maxcount 0
-stat-interval 0
-informat s
-on-trigger 0x0
-off-trigger 0x0

---Simulation begins.
---Simulation complete.
l1-icache
 Metrics		      Total	      Instrn	       Data	       Read	      Write	       Misc
 -----------------	      ------	      ------	      ------	      ------	      ------	      ------
 Demand Fetches		  1999999991	  1999999991	           0	           0	           0	           0
  Fraction of total	      1.0000	      1.0000	      0.0000	      0.0000	      0.0000	      0.0000

 Demand Misses		     1971175	     1971175	           0	           0	           0	           0
  Demand miss rate	      0.0010	      0.0010	      0.0000	      0.0000	      0.0000	      0.0000

 Multi-block refs                 0
 Bytes From Memory	   126155200
 ( / Demand Fetches)	      0.0631
 Bytes To Memory	           0
 ( / Demand Writes)	      0.0000
 Total Bytes r/w Mem	   126155200
 ( / Demand Fetches)	      0.0631

l1-dcache
 Metrics		      Total	      Instrn	       Data	       Read	      Write	       Misc
 -----------------	      ------	      ------	      ------	      ------	      ------	      ------
 Demand Fetches		   950119735	           0	   950119735	   578082078	   372037657	           0
  Fraction of total	      1.0000	      0.0000	      1.0000	      0.6084	      0.3916	      0.0000

 Demand Misses		     4121518	           0	     4121518	     3338053	      783465	           0
  Demand miss rate	      0.0043	      0.0000	      0.0043	      0.0058	      0.0021	      0.0000

 Multi-block refs          12576377
 Bytes From Memory	   263777152
 ( / Demand Fetches)	      0.2776
 Bytes To Memory	    82827136
 ( / Demand Writes)	      0.2226
 Total Bytes r/w Mem	   346604288
 ( / Demand Fetches)	      0.3648

l2-dcache
 Metrics		      Total	      Instrn	       Data	       Read	      Write	       Misc
 -----------------	      ------	      ------	      ------	      ------	      ------	      ------
 Demand Fetches		     5415692	           0	     5415692	     4121518	     1294174	           0
  Fraction of total	      1.0000	      0.0000	      1.0000	      0.7610	      0.2390	      0.0000

 Demand Misses		      963397	           0	      963397	      949365	       14032	           0
  Demand miss rate	      0.1779	      0.0000	      0.1779	      0.2303	      0.0108	      0.0000

 Multi-block refs                 0
 Bytes From Memory	    60759360
 ( / Demand Fetches)	     11.2191
 Bytes To Memory	    32184896
 ( / Demand Writes)	     24.8691
 Total Bytes r/w Mem	    92944256
 ( / Demand Fetches)	     17.1620

l3-dcache
 Metrics		      Total	      Instrn	       Data	       Read	      Write	       Misc
 -----------------	      ------	      ------	      ------	      ------	      ------	      ------
 Demand Fetches		     1452254	           0	     1452254	      949365	      502889	           0
  Fraction of total	      1.0000	      0.0000	      1.0000	      0.6537	      0.3463	      0.0000

 Demand Misses		      339599	           0	      339599	      331843	        7756	           0
  Demand miss rate	      0.2338	      0.0000	      0.2338	      0.3495	      0.0154	      0.0000

 Multi-block refs                 0
 Bytes From Memory	    21237952
 ( / Demand Fetches)	     14.6241
 Bytes To Memory	    12250432
 ( / Demand Writes)	     24.3601
 Total Bytes r/w Mem	    33488384
 ( / Demand Fetches)	     23.0596

---Execution complete.
