tracename perlbmk_m2b
---Dinero IV cache simulator, version 7
---Written by Jan Edler and Mark D. Hill
---Copyright (C) 1997 NEC Research Institute, Inc. and Mark D. Hill.
---All rights reserved.
---Copyright (C) 1985, 1989 Mark D. Hill.  All rights reserved.
---See -copyright option for details

---Summary of options (-help option gives usage information).

-l1-isize 32768
-l1-dsize 32768
-l2-dsize 262144
-l3-dsize 16777216
-l1-ibsize 64
-l1-dbsize 64
-l2-dbsize 64
-l3-dbsize 64
-l1-isbsize 64
-l1-dsbsize 64
-l2-dsbsize 64
-l3-dsbsize 64
-l1-iassoc 8
-l1-dassoc 8
-l2-dassoc 8
-l3-dassoc 8
-l1-irepl l
-l1-drepl b
-l2-drepl b
-l3-drepl b
-l1-ifetch d
-l1-dfetch d
-l2-dfetch d
-l3-dfetch d
-l1-dwalloc a
-l2-dwalloc a
-l3-dwalloc a
-l1-dwback a
-l2-dwback a
-l3-dwback a
-skipcount 0
-flushcount 0
-maxcount 0
-stat-interval 0
-informat s
-on-trigger 0x0
-off-trigger 0x0

---Simulation begins.
---Simulation complete.
l1-icache
 Metrics		      Total	      Instrn	       Data	       Read	      Write	       Misc
 -----------------	      ------	      ------	      ------	      ------	      ------	      ------
 Demand Fetches		  1999999991	  1999999991	           0	           0	           0	           0
  Fraction of total	      1.0000	      1.0000	      0.0000	      0.0000	      0.0000	      0.0000

 Demand Misses		     1971175	     1971175	           0	           0	           0	           0
  Demand miss rate	      0.0010	      0.0010	      0.0000	      0.0000	      0.0000	      0.0000

 Multi-block refs                 0
 Bytes From Memory	   126155200
 ( / Demand Fetches)	      0.0631
 Bytes To Memory	           0
 ( / Demand Writes)	      0.0000
 Total Bytes r/w Mem	   126155200
 ( / Demand Fetches)	      0.0631

l1-dcache
 Metrics		      Total	      Instrn	       Data	       Read	      Write	       Misc
 -----------------	      ------	      ------	      ------	      ------	      ------	      ------
 Demand Fetches		   950119735	           0	   950119735	   578082078	   372037657	           0
  Fraction of total	      1.0000	      0.0000	      1.0000	      0.6084	      0.3916	      0.0000

 Demand Misses		     4169480	           0	     4169480	     3371753	      797727	           0
  Demand miss rate	      0.0044	      0.0000	      0.0044	      0.0058	      0.0021	      0.0000

 Multi-block refs          12576377
 Bytes From Memory	   266846720
 ( / Demand Fetches)	      0.2809
 Bytes To Memory	    84922496
 ( / Demand Writes)	      0.2283
 Total Bytes r/w Mem	   351769216
 ( / Demand Fetches)	      0.3702

l2-dcache
 Metrics		      Total	      Instrn	       Data	       Read	      Write	       Misc
 -----------------	      ------	      ------	      ------	      ------	      ------	      ------
 Demand Fetches		     5496394	           0	     5496394	     4169480	     1326914	           0
  Fraction of total	      1.0000	      0.0000	      1.0000	      0.7586	      0.2414	      0.0000

 Demand Misses		      996317	           0	      996317	      974884	       21433	           0
  Demand miss rate	      0.1813	      0.0000	      0.1813	      0.2338	      0.0162	      0.0000

 Multi-block refs                 0
 Bytes From Memory	    62392576
 ( / Demand Fetches)	     11.3515
 Bytes To Memory	    32801984
 ( / Demand Writes)	     24.7205
 Total Bytes r/w Mem	    95194560
 ( / Demand Fetches)	     17.3195

l3-dcache
 Metrics		      Total	      Instrn	       Data	       Read	      Write	       Misc
 -----------------	      ------	      ------	      ------	      ------	      ------	      ------
 Demand Fetches		     1487415	           0	     1487415	      974884	      512531	           0
  Fraction of total	      1.0000	      0.0000	      1.0000	      0.6554	      0.3446	      0.0000

 Demand Misses		      175429	           0	      175429	      175407	          22	           0
  Demand miss rate	      0.1179	      0.0000	      0.1179	      0.1799	      0.0000	      0.0000

 Multi-block refs                 0
 Bytes From Memory	    11226048
 ( / Demand Fetches)	      7.5474
 Bytes To Memory	     8000320
 ( / Demand Writes)	     15.6094
 Total Bytes r/w Mem	    19226368
 ( / Demand Fetches)	     12.9260

---Execution complete.
