tracename perlbmk_m2b
---Dinero IV cache simulator, version 7
---Written by Jan Edler and Mark D. Hill
---Copyright (C) 1997 NEC Research Institute, Inc. and Mark D. Hill.
---All rights reserved.
---Copyright (C) 1985, 1989 Mark D. Hill.  All rights reserved.
---See -copyright option for details

---Summary of options (-help option gives usage information).

-l1-isize 32768
-l1-dsize 32768
-l2-dsize 262144
-l3-dsize 524288
-l1-ibsize 64
-l1-dbsize 64
-l2-dbsize 64
-l3-dbsize 64
-l1-isbsize 64
-l1-dsbsize 64
-l2-dsbsize 64
-l3-dsbsize 64
-l1-iassoc 8
-l1-dassoc 8
-l2-dassoc 8
-l3-dassoc 8
-l1-irepl l
-l1-drepl b
-l2-drepl b
-l3-drepl b
-l1-ifetch d
-l1-dfetch d
-l2-dfetch d
-l3-dfetch d
-l1-dwalloc a
-l2-dwalloc a
-l3-dwalloc a
-l1-dwback a
-l2-dwback a
-l3-dwback a
-skipcount 0
-flushcount 0
-maxcount 0
-stat-interval 0
-informat s
-on-trigger 0x0
-off-trigger 0x0

---Simulation begins.
---Simulation complete.
l1-icache
 Metrics		      Total	      Instrn	       Data	       Read	      Write	       Misc
 -----------------	      ------	      ------	      ------	      ------	      ------	      ------
 Demand Fetches		  1999999991	  1999999991	           0	           0	           0	           0
  Fraction of total	      1.0000	      1.0000	      0.0000	      0.0000	      0.0000	      0.0000

 Demand Misses		     1971175	     1971175	           0	           0	           0	           0
  Demand miss rate	      0.0010	      0.0010	      0.0000	      0.0000	      0.0000	      0.0000

 Multi-block refs                 0
 Bytes From Memory	   126155200
 ( / Demand Fetches)	      0.0631
 Bytes To Memory	           0
 ( / Demand Writes)	      0.0000
 Total Bytes r/w Mem	   126155200
 ( / Demand Fetches)	      0.0631

l1-dcache
 Metrics		      Total	      Instrn	       Data	       Read	      Write	       Misc
 -----------------	      ------	      ------	      ------	      ------	      ------	      ------
 Demand Fetches		   950119735	           0	   950119735	   578082078	   372037657	           0
  Fraction of total	      1.0000	      0.0000	      1.0000	      0.6084	      0.3916	      0.0000

 Demand Misses		     4168734	           0	     4168734	     3370809	      797925	           0
  Demand miss rate	      0.0044	      0.0000	      0.0044	      0.0058	      0.0021	      0.0000

 Multi-block refs          12576377
 Bytes From Memory	   266798976
 ( / Demand Fetches)	      0.2808
 Bytes To Memory	    84916416
 ( / Demand Writes)	      0.2282
 Total Bytes r/w Mem	   351715392
 ( / Demand Fetches)	      0.3702

l2-dcache
 Metrics		      Total	      Instrn	       Data	       Read	      Write	       Misc
 -----------------	      ------	      ------	      ------	      ------	      ------	      ------
 Demand Fetches		     5495553	           0	     5495553	     4168734	     1326819	           0
  Fraction of total	      1.0000	      0.0000	      1.0000	      0.7586	      0.2414	      0.0000

 Demand Misses		      996200	           0	      996200	      975086	       21114	           0
  Demand miss rate	      0.1813	      0.0000	      0.1813	      0.2339	      0.0159	      0.0000

 Multi-block refs                 0
 Bytes From Memory	    62405504
 ( / Demand Fetches)	     11.3556
 Bytes To Memory	    32828224
 ( / Demand Writes)	     24.7421
 Total Bytes r/w Mem	    95233728
 ( / Demand Fetches)	     17.3292

l3-dcache
 Metrics		      Total	      Instrn	       Data	       Read	      Write	       Misc
 -----------------	      ------	      ------	      ------	      ------	      ------	      ------
 Demand Fetches		     1488027	           0	     1488027	      975086	      512941	           0
  Fraction of total	      1.0000	      0.0000	      1.0000	      0.6553	      0.3447	      0.0000

 Demand Misses		      712011	           0	      712011	      577079	      134932	           0
  Demand miss rate	      0.4785	      0.0000	      0.4785	      0.5918	      0.2631	      0.0000

 Multi-block refs                 0
 Bytes From Memory	    36933056
 ( / Demand Fetches)	     24.8202
 Bytes To Memory	    22924096
 ( / Demand Writes)	     44.6915
 Total Bytes r/w Mem	    59857152
 ( / Demand Fetches)	     40.2259

---Execution complete.
