tracename perlbmk_m2b
---Dinero IV cache simulator, version 7
---Written by Jan Edler and Mark D. Hill
---Copyright (C) 1997 NEC Research Institute, Inc. and Mark D. Hill.
---All rights reserved.
---Copyright (C) 1985, 1989 Mark D. Hill.  All rights reserved.
---See -copyright option for details

---Summary of options (-help option gives usage information).

-l1-isize 32768
-l1-dsize 32768
-l2-dsize 262144
-l3-dsize 2097152
-l1-ibsize 64
-l1-dbsize 64
-l2-dbsize 64
-l3-dbsize 64
-l1-isbsize 64
-l1-dsbsize 64
-l2-dsbsize 64
-l3-dsbsize 64
-l1-iassoc 8
-l1-dassoc 8
-l2-dassoc 8
-l3-dassoc 8
-l1-irepl l
-l1-drepl r
-l2-drepl r
-l3-drepl r
-l1-ifetch d
-l1-dfetch d
-l2-dfetch d
-l3-dfetch d
-l1-dwalloc a
-l2-dwalloc a
-l3-dwalloc a
-l1-dwback a
-l2-dwback a
-l3-dwback a
-skipcount 0
-flushcount 0
-maxcount 0
-stat-interval 0
-informat s
-on-trigger 0x0
-off-trigger 0x0

---Simulation begins.
---Simulation complete.
l1-icache
 Metrics		      Total	      Instrn	       Data	       Read	      Write	       Misc
 -----------------	      ------	      ------	      ------	      ------	      ------	      ------
 Demand Fetches		  1999999991	  1999999991	           0	           0	           0	           0
  Fraction of total	      1.0000	      1.0000	      0.0000	      0.0000	      0.0000	      0.0000

 Demand Misses		     1971175	     1971175	           0	           0	           0	           0
  Demand miss rate	      0.0010	      0.0010	      0.0000	      0.0000	      0.0000	      0.0000

 Multi-block refs                 0
 Bytes From Memory	   126155200
 ( / Demand Fetches)	      0.0631
 Bytes To Memory	           0
 ( / Demand Writes)	      0.0000
 Total Bytes r/w Mem	   126155200
 ( / Demand Fetches)	      0.0631

l1-dcache
 Metrics		      Total	      Instrn	       Data	       Read	      Write	       Misc
 -----------------	      ------	      ------	      ------	      ------	      ------	      ------
 Demand Fetches		   950119735	           0	   950119735	   578082078	   372037657	           0
  Fraction of total	      1.0000	      0.0000	      1.0000	      0.6084	      0.3916	      0.0000

 Demand Misses		     4334744	           0	     4334744	     3494557	      840187	           0
  Demand miss rate	      0.0046	      0.0000	      0.0046	      0.0060	      0.0023	      0.0000

 Multi-block refs          12576377
 Bytes From Memory	   277423616
 ( / Demand Fetches)	      0.2920
 Bytes To Memory	    91339584
 ( / Demand Writes)	      0.2455
 Total Bytes r/w Mem	   368763200
 ( / Demand Fetches)	      0.3881

l2-dcache
 Metrics		      Total	      Instrn	       Data	       Read	      Write	       Misc
 -----------------	      ------	      ------	      ------	      ------	      ------	      ------
 Demand Fetches		     5761925	           0	     5761925	     4334744	     1427181	           0
  Fraction of total	      1.0000	      0.0000	      1.0000	      0.7523	      0.2477	      0.0000

 Demand Misses		     1083508	           0	     1083508	     1038404	       45104	           0
  Demand miss rate	      0.1880	      0.0000	      0.1880	      0.2396	      0.0316	      0.0000

 Multi-block refs                 0
 Bytes From Memory	    66457856
 ( / Demand Fetches)	     11.5340
 Bytes To Memory	    34560320
 ( / Demand Writes)	     24.2158
 Total Bytes r/w Mem	   101018176
 ( / Demand Fetches)	     17.5320

l3-dcache
 Metrics		      Total	      Instrn	       Data	       Read	      Write	       Misc
 -----------------	      ------	      ------	      ------	      ------	      ------	      ------
 Demand Fetches		     1578409	           0	     1578409	     1038404	      540005	           0
  Fraction of total	      1.0000	      0.0000	      1.0000	      0.6579	      0.3421	      0.0000

 Demand Misses		      374427	           0	      374427	      352657	       21770	           0
  Demand miss rate	      0.2372	      0.0000	      0.2372	      0.3396	      0.0403	      0.0000

 Multi-block refs                 0
 Bytes From Memory	    22570048
 ( / Demand Fetches)	     14.2992
 Bytes To Memory	    13460416
 ( / Demand Writes)	     24.9265
 Total Bytes r/w Mem	    36030464
 ( / Demand Fetches)	     22.8271

---Execution complete.
