tracename gap_m2b
---Dinero IV cache simulator, version 7
---Written by Jan Edler and Mark D. Hill
---Copyright (C) 1997 NEC Research Institute, Inc. and Mark D. Hill.
---All rights reserved.
---Copyright (C) 1985, 1989 Mark D. Hill.  All rights reserved.
---See -copyright option for details

---Summary of options (-help option gives usage information).

-l1-isize 32768
-l1-dsize 32768
-l2-dsize 262144
-l3-dsize 4194304
-l1-ibsize 64
-l1-dbsize 64
-l2-dbsize 64
-l3-dbsize 64
-l1-isbsize 64
-l1-dsbsize 64
-l2-dsbsize 64
-l3-dsbsize 64
-l1-iassoc 8
-l1-dassoc 8
-l2-dassoc 8
-l3-dassoc 8
-l1-irepl l
-l1-drepl r
-l2-drepl r
-l3-drepl r
-l1-ifetch d
-l1-dfetch d
-l2-dfetch d
-l3-dfetch d
-l1-dwalloc a
-l2-dwalloc a
-l3-dwalloc a
-l1-dwback a
-l2-dwback a
-l3-dwback a
-skipcount 0
-flushcount 0
-maxcount 0
-stat-interval 0
-informat s
-on-trigger 0x0
-off-trigger 0x0

---Simulation begins.
---Simulation complete.
l1-icache
 Metrics		      Total	      Instrn	       Data	       Read	      Write	       Misc
 -----------------	      ------	      ------	      ------	      ------	      ------	      ------
 Demand Fetches		  1999999996	  1999999996	           0	           0	           0	           0
  Fraction of total	      1.0000	      1.0000	      0.0000	      0.0000	      0.0000	      0.0000

 Demand Misses		         321	         321	           0	           0	           0	           0
  Demand miss rate	      0.0000	      0.0000	      0.0000	      0.0000	      0.0000	      0.0000

 Multi-block refs                 0
 Bytes From Memory	       20544
 ( / Demand Fetches)	      0.0000
 Bytes To Memory	           0
 ( / Demand Writes)	      0.0000
 Total Bytes r/w Mem	       20544
 ( / Demand Fetches)	      0.0000

l1-dcache
 Metrics		      Total	      Instrn	       Data	       Read	      Write	       Misc
 -----------------	      ------	      ------	      ------	      ------	      ------	      ------
 Demand Fetches		   769859181	           0	   769859181	   559249997	   210609184	           0
  Fraction of total	      1.0000	      0.0000	      1.0000	      0.7264	      0.2736	      0.0000

 Demand Misses		     7932672	           0	     7932672	     3634398	     4298274	           0
  Demand miss rate	      0.0103	      0.0000	      0.0103	      0.0065	      0.0204	      0.0000

 Multi-block refs           2595851
 Bytes From Memory	   507691008
 ( / Demand Fetches)	      0.6595
 Bytes To Memory	   345643456
 ( / Demand Writes)	      1.6412
 Total Bytes r/w Mem	   853334464
 ( / Demand Fetches)	      1.1084

l2-dcache
 Metrics		      Total	      Instrn	       Data	       Read	      Write	       Misc
 -----------------	      ------	      ------	      ------	      ------	      ------	      ------
 Demand Fetches		    13333351	           0	    13333351	     7932672	     5400679	           0
  Fraction of total	      1.0000	      0.0000	      1.0000	      0.5949	      0.4051	      0.0000

 Demand Misses		     7392308	           0	     7392308	     6991915	      400393	           0
  Demand miss rate	      0.5544	      0.0000	      0.5544	      0.8814	      0.0741	      0.0000

 Multi-block refs                 0
 Bytes From Memory	   447482560
 ( / Demand Fetches)	     33.5611
 Bytes To Memory	   333733952
 ( / Demand Writes)	     61.7948
 Total Bytes r/w Mem	   781216512
 ( / Demand Fetches)	     58.5912

l3-dcache
 Metrics		      Total	      Instrn	       Data	       Read	      Write	       Misc
 -----------------	      ------	      ------	      ------	      ------	      ------	      ------
 Demand Fetches		    12206508	           0	    12206508	     6991915	     5214593	           0
  Fraction of total	      1.0000	      0.0000	      1.0000	      0.5728	      0.4272	      0.0000

 Demand Misses		     7074987	           0	     7074987	     6913071	      161916	           0
  Demand miss rate	      0.5796	      0.0000	      0.5796	      0.9887	      0.0311	      0.0000

 Multi-block refs                 0
 Bytes From Memory	   442436544
 ( / Demand Fetches)	     36.2460
 Bytes To Memory	   331564800
 ( / Demand Writes)	     63.5840
 Total Bytes r/w Mem	   774001344
 ( / Demand Fetches)	     63.4089

---Execution complete.
