tracename gap_m2b
---Dinero IV cache simulator, version 7
---Written by Jan Edler and Mark D. Hill
---Copyright (C) 1997 NEC Research Institute, Inc. and Mark D. Hill.
---All rights reserved.
---Copyright (C) 1985, 1989 Mark D. Hill.  All rights reserved.
---See -copyright option for details

---Summary of options (-help option gives usage information).

-l1-isize 32768
-l1-dsize 32768
-l2-dsize 262144
-l3-dsize 33554432
-l1-ibsize 64
-l1-dbsize 64
-l2-dbsize 64
-l3-dbsize 64
-l1-isbsize 64
-l1-dsbsize 64
-l2-dsbsize 64
-l3-dsbsize 64
-l1-iassoc 8
-l1-dassoc 8
-l2-dassoc 8
-l3-dassoc 8
-l1-irepl l
-l1-drepl c
-l2-drepl c
-l3-drepl c
-l1-ifetch d
-l1-dfetch d
-l2-dfetch d
-l3-dfetch d
-l1-dwalloc a
-l2-dwalloc a
-l3-dwalloc a
-l1-dwback a
-l2-dwback a
-l3-dwback a
-skipcount 0
-flushcount 0
-maxcount 0
-stat-interval 0
-informat s
-on-trigger 0x0
-off-trigger 0x0

---Simulation begins.
---Simulation complete.
l1-icache
 Metrics		      Total	      Instrn	       Data	       Read	      Write	       Misc
 -----------------	      ------	      ------	      ------	      ------	      ------	      ------
 Demand Fetches		  1999999996	  1999999996	           0	           0	           0	           0
  Fraction of total	      1.0000	      1.0000	      0.0000	      0.0000	      0.0000	      0.0000

 Demand Misses		         321	         321	           0	           0	           0	           0
  Demand miss rate	      0.0000	      0.0000	      0.0000	      0.0000	      0.0000	      0.0000

 Multi-block refs                 0
 Bytes From Memory	       20544
 ( / Demand Fetches)	      0.0000
 Bytes To Memory	           0
 ( / Demand Writes)	      0.0000
 Total Bytes r/w Mem	       20544
 ( / Demand Fetches)	      0.0000

l1-dcache
 Metrics		      Total	      Instrn	       Data	       Read	      Write	       Misc
 -----------------	      ------	      ------	      ------	      ------	      ------	      ------
 Demand Fetches		   769859181	           0	   769859181	   559249997	   210609184	           0
  Fraction of total	      1.0000	      0.0000	      1.0000	      0.7264	      0.2736	      0.0000

 Demand Misses		     7498230	           0	     7498230	     3225714	     4272516	           0
  Demand miss rate	      0.0097	      0.0000	      0.0097	      0.0058	      0.0203	      0.0000

 Multi-block refs           2595851
 Bytes From Memory	   479886720
 ( / Demand Fetches)	      0.6233
 Bytes To Memory	   338310784
 ( / Demand Writes)	      1.6063
 Total Bytes r/w Mem	   818197504
 ( / Demand Fetches)	      1.0628

l2-dcache
 Metrics		      Total	      Instrn	       Data	       Read	      Write	       Misc
 -----------------	      ------	      ------	      ------	      ------	      ------	      ------
 Demand Fetches		    12784336	           0	    12784336	     7498230	     5286106	           0
  Fraction of total	      1.0000	      0.0000	      1.0000	      0.5865	      0.4135	      0.0000

 Demand Misses		     7095787	           0	     7095787	     6972620	      123167	           0
  Demand miss rate	      0.5550	      0.0000	      0.5550	      0.9299	      0.0233	      0.0000

 Multi-block refs                 0
 Bytes From Memory	   446247680
 ( / Demand Fetches)	     34.9058
 Bytes To Memory	   332923264
 ( / Demand Writes)	     62.9808
 Total Bytes r/w Mem	   779170944
 ( / Demand Fetches)	     60.9473

l3-dcache
 Metrics		      Total	      Instrn	       Data	       Read	      Write	       Misc
 -----------------	      ------	      ------	      ------	      ------	      ------	      ------
 Demand Fetches		    12174546	           0	    12174546	     6972620	     5201926	           0
  Fraction of total	      1.0000	      0.0000	      1.0000	      0.5727	      0.4273	      0.0000

 Demand Misses		     3949035	           0	     3949035	     3946505	        2530	           0
  Demand miss rate	      0.3244	      0.0000	      0.3244	      0.5660	      0.0005	      0.0000

 Multi-block refs                 0
 Bytes From Memory	   252576320
 ( / Demand Fetches)	     20.7463
 Bytes To Memory	   217019264
 ( / Demand Writes)	     41.7190
 Total Bytes r/w Mem	   469595584
 ( / Demand Fetches)	     38.5719

---Execution complete.
