tracename gap_m2b
---Dinero IV cache simulator, version 7
---Written by Jan Edler and Mark D. Hill
---Copyright (C) 1997 NEC Research Institute, Inc. and Mark D. Hill.
---All rights reserved.
---Copyright (C) 1985, 1989 Mark D. Hill.  All rights reserved.
---See -copyright option for details

---Summary of options (-help option gives usage information).

-l1-isize 32768
-l1-dsize 32768
-l2-dsize 262144
-l3-dsize 2097152
-l1-ibsize 64
-l1-dbsize 64
-l2-dbsize 64
-l3-dbsize 64
-l1-isbsize 64
-l1-dsbsize 64
-l2-dsbsize 64
-l3-dsbsize 64
-l1-iassoc 8
-l1-dassoc 8
-l2-dassoc 8
-l3-dassoc 8
-l1-irepl l
-l1-drepl 2
-l2-drepl 2
-l3-drepl 2
-l1-ifetch d
-l1-dfetch d
-l2-dfetch d
-l3-dfetch d
-l1-dwalloc a
-l2-dwalloc a
-l3-dwalloc a
-l1-dwback a
-l2-dwback a
-l3-dwback a
-skipcount 0
-flushcount 0
-maxcount 0
-stat-interval 0
-informat s
-on-trigger 0x0
-off-trigger 0x0

---Simulation begins.
---Simulation complete.
l1-icache
 Metrics		      Total	      Instrn	       Data	       Read	      Write	       Misc
 -----------------	      ------	      ------	      ------	      ------	      ------	      ------
 Demand Fetches		  1999999996	  1999999996	           0	           0	           0	           0
  Fraction of total	      1.0000	      1.0000	      0.0000	      0.0000	      0.0000	      0.0000

 Demand Misses		         321	         321	           0	           0	           0	           0
  Demand miss rate	      0.0000	      0.0000	      0.0000	      0.0000	      0.0000	      0.0000

 Multi-block refs                 0
 Bytes From Memory	       20544
 ( / Demand Fetches)	      0.0000
 Bytes To Memory	           0
 ( / Demand Writes)	      0.0000
 Total Bytes r/w Mem	       20544
 ( / Demand Fetches)	      0.0000

l1-dcache
 Metrics		      Total	      Instrn	       Data	       Read	      Write	       Misc
 -----------------	      ------	      ------	      ------	      ------	      ------	      ------
 Demand Fetches		   769859181	           0	   769859181	   559249997	   210609184	           0
  Fraction of total	      1.0000	      0.0000	      1.0000	      0.7264	      0.2736	      0.0000

 Demand Misses		     7434595	           0	     7434595	     3168499	     4266096	           0
  Demand miss rate	      0.0097	      0.0000	      0.0097	      0.0057	      0.0203	      0.0000

 Multi-block refs           2595851
 Bytes From Memory	   475814080
 ( / Demand Fetches)	      0.6181
 Bytes To Memory	   336581696
 ( / Demand Writes)	      1.5981
 Total Bytes r/w Mem	   812395776
 ( / Demand Fetches)	      1.0553

l2-dcache
 Metrics		      Total	      Instrn	       Data	       Read	      Write	       Misc
 -----------------	      ------	      ------	      ------	      ------	      ------	      ------
 Demand Fetches		    12693684	           0	    12693684	     7434595	     5259089	           0
  Fraction of total	      1.0000	      0.0000	      1.0000	      0.5857	      0.4143	      0.0000

 Demand Misses		     7011587	           0	     7011587	     6968587	       43000	           0
  Demand miss rate	      0.5524	      0.0000	      0.5524	      0.9373	      0.0082	      0.0000

 Multi-block refs                 0
 Bytes From Memory	   445989568
 ( / Demand Fetches)	     35.1348
 Bytes To Memory	   332671168
 ( / Demand Writes)	     63.2564
 Total Bytes r/w Mem	   778660736
 ( / Demand Fetches)	     61.3424

l3-dcache
 Metrics		      Total	      Instrn	       Data	       Read	      Write	       Misc
 -----------------	      ------	      ------	      ------	      ------	      ------	      ------
 Demand Fetches		    12166574	           0	    12166574	     6968587	     5197987	           0
  Fraction of total	      1.0000	      0.0000	      1.0000	      0.5728	      0.4272	      0.0000

 Demand Misses		     6961309	           0	     6961309	     6912667	       48642	           0
  Demand miss rate	      0.5722	      0.0000	      0.5722	      0.9920	      0.0094	      0.0000

 Multi-block refs                 0
 Bytes From Memory	   442410688
 ( / Demand Fetches)	     36.3628
 Bytes To Memory	   331534976
 ( / Demand Writes)	     63.7814
 Total Bytes r/w Mem	   773945664
 ( / Demand Fetches)	     63.6125

---Execution complete.
