tracename gap_m2b
---Dinero IV cache simulator, version 7
---Written by Jan Edler and Mark D. Hill
---Copyright (C) 1997 NEC Research Institute, Inc. and Mark D. Hill.
---All rights reserved.
---Copyright (C) 1985, 1989 Mark D. Hill.  All rights reserved.
---See -copyright option for details

---Summary of options (-help option gives usage information).

-l1-isize 32768
-l1-dsize 32768
-l2-dsize 262144
-l3-dsize 16777216
-l1-ibsize 64
-l1-dbsize 64
-l2-dbsize 64
-l3-dbsize 64
-l1-isbsize 64
-l1-dsbsize 64
-l2-dsbsize 64
-l3-dsbsize 64
-l1-iassoc 8
-l1-dassoc 8
-l2-dassoc 8
-l3-dassoc 8
-l1-irepl l
-l1-drepl 2
-l2-drepl 2
-l3-drepl 2
-l1-ifetch d
-l1-dfetch d
-l2-dfetch d
-l3-dfetch d
-l1-dwalloc a
-l2-dwalloc a
-l3-dwalloc a
-l1-dwback a
-l2-dwback a
-l3-dwback a
-skipcount 0
-flushcount 0
-maxcount 0
-stat-interval 0
-informat s
-on-trigger 0x0
-off-trigger 0x0

---Simulation begins.
---Simulation complete.
l1-icache
 Metrics		      Total	      Instrn	       Data	       Read	      Write	       Misc
 -----------------	      ------	      ------	      ------	      ------	      ------	      ------
 Demand Fetches		  1999999996	  1999999996	           0	           0	           0	           0
  Fraction of total	      1.0000	      1.0000	      0.0000	      0.0000	      0.0000	      0.0000

 Demand Misses		         321	         321	           0	           0	           0	           0
  Demand miss rate	      0.0000	      0.0000	      0.0000	      0.0000	      0.0000	      0.0000

 Multi-block refs                 0
 Bytes From Memory	       20544
 ( / Demand Fetches)	      0.0000
 Bytes To Memory	           0
 ( / Demand Writes)	      0.0000
 Total Bytes r/w Mem	       20544
 ( / Demand Fetches)	      0.0000

l1-dcache
 Metrics		      Total	      Instrn	       Data	       Read	      Write	       Misc
 -----------------	      ------	      ------	      ------	      ------	      ------	      ------
 Demand Fetches		   769859181	           0	   769859181	   559249997	   210609184	           0
  Fraction of total	      1.0000	      0.0000	      1.0000	      0.7264	      0.2736	      0.0000

 Demand Misses		     7434707	           0	     7434707	     3168527	     4266180	           0
  Demand miss rate	      0.0097	      0.0000	      0.0097	      0.0057	      0.0203	      0.0000

 Multi-block refs           2595851
 Bytes From Memory	   475821248
 ( / Demand Fetches)	      0.6181
 Bytes To Memory	   336587136
 ( / Demand Writes)	      1.5982
 Total Bytes r/w Mem	   812408384
 ( / Demand Fetches)	      1.0553

l2-dcache
 Metrics		      Total	      Instrn	       Data	       Read	      Write	       Misc
 -----------------	      ------	      ------	      ------	      ------	      ------	      ------
 Demand Fetches		    12693881	           0	    12693881	     7434707	     5259174	           0
  Fraction of total	      1.0000	      0.0000	      1.0000	      0.5857	      0.4143	      0.0000

 Demand Misses		     7011783	           0	     7011783	     6968542	       43241	           0
  Demand miss rate	      0.5524	      0.0000	      0.5524	      0.9373	      0.0082	      0.0000

 Multi-block refs                 0
 Bytes From Memory	   445986688
 ( / Demand Fetches)	     35.1340
 Bytes To Memory	   332672064
 ( / Demand Writes)	     63.2556
 Total Bytes r/w Mem	   778658752
 ( / Demand Fetches)	     61.3413

l3-dcache
 Metrics		      Total	      Instrn	       Data	       Read	      Write	       Misc
 -----------------	      ------	      ------	      ------	      ------	      ------	      ------
 Demand Fetches		    12166543	           0	    12166543	     6968542	     5198001	           0
  Fraction of total	      1.0000	      0.0000	      1.0000	      0.5728	      0.4272	      0.0000

 Demand Misses		     6695278	           0	     6695278	     6695250	          28	           0
  Demand miss rate	      0.5503	      0.0000	      0.5503	      0.9608	      0.0000	      0.0000

 Multi-block refs                 0
 Bytes From Memory	   428496000
 ( / Demand Fetches)	     35.2192
 Bytes To Memory	   324761088
 ( / Demand Writes)	     62.4781
 Total Bytes r/w Mem	   753257088
 ( / Demand Fetches)	     61.9122

---Execution complete.
