tracename gap_m2b
---Dinero IV cache simulator, version 7
---Written by Jan Edler and Mark D. Hill
---Copyright (C) 1997 NEC Research Institute, Inc. and Mark D. Hill.
---All rights reserved.
---Copyright (C) 1985, 1989 Mark D. Hill.  All rights reserved.
---See -copyright option for details

---Summary of options (-help option gives usage information).

-l1-isize 32768
-l1-dsize 32768
-l2-dsize 262144
-l3-dsize 2097152
-l1-ibsize 64
-l1-dbsize 64
-l2-dbsize 64
-l3-dbsize 64
-l1-isbsize 64
-l1-dsbsize 64
-l2-dsbsize 64
-l3-dsbsize 64
-l1-iassoc 8
-l1-dassoc 8
-l2-dassoc 8
-l3-dassoc 8
-l1-irepl l
-l1-drepl c
-l2-drepl c
-l3-drepl c
-l1-ifetch d
-l1-dfetch d
-l2-dfetch d
-l3-dfetch d
-l1-dwalloc a
-l2-dwalloc a
-l3-dwalloc a
-l1-dwback a
-l2-dwback a
-l3-dwback a
-skipcount 0
-flushcount 0
-maxcount 0
-stat-interval 0
-informat s
-on-trigger 0x0
-off-trigger 0x0

---Simulation begins.
---Simulation complete.
l1-icache
 Metrics		      Total	      Instrn	       Data	       Read	      Write	       Misc
 -----------------	      ------	      ------	      ------	      ------	      ------	      ------
 Demand Fetches		  1999999996	  1999999996	           0	           0	           0	           0
  Fraction of total	      1.0000	      1.0000	      0.0000	      0.0000	      0.0000	      0.0000

 Demand Misses		         321	         321	           0	           0	           0	           0
  Demand miss rate	      0.0000	      0.0000	      0.0000	      0.0000	      0.0000	      0.0000

 Multi-block refs                 0
 Bytes From Memory	       20544
 ( / Demand Fetches)	      0.0000
 Bytes To Memory	           0
 ( / Demand Writes)	      0.0000
 Total Bytes r/w Mem	       20544
 ( / Demand Fetches)	      0.0000

l1-dcache
 Metrics		      Total	      Instrn	       Data	       Read	      Write	       Misc
 -----------------	      ------	      ------	      ------	      ------	      ------	      ------
 Demand Fetches		   769859181	           0	   769859181	   559249997	   210609184	           0
  Fraction of total	      1.0000	      0.0000	      1.0000	      0.7264	      0.2736	      0.0000

 Demand Misses		     7497584	           0	     7497584	     3225030	     4272554	           0
  Demand miss rate	      0.0097	      0.0000	      0.0097	      0.0058	      0.0203	      0.0000

 Multi-block refs           2595851
 Bytes From Memory	   479845376
 ( / Demand Fetches)	      0.6233
 Bytes To Memory	   338332672
 ( / Demand Writes)	      1.6064
 Total Bytes r/w Mem	   818178048
 ( / Demand Fetches)	      1.0628

l2-dcache
 Metrics		      Total	      Instrn	       Data	       Read	      Write	       Misc
 -----------------	      ------	      ------	      ------	      ------	      ------	      ------
 Demand Fetches		    12784032	           0	    12784032	     7497584	     5286448	           0
  Fraction of total	      1.0000	      0.0000	      1.0000	      0.5865	      0.4135	      0.0000

 Demand Misses		     7095820	           0	     7095820	     6972734	      123086	           0
  Demand miss rate	      0.5551	      0.0000	      0.5551	      0.9300	      0.0233	      0.0000

 Multi-block refs                 0
 Bytes From Memory	   446254976
 ( / Demand Fetches)	     34.9072
 Bytes To Memory	   332920448
 ( / Demand Writes)	     62.9762
 Total Bytes r/w Mem	   779175424
 ( / Demand Fetches)	     60.9491

l3-dcache
 Metrics		      Total	      Instrn	       Data	       Read	      Write	       Misc
 -----------------	      ------	      ------	      ------	      ------	      ------	      ------
 Demand Fetches		    12174616	           0	    12174616	     6972734	     5201882	           0
  Fraction of total	      1.0000	      0.0000	      1.0000	      0.5727	      0.4273	      0.0000

 Demand Misses		     7044085	           0	     7044085	     6913421	      130664	           0
  Demand miss rate	      0.5786	      0.0000	      0.5786	      0.9915	      0.0251	      0.0000

 Multi-block refs                 0
 Bytes From Memory	   442458944
 ( / Demand Fetches)	     36.3427
 Bytes To Memory	   331558208
 ( / Demand Writes)	     63.7381
 Total Bytes r/w Mem	   774017152
 ( / Demand Fetches)	     63.5763

---Execution complete.
