tracename gap_m2b
---Dinero IV cache simulator, version 7
---Written by Jan Edler and Mark D. Hill
---Copyright (C) 1997 NEC Research Institute, Inc. and Mark D. Hill.
---All rights reserved.
---Copyright (C) 1985, 1989 Mark D. Hill.  All rights reserved.
---See -copyright option for details

---Summary of options (-help option gives usage information).

-l1-isize 32768
-l1-dsize 32768
-l2-dsize 262144
-l3-dsize 33554432
-l1-ibsize 64
-l1-dbsize 64
-l2-dbsize 64
-l3-dbsize 64
-l1-isbsize 64
-l1-dsbsize 64
-l2-dsbsize 64
-l3-dsbsize 64
-l1-iassoc 8
-l1-dassoc 8
-l2-dassoc 8
-l3-dassoc 8
-l1-irepl l
-l1-drepl f
-l2-drepl f
-l3-drepl f
-l1-ifetch d
-l1-dfetch d
-l2-dfetch d
-l3-dfetch d
-l1-dwalloc a
-l2-dwalloc a
-l3-dwalloc a
-l1-dwback a
-l2-dwback a
-l3-dwback a
-skipcount 0
-flushcount 0
-maxcount 0
-stat-interval 0
-informat s
-on-trigger 0x0
-off-trigger 0x0

---Simulation begins.
---Simulation complete.
l1-icache
 Metrics		      Total	      Instrn	       Data	       Read	      Write	       Misc
 -----------------	      ------	      ------	      ------	      ------	      ------	      ------
 Demand Fetches		  1999999996	  1999999996	           0	           0	           0	           0
  Fraction of total	      1.0000	      1.0000	      0.0000	      0.0000	      0.0000	      0.0000

 Demand Misses		         321	         321	           0	           0	           0	           0
  Demand miss rate	      0.0000	      0.0000	      0.0000	      0.0000	      0.0000	      0.0000

 Multi-block refs                 0
 Bytes From Memory	       20544
 ( / Demand Fetches)	      0.0000
 Bytes To Memory	           0
 ( / Demand Writes)	      0.0000
 Total Bytes r/w Mem	       20544
 ( / Demand Fetches)	      0.0000

l1-dcache
 Metrics		      Total	      Instrn	       Data	       Read	      Write	       Misc
 -----------------	      ------	      ------	      ------	      ------	      ------	      ------
 Demand Fetches		   769859181	           0	   769859181	   559249997	   210609184	           0
  Fraction of total	      1.0000	      0.0000	      1.0000	      0.7264	      0.2736	      0.0000

 Demand Misses		     7336768	           0	     7336768	     3054992	     4281776	           0
  Demand miss rate	      0.0095	      0.0000	      0.0095	      0.0055	      0.0203	      0.0000

 Multi-block refs           2595851
 Bytes From Memory	   469553152
 ( / Demand Fetches)	      0.6099
 Bytes To Memory	   341974656
 ( / Demand Writes)	      1.6237
 Total Bytes r/w Mem	   811527808
 ( / Demand Fetches)	      1.0541

l2-dcache
 Metrics		      Total	      Instrn	       Data	       Read	      Write	       Misc
 -----------------	      ------	      ------	      ------	      ------	      ------	      ------
 Demand Fetches		    12680122	           0	    12680122	     7336768	     5343354	           0
  Fraction of total	      1.0000	      0.0000	      1.0000	      0.5786	      0.4214	      0.0000

 Demand Misses		     6999777	           0	     6999777	     6986939	       12838	           0
  Demand miss rate	      0.5520	      0.0000	      0.5520	      0.9523	      0.0024	      0.0000

 Multi-block refs                 0
 Bytes From Memory	   447164096
 ( / Demand Fetches)	     35.2650
 Bytes To Memory	   333394624
 ( / Demand Writes)	     62.3943
 Total Bytes r/w Mem	   780558720
 ( / Demand Fetches)	     61.5577

l3-dcache
 Metrics		      Total	      Instrn	       Data	       Read	      Write	       Misc
 -----------------	      ------	      ------	      ------	      ------	      ------	      ------
 Demand Fetches		    12196230	           0	    12196230	     6986939	     5209291	           0
  Fraction of total	      1.0000	      0.0000	      1.0000	      0.5729	      0.4271	      0.0000

 Demand Misses		     3961794	           0	     3961794	     3961207	         587	           0
  Demand miss rate	      0.3248	      0.0000	      0.3248	      0.5669	      0.0001	      0.0000

 Multi-block refs                 0
 Bytes From Memory	   253517248
 ( / Demand Fetches)	     20.7865
 Bytes To Memory	   210164352
 ( / Demand Writes)	     40.3441
 Total Bytes r/w Mem	   463681600
 ( / Demand Fetches)	     38.0184

---Execution complete.
