tracename gap_m2b
---Dinero IV cache simulator, version 7
---Written by Jan Edler and Mark D. Hill
---Copyright (C) 1997 NEC Research Institute, Inc. and Mark D. Hill.
---All rights reserved.
---Copyright (C) 1985, 1989 Mark D. Hill.  All rights reserved.
---See -copyright option for details

---Summary of options (-help option gives usage information).

-l1-isize 32768
-l1-dsize 32768
-l2-dsize 262144
-l3-dsize 524288
-l1-ibsize 64
-l1-dbsize 64
-l2-dbsize 64
-l3-dbsize 64
-l1-isbsize 64
-l1-dsbsize 64
-l2-dsbsize 64
-l3-dsbsize 64
-l1-iassoc 8
-l1-dassoc 8
-l2-dassoc 8
-l3-dassoc 8
-l1-irepl l
-l1-drepl 2
-l2-drepl 2
-l3-drepl 2
-l1-ifetch d
-l1-dfetch d
-l2-dfetch d
-l3-dfetch d
-l1-dwalloc a
-l2-dwalloc a
-l3-dwalloc a
-l1-dwback a
-l2-dwback a
-l3-dwback a
-skipcount 0
-flushcount 0
-maxcount 0
-stat-interval 0
-informat s
-on-trigger 0x0
-off-trigger 0x0

---Simulation begins.
---Simulation complete.
l1-icache
 Metrics		      Total	      Instrn	       Data	       Read	      Write	       Misc
 -----------------	      ------	      ------	      ------	      ------	      ------	      ------
 Demand Fetches		  1999999996	  1999999996	           0	           0	           0	           0
  Fraction of total	      1.0000	      1.0000	      0.0000	      0.0000	      0.0000	      0.0000

 Demand Misses		         321	         321	           0	           0	           0	           0
  Demand miss rate	      0.0000	      0.0000	      0.0000	      0.0000	      0.0000	      0.0000

 Multi-block refs                 0
 Bytes From Memory	       20544
 ( / Demand Fetches)	      0.0000
 Bytes To Memory	           0
 ( / Demand Writes)	      0.0000
 Total Bytes r/w Mem	       20544
 ( / Demand Fetches)	      0.0000

l1-dcache
 Metrics		      Total	      Instrn	       Data	       Read	      Write	       Misc
 -----------------	      ------	      ------	      ------	      ------	      ------	      ------
 Demand Fetches		   769859181	           0	   769859181	   559249997	   210609184	           0
  Fraction of total	      1.0000	      0.0000	      1.0000	      0.7264	      0.2736	      0.0000

 Demand Misses		     7435291	           0	     7435291	     3169089	     4266202	           0
  Demand miss rate	      0.0097	      0.0000	      0.0097	      0.0057	      0.0203	      0.0000

 Multi-block refs           2595851
 Bytes From Memory	   475858624
 ( / Demand Fetches)	      0.6181
 Bytes To Memory	   336611520
 ( / Demand Writes)	      1.5983
 Total Bytes r/w Mem	   812470144
 ( / Demand Fetches)	      1.0553

l2-dcache
 Metrics		      Total	      Instrn	       Data	       Read	      Write	       Misc
 -----------------	      ------	      ------	      ------	      ------	      ------	      ------
 Demand Fetches		    12694846	           0	    12694846	     7435291	     5259555	           0
  Fraction of total	      1.0000	      0.0000	      1.0000	      0.5857	      0.4143	      0.0000

 Demand Misses		     7011934	           0	     7011934	     6968575	       43359	           0
  Demand miss rate	      0.5523	      0.0000	      0.5523	      0.9372	      0.0082	      0.0000

 Multi-block refs                 0
 Bytes From Memory	   445988800
 ( / Demand Fetches)	     35.1315
 Bytes To Memory	   332669952
 ( / Demand Writes)	     63.2506
 Total Bytes r/w Mem	   778658752
 ( / Demand Fetches)	     61.3366

l3-dcache
 Metrics		      Total	      Instrn	       Data	       Read	      Write	       Misc
 -----------------	      ------	      ------	      ------	      ------	      ------	      ------
 Demand Fetches		    12166543	           0	    12166543	     6968575	     5197968	           0
  Fraction of total	      1.0000	      0.0000	      1.0000	      0.5728	      0.4272	      0.0000

 Demand Misses		     9031673	           0	     9031673	     6938796	     2092877	           0
  Demand miss rate	      0.7423	      0.0000	      0.7423	      0.9957	      0.4026	      0.0000

 Multi-block refs                 0
 Bytes From Memory	   444082944
 ( / Demand Fetches)	     36.5003
 Bytes To Memory	   332052352
 ( / Demand Writes)	     63.8812
 Total Bytes r/w Mem	   776135296
 ( / Demand Fetches)	     63.7926

---Execution complete.
