tracename gap_m2b
---Dinero IV cache simulator, version 7
---Written by Jan Edler and Mark D. Hill
---Copyright (C) 1997 NEC Research Institute, Inc. and Mark D. Hill.
---All rights reserved.
---Copyright (C) 1985, 1989 Mark D. Hill.  All rights reserved.
---See -copyright option for details

---Summary of options (-help option gives usage information).

-l1-isize 32768
-l1-dsize 32768
-l2-dsize 262144
-l3-dsize 524288
-l1-ibsize 64
-l1-dbsize 64
-l2-dbsize 64
-l3-dbsize 64
-l1-isbsize 64
-l1-dsbsize 64
-l2-dsbsize 64
-l3-dsbsize 64
-l1-iassoc 8
-l1-dassoc 8
-l2-dassoc 8
-l3-dassoc 8
-l1-irepl l
-l1-drepl r
-l2-drepl r
-l3-drepl r
-l1-ifetch d
-l1-dfetch d
-l2-dfetch d
-l3-dfetch d
-l1-dwalloc a
-l2-dwalloc a
-l3-dwalloc a
-l1-dwback a
-l2-dwback a
-l3-dwback a
-skipcount 0
-flushcount 0
-maxcount 0
-stat-interval 0
-informat s
-on-trigger 0x0
-off-trigger 0x0

---Simulation begins.
---Simulation complete.
l1-icache
 Metrics		      Total	      Instrn	       Data	       Read	      Write	       Misc
 -----------------	      ------	      ------	      ------	      ------	      ------	      ------
 Demand Fetches		  1999999996	  1999999996	           0	           0	           0	           0
  Fraction of total	      1.0000	      1.0000	      0.0000	      0.0000	      0.0000	      0.0000

 Demand Misses		         321	         321	           0	           0	           0	           0
  Demand miss rate	      0.0000	      0.0000	      0.0000	      0.0000	      0.0000	      0.0000

 Multi-block refs                 0
 Bytes From Memory	       20544
 ( / Demand Fetches)	      0.0000
 Bytes To Memory	           0
 ( / Demand Writes)	      0.0000
 Total Bytes r/w Mem	       20544
 ( / Demand Fetches)	      0.0000

l1-dcache
 Metrics		      Total	      Instrn	       Data	       Read	      Write	       Misc
 -----------------	      ------	      ------	      ------	      ------	      ------	      ------
 Demand Fetches		   769859181	           0	   769859181	   559249997	   210609184	           0
  Fraction of total	      1.0000	      0.0000	      1.0000	      0.7264	      0.2736	      0.0000

 Demand Misses		     7935034	           0	     7935034	     3636842	     4298192	           0
  Demand miss rate	      0.0103	      0.0000	      0.0103	      0.0065	      0.0204	      0.0000

 Multi-block refs           2595851
 Bytes From Memory	   507842176
 ( / Demand Fetches)	      0.6597
 Bytes To Memory	   345650496
 ( / Demand Writes)	      1.6412
 Total Bytes r/w Mem	   853492672
 ( / Demand Fetches)	      1.1086

l2-dcache
 Metrics		      Total	      Instrn	       Data	       Read	      Write	       Misc
 -----------------	      ------	      ------	      ------	      ------	      ------	      ------
 Demand Fetches		    13335823	           0	    13335823	     7935034	     5400789	           0
  Fraction of total	      1.0000	      0.0000	      1.0000	      0.5950	      0.4050	      0.0000

 Demand Misses		     7392413	           0	     7392413	     6991082	      401331	           0
  Demand miss rate	      0.5543	      0.0000	      0.5543	      0.8810	      0.0743	      0.0000

 Multi-block refs                 0
 Bytes From Memory	   447429248
 ( / Demand Fetches)	     33.5509
 Bytes To Memory	   333712768
 ( / Demand Writes)	     61.7896
 Total Bytes r/w Mem	   781142016
 ( / Demand Fetches)	     58.5747

l3-dcache
 Metrics		      Total	      Instrn	       Data	       Read	      Write	       Misc
 -----------------	      ------	      ------	      ------	      ------	      ------	      ------
 Demand Fetches		    12205344	           0	    12205344	     6991082	     5214262	           0
  Fraction of total	      1.0000	      0.0000	      1.0000	      0.5728	      0.4272	      0.0000

 Demand Misses		     9140110	           0	     9140110	     6944588	     2195522	           0
  Demand miss rate	      0.7489	      0.0000	      0.7489	      0.9933	      0.4211	      0.0000

 Multi-block refs                 0
 Bytes From Memory	   444453632
 ( / Demand Fetches)	     36.4147
 Bytes To Memory	   332542592
 ( / Demand Writes)	     63.7756
 Total Bytes r/w Mem	   776996224
 ( / Demand Fetches)	     63.6603

---Execution complete.
