tracename gap_m2b
---Dinero IV cache simulator, version 7
---Written by Jan Edler and Mark D. Hill
---Copyright (C) 1997 NEC Research Institute, Inc. and Mark D. Hill.
---All rights reserved.
---Copyright (C) 1985, 1989 Mark D. Hill.  All rights reserved.
---See -copyright option for details

---Summary of options (-help option gives usage information).

-l1-isize 32768
-l1-dsize 32768
-l2-dsize 262144
-l3-dsize 4194304
-l1-ibsize 64
-l1-dbsize 64
-l2-dbsize 64
-l3-dbsize 64
-l1-isbsize 64
-l1-dsbsize 64
-l2-dsbsize 64
-l3-dsbsize 64
-l1-iassoc 8
-l1-dassoc 8
-l2-dassoc 8
-l3-dassoc 8
-l1-irepl l
-l1-drepl 2
-l2-drepl 2
-l3-drepl 2
-l1-ifetch d
-l1-dfetch d
-l2-dfetch d
-l3-dfetch d
-l1-dwalloc a
-l2-dwalloc a
-l3-dwalloc a
-l1-dwback a
-l2-dwback a
-l3-dwback a
-skipcount 0
-flushcount 0
-maxcount 0
-stat-interval 0
-informat s
-on-trigger 0x0
-off-trigger 0x0

---Simulation begins.
---Simulation complete.
l1-icache
 Metrics		      Total	      Instrn	       Data	       Read	      Write	       Misc
 -----------------	      ------	      ------	      ------	      ------	      ------	      ------
 Demand Fetches		  1999999996	  1999999996	           0	           0	           0	           0
  Fraction of total	      1.0000	      1.0000	      0.0000	      0.0000	      0.0000	      0.0000

 Demand Misses		         321	         321	           0	           0	           0	           0
  Demand miss rate	      0.0000	      0.0000	      0.0000	      0.0000	      0.0000	      0.0000

 Multi-block refs                 0
 Bytes From Memory	       20544
 ( / Demand Fetches)	      0.0000
 Bytes To Memory	           0
 ( / Demand Writes)	      0.0000
 Total Bytes r/w Mem	       20544
 ( / Demand Fetches)	      0.0000

l1-dcache
 Metrics		      Total	      Instrn	       Data	       Read	      Write	       Misc
 -----------------	      ------	      ------	      ------	      ------	      ------	      ------
 Demand Fetches		   769859181	           0	   769859181	   559249997	   210609184	           0
  Fraction of total	      1.0000	      0.0000	      1.0000	      0.7264	      0.2736	      0.0000

 Demand Misses		     7434045	           0	     7434045	     3167858	     4266187	           0
  Demand miss rate	      0.0097	      0.0000	      0.0097	      0.0057	      0.0203	      0.0000

 Multi-block refs           2595851
 Bytes From Memory	   475778880
 ( / Demand Fetches)	      0.6180
 Bytes To Memory	   336579136
 ( / Demand Writes)	      1.5981
 Total Bytes r/w Mem	   812358016
 ( / Demand Fetches)	      1.0552

l2-dcache
 Metrics		      Total	      Instrn	       Data	       Read	      Write	       Misc
 -----------------	      ------	      ------	      ------	      ------	      ------	      ------
 Demand Fetches		    12693094	           0	    12693094	     7434045	     5259049	           0
  Fraction of total	      1.0000	      0.0000	      1.0000	      0.5857	      0.4143	      0.0000

 Demand Misses		     7011699	           0	     7011699	     6968509	       43190	           0
  Demand miss rate	      0.5524	      0.0000	      0.5524	      0.9374	      0.0082	      0.0000

 Multi-block refs                 0
 Bytes From Memory	   445984576
 ( / Demand Fetches)	     35.1360
 Bytes To Memory	   332679616
 ( / Demand Writes)	     63.2585
 Total Bytes r/w Mem	   778664192
 ( / Demand Fetches)	     61.3455

l3-dcache
 Metrics		      Total	      Instrn	       Data	       Read	      Write	       Misc
 -----------------	      ------	      ------	      ------	      ------	      ------	      ------
 Demand Fetches		    12166628	           0	    12166628	     6968509	     5198119	           0
  Fraction of total	      1.0000	      0.0000	      1.0000	      0.5728	      0.4272	      0.0000

 Demand Misses		     6911111	           0	     6911111	     6909757	        1354	           0
  Demand miss rate	      0.5680	      0.0000	      0.5680	      0.9916	      0.0003	      0.0000

 Multi-block refs                 0
 Bytes From Memory	   442224448
 ( / Demand Fetches)	     36.3473
 Bytes To Memory	   331473792
 ( / Demand Writes)	     63.7680
 Total Bytes r/w Mem	   773698240
 ( / Demand Fetches)	     63.5918

---Execution complete.
