tracename gap_m2b
---Dinero IV cache simulator, version 7
---Written by Jan Edler and Mark D. Hill
---Copyright (C) 1997 NEC Research Institute, Inc. and Mark D. Hill.
---All rights reserved.
---Copyright (C) 1985, 1989 Mark D. Hill.  All rights reserved.
---See -copyright option for details

---Summary of options (-help option gives usage information).

-l1-isize 32768
-l1-dsize 32768
-l2-dsize 262144
-l3-dsize 4194304
-l1-ibsize 64
-l1-dbsize 64
-l2-dbsize 64
-l3-dbsize 64
-l1-isbsize 64
-l1-dsbsize 64
-l2-dsbsize 64
-l3-dsbsize 64
-l1-iassoc 8
-l1-dassoc 8
-l2-dassoc 8
-l3-dassoc 8
-l1-irepl l
-l1-drepl b
-l2-drepl b
-l3-drepl b
-l1-ifetch d
-l1-dfetch d
-l2-dfetch d
-l3-dfetch d
-l1-dwalloc a
-l2-dwalloc a
-l3-dwalloc a
-l1-dwback a
-l2-dwback a
-l3-dwback a
-skipcount 0
-flushcount 0
-maxcount 0
-stat-interval 0
-informat s
-on-trigger 0x0
-off-trigger 0x0

---Simulation begins.
---Simulation complete.
l1-icache
 Metrics		      Total	      Instrn	       Data	       Read	      Write	       Misc
 -----------------	      ------	      ------	      ------	      ------	      ------	      ------
 Demand Fetches		  1999999996	  1999999996	           0	           0	           0	           0
  Fraction of total	      1.0000	      1.0000	      0.0000	      0.0000	      0.0000	      0.0000

 Demand Misses		         321	         321	           0	           0	           0	           0
  Demand miss rate	      0.0000	      0.0000	      0.0000	      0.0000	      0.0000	      0.0000

 Multi-block refs                 0
 Bytes From Memory	       20544
 ( / Demand Fetches)	      0.0000
 Bytes To Memory	           0
 ( / Demand Writes)	      0.0000
 Total Bytes r/w Mem	       20544
 ( / Demand Fetches)	      0.0000

l1-dcache
 Metrics		      Total	      Instrn	       Data	       Read	      Write	       Misc
 -----------------	      ------	      ------	      ------	      ------	      ------	      ------
 Demand Fetches		   769859181	           0	   769859181	   559249997	   210609184	           0
  Fraction of total	      1.0000	      0.0000	      1.0000	      0.7264	      0.2736	      0.0000

 Demand Misses		     7607561	           0	     7607561	     3330545	     4277016	           0
  Demand miss rate	      0.0099	      0.0000	      0.0099	      0.0060	      0.0203	      0.0000

 Multi-block refs           2595851
 Bytes From Memory	   486883904
 ( / Demand Fetches)	      0.6324
 Bytes To Memory	   339718976
 ( / Demand Writes)	      1.6130
 Total Bytes r/w Mem	   826602880
 ( / Demand Fetches)	      1.0737

l2-dcache
 Metrics		      Total	      Instrn	       Data	       Read	      Write	       Misc
 -----------------	      ------	      ------	      ------	      ------	      ------	      ------
 Demand Fetches		    12915670	           0	    12915670	     7607561	     5308109	           0
  Fraction of total	      1.0000	      0.0000	      1.0000	      0.5890	      0.4110	      0.0000

 Demand Misses		     7160839	           0	     7160839	     6976590	      184249	           0
  Demand miss rate	      0.5544	      0.0000	      0.5544	      0.9171	      0.0347	      0.0000

 Multi-block refs                 0
 Bytes From Memory	   446501760
 ( / Demand Fetches)	     34.5705
 Bytes To Memory	   333079808
 ( / Demand Writes)	     62.7492
 Total Bytes r/w Mem	   779581568
 ( / Demand Fetches)	     60.3594

l3-dcache
 Metrics		      Total	      Instrn	       Data	       Read	      Write	       Misc
 -----------------	      ------	      ------	      ------	      ------	      ------	      ------
 Demand Fetches		    12180962	           0	    12180962	     6976590	     5204372	           0
  Fraction of total	      1.0000	      0.0000	      1.0000	      0.5727	      0.4273	      0.0000

 Demand Misses		     6968792	           0	     6968792	     6911171	       57621	           0
  Demand miss rate	      0.5721	      0.0000	      0.5721	      0.9906	      0.0111	      0.0000

 Multi-block refs                 0
 Bytes From Memory	   442314944
 ( / Demand Fetches)	     36.3120
 Bytes To Memory	   331506304
 ( / Demand Writes)	     63.6977
 Total Bytes r/w Mem	   773821248
 ( / Demand Fetches)	     63.5271

---Execution complete.
