tracename vortex_m2b
---Dinero IV cache simulator, version 7
---Written by Jan Edler and Mark D. Hill
---Copyright (C) 1997 NEC Research Institute, Inc. and Mark D. Hill.
---All rights reserved.
---Copyright (C) 1985, 1989 Mark D. Hill.  All rights reserved.
---See -copyright option for details

---Summary of options (-help option gives usage information).

-l1-isize 32768
-l1-dsize 32768
-l2-dsize 262144
-l3-dsize 4194304
-l1-ibsize 64
-l1-dbsize 64
-l2-dbsize 64
-l3-dbsize 64
-l1-isbsize 64
-l1-dsbsize 64
-l2-dsbsize 64
-l3-dsbsize 64
-l1-iassoc 8
-l1-dassoc 8
-l2-dassoc 8
-l3-dassoc 8
-l1-irepl l
-l1-drepl r
-l2-drepl r
-l3-drepl r
-l1-ifetch d
-l1-dfetch d
-l2-dfetch d
-l3-dfetch d
-l1-dwalloc a
-l2-dwalloc a
-l3-dwalloc a
-l1-dwback a
-l2-dwback a
-l3-dwback a
-skipcount 0
-flushcount 0
-maxcount 0
-stat-interval 0
-informat s
-on-trigger 0x0
-off-trigger 0x0

---Simulation begins.
---Simulation complete.
l1-icache
 Metrics		      Total	      Instrn	       Data	       Read	      Write	       Misc
 -----------------	      ------	      ------	      ------	      ------	      ------	      ------
 Demand Fetches		  1999999982	  1999999982	           0	           0	           0	           0
  Fraction of total	      1.0000	      1.0000	      0.0000	      0.0000	      0.0000	      0.0000

 Demand Misses		     4538440	     4538440	           0	           0	           0	           0
  Demand miss rate	      0.0023	      0.0023	      0.0000	      0.0000	      0.0000	      0.0000

 Multi-block refs                 0
 Bytes From Memory	   290460160
 ( / Demand Fetches)	      0.1452
 Bytes To Memory	           0
 ( / Demand Writes)	      0.0000
 Total Bytes r/w Mem	   290460160
 ( / Demand Fetches)	      0.1452

l1-dcache
 Metrics		      Total	      Instrn	       Data	       Read	      Write	       Misc
 -----------------	      ------	      ------	      ------	      ------	      ------	      ------
 Demand Fetches		   779038993	           0	   779038993	   529302782	   249736211	           0
  Fraction of total	      1.0000	      0.0000	      1.0000	      0.6794	      0.3206	      0.0000

 Demand Misses		     9486985	           0	     9486985	     8879548	      607437	           0
  Demand miss rate	      0.0122	      0.0000	      0.0122	      0.0168	      0.0024	      0.0000

 Multi-block refs             48178
 Bytes From Memory	   607167040
 ( / Demand Fetches)	      0.7794
 Bytes To Memory	    83552768
 ( / Demand Writes)	      0.3346
 Total Bytes r/w Mem	   690719808
 ( / Demand Fetches)	      0.8866

l2-dcache
 Metrics		      Total	      Instrn	       Data	       Read	      Write	       Misc
 -----------------	      ------	      ------	      ------	      ------	      ------	      ------
 Demand Fetches		    10792497	           0	    10792497	     9486985	     1305512	           0
  Fraction of total	      1.0000	      0.0000	      1.0000	      0.8790	      0.1210	      0.0000

 Demand Misses		     3121091	           0	     3121091	     3060369	       60722	           0
  Demand miss rate	      0.2892	      0.0000	      0.2892	      0.3226	      0.0465	      0.0000

 Multi-block refs                 0
 Bytes From Memory	   195863616
 ( / Demand Fetches)	     18.1481
 Bytes To Memory	    31557312
 ( / Demand Writes)	     24.1724
 Total Bytes r/w Mem	   227420928
 ( / Demand Fetches)	     21.0721

l3-dcache
 Metrics		      Total	      Instrn	       Data	       Read	      Write	       Misc
 -----------------	      ------	      ------	      ------	      ------	      ------	      ------
 Demand Fetches		     3553452	           0	     3553452	     3060369	      493083	           0
  Fraction of total	      1.0000	      0.0000	      1.0000	      0.8612	      0.1388	      0.0000

 Demand Misses		      782517	           0	      782517	      772614	        9903	           0
  Demand miss rate	      0.2202	      0.0000	      0.2202	      0.2525	      0.0201	      0.0000

 Multi-block refs                 0
 Bytes From Memory	    49447296
 ( / Demand Fetches)	     13.9153
 Bytes To Memory	    17988032
 ( / Demand Writes)	     36.4807
 Total Bytes r/w Mem	    67435328
 ( / Demand Fetches)	     18.9774

---Execution complete.
