tracename vortex_m2b
---Dinero IV cache simulator, version 7
---Written by Jan Edler and Mark D. Hill
---Copyright (C) 1997 NEC Research Institute, Inc. and Mark D. Hill.
---All rights reserved.
---Copyright (C) 1985, 1989 Mark D. Hill.  All rights reserved.
---See -copyright option for details

---Summary of options (-help option gives usage information).

-l1-isize 32768
-l1-dsize 32768
-l2-dsize 262144
-l3-dsize 8388608
-l1-ibsize 64
-l1-dbsize 64
-l2-dbsize 64
-l3-dbsize 64
-l1-isbsize 64
-l1-dsbsize 64
-l2-dsbsize 64
-l3-dsbsize 64
-l1-iassoc 8
-l1-dassoc 8
-l2-dassoc 8
-l3-dassoc 8
-l1-irepl l
-l1-drepl r
-l2-drepl r
-l3-drepl r
-l1-ifetch d
-l1-dfetch d
-l2-dfetch d
-l3-dfetch d
-l1-dwalloc a
-l2-dwalloc a
-l3-dwalloc a
-l1-dwback a
-l2-dwback a
-l3-dwback a
-skipcount 0
-flushcount 0
-maxcount 0
-stat-interval 0
-informat s
-on-trigger 0x0
-off-trigger 0x0

---Simulation begins.
---Simulation complete.
l1-icache
 Metrics		      Total	      Instrn	       Data	       Read	      Write	       Misc
 -----------------	      ------	      ------	      ------	      ------	      ------	      ------
 Demand Fetches		  1999999982	  1999999982	           0	           0	           0	           0
  Fraction of total	      1.0000	      1.0000	      0.0000	      0.0000	      0.0000	      0.0000

 Demand Misses		     4538440	     4538440	           0	           0	           0	           0
  Demand miss rate	      0.0023	      0.0023	      0.0000	      0.0000	      0.0000	      0.0000

 Multi-block refs                 0
 Bytes From Memory	   290460160
 ( / Demand Fetches)	      0.1452
 Bytes To Memory	           0
 ( / Demand Writes)	      0.0000
 Total Bytes r/w Mem	   290460160
 ( / Demand Fetches)	      0.1452

l1-dcache
 Metrics		      Total	      Instrn	       Data	       Read	      Write	       Misc
 -----------------	      ------	      ------	      ------	      ------	      ------	      ------
 Demand Fetches		   779038993	           0	   779038993	   529302782	   249736211	           0
  Fraction of total	      1.0000	      0.0000	      1.0000	      0.6794	      0.3206	      0.0000

 Demand Misses		     9487238	           0	     9487238	     8879771	      607467	           0
  Demand miss rate	      0.0122	      0.0000	      0.0122	      0.0168	      0.0024	      0.0000

 Multi-block refs             48178
 Bytes From Memory	   607183232
 ( / Demand Fetches)	      0.7794
 Bytes To Memory	    83576000
 ( / Demand Writes)	      0.3347
 Total Bytes r/w Mem	   690759232
 ( / Demand Fetches)	      0.8867

l2-dcache
 Metrics		      Total	      Instrn	       Data	       Read	      Write	       Misc
 -----------------	      ------	      ------	      ------	      ------	      ------	      ------
 Demand Fetches		    10793113	           0	    10793113	     9487238	     1305875	           0
  Fraction of total	      1.0000	      0.0000	      1.0000	      0.8790	      0.1210	      0.0000

 Demand Misses		     3120223	           0	     3120223	     3059759	       60464	           0
  Demand miss rate	      0.2891	      0.0000	      0.2891	      0.3225	      0.0463	      0.0000

 Multi-block refs                 0
 Bytes From Memory	   195824576
 ( / Demand Fetches)	     18.1435
 Bytes To Memory	    31563072
 ( / Demand Writes)	     24.1701
 Total Bytes r/w Mem	   227387648
 ( / Demand Fetches)	     21.0678

l3-dcache
 Metrics		      Total	      Instrn	       Data	       Read	      Write	       Misc
 -----------------	      ------	      ------	      ------	      ------	      ------	      ------
 Demand Fetches		     3552932	           0	     3552932	     3059759	      493173	           0
  Fraction of total	      1.0000	      0.0000	      1.0000	      0.8612	      0.1388	      0.0000

 Demand Misses		      466898	           0	      466898	      464192	        2706	           0
  Demand miss rate	      0.1314	      0.0000	      0.1314	      0.1517	      0.0055	      0.0000

 Multi-block refs                 0
 Bytes From Memory	    29708288
 ( / Demand Fetches)	      8.3616
 Bytes To Memory	    14858176
 ( / Demand Writes)	     30.1277
 Total Bytes r/w Mem	    44566464
 ( / Demand Fetches)	     12.5436

---Execution complete.
