tracename vortex_m2b
---Dinero IV cache simulator, version 7
---Written by Jan Edler and Mark D. Hill
---Copyright (C) 1997 NEC Research Institute, Inc. and Mark D. Hill.
---All rights reserved.
---Copyright (C) 1985, 1989 Mark D. Hill.  All rights reserved.
---See -copyright option for details

---Summary of options (-help option gives usage information).

-l1-isize 32768
-l1-dsize 32768
-l2-dsize 262144
-l3-dsize 524288
-l1-ibsize 64
-l1-dbsize 64
-l2-dbsize 64
-l3-dbsize 64
-l1-isbsize 64
-l1-dsbsize 64
-l2-dsbsize 64
-l3-dsbsize 64
-l1-iassoc 8
-l1-dassoc 8
-l2-dassoc 8
-l3-dassoc 8
-l1-irepl l
-l1-drepl r
-l2-drepl r
-l3-drepl r
-l1-ifetch d
-l1-dfetch d
-l2-dfetch d
-l3-dfetch d
-l1-dwalloc a
-l2-dwalloc a
-l3-dwalloc a
-l1-dwback a
-l2-dwback a
-l3-dwback a
-skipcount 0
-flushcount 0
-maxcount 0
-stat-interval 0
-informat s
-on-trigger 0x0
-off-trigger 0x0

---Simulation begins.
---Simulation complete.
l1-icache
 Metrics		      Total	      Instrn	       Data	       Read	      Write	       Misc
 -----------------	      ------	      ------	      ------	      ------	      ------	      ------
 Demand Fetches		  1999999982	  1999999982	           0	           0	           0	           0
  Fraction of total	      1.0000	      1.0000	      0.0000	      0.0000	      0.0000	      0.0000

 Demand Misses		     4538440	     4538440	           0	           0	           0	           0
  Demand miss rate	      0.0023	      0.0023	      0.0000	      0.0000	      0.0000	      0.0000

 Multi-block refs                 0
 Bytes From Memory	   290460160
 ( / Demand Fetches)	      0.1452
 Bytes To Memory	           0
 ( / Demand Writes)	      0.0000
 Total Bytes r/w Mem	   290460160
 ( / Demand Fetches)	      0.1452

l1-dcache
 Metrics		      Total	      Instrn	       Data	       Read	      Write	       Misc
 -----------------	      ------	      ------	      ------	      ------	      ------	      ------
 Demand Fetches		   779038993	           0	   779038993	   529302782	   249736211	           0
  Fraction of total	      1.0000	      0.0000	      1.0000	      0.6794	      0.3206	      0.0000

 Demand Misses		     9486487	           0	     9486487	     8879933	      606554	           0
  Demand miss rate	      0.0122	      0.0000	      0.0122	      0.0168	      0.0024	      0.0000

 Multi-block refs             48178
 Bytes From Memory	   607135168
 ( / Demand Fetches)	      0.7793
 Bytes To Memory	    83524416
 ( / Demand Writes)	      0.3345
 Total Bytes r/w Mem	   690659584
 ( / Demand Fetches)	      0.8866

l2-dcache
 Metrics		      Total	      Instrn	       Data	       Read	      Write	       Misc
 -----------------	      ------	      ------	      ------	      ------	      ------	      ------
 Demand Fetches		    10791556	           0	    10791556	     9486487	     1305069	           0
  Fraction of total	      1.0000	      0.0000	      1.0000	      0.8791	      0.1209	      0.0000

 Demand Misses		     3121210	           0	     3121210	     3060664	       60546	           0
  Demand miss rate	      0.2892	      0.0000	      0.2892	      0.3226	      0.0464	      0.0000

 Multi-block refs                 0
 Bytes From Memory	   195882496
 ( / Demand Fetches)	     18.1515
 Bytes To Memory	    31545280
 ( / Demand Writes)	     24.1714
 Total Bytes r/w Mem	   227427776
 ( / Demand Fetches)	     21.0746

l3-dcache
 Metrics		      Total	      Instrn	       Data	       Read	      Write	       Misc
 -----------------	      ------	      ------	      ------	      ------	      ------	      ------
 Demand Fetches		     3553559	           0	     3553559	     3060664	      492895	           0
  Fraction of total	      1.0000	      0.0000	      1.0000	      0.8613	      0.1387	      0.0000

 Demand Misses		     2171952	           0	     2171952	     2025233	      146719	           0
  Demand miss rate	      0.6112	      0.0000	      0.6112	      0.6617	      0.2977	      0.0000

 Multi-block refs                 0
 Bytes From Memory	   129614912
 ( / Demand Fetches)	     36.4747
 Bytes To Memory	    25159168
 ( / Demand Writes)	     51.0437
 Total Bytes r/w Mem	   154774080
 ( / Demand Fetches)	     43.5547

---Execution complete.
