tracename vortex_m2b
---Dinero IV cache simulator, version 7
---Written by Jan Edler and Mark D. Hill
---Copyright (C) 1997 NEC Research Institute, Inc. and Mark D. Hill.
---All rights reserved.
---Copyright (C) 1985, 1989 Mark D. Hill.  All rights reserved.
---See -copyright option for details

---Summary of options (-help option gives usage information).

-l1-isize 32768
-l1-dsize 32768
-l2-dsize 262144
-l3-dsize 1048576
-l1-ibsize 64
-l1-dbsize 64
-l2-dbsize 64
-l3-dbsize 64
-l1-isbsize 64
-l1-dsbsize 64
-l2-dsbsize 64
-l3-dsbsize 64
-l1-iassoc 8
-l1-dassoc 8
-l2-dassoc 8
-l3-dassoc 8
-l1-irepl l
-l1-drepl 2
-l2-drepl 2
-l3-drepl 2
-l1-ifetch d
-l1-dfetch d
-l2-dfetch d
-l3-dfetch d
-l1-dwalloc a
-l2-dwalloc a
-l3-dwalloc a
-l1-dwback a
-l2-dwback a
-l3-dwback a
-skipcount 0
-flushcount 0
-maxcount 0
-stat-interval 0
-informat s
-on-trigger 0x0
-off-trigger 0x0

---Simulation begins.
---Simulation complete.
l1-icache
 Metrics		      Total	      Instrn	       Data	       Read	      Write	       Misc
 -----------------	      ------	      ------	      ------	      ------	      ------	      ------
 Demand Fetches		  1999999982	  1999999982	           0	           0	           0	           0
  Fraction of total	      1.0000	      1.0000	      0.0000	      0.0000	      0.0000	      0.0000

 Demand Misses		     4538440	     4538440	           0	           0	           0	           0
  Demand miss rate	      0.0023	      0.0023	      0.0000	      0.0000	      0.0000	      0.0000

 Multi-block refs                 0
 Bytes From Memory	   290460160
 ( / Demand Fetches)	      0.1452
 Bytes To Memory	           0
 ( / Demand Writes)	      0.0000
 Total Bytes r/w Mem	   290460160
 ( / Demand Fetches)	      0.1452

l1-dcache
 Metrics		      Total	      Instrn	       Data	       Read	      Write	       Misc
 -----------------	      ------	      ------	      ------	      ------	      ------	      ------
 Demand Fetches		   779038993	           0	   779038993	   529302782	   249736211	           0
  Fraction of total	      1.0000	      0.0000	      1.0000	      0.6794	      0.3206	      0.0000

 Demand Misses		     8536460	           0	     8536460	     8053092	      483368	           0
  Demand miss rate	      0.0110	      0.0000	      0.0110	      0.0152	      0.0019	      0.0000

 Multi-block refs             48178
 Bytes From Memory	   546333440
 ( / Demand Fetches)	      0.7013
 Bytes To Memory	    67683968
 ( / Demand Writes)	      0.2710
 Total Bytes r/w Mem	   614017408
 ( / Demand Fetches)	      0.7882

l2-dcache
 Metrics		      Total	      Instrn	       Data	       Read	      Write	       Misc
 -----------------	      ------	      ------	      ------	      ------	      ------	      ------
 Demand Fetches		     9594022	           0	     9594022	     8536460	     1057562	           0
  Fraction of total	      1.0000	      0.0000	      1.0000	      0.8898	      0.1102	      0.0000

 Demand Misses		     2618300	           0	     2618300	     2603217	       15083	           0
  Demand miss rate	      0.2729	      0.0000	      0.2729	      0.3050	      0.0143	      0.0000

 Multi-block refs                 0
 Bytes From Memory	   166605888
 ( / Demand Fetches)	     17.3656
 Bytes To Memory	    27783616
 ( / Demand Writes)	     26.2714
 Total Bytes r/w Mem	   194389504
 ( / Demand Fetches)	     20.2615

l3-dcache
 Metrics		      Total	      Instrn	       Data	       Read	      Write	       Misc
 -----------------	      ------	      ------	      ------	      ------	      ------	      ------
 Demand Fetches		     3037336	           0	     3037336	     2603217	      434119	           0
  Fraction of total	      1.0000	      0.0000	      1.0000	      0.8571	      0.1429	      0.0000

 Demand Misses		     1517558	           0	     1517558	     1492219	       25339	           0
  Demand miss rate	      0.4996	      0.0000	      0.4996	      0.5732	      0.0584	      0.0000

 Multi-block refs                 0
 Bytes From Memory	    95502016
 ( / Demand Fetches)	     31.4427
 Bytes To Memory	    21375424
 ( / Demand Writes)	     49.2386
 Total Bytes r/w Mem	   116877440
 ( / Demand Fetches)	     38.4802

---Execution complete.
