tracename vortex_m2b
---Dinero IV cache simulator, version 7
---Written by Jan Edler and Mark D. Hill
---Copyright (C) 1997 NEC Research Institute, Inc. and Mark D. Hill.
---All rights reserved.
---Copyright (C) 1985, 1989 Mark D. Hill.  All rights reserved.
---See -copyright option for details

---Summary of options (-help option gives usage information).

-l1-isize 32768
-l1-dsize 32768
-l2-dsize 262144
-l3-dsize 16777216
-l1-ibsize 64
-l1-dbsize 64
-l2-dbsize 64
-l3-dbsize 64
-l1-isbsize 64
-l1-dsbsize 64
-l2-dsbsize 64
-l3-dsbsize 64
-l1-iassoc 8
-l1-dassoc 8
-l2-dassoc 8
-l3-dassoc 8
-l1-irepl l
-l1-drepl c
-l2-drepl c
-l3-drepl c
-l1-ifetch d
-l1-dfetch d
-l2-dfetch d
-l3-dfetch d
-l1-dwalloc a
-l2-dwalloc a
-l3-dwalloc a
-l1-dwback a
-l2-dwback a
-l3-dwback a
-skipcount 0
-flushcount 0
-maxcount 0
-stat-interval 0
-informat s
-on-trigger 0x0
-off-trigger 0x0

---Simulation begins.
---Simulation complete.
l1-icache
 Metrics		      Total	      Instrn	       Data	       Read	      Write	       Misc
 -----------------	      ------	      ------	      ------	      ------	      ------	      ------
 Demand Fetches		  1999999982	  1999999982	           0	           0	           0	           0
  Fraction of total	      1.0000	      1.0000	      0.0000	      0.0000	      0.0000	      0.0000

 Demand Misses		     4538440	     4538440	           0	           0	           0	           0
  Demand miss rate	      0.0023	      0.0023	      0.0000	      0.0000	      0.0000	      0.0000

 Multi-block refs                 0
 Bytes From Memory	   290460160
 ( / Demand Fetches)	      0.1452
 Bytes To Memory	           0
 ( / Demand Writes)	      0.0000
 Total Bytes r/w Mem	   290460160
 ( / Demand Fetches)	      0.1452

l1-dcache
 Metrics		      Total	      Instrn	       Data	       Read	      Write	       Misc
 -----------------	      ------	      ------	      ------	      ------	      ------	      ------
 Demand Fetches		   779038993	           0	   779038993	   529302782	   249736211	           0
  Fraction of total	      1.0000	      0.0000	      1.0000	      0.6794	      0.3206	      0.0000

 Demand Misses		     8694070	           0	     8694070	     8187505	      506565	           0
  Demand miss rate	      0.0112	      0.0000	      0.0112	      0.0155	      0.0020	      0.0000

 Multi-block refs             48178
 Bytes From Memory	   556420480
 ( / Demand Fetches)	      0.7142
 Bytes To Memory	    70790080
 ( / Demand Writes)	      0.2835
 Total Bytes r/w Mem	   627210560
 ( / Demand Fetches)	      0.8051

l2-dcache
 Metrics		      Total	      Instrn	       Data	       Read	      Write	       Misc
 -----------------	      ------	      ------	      ------	      ------	      ------	      ------
 Demand Fetches		     9800165	           0	     9800165	     8694070	     1106095	           0
  Fraction of total	      1.0000	      0.0000	      1.0000	      0.8871	      0.1129	      0.0000

 Demand Misses		     2655957	           0	     2655957	     2634240	       21717	           0
  Demand miss rate	      0.2710	      0.0000	      0.2710	      0.3030	      0.0196	      0.0000

 Multi-block refs                 0
 Bytes From Memory	   168591360
 ( / Demand Fetches)	     17.2029
 Bytes To Memory	    28212096
 ( / Demand Writes)	     25.5060
 Total Bytes r/w Mem	   196803456
 ( / Demand Fetches)	     20.0816

l3-dcache
 Metrics		      Total	      Instrn	       Data	       Read	      Write	       Misc
 -----------------	      ------	      ------	      ------	      ------	      ------	      ------
 Demand Fetches		     3075054	           0	     3075054	     2634240	      440814	           0
  Fraction of total	      1.0000	      0.0000	      1.0000	      0.8566	      0.1434	      0.0000

 Demand Misses		      288610	           0	      288610	      288521	          89	           0
  Demand miss rate	      0.0939	      0.0000	      0.0939	      0.1095	      0.0002	      0.0000

 Multi-block refs                 0
 Bytes From Memory	    18465344
 ( / Demand Fetches)	      6.0049
 Bytes To Memory	    12167744
 ( / Demand Writes)	     27.6029
 Total Bytes r/w Mem	    30633088
 ( / Demand Fetches)	      9.9618

---Execution complete.
