tracename vortex_m2b
---Dinero IV cache simulator, version 7
---Written by Jan Edler and Mark D. Hill
---Copyright (C) 1997 NEC Research Institute, Inc. and Mark D. Hill.
---All rights reserved.
---Copyright (C) 1985, 1989 Mark D. Hill.  All rights reserved.
---See -copyright option for details

---Summary of options (-help option gives usage information).

-l1-isize 32768
-l1-dsize 32768
-l2-dsize 262144
-l3-dsize 16777216
-l1-ibsize 64
-l1-dbsize 64
-l2-dbsize 64
-l3-dbsize 64
-l1-isbsize 64
-l1-dsbsize 64
-l2-dsbsize 64
-l3-dsbsize 64
-l1-iassoc 8
-l1-dassoc 8
-l2-dassoc 8
-l3-dassoc 8
-l1-irepl l
-l1-drepl b
-l2-drepl b
-l3-drepl b
-l1-ifetch d
-l1-dfetch d
-l2-dfetch d
-l3-dfetch d
-l1-dwalloc a
-l2-dwalloc a
-l3-dwalloc a
-l1-dwback a
-l2-dwback a
-l3-dwback a
-skipcount 0
-flushcount 0
-maxcount 0
-stat-interval 0
-informat s
-on-trigger 0x0
-off-trigger 0x0

---Simulation begins.
---Simulation complete.
l1-icache
 Metrics		      Total	      Instrn	       Data	       Read	      Write	       Misc
 -----------------	      ------	      ------	      ------	      ------	      ------	      ------
 Demand Fetches		  1999999982	  1999999982	           0	           0	           0	           0
  Fraction of total	      1.0000	      1.0000	      0.0000	      0.0000	      0.0000	      0.0000

 Demand Misses		     4538440	     4538440	           0	           0	           0	           0
  Demand miss rate	      0.0023	      0.0023	      0.0000	      0.0000	      0.0000	      0.0000

 Multi-block refs                 0
 Bytes From Memory	   290460160
 ( / Demand Fetches)	      0.1452
 Bytes To Memory	           0
 ( / Demand Writes)	      0.0000
 Total Bytes r/w Mem	   290460160
 ( / Demand Fetches)	      0.1452

l1-dcache
 Metrics		      Total	      Instrn	       Data	       Read	      Write	       Misc
 -----------------	      ------	      ------	      ------	      ------	      ------	      ------
 Demand Fetches		   779038993	           0	   779038993	   529302782	   249736211	           0
  Fraction of total	      1.0000	      0.0000	      1.0000	      0.6794	      0.3206	      0.0000

 Demand Misses		     8885651	           0	     8885651	     8356754	      528897	           0
  Demand miss rate	      0.0114	      0.0000	      0.0114	      0.0158	      0.0021	      0.0000

 Multi-block refs             48178
 Bytes From Memory	   568681664
 ( / Demand Fetches)	      0.7300
 Bytes To Memory	    73666368
 ( / Demand Writes)	      0.2950
 Total Bytes r/w Mem	   642348032
 ( / Demand Fetches)	      0.8245

l2-dcache
 Metrics		      Total	      Instrn	       Data	       Read	      Write	       Misc
 -----------------	      ------	      ------	      ------	      ------	      ------	      ------
 Demand Fetches		    10036688	           0	    10036688	     8885651	     1151037	           0
  Fraction of total	      1.0000	      0.0000	      1.0000	      0.8853	      0.1147	      0.0000

 Demand Misses		     2792603	           0	     2792603	     2761782	       30821	           0
  Demand miss rate	      0.2782	      0.0000	      0.2782	      0.3108	      0.0268	      0.0000

 Multi-block refs                 0
 Bytes From Memory	   176754048
 ( / Demand Fetches)	     17.6108
 Bytes To Memory	    29062976
 ( / Demand Writes)	     25.2494
 Total Bytes r/w Mem	   205817024
 ( / Demand Fetches)	     20.5065

l3-dcache
 Metrics		      Total	      Instrn	       Data	       Read	      Write	       Misc
 -----------------	      ------	      ------	      ------	      ------	      ------	      ------
 Demand Fetches		     3215891	           0	     3215891	     2761782	      454109	           0
  Fraction of total	      1.0000	      0.0000	      1.0000	      0.8588	      0.1412	      0.0000

 Demand Misses		      290622	           0	      290622	      290466	         156	           0
  Demand miss rate	      0.0904	      0.0000	      0.0904	      0.1052	      0.0003	      0.0000

 Multi-block refs                 0
 Bytes From Memory	    18589824
 ( / Demand Fetches)	      5.7806
 Bytes To Memory	    12202176
 ( / Demand Writes)	     26.8706
 Total Bytes r/w Mem	    30792000
 ( / Demand Fetches)	      9.5750

---Execution complete.
