tracename vortex_m2b
---Dinero IV cache simulator, version 7
---Written by Jan Edler and Mark D. Hill
---Copyright (C) 1997 NEC Research Institute, Inc. and Mark D. Hill.
---All rights reserved.
---Copyright (C) 1985, 1989 Mark D. Hill.  All rights reserved.
---See -copyright option for details

---Summary of options (-help option gives usage information).

-l1-isize 32768
-l1-dsize 32768
-l2-dsize 262144
-l3-dsize 262144
-l1-ibsize 64
-l1-dbsize 64
-l2-dbsize 64
-l3-dbsize 64
-l1-isbsize 64
-l1-dsbsize 64
-l2-dsbsize 64
-l3-dsbsize 64
-l1-iassoc 8
-l1-dassoc 8
-l2-dassoc 8
-l3-dassoc 8
-l1-irepl l
-l1-drepl b
-l2-drepl b
-l3-drepl b
-l1-ifetch d
-l1-dfetch d
-l2-dfetch d
-l3-dfetch d
-l1-dwalloc a
-l2-dwalloc a
-l3-dwalloc a
-l1-dwback a
-l2-dwback a
-l3-dwback a
-skipcount 0
-flushcount 0
-maxcount 0
-stat-interval 0
-informat s
-on-trigger 0x0
-off-trigger 0x0

---Simulation begins.
---Simulation complete.
l1-icache
 Metrics		      Total	      Instrn	       Data	       Read	      Write	       Misc
 -----------------	      ------	      ------	      ------	      ------	      ------	      ------
 Demand Fetches		  1999999982	  1999999982	           0	           0	           0	           0
  Fraction of total	      1.0000	      1.0000	      0.0000	      0.0000	      0.0000	      0.0000

 Demand Misses		     4538440	     4538440	           0	           0	           0	           0
  Demand miss rate	      0.0023	      0.0023	      0.0000	      0.0000	      0.0000	      0.0000

 Multi-block refs                 0
 Bytes From Memory	   290460160
 ( / Demand Fetches)	      0.1452
 Bytes To Memory	           0
 ( / Demand Writes)	      0.0000
 Total Bytes r/w Mem	   290460160
 ( / Demand Fetches)	      0.1452

l1-dcache
 Metrics		      Total	      Instrn	       Data	       Read	      Write	       Misc
 -----------------	      ------	      ------	      ------	      ------	      ------	      ------
 Demand Fetches		   779038993	           0	   779038993	   529302782	   249736211	           0
  Fraction of total	      1.0000	      0.0000	      1.0000	      0.6794	      0.3206	      0.0000

 Demand Misses		     8884311	           0	     8884311	     8355614	      528697	           0
  Demand miss rate	      0.0114	      0.0000	      0.0114	      0.0158	      0.0021	      0.0000

 Multi-block refs             48178
 Bytes From Memory	   568595904
 ( / Demand Fetches)	      0.7299
 Bytes To Memory	    73614144
 ( / Demand Writes)	      0.2948
 Total Bytes r/w Mem	   642210048
 ( / Demand Fetches)	      0.8244

l2-dcache
 Metrics		      Total	      Instrn	       Data	       Read	      Write	       Misc
 -----------------	      ------	      ------	      ------	      ------	      ------	      ------
 Demand Fetches		    10034532	           0	    10034532	     8884311	     1150221	           0
  Fraction of total	      1.0000	      0.0000	      1.0000	      0.8854	      0.1146	      0.0000

 Demand Misses		     2792342	           0	     2792342	     2761510	       30832	           0
  Demand miss rate	      0.2783	      0.0000	      0.2783	      0.3108	      0.0268	      0.0000

 Multi-block refs                 0
 Bytes From Memory	   176736640
 ( / Demand Fetches)	     17.6128
 Bytes To Memory	    29099456
 ( / Demand Writes)	     25.2990
 Total Bytes r/w Mem	   205836096
 ( / Demand Fetches)	     20.5128

l3-dcache
 Metrics		      Total	      Instrn	       Data	       Read	      Write	       Misc
 -----------------	      ------	      ------	      ------	      ------	      ------	      ------
 Demand Fetches		     3216189	           0	     3216189	     2761510	      454679	           0
  Fraction of total	      1.0000	      0.0000	      1.0000	      0.8586	      0.1414	      0.0000

 Demand Misses		     2575331	           0	     2575331	     2333120	      242211	           0
  Demand miss rate	      0.8007	      0.0000	      0.8007	      0.8449	      0.5327	      0.0000

 Multi-block refs                 0
 Bytes From Memory	   149319680
 ( / Demand Fetches)	     46.4275
 Bytes To Memory	    26797184
 ( / Demand Writes)	     58.9365
 Total Bytes r/w Mem	   176116864
 ( / Demand Fetches)	     54.7595

---Execution complete.
