tracename vortex_m2b
---Dinero IV cache simulator, version 7
---Written by Jan Edler and Mark D. Hill
---Copyright (C) 1997 NEC Research Institute, Inc. and Mark D. Hill.
---All rights reserved.
---Copyright (C) 1985, 1989 Mark D. Hill.  All rights reserved.
---See -copyright option for details

---Summary of options (-help option gives usage information).

-l1-isize 32768
-l1-dsize 32768
-l2-dsize 262144
-l3-dsize 33554432
-l1-ibsize 64
-l1-dbsize 64
-l2-dbsize 64
-l3-dbsize 64
-l1-isbsize 64
-l1-dsbsize 64
-l2-dsbsize 64
-l3-dsbsize 64
-l1-iassoc 8
-l1-dassoc 8
-l2-dassoc 8
-l3-dassoc 8
-l1-irepl l
-l1-drepl 2
-l2-drepl 2
-l3-drepl 2
-l1-ifetch d
-l1-dfetch d
-l2-dfetch d
-l3-dfetch d
-l1-dwalloc a
-l2-dwalloc a
-l3-dwalloc a
-l1-dwback a
-l2-dwback a
-l3-dwback a
-skipcount 0
-flushcount 0
-maxcount 0
-stat-interval 0
-informat s
-on-trigger 0x0
-off-trigger 0x0

---Simulation begins.
---Simulation complete.
l1-icache
 Metrics		      Total	      Instrn	       Data	       Read	      Write	       Misc
 -----------------	      ------	      ------	      ------	      ------	      ------	      ------
 Demand Fetches		  1999999982	  1999999982	           0	           0	           0	           0
  Fraction of total	      1.0000	      1.0000	      0.0000	      0.0000	      0.0000	      0.0000

 Demand Misses		     4538440	     4538440	           0	           0	           0	           0
  Demand miss rate	      0.0023	      0.0023	      0.0000	      0.0000	      0.0000	      0.0000

 Multi-block refs                 0
 Bytes From Memory	   290460160
 ( / Demand Fetches)	      0.1452
 Bytes To Memory	           0
 ( / Demand Writes)	      0.0000
 Total Bytes r/w Mem	   290460160
 ( / Demand Fetches)	      0.1452

l1-dcache
 Metrics		      Total	      Instrn	       Data	       Read	      Write	       Misc
 -----------------	      ------	      ------	      ------	      ------	      ------	      ------
 Demand Fetches		   779038993	           0	   779038993	   529302782	   249736211	           0
  Fraction of total	      1.0000	      0.0000	      1.0000	      0.6794	      0.3206	      0.0000

 Demand Misses		     8537271	           0	     8537271	     8053896	      483375	           0
  Demand miss rate	      0.0110	      0.0000	      0.0110	      0.0152	      0.0019	      0.0000

 Multi-block refs             48178
 Bytes From Memory	   546385344
 ( / Demand Fetches)	      0.7014
 Bytes To Memory	    67678016
 ( / Demand Writes)	      0.2710
 Total Bytes r/w Mem	   614063360
 ( / Demand Fetches)	      0.7882

l2-dcache
 Metrics		      Total	      Instrn	       Data	       Read	      Write	       Misc
 -----------------	      ------	      ------	      ------	      ------	      ------	      ------
 Demand Fetches		     9594740	           0	     9594740	     8537271	     1057469	           0
  Fraction of total	      1.0000	      0.0000	      1.0000	      0.8898	      0.1102	      0.0000

 Demand Misses		     2617951	           0	     2617951	     2602833	       15118	           0
  Demand miss rate	      0.2729	      0.0000	      0.2729	      0.3049	      0.0143	      0.0000

 Multi-block refs                 0
 Bytes From Memory	   166581312
 ( / Demand Fetches)	     17.3617
 Bytes To Memory	    27783168
 ( / Demand Writes)	     26.2733
 Total Bytes r/w Mem	   194364480
 ( / Demand Fetches)	     20.2574

l3-dcache
 Metrics		      Total	      Instrn	       Data	       Read	      Write	       Misc
 -----------------	      ------	      ------	      ------	      ------	      ------	      ------
 Demand Fetches		     3036945	           0	     3036945	     2602833	      434112	           0
  Fraction of total	      1.0000	      0.0000	      1.0000	      0.8571	      0.1429	      0.0000

 Demand Misses		      260816	           0	      260816	      260816	           0	           0
  Demand miss rate	      0.0859	      0.0000	      0.0859	      0.1002	      0.0000	      0.0000

 Multi-block refs                 0
 Bytes From Memory	    16692224
 ( / Demand Fetches)	      5.4964
 Bytes To Memory	    11636672
 ( / Demand Writes)	     26.8057
 Total Bytes r/w Mem	    28328896
 ( / Demand Fetches)	      9.3281

---Execution complete.
