tracename vortex_m2b
---Dinero IV cache simulator, version 7
---Written by Jan Edler and Mark D. Hill
---Copyright (C) 1997 NEC Research Institute, Inc. and Mark D. Hill.
---All rights reserved.
---Copyright (C) 1985, 1989 Mark D. Hill.  All rights reserved.
---See -copyright option for details

---Summary of options (-help option gives usage information).

-l1-isize 32768
-l1-dsize 32768
-l2-dsize 262144
-l3-dsize 8388608
-l1-ibsize 64
-l1-dbsize 64
-l2-dbsize 64
-l3-dbsize 64
-l1-isbsize 64
-l1-dsbsize 64
-l2-dsbsize 64
-l3-dsbsize 64
-l1-iassoc 8
-l1-dassoc 8
-l2-dassoc 8
-l3-dassoc 8
-l1-irepl l
-l1-drepl 2
-l2-drepl 2
-l3-drepl 2
-l1-ifetch d
-l1-dfetch d
-l2-dfetch d
-l3-dfetch d
-l1-dwalloc a
-l2-dwalloc a
-l3-dwalloc a
-l1-dwback a
-l2-dwback a
-l3-dwback a
-skipcount 0
-flushcount 0
-maxcount 0
-stat-interval 0
-informat s
-on-trigger 0x0
-off-trigger 0x0

---Simulation begins.
---Simulation complete.
l1-icache
 Metrics		      Total	      Instrn	       Data	       Read	      Write	       Misc
 -----------------	      ------	      ------	      ------	      ------	      ------	      ------
 Demand Fetches		  1999999982	  1999999982	           0	           0	           0	           0
  Fraction of total	      1.0000	      1.0000	      0.0000	      0.0000	      0.0000	      0.0000

 Demand Misses		     4538440	     4538440	           0	           0	           0	           0
  Demand miss rate	      0.0023	      0.0023	      0.0000	      0.0000	      0.0000	      0.0000

 Multi-block refs                 0
 Bytes From Memory	   290460160
 ( / Demand Fetches)	      0.1452
 Bytes To Memory	           0
 ( / Demand Writes)	      0.0000
 Total Bytes r/w Mem	   290460160
 ( / Demand Fetches)	      0.1452

l1-dcache
 Metrics		      Total	      Instrn	       Data	       Read	      Write	       Misc
 -----------------	      ------	      ------	      ------	      ------	      ------	      ------
 Demand Fetches		   779038993	           0	   779038993	   529302782	   249736211	           0
  Fraction of total	      1.0000	      0.0000	      1.0000	      0.6794	      0.3206	      0.0000

 Demand Misses		     8535992	           0	     8535992	     8052395	      483597	           0
  Demand miss rate	      0.0110	      0.0000	      0.0110	      0.0152	      0.0019	      0.0000

 Multi-block refs             48178
 Bytes From Memory	   546303488
 ( / Demand Fetches)	      0.7013
 Bytes To Memory	    67681792
 ( / Demand Writes)	      0.2710
 Total Bytes r/w Mem	   613985280
 ( / Demand Fetches)	      0.7881

l2-dcache
 Metrics		      Total	      Instrn	       Data	       Read	      Write	       Misc
 -----------------	      ------	      ------	      ------	      ------	      ------	      ------
 Demand Fetches		     9593520	           0	     9593520	     8535992	     1057528	           0
  Fraction of total	      1.0000	      0.0000	      1.0000	      0.8898	      0.1102	      0.0000

 Demand Misses		     2618965	           0	     2618965	     2603847	       15118	           0
  Demand miss rate	      0.2730	      0.0000	      0.2730	      0.3050	      0.0143	      0.0000

 Multi-block refs                 0
 Bytes From Memory	   166646208
 ( / Demand Fetches)	     17.3707
 Bytes To Memory	    27776832
 ( / Demand Writes)	     26.2658
 Total Bytes r/w Mem	   194423040
 ( / Demand Fetches)	     20.2661

l3-dcache
 Metrics		      Total	      Instrn	       Data	       Read	      Write	       Misc
 -----------------	      ------	      ------	      ------	      ------	      ------	      ------
 Demand Fetches		     3037860	           0	     3037860	     2603847	      434013	           0
  Fraction of total	      1.0000	      0.0000	      1.0000	      0.8571	      0.1429	      0.0000

 Demand Misses		      422908	           0	      422908	      422738	         170	           0
  Demand miss rate	      0.1392	      0.0000	      0.1392	      0.1624	      0.0004	      0.0000

 Multi-block refs                 0
 Bytes From Memory	    27055232
 ( / Demand Fetches)	      8.9060
 Bytes To Memory	    14378624
 ( / Demand Writes)	     33.1295
 Total Bytes r/w Mem	    41433856
 ( / Demand Fetches)	     13.6392

---Execution complete.
