tracename vortex_m2b
---Dinero IV cache simulator, version 7
---Written by Jan Edler and Mark D. Hill
---Copyright (C) 1997 NEC Research Institute, Inc. and Mark D. Hill.
---All rights reserved.
---Copyright (C) 1985, 1989 Mark D. Hill.  All rights reserved.
---See -copyright option for details

---Summary of options (-help option gives usage information).

-l1-isize 32768
-l1-dsize 32768
-l2-dsize 262144
-l3-dsize 262144
-l1-ibsize 64
-l1-dbsize 64
-l2-dbsize 64
-l3-dbsize 64
-l1-isbsize 64
-l1-dsbsize 64
-l2-dsbsize 64
-l3-dsbsize 64
-l1-iassoc 8
-l1-dassoc 8
-l2-dassoc 8
-l3-dassoc 8
-l1-irepl l
-l1-drepl c
-l2-drepl c
-l3-drepl c
-l1-ifetch d
-l1-dfetch d
-l2-dfetch d
-l3-dfetch d
-l1-dwalloc a
-l2-dwalloc a
-l3-dwalloc a
-l1-dwback a
-l2-dwback a
-l3-dwback a
-skipcount 0
-flushcount 0
-maxcount 0
-stat-interval 0
-informat s
-on-trigger 0x0
-off-trigger 0x0

---Simulation begins.
---Simulation complete.
l1-icache
 Metrics		      Total	      Instrn	       Data	       Read	      Write	       Misc
 -----------------	      ------	      ------	      ------	      ------	      ------	      ------
 Demand Fetches		  1999999982	  1999999982	           0	           0	           0	           0
  Fraction of total	      1.0000	      1.0000	      0.0000	      0.0000	      0.0000	      0.0000

 Demand Misses		     4538440	     4538440	           0	           0	           0	           0
  Demand miss rate	      0.0023	      0.0023	      0.0000	      0.0000	      0.0000	      0.0000

 Multi-block refs                 0
 Bytes From Memory	   290460160
 ( / Demand Fetches)	      0.1452
 Bytes To Memory	           0
 ( / Demand Writes)	      0.0000
 Total Bytes r/w Mem	   290460160
 ( / Demand Fetches)	      0.1452

l1-dcache
 Metrics		      Total	      Instrn	       Data	       Read	      Write	       Misc
 -----------------	      ------	      ------	      ------	      ------	      ------	      ------
 Demand Fetches		   779038993	           0	   779038993	   529302782	   249736211	           0
  Fraction of total	      1.0000	      0.0000	      1.0000	      0.6794	      0.3206	      0.0000

 Demand Misses		     8694255	           0	     8694255	     8187854	      506401	           0
  Demand miss rate	      0.0112	      0.0000	      0.0112	      0.0155	      0.0020	      0.0000

 Multi-block refs             48178
 Bytes From Memory	   556432320
 ( / Demand Fetches)	      0.7143
 Bytes To Memory	    70799360
 ( / Demand Writes)	      0.2835
 Total Bytes r/w Mem	   627231680
 ( / Demand Fetches)	      0.8051

l2-dcache
 Metrics		      Total	      Instrn	       Data	       Read	      Write	       Misc
 -----------------	      ------	      ------	      ------	      ------	      ------	      ------
 Demand Fetches		     9800495	           0	     9800495	     8694255	     1106240	           0
  Fraction of total	      1.0000	      0.0000	      1.0000	      0.8871	      0.1129	      0.0000

 Demand Misses		     2656425	           0	     2656425	     2634423	       22002	           0
  Demand miss rate	      0.2711	      0.0000	      0.2711	      0.3030	      0.0199	      0.0000

 Multi-block refs                 0
 Bytes From Memory	   168603072
 ( / Demand Fetches)	     17.2035
 Bytes To Memory	    28210048
 ( / Demand Writes)	     25.5008
 Total Bytes r/w Mem	   196813120
 ( / Demand Fetches)	     20.0820

l3-dcache
 Metrics		      Total	      Instrn	       Data	       Read	      Write	       Misc
 -----------------	      ------	      ------	      ------	      ------	      ------	      ------
 Demand Fetches		     3075205	           0	     3075205	     2634423	      440782	           0
  Fraction of total	      1.0000	      0.0000	      1.0000	      0.8567	      0.1433	      0.0000

 Demand Misses		     2515831	           0	     2515831	     2284352	      231479	           0
  Demand miss rate	      0.8181	      0.0000	      0.8181	      0.8671	      0.5252	      0.0000

 Multi-block refs                 0
 Bytes From Memory	   146198528
 ( / Demand Fetches)	     47.5411
 Bytes To Memory	    26340992
 ( / Demand Writes)	     59.7597
 Total Bytes r/w Mem	   172539520
 ( / Demand Fetches)	     56.1067

---Execution complete.
