tracename vortex_m2b
---Dinero IV cache simulator, version 7
---Written by Jan Edler and Mark D. Hill
---Copyright (C) 1997 NEC Research Institute, Inc. and Mark D. Hill.
---All rights reserved.
---Copyright (C) 1985, 1989 Mark D. Hill.  All rights reserved.
---See -copyright option for details

---Summary of options (-help option gives usage information).

-l1-isize 32768
-l1-dsize 32768
-l2-dsize 262144
-l3-dsize 16777216
-l1-ibsize 64
-l1-dbsize 64
-l2-dbsize 64
-l3-dbsize 64
-l1-isbsize 64
-l1-dsbsize 64
-l2-dsbsize 64
-l3-dsbsize 64
-l1-iassoc 8
-l1-dassoc 8
-l2-dassoc 8
-l3-dassoc 8
-l1-irepl l
-l1-drepl 2
-l2-drepl 2
-l3-drepl 2
-l1-ifetch d
-l1-dfetch d
-l2-dfetch d
-l3-dfetch d
-l1-dwalloc a
-l2-dwalloc a
-l3-dwalloc a
-l1-dwback a
-l2-dwback a
-l3-dwback a
-skipcount 0
-flushcount 0
-maxcount 0
-stat-interval 0
-informat s
-on-trigger 0x0
-off-trigger 0x0

---Simulation begins.
---Simulation complete.
l1-icache
 Metrics		      Total	      Instrn	       Data	       Read	      Write	       Misc
 -----------------	      ------	      ------	      ------	      ------	      ------	      ------
 Demand Fetches		  1999999982	  1999999982	           0	           0	           0	           0
  Fraction of total	      1.0000	      1.0000	      0.0000	      0.0000	      0.0000	      0.0000

 Demand Misses		     4538440	     4538440	           0	           0	           0	           0
  Demand miss rate	      0.0023	      0.0023	      0.0000	      0.0000	      0.0000	      0.0000

 Multi-block refs                 0
 Bytes From Memory	   290460160
 ( / Demand Fetches)	      0.1452
 Bytes To Memory	           0
 ( / Demand Writes)	      0.0000
 Total Bytes r/w Mem	   290460160
 ( / Demand Fetches)	      0.1452

l1-dcache
 Metrics		      Total	      Instrn	       Data	       Read	      Write	       Misc
 -----------------	      ------	      ------	      ------	      ------	      ------	      ------
 Demand Fetches		   779038993	           0	   779038993	   529302782	   249736211	           0
  Fraction of total	      1.0000	      0.0000	      1.0000	      0.6794	      0.3206	      0.0000

 Demand Misses		     8537955	           0	     8537955	     8054468	      483487	           0
  Demand miss rate	      0.0110	      0.0000	      0.0110	      0.0152	      0.0019	      0.0000

 Multi-block refs             48178
 Bytes From Memory	   546429120
 ( / Demand Fetches)	      0.7014
 Bytes To Memory	    67705472
 ( / Demand Writes)	      0.2711
 Total Bytes r/w Mem	   614134592
 ( / Demand Fetches)	      0.7883

l2-dcache
 Metrics		      Total	      Instrn	       Data	       Read	      Write	       Misc
 -----------------	      ------	      ------	      ------	      ------	      ------	      ------
 Demand Fetches		     9595853	           0	     9595853	     8537955	     1057898	           0
  Fraction of total	      1.0000	      0.0000	      1.0000	      0.8898	      0.1102	      0.0000

 Demand Misses		     2619216	           0	     2619216	     2604179	       15037	           0
  Demand miss rate	      0.2730	      0.0000	      0.2730	      0.3050	      0.0142	      0.0000

 Multi-block refs                 0
 Bytes From Memory	   166667456
 ( / Demand Fetches)	     17.3687
 Bytes To Memory	    27784192
 ( / Demand Writes)	     26.2636
 Total Bytes r/w Mem	   194451648
 ( / Demand Fetches)	     20.2641

l3-dcache
 Metrics		      Total	      Instrn	       Data	       Read	      Write	       Misc
 -----------------	      ------	      ------	      ------	      ------	      ------	      ------
 Demand Fetches		     3038307	           0	     3038307	     2604179	      434128	           0
  Fraction of total	      1.0000	      0.0000	      1.0000	      0.8571	      0.1429	      0.0000

 Demand Misses		      287550	           0	      287550	      287533	          17	           0
  Demand miss rate	      0.0946	      0.0000	      0.0946	      0.1104	      0.0000	      0.0000

 Multi-block refs                 0
 Bytes From Memory	    18402112
 ( / Demand Fetches)	      6.0567
 Bytes To Memory	    12155840
 ( / Demand Writes)	     28.0006
 Total Bytes r/w Mem	    30557952
 ( / Demand Fetches)	     10.0576

---Execution complete.
