tracename vortex_m2b
---Dinero IV cache simulator, version 7
---Written by Jan Edler and Mark D. Hill
---Copyright (C) 1997 NEC Research Institute, Inc. and Mark D. Hill.
---All rights reserved.
---Copyright (C) 1985, 1989 Mark D. Hill.  All rights reserved.
---See -copyright option for details

---Summary of options (-help option gives usage information).

-l1-isize 32768
-l1-dsize 32768
-l2-dsize 262144
-l3-dsize 262144
-l1-ibsize 64
-l1-dbsize 64
-l2-dbsize 64
-l3-dbsize 64
-l1-isbsize 64
-l1-dsbsize 64
-l2-dsbsize 64
-l3-dsbsize 64
-l1-iassoc 8
-l1-dassoc 8
-l2-dassoc 8
-l3-dassoc 8
-l1-irepl l
-l1-drepl r
-l2-drepl r
-l3-drepl r
-l1-ifetch d
-l1-dfetch d
-l2-dfetch d
-l3-dfetch d
-l1-dwalloc a
-l2-dwalloc a
-l3-dwalloc a
-l1-dwback a
-l2-dwback a
-l3-dwback a
-skipcount 0
-flushcount 0
-maxcount 0
-stat-interval 0
-informat s
-on-trigger 0x0
-off-trigger 0x0

---Simulation begins.
---Simulation complete.
l1-icache
 Metrics		      Total	      Instrn	       Data	       Read	      Write	       Misc
 -----------------	      ------	      ------	      ------	      ------	      ------	      ------
 Demand Fetches		  1999999982	  1999999982	           0	           0	           0	           0
  Fraction of total	      1.0000	      1.0000	      0.0000	      0.0000	      0.0000	      0.0000

 Demand Misses		     4538440	     4538440	           0	           0	           0	           0
  Demand miss rate	      0.0023	      0.0023	      0.0000	      0.0000	      0.0000	      0.0000

 Multi-block refs                 0
 Bytes From Memory	   290460160
 ( / Demand Fetches)	      0.1452
 Bytes To Memory	           0
 ( / Demand Writes)	      0.0000
 Total Bytes r/w Mem	   290460160
 ( / Demand Fetches)	      0.1452

l1-dcache
 Metrics		      Total	      Instrn	       Data	       Read	      Write	       Misc
 -----------------	      ------	      ------	      ------	      ------	      ------	      ------
 Demand Fetches		   779038993	           0	   779038993	   529302782	   249736211	           0
  Fraction of total	      1.0000	      0.0000	      1.0000	      0.6794	      0.3206	      0.0000

 Demand Misses		     9483690	           0	     9483690	     8876772	      606918	           0
  Demand miss rate	      0.0122	      0.0000	      0.0122	      0.0168	      0.0024	      0.0000

 Multi-block refs             48178
 Bytes From Memory	   606956160
 ( / Demand Fetches)	      0.7791
 Bytes To Memory	    83549312
 ( / Demand Writes)	      0.3346
 Total Bytes r/w Mem	   690505472
 ( / Demand Fetches)	      0.8864

l2-dcache
 Metrics		      Total	      Instrn	       Data	       Read	      Write	       Misc
 -----------------	      ------	      ------	      ------	      ------	      ------	      ------
 Demand Fetches		    10789148	           0	    10789148	     9483690	     1305458	           0
  Fraction of total	      1.0000	      0.0000	      1.0000	      0.8790	      0.1210	      0.0000

 Demand Misses		     3121684	           0	     3121684	     3060526	       61158	           0
  Demand miss rate	      0.2893	      0.0000	      0.2893	      0.3227	      0.0468	      0.0000

 Multi-block refs                 0
 Bytes From Memory	   195873664
 ( / Demand Fetches)	     18.1547
 Bytes To Memory	    31566976
 ( / Demand Writes)	     24.1808
 Total Bytes r/w Mem	   227440640
 ( / Demand Fetches)	     21.0805

l3-dcache
 Metrics		      Total	      Instrn	       Data	       Read	      Write	       Misc
 -----------------	      ------	      ------	      ------	      ------	      ------	      ------
 Demand Fetches		     3553760	           0	     3553760	     3060526	      493234	           0
  Fraction of total	      1.0000	      0.0000	      1.0000	      0.8612	      0.1388	      0.0000

 Demand Misses		     2705878	           0	     2705878	     2441299	      264579	           0
  Demand miss rate	      0.7614	      0.0000	      0.7614	      0.7977	      0.5364	      0.0000

 Multi-block refs                 0
 Bytes From Memory	   156243136
 ( / Demand Fetches)	     43.9656
 Bytes To Memory	    27921152
 ( / Demand Writes)	     56.6083
 Total Bytes r/w Mem	   184164288
 ( / Demand Fetches)	     51.8224

---Execution complete.
