tracename vortex_m2b
---Dinero IV cache simulator, version 7
---Written by Jan Edler and Mark D. Hill
---Copyright (C) 1997 NEC Research Institute, Inc. and Mark D. Hill.
---All rights reserved.
---Copyright (C) 1985, 1989 Mark D. Hill.  All rights reserved.
---See -copyright option for details

---Summary of options (-help option gives usage information).

-l1-isize 32768
-l1-dsize 32768
-l2-dsize 262144
-l3-dsize 16777216
-l1-ibsize 64
-l1-dbsize 64
-l2-dbsize 64
-l3-dbsize 64
-l1-isbsize 64
-l1-dsbsize 64
-l2-dsbsize 64
-l3-dsbsize 64
-l1-iassoc 8
-l1-dassoc 8
-l2-dassoc 8
-l3-dassoc 8
-l1-irepl l
-l1-drepl r
-l2-drepl r
-l3-drepl r
-l1-ifetch d
-l1-dfetch d
-l2-dfetch d
-l3-dfetch d
-l1-dwalloc a
-l2-dwalloc a
-l3-dwalloc a
-l1-dwback a
-l2-dwback a
-l3-dwback a
-skipcount 0
-flushcount 0
-maxcount 0
-stat-interval 0
-informat s
-on-trigger 0x0
-off-trigger 0x0

---Simulation begins.
---Simulation complete.
l1-icache
 Metrics		      Total	      Instrn	       Data	       Read	      Write	       Misc
 -----------------	      ------	      ------	      ------	      ------	      ------	      ------
 Demand Fetches		  1999999982	  1999999982	           0	           0	           0	           0
  Fraction of total	      1.0000	      1.0000	      0.0000	      0.0000	      0.0000	      0.0000

 Demand Misses		     4538440	     4538440	           0	           0	           0	           0
  Demand miss rate	      0.0023	      0.0023	      0.0000	      0.0000	      0.0000	      0.0000

 Multi-block refs                 0
 Bytes From Memory	   290460160
 ( / Demand Fetches)	      0.1452
 Bytes To Memory	           0
 ( / Demand Writes)	      0.0000
 Total Bytes r/w Mem	   290460160
 ( / Demand Fetches)	      0.1452

l1-dcache
 Metrics		      Total	      Instrn	       Data	       Read	      Write	       Misc
 -----------------	      ------	      ------	      ------	      ------	      ------	      ------
 Demand Fetches		   779038993	           0	   779038993	   529302782	   249736211	           0
  Fraction of total	      1.0000	      0.0000	      1.0000	      0.6794	      0.3206	      0.0000

 Demand Misses		     9485478	           0	     9485478	     8878073	      607405	           0
  Demand miss rate	      0.0122	      0.0000	      0.0122	      0.0168	      0.0024	      0.0000

 Multi-block refs             48178
 Bytes From Memory	   607070592
 ( / Demand Fetches)	      0.7793
 Bytes To Memory	    83574464
 ( / Demand Writes)	      0.3347
 Total Bytes r/w Mem	   690645056
 ( / Demand Fetches)	      0.8865

l2-dcache
 Metrics		      Total	      Instrn	       Data	       Read	      Write	       Misc
 -----------------	      ------	      ------	      ------	      ------	      ------	      ------
 Demand Fetches		    10791329	           0	    10791329	     9485478	     1305851	           0
  Fraction of total	      1.0000	      0.0000	      1.0000	      0.8790	      0.1210	      0.0000

 Demand Misses		     3121703	           0	     3121703	     3060770	       60933	           0
  Demand miss rate	      0.2893	      0.0000	      0.2893	      0.3227	      0.0467	      0.0000

 Multi-block refs                 0
 Bytes From Memory	   195889280
 ( / Demand Fetches)	     18.1525
 Bytes To Memory	    31620416
 ( / Demand Writes)	     24.2144
 Total Bytes r/w Mem	   227509696
 ( / Demand Fetches)	     21.0826

l3-dcache
 Metrics		      Total	      Instrn	       Data	       Read	      Write	       Misc
 -----------------	      ------	      ------	      ------	      ------	      ------	      ------
 Demand Fetches		     3554839	           0	     3554839	     3060770	      494069	           0
  Fraction of total	      1.0000	      0.0000	      1.0000	      0.8610	      0.1390	      0.0000

 Demand Misses		      296127	           0	      296127	      295716	         411	           0
  Demand miss rate	      0.0833	      0.0000	      0.0833	      0.0966	      0.0008	      0.0000

 Multi-block refs                 0
 Bytes From Memory	    18925824
 ( / Demand Fetches)	      5.3240
 Bytes To Memory	    12272384
 ( / Demand Writes)	     24.8394
 Total Bytes r/w Mem	    31198208
 ( / Demand Fetches)	      8.7763

---Execution complete.
