tracename vortex_m2b
---Dinero IV cache simulator, version 7
---Written by Jan Edler and Mark D. Hill
---Copyright (C) 1997 NEC Research Institute, Inc. and Mark D. Hill.
---All rights reserved.
---Copyright (C) 1985, 1989 Mark D. Hill.  All rights reserved.
---See -copyright option for details

---Summary of options (-help option gives usage information).

-l1-isize 32768
-l1-dsize 32768
-l2-dsize 262144
-l3-dsize 33554432
-l1-ibsize 64
-l1-dbsize 64
-l2-dbsize 64
-l3-dbsize 64
-l1-isbsize 64
-l1-dsbsize 64
-l2-dsbsize 64
-l3-dsbsize 64
-l1-iassoc 8
-l1-dassoc 8
-l2-dassoc 8
-l3-dassoc 8
-l1-irepl l
-l1-drepl b
-l2-drepl b
-l3-drepl b
-l1-ifetch d
-l1-dfetch d
-l2-dfetch d
-l3-dfetch d
-l1-dwalloc a
-l2-dwalloc a
-l3-dwalloc a
-l1-dwback a
-l2-dwback a
-l3-dwback a
-skipcount 0
-flushcount 0
-maxcount 0
-stat-interval 0
-informat s
-on-trigger 0x0
-off-trigger 0x0

---Simulation begins.
---Simulation complete.
l1-icache
 Metrics		      Total	      Instrn	       Data	       Read	      Write	       Misc
 -----------------	      ------	      ------	      ------	      ------	      ------	      ------
 Demand Fetches		  1999999982	  1999999982	           0	           0	           0	           0
  Fraction of total	      1.0000	      1.0000	      0.0000	      0.0000	      0.0000	      0.0000

 Demand Misses		     4538440	     4538440	           0	           0	           0	           0
  Demand miss rate	      0.0023	      0.0023	      0.0000	      0.0000	      0.0000	      0.0000

 Multi-block refs                 0
 Bytes From Memory	   290460160
 ( / Demand Fetches)	      0.1452
 Bytes To Memory	           0
 ( / Demand Writes)	      0.0000
 Total Bytes r/w Mem	   290460160
 ( / Demand Fetches)	      0.1452

l1-dcache
 Metrics		      Total	      Instrn	       Data	       Read	      Write	       Misc
 -----------------	      ------	      ------	      ------	      ------	      ------	      ------
 Demand Fetches		   779038993	           0	   779038993	   529302782	   249736211	           0
  Fraction of total	      1.0000	      0.0000	      1.0000	      0.6794	      0.3206	      0.0000

 Demand Misses		     8884950	           0	     8884950	     8356032	      528918	           0
  Demand miss rate	      0.0114	      0.0000	      0.0114	      0.0158	      0.0021	      0.0000

 Multi-block refs             48178
 Bytes From Memory	   568636800
 ( / Demand Fetches)	      0.7299
 Bytes To Memory	    73636480
 ( / Demand Writes)	      0.2949
 Total Bytes r/w Mem	   642273280
 ( / Demand Fetches)	      0.8244

l2-dcache
 Metrics		      Total	      Instrn	       Data	       Read	      Write	       Misc
 -----------------	      ------	      ------	      ------	      ------	      ------	      ------
 Demand Fetches		    10035520	           0	    10035520	     8884950	     1150570	           0
  Fraction of total	      1.0000	      0.0000	      1.0000	      0.8854	      0.1146	      0.0000

 Demand Misses		     2792976	           0	     2792976	     2761730	       31246	           0
  Demand miss rate	      0.2783	      0.0000	      0.2783	      0.3108	      0.0272	      0.0000

 Multi-block refs                 0
 Bytes From Memory	   176750720
 ( / Demand Fetches)	     17.6125
 Bytes To Memory	    29096064
 ( / Demand Writes)	     25.2884
 Total Bytes r/w Mem	   205846784
 ( / Demand Fetches)	     20.5118

l3-dcache
 Metrics		      Total	      Instrn	       Data	       Read	      Write	       Misc
 -----------------	      ------	      ------	      ------	      ------	      ------	      ------
 Demand Fetches		     3216356	           0	     3216356	     2761730	      454626	           0
  Fraction of total	      1.0000	      0.0000	      1.0000	      0.8587	      0.1413	      0.0000

 Demand Misses		      260898	           0	      260898	      260897	           1	           0
  Demand miss rate	      0.0811	      0.0000	      0.0811	      0.0945	      0.0000	      0.0000

 Multi-block refs                 0
 Bytes From Memory	    16697408
 ( / Demand Fetches)	      5.1914
 Bytes To Memory	    11637888
 ( / Demand Writes)	     25.5988
 Total Bytes r/w Mem	    28335296
 ( / Demand Fetches)	      8.8098

---Execution complete.
