tracename twolf_m2b
---Dinero IV cache simulator, version 7
---Written by Jan Edler and Mark D. Hill
---Copyright (C) 1997 NEC Research Institute, Inc. and Mark D. Hill.
---All rights reserved.
---Copyright (C) 1985, 1989 Mark D. Hill.  All rights reserved.
---See -copyright option for details

---Summary of options (-help option gives usage information).

-l1-isize 32768
-l1-dsize 32768
-l2-dsize 262144
-l3-dsize 16777216
-l1-ibsize 64
-l1-dbsize 64
-l2-dbsize 64
-l3-dbsize 64
-l1-isbsize 64
-l1-dsbsize 64
-l2-dsbsize 64
-l3-dsbsize 64
-l1-iassoc 8
-l1-dassoc 8
-l2-dassoc 8
-l3-dassoc 8
-l1-irepl l
-l1-drepl b
-l2-drepl b
-l3-drepl b
-l1-ifetch d
-l1-dfetch d
-l2-dfetch d
-l3-dfetch d
-l1-dwalloc a
-l2-dwalloc a
-l3-dwalloc a
-l1-dwback a
-l2-dwback a
-l3-dwback a
-skipcount 0
-flushcount 0
-maxcount 0
-stat-interval 0
-informat s
-on-trigger 0x0
-off-trigger 0x0

---Simulation begins.
---Simulation complete.
l1-icache
 Metrics		      Total	      Instrn	       Data	       Read	      Write	       Misc
 -----------------	      ------	      ------	      ------	      ------	      ------	      ------
 Demand Fetches		  1999999962	  1999999962	           0	           0	           0	           0
  Fraction of total	      1.0000	      1.0000	      0.0000	      0.0000	      0.0000	      0.0000

 Demand Misses		         864	         864	           0	           0	           0	           0
  Demand miss rate	      0.0000	      0.0000	      0.0000	      0.0000	      0.0000	      0.0000

 Multi-block refs                 0
 Bytes From Memory	       55296
 ( / Demand Fetches)	      0.0000
 Bytes To Memory	           0
 ( / Demand Writes)	      0.0000
 Total Bytes r/w Mem	       55296
 ( / Demand Fetches)	      0.0000

l1-dcache
 Metrics		      Total	      Instrn	       Data	       Read	      Write	       Misc
 -----------------	      ------	      ------	      ------	      ------	      ------	      ------
 Demand Fetches		   659937722	           0	   659937722	   520274780	   139662942	           0
  Fraction of total	      1.0000	      0.0000	      1.0000	      0.7884	      0.2116	      0.0000

 Demand Misses		    44420670	           0	    44420670	    36663673	     7756997	           0
  Demand miss rate	      0.0673	      0.0000	      0.0673	      0.0705	      0.0555	      0.0000

 Multi-block refs              2707
 Bytes From Memory	  2842922880
 ( / Demand Fetches)	      4.3079
 Bytes To Memory	   992412992
 ( / Demand Writes)	      7.1058
 Total Bytes r/w Mem	  3835335872
 ( / Demand Fetches)	      5.8117

l2-dcache
 Metrics		      Total	      Instrn	       Data	       Read	      Write	       Misc
 -----------------	      ------	      ------	      ------	      ------	      ------	      ------
 Demand Fetches		    59927123	           0	    59927123	    44420670	    15506453	           0
  Fraction of total	      1.0000	      0.0000	      1.0000	      0.7412	      0.2588	      0.0000

 Demand Misses		    29136883	           0	    29136883	    28459801	      677082	           0
  Demand miss rate	      0.4862	      0.0000	      0.4862	      0.6407	      0.0437	      0.0000

 Multi-block refs                 0
 Bytes From Memory	  1821427264
 ( / Demand Fetches)	     30.3940
 Bytes To Memory	   704889728
 ( / Demand Writes)	     45.4578
 Total Bytes r/w Mem	  2526316992
 ( / Demand Fetches)	     42.1565

l3-dcache
 Metrics		      Total	      Instrn	       Data	       Read	      Write	       Misc
 -----------------	      ------	      ------	      ------	      ------	      ------	      ------
 Demand Fetches		    39473703	           0	    39473703	    28459801	    11013902	           0
  Fraction of total	      1.0000	      0.0000	      1.0000	      0.7210	      0.2790	      0.0000

 Demand Misses		       25414	           0	       25414	       25414	           0	           0
  Demand miss rate	      0.0006	      0.0000	      0.0006	      0.0009	      0.0000	      0.0000

 Multi-block refs                 0
 Bytes From Memory	     1626496
 ( / Demand Fetches)	      0.0412
 Bytes To Memory	     1489024
 ( / Demand Writes)	      0.1352
 Total Bytes r/w Mem	     3115520
 ( / Demand Fetches)	      0.0789

---Execution complete.
