tracename twolf_m2b
---Dinero IV cache simulator, version 7
---Written by Jan Edler and Mark D. Hill
---Copyright (C) 1997 NEC Research Institute, Inc. and Mark D. Hill.
---All rights reserved.
---Copyright (C) 1985, 1989 Mark D. Hill.  All rights reserved.
---See -copyright option for details

---Summary of options (-help option gives usage information).

-l1-isize 32768
-l1-dsize 32768
-l2-dsize 262144
-l3-dsize 1048576
-l1-ibsize 64
-l1-dbsize 64
-l2-dbsize 64
-l3-dbsize 64
-l1-isbsize 64
-l1-dsbsize 64
-l2-dsbsize 64
-l3-dsbsize 64
-l1-iassoc 8
-l1-dassoc 8
-l2-dassoc 8
-l3-dassoc 8
-l1-irepl l
-l1-drepl b
-l2-drepl b
-l3-drepl b
-l1-ifetch d
-l1-dfetch d
-l2-dfetch d
-l3-dfetch d
-l1-dwalloc a
-l2-dwalloc a
-l3-dwalloc a
-l1-dwback a
-l2-dwback a
-l3-dwback a
-skipcount 0
-flushcount 0
-maxcount 0
-stat-interval 0
-informat s
-on-trigger 0x0
-off-trigger 0x0

---Simulation begins.
---Simulation complete.
l1-icache
 Metrics		      Total	      Instrn	       Data	       Read	      Write	       Misc
 -----------------	      ------	      ------	      ------	      ------	      ------	      ------
 Demand Fetches		  1999999962	  1999999962	           0	           0	           0	           0
  Fraction of total	      1.0000	      1.0000	      0.0000	      0.0000	      0.0000	      0.0000

 Demand Misses		         864	         864	           0	           0	           0	           0
  Demand miss rate	      0.0000	      0.0000	      0.0000	      0.0000	      0.0000	      0.0000

 Multi-block refs                 0
 Bytes From Memory	       55296
 ( / Demand Fetches)	      0.0000
 Bytes To Memory	           0
 ( / Demand Writes)	      0.0000
 Total Bytes r/w Mem	       55296
 ( / Demand Fetches)	      0.0000

l1-dcache
 Metrics		      Total	      Instrn	       Data	       Read	      Write	       Misc
 -----------------	      ------	      ------	      ------	      ------	      ------	      ------
 Demand Fetches		   659937722	           0	   659937722	   520274780	   139662942	           0
  Fraction of total	      1.0000	      0.0000	      1.0000	      0.7884	      0.2116	      0.0000

 Demand Misses		    44422978	           0	    44422978	    36665433	     7757545	           0
  Demand miss rate	      0.0673	      0.0000	      0.0673	      0.0705	      0.0555	      0.0000

 Multi-block refs              2707
 Bytes From Memory	  2843070592
 ( / Demand Fetches)	      4.3081
 Bytes To Memory	   992492672
 ( / Demand Writes)	      7.1063
 Total Bytes r/w Mem	  3835563264
 ( / Demand Fetches)	      5.8120

l2-dcache
 Metrics		      Total	      Instrn	       Data	       Read	      Write	       Misc
 -----------------	      ------	      ------	      ------	      ------	      ------	      ------
 Demand Fetches		    59930676	           0	    59930676	    44422978	    15507698	           0
  Fraction of total	      1.0000	      0.0000	      1.0000	      0.7412	      0.2588	      0.0000

 Demand Misses		    29138487	           0	    29138487	    28462070	      676417	           0
  Demand miss rate	      0.4862	      0.0000	      0.4862	      0.6407	      0.0436	      0.0000

 Multi-block refs                 0
 Bytes From Memory	  1821572480
 ( / Demand Fetches)	     30.3947
 Bytes To Memory	   705051072
 ( / Demand Writes)	     45.4646
 Total Bytes r/w Mem	  2526623552
 ( / Demand Fetches)	     42.1591

l3-dcache
 Metrics		      Total	      Instrn	       Data	       Read	      Write	       Misc
 -----------------	      ------	      ------	      ------	      ------	      ------	      ------
 Demand Fetches		    39478493	           0	    39478493	    28462070	    11016423	           0
  Fraction of total	      1.0000	      0.0000	      1.0000	      0.7210	      0.2790	      0.0000

 Demand Misses		     8369480	           0	     8369480	     7789424	      580056	           0
  Demand miss rate	      0.2120	      0.0000	      0.2120	      0.2737	      0.0527	      0.0000

 Multi-block refs                 0
 Bytes From Memory	   498523136
 ( / Demand Fetches)	     12.6277
 Bytes To Memory	   250970880
 ( / Demand Writes)	     22.7815
 Total Bytes r/w Mem	   749494016
 ( / Demand Fetches)	     18.9849

---Execution complete.
