tracename twolf_m2b
---Dinero IV cache simulator, version 7
---Written by Jan Edler and Mark D. Hill
---Copyright (C) 1997 NEC Research Institute, Inc. and Mark D. Hill.
---All rights reserved.
---Copyright (C) 1985, 1989 Mark D. Hill.  All rights reserved.
---See -copyright option for details

---Summary of options (-help option gives usage information).

-l1-isize 32768
-l1-dsize 32768
-l2-dsize 262144
-l3-dsize 262144
-l1-ibsize 64
-l1-dbsize 64
-l2-dbsize 64
-l3-dbsize 64
-l1-isbsize 64
-l1-dsbsize 64
-l2-dsbsize 64
-l3-dsbsize 64
-l1-iassoc 8
-l1-dassoc 8
-l2-dassoc 8
-l3-dassoc 8
-l1-irepl l
-l1-drepl b
-l2-drepl b
-l3-drepl b
-l1-ifetch d
-l1-dfetch d
-l2-dfetch d
-l3-dfetch d
-l1-dwalloc a
-l2-dwalloc a
-l3-dwalloc a
-l1-dwback a
-l2-dwback a
-l3-dwback a
-skipcount 0
-flushcount 0
-maxcount 0
-stat-interval 0
-informat s
-on-trigger 0x0
-off-trigger 0x0

---Simulation begins.
---Simulation complete.
l1-icache
 Metrics		      Total	      Instrn	       Data	       Read	      Write	       Misc
 -----------------	      ------	      ------	      ------	      ------	      ------	      ------
 Demand Fetches		  1999999962	  1999999962	           0	           0	           0	           0
  Fraction of total	      1.0000	      1.0000	      0.0000	      0.0000	      0.0000	      0.0000

 Demand Misses		         864	         864	           0	           0	           0	           0
  Demand miss rate	      0.0000	      0.0000	      0.0000	      0.0000	      0.0000	      0.0000

 Multi-block refs                 0
 Bytes From Memory	       55296
 ( / Demand Fetches)	      0.0000
 Bytes To Memory	           0
 ( / Demand Writes)	      0.0000
 Total Bytes r/w Mem	       55296
 ( / Demand Fetches)	      0.0000

l1-dcache
 Metrics		      Total	      Instrn	       Data	       Read	      Write	       Misc
 -----------------	      ------	      ------	      ------	      ------	      ------	      ------
 Demand Fetches		   659937722	           0	   659937722	   520274780	   139662942	           0
  Fraction of total	      1.0000	      0.0000	      1.0000	      0.7884	      0.2116	      0.0000

 Demand Misses		    44422862	           0	    44422862	    36664065	     7758797	           0
  Demand miss rate	      0.0673	      0.0000	      0.0673	      0.0705	      0.0556	      0.0000

 Multi-block refs              2707
 Bytes From Memory	  2843063168
 ( / Demand Fetches)	      4.3081
 Bytes To Memory	   992559680
 ( / Demand Writes)	      7.1068
 Total Bytes r/w Mem	  3835622848
 ( / Demand Fetches)	      5.8121

l2-dcache
 Metrics		      Total	      Instrn	       Data	       Read	      Write	       Misc
 -----------------	      ------	      ------	      ------	      ------	      ------	      ------
 Demand Fetches		    59931607	           0	    59931607	    44422862	    15508745	           0
  Fraction of total	      1.0000	      0.0000	      1.0000	      0.7412	      0.2588	      0.0000

 Demand Misses		    29142096	           0	    29142096	    28464980	      677116	           0
  Demand miss rate	      0.4863	      0.0000	      0.4863	      0.6408	      0.0437	      0.0000

 Multi-block refs                 0
 Bytes From Memory	  1821758720
 ( / Demand Fetches)	     30.3973
 Bytes To Memory	   704960832
 ( / Demand Writes)	     45.4557
 Total Bytes r/w Mem	  2526719552
 ( / Demand Fetches)	     42.1601

l3-dcache
 Metrics		      Total	      Instrn	       Data	       Read	      Write	       Misc
 -----------------	      ------	      ------	      ------	      ------	      ------	      ------
 Demand Fetches		    39479993	           0	    39479993	    28464980	    11015013	           0
  Fraction of total	      1.0000	      0.0000	      1.0000	      0.7210	      0.2790	      0.0000

 Demand Misses		    31033693	           0	    31033693	    24226708	     6806985	           0
  Demand miss rate	      0.7861	      0.0000	      0.7861	      0.8511	      0.6180	      0.0000

 Multi-block refs                 0
 Bytes From Memory	  1550509312
 ( / Demand Fetches)	     39.2733
 Bytes To Memory	   655503424
 ( / Demand Writes)	     59.5100
 Total Bytes r/w Mem	  2206012736
 ( / Demand Fetches)	     55.8767

---Execution complete.
