tracename twolf_m2b
---Dinero IV cache simulator, version 7
---Written by Jan Edler and Mark D. Hill
---Copyright (C) 1997 NEC Research Institute, Inc. and Mark D. Hill.
---All rights reserved.
---Copyright (C) 1985, 1989 Mark D. Hill.  All rights reserved.
---See -copyright option for details

---Summary of options (-help option gives usage information).

-l1-isize 32768
-l1-dsize 32768
-l2-dsize 262144
-l3-dsize 33554432
-l1-ibsize 64
-l1-dbsize 64
-l2-dbsize 64
-l3-dbsize 64
-l1-isbsize 64
-l1-dsbsize 64
-l2-dsbsize 64
-l3-dsbsize 64
-l1-iassoc 8
-l1-dassoc 8
-l2-dassoc 8
-l3-dassoc 8
-l1-irepl l
-l1-drepl r
-l2-drepl r
-l3-drepl r
-l1-ifetch d
-l1-dfetch d
-l2-dfetch d
-l3-dfetch d
-l1-dwalloc a
-l2-dwalloc a
-l3-dwalloc a
-l1-dwback a
-l2-dwback a
-l3-dwback a
-skipcount 0
-flushcount 0
-maxcount 0
-stat-interval 0
-informat s
-on-trigger 0x0
-off-trigger 0x0

---Simulation begins.
---Simulation complete.
l1-icache
 Metrics		      Total	      Instrn	       Data	       Read	      Write	       Misc
 -----------------	      ------	      ------	      ------	      ------	      ------	      ------
 Demand Fetches		  1999999962	  1999999962	           0	           0	           0	           0
  Fraction of total	      1.0000	      1.0000	      0.0000	      0.0000	      0.0000	      0.0000

 Demand Misses		         864	         864	           0	           0	           0	           0
  Demand miss rate	      0.0000	      0.0000	      0.0000	      0.0000	      0.0000	      0.0000

 Multi-block refs                 0
 Bytes From Memory	       55296
 ( / Demand Fetches)	      0.0000
 Bytes To Memory	           0
 ( / Demand Writes)	      0.0000
 Total Bytes r/w Mem	       55296
 ( / Demand Fetches)	      0.0000

l1-dcache
 Metrics		      Total	      Instrn	       Data	       Read	      Write	       Misc
 -----------------	      ------	      ------	      ------	      ------	      ------	      ------
 Demand Fetches		   659937722	           0	   659937722	   520274780	   139662942	           0
  Fraction of total	      1.0000	      0.0000	      1.0000	      0.7884	      0.2116	      0.0000

 Demand Misses		    47146063	           0	    47146063	    39027951	     8118112	           0
  Demand miss rate	      0.0714	      0.0000	      0.0714	      0.0750	      0.0581	      0.0000

 Multi-block refs              2707
 Bytes From Memory	  3017348032
 ( / Demand Fetches)	      4.5722
 Bytes To Memory	  1056288704
 ( / Demand Writes)	      7.5631
 Total Bytes r/w Mem	  4073636736
 ( / Demand Fetches)	      6.1728

l2-dcache
 Metrics		      Total	      Instrn	       Data	       Read	      Write	       Misc
 -----------------	      ------	      ------	      ------	      ------	      ------	      ------
 Demand Fetches		    63650574	           0	    63650574	    47146063	    16504511	           0
  Fraction of total	      1.0000	      0.0000	      1.0000	      0.7407	      0.2593	      0.0000

 Demand Misses		    30260473	           0	    30260473	    28995040	     1265433	           0
  Demand miss rate	      0.4754	      0.0000	      0.4754	      0.6150	      0.0767	      0.0000

 Multi-block refs                 0
 Bytes From Memory	  1855682560
 ( / Demand Fetches)	     29.1542
 Bytes To Memory	   725751424
 ( / Demand Writes)	     43.9729
 Total Bytes r/w Mem	  2581433984
 ( / Demand Fetches)	     40.5563

l3-dcache
 Metrics		      Total	      Instrn	       Data	       Read	      Write	       Misc
 -----------------	      ------	      ------	      ------	      ------	      ------	      ------
 Demand Fetches		    40334906	           0	    40334906	    28995040	    11339866	           0
  Fraction of total	      1.0000	      0.0000	      1.0000	      0.7189	      0.2811	      0.0000

 Demand Misses		       25414	           0	       25414	       25414	           0	           0
  Demand miss rate	      0.0006	      0.0000	      0.0006	      0.0009	      0.0000	      0.0000

 Multi-block refs                 0
 Bytes From Memory	     1626496
 ( / Demand Fetches)	      0.0403
 Bytes To Memory	     1489024
 ( / Demand Writes)	      0.1313
 Total Bytes r/w Mem	     3115520
 ( / Demand Fetches)	      0.0772

---Execution complete.
