tracename twolf_m2b
---Dinero IV cache simulator, version 7
---Written by Jan Edler and Mark D. Hill
---Copyright (C) 1997 NEC Research Institute, Inc. and Mark D. Hill.
---All rights reserved.
---Copyright (C) 1985, 1989 Mark D. Hill.  All rights reserved.
---See -copyright option for details

---Summary of options (-help option gives usage information).

-l1-isize 32768
-l1-dsize 32768
-l2-dsize 262144
-l3-dsize 524288
-l1-ibsize 64
-l1-dbsize 64
-l2-dbsize 64
-l3-dbsize 64
-l1-isbsize 64
-l1-dsbsize 64
-l2-dsbsize 64
-l3-dsbsize 64
-l1-iassoc 8
-l1-dassoc 8
-l2-dassoc 8
-l3-dassoc 8
-l1-irepl l
-l1-drepl 2
-l2-drepl 2
-l3-drepl 2
-l1-ifetch d
-l1-dfetch d
-l2-dfetch d
-l3-dfetch d
-l1-dwalloc a
-l2-dwalloc a
-l3-dwalloc a
-l1-dwback a
-l2-dwback a
-l3-dwback a
-skipcount 0
-flushcount 0
-maxcount 0
-stat-interval 0
-informat s
-on-trigger 0x0
-off-trigger 0x0

---Simulation begins.
---Simulation complete.
l1-icache
 Metrics		      Total	      Instrn	       Data	       Read	      Write	       Misc
 -----------------	      ------	      ------	      ------	      ------	      ------	      ------
 Demand Fetches		  1999999962	  1999999962	           0	           0	           0	           0
  Fraction of total	      1.0000	      1.0000	      0.0000	      0.0000	      0.0000	      0.0000

 Demand Misses		         864	         864	           0	           0	           0	           0
  Demand miss rate	      0.0000	      0.0000	      0.0000	      0.0000	      0.0000	      0.0000

 Multi-block refs                 0
 Bytes From Memory	       55296
 ( / Demand Fetches)	      0.0000
 Bytes To Memory	           0
 ( / Demand Writes)	      0.0000
 Total Bytes r/w Mem	       55296
 ( / Demand Fetches)	      0.0000

l1-dcache
 Metrics		      Total	      Instrn	       Data	       Read	      Write	       Misc
 -----------------	      ------	      ------	      ------	      ------	      ------	      ------
 Demand Fetches		   659937722	           0	   659937722	   520274780	   139662942	           0
  Fraction of total	      1.0000	      0.0000	      1.0000	      0.7884	      0.2116	      0.0000

 Demand Misses		    42773561	           0	    42773561	    35234685	     7538876	           0
  Demand miss rate	      0.0648	      0.0000	      0.0648	      0.0677	      0.0540	      0.0000

 Multi-block refs              2707
 Bytes From Memory	  2737507904
 ( / Demand Fetches)	      4.1481
 Bytes To Memory	   952551808
 ( / Demand Writes)	      6.8204
 Total Bytes r/w Mem	  3690059712
 ( / Demand Fetches)	      5.5915

l2-dcache
 Metrics		      Total	      Instrn	       Data	       Read	      Write	       Misc
 -----------------	      ------	      ------	      ------	      ------	      ------	      ------
 Demand Fetches		    57657183	           0	    57657183	    42773561	    14883622	           0
  Fraction of total	      1.0000	      0.0000	      1.0000	      0.7419	      0.2581	      0.0000

 Demand Misses		    28485760	           0	    28485760	    28193767	      291993	           0
  Demand miss rate	      0.4941	      0.0000	      0.4941	      0.6591	      0.0196	      0.0000

 Multi-block refs                 0
 Bytes From Memory	  1804401088
 ( / Demand Fetches)	     31.2953
 Bytes To Memory	   693195840
 ( / Demand Writes)	     46.5744
 Total Bytes r/w Mem	  2497596928
 ( / Demand Fetches)	     43.3181

l3-dcache
 Metrics		      Total	      Instrn	       Data	       Read	      Write	       Misc
 -----------------	      ------	      ------	      ------	      ------	      ------	      ------
 Demand Fetches		    39024952	           0	    39024952	    28193767	    10831185	           0
  Fraction of total	      1.0000	      0.0000	      1.0000	      0.7225	      0.2775	      0.0000

 Demand Misses		    21184704	           0	    21184704	    18469769	     2714935	           0
  Demand miss rate	      0.5429	      0.0000	      0.5429	      0.6551	      0.2507	      0.0000

 Multi-block refs                 0
 Bytes From Memory	  1182065216
 ( / Demand Fetches)	     30.2900
 Bytes To Memory	   524151040
 ( / Demand Writes)	     48.3928
 Total Bytes r/w Mem	  1706216256
 ( / Demand Fetches)	     43.7212

---Execution complete.
