tracename twolf_m2b
---Dinero IV cache simulator, version 7
---Written by Jan Edler and Mark D. Hill
---Copyright (C) 1997 NEC Research Institute, Inc. and Mark D. Hill.
---All rights reserved.
---Copyright (C) 1985, 1989 Mark D. Hill.  All rights reserved.
---See -copyright option for details

---Summary of options (-help option gives usage information).

-l1-isize 32768
-l1-dsize 32768
-l2-dsize 262144
-l3-dsize 16777216
-l1-ibsize 64
-l1-dbsize 64
-l2-dbsize 64
-l3-dbsize 64
-l1-isbsize 64
-l1-dsbsize 64
-l2-dsbsize 64
-l3-dsbsize 64
-l1-iassoc 8
-l1-dassoc 8
-l2-dassoc 8
-l3-dassoc 8
-l1-irepl l
-l1-drepl c
-l2-drepl c
-l3-drepl c
-l1-ifetch d
-l1-dfetch d
-l2-dfetch d
-l3-dfetch d
-l1-dwalloc a
-l2-dwalloc a
-l3-dwalloc a
-l1-dwback a
-l2-dwback a
-l3-dwback a
-skipcount 0
-flushcount 0
-maxcount 0
-stat-interval 0
-informat s
-on-trigger 0x0
-off-trigger 0x0

---Simulation begins.
---Simulation complete.
l1-icache
 Metrics		      Total	      Instrn	       Data	       Read	      Write	       Misc
 -----------------	      ------	      ------	      ------	      ------	      ------	      ------
 Demand Fetches		  1999999962	  1999999962	           0	           0	           0	           0
  Fraction of total	      1.0000	      1.0000	      0.0000	      0.0000	      0.0000	      0.0000

 Demand Misses		         864	         864	           0	           0	           0	           0
  Demand miss rate	      0.0000	      0.0000	      0.0000	      0.0000	      0.0000	      0.0000

 Multi-block refs                 0
 Bytes From Memory	       55296
 ( / Demand Fetches)	      0.0000
 Bytes To Memory	           0
 ( / Demand Writes)	      0.0000
 Total Bytes r/w Mem	       55296
 ( / Demand Fetches)	      0.0000

l1-dcache
 Metrics		      Total	      Instrn	       Data	       Read	      Write	       Misc
 -----------------	      ------	      ------	      ------	      ------	      ------	      ------
 Demand Fetches		   659937722	           0	   659937722	   520274780	   139662942	           0
  Fraction of total	      1.0000	      0.0000	      1.0000	      0.7884	      0.2116	      0.0000

 Demand Misses		    43613416	           0	    43613416	    35970814	     7642602	           0
  Demand miss rate	      0.0661	      0.0000	      0.0661	      0.0691	      0.0547	      0.0000

 Multi-block refs              2707
 Bytes From Memory	  2791258624
 ( / Demand Fetches)	      4.2296
 Bytes To Memory	   973697728
 ( / Demand Writes)	      6.9718
 Total Bytes r/w Mem	  3764956352
 ( / Demand Fetches)	      5.7050

l2-dcache
 Metrics		      Total	      Instrn	       Data	       Read	      Write	       Misc
 -----------------	      ------	      ------	      ------	      ------	      ------	      ------
 Demand Fetches		    58827443	           0	    58827443	    43613416	    15214027	           0
  Fraction of total	      1.0000	      0.0000	      1.0000	      0.7414	      0.2586	      0.0000

 Demand Misses		    28727664	           0	    28727664	    28242579	      485085	           0
  Demand miss rate	      0.4883	      0.0000	      0.4883	      0.6476	      0.0319	      0.0000

 Multi-block refs                 0
 Bytes From Memory	  1807525056
 ( / Demand Fetches)	     30.7259
 Bytes To Memory	   697850112
 ( / Demand Writes)	     45.8689
 Total Bytes r/w Mem	  2505375168
 ( / Demand Fetches)	     42.5885

l3-dcache
 Metrics		      Total	      Instrn	       Data	       Read	      Write	       Misc
 -----------------	      ------	      ------	      ------	      ------	      ------	      ------
 Demand Fetches		    39146487	           0	    39146487	    28242579	    10903908	           0
  Fraction of total	      1.0000	      0.0000	      1.0000	      0.7215	      0.2785	      0.0000

 Demand Misses		       25414	           0	       25414	       25414	           0	           0
  Demand miss rate	      0.0006	      0.0000	      0.0006	      0.0009	      0.0000	      0.0000

 Multi-block refs                 0
 Bytes From Memory	     1626496
 ( / Demand Fetches)	      0.0415
 Bytes To Memory	     1489024
 ( / Demand Writes)	      0.1366
 Total Bytes r/w Mem	     3115520
 ( / Demand Fetches)	      0.0796

---Execution complete.
