tracename twolf_m2b
---Dinero IV cache simulator, version 7
---Written by Jan Edler and Mark D. Hill
---Copyright (C) 1997 NEC Research Institute, Inc. and Mark D. Hill.
---All rights reserved.
---Copyright (C) 1985, 1989 Mark D. Hill.  All rights reserved.
---See -copyright option for details

---Summary of options (-help option gives usage information).

-l1-isize 32768
-l1-dsize 32768
-l2-dsize 262144
-l3-dsize 262144
-l1-ibsize 64
-l1-dbsize 64
-l2-dbsize 64
-l3-dbsize 64
-l1-isbsize 64
-l1-dsbsize 64
-l2-dsbsize 64
-l3-dsbsize 64
-l1-iassoc 8
-l1-dassoc 8
-l2-dassoc 8
-l3-dassoc 8
-l1-irepl l
-l1-drepl 2
-l2-drepl 2
-l3-drepl 2
-l1-ifetch d
-l1-dfetch d
-l2-dfetch d
-l3-dfetch d
-l1-dwalloc a
-l2-dwalloc a
-l3-dwalloc a
-l1-dwback a
-l2-dwback a
-l3-dwback a
-skipcount 0
-flushcount 0
-maxcount 0
-stat-interval 0
-informat s
-on-trigger 0x0
-off-trigger 0x0

---Simulation begins.
---Simulation complete.
l1-icache
 Metrics		      Total	      Instrn	       Data	       Read	      Write	       Misc
 -----------------	      ------	      ------	      ------	      ------	      ------	      ------
 Demand Fetches		  1999999962	  1999999962	           0	           0	           0	           0
  Fraction of total	      1.0000	      1.0000	      0.0000	      0.0000	      0.0000	      0.0000

 Demand Misses		         864	         864	           0	           0	           0	           0
  Demand miss rate	      0.0000	      0.0000	      0.0000	      0.0000	      0.0000	      0.0000

 Multi-block refs                 0
 Bytes From Memory	       55296
 ( / Demand Fetches)	      0.0000
 Bytes To Memory	           0
 ( / Demand Writes)	      0.0000
 Total Bytes r/w Mem	       55296
 ( / Demand Fetches)	      0.0000

l1-dcache
 Metrics		      Total	      Instrn	       Data	       Read	      Write	       Misc
 -----------------	      ------	      ------	      ------	      ------	      ------	      ------
 Demand Fetches		   659937722	           0	   659937722	   520274780	   139662942	           0
  Fraction of total	      1.0000	      0.0000	      1.0000	      0.7884	      0.2116	      0.0000

 Demand Misses		    42775868	           0	    42775868	    35237615	     7538253	           0
  Demand miss rate	      0.0648	      0.0000	      0.0648	      0.0677	      0.0540	      0.0000

 Multi-block refs              2707
 Bytes From Memory	  2737655552
 ( / Demand Fetches)	      4.1484
 Bytes To Memory	   952497280
 ( / Demand Writes)	      6.8200
 Total Bytes r/w Mem	  3690152832
 ( / Demand Fetches)	      5.5917

l2-dcache
 Metrics		      Total	      Instrn	       Data	       Read	      Write	       Misc
 -----------------	      ------	      ------	      ------	      ------	      ------	      ------
 Demand Fetches		    57658638	           0	    57658638	    42775868	    14882770	           0
  Fraction of total	      1.0000	      0.0000	      1.0000	      0.7419	      0.2581	      0.0000

 Demand Misses		    28484229	           0	    28484229	    28192640	      291589	           0
  Demand miss rate	      0.4940	      0.0000	      0.4940	      0.6591	      0.0196	      0.0000

 Multi-block refs                 0
 Bytes From Memory	  1804328960
 ( / Demand Fetches)	     31.2933
 Bytes To Memory	   693174016
 ( / Demand Writes)	     46.5756
 Total Bytes r/w Mem	  2497502976
 ( / Demand Fetches)	     43.3153

l3-dcache
 Metrics		      Total	      Instrn	       Data	       Read	      Write	       Misc
 -----------------	      ------	      ------	      ------	      ------	      ------	      ------
 Demand Fetches		    39023484	           0	    39023484	    28192640	    10830844	           0
  Fraction of total	      1.0000	      0.0000	      1.0000	      0.7225	      0.2775	      0.0000

 Demand Misses		    31426367	           0	    31426367	    24385941	     7040426	           0
  Demand miss rate	      0.8053	      0.0000	      0.8053	      0.8650	      0.6500	      0.0000

 Multi-block refs                 0
 Bytes From Memory	  1560700224
 ( / Demand Fetches)	     39.9939
 Bytes To Memory	   653080512
 ( / Demand Writes)	     60.2982
 Total Bytes r/w Mem	  2213780736
 ( / Demand Fetches)	     56.7294

---Execution complete.
