tracename twolf_m2b
---Dinero IV cache simulator, version 7
---Written by Jan Edler and Mark D. Hill
---Copyright (C) 1997 NEC Research Institute, Inc. and Mark D. Hill.
---All rights reserved.
---Copyright (C) 1985, 1989 Mark D. Hill.  All rights reserved.
---See -copyright option for details

---Summary of options (-help option gives usage information).

-l1-isize 32768
-l1-dsize 32768
-l2-dsize 262144
-l3-dsize 8388608
-l1-ibsize 64
-l1-dbsize 64
-l2-dbsize 64
-l3-dbsize 64
-l1-isbsize 64
-l1-dsbsize 64
-l2-dsbsize 64
-l3-dsbsize 64
-l1-iassoc 8
-l1-dassoc 8
-l2-dassoc 8
-l3-dassoc 8
-l1-irepl l
-l1-drepl f
-l2-drepl f
-l3-drepl f
-l1-ifetch d
-l1-dfetch d
-l2-dfetch d
-l3-dfetch d
-l1-dwalloc a
-l2-dwalloc a
-l3-dwalloc a
-l1-dwback a
-l2-dwback a
-l3-dwback a
-skipcount 0
-flushcount 0
-maxcount 0
-stat-interval 0
-informat s
-on-trigger 0x0
-off-trigger 0x0

---Simulation begins.
---Simulation complete.
l1-icache
 Metrics		      Total	      Instrn	       Data	       Read	      Write	       Misc
 -----------------	      ------	      ------	      ------	      ------	      ------	      ------
 Demand Fetches		  1999999962	  1999999962	           0	           0	           0	           0
  Fraction of total	      1.0000	      1.0000	      0.0000	      0.0000	      0.0000	      0.0000

 Demand Misses		         864	         864	           0	           0	           0	           0
  Demand miss rate	      0.0000	      0.0000	      0.0000	      0.0000	      0.0000	      0.0000

 Multi-block refs                 0
 Bytes From Memory	       55296
 ( / Demand Fetches)	      0.0000
 Bytes To Memory	           0
 ( / Demand Writes)	      0.0000
 Total Bytes r/w Mem	       55296
 ( / Demand Fetches)	      0.0000

l1-dcache
 Metrics		      Total	      Instrn	       Data	       Read	      Write	       Misc
 -----------------	      ------	      ------	      ------	      ------	      ------	      ------
 Demand Fetches		   659937722	           0	   659937722	   520274780	   139662942	           0
  Fraction of total	      1.0000	      0.0000	      1.0000	      0.7884	      0.2116	      0.0000

 Demand Misses		    44567329	           0	    44567329	    36818382	     7748947	           0
  Demand miss rate	      0.0675	      0.0000	      0.0675	      0.0708	      0.0555	      0.0000

 Multi-block refs              2707
 Bytes From Memory	  2852309056
 ( / Demand Fetches)	      4.3221
 Bytes To Memory	  1006464768
 ( / Demand Writes)	      7.2064
 Total Bytes r/w Mem	  3858773824
 ( / Demand Fetches)	      5.8472

l2-dcache
 Metrics		      Total	      Instrn	       Data	       Read	      Write	       Misc
 -----------------	      ------	      ------	      ------	      ------	      ------	      ------
 Demand Fetches		    60293341	           0	    60293341	    44567329	    15726012	           0
  Fraction of total	      1.0000	      0.0000	      1.0000	      0.7392	      0.2608	      0.0000

 Demand Misses		    29427193	           0	    29427193	    29001817	      425376	           0
  Demand miss rate	      0.4881	      0.0000	      0.4881	      0.6507	      0.0270	      0.0000

 Multi-block refs                 0
 Bytes From Memory	  1856116288
 ( / Demand Fetches)	     30.7848
 Bytes To Memory	   732347072
 ( / Demand Writes)	     46.5692
 Total Bytes r/w Mem	  2588463360
 ( / Demand Fetches)	     42.9312

l3-dcache
 Metrics		      Total	      Instrn	       Data	       Read	      Write	       Misc
 -----------------	      ------	      ------	      ------	      ------	      ------	      ------
 Demand Fetches		    40444740	           0	    40444740	    29001817	    11442923	           0
  Fraction of total	      1.0000	      0.0000	      1.0000	      0.7171	      0.2829	      0.0000

 Demand Misses		       25414	           0	       25414	       25414	           0	           0
  Demand miss rate	      0.0006	      0.0000	      0.0006	      0.0009	      0.0000	      0.0000

 Multi-block refs                 0
 Bytes From Memory	     1626496
 ( / Demand Fetches)	      0.0402
 Bytes To Memory	     1489024
 ( / Demand Writes)	      0.1301
 Total Bytes r/w Mem	     3115520
 ( / Demand Fetches)	      0.0770

---Execution complete.
