tracename apsi_m2b
---Dinero IV cache simulator, version 7
---Written by Jan Edler and Mark D. Hill
---Copyright (C) 1997 NEC Research Institute, Inc. and Mark D. Hill.
---All rights reserved.
---Copyright (C) 1985, 1989 Mark D. Hill.  All rights reserved.
---See -copyright option for details

---Summary of options (-help option gives usage information).

-l1-isize 32768
-l1-dsize 32768
-l2-dsize 262144
-l3-dsize 524288
-l1-ibsize 64
-l1-dbsize 64
-l2-dbsize 64
-l3-dbsize 64
-l1-isbsize 64
-l1-dsbsize 64
-l2-dsbsize 64
-l3-dsbsize 64
-l1-iassoc 8
-l1-dassoc 8
-l2-dassoc 8
-l3-dassoc 8
-l1-irepl l
-l1-drepl c
-l2-drepl c
-l3-drepl c
-l1-ifetch d
-l1-dfetch d
-l2-dfetch d
-l3-dfetch d
-l1-dwalloc a
-l2-dwalloc a
-l3-dwalloc a
-l1-dwback a
-l2-dwback a
-l3-dwback a
-skipcount 0
-flushcount 0
-maxcount 0
-stat-interval 0
-informat s
-on-trigger 0x0
-off-trigger 0x0

---Simulation begins.
---Simulation complete.
l1-icache
 Metrics		      Total	      Instrn	       Data	       Read	      Write	       Misc
 -----------------	      ------	      ------	      ------	      ------	      ------	      ------
 Demand Fetches		  1999999918	  1999999918	           0	           0	           0	           0
  Fraction of total	      1.0000	      1.0000	      0.0000	      0.0000	      0.0000	      0.0000

 Demand Misses		     1899151	     1899151	           0	           0	           0	           0
  Demand miss rate	      0.0009	      0.0009	      0.0000	      0.0000	      0.0000	      0.0000

 Multi-block refs                 0
 Bytes From Memory	   121545664
 ( / Demand Fetches)	      0.0608
 Bytes To Memory	           0
 ( / Demand Writes)	      0.0000
 Total Bytes r/w Mem	   121545664
 ( / Demand Fetches)	      0.0608

l1-dcache
 Metrics		      Total	      Instrn	       Data	       Read	      Write	       Misc
 -----------------	      ------	      ------	      ------	      ------	      ------	      ------
 Demand Fetches		   745791176	           0	   745791176	   481301260	   264489916	           0
  Fraction of total	      1.0000	      0.0000	      1.0000	      0.6454	      0.3546	      0.0000

 Demand Misses		    22803092	           0	    22803092	    15463066	     7340026	           0
  Demand miss rate	      0.0306	      0.0000	      0.0306	      0.0321	      0.0278	      0.0000

 Multi-block refs                 0
 Bytes From Memory	  1459397888
 ( / Demand Fetches)	      1.9568
 Bytes To Memory	   671747968
 ( / Demand Writes)	      2.5398
 Total Bytes r/w Mem	  2131145856
 ( / Demand Fetches)	      2.8576

l2-dcache
 Metrics		      Total	      Instrn	       Data	       Read	      Write	       Misc
 -----------------	      ------	      ------	      ------	      ------	      ------	      ------
 Demand Fetches		    33299154	           0	    33299154	    22803092	    10496062	           0
  Fraction of total	      1.0000	      0.0000	      1.0000	      0.6848	      0.3152	      0.0000

 Demand Misses		    16600961	           0	    16600961	    16412170	      188791	           0
  Demand miss rate	      0.4985	      0.0000	      0.4985	      0.7197	      0.0180	      0.0000

 Multi-block refs                 0
 Bytes From Memory	  1050378880
 ( / Demand Fetches)	     31.5437
 Bytes To Memory	   497234048
 ( / Demand Writes)	     47.3734
 Total Bytes r/w Mem	  1547612928
 ( / Demand Fetches)	     46.4760

l3-dcache
 Metrics		      Total	      Instrn	       Data	       Read	      Write	       Misc
 -----------------	      ------	      ------	      ------	      ------	      ------	      ------
 Demand Fetches		    24181452	           0	    24181452	    16412170	     7769282	           0
  Fraction of total	      1.0000	      0.0000	      1.0000	      0.6787	      0.3213	      0.0000

 Demand Misses		    12640013	           0	    12640013	    10684068	     1955945	           0
  Demand miss rate	      0.5227	      0.0000	      0.5227	      0.6510	      0.2518	      0.0000

 Multi-block refs                 0
 Bytes From Memory	   683780352
 ( / Demand Fetches)	     28.2771
 Bytes To Memory	   316600960
 ( / Demand Writes)	     40.7503
 Total Bytes r/w Mem	  1000381312
 ( / Demand Fetches)	     41.3698

---Execution complete.
