tracename apsi_m2b
---Dinero IV cache simulator, version 7
---Written by Jan Edler and Mark D. Hill
---Copyright (C) 1997 NEC Research Institute, Inc. and Mark D. Hill.
---All rights reserved.
---Copyright (C) 1985, 1989 Mark D. Hill.  All rights reserved.
---See -copyright option for details

---Summary of options (-help option gives usage information).

-l1-isize 32768
-l1-dsize 32768
-l2-dsize 262144
-l3-dsize 1048576
-l1-ibsize 64
-l1-dbsize 64
-l2-dbsize 64
-l3-dbsize 64
-l1-isbsize 64
-l1-dsbsize 64
-l2-dsbsize 64
-l3-dsbsize 64
-l1-iassoc 8
-l1-dassoc 8
-l2-dassoc 8
-l3-dassoc 8
-l1-irepl l
-l1-drepl c
-l2-drepl c
-l3-drepl c
-l1-ifetch d
-l1-dfetch d
-l2-dfetch d
-l3-dfetch d
-l1-dwalloc a
-l2-dwalloc a
-l3-dwalloc a
-l1-dwback a
-l2-dwback a
-l3-dwback a
-skipcount 0
-flushcount 0
-maxcount 0
-stat-interval 0
-informat s
-on-trigger 0x0
-off-trigger 0x0

---Simulation begins.
---Simulation complete.
l1-icache
 Metrics		      Total	      Instrn	       Data	       Read	      Write	       Misc
 -----------------	      ------	      ------	      ------	      ------	      ------	      ------
 Demand Fetches		  1999999918	  1999999918	           0	           0	           0	           0
  Fraction of total	      1.0000	      1.0000	      0.0000	      0.0000	      0.0000	      0.0000

 Demand Misses		     1899151	     1899151	           0	           0	           0	           0
  Demand miss rate	      0.0009	      0.0009	      0.0000	      0.0000	      0.0000	      0.0000

 Multi-block refs                 0
 Bytes From Memory	   121545664
 ( / Demand Fetches)	      0.0608
 Bytes To Memory	           0
 ( / Demand Writes)	      0.0000
 Total Bytes r/w Mem	   121545664
 ( / Demand Fetches)	      0.0608

l1-dcache
 Metrics		      Total	      Instrn	       Data	       Read	      Write	       Misc
 -----------------	      ------	      ------	      ------	      ------	      ------	      ------
 Demand Fetches		   745791176	           0	   745791176	   481301260	   264489916	           0
  Fraction of total	      1.0000	      0.0000	      1.0000	      0.6454	      0.3546	      0.0000

 Demand Misses		    22804831	           0	    22804831	    15462988	     7341843	           0
  Demand miss rate	      0.0306	      0.0000	      0.0306	      0.0321	      0.0278	      0.0000

 Multi-block refs                 0
 Bytes From Memory	  1459509184
 ( / Demand Fetches)	      1.9570
 Bytes To Memory	   671833152
 ( / Demand Writes)	      2.5401
 Total Bytes r/w Mem	  2131342336
 ( / Demand Fetches)	      2.8578

l2-dcache
 Metrics		      Total	      Instrn	       Data	       Read	      Write	       Misc
 -----------------	      ------	      ------	      ------	      ------	      ------	      ------
 Demand Fetches		    33302224	           0	    33302224	    22804831	    10497393	           0
  Fraction of total	      1.0000	      0.0000	      1.0000	      0.6848	      0.3152	      0.0000

 Demand Misses		    16600786	           0	    16600786	    16412723	      188063	           0
  Demand miss rate	      0.4985	      0.0000	      0.4985	      0.7197	      0.0179	      0.0000

 Multi-block refs                 0
 Bytes From Memory	  1050414272
 ( / Demand Fetches)	     31.5419
 Bytes To Memory	   497278464
 ( / Demand Writes)	     47.3716
 Total Bytes r/w Mem	  1547692736
 ( / Demand Fetches)	     46.4742

l3-dcache
 Metrics		      Total	      Instrn	       Data	       Read	      Write	       Misc
 -----------------	      ------	      ------	      ------	      ------	      ------	      ------
 Demand Fetches		    24182699	           0	    24182699	    16412723	     7769976	           0
  Fraction of total	      1.0000	      0.0000	      1.0000	      0.6787	      0.3213	      0.0000

 Demand Misses		     6791551	           0	     6791551	     6399090	      392461	           0
  Demand miss rate	      0.2808	      0.0000	      0.2808	      0.3899	      0.0505	      0.0000

 Multi-block refs                 0
 Bytes From Memory	   409541760
 ( / Demand Fetches)	     16.9353
 Bytes To Memory	   225934528
 ( / Demand Writes)	     29.0779
 Total Bytes r/w Mem	   635476288
 ( / Demand Fetches)	     26.2781

---Execution complete.
