tracename apsi_m2b
---Dinero IV cache simulator, version 7
---Written by Jan Edler and Mark D. Hill
---Copyright (C) 1997 NEC Research Institute, Inc. and Mark D. Hill.
---All rights reserved.
---Copyright (C) 1985, 1989 Mark D. Hill.  All rights reserved.
---See -copyright option for details

---Summary of options (-help option gives usage information).

-l1-isize 32768
-l1-dsize 32768
-l2-dsize 262144
-l3-dsize 262144
-l1-ibsize 64
-l1-dbsize 64
-l2-dbsize 64
-l3-dbsize 64
-l1-isbsize 64
-l1-dsbsize 64
-l2-dsbsize 64
-l3-dsbsize 64
-l1-iassoc 8
-l1-dassoc 8
-l2-dassoc 8
-l3-dassoc 8
-l1-irepl l
-l1-drepl 2
-l2-drepl 2
-l3-drepl 2
-l1-ifetch d
-l1-dfetch d
-l2-dfetch d
-l3-dfetch d
-l1-dwalloc a
-l2-dwalloc a
-l3-dwalloc a
-l1-dwback a
-l2-dwback a
-l3-dwback a
-skipcount 0
-flushcount 0
-maxcount 0
-stat-interval 0
-informat s
-on-trigger 0x0
-off-trigger 0x0

---Simulation begins.
---Simulation complete.
l1-icache
 Metrics		      Total	      Instrn	       Data	       Read	      Write	       Misc
 -----------------	      ------	      ------	      ------	      ------	      ------	      ------
 Demand Fetches		  1999999918	  1999999918	           0	           0	           0	           0
  Fraction of total	      1.0000	      1.0000	      0.0000	      0.0000	      0.0000	      0.0000

 Demand Misses		     1899151	     1899151	           0	           0	           0	           0
  Demand miss rate	      0.0009	      0.0009	      0.0000	      0.0000	      0.0000	      0.0000

 Multi-block refs                 0
 Bytes From Memory	   121545664
 ( / Demand Fetches)	      0.0608
 Bytes To Memory	           0
 ( / Demand Writes)	      0.0000
 Total Bytes r/w Mem	   121545664
 ( / Demand Fetches)	      0.0608

l1-dcache
 Metrics		      Total	      Instrn	       Data	       Read	      Write	       Misc
 -----------------	      ------	      ------	      ------	      ------	      ------	      ------
 Demand Fetches		   745791176	           0	   745791176	   481301260	   264489916	           0
  Fraction of total	      1.0000	      0.0000	      1.0000	      0.6454	      0.3546	      0.0000

 Demand Misses		    22686840	           0	    22686840	    15381526	     7305314	           0
  Demand miss rate	      0.0304	      0.0000	      0.0304	      0.0320	      0.0276	      0.0000

 Multi-block refs                 0
 Bytes From Memory	  1451957760
 ( / Demand Fetches)	      1.9469
 Bytes To Memory	   669998272
 ( / Demand Writes)	      2.5332
 Total Bytes r/w Mem	  2121956032
 ( / Demand Fetches)	      2.8452

l2-dcache
 Metrics		      Total	      Instrn	       Data	       Read	      Write	       Misc
 -----------------	      ------	      ------	      ------	      ------	      ------	      ------
 Demand Fetches		    33155563	           0	    33155563	    22686840	    10468723	           0
  Fraction of total	      1.0000	      0.0000	      1.0000	      0.6843	      0.3157	      0.0000

 Demand Misses		    16434904	           0	    16434904	    16358158	       76746	           0
  Demand miss rate	      0.4957	      0.0000	      0.4957	      0.7210	      0.0073	      0.0000

 Multi-block refs                 0
 Bytes From Memory	  1046922112
 ( / Demand Fetches)	     31.5761
 Bytes To Memory	   496207488
 ( / Demand Writes)	     47.3990
 Total Bytes r/w Mem	  1543129600
 ( / Demand Fetches)	     46.5421

l3-dcache
 Metrics		      Total	      Instrn	       Data	       Read	      Write	       Misc
 -----------------	      ------	      ------	      ------	      ------	      ------	      ------
 Demand Fetches		    24111400	           0	    24111400	    16358158	     7753242	           0
  Fraction of total	      1.0000	      0.0000	      1.0000	      0.6784	      0.3216	      0.0000

 Demand Misses		    20228584	           0	    20228584	    14564552	     5664032	           0
  Demand miss rate	      0.8390	      0.0000	      0.8390	      0.8904	      0.7305	      0.0000

 Multi-block refs                 0
 Bytes From Memory	   932131328
 ( / Demand Fetches)	     38.6594
 Bytes To Memory	   477155712
 ( / Demand Writes)	     61.5427
 Total Bytes r/w Mem	  1409287040
 ( / Demand Fetches)	     58.4490

---Execution complete.
