tracename apsi_m2b
---Dinero IV cache simulator, version 7
---Written by Jan Edler and Mark D. Hill
---Copyright (C) 1997 NEC Research Institute, Inc. and Mark D. Hill.
---All rights reserved.
---Copyright (C) 1985, 1989 Mark D. Hill.  All rights reserved.
---See -copyright option for details

---Summary of options (-help option gives usage information).

-l1-isize 32768
-l1-dsize 32768
-l2-dsize 262144
-l3-dsize 33554432
-l1-ibsize 64
-l1-dbsize 64
-l2-dbsize 64
-l3-dbsize 64
-l1-isbsize 64
-l1-dsbsize 64
-l2-dsbsize 64
-l3-dsbsize 64
-l1-iassoc 8
-l1-dassoc 8
-l2-dassoc 8
-l3-dassoc 8
-l1-irepl l
-l1-drepl r
-l2-drepl r
-l3-drepl r
-l1-ifetch d
-l1-dfetch d
-l2-dfetch d
-l3-dfetch d
-l1-dwalloc a
-l2-dwalloc a
-l3-dwalloc a
-l1-dwback a
-l2-dwback a
-l3-dwback a
-skipcount 0
-flushcount 0
-maxcount 0
-stat-interval 0
-informat s
-on-trigger 0x0
-off-trigger 0x0

---Simulation begins.
---Simulation complete.
l1-icache
 Metrics		      Total	      Instrn	       Data	       Read	      Write	       Misc
 -----------------	      ------	      ------	      ------	      ------	      ------	      ------
 Demand Fetches		  1999999918	  1999999918	           0	           0	           0	           0
  Fraction of total	      1.0000	      1.0000	      0.0000	      0.0000	      0.0000	      0.0000

 Demand Misses		     1899151	     1899151	           0	           0	           0	           0
  Demand miss rate	      0.0009	      0.0009	      0.0000	      0.0000	      0.0000	      0.0000

 Multi-block refs                 0
 Bytes From Memory	   121545664
 ( / Demand Fetches)	      0.0608
 Bytes To Memory	           0
 ( / Demand Writes)	      0.0000
 Total Bytes r/w Mem	   121545664
 ( / Demand Fetches)	      0.0608

l1-dcache
 Metrics		      Total	      Instrn	       Data	       Read	      Write	       Misc
 -----------------	      ------	      ------	      ------	      ------	      ------	      ------
 Demand Fetches		   745791176	           0	   745791176	   481301260	   264489916	           0
  Fraction of total	      1.0000	      0.0000	      1.0000	      0.6454	      0.3546	      0.0000

 Demand Misses		    23772061	           0	    23772061	    16170275	     7601786	           0
  Demand miss rate	      0.0319	      0.0000	      0.0319	      0.0336	      0.0287	      0.0000

 Multi-block refs                 0
 Bytes From Memory	  1521411904
 ( / Demand Fetches)	      2.0400
 Bytes To Memory	   695176128
 ( / Demand Writes)	      2.6284
 Total Bytes r/w Mem	  2216588032
 ( / Demand Fetches)	      2.9721

l2-dcache
 Metrics		      Total	      Instrn	       Data	       Read	      Write	       Misc
 -----------------	      ------	      ------	      ------	      ------	      ------	      ------
 Demand Fetches		    34634188	           0	    34634188	    23772061	    10862127	           0
  Fraction of total	      1.0000	      0.0000	      1.0000	      0.6864	      0.3136	      0.0000

 Demand Misses		    17100537	           0	    17100537	    16461651	      638886	           0
  Demand miss rate	      0.4937	      0.0000	      0.4937	      0.6925	      0.0588	      0.0000

 Multi-block refs                 0
 Bytes From Memory	  1053545664
 ( / Demand Fetches)	     30.4192
 Bytes To Memory	   485941632
 ( / Demand Writes)	     44.7372
 Total Bytes r/w Mem	  1539487296
 ( / Demand Fetches)	     44.4499

l3-dcache
 Metrics		      Total	      Instrn	       Data	       Read	      Write	       Misc
 -----------------	      ------	      ------	      ------	      ------	      ------	      ------
 Demand Fetches		    24054489	           0	    24054489	    16461651	     7592838	           0
  Fraction of total	      1.0000	      0.0000	      1.0000	      0.6843	      0.3157	      0.0000

 Demand Misses		     5014479	           0	     5014479	     5013868	         611	           0
  Demand miss rate	      0.2085	      0.0000	      0.2085	      0.3046	      0.0001	      0.0000

 Multi-block refs                 0
 Bytes From Memory	   320887552
 ( / Demand Fetches)	     13.3400
 Bytes To Memory	   182916288
 ( / Demand Writes)	     24.0906
 Total Bytes r/w Mem	   503803840
 ( / Demand Fetches)	     20.9443

---Execution complete.
