tracename apsi_m2b
---Dinero IV cache simulator, version 7
---Written by Jan Edler and Mark D. Hill
---Copyright (C) 1997 NEC Research Institute, Inc. and Mark D. Hill.
---All rights reserved.
---Copyright (C) 1985, 1989 Mark D. Hill.  All rights reserved.
---See -copyright option for details

---Summary of options (-help option gives usage information).

-l1-isize 32768
-l1-dsize 32768
-l2-dsize 262144
-l3-dsize 4194304
-l1-ibsize 64
-l1-dbsize 64
-l2-dbsize 64
-l3-dbsize 64
-l1-isbsize 64
-l1-dsbsize 64
-l2-dsbsize 64
-l3-dsbsize 64
-l1-iassoc 8
-l1-dassoc 8
-l2-dassoc 8
-l3-dassoc 8
-l1-irepl l
-l1-drepl c
-l2-drepl c
-l3-drepl c
-l1-ifetch d
-l1-dfetch d
-l2-dfetch d
-l3-dfetch d
-l1-dwalloc a
-l2-dwalloc a
-l3-dwalloc a
-l1-dwback a
-l2-dwback a
-l3-dwback a
-skipcount 0
-flushcount 0
-maxcount 0
-stat-interval 0
-informat s
-on-trigger 0x0
-off-trigger 0x0

---Simulation begins.
---Simulation complete.
l1-icache
 Metrics		      Total	      Instrn	       Data	       Read	      Write	       Misc
 -----------------	      ------	      ------	      ------	      ------	      ------	      ------
 Demand Fetches		  1999999918	  1999999918	           0	           0	           0	           0
  Fraction of total	      1.0000	      1.0000	      0.0000	      0.0000	      0.0000	      0.0000

 Demand Misses		     1899151	     1899151	           0	           0	           0	           0
  Demand miss rate	      0.0009	      0.0009	      0.0000	      0.0000	      0.0000	      0.0000

 Multi-block refs                 0
 Bytes From Memory	   121545664
 ( / Demand Fetches)	      0.0608
 Bytes To Memory	           0
 ( / Demand Writes)	      0.0000
 Total Bytes r/w Mem	   121545664
 ( / Demand Fetches)	      0.0608

l1-dcache
 Metrics		      Total	      Instrn	       Data	       Read	      Write	       Misc
 -----------------	      ------	      ------	      ------	      ------	      ------	      ------
 Demand Fetches		   745791176	           0	   745791176	   481301260	   264489916	           0
  Fraction of total	      1.0000	      0.0000	      1.0000	      0.6454	      0.3546	      0.0000

 Demand Misses		    22805434	           0	    22805434	    15463408	     7342026	           0
  Demand miss rate	      0.0306	      0.0000	      0.0306	      0.0321	      0.0278	      0.0000

 Multi-block refs                 0
 Bytes From Memory	  1459547776
 ( / Demand Fetches)	      1.9570
 Bytes To Memory	   671923712
 ( / Demand Writes)	      2.5405
 Total Bytes r/w Mem	  2131471488
 ( / Demand Fetches)	      2.8580

l2-dcache
 Metrics		      Total	      Instrn	       Data	       Read	      Write	       Misc
 -----------------	      ------	      ------	      ------	      ------	      ------	      ------
 Demand Fetches		    33304242	           0	    33304242	    22805434	    10498808	           0
  Fraction of total	      1.0000	      0.0000	      1.0000	      0.6848	      0.3152	      0.0000

 Demand Misses		    16599958	           0	    16599958	    16411369	      188589	           0
  Demand miss rate	      0.4984	      0.0000	      0.4984	      0.7196	      0.0180	      0.0000

 Multi-block refs                 0
 Bytes From Memory	  1050327616
 ( / Demand Fetches)	     31.5374
 Bytes To Memory	   497253696
 ( / Demand Writes)	     47.3629
 Total Bytes r/w Mem	  1547581312
 ( / Demand Fetches)	     46.4680

l3-dcache
 Metrics		      Total	      Instrn	       Data	       Read	      Write	       Misc
 -----------------	      ------	      ------	      ------	      ------	      ------	      ------
 Demand Fetches		    24180958	           0	    24180958	    16411369	     7769589	           0
  Fraction of total	      1.0000	      0.0000	      1.0000	      0.6787	      0.3213	      0.0000

 Demand Misses		     6173595	           0	     6173595	     6146340	       27255	           0
  Demand miss rate	      0.2553	      0.0000	      0.2553	      0.3745	      0.0035	      0.0000

 Multi-block refs                 0
 Bytes From Memory	   393365760
 ( / Demand Fetches)	     16.2676
 Bytes To Memory	   220380096
 ( / Demand Writes)	     28.3644
 Total Bytes r/w Mem	   613745856
 ( / Demand Fetches)	     25.3814

---Execution complete.
