tracename apsi_m2b
---Dinero IV cache simulator, version 7
---Written by Jan Edler and Mark D. Hill
---Copyright (C) 1997 NEC Research Institute, Inc. and Mark D. Hill.
---All rights reserved.
---Copyright (C) 1985, 1989 Mark D. Hill.  All rights reserved.
---See -copyright option for details

---Summary of options (-help option gives usage information).

-l1-isize 32768
-l1-dsize 32768
-l2-dsize 262144
-l3-dsize 262144
-l1-ibsize 64
-l1-dbsize 64
-l2-dbsize 64
-l3-dbsize 64
-l1-isbsize 64
-l1-dsbsize 64
-l2-dsbsize 64
-l3-dsbsize 64
-l1-iassoc 8
-l1-dassoc 8
-l2-dassoc 8
-l3-dassoc 8
-l1-irepl l
-l1-drepl c
-l2-drepl c
-l3-drepl c
-l1-ifetch d
-l1-dfetch d
-l2-dfetch d
-l3-dfetch d
-l1-dwalloc a
-l2-dwalloc a
-l3-dwalloc a
-l1-dwback a
-l2-dwback a
-l3-dwback a
-skipcount 0
-flushcount 0
-maxcount 0
-stat-interval 0
-informat s
-on-trigger 0x0
-off-trigger 0x0

---Simulation begins.
---Simulation complete.
l1-icache
 Metrics		      Total	      Instrn	       Data	       Read	      Write	       Misc
 -----------------	      ------	      ------	      ------	      ------	      ------	      ------
 Demand Fetches		  1999999918	  1999999918	           0	           0	           0	           0
  Fraction of total	      1.0000	      1.0000	      0.0000	      0.0000	      0.0000	      0.0000

 Demand Misses		     1899151	     1899151	           0	           0	           0	           0
  Demand miss rate	      0.0009	      0.0009	      0.0000	      0.0000	      0.0000	      0.0000

 Multi-block refs                 0
 Bytes From Memory	   121545664
 ( / Demand Fetches)	      0.0608
 Bytes To Memory	           0
 ( / Demand Writes)	      0.0000
 Total Bytes r/w Mem	   121545664
 ( / Demand Fetches)	      0.0608

l1-dcache
 Metrics		      Total	      Instrn	       Data	       Read	      Write	       Misc
 -----------------	      ------	      ------	      ------	      ------	      ------	      ------
 Demand Fetches		   745791176	           0	   745791176	   481301260	   264489916	           0
  Fraction of total	      1.0000	      0.0000	      1.0000	      0.6454	      0.3546	      0.0000

 Demand Misses		    22805602	           0	    22805602	    15463980	     7341622	           0
  Demand miss rate	      0.0306	      0.0000	      0.0306	      0.0321	      0.0278	      0.0000

 Multi-block refs                 0
 Bytes From Memory	  1459558528
 ( / Demand Fetches)	      1.9571
 Bytes To Memory	   671843392
 ( / Demand Writes)	      2.5401
 Total Bytes r/w Mem	  2131401920
 ( / Demand Fetches)	      2.8579

l2-dcache
 Metrics		      Total	      Instrn	       Data	       Read	      Write	       Misc
 -----------------	      ------	      ------	      ------	      ------	      ------	      ------
 Demand Fetches		    33303155	           0	    33303155	    22805602	    10497553	           0
  Fraction of total	      1.0000	      0.0000	      1.0000	      0.6848	      0.3152	      0.0000

 Demand Misses		    16598709	           0	    16598709	    16410814	      187895	           0
  Demand miss rate	      0.4984	      0.0000	      0.4984	      0.7196	      0.0179	      0.0000

 Multi-block refs                 0
 Bytes From Memory	  1050292096
 ( / Demand Fetches)	     31.5373
 Bytes To Memory	   497258944
 ( / Demand Writes)	     47.3690
 Total Bytes r/w Mem	  1547551040
 ( / Demand Fetches)	     46.4686

l3-dcache
 Metrics		      Total	      Instrn	       Data	       Read	      Write	       Misc
 -----------------	      ------	      ------	      ------	      ------	      ------	      ------
 Demand Fetches		    24180485	           0	    24180485	    16410814	     7769671	           0
  Fraction of total	      1.0000	      0.0000	      1.0000	      0.6787	      0.3213	      0.0000

 Demand Misses		    20099153	           0	    20099153	    14515263	     5583890	           0
  Demand miss rate	      0.8312	      0.0000	      0.8312	      0.8845	      0.7187	      0.0000

 Multi-block refs                 0
 Bytes From Memory	   928976832
 ( / Demand Fetches)	     38.4185
 Bytes To Memory	   476128832
 ( / Demand Writes)	     61.2804
 Total Bytes r/w Mem	  1405105664
 ( / Demand Fetches)	     58.1091

---Execution complete.
