tracename apsi_m2b
---Dinero IV cache simulator, version 7
---Written by Jan Edler and Mark D. Hill
---Copyright (C) 1997 NEC Research Institute, Inc. and Mark D. Hill.
---All rights reserved.
---Copyright (C) 1985, 1989 Mark D. Hill.  All rights reserved.
---See -copyright option for details

---Summary of options (-help option gives usage information).

-l1-isize 32768
-l1-dsize 32768
-l2-dsize 262144
-l3-dsize 2097152
-l1-ibsize 64
-l1-dbsize 64
-l2-dbsize 64
-l3-dbsize 64
-l1-isbsize 64
-l1-dsbsize 64
-l2-dsbsize 64
-l3-dsbsize 64
-l1-iassoc 8
-l1-dassoc 8
-l2-dassoc 8
-l3-dassoc 8
-l1-irepl l
-l1-drepl 2
-l2-drepl 2
-l3-drepl 2
-l1-ifetch d
-l1-dfetch d
-l2-dfetch d
-l3-dfetch d
-l1-dwalloc a
-l2-dwalloc a
-l3-dwalloc a
-l1-dwback a
-l2-dwback a
-l3-dwback a
-skipcount 0
-flushcount 0
-maxcount 0
-stat-interval 0
-informat s
-on-trigger 0x0
-off-trigger 0x0

---Simulation begins.
---Simulation complete.
l1-icache
 Metrics		      Total	      Instrn	       Data	       Read	      Write	       Misc
 -----------------	      ------	      ------	      ------	      ------	      ------	      ------
 Demand Fetches		  1999999918	  1999999918	           0	           0	           0	           0
  Fraction of total	      1.0000	      1.0000	      0.0000	      0.0000	      0.0000	      0.0000

 Demand Misses		     1899151	     1899151	           0	           0	           0	           0
  Demand miss rate	      0.0009	      0.0009	      0.0000	      0.0000	      0.0000	      0.0000

 Multi-block refs                 0
 Bytes From Memory	   121545664
 ( / Demand Fetches)	      0.0608
 Bytes To Memory	           0
 ( / Demand Writes)	      0.0000
 Total Bytes r/w Mem	   121545664
 ( / Demand Fetches)	      0.0608

l1-dcache
 Metrics		      Total	      Instrn	       Data	       Read	      Write	       Misc
 -----------------	      ------	      ------	      ------	      ------	      ------	      ------
 Demand Fetches		   745791176	           0	   745791176	   481301260	   264489916	           0
  Fraction of total	      1.0000	      0.0000	      1.0000	      0.6454	      0.3546	      0.0000

 Demand Misses		    22688237	           0	    22688237	    15382535	     7305702	           0
  Demand miss rate	      0.0304	      0.0000	      0.0304	      0.0320	      0.0276	      0.0000

 Multi-block refs                 0
 Bytes From Memory	  1452047168
 ( / Demand Fetches)	      1.9470
 Bytes To Memory	   670085248
 ( / Demand Writes)	      2.5335
 Total Bytes r/w Mem	  2122132416
 ( / Demand Fetches)	      2.8455

l2-dcache
 Metrics		      Total	      Instrn	       Data	       Read	      Write	       Misc
 -----------------	      ------	      ------	      ------	      ------	      ------	      ------
 Demand Fetches		    33158319	           0	    33158319	    22688237	    10470082	           0
  Fraction of total	      1.0000	      0.0000	      1.0000	      0.6842	      0.3158	      0.0000

 Demand Misses		    16436754	           0	    16436754	    16360675	       76079	           0
  Demand miss rate	      0.4957	      0.0000	      0.4957	      0.7211	      0.0073	      0.0000

 Multi-block refs                 0
 Bytes From Memory	  1047083200
 ( / Demand Fetches)	     31.5783
 Bytes To Memory	   496188736
 ( / Demand Writes)	     47.3911
 Total Bytes r/w Mem	  1543271936
 ( / Demand Fetches)	     46.5425

l3-dcache
 Metrics		      Total	      Instrn	       Data	       Read	      Write	       Misc
 -----------------	      ------	      ------	      ------	      ------	      ------	      ------
 Demand Fetches		    24113624	           0	    24113624	    16360675	     7752949	           0
  Fraction of total	      1.0000	      0.0000	      1.0000	      0.6785	      0.3215	      0.0000

 Demand Misses		     6241832	           0	     6241832	     6195811	       46021	           0
  Demand miss rate	      0.2589	      0.0000	      0.2589	      0.3787	      0.0059	      0.0000

 Multi-block refs                 0
 Bytes From Memory	   396531904
 ( / Demand Fetches)	     16.4443
 Bytes To Memory	   220947520
 ( / Demand Writes)	     28.4985
 Total Bytes r/w Mem	   617479424
 ( / Demand Fetches)	     25.6071

---Execution complete.
