tracename apsi_m2b
---Dinero IV cache simulator, version 7
---Written by Jan Edler and Mark D. Hill
---Copyright (C) 1997 NEC Research Institute, Inc. and Mark D. Hill.
---All rights reserved.
---Copyright (C) 1985, 1989 Mark D. Hill.  All rights reserved.
---See -copyright option for details

---Summary of options (-help option gives usage information).

-l1-isize 32768
-l1-dsize 32768
-l2-dsize 262144
-l3-dsize 262144
-l1-ibsize 64
-l1-dbsize 64
-l2-dbsize 64
-l3-dbsize 64
-l1-isbsize 64
-l1-dsbsize 64
-l2-dsbsize 64
-l3-dsbsize 64
-l1-iassoc 8
-l1-dassoc 8
-l2-dassoc 8
-l3-dassoc 8
-l1-irepl l
-l1-drepl r
-l2-drepl r
-l3-drepl r
-l1-ifetch d
-l1-dfetch d
-l2-dfetch d
-l3-dfetch d
-l1-dwalloc a
-l2-dwalloc a
-l3-dwalloc a
-l1-dwback a
-l2-dwback a
-l3-dwback a
-skipcount 0
-flushcount 0
-maxcount 0
-stat-interval 0
-informat s
-on-trigger 0x0
-off-trigger 0x0

---Simulation begins.
---Simulation complete.
l1-icache
 Metrics		      Total	      Instrn	       Data	       Read	      Write	       Misc
 -----------------	      ------	      ------	      ------	      ------	      ------	      ------
 Demand Fetches		  1999999918	  1999999918	           0	           0	           0	           0
  Fraction of total	      1.0000	      1.0000	      0.0000	      0.0000	      0.0000	      0.0000

 Demand Misses		     1899151	     1899151	           0	           0	           0	           0
  Demand miss rate	      0.0009	      0.0009	      0.0000	      0.0000	      0.0000	      0.0000

 Multi-block refs                 0
 Bytes From Memory	   121545664
 ( / Demand Fetches)	      0.0608
 Bytes To Memory	           0
 ( / Demand Writes)	      0.0000
 Total Bytes r/w Mem	   121545664
 ( / Demand Fetches)	      0.0608

l1-dcache
 Metrics		      Total	      Instrn	       Data	       Read	      Write	       Misc
 -----------------	      ------	      ------	      ------	      ------	      ------	      ------
 Demand Fetches		   745791176	           0	   745791176	   481301260	   264489916	           0
  Fraction of total	      1.0000	      0.0000	      1.0000	      0.6454	      0.3546	      0.0000

 Demand Misses		    23776609	           0	    23776609	    16172541	     7604068	           0
  Demand miss rate	      0.0319	      0.0000	      0.0319	      0.0336	      0.0287	      0.0000

 Multi-block refs                 0
 Bytes From Memory	  1521702976
 ( / Demand Fetches)	      2.0404
 Bytes To Memory	   695493312
 ( / Demand Writes)	      2.6296
 Total Bytes r/w Mem	  2217196288
 ( / Demand Fetches)	      2.9729

l2-dcache
 Metrics		      Total	      Instrn	       Data	       Read	      Write	       Misc
 -----------------	      ------	      ------	      ------	      ------	      ------	      ------
 Demand Fetches		    34643692	           0	    34643692	    23776609	    10867083	           0
  Fraction of total	      1.0000	      0.0000	      1.0000	      0.6863	      0.3137	      0.0000

 Demand Misses		    17098905	           0	    17098905	    16458814	      640091	           0
  Demand miss rate	      0.4936	      0.0000	      0.4936	      0.6922	      0.0589	      0.0000

 Multi-block refs                 0
 Bytes From Memory	  1053364096
 ( / Demand Fetches)	     30.4057
 Bytes To Memory	   485886656
 ( / Demand Writes)	     44.7118
 Total Bytes r/w Mem	  1539250752
 ( / Demand Fetches)	     44.4309

l3-dcache
 Metrics		      Total	      Instrn	       Data	       Read	      Write	       Misc
 -----------------	      ------	      ------	      ------	      ------	      ------	      ------
 Demand Fetches		    24050793	           0	    24050793	    16458814	     7591979	           0
  Fraction of total	      1.0000	      0.0000	      1.0000	      0.6843	      0.3157	      0.0000

 Demand Misses		    18655973	           0	    18655973	    13866915	     4789058	           0
  Demand miss rate	      0.7757	      0.0000	      0.7757	      0.8425	      0.6308	      0.0000

 Multi-block refs                 0
 Bytes From Memory	   887482560
 ( / Demand Fetches)	     36.9003
 Bytes To Memory	   449365760
 ( / Demand Writes)	     59.1895
 Total Bytes r/w Mem	  1336848320
 ( / Demand Fetches)	     55.5844

---Execution complete.
