tracename apsi_m2b
---Dinero IV cache simulator, version 7
---Written by Jan Edler and Mark D. Hill
---Copyright (C) 1997 NEC Research Institute, Inc. and Mark D. Hill.
---All rights reserved.
---Copyright (C) 1985, 1989 Mark D. Hill.  All rights reserved.
---See -copyright option for details

---Summary of options (-help option gives usage information).

-l1-isize 32768
-l1-dsize 32768
-l2-dsize 262144
-l3-dsize 8388608
-l1-ibsize 64
-l1-dbsize 64
-l2-dbsize 64
-l3-dbsize 64
-l1-isbsize 64
-l1-dsbsize 64
-l2-dsbsize 64
-l3-dsbsize 64
-l1-iassoc 8
-l1-dassoc 8
-l2-dassoc 8
-l3-dassoc 8
-l1-irepl l
-l1-drepl b
-l2-drepl b
-l3-drepl b
-l1-ifetch d
-l1-dfetch d
-l2-dfetch d
-l3-dfetch d
-l1-dwalloc a
-l2-dwalloc a
-l3-dwalloc a
-l1-dwback a
-l2-dwback a
-l3-dwback a
-skipcount 0
-flushcount 0
-maxcount 0
-stat-interval 0
-informat s
-on-trigger 0x0
-off-trigger 0x0

---Simulation begins.
---Simulation complete.
l1-icache
 Metrics		      Total	      Instrn	       Data	       Read	      Write	       Misc
 -----------------	      ------	      ------	      ------	      ------	      ------	      ------
 Demand Fetches		  1999999918	  1999999918	           0	           0	           0	           0
  Fraction of total	      1.0000	      1.0000	      0.0000	      0.0000	      0.0000	      0.0000

 Demand Misses		     1899151	     1899151	           0	           0	           0	           0
  Demand miss rate	      0.0009	      0.0009	      0.0000	      0.0000	      0.0000	      0.0000

 Multi-block refs                 0
 Bytes From Memory	   121545664
 ( / Demand Fetches)	      0.0608
 Bytes To Memory	           0
 ( / Demand Writes)	      0.0000
 Total Bytes r/w Mem	   121545664
 ( / Demand Fetches)	      0.0608

l1-dcache
 Metrics		      Total	      Instrn	       Data	       Read	      Write	       Misc
 -----------------	      ------	      ------	      ------	      ------	      ------	      ------
 Demand Fetches		   745791176	           0	   745791176	   481301260	   264489916	           0
  Fraction of total	      1.0000	      0.0000	      1.0000	      0.6454	      0.3546	      0.0000

 Demand Misses		    23030476	           0	    23030476	    15636661	     7393815	           0
  Demand miss rate	      0.0309	      0.0000	      0.0309	      0.0325	      0.0280	      0.0000

 Multi-block refs                 0
 Bytes From Memory	  1473950464
 ( / Demand Fetches)	      1.9764
 Bytes To Memory	   676928640
 ( / Demand Writes)	      2.5594
 Total Bytes r/w Mem	  2150879104
 ( / Demand Fetches)	      2.8840

l2-dcache
 Metrics		      Total	      Instrn	       Data	       Read	      Write	       Misc
 -----------------	      ------	      ------	      ------	      ------	      ------	      ------
 Demand Fetches		    33607486	           0	    33607486	    23030476	    10577010	           0
  Fraction of total	      1.0000	      0.0000	      1.0000	      0.6853	      0.3147	      0.0000

 Demand Misses		    16746483	           0	    16746483	    16459971	      286512	           0
  Demand miss rate	      0.4983	      0.0000	      0.4983	      0.7147	      0.0271	      0.0000

 Multi-block refs                 0
 Bytes From Memory	  1053438144
 ( / Demand Fetches)	     31.3453
 Bytes To Memory	   492448576
 ( / Demand Writes)	     46.5584
 Total Bytes r/w Mem	  1545886720
 ( / Demand Fetches)	     45.9983

l3-dcache
 Metrics		      Total	      Instrn	       Data	       Read	      Write	       Misc
 -----------------	      ------	      ------	      ------	      ------	      ------	      ------
 Demand Fetches		    24154480	           0	    24154480	    16459971	     7694509	           0
  Fraction of total	      1.0000	      0.0000	      1.0000	      0.6814	      0.3186	      0.0000

 Demand Misses		     6055773	           0	     6055773	     6044017	       11756	           0
  Demand miss rate	      0.2507	      0.0000	      0.2507	      0.3672	      0.0015	      0.0000

 Multi-block refs                 0
 Bytes From Memory	   386817088
 ( / Demand Fetches)	     16.0143
 Bytes To Memory	   217266560
 ( / Demand Writes)	     28.2366
 Total Bytes r/w Mem	   604083648
 ( / Demand Fetches)	     25.0092

---Execution complete.
