tracename apsi_m2b
---Dinero IV cache simulator, version 7
---Written by Jan Edler and Mark D. Hill
---Copyright (C) 1997 NEC Research Institute, Inc. and Mark D. Hill.
---All rights reserved.
---Copyright (C) 1985, 1989 Mark D. Hill.  All rights reserved.
---See -copyright option for details

---Summary of options (-help option gives usage information).

-l1-isize 32768
-l1-dsize 32768
-l2-dsize 262144
-l3-dsize 16777216
-l1-ibsize 64
-l1-dbsize 64
-l2-dbsize 64
-l3-dbsize 64
-l1-isbsize 64
-l1-dsbsize 64
-l2-dsbsize 64
-l3-dsbsize 64
-l1-iassoc 8
-l1-dassoc 8
-l2-dassoc 8
-l3-dassoc 8
-l1-irepl l
-l1-drepl r
-l2-drepl r
-l3-drepl r
-l1-ifetch d
-l1-dfetch d
-l2-dfetch d
-l3-dfetch d
-l1-dwalloc a
-l2-dwalloc a
-l3-dwalloc a
-l1-dwback a
-l2-dwback a
-l3-dwback a
-skipcount 0
-flushcount 0
-maxcount 0
-stat-interval 0
-informat s
-on-trigger 0x0
-off-trigger 0x0

---Simulation begins.
---Simulation complete.
l1-icache
 Metrics		      Total	      Instrn	       Data	       Read	      Write	       Misc
 -----------------	      ------	      ------	      ------	      ------	      ------	      ------
 Demand Fetches		  1999999918	  1999999918	           0	           0	           0	           0
  Fraction of total	      1.0000	      1.0000	      0.0000	      0.0000	      0.0000	      0.0000

 Demand Misses		     1899151	     1899151	           0	           0	           0	           0
  Demand miss rate	      0.0009	      0.0009	      0.0000	      0.0000	      0.0000	      0.0000

 Multi-block refs                 0
 Bytes From Memory	   121545664
 ( / Demand Fetches)	      0.0608
 Bytes To Memory	           0
 ( / Demand Writes)	      0.0000
 Total Bytes r/w Mem	   121545664
 ( / Demand Fetches)	      0.0608

l1-dcache
 Metrics		      Total	      Instrn	       Data	       Read	      Write	       Misc
 -----------------	      ------	      ------	      ------	      ------	      ------	      ------
 Demand Fetches		   745791176	           0	   745791176	   481301260	   264489916	           0
  Fraction of total	      1.0000	      0.0000	      1.0000	      0.6454	      0.3546	      0.0000

 Demand Misses		    23775567	           0	    23775567	    16172052	     7603515	           0
  Demand miss rate	      0.0319	      0.0000	      0.0319	      0.0336	      0.0287	      0.0000

 Multi-block refs                 0
 Bytes From Memory	  1521636288
 ( / Demand Fetches)	      2.0403
 Bytes To Memory	   695511808
 ( / Demand Writes)	      2.6296
 Total Bytes r/w Mem	  2217148096
 ( / Demand Fetches)	      2.9729

l2-dcache
 Metrics		      Total	      Instrn	       Data	       Read	      Write	       Misc
 -----------------	      ------	      ------	      ------	      ------	      ------	      ------
 Demand Fetches		    34642939	           0	    34642939	    23775567	    10867372	           0
  Fraction of total	      1.0000	      0.0000	      1.0000	      0.6863	      0.3137	      0.0000

 Demand Misses		    17098207	           0	    17098207	    16459684	      638523	           0
  Demand miss rate	      0.4936	      0.0000	      0.4936	      0.6923	      0.0588	      0.0000

 Multi-block refs                 0
 Bytes From Memory	  1053419776
 ( / Demand Fetches)	     30.4079
 Bytes To Memory	   485938304
 ( / Demand Writes)	     44.7153
 Total Bytes r/w Mem	  1539358080
 ( / Demand Fetches)	     44.4350

l3-dcache
 Metrics		      Total	      Instrn	       Data	       Read	      Write	       Misc
 -----------------	      ------	      ------	      ------	      ------	      ------	      ------
 Demand Fetches		    24052470	           0	    24052470	    16459684	     7592786	           0
  Fraction of total	      1.0000	      0.0000	      1.0000	      0.6843	      0.3157	      0.0000

 Demand Misses		     5661742	           0	     5661742	     5641622	       20120	           0
  Demand miss rate	      0.2354	      0.0000	      0.2354	      0.3428	      0.0026	      0.0000

 Multi-block refs                 0
 Bytes From Memory	   361063808
 ( / Demand Fetches)	     15.0115
 Bytes To Memory	   202292480
 ( / Demand Writes)	     26.6427
 Total Bytes r/w Mem	   563356288
 ( / Demand Fetches)	     23.4220

---Execution complete.
