tracename apsi_m2b
---Dinero IV cache simulator, version 7
---Written by Jan Edler and Mark D. Hill
---Copyright (C) 1997 NEC Research Institute, Inc. and Mark D. Hill.
---All rights reserved.
---Copyright (C) 1985, 1989 Mark D. Hill.  All rights reserved.
---See -copyright option for details

---Summary of options (-help option gives usage information).

-l1-isize 32768
-l1-dsize 32768
-l2-dsize 262144
-l3-dsize 4194304
-l1-ibsize 64
-l1-dbsize 64
-l2-dbsize 64
-l3-dbsize 64
-l1-isbsize 64
-l1-dsbsize 64
-l2-dsbsize 64
-l3-dsbsize 64
-l1-iassoc 8
-l1-dassoc 8
-l2-dassoc 8
-l3-dassoc 8
-l1-irepl l
-l1-drepl b
-l2-drepl b
-l3-drepl b
-l1-ifetch d
-l1-dfetch d
-l2-dfetch d
-l3-dfetch d
-l1-dwalloc a
-l2-dwalloc a
-l3-dwalloc a
-l1-dwback a
-l2-dwback a
-l3-dwback a
-skipcount 0
-flushcount 0
-maxcount 0
-stat-interval 0
-informat s
-on-trigger 0x0
-off-trigger 0x0

---Simulation begins.
---Simulation complete.
l1-icache
 Metrics		      Total	      Instrn	       Data	       Read	      Write	       Misc
 -----------------	      ------	      ------	      ------	      ------	      ------	      ------
 Demand Fetches		  1999999918	  1999999918	           0	           0	           0	           0
  Fraction of total	      1.0000	      1.0000	      0.0000	      0.0000	      0.0000	      0.0000

 Demand Misses		     1899151	     1899151	           0	           0	           0	           0
  Demand miss rate	      0.0009	      0.0009	      0.0000	      0.0000	      0.0000	      0.0000

 Multi-block refs                 0
 Bytes From Memory	   121545664
 ( / Demand Fetches)	      0.0608
 Bytes To Memory	           0
 ( / Demand Writes)	      0.0000
 Total Bytes r/w Mem	   121545664
 ( / Demand Fetches)	      0.0608

l1-dcache
 Metrics		      Total	      Instrn	       Data	       Read	      Write	       Misc
 -----------------	      ------	      ------	      ------	      ------	      ------	      ------
 Demand Fetches		   745791176	           0	   745791176	   481301260	   264489916	           0
  Fraction of total	      1.0000	      0.0000	      1.0000	      0.6454	      0.3546	      0.0000

 Demand Misses		    23027392	           0	    23027392	    15635681	     7391711	           0
  Demand miss rate	      0.0309	      0.0000	      0.0309	      0.0325	      0.0279	      0.0000

 Multi-block refs                 0
 Bytes From Memory	  1473753088
 ( / Demand Fetches)	      1.9761
 Bytes To Memory	   676808384
 ( / Demand Writes)	      2.5589
 Total Bytes r/w Mem	  2150561472
 ( / Demand Fetches)	      2.8836

l2-dcache
 Metrics		      Total	      Instrn	       Data	       Read	      Write	       Misc
 -----------------	      ------	      ------	      ------	      ------	      ------	      ------
 Demand Fetches		    33602523	           0	    33602523	    23027392	    10575131	           0
  Fraction of total	      1.0000	      0.0000	      1.0000	      0.6853	      0.3147	      0.0000

 Demand Misses		    16747965	           0	    16747965	    16461355	      286610	           0
  Demand miss rate	      0.4984	      0.0000	      0.4984	      0.7149	      0.0271	      0.0000

 Multi-block refs                 0
 Bytes From Memory	  1053526720
 ( / Demand Fetches)	     31.3526
 Bytes To Memory	   492558848
 ( / Demand Writes)	     46.5771
 Total Bytes r/w Mem	  1546085568
 ( / Demand Fetches)	     46.0110

l3-dcache
 Metrics		      Total	      Instrn	       Data	       Read	      Write	       Misc
 -----------------	      ------	      ------	      ------	      ------	      ------	      ------
 Demand Fetches		    24157587	           0	    24157587	    16461355	     7696232	           0
  Fraction of total	      1.0000	      0.0000	      1.0000	      0.6814	      0.3186	      0.0000

 Demand Misses		     6194025	           0	     6194025	     6152530	       41495	           0
  Demand miss rate	      0.2564	      0.0000	      0.2564	      0.3738	      0.0054	      0.0000

 Multi-block refs                 0
 Bytes From Memory	   393761920
 ( / Demand Fetches)	     16.2997
 Bytes To Memory	   220583808
 ( / Demand Writes)	     28.6613
 Total Bytes r/w Mem	   614345728
 ( / Demand Fetches)	     25.4308

---Execution complete.
