tracename apsi_m2b
---Dinero IV cache simulator, version 7
---Written by Jan Edler and Mark D. Hill
---Copyright (C) 1997 NEC Research Institute, Inc. and Mark D. Hill.
---All rights reserved.
---Copyright (C) 1985, 1989 Mark D. Hill.  All rights reserved.
---See -copyright option for details

---Summary of options (-help option gives usage information).

-l1-isize 32768
-l1-dsize 32768
-l2-dsize 262144
-l3-dsize 33554432
-l1-ibsize 64
-l1-dbsize 64
-l2-dbsize 64
-l3-dbsize 64
-l1-isbsize 64
-l1-dsbsize 64
-l2-dsbsize 64
-l3-dsbsize 64
-l1-iassoc 8
-l1-dassoc 8
-l2-dassoc 8
-l3-dassoc 8
-l1-irepl l
-l1-drepl 2
-l2-drepl 2
-l3-drepl 2
-l1-ifetch d
-l1-dfetch d
-l2-dfetch d
-l3-dfetch d
-l1-dwalloc a
-l2-dwalloc a
-l3-dwalloc a
-l1-dwback a
-l2-dwback a
-l3-dwback a
-skipcount 0
-flushcount 0
-maxcount 0
-stat-interval 0
-informat s
-on-trigger 0x0
-off-trigger 0x0

---Simulation begins.
---Simulation complete.
l1-icache
 Metrics		      Total	      Instrn	       Data	       Read	      Write	       Misc
 -----------------	      ------	      ------	      ------	      ------	      ------	      ------
 Demand Fetches		  1999999918	  1999999918	           0	           0	           0	           0
  Fraction of total	      1.0000	      1.0000	      0.0000	      0.0000	      0.0000	      0.0000

 Demand Misses		     1899151	     1899151	           0	           0	           0	           0
  Demand miss rate	      0.0009	      0.0009	      0.0000	      0.0000	      0.0000	      0.0000

 Multi-block refs                 0
 Bytes From Memory	   121545664
 ( / Demand Fetches)	      0.0608
 Bytes To Memory	           0
 ( / Demand Writes)	      0.0000
 Total Bytes r/w Mem	   121545664
 ( / Demand Fetches)	      0.0608

l1-dcache
 Metrics		      Total	      Instrn	       Data	       Read	      Write	       Misc
 -----------------	      ------	      ------	      ------	      ------	      ------	      ------
 Demand Fetches		   745791176	           0	   745791176	   481301260	   264489916	           0
  Fraction of total	      1.0000	      0.0000	      1.0000	      0.6454	      0.3546	      0.0000

 Demand Misses		    22689509	           0	    22689509	    15383844	     7305665	           0
  Demand miss rate	      0.0304	      0.0000	      0.0304	      0.0320	      0.0276	      0.0000

 Multi-block refs                 0
 Bytes From Memory	  1452128576
 ( / Demand Fetches)	      1.9471
 Bytes To Memory	   670143936
 ( / Demand Writes)	      2.5337
 Total Bytes r/w Mem	  2122272512
 ( / Demand Fetches)	      2.8457

l2-dcache
 Metrics		      Total	      Instrn	       Data	       Read	      Write	       Misc
 -----------------	      ------	      ------	      ------	      ------	      ------	      ------
 Demand Fetches		    33160508	           0	    33160508	    22689509	    10470999	           0
  Fraction of total	      1.0000	      0.0000	      1.0000	      0.6842	      0.3158	      0.0000

 Demand Misses		    16436998	           0	    16436998	    16360666	       76332	           0
  Demand miss rate	      0.4957	      0.0000	      0.4957	      0.7211	      0.0073	      0.0000

 Multi-block refs                 0
 Bytes From Memory	  1047082624
 ( / Demand Fetches)	     31.5762
 Bytes To Memory	   496188480
 ( / Demand Writes)	     47.3869
 Total Bytes r/w Mem	  1543271104
 ( / Demand Fetches)	     46.5394

l3-dcache
 Metrics		      Total	      Instrn	       Data	       Read	      Write	       Misc
 -----------------	      ------	      ------	      ------	      ------	      ------	      ------
 Demand Fetches		    24113611	           0	    24113611	    16360666	     7752945	           0
  Fraction of total	      1.0000	      0.0000	      1.0000	      0.6785	      0.3215	      0.0000

 Demand Misses		     5040998	           0	     5040998	     5040997	           1	           0
  Demand miss rate	      0.2091	      0.0000	      0.2091	      0.3081	      0.0000	      0.0000

 Multi-block refs                 0
 Bytes From Memory	   322623808
 ( / Demand Fetches)	     13.3793
 Bytes To Memory	   184224000
 ( / Demand Writes)	     23.7618
 Total Bytes r/w Mem	   506847808
 ( / Demand Fetches)	     21.0192

---Execution complete.
