tracename apsi_m2b
---Dinero IV cache simulator, version 7
---Written by Jan Edler and Mark D. Hill
---Copyright (C) 1997 NEC Research Institute, Inc. and Mark D. Hill.
---All rights reserved.
---Copyright (C) 1985, 1989 Mark D. Hill.  All rights reserved.
---See -copyright option for details

---Summary of options (-help option gives usage information).

-l1-isize 32768
-l1-dsize 32768
-l2-dsize 262144
-l3-dsize 2097152
-l1-ibsize 64
-l1-dbsize 64
-l2-dbsize 64
-l3-dbsize 64
-l1-isbsize 64
-l1-dsbsize 64
-l2-dsbsize 64
-l3-dsbsize 64
-l1-iassoc 8
-l1-dassoc 8
-l2-dassoc 8
-l3-dassoc 8
-l1-irepl l
-l1-drepl r
-l2-drepl r
-l3-drepl r
-l1-ifetch d
-l1-dfetch d
-l2-dfetch d
-l3-dfetch d
-l1-dwalloc a
-l2-dwalloc a
-l3-dwalloc a
-l1-dwback a
-l2-dwback a
-l3-dwback a
-skipcount 0
-flushcount 0
-maxcount 0
-stat-interval 0
-informat s
-on-trigger 0x0
-off-trigger 0x0

---Simulation begins.
---Simulation complete.
l1-icache
 Metrics		      Total	      Instrn	       Data	       Read	      Write	       Misc
 -----------------	      ------	      ------	      ------	      ------	      ------	      ------
 Demand Fetches		  1999999918	  1999999918	           0	           0	           0	           0
  Fraction of total	      1.0000	      1.0000	      0.0000	      0.0000	      0.0000	      0.0000

 Demand Misses		     1899151	     1899151	           0	           0	           0	           0
  Demand miss rate	      0.0009	      0.0009	      0.0000	      0.0000	      0.0000	      0.0000

 Multi-block refs                 0
 Bytes From Memory	   121545664
 ( / Demand Fetches)	      0.0608
 Bytes To Memory	           0
 ( / Demand Writes)	      0.0000
 Total Bytes r/w Mem	   121545664
 ( / Demand Fetches)	      0.0608

l1-dcache
 Metrics		      Total	      Instrn	       Data	       Read	      Write	       Misc
 -----------------	      ------	      ------	      ------	      ------	      ------	      ------
 Demand Fetches		   745791176	           0	   745791176	   481301260	   264489916	           0
  Fraction of total	      1.0000	      0.0000	      1.0000	      0.6454	      0.3546	      0.0000

 Demand Misses		    23777593	           0	    23777593	    16171546	     7606047	           0
  Demand miss rate	      0.0319	      0.0000	      0.0319	      0.0336	      0.0288	      0.0000

 Multi-block refs                 0
 Bytes From Memory	  1521765952
 ( / Demand Fetches)	      2.0405
 Bytes To Memory	   695628672
 ( / Demand Writes)	      2.6301
 Total Bytes r/w Mem	  2217394624
 ( / Demand Fetches)	      2.9732

l2-dcache
 Metrics		      Total	      Instrn	       Data	       Read	      Write	       Misc
 -----------------	      ------	      ------	      ------	      ------	      ------	      ------
 Demand Fetches		    34646791	           0	    34646791	    23777593	    10869198	           0
  Fraction of total	      1.0000	      0.0000	      1.0000	      0.6863	      0.3137	      0.0000

 Demand Misses		    17097506	           0	    17097506	    16459225	      638281	           0
  Demand miss rate	      0.4935	      0.0000	      0.4935	      0.6922	      0.0587	      0.0000

 Multi-block refs                 0
 Bytes From Memory	  1053390400
 ( / Demand Fetches)	     30.4037
 Bytes To Memory	   485861696
 ( / Demand Writes)	     44.7008
 Total Bytes r/w Mem	  1539252096
 ( / Demand Fetches)	     44.4270

l3-dcache
 Metrics		      Total	      Instrn	       Data	       Read	      Write	       Misc
 -----------------	      ------	      ------	      ------	      ------	      ------	      ------
 Demand Fetches		    24050814	           0	    24050814	    16459225	     7591589	           0
  Fraction of total	      1.0000	      0.0000	      1.0000	      0.6844	      0.3156	      0.0000

 Demand Misses		     6721564	           0	     6721564	     6342141	      379423	           0
  Demand miss rate	      0.2795	      0.0000	      0.2795	      0.3853	      0.0500	      0.0000

 Multi-block refs                 0
 Bytes From Memory	   405897024
 ( / Demand Fetches)	     16.8766
 Bytes To Memory	   226565568
 ( / Demand Writes)	     29.8443
 Total Bytes r/w Mem	   632462592
 ( / Demand Fetches)	     26.2969

---Execution complete.
