tracename apsi_m2b
---Dinero IV cache simulator, version 7
---Written by Jan Edler and Mark D. Hill
---Copyright (C) 1997 NEC Research Institute, Inc. and Mark D. Hill.
---All rights reserved.
---Copyright (C) 1985, 1989 Mark D. Hill.  All rights reserved.
---See -copyright option for details

---Summary of options (-help option gives usage information).

-l1-isize 32768
-l1-dsize 32768
-l2-dsize 262144
-l3-dsize 524288
-l1-ibsize 64
-l1-dbsize 64
-l2-dbsize 64
-l3-dbsize 64
-l1-isbsize 64
-l1-dsbsize 64
-l2-dsbsize 64
-l3-dsbsize 64
-l1-iassoc 8
-l1-dassoc 8
-l2-dassoc 8
-l3-dassoc 8
-l1-irepl l
-l1-drepl r
-l2-drepl r
-l3-drepl r
-l1-ifetch d
-l1-dfetch d
-l2-dfetch d
-l3-dfetch d
-l1-dwalloc a
-l2-dwalloc a
-l3-dwalloc a
-l1-dwback a
-l2-dwback a
-l3-dwback a
-skipcount 0
-flushcount 0
-maxcount 0
-stat-interval 0
-informat s
-on-trigger 0x0
-off-trigger 0x0

---Simulation begins.
---Simulation complete.
l1-icache
 Metrics		      Total	      Instrn	       Data	       Read	      Write	       Misc
 -----------------	      ------	      ------	      ------	      ------	      ------	      ------
 Demand Fetches		  1999999918	  1999999918	           0	           0	           0	           0
  Fraction of total	      1.0000	      1.0000	      0.0000	      0.0000	      0.0000	      0.0000

 Demand Misses		     1899151	     1899151	           0	           0	           0	           0
  Demand miss rate	      0.0009	      0.0009	      0.0000	      0.0000	      0.0000	      0.0000

 Multi-block refs                 0
 Bytes From Memory	   121545664
 ( / Demand Fetches)	      0.0608
 Bytes To Memory	           0
 ( / Demand Writes)	      0.0000
 Total Bytes r/w Mem	   121545664
 ( / Demand Fetches)	      0.0608

l1-dcache
 Metrics		      Total	      Instrn	       Data	       Read	      Write	       Misc
 -----------------	      ------	      ------	      ------	      ------	      ------	      ------
 Demand Fetches		   745791176	           0	   745791176	   481301260	   264489916	           0
  Fraction of total	      1.0000	      0.0000	      1.0000	      0.6454	      0.3546	      0.0000

 Demand Misses		    23773737	           0	    23773737	    16170647	     7603090	           0
  Demand miss rate	      0.0319	      0.0000	      0.0319	      0.0336	      0.0287	      0.0000

 Multi-block refs                 0
 Bytes From Memory	  1521519168
 ( / Demand Fetches)	      2.0401
 Bytes To Memory	   695337280
 ( / Demand Writes)	      2.6290
 Total Bytes r/w Mem	  2216856448
 ( / Demand Fetches)	      2.9725

l2-dcache
 Metrics		      Total	      Instrn	       Data	       Read	      Write	       Misc
 -----------------	      ------	      ------	      ------	      ------	      ------	      ------
 Demand Fetches		    34638382	           0	    34638382	    23773737	    10864645	           0
  Fraction of total	      1.0000	      0.0000	      1.0000	      0.6863	      0.3137	      0.0000

 Demand Misses		    17099724	           0	    17099724	    16459688	      640036	           0
  Demand miss rate	      0.4937	      0.0000	      0.4937	      0.6923	      0.0589	      0.0000

 Multi-block refs                 0
 Bytes From Memory	  1053420032
 ( / Demand Fetches)	     30.4119
 Bytes To Memory	   485955648
 ( / Demand Writes)	     44.7282
 Total Bytes r/w Mem	  1539375680
 ( / Demand Fetches)	     44.4413

l3-dcache
 Metrics		      Total	      Instrn	       Data	       Read	      Write	       Misc
 -----------------	      ------	      ------	      ------	      ------	      ------	      ------
 Demand Fetches		    24052745	           0	    24052745	    16459688	     7593057	           0
  Fraction of total	      1.0000	      0.0000	      1.0000	      0.6843	      0.3157	      0.0000

 Demand Misses		    12266439	           0	    12266439	    10001469	     2264970	           0
  Demand miss rate	      0.5100	      0.0000	      0.5100	      0.6076	      0.2983	      0.0000

 Multi-block refs                 0
 Bytes From Memory	   640094016
 ( / Demand Fetches)	     26.6121
 Bytes To Memory	   327201920
 ( / Demand Writes)	     43.0923
 Total Bytes r/w Mem	   967295936
 ( / Demand Fetches)	     40.2156

---Execution complete.
