tracename apsi_m2b
---Dinero IV cache simulator, version 7
---Written by Jan Edler and Mark D. Hill
---Copyright (C) 1997 NEC Research Institute, Inc. and Mark D. Hill.
---All rights reserved.
---Copyright (C) 1985, 1989 Mark D. Hill.  All rights reserved.
---See -copyright option for details

---Summary of options (-help option gives usage information).

-l1-isize 32768
-l1-dsize 32768
-l2-dsize 262144
-l3-dsize 1048576
-l1-ibsize 64
-l1-dbsize 64
-l2-dbsize 64
-l3-dbsize 64
-l1-isbsize 64
-l1-dsbsize 64
-l2-dsbsize 64
-l3-dsbsize 64
-l1-iassoc 8
-l1-dassoc 8
-l2-dassoc 8
-l3-dassoc 8
-l1-irepl l
-l1-drepl r
-l2-drepl r
-l3-drepl r
-l1-ifetch d
-l1-dfetch d
-l2-dfetch d
-l3-dfetch d
-l1-dwalloc a
-l2-dwalloc a
-l3-dwalloc a
-l1-dwback a
-l2-dwback a
-l3-dwback a
-skipcount 0
-flushcount 0
-maxcount 0
-stat-interval 0
-informat s
-on-trigger 0x0
-off-trigger 0x0

---Simulation begins.
---Simulation complete.
l1-icache
 Metrics		      Total	      Instrn	       Data	       Read	      Write	       Misc
 -----------------	      ------	      ------	      ------	      ------	      ------	      ------
 Demand Fetches		  1999999918	  1999999918	           0	           0	           0	           0
  Fraction of total	      1.0000	      1.0000	      0.0000	      0.0000	      0.0000	      0.0000

 Demand Misses		     1899151	     1899151	           0	           0	           0	           0
  Demand miss rate	      0.0009	      0.0009	      0.0000	      0.0000	      0.0000	      0.0000

 Multi-block refs                 0
 Bytes From Memory	   121545664
 ( / Demand Fetches)	      0.0608
 Bytes To Memory	           0
 ( / Demand Writes)	      0.0000
 Total Bytes r/w Mem	   121545664
 ( / Demand Fetches)	      0.0608

l1-dcache
 Metrics		      Total	      Instrn	       Data	       Read	      Write	       Misc
 -----------------	      ------	      ------	      ------	      ------	      ------	      ------
 Demand Fetches		   745791176	           0	   745791176	   481301260	   264489916	           0
  Fraction of total	      1.0000	      0.0000	      1.0000	      0.6454	      0.3546	      0.0000

 Demand Misses		    23776877	           0	    23776877	    16172338	     7604539	           0
  Demand miss rate	      0.0319	      0.0000	      0.0319	      0.0336	      0.0288	      0.0000

 Multi-block refs                 0
 Bytes From Memory	  1521720128
 ( / Demand Fetches)	      2.0404
 Bytes To Memory	   695536640
 ( / Demand Writes)	      2.6297
 Total Bytes r/w Mem	  2217256768
 ( / Demand Fetches)	      2.9730

l2-dcache
 Metrics		      Total	      Instrn	       Data	       Read	      Write	       Misc
 -----------------	      ------	      ------	      ------	      ------	      ------	      ------
 Demand Fetches		    34644637	           0	    34644637	    23776877	    10867760	           0
  Fraction of total	      1.0000	      0.0000	      1.0000	      0.6863	      0.3137	      0.0000

 Demand Misses		    17098693	           0	    17098693	    16459241	      639452	           0
  Demand miss rate	      0.4935	      0.0000	      0.4935	      0.6922	      0.0588	      0.0000

 Multi-block refs                 0
 Bytes From Memory	  1053391424
 ( / Demand Fetches)	     30.4056
 Bytes To Memory	   485905920
 ( / Demand Writes)	     44.7108
 Total Bytes r/w Mem	  1539297344
 ( / Demand Fetches)	     44.4310

l3-dcache
 Metrics		      Total	      Instrn	       Data	       Read	      Write	       Misc
 -----------------	      ------	      ------	      ------	      ------	      ------	      ------
 Demand Fetches		    24051521	           0	    24051521	    16459241	     7592280	           0
  Fraction of total	      1.0000	      0.0000	      1.0000	      0.6843	      0.3157	      0.0000

 Demand Misses		     7599721	           0	     7599721	     6759543	      840178	           0
  Demand miss rate	      0.3160	      0.0000	      0.3160	      0.4107	      0.1107	      0.0000

 Multi-block refs                 0
 Bytes From Memory	   432610752
 ( / Demand Fetches)	     17.9868
 Bytes To Memory	   238437056
 ( / Demand Writes)	     31.4052
 Total Bytes r/w Mem	   671047808
 ( / Demand Fetches)	     27.9004

---Execution complete.
