tracename gzip_m2b
---Dinero IV cache simulator, version 7
---Written by Jan Edler and Mark D. Hill
---Copyright (C) 1997 NEC Research Institute, Inc. and Mark D. Hill.
---All rights reserved.
---Copyright (C) 1985, 1989 Mark D. Hill.  All rights reserved.
---See -copyright option for details

---Summary of options (-help option gives usage information).

-l2-usize 262144
-l3-usize 2097152
-l1-isize 32768
-l1-dsize 32768
-l2-ubsize 64
-l3-ubsize 64
-l1-ibsize 64
-l1-dbsize 64
-l2-usbsize 64
-l3-usbsize 64
-l1-isbsize 64
-l1-dsbsize 64
-l2-uassoc 8
-l3-uassoc 8
-l1-iassoc 8
-l1-dassoc 8
-l2-urepl r
-l3-urepl r
-l1-irepl l
-l1-drepl r
-l2-ufetch d
-l3-ufetch d
-l1-ifetch d
-l1-dfetch d
-l2-uwalloc a
-l3-uwalloc a
-l1-dwalloc a
-l2-uwback a
-l3-uwback a
-l1-dwback a
-skipcount 0
-flushcount 0
-maxcount 0
-stat-interval 0
-informat s
-on-trigger 0x0
-off-trigger 0x0

---Simulation begins.
---Simulation complete.
l1-icache
 Metrics		      Total	      Instrn	       Data	       Read	      Write	       Misc
 -----------------	      ------	      ------	      ------	      ------	      ------	      ------
 Demand Fetches		  2000000000	  2000000000	           0	           0	           0	           0
  Fraction of total	      1.0000	      1.0000	      0.0000	      0.0000	      0.0000	      0.0000

 Demand Misses		         163	         163	           0	           0	           0	           0
  Demand miss rate	      0.0000	      0.0000	      0.0000	      0.0000	      0.0000	      0.0000

 Multi-block refs                 0
 Bytes From Memory	       10432
 ( / Demand Fetches)	      0.0000
 Bytes To Memory	           0
 ( / Demand Writes)	      0.0000
 Total Bytes r/w Mem	       10432
 ( / Demand Fetches)	      0.0000

l1-dcache
 Metrics		      Total	      Instrn	       Data	       Read	      Write	       Misc
 -----------------	      ------	      ------	      ------	      ------	      ------	      ------
 Demand Fetches		   647104098	           0	   647104098	   488483701	   158620397	           0
  Fraction of total	      1.0000	      0.0000	      1.0000	      0.7549	      0.2451	      0.0000

 Demand Misses		    20712695	           0	    20712695	    19801603	      911092	           0
  Demand miss rate	      0.0320	      0.0000	      0.0320	      0.0405	      0.0057	      0.0000

 Multi-block refs           5693705
 Bytes From Memory	  1325612480
 ( / Demand Fetches)	      2.0485
 Bytes To Memory	   511555648
 ( / Demand Writes)	      3.2250
 Total Bytes r/w Mem	  1837168128
 ( / Demand Fetches)	      2.8391

l2-ucache
 Metrics		      Total	      Instrn	       Data	       Read	      Write	       Misc
 -----------------	      ------	      ------	      ------	      ------	      ------	      ------
 Demand Fetches		    28705915	         163	    28705752	    20712695	     7993057	           0
  Fraction of total	      1.0000	      0.0000	      1.0000	      0.7215	      0.2784	      0.0000

 Demand Misses		     1139170	         163	     1139007	     1078923	       60084	           0
  Demand miss rate	      0.0397	      1.0000	      0.0397	      0.0521	      0.0075	      0.0000

 Multi-block refs                 0
 Bytes From Memory	    69061504
 ( / Demand Fetches)	      2.4058
 Bytes To Memory	    53652352
 ( / Demand Writes)	      6.7124
 Total Bytes r/w Mem	   122713856
 ( / Demand Fetches)	      4.2749

l3-ucache
 Metrics		      Total	      Instrn	       Data	       Read	      Write	       Misc
 -----------------	      ------	      ------	      ------	      ------	      ------	      ------
 Demand Fetches		     1917404	         163	     1917241	     1078923	      838318	           0
  Fraction of total	      1.0000	      0.0001	      0.9999	      0.5627	      0.4372	      0.0000

 Demand Misses		      247545	         163	      247382	      224637	       22745	           0
  Demand miss rate	      0.1291	      1.0000	      0.1290	      0.2082	      0.0271	      0.0000

 Multi-block refs                 0
 Bytes From Memory	    14387200
 ( / Demand Fetches)	      7.5035
 Bytes To Memory	     8483840
 ( / Demand Writes)	     10.1201
 Total Bytes r/w Mem	    22871040
 ( / Demand Fetches)	     11.9281

---Execution complete.
