tracename wupwise_m2b
---Dinero IV cache simulator, version 7
---Written by Jan Edler and Mark D. Hill
---Copyright (C) 1997 NEC Research Institute, Inc. and Mark D. Hill.
---All rights reserved.
---Copyright (C) 1985, 1989 Mark D. Hill.  All rights reserved.
---See -copyright option for details

---Summary of options (-help option gives usage information).

-l2-usize 262144
-l3-usize 2097152
-l1-isize 32768
-l1-dsize 32768
-l2-ubsize 64
-l3-ubsize 64
-l1-ibsize 64
-l1-dbsize 64
-l2-usbsize 64
-l3-usbsize 64
-l1-isbsize 64
-l1-dsbsize 64
-l2-uassoc 8
-l3-uassoc 8
-l1-iassoc 8
-l1-dassoc 8
-l2-urepl 2
-l3-urepl 2
-l1-irepl l
-l1-drepl 2
-l2-ufetch d
-l3-ufetch d
-l1-ifetch d
-l1-dfetch d
-l2-uwalloc a
-l3-uwalloc a
-l1-dwalloc a
-l2-uwback a
-l3-uwback a
-l1-dwback a
-skipcount 0
-flushcount 0
-maxcount 0
-stat-interval 0
-informat s
-on-trigger 0x0
-off-trigger 0x0

---Simulation begins.
---Simulation complete.
l1-icache
 Metrics		      Total	      Instrn	       Data	       Read	      Write	       Misc
 -----------------	      ------	      ------	      ------	      ------	      ------	      ------
 Demand Fetches		  1999999998	  1999999998	           0	           0	           0	           0
  Fraction of total	      1.0000	      1.0000	      0.0000	      0.0000	      0.0000	      0.0000

 Demand Misses		         263	         263	           0	           0	           0	           0
  Demand miss rate	      0.0000	      0.0000	      0.0000	      0.0000	      0.0000	      0.0000

 Multi-block refs                 0
 Bytes From Memory	       16832
 ( / Demand Fetches)	      0.0000
 Bytes To Memory	           0
 ( / Demand Writes)	      0.0000
 Total Bytes r/w Mem	       16832
 ( / Demand Fetches)	      0.0000

l1-dcache
 Metrics		      Total	      Instrn	       Data	       Read	      Write	       Misc
 -----------------	      ------	      ------	      ------	      ------	      ------	      ------
 Demand Fetches		   619232456	           0	   619232456	   461175987	   158056469	           0
  Fraction of total	      1.0000	      0.0000	      1.0000	      0.7448	      0.2552	      0.0000

 Demand Misses		     8741774	           0	     8741774	     7973737	      768037	           0
  Demand miss rate	      0.0141	      0.0000	      0.0141	      0.0173	      0.0049	      0.0000

 Multi-block refs                 0
 Bytes From Memory	   559473536
 ( / Demand Fetches)	      0.9035
 Bytes To Memory	    94778560
 ( / Demand Writes)	      0.5996
 Total Bytes r/w Mem	   654252096
 ( / Demand Fetches)	      1.0566

l2-ucache
 Metrics		      Total	      Instrn	       Data	       Read	      Write	       Misc
 -----------------	      ------	      ------	      ------	      ------	      ------	      ------
 Demand Fetches		    10222952	         263	    10222689	     8741774	     1480915	           0
  Fraction of total	      1.0000	      0.0000	      1.0000	      0.8551	      0.1449	      0.0000

 Demand Misses		     8071018	         263	     8070755	     8048203	       22552	           0
  Demand miss rate	      0.7895	      1.0000	      0.7895	      0.9207	      0.0152	      0.0000

 Multi-block refs                 0
 Bytes From Memory	   515101824
 ( / Demand Fetches)	     50.3868
 Bytes To Memory	    93257216
 ( / Demand Writes)	     62.9727
 Total Bytes r/w Mem	   608359040
 ( / Demand Fetches)	     59.5091

l3-ucache
 Metrics		      Total	      Instrn	       Data	       Read	      Write	       Misc
 -----------------	      ------	      ------	      ------	      ------	      ------	      ------
 Demand Fetches		     9505610	         263	     9505347	     8048203	     1457144	           0
  Fraction of total	      1.0000	      0.0000	      1.0000	      0.8467	      0.1533	      0.0000

 Demand Misses		     7445518	         263	     7445255	     7434397	       10858	           0
  Demand miss rate	      0.7833	      1.0000	      0.7833	      0.9237	      0.0075	      0.0000

 Multi-block refs                 0
 Bytes From Memory	   475818240
 ( / Demand Fetches)	     50.0566
 Bytes To Memory	    92885184
 ( / Demand Writes)	     63.7447
 Total Bytes r/w Mem	   568703424
 ( / Demand Fetches)	     59.8282

---Execution complete.
