tracename gcc_m2b
---Dinero IV cache simulator, version 7
---Written by Jan Edler and Mark D. Hill
---Copyright (C) 1997 NEC Research Institute, Inc. and Mark D. Hill.
---All rights reserved.
---Copyright (C) 1985, 1989 Mark D. Hill.  All rights reserved.
---See -copyright option for details

---Summary of options (-help option gives usage information).

-l2-usize 262144
-l3-usize 2097152
-l1-isize 32768
-l1-dsize 32768
-l2-ubsize 64
-l3-ubsize 64
-l1-ibsize 64
-l1-dbsize 64
-l2-usbsize 64
-l3-usbsize 64
-l1-isbsize 64
-l1-dsbsize 64
-l2-uassoc 8
-l3-uassoc 8
-l1-iassoc 8
-l1-dassoc 8
-l2-urepl f
-l3-urepl f
-l1-irepl l
-l1-drepl f
-l2-ufetch d
-l3-ufetch d
-l1-ifetch d
-l1-dfetch d
-l2-uwalloc a
-l3-uwalloc a
-l1-dwalloc a
-l2-uwback a
-l3-uwback a
-l1-dwback a
-skipcount 0
-flushcount 0
-maxcount 0
-stat-interval 0
-informat s
-on-trigger 0x0
-off-trigger 0x0

---Simulation begins.
---Simulation complete.
l1-icache
 Metrics		      Total	      Instrn	       Data	       Read	      Write	       Misc
 -----------------	      ------	      ------	      ------	      ------	      ------	      ------
 Demand Fetches		  1999999973	  1999999973	           0	           0	           0	           0
  Fraction of total	      1.0000	      1.0000	      0.0000	      0.0000	      0.0000	      0.0000

 Demand Misses		     3224339	     3224339	           0	           0	           0	           0
  Demand miss rate	      0.0016	      0.0016	      0.0000	      0.0000	      0.0000	      0.0000

 Multi-block refs                 0
 Bytes From Memory	   206357696
 ( / Demand Fetches)	      0.1032
 Bytes To Memory	           0
 ( / Demand Writes)	      0.0000
 Total Bytes r/w Mem	   206357696
 ( / Demand Fetches)	      0.1032

l1-dcache
 Metrics		      Total	      Instrn	       Data	       Read	      Write	       Misc
 -----------------	      ------	      ------	      ------	      ------	      ------	      ------
 Demand Fetches		  1042289053	           0	  1042289053	   755199682	   287089371	           0
  Fraction of total	      1.0000	      0.0000	      1.0000	      0.7246	      0.2754	      0.0000

 Demand Misses		    31888888	           0	    31888888	     7943669	    23945219	           0
  Demand miss rate	      0.0306	      0.0000	      0.0306	      0.0105	      0.0834	      0.0000

 Multi-block refs            373959
 Bytes From Memory	  2040888832
 ( / Demand Fetches)	      1.9581
 Bytes To Memory	  1579499264
 ( / Demand Writes)	      5.5018
 Total Bytes r/w Mem	  3620388096
 ( / Demand Fetches)	      3.4735

l2-ucache
 Metrics		      Total	      Instrn	       Data	       Read	      Write	       Misc
 -----------------	      ------	      ------	      ------	      ------	      ------	      ------
 Demand Fetches		    59792903	     3224339	    56568564	    31888888	    24679676	           0
  Fraction of total	      1.0000	      0.0539	      0.9461	      0.5333	      0.4128	      0.0000

 Demand Misses		    26873143	      383143	    26490000	    26460200	       29800	           0
  Demand miss rate	      0.4494	      0.1188	      0.4683	      0.8298	      0.0012	      0.0000

 Multi-block refs                 0
 Bytes From Memory	  1717973952
 ( / Demand Fetches)	     28.7321
 Bytes To Memory	  1499269312
 ( / Demand Writes)	     60.7491
 Total Bytes r/w Mem	  3217243264
 ( / Demand Fetches)	     53.8064

l3-ucache
 Metrics		      Total	      Instrn	       Data	       Read	      Write	       Misc
 -----------------	      ------	      ------	      ------	      ------	      ------	      ------
 Demand Fetches		    50269426	      383143	    49886283	    26460200	    23426083	           0
  Fraction of total	      1.0000	      0.0076	      0.9924	      0.5264	      0.4660	      0.0000

 Demand Misses		     2481630	       53799	     2427831	     2421939	        5892	           0
  Demand miss rate	      0.0494	      0.1404	      0.0487	      0.0915	      0.0003	      0.0000

 Multi-block refs                 0
 Bytes From Memory	   158447232
 ( / Demand Fetches)	      3.1520
 Bytes To Memory	    25562240
 ( / Demand Writes)	      1.0912
 Total Bytes r/w Mem	   184009472
 ( / Demand Fetches)	      3.6605

---Execution complete.
