tracename galgel_m2b
---Dinero IV cache simulator, version 7
---Written by Jan Edler and Mark D. Hill
---Copyright (C) 1997 NEC Research Institute, Inc. and Mark D. Hill.
---All rights reserved.
---Copyright (C) 1985, 1989 Mark D. Hill.  All rights reserved.
---See -copyright option for details

---Summary of options (-help option gives usage information).

-l2-usize 262144
-l3-usize 2097152
-l1-isize 32768
-l1-dsize 32768
-l2-ubsize 64
-l3-ubsize 64
-l1-ibsize 64
-l1-dbsize 64
-l2-usbsize 64
-l3-usbsize 64
-l1-isbsize 64
-l1-dsbsize 64
-l2-uassoc 8
-l3-uassoc 8
-l1-iassoc 8
-l1-dassoc 8
-l2-urepl f
-l3-urepl f
-l1-irepl l
-l1-drepl f
-l2-ufetch d
-l3-ufetch d
-l1-ifetch d
-l1-dfetch d
-l2-uwalloc a
-l3-uwalloc a
-l1-dwalloc a
-l2-uwback a
-l3-uwback a
-l1-dwback a
-skipcount 0
-flushcount 0
-maxcount 0
-stat-interval 0
-informat s
-on-trigger 0x0
-off-trigger 0x0

---Simulation begins.
---Simulation complete.
l1-icache
 Metrics		      Total	      Instrn	       Data	       Read	      Write	       Misc
 -----------------	      ------	      ------	      ------	      ------	      ------	      ------
 Demand Fetches		  1999999990	  1999999990	           0	           0	           0	           0
  Fraction of total	      1.0000	      1.0000	      0.0000	      0.0000	      0.0000	      0.0000

 Demand Misses		          84	          84	           0	           0	           0	           0
  Demand miss rate	      0.0000	      0.0000	      0.0000	      0.0000	      0.0000	      0.0000

 Multi-block refs                 0
 Bytes From Memory	        5376
 ( / Demand Fetches)	      0.0000
 Bytes To Memory	           0
 ( / Demand Writes)	      0.0000
 Total Bytes r/w Mem	        5376
 ( / Demand Fetches)	      0.0000

l1-dcache
 Metrics		      Total	      Instrn	       Data	       Read	      Write	       Misc
 -----------------	      ------	      ------	      ------	      ------	      ------	      ------
 Demand Fetches		   825305552	           0	   825305552	   704964531	   120341021	           0
  Fraction of total	      1.0000	      0.0000	      1.0000	      0.8542	      0.1458	      0.0000

 Demand Misses		    36553831	           0	    36553831	    29846480	     6707351	           0
  Demand miss rate	      0.0443	      0.0000	      0.0443	      0.0423	      0.0557	      0.0000

 Multi-block refs                 0
 Bytes From Memory	  2339445184
 ( / Demand Fetches)	      2.8346
 Bytes To Memory	   836628864
 ( / Demand Writes)	      6.9522
 Total Bytes r/w Mem	  3176074048
 ( / Demand Fetches)	      3.8484

l2-ucache
 Metrics		      Total	      Instrn	       Data	       Read	      Write	       Misc
 -----------------	      ------	      ------	      ------	      ------	      ------	      ------
 Demand Fetches		    49626241	          84	    49626157	    36553831	    13072326	           0
  Fraction of total	      1.0000	      0.0000	      1.0000	      0.7366	      0.2634	      0.0000

 Demand Misses		    24063358	          84	    24063274	    24053646	        9628	           0
  Demand miss rate	      0.4849	      1.0000	      0.4849	      0.6580	      0.0007	      0.0000

 Multi-block refs                 0
 Bytes From Memory	  1539438720
 ( / Demand Fetches)	     31.0207
 Bytes To Memory	   506682432
 ( / Demand Writes)	     38.7599
 Total Bytes r/w Mem	  2046121152
 ( / Demand Fetches)	     41.2306

l3-ucache
 Metrics		      Total	      Instrn	       Data	       Read	      Write	       Misc
 -----------------	      ------	      ------	      ------	      ------	      ------	      ------
 Demand Fetches		    31970643	          84	    31970559	    24053646	     7916913	           0
  Fraction of total	      1.0000	      0.0000	      1.0000	      0.7524	      0.2476	      0.0000

 Demand Misses		      192880	          84	      192796	      191635	        1161	           0
  Demand miss rate	      0.0060	      1.0000	      0.0060	      0.0080	      0.0001	      0.0000

 Multi-block refs                 0
 Bytes From Memory	    12270016
 ( / Demand Fetches)	      0.3838
 Bytes To Memory	     7286784
 ( / Demand Writes)	      0.9204
 Total Bytes r/w Mem	    19556800
 ( / Demand Fetches)	      0.6117

---Execution complete.
