tracename art_m2b
---Dinero IV cache simulator, version 7
---Written by Jan Edler and Mark D. Hill
---Copyright (C) 1997 NEC Research Institute, Inc. and Mark D. Hill.
---All rights reserved.
---Copyright (C) 1985, 1989 Mark D. Hill.  All rights reserved.
---See -copyright option for details

---Summary of options (-help option gives usage information).

-l2-usize 262144
-l3-usize 2097152
-l1-isize 32768
-l1-dsize 32768
-l2-ubsize 64
-l3-ubsize 64
-l1-ibsize 64
-l1-dbsize 64
-l2-usbsize 64
-l3-usbsize 64
-l1-isbsize 64
-l1-dsbsize 64
-l2-uassoc 8
-l3-uassoc 8
-l1-iassoc 8
-l1-dassoc 8
-l2-urepl 2
-l3-urepl 2
-l1-irepl l
-l1-drepl 2
-l2-ufetch d
-l3-ufetch d
-l1-ifetch d
-l1-dfetch d
-l2-uwalloc a
-l3-uwalloc a
-l1-dwalloc a
-l2-uwback a
-l3-uwback a
-l1-dwback a
-skipcount 0
-flushcount 0
-maxcount 0
-stat-interval 0
-informat s
-on-trigger 0x0
-off-trigger 0x0

---Simulation begins.
---Simulation complete.
l1-icache
 Metrics		      Total	      Instrn	       Data	       Read	      Write	       Misc
 -----------------	      ------	      ------	      ------	      ------	      ------	      ------
 Demand Fetches		  1999999864	  1999999864	           0	           0	           0	           0
  Fraction of total	      1.0000	      1.0000	      0.0000	      0.0000	      0.0000	      0.0000

 Demand Misses		         374	         374	           0	           0	           0	           0
  Demand miss rate	      0.0000	      0.0000	      0.0000	      0.0000	      0.0000	      0.0000

 Multi-block refs                 0
 Bytes From Memory	       23936
 ( / Demand Fetches)	      0.0000
 Bytes To Memory	           0
 ( / Demand Writes)	      0.0000
 Total Bytes r/w Mem	       23936
 ( / Demand Fetches)	      0.0000

l1-dcache
 Metrics		      Total	      Instrn	       Data	       Read	      Write	       Misc
 -----------------	      ------	      ------	      ------	      ------	      ------	      ------
 Demand Fetches		   682430992	           0	   682430992	   525980123	   156450869	           0
  Fraction of total	      1.0000	      0.0000	      1.0000	      0.7707	      0.2293	      0.0000

 Demand Misses		   223432851	           0	   223432851	   223290228	      142623	           0
  Demand miss rate	      0.3274	      0.0000	      0.3274	      0.4245	      0.0009	      0.0000

 Multi-block refs             11423
 Bytes From Memory	 14299702464
 ( / Demand Fetches)	     20.9541
 Bytes To Memory	  4137138112
 ( / Demand Writes)	     26.4437
 Total Bytes r/w Mem	 18436840576
 ( / Demand Fetches)	     27.0164

l2-ucache
 Metrics		      Total	      Instrn	       Data	       Read	      Write	       Misc
 -----------------	      ------	      ------	      ------	      ------	      ------	      ------
 Demand Fetches		   288076008	         374	   288075634	   223432851	    64642783	           0
  Fraction of total	      1.0000	      0.0000	      1.0000	      0.7756	      0.2244	      0.0000

 Demand Misses		   223215257	         374	   223214883	   222540027	      674856	           0
  Demand miss rate	      0.7748	      1.0000	      0.7748	      0.9960	      0.0104	      0.0000

 Multi-block refs                 0
 Bytes From Memory	 14242585664
 ( / Demand Fetches)	     49.4404
 Bytes To Memory	  4093545472
 ( / Demand Writes)	     63.3256
 Total Bytes r/w Mem	 18336131136
 ( / Demand Fetches)	     63.6503

l3-ucache
 Metrics		      Total	      Instrn	       Data	       Read	      Write	       Misc
 -----------------	      ------	      ------	      ------	      ------	      ------	      ------
 Demand Fetches		   286502049	         374	   286501675	   222540027	    63961648	           0
  Fraction of total	      1.0000	      0.0000	      1.0000	      0.7767	      0.2233	      0.0000

 Demand Misses		    26254863	         374	    26254489	    26138418	      116071	           0
  Demand miss rate	      0.0916	      1.0000	      0.0916	      0.1175	      0.0018	      0.0000

 Multi-block refs                 0
 Bytes From Memory	  1672882688
 ( / Demand Fetches)	      5.8390
 Bytes To Memory	   192017920
 ( / Demand Writes)	      3.0021
 Total Bytes r/w Mem	  1864900608
 ( / Demand Fetches)	      6.5092

---Execution complete.
