tracename art_m2b
---Dinero IV cache simulator, version 7
---Written by Jan Edler and Mark D. Hill
---Copyright (C) 1997 NEC Research Institute, Inc. and Mark D. Hill.
---All rights reserved.
---Copyright (C) 1985, 1989 Mark D. Hill.  All rights reserved.
---See -copyright option for details

---Summary of options (-help option gives usage information).

-l2-usize 262144
-l3-usize 2097152
-l1-isize 32768
-l1-dsize 32768
-l2-ubsize 64
-l3-ubsize 64
-l1-ibsize 64
-l1-dbsize 64
-l2-usbsize 64
-l3-usbsize 64
-l1-isbsize 64
-l1-dsbsize 64
-l2-uassoc 8
-l3-uassoc 8
-l1-iassoc 8
-l1-dassoc 8
-l2-urepl r
-l3-urepl r
-l1-irepl l
-l1-drepl r
-l2-ufetch d
-l3-ufetch d
-l1-ifetch d
-l1-dfetch d
-l2-uwalloc a
-l3-uwalloc a
-l1-dwalloc a
-l2-uwback a
-l3-uwback a
-l1-dwback a
-skipcount 0
-flushcount 0
-maxcount 0
-stat-interval 0
-informat s
-on-trigger 0x0
-off-trigger 0x0

---Simulation begins.
---Simulation complete.
l1-icache
 Metrics		      Total	      Instrn	       Data	       Read	      Write	       Misc
 -----------------	      ------	      ------	      ------	      ------	      ------	      ------
 Demand Fetches		  1999999864	  1999999864	           0	           0	           0	           0
  Fraction of total	      1.0000	      1.0000	      0.0000	      0.0000	      0.0000	      0.0000

 Demand Misses		         374	         374	           0	           0	           0	           0
  Demand miss rate	      0.0000	      0.0000	      0.0000	      0.0000	      0.0000	      0.0000

 Multi-block refs                 0
 Bytes From Memory	       23936
 ( / Demand Fetches)	      0.0000
 Bytes To Memory	           0
 ( / Demand Writes)	      0.0000
 Total Bytes r/w Mem	       23936
 ( / Demand Fetches)	      0.0000

l1-dcache
 Metrics		      Total	      Instrn	       Data	       Read	      Write	       Misc
 -----------------	      ------	      ------	      ------	      ------	      ------	      ------
 Demand Fetches		   682430992	           0	   682430992	   525980123	   156450869	           0
  Fraction of total	      1.0000	      0.0000	      1.0000	      0.7707	      0.2293	      0.0000

 Demand Misses		   226445813	           0	   226445813	   226049139	      396674	           0
  Demand miss rate	      0.3318	      0.0000	      0.3318	      0.4298	      0.0025	      0.0000

 Multi-block refs             11423
 Bytes From Memory	 14492532032
 ( / Demand Fetches)	     21.2366
 Bytes To Memory	  4156454144
 ( / Demand Writes)	     26.5672
 Total Bytes r/w Mem	 18648986176
 ( / Demand Fetches)	     27.3273

l2-ucache
 Metrics		      Total	      Instrn	       Data	       Read	      Write	       Misc
 -----------------	      ------	      ------	      ------	      ------	      ------	      ------
 Demand Fetches		   291390783	         374	   291390409	   226445813	    64944596	           0
  Fraction of total	      1.0000	      0.0000	      1.0000	      0.7771	      0.2229	      0.0000

 Demand Misses		   223766341	         374	   223765967	   218826567	     4939400	           0
  Demand miss rate	      0.7679	      1.0000	      0.7679	      0.9664	      0.0761	      0.0000

 Multi-block refs                 0
 Bytes From Memory	 14004924224
 ( / Demand Fetches)	     48.0623
 Bytes To Memory	  3938430784
 ( / Demand Writes)	     60.6429
 Total Bytes r/w Mem	 17943355008
 ( / Demand Fetches)	     61.5783

l3-ucache
 Metrics		      Total	      Instrn	       Data	       Read	      Write	       Misc
 -----------------	      ------	      ------	      ------	      ------	      ------	      ------
 Demand Fetches		   280364922	         374	   280364548	   218826567	    61537981	           0
  Fraction of total	      1.0000	      0.0000	      1.0000	      0.7805	      0.2195	      0.0000

 Demand Misses		    31307728	         374	    31307354	    30392989	      914365	           0
  Demand miss rate	      0.1117	      1.0000	      0.1117	      0.1389	      0.0149	      0.0000

 Multi-block refs                 0
 Bytes From Memory	  1945175232
 ( / Demand Fetches)	      6.9380
 Bytes To Memory	   460818688
 ( / Demand Writes)	      7.4884
 Total Bytes r/w Mem	  2405993920
 ( / Demand Fetches)	      8.5817

---Execution complete.
