tracename mcf_m2b
---Dinero IV cache simulator, version 7
---Written by Jan Edler and Mark D. Hill
---Copyright (C) 1997 NEC Research Institute, Inc. and Mark D. Hill.
---All rights reserved.
---Copyright (C) 1985, 1989 Mark D. Hill.  All rights reserved.
---See -copyright option for details

---Summary of options (-help option gives usage information).

-l2-usize 262144
-l3-usize 2097152
-l1-isize 32768
-l1-dsize 32768
-l2-ubsize 64
-l3-ubsize 64
-l1-ibsize 64
-l1-dbsize 64
-l2-usbsize 64
-l3-usbsize 64
-l1-isbsize 64
-l1-dsbsize 64
-l2-uassoc 8
-l3-uassoc 8
-l1-iassoc 8
-l1-dassoc 8
-l2-urepl r
-l3-urepl r
-l1-irepl l
-l1-drepl r
-l2-ufetch d
-l3-ufetch d
-l1-ifetch d
-l1-dfetch d
-l2-uwalloc a
-l3-uwalloc a
-l1-dwalloc a
-l2-uwback a
-l3-uwback a
-l1-dwback a
-skipcount 0
-flushcount 0
-maxcount 0
-stat-interval 0
-informat s
-on-trigger 0x0
-off-trigger 0x0

---Simulation begins.
---Simulation complete.
l1-icache
 Metrics		      Total	      Instrn	       Data	       Read	      Write	       Misc
 -----------------	      ------	      ------	      ------	      ------	      ------	      ------
 Demand Fetches		  1999999998	  1999999998	           0	           0	           0	           0
  Fraction of total	      1.0000	      1.0000	      0.0000	      0.0000	      0.0000	      0.0000

 Demand Misses		         152	         152	           0	           0	           0	           0
  Demand miss rate	      0.0000	      0.0000	      0.0000	      0.0000	      0.0000	      0.0000

 Multi-block refs                 0
 Bytes From Memory	        9728
 ( / Demand Fetches)	      0.0000
 Bytes To Memory	           0
 ( / Demand Writes)	      0.0000
 Total Bytes r/w Mem	        9728
 ( / Demand Fetches)	      0.0000

l1-dcache
 Metrics		      Total	      Instrn	       Data	       Read	      Write	       Misc
 -----------------	      ------	      ------	      ------	      ------	      ------	      ------
 Demand Fetches		   759536997	           0	   759536997	   688140098	    71396899	           0
  Fraction of total	      1.0000	      0.0000	      1.0000	      0.9060	      0.0940	      0.0000

 Demand Misses		   233765579	           0	   233765579	   224228197	     9537382	           0
  Demand miss rate	      0.3078	      0.0000	      0.3078	      0.3258	      0.1336	      0.0000

 Multi-block refs                 0
 Bytes From Memory	 14960997056
 ( / Demand Fetches)	     19.6975
 Bytes To Memory	  3311744704
 ( / Demand Writes)	     46.3850
 Total Bytes r/w Mem	 18272741760
 ( / Demand Fetches)	     24.0577

l2-ucache
 Metrics		      Total	      Instrn	       Data	       Read	      Write	       Misc
 -----------------	      ------	      ------	      ------	      ------	      ------	      ------
 Demand Fetches		   285511742	         152	   285511590	   233765579	    51746011	           0
  Fraction of total	      1.0000	      0.0000	      1.0000	      0.8188	      0.1812	      0.0000

 Demand Misses		   215378483	         152	   215378331	   209141756	     6236575	           0
  Demand miss rate	      0.7544	      1.0000	      0.7544	      0.8947	      0.1205	      0.0000

 Multi-block refs                 0
 Bytes From Memory	 13385082112
 ( / Demand Fetches)	     46.8810
 Bytes To Memory	  3185881344
 ( / Demand Writes)	     61.5677
 Total Bytes r/w Mem	 16570963456
 ( / Demand Fetches)	     58.0395

l3-ucache
 Metrics		      Total	      Instrn	       Data	       Read	      Write	       Misc
 -----------------	      ------	      ------	      ------	      ------	      ------	      ------
 Demand Fetches		   258921304	         152	   258921152	   209141756	    49779396	           0
  Fraction of total	      1.0000	      0.0000	      1.0000	      0.8077	      0.1923	      0.0000

 Demand Misses		   139231362	         152	   139231210	   134952457	     4278753	           0
  Demand miss rate	      0.5377	      1.0000	      0.5377	      0.6453	      0.0860	      0.0000

 Multi-block refs                 0
 Bytes From Memory	  8636966976
 ( / Demand Fetches)	     33.3575
 Bytes To Memory	  2677478272
 ( / Demand Writes)	     53.7869
 Total Bytes r/w Mem	 11314445248
 ( / Demand Fetches)	     43.6984

---Execution complete.
