tracename ammp_m2b
---Dinero IV cache simulator, version 7
---Written by Jan Edler and Mark D. Hill
---Copyright (C) 1997 NEC Research Institute, Inc. and Mark D. Hill.
---All rights reserved.
---Copyright (C) 1985, 1989 Mark D. Hill.  All rights reserved.
---See -copyright option for details

---Summary of options (-help option gives usage information).

-l2-usize 262144
-l3-usize 2097152
-l1-isize 32768
-l1-dsize 32768
-l2-ubsize 64
-l3-ubsize 64
-l1-ibsize 64
-l1-dbsize 64
-l2-usbsize 64
-l3-usbsize 64
-l1-isbsize 64
-l1-dsbsize 64
-l2-uassoc 8
-l3-uassoc 8
-l1-iassoc 8
-l1-dassoc 8
-l2-urepl l
-l3-urepl l
-l1-irepl l
-l1-drepl l
-l2-ufetch d
-l3-ufetch d
-l1-ifetch d
-l1-dfetch d
-l2-uwalloc a
-l3-uwalloc a
-l1-dwalloc a
-l2-uwback a
-l3-uwback a
-l1-dwback a
-skipcount 0
-flushcount 0
-maxcount 0
-stat-interval 0
-informat s
-on-trigger 0x0
-off-trigger 0x0

---Simulation begins.
---Simulation complete.
l1-icache
 Metrics		      Total	      Instrn	       Data	       Read	      Write	       Misc
 -----------------	      ------	      ------	      ------	      ------	      ------	      ------
 Demand Fetches		  1999999918	  1999999918	           0	           0	           0	           0
  Fraction of total	      1.0000	      1.0000	      0.0000	      0.0000	      0.0000	      0.0000

 Demand Misses		         463	         463	           0	           0	           0	           0
  Demand miss rate	      0.0000	      0.0000	      0.0000	      0.0000	      0.0000	      0.0000

 Multi-block refs                 0
 Bytes From Memory	       29632
 ( / Demand Fetches)	      0.0000
 Bytes To Memory	           0
 ( / Demand Writes)	      0.0000
 Total Bytes r/w Mem	       29632
 ( / Demand Fetches)	      0.0000

l1-dcache
 Metrics		      Total	      Instrn	       Data	       Read	      Write	       Misc
 -----------------	      ------	      ------	      ------	      ------	      ------	      ------
 Demand Fetches		   744595033	           0	   744595033	   552857447	   191737586	           0
  Fraction of total	      1.0000	      0.0000	      1.0000	      0.7425	      0.2575	      0.0000

 Demand Misses		    36582797	           0	    36582797	    35949936	      632861	           0
  Demand miss rate	      0.0491	      0.0000	      0.0491	      0.0650	      0.0033	      0.0000

 Multi-block refs                 0
 Bytes From Memory	  2341299008
 ( / Demand Fetches)	      3.1444
 Bytes To Memory	   509297856
 ( / Demand Writes)	      2.6562
 Total Bytes r/w Mem	  2850596864
 ( / Demand Fetches)	      3.8284

l2-ucache
 Metrics		      Total	      Instrn	       Data	       Read	      Write	       Misc
 -----------------	      ------	      ------	      ------	      ------	      ------	      ------
 Demand Fetches		    44541039	         463	    44540576	    36582797	     7957779	           0
  Fraction of total	      1.0000	      0.0000	      1.0000	      0.8213	      0.1787	      0.0000

 Demand Misses		    21783180	         463	    21782717	    21759045	       23672	           0
  Demand miss rate	      0.4891	      1.0000	      0.4891	      0.5948	      0.0030	      0.0000

 Multi-block refs                 0
 Bytes From Memory	  1392608512
 ( / Demand Fetches)	     31.2657
 Bytes To Memory	   351314368
 ( / Demand Writes)	     44.1473
 Total Bytes r/w Mem	  1743922880
 ( / Demand Fetches)	     39.1532

l3-ucache
 Metrics		      Total	      Instrn	       Data	       Read	      Write	       Misc
 -----------------	      ------	      ------	      ------	      ------	      ------	      ------
 Demand Fetches		    27248795	         463	    27248332	    21759045	     5489287	           0
  Fraction of total	      1.0000	      0.0000	      1.0000	      0.7985	      0.2015	      0.0000

 Demand Misses		     7304191	         463	     7303728	     7302307	        1421	           0
  Demand miss rate	      0.2681	      1.0000	      0.2680	      0.3356	      0.0003	      0.0000

 Multi-block refs                 0
 Bytes From Memory	   467377280
 ( / Demand Fetches)	     17.1522
 Bytes To Memory	    97846528
 ( / Demand Writes)	     17.8250
 Total Bytes r/w Mem	   565223808
 ( / Demand Fetches)	     20.7431

---Execution complete.
