tracename lucas_m2b
---Dinero IV cache simulator, version 7
---Written by Jan Edler and Mark D. Hill
---Copyright (C) 1997 NEC Research Institute, Inc. and Mark D. Hill.
---All rights reserved.
---Copyright (C) 1985, 1989 Mark D. Hill.  All rights reserved.
---See -copyright option for details

---Summary of options (-help option gives usage information).

-l2-usize 262144
-l3-usize 2097152
-l1-isize 32768
-l1-dsize 32768
-l2-ubsize 64
-l3-ubsize 64
-l1-ibsize 64
-l1-dbsize 64
-l2-usbsize 64
-l3-usbsize 64
-l1-isbsize 64
-l1-dsbsize 64
-l2-uassoc 8
-l3-uassoc 8
-l1-iassoc 8
-l1-dassoc 8
-l2-urepl f
-l3-urepl f
-l1-irepl l
-l1-drepl f
-l2-ufetch d
-l3-ufetch d
-l1-ifetch d
-l1-dfetch d
-l2-uwalloc a
-l3-uwalloc a
-l1-dwalloc a
-l2-uwback a
-l3-uwback a
-l1-dwback a
-skipcount 0
-flushcount 0
-maxcount 0
-stat-interval 0
-informat s
-on-trigger 0x0
-off-trigger 0x0

---Simulation begins.
---Simulation complete.
l1-icache
 Metrics		      Total	      Instrn	       Data	       Read	      Write	       Misc
 -----------------	      ------	      ------	      ------	      ------	      ------	      ------
 Demand Fetches		  1999999943	  1999999943	           0	           0	           0	           0
  Fraction of total	      1.0000	      1.0000	      0.0000	      0.0000	      0.0000	      0.0000

 Demand Misses		         559	         559	           0	           0	           0	           0
  Demand miss rate	      0.0000	      0.0000	      0.0000	      0.0000	      0.0000	      0.0000

 Multi-block refs                 0
 Bytes From Memory	       35776
 ( / Demand Fetches)	      0.0000
 Bytes To Memory	           0
 ( / Demand Writes)	      0.0000
 Total Bytes r/w Mem	       35776
 ( / Demand Fetches)	      0.0000

l1-dcache
 Metrics		      Total	      Instrn	       Data	       Read	      Write	       Misc
 -----------------	      ------	      ------	      ------	      ------	      ------	      ------
 Demand Fetches		   443905265	           0	   443905265	   323692030	   120213235	           0
  Fraction of total	      1.0000	      0.0000	      1.0000	      0.7292	      0.2708	      0.0000

 Demand Misses		    38679088	           0	    38679088	    19197344	    19481744	           0
  Demand miss rate	      0.0871	      0.0000	      0.0871	      0.0593	      0.1621	      0.0000

 Multi-block refs                 8
 Bytes From Memory	  2475461632
 ( / Demand Fetches)	      5.5766
 Bytes To Memory	  1313944640
 ( / Demand Writes)	     10.9301
 Total Bytes r/w Mem	  3789406272
 ( / Demand Fetches)	      8.5365

l2-ucache
 Metrics		      Total	      Instrn	       Data	       Read	      Write	       Misc
 -----------------	      ------	      ------	      ------	      ------	      ------	      ------
 Demand Fetches		    59210032	         559	    59209473	    38679088	    20530385	           0
  Fraction of total	      1.0000	      0.0000	      1.0000	      0.6533	      0.3467	      0.0000

 Demand Misses		    44575173	         559	    44574614	    38389455	     6185159	           0
  Demand miss rate	      0.7528	      1.0000	      0.7528	      0.9925	      0.3013	      0.0000

 Multi-block refs                 0
 Bytes From Memory	  2456960896
 ( / Demand Fetches)	     41.4957
 Bytes To Memory	  1313923392
 ( / Demand Writes)	     63.9990
 Total Bytes r/w Mem	  3770884288
 ( / Demand Fetches)	     63.6866

l3-ucache
 Metrics		      Total	      Instrn	       Data	       Read	      Write	       Misc
 -----------------	      ------	      ------	      ------	      ------	      ------	      ------
 Demand Fetches		    58920067	         559	    58919508	    38389455	    20530053	           0
  Fraction of total	      1.0000	      0.0000	      1.0000	      0.6516	      0.3484	      0.0000

 Demand Misses		    46444919	         559	    46444360	    38276375	     8167985	           0
  Demand miss rate	      0.7883	      1.0000	      0.7883	      0.9971	      0.3979	      0.0000

 Multi-block refs                 0
 Bytes From Memory	  2449723776
 ( / Demand Fetches)	     41.5771
 Bytes To Memory	  1313125888
 ( / Demand Writes)	     63.9612
 Total Bytes r/w Mem	  3762849664
 ( / Demand Fetches)	     63.8636

---Execution complete.
