tracename fma3d_m2b
---Dinero IV cache simulator, version 7
---Written by Jan Edler and Mark D. Hill
---Copyright (C) 1997 NEC Research Institute, Inc. and Mark D. Hill.
---All rights reserved.
---Copyright (C) 1985, 1989 Mark D. Hill.  All rights reserved.
---See -copyright option for details

---Summary of options (-help option gives usage information).

-l2-usize 262144
-l3-usize 2097152
-l1-isize 32768
-l1-dsize 32768
-l2-ubsize 64
-l3-ubsize 64
-l1-ibsize 64
-l1-dbsize 64
-l2-usbsize 64
-l3-usbsize 64
-l1-isbsize 64
-l1-dsbsize 64
-l2-uassoc 8
-l3-uassoc 8
-l1-iassoc 8
-l1-dassoc 8
-l2-urepl r
-l3-urepl r
-l1-irepl l
-l1-drepl r
-l2-ufetch d
-l3-ufetch d
-l1-ifetch d
-l1-dfetch d
-l2-uwalloc a
-l3-uwalloc a
-l1-dwalloc a
-l2-uwback a
-l3-uwback a
-l1-dwback a
-skipcount 0
-flushcount 0
-maxcount 0
-stat-interval 0
-informat s
-on-trigger 0x0
-off-trigger 0x0

---Simulation begins.
---Simulation complete.
l1-icache
 Metrics		      Total	      Instrn	       Data	       Read	      Write	       Misc
 -----------------	      ------	      ------	      ------	      ------	      ------	      ------
 Demand Fetches		  1999999375	  1999999375	           0	           0	           0	           0
  Fraction of total	      1.0000	      1.0000	      0.0000	      0.0000	      0.0000	      0.0000

 Demand Misses		        2296	        2296	           0	           0	           0	           0
  Demand miss rate	      0.0000	      0.0000	      0.0000	      0.0000	      0.0000	      0.0000

 Multi-block refs                 0
 Bytes From Memory	      146944
 ( / Demand Fetches)	      0.0001
 Bytes To Memory	           0
 ( / Demand Writes)	      0.0000
 Total Bytes r/w Mem	      146944
 ( / Demand Fetches)	      0.0001

l1-dcache
 Metrics		      Total	      Instrn	       Data	       Read	      Write	       Misc
 -----------------	      ------	      ------	      ------	      ------	      ------	      ------
 Demand Fetches		   913972993	           0	   913972993	   601233722	   312739271	           0
  Fraction of total	      1.0000	      0.0000	      1.0000	      0.6578	      0.3422	      0.0000

 Demand Misses		    24815197	           0	    24815197	    22564082	     2251115	           0
  Demand miss rate	      0.0272	      0.0000	      0.0272	      0.0375	      0.0072	      0.0000

 Multi-block refs                 0
 Bytes From Memory	  1588172608
 ( / Demand Fetches)	      1.7377
 Bytes To Memory	   701745664
 ( / Demand Writes)	      2.2439
 Total Bytes r/w Mem	  2289918272
 ( / Demand Fetches)	      2.5055

l2-ucache
 Metrics		      Total	      Instrn	       Data	       Read	      Write	       Misc
 -----------------	      ------	      ------	      ------	      ------	      ------	      ------
 Demand Fetches		    35782269	        2296	    35779973	    24815197	    10964776	           0
  Fraction of total	      1.0000	      0.0001	      0.9999	      0.6935	      0.3064	      0.0000

 Demand Misses		    22843182	        2008	    22841174	    21861164	      980010	           0
  Demand miss rate	      0.6384	      0.8746	      0.6384	      0.8810	      0.0894	      0.0000

 Multi-block refs                 0
 Bytes From Memory	  1399243008
 ( / Demand Fetches)	     39.1044
 Bytes To Memory	   602428672
 ( / Demand Writes)	     54.9422
 Total Bytes r/w Mem	  2001671680
 ( / Demand Fetches)	     55.9403

l3-ucache
 Metrics		      Total	      Instrn	       Data	       Read	      Write	       Misc
 -----------------	      ------	      ------	      ------	      ------	      ------	      ------
 Demand Fetches		    31276120	        2008	    31274112	    21861164	     9412948	           0
  Fraction of total	      1.0000	      0.0001	      0.9999	      0.6990	      0.3010	      0.0000

 Demand Misses		    21606782	        2001	    21604781	    20713311	      891470	           0
  Demand miss rate	      0.6908	      0.9965	      0.6908	      0.9475	      0.0947	      0.0000

 Multi-block refs                 0
 Bytes From Memory	  1325779968
 ( / Demand Fetches)	     42.3895
 Bytes To Memory	   572273280
 ( / Demand Writes)	     60.7964
 Total Bytes r/w Mem	  1898053248
 ( / Demand Fetches)	     60.6870

---Execution complete.
