tracename parser_m2b
---Dinero IV cache simulator, version 7
---Written by Jan Edler and Mark D. Hill
---Copyright (C) 1997 NEC Research Institute, Inc. and Mark D. Hill.
---All rights reserved.
---Copyright (C) 1985, 1989 Mark D. Hill.  All rights reserved.
---See -copyright option for details

---Summary of options (-help option gives usage information).

-l2-usize 262144
-l3-usize 2097152
-l1-isize 32768
-l1-dsize 32768
-l2-ubsize 64
-l3-ubsize 64
-l1-ibsize 64
-l1-dbsize 64
-l2-usbsize 64
-l3-usbsize 64
-l1-isbsize 64
-l1-dsbsize 64
-l2-uassoc 8
-l3-uassoc 8
-l1-iassoc 8
-l1-dassoc 8
-l2-urepl r
-l3-urepl r
-l1-irepl l
-l1-drepl r
-l2-ufetch d
-l3-ufetch d
-l1-ifetch d
-l1-dfetch d
-l2-uwalloc a
-l3-uwalloc a
-l1-dwalloc a
-l2-uwback a
-l3-uwback a
-l1-dwback a
-skipcount 0
-flushcount 0
-maxcount 0
-stat-interval 0
-informat s
-on-trigger 0x0
-off-trigger 0x0

---Simulation begins.
---Simulation complete.
l1-icache
 Metrics		      Total	      Instrn	       Data	       Read	      Write	       Misc
 -----------------	      ------	      ------	      ------	      ------	      ------	      ------
 Demand Fetches		  1999999988	  1999999988	           0	           0	           0	           0
  Fraction of total	      1.0000	      1.0000	      0.0000	      0.0000	      0.0000	      0.0000

 Demand Misses		      173175	      173175	           0	           0	           0	           0
  Demand miss rate	      0.0001	      0.0001	      0.0000	      0.0000	      0.0000	      0.0000

 Multi-block refs                 0
 Bytes From Memory	    11083200
 ( / Demand Fetches)	      0.0055
 Bytes To Memory	           0
 ( / Demand Writes)	      0.0000
 Total Bytes r/w Mem	    11083200
 ( / Demand Fetches)	      0.0055

l1-dcache
 Metrics		      Total	      Instrn	       Data	       Read	      Write	       Misc
 -----------------	      ------	      ------	      ------	      ------	      ------	      ------
 Demand Fetches		   701379966	           0	   701379966	   551279642	   150100324	           0
  Fraction of total	      1.0000	      0.0000	      1.0000	      0.7860	      0.2140	      0.0000

 Demand Misses		    16775883	           0	    16775883	    15701713	     1074170	           0
  Demand miss rate	      0.0239	      0.0000	      0.0239	      0.0285	      0.0072	      0.0000

 Multi-block refs            220627
 Bytes From Memory	  1073656512
 ( / Demand Fetches)	      1.5308
 Bytes To Memory	   205985728
 ( / Demand Writes)	      1.3723
 Total Bytes r/w Mem	  1279642240
 ( / Demand Fetches)	      1.8245

l2-ucache
 Metrics		      Total	      Instrn	       Data	       Read	      Write	       Misc
 -----------------	      ------	      ------	      ------	      ------	      ------	      ------
 Demand Fetches		    20167585	      173175	    19994410	    16775883	     3218527	           0
  Fraction of total	      1.0000	      0.0086	      0.9914	      0.8318	      0.1596	      0.0000

 Demand Misses		     4289501	       34221	     4255280	     4114102	      141178	           0
  Demand miss rate	      0.2127	      0.1976	      0.2128	      0.2452	      0.0439	      0.0000

 Multi-block refs                 0
 Bytes From Memory	   265492672
 ( / Demand Fetches)	     13.1643
 Bytes To Memory	   102383488
 ( / Demand Writes)	     31.8107
 Total Bytes r/w Mem	   367876160
 ( / Demand Fetches)	     18.2410

l3-ucache
 Metrics		      Total	      Instrn	       Data	       Read	      Write	       Misc
 -----------------	      ------	      ------	      ------	      ------	      ------	      ------
 Demand Fetches		     5748065	       34221	     5713844	     4114102	     1599742	           0
  Fraction of total	      1.0000	      0.0060	      0.9940	      0.7157	      0.2783	      0.0000

 Demand Misses		     1481307	        5805	     1475502	     1420153	       55349	           0
  Demand miss rate	      0.2577	      0.1696	      0.2582	      0.3452	      0.0346	      0.0000

 Multi-block refs                 0
 Bytes From Memory	    91261312
 ( / Demand Fetches)	     15.8769
 Bytes To Memory	    58627392
 ( / Demand Writes)	     36.6480
 Total Bytes r/w Mem	   149888704
 ( / Demand Fetches)	     26.0764

---Execution complete.
