tracename parser_m2b
---Dinero IV cache simulator, version 7
---Written by Jan Edler and Mark D. Hill
---Copyright (C) 1997 NEC Research Institute, Inc. and Mark D. Hill.
---All rights reserved.
---Copyright (C) 1985, 1989 Mark D. Hill.  All rights reserved.
---See -copyright option for details

---Summary of options (-help option gives usage information).

-l2-usize 262144
-l3-usize 2097152
-l1-isize 32768
-l1-dsize 32768
-l2-ubsize 64
-l3-ubsize 64
-l1-ibsize 64
-l1-dbsize 64
-l2-usbsize 64
-l3-usbsize 64
-l1-isbsize 64
-l1-dsbsize 64
-l2-uassoc 8
-l3-uassoc 8
-l1-iassoc 8
-l1-dassoc 8
-l2-urepl l
-l3-urepl l
-l1-irepl l
-l1-drepl l
-l2-ufetch d
-l3-ufetch d
-l1-ifetch d
-l1-dfetch d
-l2-uwalloc a
-l3-uwalloc a
-l1-dwalloc a
-l2-uwback a
-l3-uwback a
-l1-dwback a
-skipcount 0
-flushcount 0
-maxcount 0
-stat-interval 0
-informat s
-on-trigger 0x0
-off-trigger 0x0

---Simulation begins.
---Simulation complete.
l1-icache
 Metrics		      Total	      Instrn	       Data	       Read	      Write	       Misc
 -----------------	      ------	      ------	      ------	      ------	      ------	      ------
 Demand Fetches		  1999999988	  1999999988	           0	           0	           0	           0
  Fraction of total	      1.0000	      1.0000	      0.0000	      0.0000	      0.0000	      0.0000

 Demand Misses		      173175	      173175	           0	           0	           0	           0
  Demand miss rate	      0.0001	      0.0001	      0.0000	      0.0000	      0.0000	      0.0000

 Multi-block refs                 0
 Bytes From Memory	    11083200
 ( / Demand Fetches)	      0.0055
 Bytes To Memory	           0
 ( / Demand Writes)	      0.0000
 Total Bytes r/w Mem	    11083200
 ( / Demand Fetches)	      0.0055

l1-dcache
 Metrics		      Total	      Instrn	       Data	       Read	      Write	       Misc
 -----------------	      ------	      ------	      ------	      ------	      ------	      ------
 Demand Fetches		   701379966	           0	   701379966	   551279642	   150100324	           0
  Fraction of total	      1.0000	      0.0000	      1.0000	      0.7860	      0.2140	      0.0000

 Demand Misses		    14850052	           0	    14850052	    13895898	      954154	           0
  Demand miss rate	      0.0212	      0.0000	      0.0212	      0.0252	      0.0064	      0.0000

 Multi-block refs            220627
 Bytes From Memory	   950403328
 ( / Demand Fetches)	      1.3550
 Bytes To Memory	   166360960
 ( / Demand Writes)	      1.1083
 Total Bytes r/w Mem	  1116764288
 ( / Demand Fetches)	      1.5922

l2-ucache
 Metrics		      Total	      Instrn	       Data	       Read	      Write	       Misc
 -----------------	      ------	      ------	      ------	      ------	      ------	      ------
 Demand Fetches		    17622617	      173175	    17449442	    14850052	     2599390	           0
  Fraction of total	      1.0000	      0.0098	      0.9902	      0.8427	      0.1475	      0.0000

 Demand Misses		     3958593	       33662	     3924931	     3922333	        2598	           0
  Demand miss rate	      0.2246	      0.1944	      0.2249	      0.2641	      0.0010	      0.0000

 Multi-block refs                 0
 Bytes From Memory	   253183680
 ( / Demand Fetches)	     14.3670
 Bytes To Memory	    96570112
 ( / Demand Writes)	     37.1511
 Total Bytes r/w Mem	   349753792
 ( / Demand Fetches)	     19.8469

l3-ucache
 Metrics		      Total	      Instrn	       Data	       Read	      Write	       Misc
 -----------------	      ------	      ------	      ------	      ------	      ------	      ------
 Demand Fetches		     5464903	       33662	     5431241	     3922333	     1508908	           0
  Fraction of total	      1.0000	      0.0062	      0.9938	      0.7177	      0.2761	      0.0000

 Demand Misses		     1300517	        5149	     1295368	     1295004	         364	           0
  Demand miss rate	      0.2380	      0.1530	      0.2385	      0.3302	      0.0002	      0.0000

 Multi-block refs                 0
 Bytes From Memory	    83209792
 ( / Demand Fetches)	     15.2262
 Bytes To Memory	    53091840
 ( / Demand Writes)	     35.1856
 Total Bytes r/w Mem	   136301632
 ( / Demand Fetches)	     24.9413

---Execution complete.
