tracename parser_m2b
---Dinero IV cache simulator, version 7
---Written by Jan Edler and Mark D. Hill
---Copyright (C) 1997 NEC Research Institute, Inc. and Mark D. Hill.
---All rights reserved.
---Copyright (C) 1985, 1989 Mark D. Hill.  All rights reserved.
---See -copyright option for details

---Summary of options (-help option gives usage information).

-l2-usize 262144
-l3-usize 2097152
-l1-isize 32768
-l1-dsize 32768
-l2-ubsize 64
-l3-ubsize 64
-l1-ibsize 64
-l1-dbsize 64
-l2-usbsize 64
-l3-usbsize 64
-l1-isbsize 64
-l1-dsbsize 64
-l2-uassoc 8
-l3-uassoc 8
-l1-iassoc 8
-l1-dassoc 8
-l2-urepl f
-l3-urepl f
-l1-irepl l
-l1-drepl f
-l2-ufetch d
-l3-ufetch d
-l1-ifetch d
-l1-dfetch d
-l2-uwalloc a
-l3-uwalloc a
-l1-dwalloc a
-l2-uwback a
-l3-uwback a
-l1-dwback a
-skipcount 0
-flushcount 0
-maxcount 0
-stat-interval 0
-informat s
-on-trigger 0x0
-off-trigger 0x0

---Simulation begins.
---Simulation complete.
l1-icache
 Metrics		      Total	      Instrn	       Data	       Read	      Write	       Misc
 -----------------	      ------	      ------	      ------	      ------	      ------	      ------
 Demand Fetches		  1999999988	  1999999988	           0	           0	           0	           0
  Fraction of total	      1.0000	      1.0000	      0.0000	      0.0000	      0.0000	      0.0000

 Demand Misses		      173175	      173175	           0	           0	           0	           0
  Demand miss rate	      0.0001	      0.0001	      0.0000	      0.0000	      0.0000	      0.0000

 Multi-block refs                 0
 Bytes From Memory	    11083200
 ( / Demand Fetches)	      0.0055
 Bytes To Memory	           0
 ( / Demand Writes)	      0.0000
 Total Bytes r/w Mem	    11083200
 ( / Demand Fetches)	      0.0055

l1-dcache
 Metrics		      Total	      Instrn	       Data	       Read	      Write	       Misc
 -----------------	      ------	      ------	      ------	      ------	      ------	      ------
 Demand Fetches		   701379966	           0	   701379966	   551279642	   150100324	           0
  Fraction of total	      1.0000	      0.0000	      1.0000	      0.7860	      0.2140	      0.0000

 Demand Misses		    16349649	           0	    16349649	    15308592	     1041057	           0
  Demand miss rate	      0.0233	      0.0000	      0.0233	      0.0278	      0.0069	      0.0000

 Multi-block refs            220627
 Bytes From Memory	  1046377536
 ( / Demand Fetches)	      1.4919
 Bytes To Memory	   199646720
 ( / Demand Writes)	      1.3301
 Total Bytes r/w Mem	  1246024256
 ( / Demand Fetches)	      1.7765

l2-ucache
 Metrics		      Total	      Instrn	       Data	       Read	      Write	       Misc
 -----------------	      ------	      ------	      ------	      ------	      ------	      ------
 Demand Fetches		    19642304	      173175	    19469129	    16349649	     3119480	           0
  Fraction of total	      1.0000	      0.0088	      0.9912	      0.8324	      0.1588	      0.0000

 Demand Misses		     4211357	       38479	     4172878	     4141741	       31137	           0
  Demand miss rate	      0.2144	      0.2222	      0.2143	      0.2533	      0.0100	      0.0000

 Multi-block refs                 0
 Bytes From Memory	   267534080
 ( / Demand Fetches)	     13.6203
 Bytes To Memory	   101309248
 ( / Demand Writes)	     32.4763
 Total Bytes r/w Mem	   368843328
 ( / Demand Fetches)	     18.7780

l3-ucache
 Metrics		      Total	      Instrn	       Data	       Read	      Write	       Misc
 -----------------	      ------	      ------	      ------	      ------	      ------	      ------
 Demand Fetches		     5763177	       38479	     5724698	     4141741	     1582957	           0
  Fraction of total	      1.0000	      0.0067	      0.9933	      0.7187	      0.2747	      0.0000

 Demand Misses		     1352249	        5036	     1347213	     1335602	       11611	           0
  Demand miss rate	      0.2346	      0.1309	      0.2353	      0.3225	      0.0073	      0.0000

 Multi-block refs                 0
 Bytes From Memory	    85800832
 ( / Demand Fetches)	     14.8878
 Bytes To Memory	    55220096
 ( / Demand Writes)	     34.8841
 Total Bytes r/w Mem	   141020928
 ( / Demand Fetches)	     24.4693

---Execution complete.
