tracename sixtrack_m2b
---Dinero IV cache simulator, version 7
---Written by Jan Edler and Mark D. Hill
---Copyright (C) 1997 NEC Research Institute, Inc. and Mark D. Hill.
---All rights reserved.
---Copyright (C) 1985, 1989 Mark D. Hill.  All rights reserved.
---See -copyright option for details

---Summary of options (-help option gives usage information).

-l2-usize 262144
-l3-usize 2097152
-l1-isize 32768
-l1-dsize 32768
-l2-ubsize 64
-l3-ubsize 64
-l1-ibsize 64
-l1-dbsize 64
-l2-usbsize 64
-l3-usbsize 64
-l1-isbsize 64
-l1-dsbsize 64
-l2-uassoc 8
-l3-uassoc 8
-l1-iassoc 8
-l1-dassoc 8
-l2-urepl 2
-l3-urepl 2
-l1-irepl l
-l1-drepl 2
-l2-ufetch d
-l3-ufetch d
-l1-ifetch d
-l1-dfetch d
-l2-uwalloc a
-l3-uwalloc a
-l1-dwalloc a
-l2-uwback a
-l3-uwback a
-l1-dwback a
-skipcount 0
-flushcount 0
-maxcount 0
-stat-interval 0
-informat s
-on-trigger 0x0
-off-trigger 0x0

---Simulation begins.
---Simulation complete.
l1-icache
 Metrics		      Total	      Instrn	       Data	       Read	      Write	       Misc
 -----------------	      ------	      ------	      ------	      ------	      ------	      ------
 Demand Fetches		  1999999931	  1999999931	           0	           0	           0	           0
  Fraction of total	      1.0000	      1.0000	      0.0000	      0.0000	      0.0000	      0.0000

 Demand Misses		         751	         751	           0	           0	           0	           0
  Demand miss rate	      0.0000	      0.0000	      0.0000	      0.0000	      0.0000	      0.0000

 Multi-block refs                 0
 Bytes From Memory	       48064
 ( / Demand Fetches)	      0.0000
 Bytes To Memory	           0
 ( / Demand Writes)	      0.0000
 Total Bytes r/w Mem	       48064
 ( / Demand Fetches)	      0.0000

l1-dcache
 Metrics		      Total	      Instrn	       Data	       Read	      Write	       Misc
 -----------------	      ------	      ------	      ------	      ------	      ------	      ------
 Demand Fetches		   493776813	           0	   493776813	   387265028	   106511785	           0
  Fraction of total	      1.0000	      0.0000	      1.0000	      0.7843	      0.2157	      0.0000

 Demand Misses		     1121761	           0	     1121761	     1111030	       10731	           0
  Demand miss rate	      0.0023	      0.0000	      0.0023	      0.0029	      0.0001	      0.0000

 Multi-block refs                 0
 Bytes From Memory	    71792704
 ( / Demand Fetches)	      0.1454
 Bytes To Memory	     1385984
 ( / Demand Writes)	      0.0130
 Total Bytes r/w Mem	    73178688
 ( / Demand Fetches)	      0.1482

l2-ucache
 Metrics		      Total	      Instrn	       Data	       Read	      Write	       Misc
 -----------------	      ------	      ------	      ------	      ------	      ------	      ------
 Demand Fetches		     1144168	         751	     1143417	     1121761	       21656	           0
  Fraction of total	      1.0000	      0.0007	      0.9993	      0.9804	      0.0189	      0.0000

 Demand Misses		     1077444	         748	     1076696	     1071413	        5283	           0
  Demand miss rate	      0.9417	      0.9960	      0.9416	      0.9551	      0.2440	      0.0000

 Multi-block refs                 0
 Bytes From Memory	    68618304
 ( / Demand Fetches)	     59.9722
 Bytes To Memory	      466176
 ( / Demand Writes)	     21.5264
 Total Bytes r/w Mem	    69084480
 ( / Demand Fetches)	     60.3797

l3-ucache
 Metrics		      Total	      Instrn	       Data	       Read	      Write	       Misc
 -----------------	      ------	      ------	      ------	      ------	      ------	      ------
 Demand Fetches		     1079445	         748	     1078697	     1071413	        7284	           0
  Fraction of total	      1.0000	      0.0007	      0.9993	      0.9926	      0.0067	      0.0000

 Demand Misses		       59889	         415	       59474	       59326	         148	           0
  Demand miss rate	      0.0555	      0.5548	      0.0551	      0.0554	      0.0203	      0.0000

 Multi-block refs                 0
 Bytes From Memory	     3823424
 ( / Demand Fetches)	      3.5420
 Bytes To Memory	       21312
 ( / Demand Writes)	      2.9259
 Total Bytes r/w Mem	     3844736
 ( / Demand Fetches)	      3.5618

---Execution complete.
