tracename eon_m2b
---Dinero IV cache simulator, version 7
---Written by Jan Edler and Mark D. Hill
---Copyright (C) 1997 NEC Research Institute, Inc. and Mark D. Hill.
---All rights reserved.
---Copyright (C) 1985, 1989 Mark D. Hill.  All rights reserved.
---See -copyright option for details

---Summary of options (-help option gives usage information).

-l2-usize 262144
-l3-usize 2097152
-l1-isize 32768
-l1-dsize 32768
-l2-ubsize 64
-l3-ubsize 64
-l1-ibsize 64
-l1-dbsize 64
-l2-usbsize 64
-l3-usbsize 64
-l1-isbsize 64
-l1-dsbsize 64
-l2-uassoc 8
-l3-uassoc 8
-l1-iassoc 8
-l1-dassoc 8
-l2-urepl 2
-l3-urepl 2
-l1-irepl l
-l1-drepl 2
-l2-ufetch d
-l3-ufetch d
-l1-ifetch d
-l1-dfetch d
-l2-uwalloc a
-l3-uwalloc a
-l1-dwalloc a
-l2-uwback a
-l3-uwback a
-l1-dwback a
-skipcount 0
-flushcount 0
-maxcount 0
-stat-interval 0
-informat s
-on-trigger 0x0
-off-trigger 0x0

---Simulation begins.
---Simulation complete.
l1-icache
 Metrics		      Total	      Instrn	       Data	       Read	      Write	       Misc
 -----------------	      ------	      ------	      ------	      ------	      ------	      ------
 Demand Fetches		  1999999960	  1999999960	           0	           0	           0	           0
  Fraction of total	      1.0000	      1.0000	      0.0000	      0.0000	      0.0000	      0.0000

 Demand Misses		     1018843	     1018843	           0	           0	           0	           0
  Demand miss rate	      0.0005	      0.0005	      0.0000	      0.0000	      0.0000	      0.0000

 Multi-block refs                 0
 Bytes From Memory	    65205952
 ( / Demand Fetches)	      0.0326
 Bytes To Memory	           0
 ( / Demand Writes)	      0.0000
 Total Bytes r/w Mem	    65205952
 ( / Demand Fetches)	      0.0326

l1-dcache
 Metrics		      Total	      Instrn	       Data	       Read	      Write	       Misc
 -----------------	      ------	      ------	      ------	      ------	      ------	      ------
 Demand Fetches		   971571322	           0	   971571322	   586745187	   384826135	           0
  Fraction of total	      1.0000	      0.0000	      1.0000	      0.6039	      0.3961	      0.0000

 Demand Misses		     1085061	           0	     1085061	      862357	      222704	           0
  Demand miss rate	      0.0011	      0.0000	      0.0011	      0.0015	      0.0006	      0.0000

 Multi-block refs                 0
 Bytes From Memory	    69443904
 ( / Demand Fetches)	      0.0715
 Bytes To Memory	    23492288
 ( / Demand Writes)	      0.0610
 Total Bytes r/w Mem	    92936192
 ( / Demand Fetches)	      0.0957

l2-ucache
 Metrics		      Total	      Instrn	       Data	       Read	      Write	       Misc
 -----------------	      ------	      ------	      ------	      ------	      ------	      ------
 Demand Fetches		     2470971	     1018843	     1452128	     1085061	      367067	           0
  Fraction of total	      1.0000	      0.4123	      0.5877	      0.4391	      0.1486	      0.0000

 Demand Misses		        1566	         461	        1105	        1105	           0	           0
  Demand miss rate	      0.0006	      0.0005	      0.0008	      0.0010	      0.0000	      0.0000

 Multi-block refs                 0
 Bytes From Memory	      100224
 ( / Demand Fetches)	      0.0406
 Bytes To Memory	       42944
 ( / Demand Writes)	      0.1170
 Total Bytes r/w Mem	      143168
 ( / Demand Fetches)	      0.0579

l3-ucache
 Metrics		      Total	      Instrn	       Data	       Read	      Write	       Misc
 -----------------	      ------	      ------	      ------	      ------	      ------	      ------
 Demand Fetches		        2237	         461	        1776	        1105	         671	           0
  Fraction of total	      1.0000	      0.2061	      0.7939	      0.4940	      0.3000	      0.0000

 Demand Misses		        1566	         461	        1105	        1105	           0	           0
  Demand miss rate	      0.7000	      1.0000	      0.6222	      1.0000	      0.0000	      0.0000

 Multi-block refs                 0
 Bytes From Memory	      100224
 ( / Demand Fetches)	     44.8029
 Bytes To Memory	       42944
 ( / Demand Writes)	     64.0000
 Total Bytes r/w Mem	      143168
 ( / Demand Fetches)	     64.0000

---Execution complete.
