tracename twolf_m2b
---Dinero IV cache simulator, version 7
---Written by Jan Edler and Mark D. Hill
---Copyright (C) 1997 NEC Research Institute, Inc. and Mark D. Hill.
---All rights reserved.
---Copyright (C) 1985, 1989 Mark D. Hill.  All rights reserved.
---See -copyright option for details

---Summary of options (-help option gives usage information).

-l2-usize 262144
-l3-usize 2097152
-l1-isize 32768
-l1-dsize 32768
-l2-ubsize 64
-l3-ubsize 64
-l1-ibsize 64
-l1-dbsize 64
-l2-usbsize 64
-l3-usbsize 64
-l1-isbsize 64
-l1-dsbsize 64
-l2-uassoc 8
-l3-uassoc 8
-l1-iassoc 8
-l1-dassoc 8
-l2-urepl r
-l3-urepl r
-l1-irepl l
-l1-drepl r
-l2-ufetch d
-l3-ufetch d
-l1-ifetch d
-l1-dfetch d
-l2-uwalloc a
-l3-uwalloc a
-l1-dwalloc a
-l2-uwback a
-l3-uwback a
-l1-dwback a
-skipcount 0
-flushcount 0
-maxcount 0
-stat-interval 0
-informat s
-on-trigger 0x0
-off-trigger 0x0

---Simulation begins.
---Simulation complete.
l1-icache
 Metrics		      Total	      Instrn	       Data	       Read	      Write	       Misc
 -----------------	      ------	      ------	      ------	      ------	      ------	      ------
 Demand Fetches		  1999999962	  1999999962	           0	           0	           0	           0
  Fraction of total	      1.0000	      1.0000	      0.0000	      0.0000	      0.0000	      0.0000

 Demand Misses		         864	         864	           0	           0	           0	           0
  Demand miss rate	      0.0000	      0.0000	      0.0000	      0.0000	      0.0000	      0.0000

 Multi-block refs                 0
 Bytes From Memory	       55296
 ( / Demand Fetches)	      0.0000
 Bytes To Memory	           0
 ( / Demand Writes)	      0.0000
 Total Bytes r/w Mem	       55296
 ( / Demand Fetches)	      0.0000

l1-dcache
 Metrics		      Total	      Instrn	       Data	       Read	      Write	       Misc
 -----------------	      ------	      ------	      ------	      ------	      ------	      ------
 Demand Fetches		   659937722	           0	   659937722	   520274780	   139662942	           0
  Fraction of total	      1.0000	      0.0000	      1.0000	      0.7884	      0.2116	      0.0000

 Demand Misses		    47149796	           0	    47149796	    39029722	     8120074	           0
  Demand miss rate	      0.0714	      0.0000	      0.0714	      0.0750	      0.0581	      0.0000

 Multi-block refs              2707
 Bytes From Memory	  3017586944
 ( / Demand Fetches)	      4.5725
 Bytes To Memory	  1056266240
 ( / Demand Writes)	      7.5630
 Total Bytes r/w Mem	  4073853184
 ( / Demand Fetches)	      6.1731

l2-ucache
 Metrics		      Total	      Instrn	       Data	       Read	      Write	       Misc
 -----------------	      ------	      ------	      ------	      ------	      ------	      ------
 Demand Fetches		    63654820	         864	    63653956	    47149796	    16504160	           0
  Fraction of total	      1.0000	      0.0000	      1.0000	      0.7407	      0.2593	      0.0000

 Demand Misses		    30256920	         864	    30256056	    28991258	     1264798	           0
  Demand miss rate	      0.4753	      1.0000	      0.4753	      0.6149	      0.0766	      0.0000

 Multi-block refs                 0
 Bytes From Memory	  1855495808
 ( / Demand Fetches)	     29.1493
 Bytes To Memory	   725545728
 ( / Demand Writes)	     43.9614
 Total Bytes r/w Mem	  2581041536
 ( / Demand Fetches)	     40.5475

l3-ucache
 Metrics		      Total	      Instrn	       Data	       Read	      Write	       Misc
 -----------------	      ------	      ------	      ------	      ------	      ------	      ------
 Demand Fetches		    40328774	         864	    40327910	    28991258	    11336652	           0
  Fraction of total	      1.0000	      0.0000	      1.0000	      0.7189	      0.2811	      0.0000

 Demand Misses		       26221	         699	       25522	       25510	          12	           0
  Demand miss rate	      0.0007	      0.8090	      0.0006	      0.0009	      0.0000	      0.0000

 Multi-block refs                 0
 Bytes From Memory	     1677376
 ( / Demand Fetches)	      0.0416
 Bytes To Memory	     1492928
 ( / Demand Writes)	      0.1317
 Total Bytes r/w Mem	     3170304
 ( / Demand Fetches)	      0.0786

---Execution complete.
