tracename twolf_m2b
---Dinero IV cache simulator, version 7
---Written by Jan Edler and Mark D. Hill
---Copyright (C) 1997 NEC Research Institute, Inc. and Mark D. Hill.
---All rights reserved.
---Copyright (C) 1985, 1989 Mark D. Hill.  All rights reserved.
---See -copyright option for details

---Summary of options (-help option gives usage information).

-l2-usize 262144
-l3-usize 2097152
-l1-isize 32768
-l1-dsize 32768
-l2-ubsize 64
-l3-ubsize 64
-l1-ibsize 64
-l1-dbsize 64
-l2-usbsize 64
-l3-usbsize 64
-l1-isbsize 64
-l1-dsbsize 64
-l2-uassoc 8
-l3-uassoc 8
-l1-iassoc 8
-l1-dassoc 8
-l2-urepl l
-l3-urepl l
-l1-irepl l
-l1-drepl l
-l2-ufetch d
-l3-ufetch d
-l1-ifetch d
-l1-dfetch d
-l2-uwalloc a
-l3-uwalloc a
-l1-dwalloc a
-l2-uwback a
-l3-uwback a
-l1-dwback a
-skipcount 0
-flushcount 0
-maxcount 0
-stat-interval 0
-informat s
-on-trigger 0x0
-off-trigger 0x0

---Simulation begins.
---Simulation complete.
l1-icache
 Metrics		      Total	      Instrn	       Data	       Read	      Write	       Misc
 -----------------	      ------	      ------	      ------	      ------	      ------	      ------
 Demand Fetches		  1999999962	  1999999962	           0	           0	           0	           0
  Fraction of total	      1.0000	      1.0000	      0.0000	      0.0000	      0.0000	      0.0000

 Demand Misses		         864	         864	           0	           0	           0	           0
  Demand miss rate	      0.0000	      0.0000	      0.0000	      0.0000	      0.0000	      0.0000

 Multi-block refs                 0
 Bytes From Memory	       55296
 ( / Demand Fetches)	      0.0000
 Bytes To Memory	           0
 ( / Demand Writes)	      0.0000
 Total Bytes r/w Mem	       55296
 ( / Demand Fetches)	      0.0000

l1-dcache
 Metrics		      Total	      Instrn	       Data	       Read	      Write	       Misc
 -----------------	      ------	      ------	      ------	      ------	      ------	      ------
 Demand Fetches		   659937722	           0	   659937722	   520274780	   139662942	           0
  Fraction of total	      1.0000	      0.0000	      1.0000	      0.7884	      0.2116	      0.0000

 Demand Misses		    41612056	           0	    41612056	    34250808	     7361248	           0
  Demand miss rate	      0.0631	      0.0000	      0.0631	      0.0658	      0.0527	      0.0000

 Multi-block refs              2707
 Bytes From Memory	  2663171584
 ( / Demand Fetches)	      4.0355
 Bytes To Memory	   926623808
 ( / Demand Writes)	      6.6347
 Total Bytes r/w Mem	  3589795392
 ( / Demand Fetches)	      5.4396

l2-ucache
 Metrics		      Total	      Instrn	       Data	       Read	      Write	       Misc
 -----------------	      ------	      ------	      ------	      ------	      ------	      ------
 Demand Fetches		    56091417	         864	    56090553	    41612056	    14478497	           0
  Fraction of total	      1.0000	      0.0000	      1.0000	      0.7419	      0.2581	      0.0000

 Demand Misses		    27550007	         864	    27549143	    27540567	        8576	           0
  Demand miss rate	      0.4912	      1.0000	      0.4912	      0.6618	      0.0006	      0.0000

 Multi-block refs                 0
 Bytes From Memory	  1762651584
 ( / Demand Fetches)	     31.4246
 Bytes To Memory	   676009152
 ( / Demand Writes)	     46.6906
 Total Bytes r/w Mem	  2438660736
 ( / Demand Fetches)	     43.4765

l3-ucache
 Metrics		      Total	      Instrn	       Data	       Read	      Write	       Misc
 -----------------	      ------	      ------	      ------	      ------	      ------	      ------
 Demand Fetches		    38104074	         864	    38103210	    27540567	    10562643	           0
  Fraction of total	      1.0000	      0.0000	      1.0000	      0.7228	      0.2772	      0.0000

 Demand Misses		       26159	         711	       25448	       25448	           0	           0
  Demand miss rate	      0.0007	      0.8229	      0.0007	      0.0009	      0.0000	      0.0000

 Multi-block refs                 0
 Bytes From Memory	     1674176
 ( / Demand Fetches)	      0.0439
 Bytes To Memory	     1489920
 ( / Demand Writes)	      0.1411
 Total Bytes r/w Mem	     3164096
 ( / Demand Fetches)	      0.0830

---Execution complete.
