tracename apsi_m2b
---Dinero IV cache simulator, version 7
---Written by Jan Edler and Mark D. Hill
---Copyright (C) 1997 NEC Research Institute, Inc. and Mark D. Hill.
---All rights reserved.
---Copyright (C) 1985, 1989 Mark D. Hill.  All rights reserved.
---See -copyright option for details

---Summary of options (-help option gives usage information).

-l2-usize 262144
-l3-usize 2097152
-l1-isize 32768
-l1-dsize 32768
-l2-ubsize 64
-l3-ubsize 64
-l1-ibsize 64
-l1-dbsize 64
-l2-usbsize 64
-l3-usbsize 64
-l1-isbsize 64
-l1-dsbsize 64
-l2-uassoc 8
-l3-uassoc 8
-l1-iassoc 8
-l1-dassoc 8
-l2-urepl l
-l3-urepl l
-l1-irepl l
-l1-drepl l
-l2-ufetch d
-l3-ufetch d
-l1-ifetch d
-l1-dfetch d
-l2-uwalloc a
-l3-uwalloc a
-l1-dwalloc a
-l2-uwback a
-l3-uwback a
-l1-dwback a
-skipcount 0
-flushcount 0
-maxcount 0
-stat-interval 0
-informat s
-on-trigger 0x0
-off-trigger 0x0

---Simulation begins.
---Simulation complete.
l1-icache
 Metrics		      Total	      Instrn	       Data	       Read	      Write	       Misc
 -----------------	      ------	      ------	      ------	      ------	      ------	      ------
 Demand Fetches		  1999999918	  1999999918	           0	           0	           0	           0
  Fraction of total	      1.0000	      1.0000	      0.0000	      0.0000	      0.0000	      0.0000

 Demand Misses		     1899151	     1899151	           0	           0	           0	           0
  Demand miss rate	      0.0009	      0.0009	      0.0000	      0.0000	      0.0000	      0.0000

 Multi-block refs                 0
 Bytes From Memory	   121545664
 ( / Demand Fetches)	      0.0608
 Bytes To Memory	           0
 ( / Demand Writes)	      0.0000
 Total Bytes r/w Mem	   121545664
 ( / Demand Fetches)	      0.0608

l1-dcache
 Metrics		      Total	      Instrn	       Data	       Read	      Write	       Misc
 -----------------	      ------	      ------	      ------	      ------	      ------	      ------
 Demand Fetches		   745791176	           0	   745791176	   481301260	   264489916	           0
  Fraction of total	      1.0000	      0.0000	      1.0000	      0.6454	      0.3546	      0.0000

 Demand Misses		    22642713	           0	    22642713	    15032491	     7610222	           0
  Demand miss rate	      0.0304	      0.0000	      0.0304	      0.0312	      0.0288	      0.0000

 Multi-block refs                 0
 Bytes From Memory	  1449133632
 ( / Demand Fetches)	      1.9431
 Bytes To Memory	   682811200
 ( / Demand Writes)	      2.5816
 Total Bytes r/w Mem	  2131944832
 ( / Demand Fetches)	      2.8586

l2-ucache
 Metrics		      Total	      Instrn	       Data	       Read	      Write	       Misc
 -----------------	      ------	      ------	      ------	      ------	      ------	      ------
 Demand Fetches		    35210789	     1899151	    33311638	    22642713	    10668925	           0
  Fraction of total	      1.0000	      0.0539	      0.9461	      0.6431	      0.3030	      0.0000

 Demand Misses		    15924556	       18132	    15906424	    15901146	        5278	           0
  Demand miss rate	      0.4523	      0.0095	      0.4775	      0.7023	      0.0005	      0.0000

 Multi-block refs                 0
 Bytes From Memory	  1018833792
 ( / Demand Fetches)	     28.9353
 Bytes To Memory	   504590656
 ( / Demand Writes)	     47.2954
 Total Bytes r/w Mem	  1523424448
 ( / Demand Fetches)	     43.2658

l3-ucache
 Metrics		      Total	      Instrn	       Data	       Read	      Write	       Misc
 -----------------	      ------	      ------	      ------	      ------	      ------	      ------
 Demand Fetches		    23803507	       18132	    23785375	    15901146	     7884229	           0
  Fraction of total	      1.0000	      0.0008	      0.9992	      0.6680	      0.3312	      0.0000

 Demand Misses		     6178016	        2058	     6175958	     6175627	         331	           0
  Demand miss rate	      0.2595	      0.1135	      0.2597	      0.3884	      0.0000	      0.0000

 Multi-block refs                 0
 Bytes From Memory	   395371840
 ( / Demand Fetches)	     16.6098
 Bytes To Memory	   220541568
 ( / Demand Writes)	     27.9725
 Total Bytes r/w Mem	   615913408
 ( / Demand Fetches)	     25.8749

---Execution complete.
