tracename wupwise_m2b
---Dinero IV cache simulator, version 7
---Written by Jan Edler and Mark D. Hill
---Copyright (C) 1997 NEC Research Institute, Inc. and Mark D. Hill.
---All rights reserved.
---Copyright (C) 1985, 1989 Mark D. Hill.  All rights reserved.
---See -copyright option for details

---Summary of options (-help option gives usage information).

-l1-dsize 8388608
-l1-dbsize 64
-l1-dsbsize 64
-l1-dassoc 4
-l1-drepl 2
-l1-dfetch d
-l1-dwalloc a
-l1-dwback a
-skipcount 0
-flushcount 0
-maxcount 0
-stat-interval 0
-informat s
-on-trigger 0x0
-off-trigger 0x0

---Simulation begins.
---Simulation complete.
l1-dcache
 Metrics		      Total	      Instrn	       Data	       Read	      Write	       Misc
 -----------------	      ------	      ------	      ------	      ------	      ------	      ------
 Demand Fetches		   619232456	           0	   619232456	   461175987	   158056469	           0
  Fraction of total	      1.0000	      0.0000	      1.0000	      0.7448	      0.2552	      0.0000

 Demand Misses		     6589716	           0	     6589716	     5831951	      757765	           0
  Demand miss rate	      0.0106	      0.0000	      0.0106	      0.0126	      0.0048	      0.0000

 Multi-block refs                 0
 Bytes From Memory	   421741824
 ( / Demand Fetches)	      0.6811
 Bytes To Memory	    92738752
 ( / Demand Writes)	      0.5867
 Total Bytes r/w Mem	   514480576
 ( / Demand Fetches)	      0.8308

---Execution complete.
