tracename swim_m2b
---Dinero IV cache simulator, version 7
---Written by Jan Edler and Mark D. Hill
---Copyright (C) 1997 NEC Research Institute, Inc. and Mark D. Hill.
---All rights reserved.
---Copyright (C) 1985, 1989 Mark D. Hill.  All rights reserved.
---See -copyright option for details

---Summary of options (-help option gives usage information).

-l1-dsize 16777216
-l1-dbsize 64
-l1-dsbsize 64
-l1-dassoc 64
-l1-drepl 2
-l1-dfetch d
-l1-dwalloc a
-l1-dwback a
-skipcount 0
-flushcount 0
-maxcount 0
-stat-interval 0
-informat s
-on-trigger 0x0
-off-trigger 0x0

---Simulation begins.
---Simulation complete.
l1-dcache
 Metrics		      Total	      Instrn	       Data	       Read	      Write	       Misc
 -----------------	      ------	      ------	      ------	      ------	      ------	      ------
 Demand Fetches		   657118991	           0	   657118991	   485352067	   171766924	           0
  Fraction of total	      1.0000	      0.0000	      1.0000	      0.7386	      0.2614	      0.0000

 Demand Misses		    45439611	           0	    45439611	    34186275	    11253336	           0
  Demand miss rate	      0.0691	      0.0000	      0.0691	      0.0704	      0.0655	      0.0000

 Multi-block refs                 0
 Bytes From Memory	  2908135104
 ( / Demand Fetches)	      4.4256
 Bytes To Memory	  1323508544
 ( / Demand Writes)	      7.7053
 Total Bytes r/w Mem	  4231643648
 ( / Demand Fetches)	      6.4397

---Execution complete.
