tracename swim_m2b
---Dinero IV cache simulator, version 7
---Written by Jan Edler and Mark D. Hill
---Copyright (C) 1997 NEC Research Institute, Inc. and Mark D. Hill.
---All rights reserved.
---Copyright (C) 1985, 1989 Mark D. Hill.  All rights reserved.
---See -copyright option for details

---Summary of options (-help option gives usage information).

-l1-dsize 65536
-l1-dbsize 64
-l1-dsbsize 64
-l1-dassoc 64
-l1-drepl 2
-l1-dfetch d
-l1-dwalloc a
-l1-dwback a
-skipcount 0
-flushcount 0
-maxcount 0
-stat-interval 0
-informat s
-on-trigger 0x0
-off-trigger 0x0

---Simulation begins.
---Simulation complete.
l1-dcache
 Metrics		      Total	      Instrn	       Data	       Read	      Write	       Misc
 -----------------	      ------	      ------	      ------	      ------	      ------	      ------
 Demand Fetches		   657118991	           0	   657118991	   485352067	   171766924	           0
  Fraction of total	      1.0000	      0.0000	      1.0000	      0.7386	      0.2614	      0.0000

 Demand Misses		    56063458	           0	    56063458	    44785501	    11277957	           0
  Demand miss rate	      0.0853	      0.0000	      0.0853	      0.0923	      0.0657	      0.0000

 Multi-block refs                 0
 Bytes From Memory	  3588061312
 ( / Demand Fetches)	      5.4603
 Bytes To Memory	  1325327232
 ( / Demand Writes)	      7.7158
 Total Bytes r/w Mem	  4913388544
 ( / Demand Fetches)	      7.4772

---Execution complete.
