tracename mgrid_m2b
---Dinero IV cache simulator, version 7
---Written by Jan Edler and Mark D. Hill
---Copyright (C) 1997 NEC Research Institute, Inc. and Mark D. Hill.
---All rights reserved.
---Copyright (C) 1985, 1989 Mark D. Hill.  All rights reserved.
---See -copyright option for details

---Summary of options (-help option gives usage information).

-l1-dsize 4194304
-l1-dbsize 64
-l1-dsbsize 64
-l1-dassoc 64
-l1-drepl 2
-l1-dfetch d
-l1-dwalloc a
-l1-dwback a
-skipcount 0
-flushcount 0
-maxcount 0
-stat-interval 0
-informat s
-on-trigger 0x0
-off-trigger 0x0

---Simulation begins.
---Simulation complete.
l1-dcache
 Metrics		      Total	      Instrn	       Data	       Read	      Write	       Misc
 -----------------	      ------	      ------	      ------	      ------	      ------	      ------
 Demand Fetches		   728528595	           0	   728528595	   625264935	   103263660	           0
  Fraction of total	      1.0000	      0.0000	      1.0000	      0.8583	      0.1417	      0.0000

 Demand Misses		    15157558	           0	    15157558	    11825693	     3331865	           0
  Demand miss rate	      0.0208	      0.0000	      0.0208	      0.0189	      0.0323	      0.0000

 Multi-block refs                 0
 Bytes From Memory	   970083712
 ( / Demand Fetches)	      1.3316
 Bytes To Memory	   423242368
 ( / Demand Writes)	      4.0987
 Total Bytes r/w Mem	  1393326080
 ( / Demand Fetches)	      1.9125

---Execution complete.
