tracename mgrid_m2b
---Dinero IV cache simulator, version 7
---Written by Jan Edler and Mark D. Hill
---Copyright (C) 1997 NEC Research Institute, Inc. and Mark D. Hill.
---All rights reserved.
---Copyright (C) 1985, 1989 Mark D. Hill.  All rights reserved.
---See -copyright option for details

---Summary of options (-help option gives usage information).

-l1-dsize 65536
-l1-dbsize 64
-l1-dsbsize 64
-l1-dassoc 4
-l1-drepl l
-l1-dfetch d
-l1-dwalloc a
-l1-dwback a
-skipcount 0
-flushcount 0
-maxcount 0
-stat-interval 0
-informat s
-on-trigger 0x0
-off-trigger 0x0

---Simulation begins.
---Simulation complete.
l1-dcache
 Metrics		      Total	      Instrn	       Data	       Read	      Write	       Misc
 -----------------	      ------	      ------	      ------	      ------	      ------	      ------
 Demand Fetches		   728528595	           0	   728528595	   625264935	   103263660	           0
  Fraction of total	      1.0000	      0.0000	      1.0000	      0.8583	      0.1417	      0.0000

 Demand Misses		    25118085	           0	    25118085	    21763330	     3354755	           0
  Demand miss rate	      0.0345	      0.0000	      0.0345	      0.0348	      0.0325	      0.0000

 Multi-block refs                 0
 Bytes From Memory	  1607557440
 ( / Demand Fetches)	      2.2066
 Bytes To Memory	   448286400
 ( / Demand Writes)	      4.3412
 Total Bytes r/w Mem	  2055843840
 ( / Demand Fetches)	      2.8219

---Execution complete.
