tracename applu_m2b
---Dinero IV cache simulator, version 7
---Written by Jan Edler and Mark D. Hill
---Copyright (C) 1997 NEC Research Institute, Inc. and Mark D. Hill.
---All rights reserved.
---Copyright (C) 1985, 1989 Mark D. Hill.  All rights reserved.
---See -copyright option for details

---Summary of options (-help option gives usage information).

-l1-dsize 65536
-l1-dbsize 64
-l1-dsbsize 64
-l1-dassoc 64
-l1-drepl 2
-l1-dfetch d
-l1-dwalloc a
-l1-dwback a
-skipcount 0
-flushcount 0
-maxcount 0
-stat-interval 0
-informat s
-on-trigger 0x0
-off-trigger 0x0

---Simulation begins.
---Simulation complete.
l1-dcache
 Metrics		      Total	      Instrn	       Data	       Read	      Write	       Misc
 -----------------	      ------	      ------	      ------	      ------	      ------	      ------
 Demand Fetches		   764034126	           0	   764034126	   538143526	   225890600	           0
  Fraction of total	      1.0000	      0.0000	      1.0000	      0.7043	      0.2957	      0.0000

 Demand Misses		    42863006	           0	    42863006	    29455205	    13407801	           0
  Demand miss rate	      0.0561	      0.0000	      0.0561	      0.0547	      0.0594	      0.0000

 Multi-block refs                 0
 Bytes From Memory	  2743232384
 ( / Demand Fetches)	      3.5905
 Bytes To Memory	  1206353856
 ( / Demand Writes)	      5.3404
 Total Bytes r/w Mem	  3949586240
 ( / Demand Fetches)	      5.1694

---Execution complete.
