tracename gcc_m2b
---Dinero IV cache simulator, version 7
---Written by Jan Edler and Mark D. Hill
---Copyright (C) 1997 NEC Research Institute, Inc. and Mark D. Hill.
---All rights reserved.
---Copyright (C) 1985, 1989 Mark D. Hill.  All rights reserved.
---See -copyright option for details

---Summary of options (-help option gives usage information).

-l1-dsize 65536
-l1-dbsize 64
-l1-dsbsize 64
-l1-dassoc 64
-l1-drepl l
-l1-dfetch d
-l1-dwalloc a
-l1-dwback a
-skipcount 0
-flushcount 0
-maxcount 0
-stat-interval 0
-informat s
-on-trigger 0x0
-off-trigger 0x0

---Simulation begins.
---Simulation complete.
l1-dcache
 Metrics		      Total	      Instrn	       Data	       Read	      Write	       Misc
 -----------------	      ------	      ------	      ------	      ------	      ------	      ------
 Demand Fetches		  1042289053	           0	  1042289053	   755199682	   287089371	           0
  Fraction of total	      1.0000	      0.0000	      1.0000	      0.7246	      0.2754	      0.0000

 Demand Misses		    27893522	           0	    27893522	     4720011	    23173511	           0
  Demand miss rate	      0.0268	      0.0000	      0.0268	      0.0063	      0.0807	      0.0000

 Multi-block refs            373959
 Bytes From Memory	  1785185408
 ( / Demand Fetches)	      1.7128
 Bytes To Memory	  1512361024
 ( / Demand Writes)	      5.2679
 Total Bytes r/w Mem	  3297546432
 ( / Demand Fetches)	      3.1638

---Execution complete.
