tracename mesa_m2b
---Dinero IV cache simulator, version 7
---Written by Jan Edler and Mark D. Hill
---Copyright (C) 1997 NEC Research Institute, Inc. and Mark D. Hill.
---All rights reserved.
---Copyright (C) 1985, 1989 Mark D. Hill.  All rights reserved.
---See -copyright option for details

---Summary of options (-help option gives usage information).

-l1-dsize 8388608
-l1-dbsize 64
-l1-dsbsize 64
-l1-dassoc 4
-l1-drepl 2
-l1-dfetch d
-l1-dwalloc a
-l1-dwback a
-skipcount 0
-flushcount 0
-maxcount 0
-stat-interval 0
-informat s
-on-trigger 0x0
-off-trigger 0x0

---Simulation begins.
---Simulation complete.
l1-dcache
 Metrics		      Total	      Instrn	       Data	       Read	      Write	       Misc
 -----------------	      ------	      ------	      ------	      ------	      ------	      ------
 Demand Fetches		   765306029	           0	   765306029	   535332120	   229973909	           0
  Fraction of total	      1.0000	      0.0000	      1.0000	      0.6995	      0.3005	      0.0000

 Demand Misses		      290221	           0	      290221	      176344	      113877	           0
  Demand miss rate	      0.0004	      0.0000	      0.0004	      0.0003	      0.0005	      0.0000

 Multi-block refs           3452582
 Bytes From Memory	    18574144
 ( / Demand Fetches)	      0.0243
 Bytes To Memory	    15783616
 ( / Demand Writes)	      0.0686
 Total Bytes r/w Mem	    34357760
 ( / Demand Fetches)	      0.0449

---Execution complete.
