tracename galgel_m2b
---Dinero IV cache simulator, version 7
---Written by Jan Edler and Mark D. Hill
---Copyright (C) 1997 NEC Research Institute, Inc. and Mark D. Hill.
---All rights reserved.
---Copyright (C) 1985, 1989 Mark D. Hill.  All rights reserved.
---See -copyright option for details

---Summary of options (-help option gives usage information).

-l1-dsize 1048576
-l1-dbsize 64
-l1-dsbsize 64
-l1-dassoc 4
-l1-drepl l
-l1-dfetch d
-l1-dwalloc a
-l1-dwback a
-skipcount 0
-flushcount 0
-maxcount 0
-stat-interval 0
-informat s
-on-trigger 0x0
-off-trigger 0x0

---Simulation begins.
---Simulation complete.
l1-dcache
 Metrics		      Total	      Instrn	       Data	       Read	      Write	       Misc
 -----------------	      ------	      ------	      ------	      ------	      ------	      ------
 Demand Fetches		   825305552	           0	   825305552	   704964531	   120341021	           0
  Fraction of total	      1.0000	      0.0000	      1.0000	      0.8542	      0.1458	      0.0000

 Demand Misses		     8895257	           0	     8895257	     5548198	     3347059	           0
  Demand miss rate	      0.0108	      0.0000	      0.0108	      0.0079	      0.0278	      0.0000

 Multi-block refs                 0
 Bytes From Memory	   569296448
 ( / Demand Fetches)	      0.6898
 Bytes To Memory	   318085952
 ( / Demand Writes)	      2.6432
 Total Bytes r/w Mem	   887382400
 ( / Demand Fetches)	      1.0752

---Execution complete.
