tracename galgel_m2b
---Dinero IV cache simulator, version 7
---Written by Jan Edler and Mark D. Hill
---Copyright (C) 1997 NEC Research Institute, Inc. and Mark D. Hill.
---All rights reserved.
---Copyright (C) 1985, 1989 Mark D. Hill.  All rights reserved.
---See -copyright option for details

---Summary of options (-help option gives usage information).

-l1-dsize 524288
-l1-dbsize 64
-l1-dsbsize 64
-l1-dassoc 64
-l1-drepl 2
-l1-dfetch d
-l1-dwalloc a
-l1-dwback a
-skipcount 0
-flushcount 0
-maxcount 0
-stat-interval 0
-informat s
-on-trigger 0x0
-off-trigger 0x0

---Simulation begins.
---Simulation complete.
l1-dcache
 Metrics		      Total	      Instrn	       Data	       Read	      Write	       Misc
 -----------------	      ------	      ------	      ------	      ------	      ------	      ------
 Demand Fetches		   825305552	           0	   825305552	   704964531	   120341021	           0
  Fraction of total	      1.0000	      0.0000	      1.0000	      0.8542	      0.1458	      0.0000

 Demand Misses		    21092493	           0	    21092493	    15219650	     5872843	           0
  Demand miss rate	      0.0256	      0.0000	      0.0256	      0.0216	      0.0488	      0.0000

 Multi-block refs                 0
 Bytes From Memory	  1349919552
 ( / Demand Fetches)	      1.6357
 Bytes To Memory	   505872960
 ( / Demand Writes)	      4.2037
 Total Bytes r/w Mem	  1855792512
 ( / Demand Fetches)	      2.2486

---Execution complete.
