tracename mcf_m2b
---Dinero IV cache simulator, version 7
---Written by Jan Edler and Mark D. Hill
---Copyright (C) 1997 NEC Research Institute, Inc. and Mark D. Hill.
---All rights reserved.
---Copyright (C) 1985, 1989 Mark D. Hill.  All rights reserved.
---See -copyright option for details

---Summary of options (-help option gives usage information).

-l1-dsize 1048576
-l1-dbsize 64
-l1-dsbsize 64
-l1-dassoc 4
-l1-drepl 2
-l1-dfetch d
-l1-dwalloc a
-l1-dwback a
-skipcount 0
-flushcount 0
-maxcount 0
-stat-interval 0
-informat s
-on-trigger 0x0
-off-trigger 0x0

---Simulation begins.
---Simulation complete.
l1-dcache
 Metrics		      Total	      Instrn	       Data	       Read	      Write	       Misc
 -----------------	      ------	      ------	      ------	      ------	      ------	      ------
 Demand Fetches		   759536997	           0	   759536997	   688140098	    71396899	           0
  Fraction of total	      1.0000	      0.0000	      1.0000	      0.9060	      0.0940	      0.0000

 Demand Misses		   184876570	           0	   184876570	   177834791	     7041779	           0
  Demand miss rate	      0.2434	      0.0000	      0.2434	      0.2584	      0.0986	      0.0000

 Multi-block refs                 0
 Bytes From Memory	 11832100480
 ( / Demand Fetches)	     15.5780
 Bytes To Memory	  3056894656
 ( / Demand Writes)	     42.8155
 Total Bytes r/w Mem	 14888995136
 ( / Demand Fetches)	     19.6027

---Execution complete.
