tracename ammp_m2b
---Dinero IV cache simulator, version 7
---Written by Jan Edler and Mark D. Hill
---Copyright (C) 1997 NEC Research Institute, Inc. and Mark D. Hill.
---All rights reserved.
---Copyright (C) 1985, 1989 Mark D. Hill.  All rights reserved.
---See -copyright option for details

---Summary of options (-help option gives usage information).

-l1-dsize 4194304
-l1-dbsize 64
-l1-dsbsize 64
-l1-dassoc 32
-l1-drepl l
-l1-dfetch d
-l1-dwalloc a
-l1-dwback a
-skipcount 0
-flushcount 0
-maxcount 0
-stat-interval 0
-informat s
-on-trigger 0x0
-off-trigger 0x0

---Simulation begins.
---Simulation complete.
l1-dcache
 Metrics		      Total	      Instrn	       Data	       Read	      Write	       Misc
 -----------------	      ------	      ------	      ------	      ------	      ------	      ------
 Demand Fetches		   744595033	           0	   744595033	   552857447	   191737586	           0
  Fraction of total	      1.0000	      0.0000	      1.0000	      0.7425	      0.2575	      0.0000

 Demand Misses		     5627339	           0	     5627339	     5216594	      410745	           0
  Demand miss rate	      0.0076	      0.0000	      0.0076	      0.0094	      0.0021	      0.0000

 Multi-block refs                 0
 Bytes From Memory	   360149696
 ( / Demand Fetches)	      0.4837
 Bytes To Memory	    77831872
 ( / Demand Writes)	      0.4059
 Total Bytes r/w Mem	   437981568
 ( / Demand Fetches)	      0.5882

---Execution complete.
