tracename ammp_m2b
---Dinero IV cache simulator, version 7
---Written by Jan Edler and Mark D. Hill
---Copyright (C) 1997 NEC Research Institute, Inc. and Mark D. Hill.
---All rights reserved.
---Copyright (C) 1985, 1989 Mark D. Hill.  All rights reserved.
---See -copyright option for details

---Summary of options (-help option gives usage information).

-l1-dsize 65536
-l1-dbsize 64
-l1-dsbsize 64
-l1-dassoc 32
-l1-drepl 2
-l1-dfetch d
-l1-dwalloc a
-l1-dwback a
-skipcount 0
-flushcount 0
-maxcount 0
-stat-interval 0
-informat s
-on-trigger 0x0
-off-trigger 0x0

---Simulation begins.
---Simulation complete.
l1-dcache
 Metrics		      Total	      Instrn	       Data	       Read	      Write	       Misc
 -----------------	      ------	      ------	      ------	      ------	      ------	      ------
 Demand Fetches		   744595033	           0	   744595033	   552857447	   191737586	           0
  Fraction of total	      1.0000	      0.0000	      1.0000	      0.7425	      0.2575	      0.0000

 Demand Misses		    31314245	           0	    31314245	    30789908	      524337	           0
  Demand miss rate	      0.0421	      0.0000	      0.0421	      0.0557	      0.0027	      0.0000

 Multi-block refs                 0
 Bytes From Memory	  2004111680
 ( / Demand Fetches)	      2.6915
 Bytes To Memory	   449502912
 ( / Demand Writes)	      2.3444
 Total Bytes r/w Mem	  2453614592
 ( / Demand Fetches)	      3.2952

---Execution complete.
