tracename lucas_m2b
---Dinero IV cache simulator, version 7
---Written by Jan Edler and Mark D. Hill
---Copyright (C) 1997 NEC Research Institute, Inc. and Mark D. Hill.
---All rights reserved.
---Copyright (C) 1985, 1989 Mark D. Hill.  All rights reserved.
---See -copyright option for details

---Summary of options (-help option gives usage information).

-l1-dsize 65536
-l1-dbsize 64
-l1-dsbsize 64
-l1-dassoc 64
-l1-drepl 2
-l1-dfetch d
-l1-dwalloc a
-l1-dwback a
-skipcount 0
-flushcount 0
-maxcount 0
-stat-interval 0
-informat s
-on-trigger 0x0
-off-trigger 0x0

---Simulation begins.
---Simulation complete.
l1-dcache
 Metrics		      Total	      Instrn	       Data	       Read	      Write	       Misc
 -----------------	      ------	      ------	      ------	      ------	      ------	      ------
 Demand Fetches		   443905265	           0	   443905265	   323692030	   120213235	           0
  Fraction of total	      1.0000	      0.0000	      1.0000	      0.7292	      0.2708	      0.0000

 Demand Misses		    38361980	           0	    38361980	    18880195	    19481785	           0
  Demand miss rate	      0.0864	      0.0000	      0.0864	      0.0583	      0.1621	      0.0000

 Multi-block refs                 8
 Bytes From Memory	  2455166720
 ( / Demand Fetches)	      5.5308
 Bytes To Memory	  1313947520
 ( / Demand Writes)	     10.9301
 Total Bytes r/w Mem	  3769114240
 ( / Demand Fetches)	      8.4908

---Execution complete.
