tracename fma3d_m2b
---Dinero IV cache simulator, version 7
---Written by Jan Edler and Mark D. Hill
---Copyright (C) 1997 NEC Research Institute, Inc. and Mark D. Hill.
---All rights reserved.
---Copyright (C) 1985, 1989 Mark D. Hill.  All rights reserved.
---See -copyright option for details

---Summary of options (-help option gives usage information).

-l1-dsize 16777216
-l1-dbsize 64
-l1-dsbsize 64
-l1-dassoc 4
-l1-drepl 2
-l1-dfetch d
-l1-dwalloc a
-l1-dwback a
-skipcount 0
-flushcount 0
-maxcount 0
-stat-interval 0
-informat s
-on-trigger 0x0
-off-trigger 0x0

---Simulation begins.
---Simulation complete.
l1-dcache
 Metrics		      Total	      Instrn	       Data	       Read	      Write	       Misc
 -----------------	      ------	      ------	      ------	      ------	      ------	      ------
 Demand Fetches		   913972993	           0	   913972993	   601233722	   312739271	           0
  Fraction of total	      1.0000	      0.0000	      1.0000	      0.6578	      0.3422	      0.0000

 Demand Misses		    17706864	           0	    17706864	    16349303	     1357561	           0
  Demand miss rate	      0.0194	      0.0000	      0.0194	      0.0272	      0.0043	      0.0000

 Multi-block refs                 0
 Bytes From Memory	  1133239296
 ( / Demand Fetches)	      1.2399
 Bytes To Memory	   563560960
 ( / Demand Writes)	      1.8020
 Total Bytes r/w Mem	  1696800256
 ( / Demand Fetches)	      1.8565

---Execution complete.
