tracename fma3d_m2b
---Dinero IV cache simulator, version 7
---Written by Jan Edler and Mark D. Hill
---Copyright (C) 1997 NEC Research Institute, Inc. and Mark D. Hill.
---All rights reserved.
---Copyright (C) 1985, 1989 Mark D. Hill.  All rights reserved.
---See -copyright option for details

---Summary of options (-help option gives usage information).

-l1-dsize 65536
-l1-dbsize 64
-l1-dsbsize 64
-l1-dassoc 16
-l1-drepl l
-l1-dfetch d
-l1-dwalloc a
-l1-dwback a
-skipcount 0
-flushcount 0
-maxcount 0
-stat-interval 0
-informat s
-on-trigger 0x0
-off-trigger 0x0

---Simulation begins.
---Simulation complete.
l1-dcache
 Metrics		      Total	      Instrn	       Data	       Read	      Write	       Misc
 -----------------	      ------	      ------	      ------	      ------	      ------	      ------
 Demand Fetches		   913972993	           0	   913972993	   601233722	   312739271	           0
  Fraction of total	      1.0000	      0.0000	      1.0000	      0.6578	      0.3422	      0.0000

 Demand Misses		    22252257	           0	    22252257	    20800642	     1451615	           0
  Demand miss rate	      0.0243	      0.0000	      0.0243	      0.0346	      0.0046	      0.0000

 Multi-block refs                 0
 Bytes From Memory	  1424144448
 ( / Demand Fetches)	      1.5582
 Bytes To Memory	   618088512
 ( / Demand Writes)	      1.9764
 Total Bytes r/w Mem	  2042232960
 ( / Demand Fetches)	      2.2345

---Execution complete.
