tracename parser_m2b
---Dinero IV cache simulator, version 7
---Written by Jan Edler and Mark D. Hill
---Copyright (C) 1997 NEC Research Institute, Inc. and Mark D. Hill.
---All rights reserved.
---Copyright (C) 1985, 1989 Mark D. Hill.  All rights reserved.
---See -copyright option for details

---Summary of options (-help option gives usage information).

-l1-dsize 262144
-l1-dbsize 64
-l1-dsbsize 64
-l1-dassoc 64
-l1-drepl 2
-l1-dfetch d
-l1-dwalloc a
-l1-dwback a
-skipcount 0
-flushcount 0
-maxcount 0
-stat-interval 0
-informat s
-on-trigger 0x0
-off-trigger 0x0

---Simulation begins.
---Simulation complete.
l1-dcache
 Metrics		      Total	      Instrn	       Data	       Read	      Write	       Misc
 -----------------	      ------	      ------	      ------	      ------	      ------	      ------
 Demand Fetches		   701379966	           0	   701379966	   551279642	   150100324	           0
  Fraction of total	      1.0000	      0.0000	      1.0000	      0.7860	      0.2140	      0.0000

 Demand Misses		     3828832	           0	     3828832	     3232951	      595881	           0
  Demand miss rate	      0.0055	      0.0000	      0.0055	      0.0059	      0.0040	      0.0000

 Multi-block refs            220627
 Bytes From Memory	   245045248
 ( / Demand Fetches)	      0.3494
 Bytes To Memory	    98074880
 ( / Demand Writes)	      0.6534
 Total Bytes r/w Mem	   343120128
 ( / Demand Fetches)	      0.4892

---Execution complete.
