tracename parser_m2b
---Dinero IV cache simulator, version 7
---Written by Jan Edler and Mark D. Hill
---Copyright (C) 1997 NEC Research Institute, Inc. and Mark D. Hill.
---All rights reserved.
---Copyright (C) 1985, 1989 Mark D. Hill.  All rights reserved.
---See -copyright option for details

---Summary of options (-help option gives usage information).

-l1-dsize 2097152
-l1-dbsize 64
-l1-dsbsize 64
-l1-dassoc 64
-l1-drepl l
-l1-dfetch d
-l1-dwalloc a
-l1-dwback a
-skipcount 0
-flushcount 0
-maxcount 0
-stat-interval 0
-informat s
-on-trigger 0x0
-off-trigger 0x0

---Simulation begins.
---Simulation complete.
l1-dcache
 Metrics		      Total	      Instrn	       Data	       Read	      Write	       Misc
 -----------------	      ------	      ------	      ------	      ------	      ------	      ------
 Demand Fetches		   701379966	           0	   701379966	   551279642	   150100324	           0
  Fraction of total	      1.0000	      0.0000	      1.0000	      0.7860	      0.2140	      0.0000

 Demand Misses		     1286986	           0	     1286986	      911000	      375986	           0
  Demand miss rate	      0.0018	      0.0000	      0.0018	      0.0017	      0.0025	      0.0000

 Multi-block refs            220627
 Bytes From Memory	    82367104
 ( / Demand Fetches)	      0.1174
 Bytes To Memory	    52742336
 ( / Demand Writes)	      0.3514
 Total Bytes r/w Mem	   135109440
 ( / Demand Fetches)	      0.1926

---Execution complete.
