tracename eon_m2b
---Dinero IV cache simulator, version 7
---Written by Jan Edler and Mark D. Hill
---Copyright (C) 1997 NEC Research Institute, Inc. and Mark D. Hill.
---All rights reserved.
---Copyright (C) 1985, 1989 Mark D. Hill.  All rights reserved.
---See -copyright option for details

---Summary of options (-help option gives usage information).

-l1-dsize 4194304
-l1-dbsize 64
-l1-dsbsize 64
-l1-dassoc 32
-l1-drepl 2
-l1-dfetch d
-l1-dwalloc a
-l1-dwback a
-skipcount 0
-flushcount 0
-maxcount 0
-stat-interval 0
-informat s
-on-trigger 0x0
-off-trigger 0x0

---Simulation begins.
---Simulation complete.
l1-dcache
 Metrics		      Total	      Instrn	       Data	       Read	      Write	       Misc
 -----------------	      ------	      ------	      ------	      ------	      ------	      ------
 Demand Fetches		   971571322	           0	   971571322	   586745187	   384826135	           0
  Fraction of total	      1.0000	      0.0000	      1.0000	      0.6039	      0.3961	      0.0000

 Demand Misses		        1105	           0	        1105	         749	         356	           0
  Demand miss rate	      0.0000	      0.0000	      0.0000	      0.0000	      0.0000	      0.0000

 Multi-block refs                 0
 Bytes From Memory	       70720
 ( / Demand Fetches)	      0.0001
 Bytes To Memory	       42944
 ( / Demand Writes)	      0.0001
 Total Bytes r/w Mem	      113664
 ( / Demand Fetches)	      0.0001

---Execution complete.
