tracename gap_m2b
---Dinero IV cache simulator, version 7
---Written by Jan Edler and Mark D. Hill
---Copyright (C) 1997 NEC Research Institute, Inc. and Mark D. Hill.
---All rights reserved.
---Copyright (C) 1985, 1989 Mark D. Hill.  All rights reserved.
---See -copyright option for details

---Summary of options (-help option gives usage information).

-l1-dsize 33554432
-l1-dbsize 64
-l1-dsbsize 64
-l1-dassoc 16
-l1-drepl l
-l1-dfetch d
-l1-dwalloc a
-l1-dwback a
-skipcount 0
-flushcount 0
-maxcount 0
-stat-interval 0
-informat s
-on-trigger 0x0
-off-trigger 0x0

---Simulation begins.
---Simulation complete.
l1-dcache
 Metrics		      Total	      Instrn	       Data	       Read	      Write	       Misc
 -----------------	      ------	      ------	      ------	      ------	      ------	      ------
 Demand Fetches		   769859181	           0	   769859181	   559249997	   210609184	           0
  Fraction of total	      1.0000	      0.0000	      1.0000	      0.7264	      0.2736	      0.0000

 Demand Misses		     5398186	           0	     5398186	     2404923	     2993263	           0
  Demand miss rate	      0.0070	      0.0000	      0.0070	      0.0043	      0.0142	      0.0000

 Multi-block refs           2595851
 Bytes From Memory	   345483904
 ( / Demand Fetches)	      0.4488
 Bytes To Memory	   277411072
 ( / Demand Writes)	      1.3172
 Total Bytes r/w Mem	   622894976
 ( / Demand Fetches)	      0.8091

---Execution complete.
