tracename twolf_m2b
---Dinero IV cache simulator, version 7
---Written by Jan Edler and Mark D. Hill
---Copyright (C) 1997 NEC Research Institute, Inc. and Mark D. Hill.
---All rights reserved.
---Copyright (C) 1985, 1989 Mark D. Hill.  All rights reserved.
---See -copyright option for details

---Summary of options (-help option gives usage information).

-l1-dsize 262144
-l1-dbsize 64
-l1-dsbsize 64
-l1-dassoc 4
-l1-drepl 2
-l1-dfetch d
-l1-dwalloc a
-l1-dwback a
-skipcount 0
-flushcount 0
-maxcount 0
-stat-interval 0
-informat s
-on-trigger 0x0
-off-trigger 0x0

---Simulation begins.
---Simulation complete.
l1-dcache
 Metrics		      Total	      Instrn	       Data	       Read	      Write	       Misc
 -----------------	      ------	      ------	      ------	      ------	      ------	      ------
 Demand Fetches		   659937722	           0	   659937722	   520274780	   139662942	           0
  Fraction of total	      1.0000	      0.0000	      1.0000	      0.7884	      0.2116	      0.0000

 Demand Misses		    28074387	           0	    28074387	    23421014	     4653373	           0
  Demand miss rate	      0.0425	      0.0000	      0.0425	      0.0450	      0.0333	      0.0000

 Multi-block refs              2707
 Bytes From Memory	  1796760768
 ( / Demand Fetches)	      2.7226
 Bytes To Memory	   691792384
 ( / Demand Writes)	      4.9533
 Total Bytes r/w Mem	  2488553152
 ( / Demand Fetches)	      3.7709

---Execution complete.
