tracename twolf_m2b
---Dinero IV cache simulator, version 7
---Written by Jan Edler and Mark D. Hill
---Copyright (C) 1997 NEC Research Institute, Inc. and Mark D. Hill.
---All rights reserved.
---Copyright (C) 1985, 1989 Mark D. Hill.  All rights reserved.
---See -copyright option for details

---Summary of options (-help option gives usage information).

-l1-dsize 524288
-l1-dbsize 64
-l1-dsbsize 64
-l1-dassoc 32
-l1-drepl l
-l1-dfetch d
-l1-dwalloc a
-l1-dwback a
-skipcount 0
-flushcount 0
-maxcount 0
-stat-interval 0
-informat s
-on-trigger 0x0
-off-trigger 0x0

---Simulation begins.
---Simulation complete.
l1-dcache
 Metrics		      Total	      Instrn	       Data	       Read	      Write	       Misc
 -----------------	      ------	      ------	      ------	      ------	      ------	      ------
 Demand Fetches		   659937722	           0	   659937722	   520274780	   139662942	           0
  Fraction of total	      1.0000	      0.0000	      1.0000	      0.7884	      0.2116	      0.0000

 Demand Misses		    18143786	           0	    18143786	    15237461	     2906325	           0
  Demand miss rate	      0.0275	      0.0000	      0.0275	      0.0293	      0.0208	      0.0000

 Multi-block refs              2707
 Bytes From Memory	  1161202304
 ( / Demand Fetches)	      1.7596
 Bytes To Memory	   510769152
 ( / Demand Writes)	      3.6572
 Total Bytes r/w Mem	  1671971456
 ( / Demand Fetches)	      2.5335

---Execution complete.
