tracename twolf_m2b
---Dinero IV cache simulator, version 7
---Written by Jan Edler and Mark D. Hill
---Copyright (C) 1997 NEC Research Institute, Inc. and Mark D. Hill.
---All rights reserved.
---Copyright (C) 1985, 1989 Mark D. Hill.  All rights reserved.
---See -copyright option for details

---Summary of options (-help option gives usage information).

-l1-dsize 1048576
-l1-dbsize 64
-l1-dsbsize 64
-l1-dassoc 64
-l1-drepl l
-l1-dfetch d
-l1-dwalloc a
-l1-dwback a
-skipcount 0
-flushcount 0
-maxcount 0
-stat-interval 0
-informat s
-on-trigger 0x0
-off-trigger 0x0

---Simulation begins.
---Simulation complete.
l1-dcache
 Metrics		      Total	      Instrn	       Data	       Read	      Write	       Misc
 -----------------	      ------	      ------	      ------	      ------	      ------	      ------
 Demand Fetches		   659937722	           0	   659937722	   520274780	   139662942	           0
  Fraction of total	      1.0000	      0.0000	      1.0000	      0.7884	      0.2116	      0.0000

 Demand Misses		     6907416	           0	     6907416	     6010372	      897044	           0
  Demand miss rate	      0.0105	      0.0000	      0.0105	      0.0116	      0.0064	      0.0000

 Multi-block refs              2707
 Bytes From Memory	   442074624
 ( / Demand Fetches)	      0.6699
 Bytes To Memory	   216517760
 ( / Demand Writes)	      1.5503
 Total Bytes r/w Mem	   658592384
 ( / Demand Fetches)	      0.9980

---Execution complete.
