tracename apsi_m2b
---Dinero IV cache simulator, version 7
---Written by Jan Edler and Mark D. Hill
---Copyright (C) 1997 NEC Research Institute, Inc. and Mark D. Hill.
---All rights reserved.
---Copyright (C) 1985, 1989 Mark D. Hill.  All rights reserved.
---See -copyright option for details

---Summary of options (-help option gives usage information).

-l1-dsize 2097152
-l1-dbsize 64
-l1-dsbsize 64
-l1-dassoc 32
-l1-drepl 2
-l1-dfetch d
-l1-dwalloc a
-l1-dwback a
-skipcount 0
-flushcount 0
-maxcount 0
-stat-interval 0
-informat s
-on-trigger 0x0
-off-trigger 0x0

---Simulation begins.
---Simulation complete.
l1-dcache
 Metrics		      Total	      Instrn	       Data	       Read	      Write	       Misc
 -----------------	      ------	      ------	      ------	      ------	      ------	      ------
 Demand Fetches		   745791176	           0	   745791176	   481301260	   264489916	           0
  Fraction of total	      1.0000	      0.0000	      1.0000	      0.6454	      0.3546	      0.0000

 Demand Misses		     6207404	           0	     6207404	     5037496	     1169908	           0
  Demand miss rate	      0.0083	      0.0000	      0.0083	      0.0105	      0.0044	      0.0000

 Multi-block refs                 0
 Bytes From Memory	   397273856
 ( / Demand Fetches)	      0.5327
 Bytes To Memory	   220817856
 ( / Demand Writes)	      0.8349
 Total Bytes r/w Mem	   618091712
 ( / Demand Fetches)	      0.8288

---Execution complete.
