tracename apsi_m2b
---Dinero IV cache simulator, version 7
---Written by Jan Edler and Mark D. Hill
---Copyright (C) 1997 NEC Research Institute, Inc. and Mark D. Hill.
---All rights reserved.
---Copyright (C) 1985, 1989 Mark D. Hill.  All rights reserved.
---See -copyright option for details

---Summary of options (-help option gives usage information).

-l1-dsize 65536
-l1-dbsize 64
-l1-dsbsize 64
-l1-dassoc 32
-l1-drepl 2
-l1-dfetch d
-l1-dwalloc a
-l1-dwback a
-skipcount 0
-flushcount 0
-maxcount 0
-stat-interval 0
-informat s
-on-trigger 0x0
-off-trigger 0x0

---Simulation begins.
---Simulation complete.
l1-dcache
 Metrics		      Total	      Instrn	       Data	       Read	      Write	       Misc
 -----------------	      ------	      ------	      ------	      ------	      ------	      ------
 Demand Fetches		   745791176	           0	   745791176	   481301260	   264489916	           0
  Fraction of total	      1.0000	      0.0000	      1.0000	      0.6454	      0.3546	      0.0000

 Demand Misses		    19750042	           0	    19750042	    13832281	     5917761	           0
  Demand miss rate	      0.0265	      0.0000	      0.0265	      0.0287	      0.0224	      0.0000

 Multi-block refs                 0
 Bytes From Memory	  1264002688
 ( / Demand Fetches)	      1.6948
 Bytes To Memory	   544549824
 ( / Demand Writes)	      2.0589
 Total Bytes r/w Mem	  1808552512
 ( / Demand Fetches)	      2.4250

---Execution complete.
