tracename gzip_m2b
---Dinero IV cache simulator, version 7
---Written by Jan Edler and Mark D. Hill
---Copyright (C) 1997 NEC Research Institute, Inc. and Mark D. Hill.
---All rights reserved.
---Copyright (C) 1985, 1989 Mark D. Hill.  All rights reserved.
---See -copyright option for details

---Summary of options (-help option gives usage information).

-l2-usize 262144
-l3-usize 2097152
-l1-isize 32768
-l1-dsize 32768
-l2-ubsize 64
-l3-ubsize 64
-l1-ibsize 64
-l1-dbsize 64
-l2-usbsize 64
-l3-usbsize 64
-l1-isbsize 64
-l1-dsbsize 64
-l2-uassoc 8
-l3-uassoc 8
-l1-iassoc 8
-l1-dassoc 8
-l2-urepl f
-l3-urepl f
-l1-irepl l
-l1-drepl f
-l2-ufetch d
-l3-ufetch d
-l1-ifetch d
-l1-dfetch d
-l2-uwalloc a
-l3-uwalloc a
-l1-dwalloc a
-l2-uwback a
-l3-uwback a
-l1-dwback a
-skipcount 0
-flushcount 0
-maxcount 0
-stat-interval 0
-informat s
-on-trigger 0x0
-off-trigger 0x0

---Simulation begins.
---Simulation complete.
l1-icache
 Metrics		      Total	      Instrn	       Data	       Read	      Write	       Misc
 -----------------	      ------	      ------	      ------	      ------	      ------	      ------
 Demand Fetches		  2000000000	  2000000000	           0	           0	           0	           0
  Fraction of total	      1.0000	      1.0000	      0.0000	      0.0000	      0.0000	      0.0000

 Demand Misses		         163	         163	           0	           0	           0	           0
  Demand miss rate	      0.0000	      0.0000	      0.0000	      0.0000	      0.0000	      0.0000

 Multi-block refs                 0
 Bytes From Memory	       10432
 ( / Demand Fetches)	      0.0000
 Bytes To Memory	           0
 ( / Demand Writes)	      0.0000
 Total Bytes r/w Mem	       10432
 ( / Demand Fetches)	      0.0000

l1-dcache
 Metrics		      Total	      Instrn	       Data	       Read	      Write	       Misc
 -----------------	      ------	      ------	      ------	      ------	      ------	      ------
 Demand Fetches		   647104098	           0	   647104098	   488483701	   158620397	           0
  Fraction of total	      1.0000	      0.0000	      1.0000	      0.7549	      0.2451	      0.0000

 Demand Misses		    20417593	           0	    20417593	    19597547	      820046	           0
  Demand miss rate	      0.0316	      0.0000	      0.0316	      0.0401	      0.0052	      0.0000

 Multi-block refs           5693705
 Bytes From Memory	  1306725952
 ( / Demand Fetches)	      2.0193
 Bytes To Memory	   502188096
 ( / Demand Writes)	      3.1660
 Total Bytes r/w Mem	  1808914048
 ( / Demand Fetches)	      2.7954

l2-ucache
 Metrics		      Total	      Instrn	       Data	       Read	      Write	       Misc
 -----------------	      ------	      ------	      ------	      ------	      ------	      ------
 Demand Fetches		    28264445	         163	    28264282	    20417593	     7846689	           0
  Fraction of total	      1.0000	      0.0000	      1.0000	      0.7224	      0.2776	      0.0000

 Demand Misses		     1110532	         163	     1110369	     1077368	       33001	           0
  Demand miss rate	      0.0393	      1.0000	      0.0393	      0.0528	      0.0042	      0.0000

 Multi-block refs                 0
 Bytes From Memory	    68961984
 ( / Demand Fetches)	      2.4399
 Bytes To Memory	    61716544
 ( / Demand Writes)	      7.8653
 Total Bytes r/w Mem	   130678528
 ( / Demand Fetches)	      4.6234

l3-ucache
 Metrics		      Total	      Instrn	       Data	       Read	      Write	       Misc
 -----------------	      ------	      ------	      ------	      ------	      ------	      ------
 Demand Fetches		     2041852	         163	     2041689	     1077368	      964321	           0
  Fraction of total	      1.0000	      0.0001	      0.9999	      0.5276	      0.4723	      0.0000

 Demand Misses		      246954	         163	      246791	      223391	       23400	           0
  Demand miss rate	      0.1209	      1.0000	      0.1209	      0.2073	      0.0243	      0.0000

 Multi-block refs                 0
 Bytes From Memory	    14307456
 ( / Demand Fetches)	      7.0071
 Bytes To Memory	     8578304
 ( / Demand Writes)	      8.8957
 Total Bytes r/w Mem	    22885760
 ( / Demand Fetches)	     11.2083

---Execution complete.
