tracename gzip_m2b
---Dinero IV cache simulator, version 7
---Written by Jan Edler and Mark D. Hill
---Copyright (C) 1997 NEC Research Institute, Inc. and Mark D. Hill.
---All rights reserved.
---Copyright (C) 1985, 1989 Mark D. Hill.  All rights reserved.
---See -copyright option for details

---Summary of options (-help option gives usage information).

-l2-usize 262144
-l3-usize 2097152
-l1-isize 32768
-l1-dsize 32768
-l2-ubsize 64
-l3-ubsize 64
-l1-ibsize 64
-l1-dbsize 64
-l2-usbsize 64
-l3-usbsize 64
-l1-isbsize 64
-l1-dsbsize 64
-l2-uassoc 8
-l3-uassoc 8
-l1-iassoc 8
-l1-dassoc 8
-l2-urepl 2
-l3-urepl 2
-l1-irepl l
-l1-drepl 2
-l2-ufetch d
-l3-ufetch d
-l1-ifetch d
-l1-dfetch d
-l2-uwalloc a
-l3-uwalloc a
-l1-dwalloc a
-l2-uwback a
-l3-uwback a
-l1-dwback a
-skipcount 0
-flushcount 0
-maxcount 0
-stat-interval 0
-informat s
-on-trigger 0x0
-off-trigger 0x0

---Simulation begins.
---Simulation complete.
l1-icache
 Metrics		      Total	      Instrn	       Data	       Read	      Write	       Misc
 -----------------	      ------	      ------	      ------	      ------	      ------	      ------
 Demand Fetches		  2000000000	  2000000000	           0	           0	           0	           0
  Fraction of total	      1.0000	      1.0000	      0.0000	      0.0000	      0.0000	      0.0000

 Demand Misses		         163	         163	           0	           0	           0	           0
  Demand miss rate	      0.0000	      0.0000	      0.0000	      0.0000	      0.0000	      0.0000

 Multi-block refs                 0
 Bytes From Memory	       10432
 ( / Demand Fetches)	      0.0000
 Bytes To Memory	           0
 ( / Demand Writes)	      0.0000
 Total Bytes r/w Mem	       10432
 ( / Demand Fetches)	      0.0000

l1-dcache
 Metrics		      Total	      Instrn	       Data	       Read	      Write	       Misc
 -----------------	      ------	      ------	      ------	      ------	      ------	      ------
 Demand Fetches		   647104098	           0	   647104098	   488483701	   158620397	           0
  Fraction of total	      1.0000	      0.0000	      1.0000	      0.7549	      0.2451	      0.0000

 Demand Misses		    19781387	           0	    19781387	    18999673	      781714	           0
  Demand miss rate	      0.0306	      0.0000	      0.0306	      0.0389	      0.0049	      0.0000

 Multi-block refs           5693705
 Bytes From Memory	  1266008768
 ( / Demand Fetches)	      1.9564
 Bytes To Memory	   478605696
 ( / Demand Writes)	      3.0173
 Total Bytes r/w Mem	  1744614464
 ( / Demand Fetches)	      2.6960

l2-ucache
 Metrics		      Total	      Instrn	       Data	       Read	      Write	       Misc
 -----------------	      ------	      ------	      ------	      ------	      ------	      ------
 Demand Fetches		    27259764	         163	    27259601	    19781387	     7478214	           0
  Fraction of total	      1.0000	      0.0000	      1.0000	      0.7257	      0.2743	      0.0000

 Demand Misses		      852838	         163	      852675	      844206	        8469	           0
  Demand miss rate	      0.0313	      1.0000	      0.0313	      0.0427	      0.0011	      0.0000

 Multi-block refs                 0
 Bytes From Memory	    54039616
 ( / Demand Fetches)	      1.9824
 Bytes To Memory	    41875776
 ( / Demand Writes)	      5.5997
 Total Bytes r/w Mem	    95915392
 ( / Demand Fetches)	      3.5186

l3-ucache
 Metrics		      Total	      Instrn	       Data	       Read	      Write	       Misc
 -----------------	      ------	      ------	      ------	      ------	      ------	      ------
 Demand Fetches		     1498678	         163	     1498515	      844206	      654309	           0
  Fraction of total	      1.0000	      0.0001	      0.9999	      0.5633	      0.4366	      0.0000

 Demand Misses		      223248	         163	      223085	      220161	        2924	           0
  Demand miss rate	      0.1490	      1.0000	      0.1489	      0.2608	      0.0045	      0.0000

 Multi-block refs                 0
 Bytes From Memory	    14100736
 ( / Demand Fetches)	      9.4088
 Bytes To Memory	     7082112
 ( / Demand Writes)	     10.8238
 Total Bytes r/w Mem	    21182848
 ( / Demand Fetches)	     14.1344

---Execution complete.
