tracename gzip_m2b
---Dinero IV cache simulator, version 7
---Written by Jan Edler and Mark D. Hill
---Copyright (C) 1997 NEC Research Institute, Inc. and Mark D. Hill.
---All rights reserved.
---Copyright (C) 1985, 1989 Mark D. Hill.  All rights reserved.
---See -copyright option for details

---Summary of options (-help option gives usage information).

-l2-usize 262144
-l3-usize 2097152
-l1-isize 32768
-l1-dsize 32768
-l2-ubsize 64
-l3-ubsize 64
-l1-ibsize 64
-l1-dbsize 64
-l2-usbsize 64
-l3-usbsize 64
-l1-isbsize 64
-l1-dsbsize 64
-l2-uassoc 8
-l3-uassoc 8
-l1-iassoc 8
-l1-dassoc 8
-l2-urepl l
-l3-urepl l
-l1-irepl l
-l1-drepl l
-l2-ufetch d
-l3-ufetch d
-l1-ifetch d
-l1-dfetch d
-l2-uwalloc a
-l3-uwalloc a
-l1-dwalloc a
-l2-uwback a
-l3-uwback a
-l1-dwback a
-skipcount 0
-flushcount 0
-maxcount 0
-stat-interval 0
-informat s
-on-trigger 0x0
-off-trigger 0x0

---Simulation begins.
---Simulation complete.
l1-icache
 Metrics		      Total	      Instrn	       Data	       Read	      Write	       Misc
 -----------------	      ------	      ------	      ------	      ------	      ------	      ------
 Demand Fetches		  2000000000	  2000000000	           0	           0	           0	           0
  Fraction of total	      1.0000	      1.0000	      0.0000	      0.0000	      0.0000	      0.0000

 Demand Misses		         163	         163	           0	           0	           0	           0
  Demand miss rate	      0.0000	      0.0000	      0.0000	      0.0000	      0.0000	      0.0000

 Multi-block refs                 0
 Bytes From Memory	       10432
 ( / Demand Fetches)	      0.0000
 Bytes To Memory	           0
 ( / Demand Writes)	      0.0000
 Total Bytes r/w Mem	       10432
 ( / Demand Fetches)	      0.0000

l1-dcache
 Metrics		      Total	      Instrn	       Data	       Read	      Write	       Misc
 -----------------	      ------	      ------	      ------	      ------	      ------	      ------
 Demand Fetches		   647104098	           0	   647104098	   488483701	   158620397	           0
  Fraction of total	      1.0000	      0.0000	      1.0000	      0.7549	      0.2451	      0.0000

 Demand Misses		    19630378	           0	    19630378	    18854713	      775665	           0
  Demand miss rate	      0.0303	      0.0000	      0.0303	      0.0386	      0.0049	      0.0000

 Multi-block refs           5693705
 Bytes From Memory	  1256344192
 ( / Demand Fetches)	      1.9415
 Bytes To Memory	   474112512
 ( / Demand Writes)	      2.9890
 Total Bytes r/w Mem	  1730456704
 ( / Demand Fetches)	      2.6742

l2-ucache
 Metrics		      Total	      Instrn	       Data	       Read	      Write	       Misc
 -----------------	      ------	      ------	      ------	      ------	      ------	      ------
 Demand Fetches		    27038549	         163	    27038386	    19630378	     7408008	           0
  Fraction of total	      1.0000	      0.0000	      1.0000	      0.7260	      0.2740	      0.0000

 Demand Misses		      593453	         163	      593290	      592879	         411	           0
  Demand miss rate	      0.0219	      1.0000	      0.0219	      0.0302	      0.0001	      0.0000

 Multi-block refs                 0
 Bytes From Memory	    37954688
 ( / Demand Fetches)	      1.4037
 Bytes To Memory	    27878912
 ( / Demand Writes)	      3.7633
 Total Bytes r/w Mem	    65833600
 ( / Demand Fetches)	      2.4348

l3-ucache
 Metrics		      Total	      Instrn	       Data	       Read	      Write	       Misc
 -----------------	      ------	      ------	      ------	      ------	      ------	      ------
 Demand Fetches		     1028650	         163	     1028487	      592879	      435608	           0
  Fraction of total	      1.0000	      0.0002	      0.9998	      0.5764	      0.4235	      0.0000

 Demand Misses		      223780	         163	      223617	      220013	        3604	           0
  Demand miss rate	      0.2175	      1.0000	      0.2174	      0.3711	      0.0083	      0.0000

 Multi-block refs                 0
 Bytes From Memory	    14091264
 ( / Demand Fetches)	     13.6988
 Bytes To Memory	     7099520
 ( / Demand Writes)	     16.2980
 Total Bytes r/w Mem	    21190784
 ( / Demand Fetches)	     20.6006

---Execution complete.
