tracename wupwise_m2b
---Dinero IV cache simulator, version 7
---Written by Jan Edler and Mark D. Hill
---Copyright (C) 1997 NEC Research Institute, Inc. and Mark D. Hill.
---All rights reserved.
---Copyright (C) 1985, 1989 Mark D. Hill.  All rights reserved.
---See -copyright option for details

---Summary of options (-help option gives usage information).

-l2-usize 262144
-l3-usize 2097152
-l1-isize 32768
-l1-dsize 32768
-l2-ubsize 64
-l3-ubsize 64
-l1-ibsize 64
-l1-dbsize 64
-l2-usbsize 64
-l3-usbsize 64
-l1-isbsize 64
-l1-dsbsize 64
-l2-uassoc 8
-l3-uassoc 8
-l1-iassoc 8
-l1-dassoc 8
-l2-urepl r
-l3-urepl r
-l1-irepl l
-l1-drepl r
-l2-ufetch d
-l3-ufetch d
-l1-ifetch d
-l1-dfetch d
-l2-uwalloc a
-l3-uwalloc a
-l1-dwalloc a
-l2-uwback a
-l3-uwback a
-l1-dwback a
-skipcount 0
-flushcount 0
-maxcount 0
-stat-interval 0
-informat s
-on-trigger 0x0
-off-trigger 0x0

---Simulation begins.
---Simulation complete.
l1-icache
 Metrics		      Total	      Instrn	       Data	       Read	      Write	       Misc
 -----------------	      ------	      ------	      ------	      ------	      ------	      ------
 Demand Fetches		  1999999998	  1999999998	           0	           0	           0	           0
  Fraction of total	      1.0000	      1.0000	      0.0000	      0.0000	      0.0000	      0.0000

 Demand Misses		         263	         263	           0	           0	           0	           0
  Demand miss rate	      0.0000	      0.0000	      0.0000	      0.0000	      0.0000	      0.0000

 Multi-block refs                 0
 Bytes From Memory	       16832
 ( / Demand Fetches)	      0.0000
 Bytes To Memory	           0
 ( / Demand Writes)	      0.0000
 Total Bytes r/w Mem	       16832
 ( / Demand Fetches)	      0.0000

l1-dcache
 Metrics		      Total	      Instrn	       Data	       Read	      Write	       Misc
 -----------------	      ------	      ------	      ------	      ------	      ------	      ------
 Demand Fetches		   619232456	           0	   619232456	   461175987	   158056469	           0
  Fraction of total	      1.0000	      0.0000	      1.0000	      0.7448	      0.2552	      0.0000

 Demand Misses		     9689812	           0	     9689812	     8791914	      897898	           0
  Demand miss rate	      0.0156	      0.0000	      0.0156	      0.0191	      0.0057	      0.0000

 Multi-block refs                 0
 Bytes From Memory	   620147968
 ( / Demand Fetches)	      1.0015
 Bytes To Memory	   110414784
 ( / Demand Writes)	      0.6986
 Total Bytes r/w Mem	   730562752
 ( / Demand Fetches)	      1.1798

l2-ucache
 Metrics		      Total	      Instrn	       Data	       Read	      Write	       Misc
 -----------------	      ------	      ------	      ------	      ------	      ------	      ------
 Demand Fetches		    11415306	         263	    11415043	     9689812	     1725231	           0
  Fraction of total	      1.0000	      0.0000	      1.0000	      0.8488	      0.1511	      0.0000

 Demand Misses		     8292565	         263	     8292302	     8141595	      150707	           0
  Demand miss rate	      0.7264	      1.0000	      0.7264	      0.8402	      0.0874	      0.0000

 Multi-block refs                 0
 Bytes From Memory	   521078912
 ( / Demand Fetches)	     45.6474
 Bytes To Memory	    94761152
 ( / Demand Writes)	     54.9266
 Total Bytes r/w Mem	   615840064
 ( / Demand Fetches)	     53.9486

l3-ucache
 Metrics		      Total	      Instrn	       Data	       Read	      Write	       Misc
 -----------------	      ------	      ------	      ------	      ------	      ------	      ------
 Demand Fetches		     9622501	         263	     9622238	     8141595	     1480643	           0
  Fraction of total	      1.0000	      0.0000	      1.0000	      0.8461	      0.1539	      0.0000

 Demand Misses		     7554129	         263	     7553866	     7416531	      137335	           0
  Demand miss rate	      0.7850	      1.0000	      0.7850	      0.9109	      0.0928	      0.0000

 Multi-block refs                 0
 Bytes From Memory	   474674816
 ( / Demand Fetches)	     49.3297
 Bytes To Memory	    93027392
 ( / Demand Writes)	     62.8290
 Total Bytes r/w Mem	   567702208
 ( / Demand Fetches)	     58.9974

---Execution complete.
