tracename wupwise_m2b
---Dinero IV cache simulator, version 7
---Written by Jan Edler and Mark D. Hill
---Copyright (C) 1997 NEC Research Institute, Inc. and Mark D. Hill.
---All rights reserved.
---Copyright (C) 1985, 1989 Mark D. Hill.  All rights reserved.
---See -copyright option for details

---Summary of options (-help option gives usage information).

-l2-usize 262144
-l3-usize 2097152
-l1-isize 32768
-l1-dsize 32768
-l2-ubsize 64
-l3-ubsize 64
-l1-ibsize 64
-l1-dbsize 64
-l2-usbsize 64
-l3-usbsize 64
-l1-isbsize 64
-l1-dsbsize 64
-l2-uassoc 8
-l3-uassoc 8
-l1-iassoc 8
-l1-dassoc 8
-l2-urepl f
-l3-urepl f
-l1-irepl l
-l1-drepl f
-l2-ufetch d
-l3-ufetch d
-l1-ifetch d
-l1-dfetch d
-l2-uwalloc a
-l3-uwalloc a
-l1-dwalloc a
-l2-uwback a
-l3-uwback a
-l1-dwback a
-skipcount 0
-flushcount 0
-maxcount 0
-stat-interval 0
-informat s
-on-trigger 0x0
-off-trigger 0x0

---Simulation begins.
---Simulation complete.
l1-icache
 Metrics		      Total	      Instrn	       Data	       Read	      Write	       Misc
 -----------------	      ------	      ------	      ------	      ------	      ------	      ------
 Demand Fetches		  1999999998	  1999999998	           0	           0	           0	           0
  Fraction of total	      1.0000	      1.0000	      0.0000	      0.0000	      0.0000	      0.0000

 Demand Misses		         263	         263	           0	           0	           0	           0
  Demand miss rate	      0.0000	      0.0000	      0.0000	      0.0000	      0.0000	      0.0000

 Multi-block refs                 0
 Bytes From Memory	       16832
 ( / Demand Fetches)	      0.0000
 Bytes To Memory	           0
 ( / Demand Writes)	      0.0000
 Total Bytes r/w Mem	       16832
 ( / Demand Fetches)	      0.0000

l1-dcache
 Metrics		      Total	      Instrn	       Data	       Read	      Write	       Misc
 -----------------	      ------	      ------	      ------	      ------	      ------	      ------
 Demand Fetches		   619232456	           0	   619232456	   461175987	   158056469	           0
  Fraction of total	      1.0000	      0.0000	      1.0000	      0.7448	      0.2552	      0.0000

 Demand Misses		     8948732	           0	     8948732	     8081829	      866903	           0
  Demand miss rate	      0.0145	      0.0000	      0.0145	      0.0175	      0.0055	      0.0000

 Multi-block refs                 0
 Bytes From Memory	   572718848
 ( / Demand Fetches)	      0.9249
 Bytes To Memory	   107689152
 ( / Demand Writes)	      0.6813
 Total Bytes r/w Mem	   680408000
 ( / Demand Fetches)	      1.0988

l2-ucache
 Metrics		      Total	      Instrn	       Data	       Read	      Write	       Misc
 -----------------	      ------	      ------	      ------	      ------	      ------	      ------
 Demand Fetches		    10631638	         263	    10631375	     8948732	     1682643	           0
  Fraction of total	      1.0000	      0.0000	      1.0000	      0.8417	      0.1583	      0.0000

 Demand Misses		     7963003	         263	     7962740	     7937309	       25431	           0
  Demand miss rate	      0.7490	      1.0000	      0.7490	      0.8870	      0.0151	      0.0000

 Multi-block refs                 0
 Bytes From Memory	   508004608
 ( / Demand Fetches)	     47.7823
 Bytes To Memory	    94620672
 ( / Demand Writes)	     56.2334
 Total Bytes r/w Mem	   602625280
 ( / Demand Fetches)	     56.6823

l3-ucache
 Metrics		      Total	      Instrn	       Data	       Read	      Write	       Misc
 -----------------	      ------	      ------	      ------	      ------	      ------	      ------
 Demand Fetches		     9416020	         263	     9415757	     7937309	     1478448	           0
  Fraction of total	      1.0000	      0.0000	      1.0000	      0.8430	      0.1570	      0.0000

 Demand Misses		     7464024	         263	     7463761	     7460564	        3197	           0
  Demand miss rate	      0.7927	      1.0000	      0.7927	      0.9399	      0.0022	      0.0000

 Multi-block refs                 0
 Bytes From Memory	   477492928
 ( / Demand Fetches)	     50.7107
 Bytes To Memory	    93015040
 ( / Demand Writes)	     62.9140
 Total Bytes r/w Mem	   570507968
 ( / Demand Fetches)	     60.5891

---Execution complete.
