tracename mgrid_m2b
---Dinero IV cache simulator, version 7
---Written by Jan Edler and Mark D. Hill
---Copyright (C) 1997 NEC Research Institute, Inc. and Mark D. Hill.
---All rights reserved.
---Copyright (C) 1985, 1989 Mark D. Hill.  All rights reserved.
---See -copyright option for details

---Summary of options (-help option gives usage information).

-l2-usize 262144
-l3-usize 2097152
-l1-isize 32768
-l1-dsize 32768
-l2-ubsize 64
-l3-ubsize 64
-l1-ibsize 64
-l1-dbsize 64
-l2-usbsize 64
-l3-usbsize 64
-l1-isbsize 64
-l1-dsbsize 64
-l2-uassoc 8
-l3-uassoc 8
-l1-iassoc 8
-l1-dassoc 8
-l2-urepl f
-l3-urepl f
-l1-irepl l
-l1-drepl f
-l2-ufetch d
-l3-ufetch d
-l1-ifetch d
-l1-dfetch d
-l2-uwalloc a
-l3-uwalloc a
-l1-dwalloc a
-l2-uwback a
-l3-uwback a
-l1-dwback a
-skipcount 0
-flushcount 0
-maxcount 0
-stat-interval 0
-informat s
-on-trigger 0x0
-off-trigger 0x0

---Simulation begins.
---Simulation complete.
l1-icache
 Metrics		      Total	      Instrn	       Data	       Read	      Write	       Misc
 -----------------	      ------	      ------	      ------	      ------	      ------	      ------
 Demand Fetches		  1999999386	  1999999386	           0	           0	           0	           0
  Fraction of total	      1.0000	      1.0000	      0.0000	      0.0000	      0.0000	      0.0000

 Demand Misses		        4186	        4186	           0	           0	           0	           0
  Demand miss rate	      0.0000	      0.0000	      0.0000	      0.0000	      0.0000	      0.0000

 Multi-block refs                 0
 Bytes From Memory	      267904
 ( / Demand Fetches)	      0.0001
 Bytes To Memory	           0
 ( / Demand Writes)	      0.0000
 Total Bytes r/w Mem	      267904
 ( / Demand Fetches)	      0.0001

l1-dcache
 Metrics		      Total	      Instrn	       Data	       Read	      Write	       Misc
 -----------------	      ------	      ------	      ------	      ------	      ------	      ------
 Demand Fetches		   728528595	           0	   728528595	   625264935	   103263660	           0
  Fraction of total	      1.0000	      0.0000	      1.0000	      0.8583	      0.1417	      0.0000

 Demand Misses		    25409067	           0	    25409067	    22003821	     3405246	           0
  Demand miss rate	      0.0349	      0.0000	      0.0349	      0.0352	      0.0330	      0.0000

 Multi-block refs                 0
 Bytes From Memory	  1626180288
 ( / Demand Fetches)	      2.2321
 Bytes To Memory	   457136000
 ( / Demand Writes)	      4.4269
 Total Bytes r/w Mem	  2083316288
 ( / Demand Fetches)	      2.8596

l2-ucache
 Metrics		      Total	      Instrn	       Data	       Read	      Write	       Misc
 -----------------	      ------	      ------	      ------	      ------	      ------	      ------
 Demand Fetches		    32556003	        4186	    32551817	    25409067	     7142750	           0
  Fraction of total	      1.0000	      0.0001	      0.9999	      0.7805	      0.2194	      0.0000

 Demand Misses		    24464801	        4005	    24460796	    24445218	       15578	           0
  Demand miss rate	      0.7515	      0.9568	      0.7514	      0.9621	      0.0022	      0.0000

 Multi-block refs                 0
 Bytes From Memory	  1564750272
 ( / Demand Fetches)	     48.0633
 Bytes To Memory	   448314880
 ( / Demand Writes)	     62.7650
 Total Bytes r/w Mem	  2013065152
 ( / Demand Fetches)	     61.8339

l3-ucache
 Metrics		      Total	      Instrn	       Data	       Read	      Write	       Misc
 -----------------	      ------	      ------	      ------	      ------	      ------	      ------
 Demand Fetches		    31454143	        4005	    31450138	    24445218	     7004920	           0
  Fraction of total	      1.0000	      0.0001	      0.9999	      0.7772	      0.2227	      0.0000

 Demand Misses		    15622096	        3658	    15618438	    15606845	       11593	           0
  Demand miss rate	      0.4967	      0.9134	      0.4966	      0.6384	      0.0017	      0.0000

 Multi-block refs                 0
 Bytes From Memory	   999072192
 ( / Demand Fetches)	     31.7628
 Bytes To Memory	   438793536
 ( / Demand Writes)	     62.6408
 Total Bytes r/w Mem	  1437865728
 ( / Demand Fetches)	     45.7131

---Execution complete.
