tracename mgrid_m2b
---Dinero IV cache simulator, version 7
---Written by Jan Edler and Mark D. Hill
---Copyright (C) 1997 NEC Research Institute, Inc. and Mark D. Hill.
---All rights reserved.
---Copyright (C) 1985, 1989 Mark D. Hill.  All rights reserved.
---See -copyright option for details

---Summary of options (-help option gives usage information).

-l2-usize 262144
-l3-usize 2097152
-l1-isize 32768
-l1-dsize 32768
-l2-ubsize 64
-l3-ubsize 64
-l1-ibsize 64
-l1-dbsize 64
-l2-usbsize 64
-l3-usbsize 64
-l1-isbsize 64
-l1-dsbsize 64
-l2-uassoc 8
-l3-uassoc 8
-l1-iassoc 8
-l1-dassoc 8
-l2-urepl l
-l3-urepl l
-l1-irepl l
-l1-drepl l
-l2-ufetch d
-l3-ufetch d
-l1-ifetch d
-l1-dfetch d
-l2-uwalloc a
-l3-uwalloc a
-l1-dwalloc a
-l2-uwback a
-l3-uwback a
-l1-dwback a
-skipcount 0
-flushcount 0
-maxcount 0
-stat-interval 0
-informat s
-on-trigger 0x0
-off-trigger 0x0

---Simulation begins.
---Simulation complete.
l1-icache
 Metrics		      Total	      Instrn	       Data	       Read	      Write	       Misc
 -----------------	      ------	      ------	      ------	      ------	      ------	      ------
 Demand Fetches		  1999999386	  1999999386	           0	           0	           0	           0
  Fraction of total	      1.0000	      1.0000	      0.0000	      0.0000	      0.0000	      0.0000

 Demand Misses		        4186	        4186	           0	           0	           0	           0
  Demand miss rate	      0.0000	      0.0000	      0.0000	      0.0000	      0.0000	      0.0000

 Multi-block refs                 0
 Bytes From Memory	      267904
 ( / Demand Fetches)	      0.0001
 Bytes To Memory	           0
 ( / Demand Writes)	      0.0000
 Total Bytes r/w Mem	      267904
 ( / Demand Fetches)	      0.0001

l1-dcache
 Metrics		      Total	      Instrn	       Data	       Read	      Write	       Misc
 -----------------	      ------	      ------	      ------	      ------	      ------	      ------
 Demand Fetches		   728528595	           0	   728528595	   625264935	   103263660	           0
  Fraction of total	      1.0000	      0.0000	      1.0000	      0.8583	      0.1417	      0.0000

 Demand Misses		    25204709	           0	    25204709	    21849046	     3355663	           0
  Demand miss rate	      0.0346	      0.0000	      0.0346	      0.0349	      0.0325	      0.0000

 Multi-block refs                 0
 Bytes From Memory	  1613101376
 ( / Demand Fetches)	      2.2142
 Bytes To Memory	   448670144
 ( / Demand Writes)	      4.3449
 Total Bytes r/w Mem	  2061771520
 ( / Demand Fetches)	      2.8300

l2-ucache
 Metrics		      Total	      Instrn	       Data	       Read	      Write	       Misc
 -----------------	      ------	      ------	      ------	      ------	      ------	      ------
 Demand Fetches		    32219366	        4186	    32215180	    25204709	     7010471	           0
  Fraction of total	      1.0000	      0.0001	      0.9999	      0.7823	      0.2176	      0.0000

 Demand Misses		    24440618	        4005	    24436613	    24436361	         252	           0
  Demand miss rate	      0.7586	      0.9568	      0.7585	      0.9695	      0.0000	      0.0000

 Multi-block refs                 0
 Bytes From Memory	  1564183424
 ( / Demand Fetches)	     48.5479
 Bytes To Memory	   447221312
 ( / Demand Writes)	     63.7933
 Total Bytes r/w Mem	  2011404736
 ( / Demand Fetches)	     62.4284

l3-ucache
 Metrics		      Total	      Instrn	       Data	       Read	      Write	       Misc
 -----------------	      ------	      ------	      ------	      ------	      ------	      ------
 Demand Fetches		    31428199	        4005	    31424194	    24436361	     6987833	           0
  Fraction of total	      1.0000	      0.0001	      0.9999	      0.7775	      0.2223	      0.0000

 Demand Misses		    15615468	        3658	    15611810	    15611626	         184	           0
  Demand miss rate	      0.4969	      0.9134	      0.4968	      0.6389	      0.0000	      0.0000

 Multi-block refs                 0
 Bytes From Memory	   999378176
 ( / Demand Fetches)	     31.7988
 Bytes To Memory	   438545280
 ( / Demand Writes)	     62.7584
 Total Bytes r/w Mem	  1437923456
 ( / Demand Fetches)	     45.7527

---Execution complete.
