tracename applu_m2b
---Dinero IV cache simulator, version 7
---Written by Jan Edler and Mark D. Hill
---Copyright (C) 1997 NEC Research Institute, Inc. and Mark D. Hill.
---All rights reserved.
---Copyright (C) 1985, 1989 Mark D. Hill.  All rights reserved.
---See -copyright option for details

---Summary of options (-help option gives usage information).

-l2-usize 262144
-l3-usize 2097152
-l1-isize 32768
-l1-dsize 32768
-l2-ubsize 64
-l3-ubsize 64
-l1-ibsize 64
-l1-dbsize 64
-l2-usbsize 64
-l3-usbsize 64
-l1-isbsize 64
-l1-dsbsize 64
-l2-uassoc 8
-l3-uassoc 8
-l1-iassoc 8
-l1-dassoc 8
-l2-urepl r
-l3-urepl r
-l1-irepl l
-l1-drepl r
-l2-ufetch d
-l3-ufetch d
-l1-ifetch d
-l1-dfetch d
-l2-uwalloc a
-l3-uwalloc a
-l1-dwalloc a
-l2-uwback a
-l3-uwback a
-l1-dwback a
-skipcount 0
-flushcount 0
-maxcount 0
-stat-interval 0
-informat s
-on-trigger 0x0
-off-trigger 0x0

---Simulation begins.
---Simulation complete.
l1-icache
 Metrics		      Total	      Instrn	       Data	       Read	      Write	       Misc
 -----------------	      ------	      ------	      ------	      ------	      ------	      ------
 Demand Fetches		  1999999198	  1999999198	           0	           0	           0	           0
  Fraction of total	      1.0000	      1.0000	      0.0000	      0.0000	      0.0000	      0.0000

 Demand Misses		        9830	        9830	           0	           0	           0	           0
  Demand miss rate	      0.0000	      0.0000	      0.0000	      0.0000	      0.0000	      0.0000

 Multi-block refs                 0
 Bytes From Memory	      629120
 ( / Demand Fetches)	      0.0003
 Bytes To Memory	           0
 ( / Demand Writes)	      0.0000
 Total Bytes r/w Mem	      629120
 ( / Demand Fetches)	      0.0003

l1-dcache
 Metrics		      Total	      Instrn	       Data	       Read	      Write	       Misc
 -----------------	      ------	      ------	      ------	      ------	      ------	      ------
 Demand Fetches		   764034126	           0	   764034126	   538143526	   225890600	           0
  Fraction of total	      1.0000	      0.0000	      1.0000	      0.7043	      0.2957	      0.0000

 Demand Misses		    45770912	           0	    45770912	    32082767	    13688145	           0
  Demand miss rate	      0.0599	      0.0000	      0.0599	      0.0596	      0.0606	      0.0000

 Multi-block refs                 0
 Bytes From Memory	  2929338368
 ( / Demand Fetches)	      3.8340
 Bytes To Memory	  1253164032
 ( / Demand Writes)	      5.5477
 Total Bytes r/w Mem	  4182502400
 ( / Demand Fetches)	      5.4742

l2-ucache
 Metrics		      Total	      Instrn	       Data	       Read	      Write	       Misc
 -----------------	      ------	      ------	      ------	      ------	      ------	      ------
 Demand Fetches		    65361430	        9830	    65351600	    45770912	    19580688	           0
  Fraction of total	      1.0000	      0.0002	      0.9998	      0.7003	      0.2996	      0.0000

 Demand Misses		    43849122	        9827	    43839295	    42317830	     1521465	           0
  Demand miss rate	      0.6709	      0.9997	      0.6708	      0.9246	      0.0777	      0.0000

 Multi-block refs                 0
 Bytes From Memory	  2708970048
 ( / Demand Fetches)	     41.4460
 Bytes To Memory	  1209310784
 ( / Demand Writes)	     61.7604
 Total Bytes r/w Mem	  3918280832
 ( / Demand Fetches)	     59.9479

l3-ucache
 Metrics		      Total	      Instrn	       Data	       Read	      Write	       Misc
 -----------------	      ------	      ------	      ------	      ------	      ------	      ------
 Demand Fetches		    61223138	        9827	    61213311	    42317830	    18895481	           0
  Fraction of total	      1.0000	      0.0002	      0.9998	      0.6912	      0.3086	      0.0000

 Demand Misses		    43175084	        9826	    43165258	    41536275	     1628983	           0
  Demand miss rate	      0.7052	      0.9999	      0.7052	      0.9815	      0.0862	      0.0000

 Multi-block refs                 0
 Bytes From Memory	  2658950464
 ( / Demand Fetches)	     43.4305
 Bytes To Memory	  1204005184
 ( / Demand Writes)	     63.7192
 Total Bytes r/w Mem	  3862955648
 ( / Demand Fetches)	     63.0963

---Execution complete.
