tracename applu_m2b
---Dinero IV cache simulator, version 7
---Written by Jan Edler and Mark D. Hill
---Copyright (C) 1997 NEC Research Institute, Inc. and Mark D. Hill.
---All rights reserved.
---Copyright (C) 1985, 1989 Mark D. Hill.  All rights reserved.
---See -copyright option for details

---Summary of options (-help option gives usage information).

-l2-usize 262144
-l3-usize 2097152
-l1-isize 32768
-l1-dsize 32768
-l2-ubsize 64
-l3-ubsize 64
-l1-ibsize 64
-l1-dbsize 64
-l2-usbsize 64
-l3-usbsize 64
-l1-isbsize 64
-l1-dsbsize 64
-l2-uassoc 8
-l3-uassoc 8
-l1-iassoc 8
-l1-dassoc 8
-l2-urepl l
-l3-urepl l
-l1-irepl l
-l1-drepl l
-l2-ufetch d
-l3-ufetch d
-l1-ifetch d
-l1-dfetch d
-l2-uwalloc a
-l3-uwalloc a
-l1-dwalloc a
-l2-uwback a
-l3-uwback a
-l1-dwback a
-skipcount 0
-flushcount 0
-maxcount 0
-stat-interval 0
-informat s
-on-trigger 0x0
-off-trigger 0x0

---Simulation begins.
---Simulation complete.
l1-icache
 Metrics		      Total	      Instrn	       Data	       Read	      Write	       Misc
 -----------------	      ------	      ------	      ------	      ------	      ------	      ------
 Demand Fetches		  1999999198	  1999999198	           0	           0	           0	           0
  Fraction of total	      1.0000	      1.0000	      0.0000	      0.0000	      0.0000	      0.0000

 Demand Misses		        9830	        9830	           0	           0	           0	           0
  Demand miss rate	      0.0000	      0.0000	      0.0000	      0.0000	      0.0000	      0.0000

 Multi-block refs                 0
 Bytes From Memory	      629120
 ( / Demand Fetches)	      0.0003
 Bytes To Memory	           0
 ( / Demand Writes)	      0.0000
 Total Bytes r/w Mem	      629120
 ( / Demand Fetches)	      0.0003

l1-dcache
 Metrics		      Total	      Instrn	       Data	       Read	      Write	       Misc
 -----------------	      ------	      ------	      ------	      ------	      ------	      ------
 Demand Fetches		   764034126	           0	   764034126	   538143526	   225890600	           0
  Fraction of total	      1.0000	      0.0000	      1.0000	      0.7043	      0.2957	      0.0000

 Demand Misses		    43704786	           0	    43704786	    30306556	    13398230	           0
  Demand miss rate	      0.0572	      0.0000	      0.0572	      0.0563	      0.0593	      0.0000

 Multi-block refs                 0
 Bytes From Memory	  2797106304
 ( / Demand Fetches)	      3.6610
 Bytes To Memory	  1204432128
 ( / Demand Writes)	      5.3319
 Total Bytes r/w Mem	  4001538432
 ( / Demand Fetches)	      5.2374

l2-ucache
 Metrics		      Total	      Instrn	       Data	       Read	      Write	       Misc
 -----------------	      ------	      ------	      ------	      ------	      ------	      ------
 Demand Fetches		    62533868	        9830	    62524038	    43704786	    18819252	           0
  Fraction of total	      1.0000	      0.0002	      0.9998	      0.6989	      0.3009	      0.0000

 Demand Misses		    42101360	        9826	    42091534	    42090737	         797	           0
  Demand miss rate	      0.6733	      0.9996	      0.6732	      0.9631	      0.0000	      0.0000

 Multi-block refs                 0
 Bytes From Memory	  2694436032
 ( / Demand Fetches)	     43.0876
 Bytes To Memory	  1204420224
 ( / Demand Writes)	     63.9994
 Total Bytes r/w Mem	  3898856256
 ( / Demand Fetches)	     62.3479

l3-ucache
 Metrics		      Total	      Instrn	       Data	       Read	      Write	       Misc
 -----------------	      ------	      ------	      ------	      ------	      ------	      ------
 Demand Fetches		    60919629	        9826	    60909803	    42090737	    18819066	           0
  Fraction of total	      1.0000	      0.0002	      0.9998	      0.6909	      0.3089	      0.0000

 Demand Misses		    41931457	        9826	    41921631	    41921072	         559	           0
  Demand miss rate	      0.6883	      1.0000	      0.6883	      0.9960	      0.0000	      0.0000

 Multi-block refs                 0
 Bytes From Memory	  2683577472
 ( / Demand Fetches)	     44.0511
 Bytes To Memory	  1203337856
 ( / Demand Writes)	     63.9425
 Total Bytes r/w Mem	  3886915328
 ( / Demand Fetches)	     63.8040

---Execution complete.
