tracename gcc_m2b
---Dinero IV cache simulator, version 7
---Written by Jan Edler and Mark D. Hill
---Copyright (C) 1997 NEC Research Institute, Inc. and Mark D. Hill.
---All rights reserved.
---Copyright (C) 1985, 1989 Mark D. Hill.  All rights reserved.
---See -copyright option for details

---Summary of options (-help option gives usage information).

-l2-usize 262144
-l3-usize 2097152
-l1-isize 32768
-l1-dsize 32768
-l2-ubsize 64
-l3-ubsize 64
-l1-ibsize 64
-l1-dbsize 64
-l2-usbsize 64
-l3-usbsize 64
-l1-isbsize 64
-l1-dsbsize 64
-l2-uassoc 8
-l3-uassoc 8
-l1-iassoc 8
-l1-dassoc 8
-l2-urepl 2
-l3-urepl 2
-l1-irepl l
-l1-drepl 2
-l2-ufetch d
-l3-ufetch d
-l1-ifetch d
-l1-dfetch d
-l2-uwalloc a
-l3-uwalloc a
-l1-dwalloc a
-l2-uwback a
-l3-uwback a
-l1-dwback a
-skipcount 0
-flushcount 0
-maxcount 0
-stat-interval 0
-informat s
-on-trigger 0x0
-off-trigger 0x0

---Simulation begins.
---Simulation complete.
l1-icache
 Metrics		      Total	      Instrn	       Data	       Read	      Write	       Misc
 -----------------	      ------	      ------	      ------	      ------	      ------	      ------
 Demand Fetches		  1999999973	  1999999973	           0	           0	           0	           0
  Fraction of total	      1.0000	      1.0000	      0.0000	      0.0000	      0.0000	      0.0000

 Demand Misses		     3224339	     3224339	           0	           0	           0	           0
  Demand miss rate	      0.0016	      0.0016	      0.0000	      0.0000	      0.0000	      0.0000

 Multi-block refs                 0
 Bytes From Memory	   206357696
 ( / Demand Fetches)	      0.1032
 Bytes To Memory	           0
 ( / Demand Writes)	      0.0000
 Total Bytes r/w Mem	   206357696
 ( / Demand Fetches)	      0.1032

l1-dcache
 Metrics		      Total	      Instrn	       Data	       Read	      Write	       Misc
 -----------------	      ------	      ------	      ------	      ------	      ------	      ------
 Demand Fetches		  1042289053	           0	  1042289053	   755199682	   287089371	           0
  Fraction of total	      1.0000	      0.0000	      1.0000	      0.7246	      0.2754	      0.0000

 Demand Misses		    31149782	           0	    31149782	     7386456	    23763326	           0
  Demand miss rate	      0.0299	      0.0000	      0.0299	      0.0098	      0.0828	      0.0000

 Multi-block refs            373959
 Bytes From Memory	  1993586048
 ( / Demand Fetches)	      1.9127
 Bytes To Memory	  1562612928
 ( / Demand Writes)	      5.4429
 Total Bytes r/w Mem	  3556198976
 ( / Demand Fetches)	      3.4119

l2-ucache
 Metrics		      Total	      Instrn	       Data	       Read	      Write	       Misc
 -----------------	      ------	      ------	      ------	      ------	      ------	      ------
 Demand Fetches		    58789948	     3224339	    55565609	    31149782	    24415827	           0
  Fraction of total	      1.0000	      0.0548	      0.9452	      0.5298	      0.4153	      0.0000

 Demand Misses		    25957426	      361566	    25595860	    25302608	      293252	           0
  Demand miss rate	      0.4415	      0.1121	      0.4606	      0.8123	      0.0120	      0.0000

 Multi-block refs                 0
 Bytes From Memory	  1642507136
 ( / Demand Fetches)	     27.9386
 Bytes To Memory	  1429736640
 ( / Demand Writes)	     58.5578
 Total Bytes r/w Mem	  3072243776
 ( / Demand Fetches)	     52.2580

l3-ucache
 Metrics		      Total	      Instrn	       Data	       Read	      Write	       Misc
 -----------------	      ------	      ------	      ------	      ------	      ------	      ------
 Demand Fetches		    48003809	      361566	    47642243	    25302608	    22339635	           0
  Fraction of total	      1.0000	      0.0075	      0.9925	      0.5271	      0.4654	      0.0000

 Demand Misses		     2321535	       49472	     2272063	     2264982	        7081	           0
  Demand miss rate	      0.0484	      0.1368	      0.0477	      0.0895	      0.0003	      0.0000

 Multi-block refs                 0
 Bytes From Memory	   148125056
 ( / Demand Fetches)	      3.0857
 Bytes To Memory	    22962496
 ( / Demand Writes)	      1.0279
 Total Bytes r/w Mem	   171087552
 ( / Demand Fetches)	      3.5640

---Execution complete.
