tracename mesa_m2b
---Dinero IV cache simulator, version 7
---Written by Jan Edler and Mark D. Hill
---Copyright (C) 1997 NEC Research Institute, Inc. and Mark D. Hill.
---All rights reserved.
---Copyright (C) 1985, 1989 Mark D. Hill.  All rights reserved.
---See -copyright option for details

---Summary of options (-help option gives usage information).

-l2-usize 262144
-l3-usize 2097152
-l1-isize 32768
-l1-dsize 32768
-l2-ubsize 64
-l3-ubsize 64
-l1-ibsize 64
-l1-dbsize 64
-l2-usbsize 64
-l3-usbsize 64
-l1-isbsize 64
-l1-dsbsize 64
-l2-uassoc 8
-l3-uassoc 8
-l1-iassoc 8
-l1-dassoc 8
-l2-urepl 2
-l3-urepl 2
-l1-irepl l
-l1-drepl 2
-l2-ufetch d
-l3-ufetch d
-l1-ifetch d
-l1-dfetch d
-l2-uwalloc a
-l3-uwalloc a
-l1-dwalloc a
-l2-uwback a
-l3-uwback a
-l1-dwback a
-skipcount 0
-flushcount 0
-maxcount 0
-stat-interval 0
-informat s
-on-trigger 0x0
-off-trigger 0x0

---Simulation begins.
---Simulation complete.
l1-icache
 Metrics		      Total	      Instrn	       Data	       Read	      Write	       Misc
 -----------------	      ------	      ------	      ------	      ------	      ------	      ------
 Demand Fetches		  1999999952	  1999999952	           0	           0	           0	           0
  Fraction of total	      1.0000	      1.0000	      0.0000	      0.0000	      0.0000	      0.0000

 Demand Misses		        3281	        3281	           0	           0	           0	           0
  Demand miss rate	      0.0000	      0.0000	      0.0000	      0.0000	      0.0000	      0.0000

 Multi-block refs                 0
 Bytes From Memory	      209984
 ( / Demand Fetches)	      0.0001
 Bytes To Memory	           0
 ( / Demand Writes)	      0.0000
 Total Bytes r/w Mem	      209984
 ( / Demand Fetches)	      0.0001

l1-dcache
 Metrics		      Total	      Instrn	       Data	       Read	      Write	       Misc
 -----------------	      ------	      ------	      ------	      ------	      ------	      ------
 Demand Fetches		   765306029	           0	   765306029	   535332120	   229973909	           0
  Fraction of total	      1.0000	      0.0000	      1.0000	      0.6995	      0.3005	      0.0000

 Demand Misses		     3080700	           0	     3080700	     1689934	     1390766	           0
  Demand miss rate	      0.0040	      0.0000	      0.0040	      0.0032	      0.0060	      0.0000

 Multi-block refs           3452582
 Bytes From Memory	   197164800
 ( / Demand Fetches)	      0.2576
 Bytes To Memory	   164393856
 ( / Demand Writes)	      0.7148
 Total Bytes r/w Mem	   361558656
 ( / Demand Fetches)	      0.4724

l2-ucache
 Metrics		      Total	      Instrn	       Data	       Read	      Write	       Misc
 -----------------	      ------	      ------	      ------	      ------	      ------	      ------
 Demand Fetches		     5652635	        3281	     5649354	     3080700	     2568654	           0
  Fraction of total	      1.0000	      0.0006	      0.9994	      0.5450	      0.4544	      0.0000

 Demand Misses		     1263431	        3281	     1260150	     1243325	       16825	           0
  Demand miss rate	      0.2235	      1.0000	      0.2231	      0.4036	      0.0066	      0.0000

 Multi-block refs                 0
 Bytes From Memory	    79782784
 ( / Demand Fetches)	     14.1143
 Bytes To Memory	    75155008
 ( / Demand Writes)	     29.2585
 Total Bytes r/w Mem	   154937792
 ( / Demand Fetches)	     27.4098

l3-ucache
 Metrics		      Total	      Instrn	       Data	       Read	      Write	       Misc
 -----------------	      ------	      ------	      ------	      ------	      ------	      ------
 Demand Fetches		     2420903	        3281	     2417622	     1243325	     1174297	           0
  Fraction of total	      1.0000	      0.0014	      0.9986	      0.5136	      0.4851	      0.0000

 Demand Misses		     1146180	        3281	     1142899	     1127333	       15566	           0
  Demand miss rate	      0.4735	      1.0000	      0.4727	      0.9067	      0.0133	      0.0000

 Multi-block refs                 0
 Bytes From Memory	    72359296
 ( / Demand Fetches)	     29.8894
 Bytes To Memory	    68178176
 ( / Demand Writes)	     58.0587
 Total Bytes r/w Mem	   140537472
 ( / Demand Fetches)	     58.0517

---Execution complete.
