tracename mesa_m2b
---Dinero IV cache simulator, version 7
---Written by Jan Edler and Mark D. Hill
---Copyright (C) 1997 NEC Research Institute, Inc. and Mark D. Hill.
---All rights reserved.
---Copyright (C) 1985, 1989 Mark D. Hill.  All rights reserved.
---See -copyright option for details

---Summary of options (-help option gives usage information).

-l2-usize 262144
-l3-usize 2097152
-l1-isize 32768
-l1-dsize 32768
-l2-ubsize 64
-l3-ubsize 64
-l1-ibsize 64
-l1-dbsize 64
-l2-usbsize 64
-l3-usbsize 64
-l1-isbsize 64
-l1-dsbsize 64
-l2-uassoc 8
-l3-uassoc 8
-l1-iassoc 8
-l1-dassoc 8
-l2-urepl l
-l3-urepl l
-l1-irepl l
-l1-drepl l
-l2-ufetch d
-l3-ufetch d
-l1-ifetch d
-l1-dfetch d
-l2-uwalloc a
-l3-uwalloc a
-l1-dwalloc a
-l2-uwback a
-l3-uwback a
-l1-dwback a
-skipcount 0
-flushcount 0
-maxcount 0
-stat-interval 0
-informat s
-on-trigger 0x0
-off-trigger 0x0

---Simulation begins.
---Simulation complete.
l1-icache
 Metrics		      Total	      Instrn	       Data	       Read	      Write	       Misc
 -----------------	      ------	      ------	      ------	      ------	      ------	      ------
 Demand Fetches		  1999999952	  1999999952	           0	           0	           0	           0
  Fraction of total	      1.0000	      1.0000	      0.0000	      0.0000	      0.0000	      0.0000

 Demand Misses		        3281	        3281	           0	           0	           0	           0
  Demand miss rate	      0.0000	      0.0000	      0.0000	      0.0000	      0.0000	      0.0000

 Multi-block refs                 0
 Bytes From Memory	      209984
 ( / Demand Fetches)	      0.0001
 Bytes To Memory	           0
 ( / Demand Writes)	      0.0000
 Total Bytes r/w Mem	      209984
 ( / Demand Fetches)	      0.0001

l1-dcache
 Metrics		      Total	      Instrn	       Data	       Read	      Write	       Misc
 -----------------	      ------	      ------	      ------	      ------	      ------	      ------
 Demand Fetches		   765306029	           0	   765306029	   535332120	   229973909	           0
  Fraction of total	      1.0000	      0.0000	      1.0000	      0.6995	      0.3005	      0.0000

 Demand Misses		     2996375	           0	     2996375	     1593773	     1402602	           0
  Demand miss rate	      0.0039	      0.0000	      0.0039	      0.0030	      0.0061	      0.0000

 Multi-block refs           3452582
 Bytes From Memory	   191768000
 ( / Demand Fetches)	      0.2506
 Bytes To Memory	   161876672
 ( / Demand Writes)	      0.7039
 Total Bytes r/w Mem	   353644672
 ( / Demand Fetches)	      0.4621

l2-ucache
 Metrics		      Total	      Instrn	       Data	       Read	      Write	       Misc
 -----------------	      ------	      ------	      ------	      ------	      ------	      ------
 Demand Fetches		     5528979	        3281	     5525698	     2996375	     2529323	           0
  Fraction of total	      1.0000	      0.0006	      0.9994	      0.5419	      0.4575	      0.0000

 Demand Misses		     1203626	        3281	     1200345	     1200206	         139	           0
  Demand miss rate	      0.2177	      1.0000	      0.2172	      0.4006	      0.0001	      0.0000

 Multi-block refs                 0
 Bytes From Memory	    77023168
 ( / Demand Fetches)	     13.9308
 Bytes To Memory	    72664320
 ( / Demand Writes)	     28.7288
 Total Bytes r/w Mem	   149687488
 ( / Demand Fetches)	     27.0733

l3-ucache
 Metrics		      Total	      Instrn	       Data	       Read	      Write	       Misc
 -----------------	      ------	      ------	      ------	      ------	      ------	      ------
 Demand Fetches		     2338867	        3281	     2335586	     1200206	     1135380	           0
  Fraction of total	      1.0000	      0.0014	      0.9986	      0.5132	      0.4854	      0.0000

 Demand Misses		     1144716	        3281	     1141435	     1137966	        3469	           0
  Demand miss rate	      0.4894	      1.0000	      0.4887	      0.9481	      0.0031	      0.0000

 Multi-block refs                 0
 Bytes From Memory	    73039808
 ( / Demand Fetches)	     31.2287
 Bytes To Memory	    68698688
 ( / Demand Writes)	     60.5072
 Total Bytes r/w Mem	   141738496
 ( / Demand Fetches)	     60.6013

---Execution complete.
