tracename galgel_m2b
---Dinero IV cache simulator, version 7
---Written by Jan Edler and Mark D. Hill
---Copyright (C) 1997 NEC Research Institute, Inc. and Mark D. Hill.
---All rights reserved.
---Copyright (C) 1985, 1989 Mark D. Hill.  All rights reserved.
---See -copyright option for details

---Summary of options (-help option gives usage information).

-l2-usize 262144
-l3-usize 2097152
-l1-isize 32768
-l1-dsize 32768
-l2-ubsize 64
-l3-ubsize 64
-l1-ibsize 64
-l1-dbsize 64
-l2-usbsize 64
-l3-usbsize 64
-l1-isbsize 64
-l1-dsbsize 64
-l2-uassoc 8
-l3-uassoc 8
-l1-iassoc 8
-l1-dassoc 8
-l2-urepl 2
-l3-urepl 2
-l1-irepl l
-l1-drepl 2
-l2-ufetch d
-l3-ufetch d
-l1-ifetch d
-l1-dfetch d
-l2-uwalloc a
-l3-uwalloc a
-l1-dwalloc a
-l2-uwback a
-l3-uwback a
-l1-dwback a
-skipcount 0
-flushcount 0
-maxcount 0
-stat-interval 0
-informat s
-on-trigger 0x0
-off-trigger 0x0

---Simulation begins.
---Simulation complete.
l1-icache
 Metrics		      Total	      Instrn	       Data	       Read	      Write	       Misc
 -----------------	      ------	      ------	      ------	      ------	      ------	      ------
 Demand Fetches		  1999999990	  1999999990	           0	           0	           0	           0
  Fraction of total	      1.0000	      1.0000	      0.0000	      0.0000	      0.0000	      0.0000

 Demand Misses		          84	          84	           0	           0	           0	           0
  Demand miss rate	      0.0000	      0.0000	      0.0000	      0.0000	      0.0000	      0.0000

 Multi-block refs                 0
 Bytes From Memory	        5376
 ( / Demand Fetches)	      0.0000
 Bytes To Memory	           0
 ( / Demand Writes)	      0.0000
 Total Bytes r/w Mem	        5376
 ( / Demand Fetches)	      0.0000

l1-dcache
 Metrics		      Total	      Instrn	       Data	       Read	      Write	       Misc
 -----------------	      ------	      ------	      ------	      ------	      ------	      ------
 Demand Fetches		   825305552	           0	   825305552	   704964531	   120341021	           0
  Fraction of total	      1.0000	      0.0000	      1.0000	      0.8542	      0.1458	      0.0000

 Demand Misses		    32624025	           0	    32624025	    26083872	     6540153	           0
  Demand miss rate	      0.0395	      0.0000	      0.0395	      0.0370	      0.0543	      0.0000

 Multi-block refs                 0
 Bytes From Memory	  2087937600
 ( / Demand Fetches)	      2.5299
 Bytes To Memory	   731727104
 ( / Demand Writes)	      6.0804
 Total Bytes r/w Mem	  2819664704
 ( / Demand Fetches)	      3.4165

l2-ucache
 Metrics		      Total	      Instrn	       Data	       Read	      Write	       Misc
 -----------------	      ------	      ------	      ------	      ------	      ------	      ------
 Demand Fetches		    44057345	          84	    44057261	    32624025	    11433236	           0
  Fraction of total	      1.0000	      0.0000	      1.0000	      0.7405	      0.2595	      0.0000

 Demand Misses		    23762183	          84	    23762099	    23645773	      116326	           0
  Demand miss rate	      0.5393	      1.0000	      0.5393	      0.7248	      0.0102	      0.0000

 Multi-block refs                 0
 Bytes From Memory	  1513334848
 ( / Demand Fetches)	     34.3492
 Bytes To Memory	   506441664
 ( / Demand Writes)	     44.2956
 Total Bytes r/w Mem	  2019776512
 ( / Demand Fetches)	     45.8443

l3-ucache
 Metrics		      Total	      Instrn	       Data	       Read	      Write	       Misc
 -----------------	      ------	      ------	      ------	      ------	      ------	      ------
 Demand Fetches		    31559008	          84	    31558924	    23645773	     7913151	           0
  Fraction of total	      1.0000	      0.0000	      1.0000	      0.7493	      0.2507	      0.0000

 Demand Misses		      171430	          84	      171346	      170787	         559	           0
  Demand miss rate	      0.0054	      1.0000	      0.0054	      0.0072	      0.0001	      0.0000

 Multi-block refs                 0
 Bytes From Memory	    10935744
 ( / Demand Fetches)	      0.3465
 Bytes To Memory	     5853184
 ( / Demand Writes)	      0.7397
 Total Bytes r/w Mem	    16788928
 ( / Demand Fetches)	      0.5320

---Execution complete.
