tracename art_m2b
---Dinero IV cache simulator, version 7
---Written by Jan Edler and Mark D. Hill
---Copyright (C) 1997 NEC Research Institute, Inc. and Mark D. Hill.
---All rights reserved.
---Copyright (C) 1985, 1989 Mark D. Hill.  All rights reserved.
---See -copyright option for details

---Summary of options (-help option gives usage information).

-l2-usize 262144
-l3-usize 2097152
-l1-isize 32768
-l1-dsize 32768
-l2-ubsize 64
-l3-ubsize 64
-l1-ibsize 64
-l1-dbsize 64
-l2-usbsize 64
-l3-usbsize 64
-l1-isbsize 64
-l1-dsbsize 64
-l2-uassoc 8
-l3-uassoc 8
-l1-iassoc 8
-l1-dassoc 8
-l2-urepl l
-l3-urepl l
-l1-irepl l
-l1-drepl l
-l2-ufetch d
-l3-ufetch d
-l1-ifetch d
-l1-dfetch d
-l2-uwalloc a
-l3-uwalloc a
-l1-dwalloc a
-l2-uwback a
-l3-uwback a
-l1-dwback a
-skipcount 0
-flushcount 0
-maxcount 0
-stat-interval 0
-informat s
-on-trigger 0x0
-off-trigger 0x0

---Simulation begins.
---Simulation complete.
l1-icache
 Metrics		      Total	      Instrn	       Data	       Read	      Write	       Misc
 -----------------	      ------	      ------	      ------	      ------	      ------	      ------
 Demand Fetches		  1999999864	  1999999864	           0	           0	           0	           0
  Fraction of total	      1.0000	      1.0000	      0.0000	      0.0000	      0.0000	      0.0000

 Demand Misses		         374	         374	           0	           0	           0	           0
  Demand miss rate	      0.0000	      0.0000	      0.0000	      0.0000	      0.0000	      0.0000

 Multi-block refs                 0
 Bytes From Memory	       23936
 ( / Demand Fetches)	      0.0000
 Bytes To Memory	           0
 ( / Demand Writes)	      0.0000
 Total Bytes r/w Mem	       23936
 ( / Demand Fetches)	      0.0000

l1-dcache
 Metrics		      Total	      Instrn	       Data	       Read	      Write	       Misc
 -----------------	      ------	      ------	      ------	      ------	      ------	      ------
 Demand Fetches		   682430992	           0	   682430992	   525980123	   156450869	           0
  Fraction of total	      1.0000	      0.0000	      1.0000	      0.7707	      0.2293	      0.0000

 Demand Misses		   223331628	           0	   223331628	   223189576	      142052	           0
  Demand miss rate	      0.3273	      0.0000	      0.3273	      0.4243	      0.0009	      0.0000

 Multi-block refs             11423
 Bytes From Memory	 14293224192
 ( / Demand Fetches)	     20.9446
 Bytes To Memory	  4137082368
 ( / Demand Writes)	     26.4433
 Total Bytes r/w Mem	 18430306560
 ( / Demand Fetches)	     27.0068

l2-ucache
 Metrics		      Total	      Instrn	       Data	       Read	      Write	       Misc
 -----------------	      ------	      ------	      ------	      ------	      ------	      ------
 Demand Fetches		   287973914	         374	   287973540	   223331628	    64641912	           0
  Fraction of total	      1.0000	      0.0000	      1.0000	      0.7755	      0.2245	      0.0000

 Demand Misses		   223335861	         374	   223335487	   223331628	        3859	           0
  Demand miss rate	      0.7755	      1.0000	      0.7755	      1.0000	      0.0001	      0.0000

 Multi-block refs                 0
 Bytes From Memory	 14293248128
 ( / Demand Fetches)	     49.6338
 Bytes To Memory	  4137082368
 ( / Demand Writes)	     64.0000
 Total Bytes r/w Mem	 18430330496
 ( / Demand Fetches)	     64.0000

l3-ucache
 Metrics		      Total	      Instrn	       Data	       Read	      Write	       Misc
 -----------------	      ------	      ------	      ------	      ------	      ------	      ------
 Demand Fetches		   287973914	         374	   287973540	   223331628	    64641912	           0
  Fraction of total	      1.0000	      0.0000	      1.0000	      0.7755	      0.2245	      0.0000

 Demand Misses		    28556441	         374	    28556067	    28556067	           0	           0
  Demand miss rate	      0.0992	      1.0000	      0.0992	      0.1279	      0.0000	      0.0000

 Multi-block refs                 0
 Bytes From Memory	  1827612224
 ( / Demand Fetches)	      6.3465
 Bytes To Memory	     9531264
 ( / Demand Writes)	      0.1474
 Total Bytes r/w Mem	  1837143488
 ( / Demand Fetches)	      6.3795

---Execution complete.
