tracename mcf_m2b
---Dinero IV cache simulator, version 7
---Written by Jan Edler and Mark D. Hill
---Copyright (C) 1997 NEC Research Institute, Inc. and Mark D. Hill.
---All rights reserved.
---Copyright (C) 1985, 1989 Mark D. Hill.  All rights reserved.
---See -copyright option for details

---Summary of options (-help option gives usage information).

-l2-usize 262144
-l3-usize 2097152
-l1-isize 32768
-l1-dsize 32768
-l2-ubsize 64
-l3-ubsize 64
-l1-ibsize 64
-l1-dbsize 64
-l2-usbsize 64
-l3-usbsize 64
-l1-isbsize 64
-l1-dsbsize 64
-l2-uassoc 8
-l3-uassoc 8
-l1-iassoc 8
-l1-dassoc 8
-l2-urepl 2
-l3-urepl 2
-l1-irepl l
-l1-drepl 2
-l2-ufetch d
-l3-ufetch d
-l1-ifetch d
-l1-dfetch d
-l2-uwalloc a
-l3-uwalloc a
-l1-dwalloc a
-l2-uwback a
-l3-uwback a
-l1-dwback a
-skipcount 0
-flushcount 0
-maxcount 0
-stat-interval 0
-informat s
-on-trigger 0x0
-off-trigger 0x0

---Simulation begins.
---Simulation complete.
l1-icache
 Metrics		      Total	      Instrn	       Data	       Read	      Write	       Misc
 -----------------	      ------	      ------	      ------	      ------	      ------	      ------
 Demand Fetches		  1999999998	  1999999998	           0	           0	           0	           0
  Fraction of total	      1.0000	      1.0000	      0.0000	      0.0000	      0.0000	      0.0000

 Demand Misses		         152	         152	           0	           0	           0	           0
  Demand miss rate	      0.0000	      0.0000	      0.0000	      0.0000	      0.0000	      0.0000

 Multi-block refs                 0
 Bytes From Memory	        9728
 ( / Demand Fetches)	      0.0000
 Bytes To Memory	           0
 ( / Demand Writes)	      0.0000
 Total Bytes r/w Mem	        9728
 ( / Demand Fetches)	      0.0000

l1-dcache
 Metrics		      Total	      Instrn	       Data	       Read	      Write	       Misc
 -----------------	      ------	      ------	      ------	      ------	      ------	      ------
 Demand Fetches		   759536997	           0	   759536997	   688140098	    71396899	           0
  Fraction of total	      1.0000	      0.0000	      1.0000	      0.9060	      0.0940	      0.0000

 Demand Misses		   232981822	           0	   232981822	   223548931	     9432891	           0
  Demand miss rate	      0.3067	      0.0000	      0.3067	      0.3249	      0.1321	      0.0000

 Multi-block refs                 0
 Bytes From Memory	 14910836608
 ( / Demand Fetches)	     19.6315
 Bytes To Memory	  3301253504
 ( / Demand Writes)	     46.2381
 Total Bytes r/w Mem	 18212090112
 ( / Demand Fetches)	     23.9779

l2-ucache
 Metrics		      Total	      Instrn	       Data	       Read	      Write	       Misc
 -----------------	      ------	      ------	      ------	      ------	      ------	      ------
 Demand Fetches		   284564060	         152	   284563908	   232981822	    51582086	           0
  Fraction of total	      1.0000	      0.0000	      1.0000	      0.8187	      0.1813	      0.0000

 Demand Misses		   208077240	         152	   208077088	   206288779	     1788309	           0
  Demand miss rate	      0.7312	      1.0000	      0.7312	      0.8854	      0.0347	      0.0000

 Multi-block refs                 0
 Bytes From Memory	 13202491584
 ( / Demand Fetches)	     46.3955
 Bytes To Memory	  3168142592
 ( / Demand Writes)	     61.4194
 Total Bytes r/w Mem	 16370634176
 ( / Demand Fetches)	     57.5288

l3-ucache
 Metrics		      Total	      Instrn	       Data	       Read	      Write	       Misc
 -----------------	      ------	      ------	      ------	      ------	      ------	      ------
 Demand Fetches		   255791159	         152	   255791007	   206288779	    49502228	           0
  Fraction of total	      1.0000	      0.0000	      1.0000	      0.8065	      0.1935	      0.0000

 Demand Misses		   139796056	         152	   139795904	   139029951	      765953	           0
  Demand miss rate	      0.5465	      1.0000	      0.5465	      0.6740	      0.0155	      0.0000

 Multi-block refs                 0
 Bytes From Memory	  8897926592
 ( / Demand Fetches)	     34.7859
 Bytes To Memory	  2703914816
 ( / Demand Writes)	     54.6221
 Total Bytes r/w Mem	 11601841408
 ( / Demand Fetches)	     45.3567

---Execution complete.
