tracename equake_m2b
---Dinero IV cache simulator, version 7
---Written by Jan Edler and Mark D. Hill
---Copyright (C) 1997 NEC Research Institute, Inc. and Mark D. Hill.
---All rights reserved.
---Copyright (C) 1985, 1989 Mark D. Hill.  All rights reserved.
---See -copyright option for details

---Summary of options (-help option gives usage information).

-l2-usize 262144
-l3-usize 2097152
-l1-isize 32768
-l1-dsize 32768
-l2-ubsize 64
-l3-ubsize 64
-l1-ibsize 64
-l1-dbsize 64
-l2-usbsize 64
-l3-usbsize 64
-l1-isbsize 64
-l1-dsbsize 64
-l2-uassoc 8
-l3-uassoc 8
-l1-iassoc 8
-l1-dassoc 8
-l2-urepl 2
-l3-urepl 2
-l1-irepl l
-l1-drepl 2
-l2-ufetch d
-l3-ufetch d
-l1-ifetch d
-l1-dfetch d
-l2-uwalloc a
-l3-uwalloc a
-l1-dwalloc a
-l2-uwback a
-l3-uwback a
-l1-dwback a
-skipcount 0
-flushcount 0
-maxcount 0
-stat-interval 0
-informat s
-on-trigger 0x0
-off-trigger 0x0

---Simulation begins.
---Simulation complete.
l1-icache
 Metrics		      Total	      Instrn	       Data	       Read	      Write	       Misc
 -----------------	      ------	      ------	      ------	      ------	      ------	      ------
 Demand Fetches		  1999999970	  1999999970	           0	           0	           0	           0
  Fraction of total	      1.0000	      1.0000	      0.0000	      0.0000	      0.0000	      0.0000

 Demand Misses		         329	         329	           0	           0	           0	           0
  Demand miss rate	      0.0000	      0.0000	      0.0000	      0.0000	      0.0000	      0.0000

 Multi-block refs                 0
 Bytes From Memory	       21056
 ( / Demand Fetches)	      0.0000
 Bytes To Memory	           0
 ( / Demand Writes)	      0.0000
 Total Bytes r/w Mem	       21056
 ( / Demand Fetches)	      0.0000

l1-dcache
 Metrics		      Total	      Instrn	       Data	       Read	      Write	       Misc
 -----------------	      ------	      ------	      ------	      ------	      ------	      ------
 Demand Fetches		   900875270	           0	   900875270	   809931597	    90943673	           0
  Fraction of total	      1.0000	      0.0000	      1.0000	      0.8990	      0.1010	      0.0000

 Demand Misses		    63831291	           0	    63831291	    61900339	     1930952	           0
  Demand miss rate	      0.0709	      0.0000	      0.0709	      0.0764	      0.0212	      0.0000

 Multi-block refs                 0
 Bytes From Memory	  4085202624
 ( / Demand Fetches)	      4.5347
 Bytes To Memory	   478267648
 ( / Demand Writes)	      5.2589
 Total Bytes r/w Mem	  4563470272
 ( / Demand Fetches)	      5.0656

l2-ucache
 Metrics		      Total	      Instrn	       Data	       Read	      Write	       Misc
 -----------------	      ------	      ------	      ------	      ------	      ------	      ------
 Demand Fetches		    71304552	         329	    71304223	    63831291	     7472932	           0
  Fraction of total	      1.0000	      0.0000	      1.0000	      0.8952	      0.1048	      0.0000

 Demand Misses		    55563423	         329	    55563094	    55437461	      125633	           0
  Demand miss rate	      0.7792	      1.0000	      0.7792	      0.8685	      0.0168	      0.0000

 Multi-block refs                 0
 Bytes From Memory	  3548018560
 ( / Demand Fetches)	     49.7587
 Bytes To Memory	   420942528
 ( / Demand Writes)	     56.3290
 Total Bytes r/w Mem	  3968961088
 ( / Demand Fetches)	     55.6621

l3-ucache
 Metrics		      Total	      Instrn	       Data	       Read	      Write	       Misc
 -----------------	      ------	      ------	      ------	      ------	      ------	      ------
 Demand Fetches		    62015017	         329	    62014688	    55437461	     6577227	           0
  Fraction of total	      1.0000	      0.0000	      1.0000	      0.8939	      0.1061	      0.0000

 Demand Misses		    53561358	         329	    53561029	    53496295	       64734	           0
  Demand miss rate	      0.8637	      1.0000	      0.8637	      0.9650	      0.0098	      0.0000

 Multi-block refs                 0
 Bytes From Memory	  3423783936
 ( / Demand Fetches)	     55.2089
 Bytes To Memory	   389137536
 ( / Demand Writes)	     59.1644
 Total Bytes r/w Mem	  3812921472
 ( / Demand Fetches)	     61.4838

---Execution complete.
