tracename equake_m2b
---Dinero IV cache simulator, version 7
---Written by Jan Edler and Mark D. Hill
---Copyright (C) 1997 NEC Research Institute, Inc. and Mark D. Hill.
---All rights reserved.
---Copyright (C) 1985, 1989 Mark D. Hill.  All rights reserved.
---See -copyright option for details

---Summary of options (-help option gives usage information).

-l2-usize 262144
-l3-usize 2097152
-l1-isize 32768
-l1-dsize 32768
-l2-ubsize 64
-l3-ubsize 64
-l1-ibsize 64
-l1-dbsize 64
-l2-usbsize 64
-l3-usbsize 64
-l1-isbsize 64
-l1-dsbsize 64
-l2-uassoc 8
-l3-uassoc 8
-l1-iassoc 8
-l1-dassoc 8
-l2-urepl r
-l3-urepl r
-l1-irepl l
-l1-drepl r
-l2-ufetch d
-l3-ufetch d
-l1-ifetch d
-l1-dfetch d
-l2-uwalloc a
-l3-uwalloc a
-l1-dwalloc a
-l2-uwback a
-l3-uwback a
-l1-dwback a
-skipcount 0
-flushcount 0
-maxcount 0
-stat-interval 0
-informat s
-on-trigger 0x0
-off-trigger 0x0

---Simulation begins.
---Simulation complete.
l1-icache
 Metrics		      Total	      Instrn	       Data	       Read	      Write	       Misc
 -----------------	      ------	      ------	      ------	      ------	      ------	      ------
 Demand Fetches		  1999999970	  1999999970	           0	           0	           0	           0
  Fraction of total	      1.0000	      1.0000	      0.0000	      0.0000	      0.0000	      0.0000

 Demand Misses		         329	         329	           0	           0	           0	           0
  Demand miss rate	      0.0000	      0.0000	      0.0000	      0.0000	      0.0000	      0.0000

 Multi-block refs                 0
 Bytes From Memory	       21056
 ( / Demand Fetches)	      0.0000
 Bytes To Memory	           0
 ( / Demand Writes)	      0.0000
 Total Bytes r/w Mem	       21056
 ( / Demand Fetches)	      0.0000

l1-dcache
 Metrics		      Total	      Instrn	       Data	       Read	      Write	       Misc
 -----------------	      ------	      ------	      ------	      ------	      ------	      ------
 Demand Fetches		   900875270	           0	   900875270	   809931597	    90943673	           0
  Fraction of total	      1.0000	      0.0000	      1.0000	      0.8990	      0.1010	      0.0000

 Demand Misses		    67347374	           0	    67347374	    65412319	     1935055	           0
  Demand miss rate	      0.0748	      0.0000	      0.0748	      0.0808	      0.0213	      0.0000

 Multi-block refs                 0
 Bytes From Memory	  4310231936
 ( / Demand Fetches)	      4.7845
 Bytes To Memory	   522088768
 ( / Demand Writes)	      5.7408
 Total Bytes r/w Mem	  4832320704
 ( / Demand Fetches)	      5.3640

l2-ucache
 Metrics		      Total	      Instrn	       Data	       Read	      Write	       Misc
 -----------------	      ------	      ------	      ------	      ------	      ------	      ------
 Demand Fetches		    75505340	         329	    75505011	    67347374	     8157637	           0
  Fraction of total	      1.0000	      0.0000	      1.0000	      0.8920	      0.1080	      0.0000

 Demand Misses		    57185336	         329	    57185007	    56426462	      758545	           0
  Demand miss rate	      0.7574	      1.0000	      0.7574	      0.8378	      0.0930	      0.0000

 Multi-block refs                 0
 Bytes From Memory	  3611314624
 ( / Demand Fetches)	     47.8286
 Bytes To Memory	   436613312
 ( / Demand Writes)	     53.5220
 Total Bytes r/w Mem	  4047927936
 ( / Demand Fetches)	     53.6111

l3-ucache
 Metrics		      Total	      Instrn	       Data	       Read	      Write	       Misc
 -----------------	      ------	      ------	      ------	      ------	      ------	      ------
 Demand Fetches		    63248874	         329	    63248545	    56426462	     6822083	           0
  Fraction of total	      1.0000	      0.0000	      1.0000	      0.8921	      0.1079	      0.0000

 Demand Misses		    53914012	         329	    53913683	    53283345	      630338	           0
  Demand miss rate	      0.8524	      1.0000	      0.8524	      0.9443	      0.0924	      0.0000

 Multi-block refs                 0
 Bytes From Memory	  3410155136
 ( / Demand Fetches)	     53.9165
 Bytes To Memory	   390966784
 ( / Demand Writes)	     57.3090
 Total Bytes r/w Mem	  3801121920
 ( / Demand Fetches)	     60.0979

---Execution complete.
