tracename crafty_m2b
---Dinero IV cache simulator, version 7
---Written by Jan Edler and Mark D. Hill
---Copyright (C) 1997 NEC Research Institute, Inc. and Mark D. Hill.
---All rights reserved.
---Copyright (C) 1985, 1989 Mark D. Hill.  All rights reserved.
---See -copyright option for details

---Summary of options (-help option gives usage information).

-l2-usize 262144
-l3-usize 2097152
-l1-isize 32768
-l1-dsize 32768
-l2-ubsize 64
-l3-ubsize 64
-l1-ibsize 64
-l1-dbsize 64
-l2-usbsize 64
-l3-usbsize 64
-l1-isbsize 64
-l1-dsbsize 64
-l2-uassoc 8
-l3-uassoc 8
-l1-iassoc 8
-l1-dassoc 8
-l2-urepl l
-l3-urepl l
-l1-irepl l
-l1-drepl l
-l2-ufetch d
-l3-ufetch d
-l1-ifetch d
-l1-dfetch d
-l2-uwalloc a
-l3-uwalloc a
-l1-dwalloc a
-l2-uwback a
-l3-uwback a
-l1-dwback a
-skipcount 0
-flushcount 0
-maxcount 0
-stat-interval 0
-informat s
-on-trigger 0x0
-off-trigger 0x0

---Simulation begins.
---Simulation complete.
l1-icache
 Metrics		      Total	      Instrn	       Data	       Read	      Write	       Misc
 -----------------	      ------	      ------	      ------	      ------	      ------	      ------
 Demand Fetches		  1999999945	  1999999945	           0	           0	           0	           0
  Fraction of total	      1.0000	      1.0000	      0.0000	      0.0000	      0.0000	      0.0000

 Demand Misses		     2110378	     2110378	           0	           0	           0	           0
  Demand miss rate	      0.0011	      0.0011	      0.0000	      0.0000	      0.0000	      0.0000

 Multi-block refs                 0
 Bytes From Memory	   135064192
 ( / Demand Fetches)	      0.0675
 Bytes To Memory	           0
 ( / Demand Writes)	      0.0000
 Total Bytes r/w Mem	   135064192
 ( / Demand Fetches)	      0.0675

l1-dcache
 Metrics		      Total	      Instrn	       Data	       Read	      Write	       Misc
 -----------------	      ------	      ------	      ------	      ------	      ------	      ------
 Demand Fetches		   735566041	           0	   735566041	   628469183	   107096858	           0
  Fraction of total	      1.0000	      0.0000	      1.0000	      0.8544	      0.1456	      0.0000

 Demand Misses		     8152603	           0	     8152603	     7983708	      168895	           0
  Demand miss rate	      0.0111	      0.0000	      0.0111	      0.0127	      0.0016	      0.0000

 Multi-block refs           1404897
 Bytes From Memory	   521766592
 ( / Demand Fetches)	      0.7093
 Bytes To Memory	    25864384
 ( / Demand Writes)	      0.2415
 Total Bytes r/w Mem	   547630976
 ( / Demand Fetches)	      0.7445

l2-ucache
 Metrics		      Total	      Instrn	       Data	       Read	      Write	       Misc
 -----------------	      ------	      ------	      ------	      ------	      ------	      ------
 Demand Fetches		    10667112	     2110378	     8556734	     8152603	      404131	           0
  Fraction of total	      1.0000	      0.1978	      0.8022	      0.7643	      0.0379	      0.0000

 Demand Misses		      520892	       38341	      482551	      480821	        1730	           0
  Demand miss rate	      0.0488	      0.0182	      0.0564	      0.0590	      0.0043	      0.0000

 Multi-block refs                 0
 Bytes From Memory	    33226368
 ( / Demand Fetches)	      3.1148
 Bytes To Memory	    10012864
 ( / Demand Writes)	     24.7763
 Total Bytes r/w Mem	    43239232
 ( / Demand Fetches)	      4.0535

l3-ucache
 Metrics		      Total	      Instrn	       Data	       Read	      Write	       Misc
 -----------------	      ------	      ------	      ------	      ------	      ------	      ------
 Demand Fetches		      675613	       38341	      637272	      480821	      156451	           0
  Fraction of total	      1.0000	      0.0567	      0.9433	      0.7117	      0.2316	      0.0000

 Demand Misses		       21907	         892	       21015	       21009	           6	           0
  Demand miss rate	      0.0324	      0.0233	      0.0330	      0.0437	      0.0000	      0.0000

 Multi-block refs                 0
 Bytes From Memory	     1401664
 ( / Demand Fetches)	      2.0747
 Bytes To Memory	      873920
 ( / Demand Writes)	      5.5859
 Total Bytes r/w Mem	     2275584
 ( / Demand Fetches)	      3.3682

---Execution complete.
