tracename ammp_m2b
---Dinero IV cache simulator, version 7
---Written by Jan Edler and Mark D. Hill
---Copyright (C) 1997 NEC Research Institute, Inc. and Mark D. Hill.
---All rights reserved.
---Copyright (C) 1985, 1989 Mark D. Hill.  All rights reserved.
---See -copyright option for details

---Summary of options (-help option gives usage information).

-l2-usize 262144
-l3-usize 2097152
-l1-isize 32768
-l1-dsize 32768
-l2-ubsize 64
-l3-ubsize 64
-l1-ibsize 64
-l1-dbsize 64
-l2-usbsize 64
-l3-usbsize 64
-l1-isbsize 64
-l1-dsbsize 64
-l2-uassoc 8
-l3-uassoc 8
-l1-iassoc 8
-l1-dassoc 8
-l2-urepl 2
-l3-urepl 2
-l1-irepl l
-l1-drepl 2
-l2-ufetch d
-l3-ufetch d
-l1-ifetch d
-l1-dfetch d
-l2-uwalloc a
-l3-uwalloc a
-l1-dwalloc a
-l2-uwback a
-l3-uwback a
-l1-dwback a
-skipcount 0
-flushcount 0
-maxcount 0
-stat-interval 0
-informat s
-on-trigger 0x0
-off-trigger 0x0

---Simulation begins.
---Simulation complete.
l1-icache
 Metrics		      Total	      Instrn	       Data	       Read	      Write	       Misc
 -----------------	      ------	      ------	      ------	      ------	      ------	      ------
 Demand Fetches		  1999999918	  1999999918	           0	           0	           0	           0
  Fraction of total	      1.0000	      1.0000	      0.0000	      0.0000	      0.0000	      0.0000

 Demand Misses		         463	         463	           0	           0	           0	           0
  Demand miss rate	      0.0000	      0.0000	      0.0000	      0.0000	      0.0000	      0.0000

 Multi-block refs                 0
 Bytes From Memory	       29632
 ( / Demand Fetches)	      0.0000
 Bytes To Memory	           0
 ( / Demand Writes)	      0.0000
 Total Bytes r/w Mem	       29632
 ( / Demand Fetches)	      0.0000

l1-dcache
 Metrics		      Total	      Instrn	       Data	       Read	      Write	       Misc
 -----------------	      ------	      ------	      ------	      ------	      ------	      ------
 Demand Fetches		   744595033	           0	   744595033	   552857447	   191737586	           0
  Fraction of total	      1.0000	      0.0000	      1.0000	      0.7425	      0.2575	      0.0000

 Demand Misses		    36897802	           0	    36897802	    36219590	      678212	           0
  Demand miss rate	      0.0496	      0.0000	      0.0496	      0.0655	      0.0035	      0.0000

 Multi-block refs                 0
 Bytes From Memory	  2361459328
 ( / Demand Fetches)	      3.1715
 Bytes To Memory	   517372160
 ( / Demand Writes)	      2.6983
 Total Bytes r/w Mem	  2878831488
 ( / Demand Fetches)	      3.8663

l2-ucache
 Metrics		      Total	      Instrn	       Data	       Read	      Write	       Misc
 -----------------	      ------	      ------	      ------	      ------	      ------	      ------
 Demand Fetches		    44982205	         463	    44981742	    36897802	     8083940	           0
  Fraction of total	      1.0000	      0.0000	      1.0000	      0.8203	      0.1797	      0.0000

 Demand Misses		    21358911	         463	    21358448	    21200924	      157524	           0
  Demand miss rate	      0.4748	      1.0000	      0.4748	      0.5746	      0.0195	      0.0000

 Multi-block refs                 0
 Bytes From Memory	  1356888768
 ( / Demand Fetches)	     30.1650
 Bytes To Memory	   338989248
 ( / Demand Writes)	     41.9337
 Total Bytes r/w Mem	  1695878016
 ( / Demand Fetches)	     37.7011

l3-ucache
 Metrics		      Total	      Instrn	       Data	       Read	      Write	       Misc
 -----------------	      ------	      ------	      ------	      ------	      ------	      ------
 Demand Fetches		    26498094	         463	    26497631	    21200924	     5296707	           0
  Fraction of total	      1.0000	      0.0000	      1.0000	      0.8001	      0.1999	      0.0000

 Demand Misses		     7436738	         463	     7436275	     7405231	       31044	           0
  Demand miss rate	      0.2807	      1.0000	      0.2806	      0.3493	      0.0059	      0.0000

 Multi-block refs                 0
 Bytes From Memory	   473964416
 ( / Demand Fetches)	     17.8867
 Bytes To Memory	   100302144
 ( / Demand Writes)	     18.9367
 Total Bytes r/w Mem	   574266560
 ( / Demand Fetches)	     21.6720

---Execution complete.
