tracename ammp_m2b
---Dinero IV cache simulator, version 7
---Written by Jan Edler and Mark D. Hill
---Copyright (C) 1997 NEC Research Institute, Inc. and Mark D. Hill.
---All rights reserved.
---Copyright (C) 1985, 1989 Mark D. Hill.  All rights reserved.
---See -copyright option for details

---Summary of options (-help option gives usage information).

-l2-usize 262144
-l3-usize 2097152
-l1-isize 32768
-l1-dsize 32768
-l2-ubsize 64
-l3-ubsize 64
-l1-ibsize 64
-l1-dbsize 64
-l2-usbsize 64
-l3-usbsize 64
-l1-isbsize 64
-l1-dsbsize 64
-l2-uassoc 8
-l3-uassoc 8
-l1-iassoc 8
-l1-dassoc 8
-l2-urepl r
-l3-urepl r
-l1-irepl l
-l1-drepl r
-l2-ufetch d
-l3-ufetch d
-l1-ifetch d
-l1-dfetch d
-l2-uwalloc a
-l3-uwalloc a
-l1-dwalloc a
-l2-uwback a
-l3-uwback a
-l1-dwback a
-skipcount 0
-flushcount 0
-maxcount 0
-stat-interval 0
-informat s
-on-trigger 0x0
-off-trigger 0x0

---Simulation begins.
---Simulation complete.
l1-icache
 Metrics		      Total	      Instrn	       Data	       Read	      Write	       Misc
 -----------------	      ------	      ------	      ------	      ------	      ------	      ------
 Demand Fetches		  1999999918	  1999999918	           0	           0	           0	           0
  Fraction of total	      1.0000	      1.0000	      0.0000	      0.0000	      0.0000	      0.0000

 Demand Misses		         463	         463	           0	           0	           0	           0
  Demand miss rate	      0.0000	      0.0000	      0.0000	      0.0000	      0.0000	      0.0000

 Multi-block refs                 0
 Bytes From Memory	       29632
 ( / Demand Fetches)	      0.0000
 Bytes To Memory	           0
 ( / Demand Writes)	      0.0000
 Total Bytes r/w Mem	       29632
 ( / Demand Fetches)	      0.0000

l1-dcache
 Metrics		      Total	      Instrn	       Data	       Read	      Write	       Misc
 -----------------	      ------	      ------	      ------	      ------	      ------	      ------
 Demand Fetches		   744595033	           0	   744595033	   552857447	   191737586	           0
  Fraction of total	      1.0000	      0.0000	      1.0000	      0.7425	      0.2575	      0.0000

 Demand Misses		    38605024	           0	    38605024	    37805147	      799877	           0
  Demand miss rate	      0.0518	      0.0000	      0.0518	      0.0684	      0.0042	      0.0000

 Multi-block refs                 0
 Bytes From Memory	  2470721536
 ( / Demand Fetches)	      3.3182
 Bytes To Memory	   553878080
 ( / Demand Writes)	      2.8887
 Total Bytes r/w Mem	  3024599616
 ( / Demand Fetches)	      4.0621

l2-ucache
 Metrics		      Total	      Instrn	       Data	       Read	      Write	       Misc
 -----------------	      ------	      ------	      ------	      ------	      ------	      ------
 Demand Fetches		    47259832	         463	    47259369	    38605024	     8654345	           0
  Fraction of total	      1.0000	      0.0000	      1.0000	      0.8169	      0.1831	      0.0000

 Demand Misses		    21997686	         463	    21997223	    21368621	      628602	           0
  Demand miss rate	      0.4655	      1.0000	      0.4655	      0.5535	      0.0726	      0.0000

 Multi-block refs                 0
 Bytes From Memory	  1367621376
 ( / Demand Fetches)	     28.9383
 Bytes To Memory	   350104384
 ( / Demand Writes)	     40.4542
 Total Bytes r/w Mem	  1717725760
 ( / Demand Fetches)	     36.3464

l3-ucache
 Metrics		      Total	      Instrn	       Data	       Read	      Write	       Misc
 -----------------	      ------	      ------	      ------	      ------	      ------	      ------
 Demand Fetches		    26839465	         463	    26839002	    21368621	     5470381	           0
  Fraction of total	      1.0000	      0.0000	      1.0000	      0.7962	      0.2038	      0.0000

 Demand Misses		     7727984	         463	     7727521	     7565742	      161779	           0
  Demand miss rate	      0.2879	      1.0000	      0.2879	      0.3541	      0.0296	      0.0000

 Multi-block refs                 0
 Bytes From Memory	   484237120
 ( / Demand Fetches)	     18.0420
 Bytes To Memory	   104509824
 ( / Demand Writes)	     19.1047
 Total Bytes r/w Mem	   588746944
 ( / Demand Fetches)	     21.9359

---Execution complete.
