tracename ammp_m2b
---Dinero IV cache simulator, version 7
---Written by Jan Edler and Mark D. Hill
---Copyright (C) 1997 NEC Research Institute, Inc. and Mark D. Hill.
---All rights reserved.
---Copyright (C) 1985, 1989 Mark D. Hill.  All rights reserved.
---See -copyright option for details

---Summary of options (-help option gives usage information).

-l2-usize 262144
-l3-usize 2097152
-l1-isize 32768
-l1-dsize 32768
-l2-ubsize 64
-l3-ubsize 64
-l1-ibsize 64
-l1-dbsize 64
-l2-usbsize 64
-l3-usbsize 64
-l1-isbsize 64
-l1-dsbsize 64
-l2-uassoc 8
-l3-uassoc 8
-l1-iassoc 8
-l1-dassoc 8
-l2-urepl f
-l3-urepl f
-l1-irepl l
-l1-drepl f
-l2-ufetch d
-l3-ufetch d
-l1-ifetch d
-l1-dfetch d
-l2-uwalloc a
-l3-uwalloc a
-l1-dwalloc a
-l2-uwback a
-l3-uwback a
-l1-dwback a
-skipcount 0
-flushcount 0
-maxcount 0
-stat-interval 0
-informat s
-on-trigger 0x0
-off-trigger 0x0

---Simulation begins.
---Simulation complete.
l1-icache
 Metrics		      Total	      Instrn	       Data	       Read	      Write	       Misc
 -----------------	      ------	      ------	      ------	      ------	      ------	      ------
 Demand Fetches		  1999999918	  1999999918	           0	           0	           0	           0
  Fraction of total	      1.0000	      1.0000	      0.0000	      0.0000	      0.0000	      0.0000

 Demand Misses		         463	         463	           0	           0	           0	           0
  Demand miss rate	      0.0000	      0.0000	      0.0000	      0.0000	      0.0000	      0.0000

 Multi-block refs                 0
 Bytes From Memory	       29632
 ( / Demand Fetches)	      0.0000
 Bytes To Memory	           0
 ( / Demand Writes)	      0.0000
 Total Bytes r/w Mem	       29632
 ( / Demand Fetches)	      0.0000

l1-dcache
 Metrics		      Total	      Instrn	       Data	       Read	      Write	       Misc
 -----------------	      ------	      ------	      ------	      ------	      ------	      ------
 Demand Fetches		   744595033	           0	   744595033	   552857447	   191737586	           0
  Fraction of total	      1.0000	      0.0000	      1.0000	      0.7425	      0.2575	      0.0000

 Demand Misses		    37631510	           0	    37631510	    36841497	      790013	           0
  Demand miss rate	      0.0505	      0.0000	      0.0505	      0.0666	      0.0041	      0.0000

 Multi-block refs                 0
 Bytes From Memory	  2408416640
 ( / Demand Fetches)	      3.2345
 Bytes To Memory	   543896832
 ( / Demand Writes)	      2.8367
 Total Bytes r/w Mem	  2952313472
 ( / Demand Fetches)	      3.9650

l2-ucache
 Metrics		      Total	      Instrn	       Data	       Read	      Write	       Misc
 -----------------	      ------	      ------	      ------	      ------	      ------	      ------
 Demand Fetches		    46130361	         463	    46129898	    37631510	     8498388	           0
  Fraction of total	      1.0000	      0.0000	      1.0000	      0.8158	      0.1842	      0.0000

 Demand Misses		    22240096	         463	    22239633	    22150067	       89566	           0
  Demand miss rate	      0.4821	      1.0000	      0.4821	      0.5886	      0.0105	      0.0000

 Multi-block refs                 0
 Bytes From Memory	  1417633920
 ( / Demand Fetches)	     30.7310
 Bytes To Memory	   360780992
 ( / Demand Writes)	     42.4529
 Total Bytes r/w Mem	  1778414912
 ( / Demand Fetches)	     38.5519

l3-ucache
 Metrics		      Total	      Instrn	       Data	       Read	      Write	       Misc
 -----------------	      ------	      ------	      ------	      ------	      ------	      ------
 Demand Fetches		    27787733	         463	    27787270	    22150067	     5637203	           0
  Fraction of total	      1.0000	      0.0000	      1.0000	      0.7971	      0.2029	      0.0000

 Demand Misses		     7616649	         463	     7616186	     7578636	       37550	           0
  Demand miss rate	      0.2741	      1.0000	      0.2741	      0.3421	      0.0067	      0.0000

 Multi-block refs                 0
 Bytes From Memory	   485062336
 ( / Demand Fetches)	     17.4560
 Bytes To Memory	   103523904
 ( / Demand Writes)	     18.3644
 Total Bytes r/w Mem	   588586240
 ( / Demand Fetches)	     21.1815

---Execution complete.
