tracename fma3d_m2b
---Dinero IV cache simulator, version 7
---Written by Jan Edler and Mark D. Hill
---Copyright (C) 1997 NEC Research Institute, Inc. and Mark D. Hill.
---All rights reserved.
---Copyright (C) 1985, 1989 Mark D. Hill.  All rights reserved.
---See -copyright option for details

---Summary of options (-help option gives usage information).

-l2-usize 262144
-l3-usize 2097152
-l1-isize 32768
-l1-dsize 32768
-l2-ubsize 64
-l3-ubsize 64
-l1-ibsize 64
-l1-dbsize 64
-l2-usbsize 64
-l3-usbsize 64
-l1-isbsize 64
-l1-dsbsize 64
-l2-uassoc 8
-l3-uassoc 8
-l1-iassoc 8
-l1-dassoc 8
-l2-urepl l
-l3-urepl l
-l1-irepl l
-l1-drepl l
-l2-ufetch d
-l3-ufetch d
-l1-ifetch d
-l1-dfetch d
-l2-uwalloc a
-l3-uwalloc a
-l1-dwalloc a
-l2-uwback a
-l3-uwback a
-l1-dwback a
-skipcount 0
-flushcount 0
-maxcount 0
-stat-interval 0
-informat s
-on-trigger 0x0
-off-trigger 0x0

---Simulation begins.
---Simulation complete.
l1-icache
 Metrics		      Total	      Instrn	       Data	       Read	      Write	       Misc
 -----------------	      ------	      ------	      ------	      ------	      ------	      ------
 Demand Fetches		  1999999375	  1999999375	           0	           0	           0	           0
  Fraction of total	      1.0000	      1.0000	      0.0000	      0.0000	      0.0000	      0.0000

 Demand Misses		        2296	        2296	           0	           0	           0	           0
  Demand miss rate	      0.0000	      0.0000	      0.0000	      0.0000	      0.0000	      0.0000

 Multi-block refs                 0
 Bytes From Memory	      146944
 ( / Demand Fetches)	      0.0001
 Bytes To Memory	           0
 ( / Demand Writes)	      0.0000
 Total Bytes r/w Mem	      146944
 ( / Demand Fetches)	      0.0001

l1-dcache
 Metrics		      Total	      Instrn	       Data	       Read	      Write	       Misc
 -----------------	      ------	      ------	      ------	      ------	      ------	      ------
 Demand Fetches		   913972993	           0	   913972993	   601233722	   312739271	           0
  Fraction of total	      1.0000	      0.0000	      1.0000	      0.6578	      0.3422	      0.0000

 Demand Misses		    22424490	           0	    22424490	    20924841	     1499649	           0
  Demand miss rate	      0.0245	      0.0000	      0.0245	      0.0348	      0.0048	      0.0000

 Multi-block refs                 0
 Bytes From Memory	  1435167360
 ( / Demand Fetches)	      1.5703
 Bytes To Memory	   621826816
 ( / Demand Writes)	      1.9883
 Total Bytes r/w Mem	  2056994176
 ( / Demand Fetches)	      2.2506

l2-ucache
 Metrics		      Total	      Instrn	       Data	       Read	      Write	       Misc
 -----------------	      ------	      ------	      ------	      ------	      ------	      ------
 Demand Fetches		    32142830	        2296	    32140534	    22424490	     9716044	           0
  Fraction of total	      1.0000	      0.0001	      0.9999	      0.6977	      0.3023	      0.0000

 Demand Misses		    21476481	        2001	    21474480	    21468179	        6301	           0
  Demand miss rate	      0.6682	      0.8715	      0.6681	      0.9574	      0.0006	      0.0000

 Multi-block refs                 0
 Bytes From Memory	  1374091520
 ( / Demand Fetches)	     42.7496
 Bytes To Memory	   568691712
 ( / Demand Writes)	     58.5312
 Total Bytes r/w Mem	  1942783232
 ( / Demand Fetches)	     60.4422

l3-ucache
 Metrics		      Total	      Instrn	       Data	       Read	      Write	       Misc
 -----------------	      ------	      ------	      ------	      ------	      ------	      ------
 Demand Fetches		    30355988	        2001	    30353987	    21468179	     8885808	           0
  Fraction of total	      1.0000	      0.0001	      0.9999	      0.7072	      0.2927	      0.0000

 Demand Misses		    20428690	        2001	    20426689	    20425430	        1259	           0
  Demand miss rate	      0.6730	      1.0000	      0.6729	      0.9514	      0.0001	      0.0000

 Multi-block refs                 0
 Bytes From Memory	  1307355584
 ( / Demand Fetches)	     43.0675
 Bytes To Memory	   568184448
 ( / Demand Writes)	     63.9429
 Total Bytes r/w Mem	  1875540032
 ( / Demand Fetches)	     61.7848

---Execution complete.
