tracename fma3d_m2b
---Dinero IV cache simulator, version 7
---Written by Jan Edler and Mark D. Hill
---Copyright (C) 1997 NEC Research Institute, Inc. and Mark D. Hill.
---All rights reserved.
---Copyright (C) 1985, 1989 Mark D. Hill.  All rights reserved.
---See -copyright option for details

---Summary of options (-help option gives usage information).

-l2-usize 262144
-l3-usize 2097152
-l1-isize 32768
-l1-dsize 32768
-l2-ubsize 64
-l3-ubsize 64
-l1-ibsize 64
-l1-dbsize 64
-l2-usbsize 64
-l3-usbsize 64
-l1-isbsize 64
-l1-dsbsize 64
-l2-uassoc 8
-l3-uassoc 8
-l1-iassoc 8
-l1-dassoc 8
-l2-urepl f
-l3-urepl f
-l1-irepl l
-l1-drepl f
-l2-ufetch d
-l3-ufetch d
-l1-ifetch d
-l1-dfetch d
-l2-uwalloc a
-l3-uwalloc a
-l1-dwalloc a
-l2-uwback a
-l3-uwback a
-l1-dwback a
-skipcount 0
-flushcount 0
-maxcount 0
-stat-interval 0
-informat s
-on-trigger 0x0
-off-trigger 0x0

---Simulation begins.
---Simulation complete.
l1-icache
 Metrics		      Total	      Instrn	       Data	       Read	      Write	       Misc
 -----------------	      ------	      ------	      ------	      ------	      ------	      ------
 Demand Fetches		  1999999375	  1999999375	           0	           0	           0	           0
  Fraction of total	      1.0000	      1.0000	      0.0000	      0.0000	      0.0000	      0.0000

 Demand Misses		        2296	        2296	           0	           0	           0	           0
  Demand miss rate	      0.0000	      0.0000	      0.0000	      0.0000	      0.0000	      0.0000

 Multi-block refs                 0
 Bytes From Memory	      146944
 ( / Demand Fetches)	      0.0001
 Bytes To Memory	           0
 ( / Demand Writes)	      0.0000
 Total Bytes r/w Mem	      146944
 ( / Demand Fetches)	      0.0001

l1-dcache
 Metrics		      Total	      Instrn	       Data	       Read	      Write	       Misc
 -----------------	      ------	      ------	      ------	      ------	      ------	      ------
 Demand Fetches		   913972993	           0	   913972993	   601233722	   312739271	           0
  Fraction of total	      1.0000	      0.0000	      1.0000	      0.6578	      0.3422	      0.0000

 Demand Misses		    23731410	           0	    23731410	    21566471	     2164939	           0
  Demand miss rate	      0.0260	      0.0000	      0.0260	      0.0359	      0.0069	      0.0000

 Multi-block refs                 0
 Bytes From Memory	  1518810240
 ( / Demand Fetches)	      1.6618
 Bytes To Memory	   673215488
 ( / Demand Writes)	      2.1526
 Total Bytes r/w Mem	  2192025728
 ( / Demand Fetches)	      2.3983

l2-ucache
 Metrics		      Total	      Instrn	       Data	       Read	      Write	       Misc
 -----------------	      ------	      ------	      ------	      ------	      ------	      ------
 Demand Fetches		    34252698	        2296	    34250402	    23731410	    10518992	           0
  Fraction of total	      1.0000	      0.0001	      0.9999	      0.6928	      0.3071	      0.0000

 Demand Misses		    21745575	        2001	    21743574	    21554887	      188687	           0
  Demand miss rate	      0.6349	      0.8715	      0.6348	      0.9083	      0.0179	      0.0000

 Multi-block refs                 0
 Bytes From Memory	  1379640832
 ( / Demand Fetches)	     40.2783
 Bytes To Memory	   582509632
 ( / Demand Writes)	     55.3769
 Total Bytes r/w Mem	  1962150464
 ( / Demand Fetches)	     57.2846

l3-ucache
 Metrics		      Total	      Instrn	       Data	       Read	      Write	       Misc
 -----------------	      ------	      ------	      ------	      ------	      ------	      ------
 Demand Fetches		    30658601	        2001	    30656600	    21554887	     9101713	           0
  Fraction of total	      1.0000	      0.0001	      0.9999	      0.7031	      0.2969	      0.0000

 Demand Misses		    20441530	        2001	    20439529	    20430521	        9008	           0
  Demand miss rate	      0.6667	      1.0000	      0.6667	      0.9478	      0.0010	      0.0000

 Multi-block refs                 0
 Bytes From Memory	  1307681408
 ( / Demand Fetches)	     42.6530
 Bytes To Memory	   568714304
 ( / Demand Writes)	     62.4843
 Total Bytes r/w Mem	  1876395712
 ( / Demand Fetches)	     61.2029

---Execution complete.
