tracename parser_m2b
---Dinero IV cache simulator, version 7
---Written by Jan Edler and Mark D. Hill
---Copyright (C) 1997 NEC Research Institute, Inc. and Mark D. Hill.
---All rights reserved.
---Copyright (C) 1985, 1989 Mark D. Hill.  All rights reserved.
---See -copyright option for details

---Summary of options (-help option gives usage information).

-l2-usize 262144
-l3-usize 2097152
-l1-isize 32768
-l1-dsize 32768
-l2-ubsize 64
-l3-ubsize 64
-l1-ibsize 64
-l1-dbsize 64
-l2-usbsize 64
-l3-usbsize 64
-l1-isbsize 64
-l1-dsbsize 64
-l2-uassoc 8
-l3-uassoc 8
-l1-iassoc 8
-l1-dassoc 8
-l2-urepl 2
-l3-urepl 2
-l1-irepl l
-l1-drepl 2
-l2-ufetch d
-l3-ufetch d
-l1-ifetch d
-l1-dfetch d
-l2-uwalloc a
-l3-uwalloc a
-l1-dwalloc a
-l2-uwback a
-l3-uwback a
-l1-dwback a
-skipcount 0
-flushcount 0
-maxcount 0
-stat-interval 0
-informat s
-on-trigger 0x0
-off-trigger 0x0

---Simulation begins.
---Simulation complete.
l1-icache
 Metrics		      Total	      Instrn	       Data	       Read	      Write	       Misc
 -----------------	      ------	      ------	      ------	      ------	      ------	      ------
 Demand Fetches		  1999999988	  1999999988	           0	           0	           0	           0
  Fraction of total	      1.0000	      1.0000	      0.0000	      0.0000	      0.0000	      0.0000

 Demand Misses		      173175	      173175	           0	           0	           0	           0
  Demand miss rate	      0.0001	      0.0001	      0.0000	      0.0000	      0.0000	      0.0000

 Multi-block refs                 0
 Bytes From Memory	    11083200
 ( / Demand Fetches)	      0.0055
 Bytes To Memory	           0
 ( / Demand Writes)	      0.0000
 Total Bytes r/w Mem	    11083200
 ( / Demand Fetches)	      0.0055

l1-dcache
 Metrics		      Total	      Instrn	       Data	       Read	      Write	       Misc
 -----------------	      ------	      ------	      ------	      ------	      ------	      ------
 Demand Fetches		   701379966	           0	   701379966	   551279642	   150100324	           0
  Fraction of total	      1.0000	      0.0000	      1.0000	      0.7860	      0.2140	      0.0000

 Demand Misses		    15302311	           0	    15302311	    14315148	      987163	           0
  Demand miss rate	      0.0218	      0.0000	      0.0218	      0.0260	      0.0066	      0.0000

 Multi-block refs            220627
 Bytes From Memory	   979347904
 ( / Demand Fetches)	      1.3963
 Bytes To Memory	   177992512
 ( / Demand Writes)	      1.1858
 Total Bytes r/w Mem	  1157340416
 ( / Demand Fetches)	      1.6501

l2-ucache
 Metrics		      Total	      Instrn	       Data	       Read	      Write	       Misc
 -----------------	      ------	      ------	      ------	      ------	      ------	      ------
 Demand Fetches		    18256619	      173175	    18083444	    15302311	     2781133	           0
  Fraction of total	      1.0000	      0.0095	      0.9905	      0.8382	      0.1523	      0.0000

 Demand Misses		     4001893	       32709	     3969184	     3940978	       28206	           0
  Demand miss rate	      0.2192	      0.1889	      0.2195	      0.2575	      0.0101	      0.0000

 Multi-block refs                 0
 Bytes From Memory	   254315968
 ( / Demand Fetches)	     13.9301
 Bytes To Memory	    98397056
 ( / Demand Writes)	     35.3802
 Total Bytes r/w Mem	   352713024
 ( / Demand Fetches)	     19.3197

l3-ucache
 Metrics		      Total	      Instrn	       Data	       Read	      Write	       Misc
 -----------------	      ------	      ------	      ------	      ------	      ------	      ------
 Demand Fetches		     5511141	       32709	     5478432	     3940978	     1537454	           0
  Fraction of total	      1.0000	      0.0059	      0.9941	      0.7151	      0.2790	      0.0000

 Demand Misses		     1343577	        5299	     1338278	     1329550	        8728	           0
  Demand miss rate	      0.2438	      0.1620	      0.2443	      0.3374	      0.0057	      0.0000

 Multi-block refs                 0
 Bytes From Memory	    85430336
 ( / Demand Fetches)	     15.5014
 Bytes To Memory	    54663296
 ( / Demand Writes)	     35.5544
 Total Bytes r/w Mem	   140093632
 ( / Demand Fetches)	     25.4201

---Execution complete.
