tracename sixtrack_m2b
---Dinero IV cache simulator, version 7
---Written by Jan Edler and Mark D. Hill
---Copyright (C) 1997 NEC Research Institute, Inc. and Mark D. Hill.
---All rights reserved.
---Copyright (C) 1985, 1989 Mark D. Hill.  All rights reserved.
---See -copyright option for details

---Summary of options (-help option gives usage information).

-l2-usize 262144
-l3-usize 2097152
-l1-isize 32768
-l1-dsize 32768
-l2-ubsize 64
-l3-ubsize 64
-l1-ibsize 64
-l1-dbsize 64
-l2-usbsize 64
-l3-usbsize 64
-l1-isbsize 64
-l1-dsbsize 64
-l2-uassoc 8
-l3-uassoc 8
-l1-iassoc 8
-l1-dassoc 8
-l2-urepl f
-l3-urepl f
-l1-irepl l
-l1-drepl f
-l2-ufetch d
-l3-ufetch d
-l1-ifetch d
-l1-dfetch d
-l2-uwalloc a
-l3-uwalloc a
-l1-dwalloc a
-l2-uwback a
-l3-uwback a
-l1-dwback a
-skipcount 0
-flushcount 0
-maxcount 0
-stat-interval 0
-informat s
-on-trigger 0x0
-off-trigger 0x0

---Simulation begins.
---Simulation complete.
l1-icache
 Metrics		      Total	      Instrn	       Data	       Read	      Write	       Misc
 -----------------	      ------	      ------	      ------	      ------	      ------	      ------
 Demand Fetches		  1999999931	  1999999931	           0	           0	           0	           0
  Fraction of total	      1.0000	      1.0000	      0.0000	      0.0000	      0.0000	      0.0000

 Demand Misses		         751	         751	           0	           0	           0	           0
  Demand miss rate	      0.0000	      0.0000	      0.0000	      0.0000	      0.0000	      0.0000

 Multi-block refs                 0
 Bytes From Memory	       48064
 ( / Demand Fetches)	      0.0000
 Bytes To Memory	           0
 ( / Demand Writes)	      0.0000
 Total Bytes r/w Mem	       48064
 ( / Demand Fetches)	      0.0000

l1-dcache
 Metrics		      Total	      Instrn	       Data	       Read	      Write	       Misc
 -----------------	      ------	      ------	      ------	      ------	      ------	      ------
 Demand Fetches		   493776813	           0	   493776813	   387265028	   106511785	           0
  Fraction of total	      1.0000	      0.0000	      1.0000	      0.7843	      0.2157	      0.0000

 Demand Misses		     1346558	           0	     1346558	     1301297	       45261	           0
  Demand miss rate	      0.0027	      0.0000	      0.0027	      0.0034	      0.0004	      0.0000

 Multi-block refs                 0
 Bytes From Memory	    86179712
 ( / Demand Fetches)	      0.1745
 Bytes To Memory	     9684352
 ( / Demand Writes)	      0.0909
 Total Bytes r/w Mem	    95864064
 ( / Demand Fetches)	      0.1941

l2-ucache
 Metrics		      Total	      Instrn	       Data	       Read	      Write	       Misc
 -----------------	      ------	      ------	      ------	      ------	      ------	      ------
 Demand Fetches		     1498627	         751	     1497876	     1346558	      151318	           0
  Fraction of total	      1.0000	      0.0005	      0.9995	      0.8985	      0.1010	      0.0000

 Demand Misses		     1096635	         748	     1095887	     1080516	       15371	           0
  Demand miss rate	      0.7318	      0.9960	      0.7316	      0.8024	      0.1016	      0.0000

 Multi-block refs                 0
 Bytes From Memory	    69200896
 ( / Demand Fetches)	     46.1762
 Bytes To Memory	     1157440
 ( / Demand Writes)	      7.6491
 Total Bytes r/w Mem	    70358336
 ( / Demand Fetches)	     46.9485

l3-ucache
 Metrics		      Total	      Instrn	       Data	       Read	      Write	       Misc
 -----------------	      ------	      ------	      ------	      ------	      ------	      ------
 Demand Fetches		     1099349	         748	     1098601	     1080516	       18085	           0
  Fraction of total	      1.0000	      0.0007	      0.9993	      0.9829	      0.0165	      0.0000

 Demand Misses		      117410	         423	      116987	      116489	         498	           0
  Demand miss rate	      0.1068	      0.5655	      0.1065	      0.1078	      0.0275	      0.0000

 Multi-block refs                 0
 Bytes From Memory	     7482368
 ( / Demand Fetches)	      6.8062
 Bytes To Memory	       60544
 ( / Demand Writes)	      3.3477
 Total Bytes r/w Mem	     7542912
 ( / Demand Fetches)	      6.8613

---Execution complete.
