tracename sixtrack_m2b
---Dinero IV cache simulator, version 7
---Written by Jan Edler and Mark D. Hill
---Copyright (C) 1997 NEC Research Institute, Inc. and Mark D. Hill.
---All rights reserved.
---Copyright (C) 1985, 1989 Mark D. Hill.  All rights reserved.
---See -copyright option for details

---Summary of options (-help option gives usage information).

-l2-usize 262144
-l3-usize 2097152
-l1-isize 32768
-l1-dsize 32768
-l2-ubsize 64
-l3-ubsize 64
-l1-ibsize 64
-l1-dbsize 64
-l2-usbsize 64
-l3-usbsize 64
-l1-isbsize 64
-l1-dsbsize 64
-l2-uassoc 8
-l3-uassoc 8
-l1-iassoc 8
-l1-dassoc 8
-l2-urepl r
-l3-urepl r
-l1-irepl l
-l1-drepl r
-l2-ufetch d
-l3-ufetch d
-l1-ifetch d
-l1-dfetch d
-l2-uwalloc a
-l3-uwalloc a
-l1-dwalloc a
-l2-uwback a
-l3-uwback a
-l1-dwback a
-skipcount 0
-flushcount 0
-maxcount 0
-stat-interval 0
-informat s
-on-trigger 0x0
-off-trigger 0x0

---Simulation begins.
---Simulation complete.
l1-icache
 Metrics		      Total	      Instrn	       Data	       Read	      Write	       Misc
 -----------------	      ------	      ------	      ------	      ------	      ------	      ------
 Demand Fetches		  1999999931	  1999999931	           0	           0	           0	           0
  Fraction of total	      1.0000	      1.0000	      0.0000	      0.0000	      0.0000	      0.0000

 Demand Misses		         751	         751	           0	           0	           0	           0
  Demand miss rate	      0.0000	      0.0000	      0.0000	      0.0000	      0.0000	      0.0000

 Multi-block refs                 0
 Bytes From Memory	       48064
 ( / Demand Fetches)	      0.0000
 Bytes To Memory	           0
 ( / Demand Writes)	      0.0000
 Total Bytes r/w Mem	       48064
 ( / Demand Fetches)	      0.0000

l1-dcache
 Metrics		      Total	      Instrn	       Data	       Read	      Write	       Misc
 -----------------	      ------	      ------	      ------	      ------	      ------	      ------
 Demand Fetches		   493776813	           0	   493776813	   387265028	   106511785	           0
  Fraction of total	      1.0000	      0.0000	      1.0000	      0.7843	      0.2157	      0.0000

 Demand Misses		     1392873	           0	     1392873	     1346342	       46531	           0
  Demand miss rate	      0.0028	      0.0000	      0.0028	      0.0035	      0.0004	      0.0000

 Multi-block refs                 0
 Bytes From Memory	    89143872
 ( / Demand Fetches)	      0.1805
 Bytes To Memory	     9975232
 ( / Demand Writes)	      0.0937
 Total Bytes r/w Mem	    99119104
 ( / Demand Fetches)	      0.2007

l2-ucache
 Metrics		      Total	      Instrn	       Data	       Read	      Write	       Misc
 -----------------	      ------	      ------	      ------	      ------	      ------	      ------
 Demand Fetches		     1549487	         751	     1548736	     1392873	      155863	           0
  Fraction of total	      1.0000	      0.0005	      0.9995	      0.8989	      0.1006	      0.0000

 Demand Misses		     1093953	         747	     1093206	     1078292	       14914	           0
  Demand miss rate	      0.7060	      0.9947	      0.7059	      0.7741	      0.0957	      0.0000

 Multi-block refs                 0
 Bytes From Memory	    69058496
 ( / Demand Fetches)	     44.5686
 Bytes To Memory	     1110784
 ( / Demand Writes)	      7.1267
 Total Bytes r/w Mem	    70169280
 ( / Demand Fetches)	     45.2855

l3-ucache
 Metrics		      Total	      Instrn	       Data	       Read	      Write	       Misc
 -----------------	      ------	      ------	      ------	      ------	      ------	      ------
 Demand Fetches		     1096395	         747	     1095648	     1078292	       17356	           0
  Fraction of total	      1.0000	      0.0007	      0.9993	      0.9835	      0.0158	      0.0000

 Demand Misses		       49420	         410	       49010	       48842	         168	           0
  Demand miss rate	      0.0451	      0.5489	      0.0447	      0.0453	      0.0097	      0.0000

 Multi-block refs                 0
 Bytes From Memory	     3152128
 ( / Demand Fetches)	      2.8750
 Bytes To Memory	       22976
 ( / Demand Writes)	      1.3238
 Total Bytes r/w Mem	     3175104
 ( / Demand Fetches)	      2.8959

---Execution complete.
