tracename sixtrack_m2b
---Dinero IV cache simulator, version 7
---Written by Jan Edler and Mark D. Hill
---Copyright (C) 1997 NEC Research Institute, Inc. and Mark D. Hill.
---All rights reserved.
---Copyright (C) 1985, 1989 Mark D. Hill.  All rights reserved.
---See -copyright option for details

---Summary of options (-help option gives usage information).

-l2-usize 262144
-l3-usize 2097152
-l1-isize 32768
-l1-dsize 32768
-l2-ubsize 64
-l3-ubsize 64
-l1-ibsize 64
-l1-dbsize 64
-l2-usbsize 64
-l3-usbsize 64
-l1-isbsize 64
-l1-dsbsize 64
-l2-uassoc 8
-l3-uassoc 8
-l1-iassoc 8
-l1-dassoc 8
-l2-urepl l
-l3-urepl l
-l1-irepl l
-l1-drepl l
-l2-ufetch d
-l3-ufetch d
-l1-ifetch d
-l1-dfetch d
-l2-uwalloc a
-l3-uwalloc a
-l1-dwalloc a
-l2-uwback a
-l3-uwback a
-l1-dwback a
-skipcount 0
-flushcount 0
-maxcount 0
-stat-interval 0
-informat s
-on-trigger 0x0
-off-trigger 0x0

---Simulation begins.
---Simulation complete.
l1-icache
 Metrics		      Total	      Instrn	       Data	       Read	      Write	       Misc
 -----------------	      ------	      ------	      ------	      ------	      ------	      ------
 Demand Fetches		  1999999931	  1999999931	           0	           0	           0	           0
  Fraction of total	      1.0000	      1.0000	      0.0000	      0.0000	      0.0000	      0.0000

 Demand Misses		         751	         751	           0	           0	           0	           0
  Demand miss rate	      0.0000	      0.0000	      0.0000	      0.0000	      0.0000	      0.0000

 Multi-block refs                 0
 Bytes From Memory	       48064
 ( / Demand Fetches)	      0.0000
 Bytes To Memory	           0
 ( / Demand Writes)	      0.0000
 Total Bytes r/w Mem	       48064
 ( / Demand Fetches)	      0.0000

l1-dcache
 Metrics		      Total	      Instrn	       Data	       Read	      Write	       Misc
 -----------------	      ------	      ------	      ------	      ------	      ------	      ------
 Demand Fetches		   493776813	           0	   493776813	   387265028	   106511785	           0
  Fraction of total	      1.0000	      0.0000	      1.0000	      0.7843	      0.2157	      0.0000

 Demand Misses		     1069688	           0	     1069688	     1068893	         795	           0
  Demand miss rate	      0.0022	      0.0000	      0.0022	      0.0028	      0.0000	      0.0000

 Multi-block refs                 0
 Bytes From Memory	    68460032
 ( / Demand Fetches)	      0.1386
 Bytes To Memory	      102336
 ( / Demand Writes)	      0.0010
 Total Bytes r/w Mem	    68562368
 ( / Demand Fetches)	      0.1389

l2-ucache
 Metrics		      Total	      Instrn	       Data	       Read	      Write	       Misc
 -----------------	      ------	      ------	      ------	      ------	      ------	      ------
 Demand Fetches		     1072038	         751	     1071287	     1069688	        1599	           0
  Fraction of total	      1.0000	      0.0007	      0.9993	      0.9978	      0.0015	      0.0000

 Demand Misses		     1068925	         748	     1068177	     1068043	         134	           0
  Demand miss rate	      0.9971	      0.9960	      0.9971	      0.9985	      0.0838	      0.0000

 Multi-block refs                 0
 Bytes From Memory	    68402624
 ( / Demand Fetches)	     63.8062
 Bytes To Memory	      102336
 ( / Demand Writes)	     64.0000
 Total Bytes r/w Mem	    68504960
 ( / Demand Fetches)	     63.9016

l3-ucache
 Metrics		      Total	      Instrn	       Data	       Read	      Write	       Misc
 -----------------	      ------	      ------	      ------	      ------	      ------	      ------
 Demand Fetches		     1070390	         748	     1069642	     1068043	        1599	           0
  Fraction of total	      1.0000	      0.0007	      0.9993	      0.9978	      0.0015	      0.0000

 Demand Misses		      112602	         444	      112158	      112142	          16	           0
  Demand miss rate	      0.1052	      0.5936	      0.1049	      0.1050	      0.0100	      0.0000

 Multi-block refs                 0
 Bytes From Memory	     7205504
 ( / Demand Fetches)	      6.7317
 Bytes To Memory	       13376
 ( / Demand Writes)	      8.3652
 Total Bytes r/w Mem	     7218880
 ( / Demand Fetches)	      6.7442

---Execution complete.
