tracename eon_m2b
---Dinero IV cache simulator, version 7
---Written by Jan Edler and Mark D. Hill
---Copyright (C) 1997 NEC Research Institute, Inc. and Mark D. Hill.
---All rights reserved.
---Copyright (C) 1985, 1989 Mark D. Hill.  All rights reserved.
---See -copyright option for details

---Summary of options (-help option gives usage information).

-l2-usize 262144
-l3-usize 2097152
-l1-isize 32768
-l1-dsize 32768
-l2-ubsize 64
-l3-ubsize 64
-l1-ibsize 64
-l1-dbsize 64
-l2-usbsize 64
-l3-usbsize 64
-l1-isbsize 64
-l1-dsbsize 64
-l2-uassoc 8
-l3-uassoc 8
-l1-iassoc 8
-l1-dassoc 8
-l2-urepl r
-l3-urepl r
-l1-irepl l
-l1-drepl r
-l2-ufetch d
-l3-ufetch d
-l1-ifetch d
-l1-dfetch d
-l2-uwalloc a
-l3-uwalloc a
-l1-dwalloc a
-l2-uwback a
-l3-uwback a
-l1-dwback a
-skipcount 0
-flushcount 0
-maxcount 0
-stat-interval 0
-informat s
-on-trigger 0x0
-off-trigger 0x0

---Simulation begins.
---Simulation complete.
l1-icache
 Metrics		      Total	      Instrn	       Data	       Read	      Write	       Misc
 -----------------	      ------	      ------	      ------	      ------	      ------	      ------
 Demand Fetches		  1999999960	  1999999960	           0	           0	           0	           0
  Fraction of total	      1.0000	      1.0000	      0.0000	      0.0000	      0.0000	      0.0000

 Demand Misses		     1018843	     1018843	           0	           0	           0	           0
  Demand miss rate	      0.0005	      0.0005	      0.0000	      0.0000	      0.0000	      0.0000

 Multi-block refs                 0
 Bytes From Memory	    65205952
 ( / Demand Fetches)	      0.0326
 Bytes To Memory	           0
 ( / Demand Writes)	      0.0000
 Total Bytes r/w Mem	    65205952
 ( / Demand Fetches)	      0.0326

l1-dcache
 Metrics		      Total	      Instrn	       Data	       Read	      Write	       Misc
 -----------------	      ------	      ------	      ------	      ------	      ------	      ------
 Demand Fetches		   971571322	           0	   971571322	   586745187	   384826135	           0
  Fraction of total	      1.0000	      0.0000	      1.0000	      0.6039	      0.3961	      0.0000

 Demand Misses		     1407881	           0	     1407881	     1121892	      285989	           0
  Demand miss rate	      0.0014	      0.0000	      0.0014	      0.0019	      0.0007	      0.0000

 Multi-block refs                 0
 Bytes From Memory	    90104384
 ( / Demand Fetches)	      0.0927
 Bytes To Memory	    30195712
 ( / Demand Writes)	      0.0785
 Total Bytes r/w Mem	   120300096
 ( / Demand Fetches)	      0.1238

l2-ucache
 Metrics		      Total	      Instrn	       Data	       Read	      Write	       Misc
 -----------------	      ------	      ------	      ------	      ------	      ------	      ------
 Demand Fetches		     2898532	     1018843	     1879689	     1407881	      471808	           0
  Fraction of total	      1.0000	      0.3515	      0.6485	      0.4857	      0.1628	      0.0000

 Demand Misses		        1566	         461	        1105	        1105	           0	           0
  Demand miss rate	      0.0005	      0.0005	      0.0006	      0.0008	      0.0000	      0.0000

 Multi-block refs                 0
 Bytes From Memory	      100224
 ( / Demand Fetches)	      0.0346
 Bytes To Memory	       42944
 ( / Demand Writes)	      0.0910
 Total Bytes r/w Mem	      143168
 ( / Demand Fetches)	      0.0494

l3-ucache
 Metrics		      Total	      Instrn	       Data	       Read	      Write	       Misc
 -----------------	      ------	      ------	      ------	      ------	      ------	      ------
 Demand Fetches		        2237	         461	        1776	        1105	         671	           0
  Fraction of total	      1.0000	      0.2061	      0.7939	      0.4940	      0.3000	      0.0000

 Demand Misses		        1566	         461	        1105	        1105	           0	           0
  Demand miss rate	      0.7000	      1.0000	      0.6222	      1.0000	      0.0000	      0.0000

 Multi-block refs                 0
 Bytes From Memory	      100224
 ( / Demand Fetches)	     44.8029
 Bytes To Memory	       42944
 ( / Demand Writes)	     64.0000
 Total Bytes r/w Mem	      143168
 ( / Demand Fetches)	     64.0000

---Execution complete.
