tracename gap_m2b
---Dinero IV cache simulator, version 7
---Written by Jan Edler and Mark D. Hill
---Copyright (C) 1997 NEC Research Institute, Inc. and Mark D. Hill.
---All rights reserved.
---Copyright (C) 1985, 1989 Mark D. Hill.  All rights reserved.
---See -copyright option for details

---Summary of options (-help option gives usage information).

-l2-usize 262144
-l3-usize 2097152
-l1-isize 32768
-l1-dsize 32768
-l2-ubsize 64
-l3-ubsize 64
-l1-ibsize 64
-l1-dbsize 64
-l2-usbsize 64
-l3-usbsize 64
-l1-isbsize 64
-l1-dsbsize 64
-l2-uassoc 8
-l3-uassoc 8
-l1-iassoc 8
-l1-dassoc 8
-l2-urepl 2
-l3-urepl 2
-l1-irepl l
-l1-drepl 2
-l2-ufetch d
-l3-ufetch d
-l1-ifetch d
-l1-dfetch d
-l2-uwalloc a
-l3-uwalloc a
-l1-dwalloc a
-l2-uwback a
-l3-uwback a
-l1-dwback a
-skipcount 0
-flushcount 0
-maxcount 0
-stat-interval 0
-informat s
-on-trigger 0x0
-off-trigger 0x0

---Simulation begins.
---Simulation complete.
l1-icache
 Metrics		      Total	      Instrn	       Data	       Read	      Write	       Misc
 -----------------	      ------	      ------	      ------	      ------	      ------	      ------
 Demand Fetches		  1999999996	  1999999996	           0	           0	           0	           0
  Fraction of total	      1.0000	      1.0000	      0.0000	      0.0000	      0.0000	      0.0000

 Demand Misses		         321	         321	           0	           0	           0	           0
  Demand miss rate	      0.0000	      0.0000	      0.0000	      0.0000	      0.0000	      0.0000

 Multi-block refs                 0
 Bytes From Memory	       20544
 ( / Demand Fetches)	      0.0000
 Bytes To Memory	           0
 ( / Demand Writes)	      0.0000
 Total Bytes r/w Mem	       20544
 ( / Demand Fetches)	      0.0000

l1-dcache
 Metrics		      Total	      Instrn	       Data	       Read	      Write	       Misc
 -----------------	      ------	      ------	      ------	      ------	      ------	      ------
 Demand Fetches		   769859181	           0	   769859181	   559249997	   210609184	           0
  Fraction of total	      1.0000	      0.0000	      1.0000	      0.7264	      0.2736	      0.0000

 Demand Misses		     7434678	           0	     7434678	     3168549	     4266129	           0
  Demand miss rate	      0.0097	      0.0000	      0.0097	      0.0057	      0.0203	      0.0000

 Multi-block refs           2595851
 Bytes From Memory	   475819392
 ( / Demand Fetches)	      0.6181
 Bytes To Memory	   336565568
 ( / Demand Writes)	      1.5981
 Total Bytes r/w Mem	   812384960
 ( / Demand Fetches)	      1.0552

l2-ucache
 Metrics		      Total	      Instrn	       Data	       Read	      Write	       Misc
 -----------------	      ------	      ------	      ------	      ------	      ------	      ------
 Demand Fetches		    12693836	         321	    12693515	     7434678	     5258837	           0
  Fraction of total	      1.0000	      0.0000	      1.0000	      0.5857	      0.4143	      0.0000

 Demand Misses		     7011744	         321	     7011423	     6968587	       42836	           0
  Demand miss rate	      0.5524	      1.0000	      0.5524	      0.9373	      0.0081	      0.0000

 Multi-block refs                 0
 Bytes From Memory	   446010112
 ( / Demand Fetches)	     35.1360
 Bytes To Memory	   332677056
 ( / Demand Writes)	     63.2606
 Total Bytes r/w Mem	   778687168
 ( / Demand Fetches)	     61.3437

l3-ucache
 Metrics		      Total	      Instrn	       Data	       Read	      Write	       Misc
 -----------------	      ------	      ------	      ------	      ------	      ------	      ------
 Demand Fetches		    12166987	         321	    12166666	     6968587	     5198079	           0
  Fraction of total	      1.0000	      0.0000	      1.0000	      0.5727	      0.4272	      0.0000

 Demand Misses		     6961621	         321	     6961300	     6912796	       48504	           0
  Demand miss rate	      0.5722	      1.0000	      0.5722	      0.9920	      0.0093	      0.0000

 Multi-block refs                 0
 Bytes From Memory	   442439488
 ( / Demand Fetches)	     36.3639
 Bytes To Memory	   331532928
 ( / Demand Writes)	     63.7799
 Total Bytes r/w Mem	   773972416
 ( / Demand Fetches)	     63.6125

---Execution complete.
