tracename gap_m2b
---Dinero IV cache simulator, version 7
---Written by Jan Edler and Mark D. Hill
---Copyright (C) 1997 NEC Research Institute, Inc. and Mark D. Hill.
---All rights reserved.
---Copyright (C) 1985, 1989 Mark D. Hill.  All rights reserved.
---See -copyright option for details

---Summary of options (-help option gives usage information).

-l2-usize 262144
-l3-usize 2097152
-l1-isize 32768
-l1-dsize 32768
-l2-ubsize 64
-l3-ubsize 64
-l1-ibsize 64
-l1-dbsize 64
-l2-usbsize 64
-l3-usbsize 64
-l1-isbsize 64
-l1-dsbsize 64
-l2-uassoc 8
-l3-uassoc 8
-l1-iassoc 8
-l1-dassoc 8
-l2-urepl r
-l3-urepl r
-l1-irepl l
-l1-drepl r
-l2-ufetch d
-l3-ufetch d
-l1-ifetch d
-l1-dfetch d
-l2-uwalloc a
-l3-uwalloc a
-l1-dwalloc a
-l2-uwback a
-l3-uwback a
-l1-dwback a
-skipcount 0
-flushcount 0
-maxcount 0
-stat-interval 0
-informat s
-on-trigger 0x0
-off-trigger 0x0

---Simulation begins.
---Simulation complete.
l1-icache
 Metrics		      Total	      Instrn	       Data	       Read	      Write	       Misc
 -----------------	      ------	      ------	      ------	      ------	      ------	      ------
 Demand Fetches		  1999999996	  1999999996	           0	           0	           0	           0
  Fraction of total	      1.0000	      1.0000	      0.0000	      0.0000	      0.0000	      0.0000

 Demand Misses		         321	         321	           0	           0	           0	           0
  Demand miss rate	      0.0000	      0.0000	      0.0000	      0.0000	      0.0000	      0.0000

 Multi-block refs                 0
 Bytes From Memory	       20544
 ( / Demand Fetches)	      0.0000
 Bytes To Memory	           0
 ( / Demand Writes)	      0.0000
 Total Bytes r/w Mem	       20544
 ( / Demand Fetches)	      0.0000

l1-dcache
 Metrics		      Total	      Instrn	       Data	       Read	      Write	       Misc
 -----------------	      ------	      ------	      ------	      ------	      ------	      ------
 Demand Fetches		   769859181	           0	   769859181	   559249997	   210609184	           0
  Fraction of total	      1.0000	      0.0000	      1.0000	      0.7264	      0.2736	      0.0000

 Demand Misses		     7934939	           0	     7934939	     3636742	     4298197	           0
  Demand miss rate	      0.0103	      0.0000	      0.0103	      0.0065	      0.0204	      0.0000

 Multi-block refs           2595851
 Bytes From Memory	   507836096
 ( / Demand Fetches)	      0.6596
 Bytes To Memory	   345659520
 ( / Demand Writes)	      1.6412
 Total Bytes r/w Mem	   853495616
 ( / Demand Fetches)	      1.1086

l2-ucache
 Metrics		      Total	      Instrn	       Data	       Read	      Write	       Misc
 -----------------	      ------	      ------	      ------	      ------	      ------	      ------
 Demand Fetches		    13336190	         321	    13335869	     7934939	     5400930	           0
  Fraction of total	      1.0000	      0.0000	      1.0000	      0.5950	      0.4050	      0.0000

 Demand Misses		     7392086	         321	     7391765	     6991466	      400299	           0
  Demand miss rate	      0.5543	      1.0000	      0.5543	      0.8811	      0.0741	      0.0000

 Multi-block refs                 0
 Bytes From Memory	   447474368
 ( / Demand Fetches)	     33.5534
 Bytes To Memory	   333713472
 ( / Demand Writes)	     61.7881
 Total Bytes r/w Mem	   781187840
 ( / Demand Fetches)	     58.5765

l3-ucache
 Metrics		      Total	      Instrn	       Data	       Read	      Write	       Misc
 -----------------	      ------	      ------	      ------	      ------	      ------	      ------
 Demand Fetches		    12206060	         321	    12205739	     6991466	     5214273	           0
  Fraction of total	      1.0000	      0.0000	      1.0000	      0.5728	      0.4272	      0.0000

 Demand Misses		     7359879	         321	     7359558	     6918642	      440916	           0
  Demand miss rate	      0.6030	      1.0000	      0.6030	      0.9896	      0.0846	      0.0000

 Multi-block refs                 0
 Bytes From Memory	   442813632
 ( / Demand Fetches)	     36.2782
 Bytes To Memory	   331753024
 ( / Demand Writes)	     63.6240
 Total Bytes r/w Mem	   774566656
 ( / Demand Fetches)	     63.4575

---Execution complete.
