tracename gap_m2b
---Dinero IV cache simulator, version 7
---Written by Jan Edler and Mark D. Hill
---Copyright (C) 1997 NEC Research Institute, Inc. and Mark D. Hill.
---All rights reserved.
---Copyright (C) 1985, 1989 Mark D. Hill.  All rights reserved.
---See -copyright option for details

---Summary of options (-help option gives usage information).

-l2-usize 262144
-l3-usize 2097152
-l1-isize 32768
-l1-dsize 32768
-l2-ubsize 64
-l3-ubsize 64
-l1-ibsize 64
-l1-dbsize 64
-l2-usbsize 64
-l3-usbsize 64
-l1-isbsize 64
-l1-dsbsize 64
-l2-uassoc 8
-l3-uassoc 8
-l1-iassoc 8
-l1-dassoc 8
-l2-urepl f
-l3-urepl f
-l1-irepl l
-l1-drepl f
-l2-ufetch d
-l3-ufetch d
-l1-ifetch d
-l1-dfetch d
-l2-uwalloc a
-l3-uwalloc a
-l1-dwalloc a
-l2-uwback a
-l3-uwback a
-l1-dwback a
-skipcount 0
-flushcount 0
-maxcount 0
-stat-interval 0
-informat s
-on-trigger 0x0
-off-trigger 0x0

---Simulation begins.
---Simulation complete.
l1-icache
 Metrics		      Total	      Instrn	       Data	       Read	      Write	       Misc
 -----------------	      ------	      ------	      ------	      ------	      ------	      ------
 Demand Fetches		  1999999996	  1999999996	           0	           0	           0	           0
  Fraction of total	      1.0000	      1.0000	      0.0000	      0.0000	      0.0000	      0.0000

 Demand Misses		         321	         321	           0	           0	           0	           0
  Demand miss rate	      0.0000	      0.0000	      0.0000	      0.0000	      0.0000	      0.0000

 Multi-block refs                 0
 Bytes From Memory	       20544
 ( / Demand Fetches)	      0.0000
 Bytes To Memory	           0
 ( / Demand Writes)	      0.0000
 Total Bytes r/w Mem	       20544
 ( / Demand Fetches)	      0.0000

l1-dcache
 Metrics		      Total	      Instrn	       Data	       Read	      Write	       Misc
 -----------------	      ------	      ------	      ------	      ------	      ------	      ------
 Demand Fetches		   769859181	           0	   769859181	   559249997	   210609184	           0
  Fraction of total	      1.0000	      0.0000	      1.0000	      0.7264	      0.2736	      0.0000

 Demand Misses		     7336768	           0	     7336768	     3054992	     4281776	           0
  Demand miss rate	      0.0095	      0.0000	      0.0095	      0.0055	      0.0203	      0.0000

 Multi-block refs           2595851
 Bytes From Memory	   469553152
 ( / Demand Fetches)	      0.6099
 Bytes To Memory	   341974656
 ( / Demand Writes)	      1.6237
 Total Bytes r/w Mem	   811527808
 ( / Demand Fetches)	      1.0541

l2-ucache
 Metrics		      Total	      Instrn	       Data	       Read	      Write	       Misc
 -----------------	      ------	      ------	      ------	      ------	      ------	      ------
 Demand Fetches		    12680443	         321	    12680122	     7336768	     5343354	           0
  Fraction of total	      1.0000	      0.0000	      1.0000	      0.5786	      0.4214	      0.0000

 Demand Misses		     7000108	         321	     6999787	     6986952	       12835	           0
  Demand miss rate	      0.5520	      1.0000	      0.5520	      0.9523	      0.0024	      0.0000

 Multi-block refs                 0
 Bytes From Memory	   447185472
 ( / Demand Fetches)	     35.2658
 Bytes To Memory	   333394816
 ( / Demand Writes)	     62.3943
 Total Bytes r/w Mem	   780580288
 ( / Demand Fetches)	     61.5578

l3-ucache
 Metrics		      Total	      Instrn	       Data	       Read	      Write	       Misc
 -----------------	      ------	      ------	      ------	      ------	      ------	      ------
 Demand Fetches		    12196567	         321	    12196246	     6986952	     5209294	           0
  Fraction of total	      1.0000	      0.0000	      1.0000	      0.5729	      0.4271	      0.0000

 Demand Misses		     6919606	         321	     6919285	     6917431	        1854	           0
  Demand miss rate	      0.5673	      1.0000	      0.5673	      0.9900	      0.0004	      0.0000

 Multi-block refs                 0
 Bytes From Memory	   442736128
 ( / Demand Fetches)	     36.3001
 Bytes To Memory	   331613184
 ( / Demand Writes)	     63.6580
 Total Bytes r/w Mem	   774349312
 ( / Demand Fetches)	     63.4891

---Execution complete.
