tracename twolf_m2b
---Dinero IV cache simulator, version 7
---Written by Jan Edler and Mark D. Hill
---Copyright (C) 1997 NEC Research Institute, Inc. and Mark D. Hill.
---All rights reserved.
---Copyright (C) 1985, 1989 Mark D. Hill.  All rights reserved.
---See -copyright option for details

---Summary of options (-help option gives usage information).

-l2-usize 262144
-l3-usize 2097152
-l1-isize 32768
-l1-dsize 32768
-l2-ubsize 64
-l3-ubsize 64
-l1-ibsize 64
-l1-dbsize 64
-l2-usbsize 64
-l3-usbsize 64
-l1-isbsize 64
-l1-dsbsize 64
-l2-uassoc 8
-l3-uassoc 8
-l1-iassoc 8
-l1-dassoc 8
-l2-urepl f
-l3-urepl f
-l1-irepl l
-l1-drepl f
-l2-ufetch d
-l3-ufetch d
-l1-ifetch d
-l1-dfetch d
-l2-uwalloc a
-l3-uwalloc a
-l1-dwalloc a
-l2-uwback a
-l3-uwback a
-l1-dwback a
-skipcount 0
-flushcount 0
-maxcount 0
-stat-interval 0
-informat s
-on-trigger 0x0
-off-trigger 0x0

---Simulation begins.
---Simulation complete.
l1-icache
 Metrics		      Total	      Instrn	       Data	       Read	      Write	       Misc
 -----------------	      ------	      ------	      ------	      ------	      ------	      ------
 Demand Fetches		  1999999962	  1999999962	           0	           0	           0	           0
  Fraction of total	      1.0000	      1.0000	      0.0000	      0.0000	      0.0000	      0.0000

 Demand Misses		         864	         864	           0	           0	           0	           0
  Demand miss rate	      0.0000	      0.0000	      0.0000	      0.0000	      0.0000	      0.0000

 Multi-block refs                 0
 Bytes From Memory	       55296
 ( / Demand Fetches)	      0.0000
 Bytes To Memory	           0
 ( / Demand Writes)	      0.0000
 Total Bytes r/w Mem	       55296
 ( / Demand Fetches)	      0.0000

l1-dcache
 Metrics		      Total	      Instrn	       Data	       Read	      Write	       Misc
 -----------------	      ------	      ------	      ------	      ------	      ------	      ------
 Demand Fetches		   659937722	           0	   659937722	   520274780	   139662942	           0
  Fraction of total	      1.0000	      0.0000	      1.0000	      0.7884	      0.2116	      0.0000

 Demand Misses		    44567329	           0	    44567329	    36818382	     7748947	           0
  Demand miss rate	      0.0675	      0.0000	      0.0675	      0.0708	      0.0555	      0.0000

 Multi-block refs              2707
 Bytes From Memory	  2852309056
 ( / Demand Fetches)	      4.3221
 Bytes To Memory	  1006464768
 ( / Demand Writes)	      7.2064
 Total Bytes r/w Mem	  3858773824
 ( / Demand Fetches)	      5.8472

l2-ucache
 Metrics		      Total	      Instrn	       Data	       Read	      Write	       Misc
 -----------------	      ------	      ------	      ------	      ------	      ------	      ------
 Demand Fetches		    60294205	         864	    60293341	    44567329	    15726012	           0
  Fraction of total	      1.0000	      0.0000	      1.0000	      0.7392	      0.2608	      0.0000

 Demand Misses		    29428275	         864	    29427411	    29002021	      425390	           0
  Demand miss rate	      0.4881	      1.0000	      0.4881	      0.6507	      0.0271	      0.0000

 Multi-block refs                 0
 Bytes From Memory	  1856184640
 ( / Demand Fetches)	     30.7855
 Bytes To Memory	   732354816
 ( / Demand Writes)	     46.5696
 Total Bytes r/w Mem	  2588539456
 ( / Demand Fetches)	     42.9318

l3-ucache
 Metrics		      Total	      Instrn	       Data	       Read	      Write	       Misc
 -----------------	      ------	      ------	      ------	      ------	      ------	      ------
 Demand Fetches		    40445929	         864	    40445065	    29002021	    11443044	           0
  Fraction of total	      1.0000	      0.0000	      1.0000	      0.7171	      0.2829	      0.0000

 Demand Misses		       26250	         711	       25539	       25532	           7	           0
  Demand miss rate	      0.0006	      0.8229	      0.0006	      0.0009	      0.0000	      0.0000

 Multi-block refs                 0
 Bytes From Memory	     1679552
 ( / Demand Fetches)	      0.0415
 Bytes To Memory	     1493376
 ( / Demand Writes)	      0.1305
 Total Bytes r/w Mem	     3172928
 ( / Demand Fetches)	      0.0784

---Execution complete.
