tracename mgrid_m2b
---Dinero IV cache simulator, version 7
---Written by Jan Edler and Mark D. Hill
---Copyright (C) 1997 NEC Research Institute, Inc. and Mark D. Hill.
---All rights reserved.
---Copyright (C) 1985, 1989 Mark D. Hill.  All rights reserved.
---See -copyright option for details

---Summary of options (-help option gives usage information).

-l1-dsize 131072
-l1-dbsize 64
-l1-dsbsize 64
-l1-dassoc 8
-l1-drepl f
-l1-dfetch d
-l1-dwalloc a
-l1-dwback a
-skipcount 0
-flushcount 0
-maxcount 0
-stat-interval 0
-informat s
-on-trigger 0x0
-off-trigger 0x0

---Simulation begins.
---Simulation complete.
l1-dcache
 Metrics		      Total	      Instrn	       Data	       Read	      Write	       Misc
 -----------------	      ------	      ------	      ------	      ------	      ------	      ------
 Demand Fetches		   728528595	           0	   728528595	   625264935	   103263660	           0
  Fraction of total	      1.0000	      0.0000	      1.0000	      0.8583	      0.1417	      0.0000

 Demand Misses		    24821783	           0	    24821783	    21454749	     3367034	           0
  Demand miss rate	      0.0341	      0.0000	      0.0341	      0.0343	      0.0326	      0.0000

 Multi-block refs                 0
 Bytes From Memory	  1588594112
 ( / Demand Fetches)	      2.1806
 Bytes To Memory	   449965312
 ( / Demand Writes)	      4.3574
 Total Bytes r/w Mem	  2038559424
 ( / Demand Fetches)	      2.7982

---Execution complete.
