tracename mgrid_m2b
---Dinero IV cache simulator, version 7
---Written by Jan Edler and Mark D. Hill
---Copyright (C) 1997 NEC Research Institute, Inc. and Mark D. Hill.
---All rights reserved.
---Copyright (C) 1985, 1989 Mark D. Hill.  All rights reserved.
---See -copyright option for details

---Summary of options (-help option gives usage information).

-l1-dsize 2097152
-l1-dbsize 64
-l1-dsbsize 64
-l1-dassoc 8
-l1-drepl f
-l1-dfetch d
-l1-dwalloc a
-l1-dwback a
-skipcount 0
-flushcount 0
-maxcount 0
-stat-interval 0
-informat s
-on-trigger 0x0
-off-trigger 0x0

---Simulation begins.
---Simulation complete.
l1-dcache
 Metrics		      Total	      Instrn	       Data	       Read	      Write	       Misc
 -----------------	      ------	      ------	      ------	      ------	      ------	      ------
 Demand Fetches		   728528595	           0	   728528595	   625264935	   103263660	           0
  Fraction of total	      1.0000	      0.0000	      1.0000	      0.8583	      0.1417	      0.0000

 Demand Misses		    15594732	           0	    15594732	    12254684	     3340048	           0
  Demand miss rate	      0.0214	      0.0000	      0.0214	      0.0196	      0.0323	      0.0000

 Multi-block refs                 0
 Bytes From Memory	   998062848
 ( / Demand Fetches)	      1.3700
 Bytes To Memory	   437263232
 ( / Demand Writes)	      4.2344
 Total Bytes r/w Mem	  1435326080
 ( / Demand Fetches)	      1.9702

---Execution complete.
