tracename applu_m2b
---Dinero IV cache simulator, version 7
---Written by Jan Edler and Mark D. Hill
---Copyright (C) 1997 NEC Research Institute, Inc. and Mark D. Hill.
---All rights reserved.
---Copyright (C) 1985, 1989 Mark D. Hill.  All rights reserved.
---See -copyright option for details

---Summary of options (-help option gives usage information).

-l1-dsize 8388608
-l1-dbsize 64
-l1-dsbsize 64
-l1-dassoc 8
-l1-drepl 2
-l1-dfetch d
-l1-dwalloc a
-l1-dwback a
-skipcount 0
-flushcount 0
-maxcount 0
-stat-interval 0
-informat s
-on-trigger 0x0
-off-trigger 0x0

---Simulation begins.
---Simulation complete.
l1-dcache
 Metrics		      Total	      Instrn	       Data	       Read	      Write	       Misc
 -----------------	      ------	      ------	      ------	      ------	      ------	      ------
 Demand Fetches		   764034126	           0	   764034126	   538143526	   225890600	           0
  Fraction of total	      1.0000	      0.0000	      1.0000	      0.7043	      0.2957	      0.0000

 Demand Misses		    38968703	           0	    38968703	    25689073	    13279630	           0
  Demand miss rate	      0.0510	      0.0000	      0.0510	      0.0477	      0.0588	      0.0000

 Multi-block refs                 0
 Bytes From Memory	  2493996992
 ( / Demand Fetches)	      3.2642
 Bytes To Memory	  1174828864
 ( / Demand Writes)	      5.2009
 Total Bytes r/w Mem	  3668825856
 ( / Demand Fetches)	      4.8019

---Execution complete.
