tracename equake_m2b
---Dinero IV cache simulator, version 7
---Written by Jan Edler and Mark D. Hill
---Copyright (C) 1997 NEC Research Institute, Inc. and Mark D. Hill.
---All rights reserved.
---Copyright (C) 1985, 1989 Mark D. Hill.  All rights reserved.
---See -copyright option for details

---Summary of options (-help option gives usage information).

-l1-dsize 524288
-l1-dbsize 64
-l1-dsbsize 64
-l1-dassoc 8
-l1-drepl 2
-l1-dfetch d
-l1-dwalloc a
-l1-dwback a
-skipcount 0
-flushcount 0
-maxcount 0
-stat-interval 0
-informat s
-on-trigger 0x0
-off-trigger 0x0

---Simulation begins.
---Simulation complete.
l1-dcache
 Metrics		      Total	      Instrn	       Data	       Read	      Write	       Misc
 -----------------	      ------	      ------	      ------	      ------	      ------	      ------
 Demand Fetches		   900875270	           0	   900875270	   809931597	    90943673	           0
  Fraction of total	      1.0000	      0.0000	      1.0000	      0.8990	      0.1010	      0.0000

 Demand Misses		    54960917	           0	    54960917	    53032508	     1928409	           0
  Demand miss rate	      0.0610	      0.0000	      0.0610	      0.0655	      0.0212	      0.0000

 Multi-block refs                 0
 Bytes From Memory	  3517498688
 ( / Demand Fetches)	      3.9045
 Bytes To Memory	   415996288
 ( / Demand Writes)	      4.5742
 Total Bytes r/w Mem	  3933494976
 ( / Demand Fetches)	      4.3663

---Execution complete.
