tracename ammp_m2b
---Dinero IV cache simulator, version 7
---Written by Jan Edler and Mark D. Hill
---Copyright (C) 1997 NEC Research Institute, Inc. and Mark D. Hill.
---All rights reserved.
---Copyright (C) 1985, 1989 Mark D. Hill.  All rights reserved.
---See -copyright option for details

---Summary of options (-help option gives usage information).

-l1-dsize 1048576
-l1-dbsize 64
-l1-dsbsize 64
-l1-dassoc 8
-l1-drepl f
-l1-dfetch d
-l1-dwalloc a
-l1-dwback a
-skipcount 0
-flushcount 0
-maxcount 0
-stat-interval 0
-informat s
-on-trigger 0x0
-off-trigger 0x0

---Simulation begins.
---Simulation complete.
l1-dcache
 Metrics		      Total	      Instrn	       Data	       Read	      Write	       Misc
 -----------------	      ------	      ------	      ------	      ------	      ------	      ------
 Demand Fetches		   744595033	           0	   744595033	   552857447	   191737586	           0
  Fraction of total	      1.0000	      0.0000	      1.0000	      0.7425	      0.2575	      0.0000

 Demand Misses		    11224772	           0	    11224772	    10805778	      418994	           0
  Demand miss rate	      0.0151	      0.0000	      0.0151	      0.0195	      0.0022	      0.0000

 Multi-block refs                 0
 Bytes From Memory	   718385408
 ( / Demand Fetches)	      0.9648
 Bytes To Memory	   174558080
 ( / Demand Writes)	      0.9104
 Total Bytes r/w Mem	   892943488
 ( / Demand Fetches)	      1.1992

---Execution complete.
