tracename lucas_m2b
---Dinero IV cache simulator, version 7
---Written by Jan Edler and Mark D. Hill
---Copyright (C) 1997 NEC Research Institute, Inc. and Mark D. Hill.
---All rights reserved.
---Copyright (C) 1985, 1989 Mark D. Hill.  All rights reserved.
---See -copyright option for details

---Summary of options (-help option gives usage information).

-l1-dsize 8388608
-l1-dbsize 64
-l1-dsbsize 64
-l1-dassoc 8
-l1-drepl r
-l1-dfetch d
-l1-dwalloc a
-l1-dwback a
-skipcount 0
-flushcount 0
-maxcount 0
-stat-interval 0
-informat s
-on-trigger 0x0
-off-trigger 0x0

---Simulation begins.
---Simulation complete.
l1-dcache
 Metrics		      Total	      Instrn	       Data	       Read	      Write	       Misc
 -----------------	      ------	      ------	      ------	      ------	      ------	      ------
 Demand Fetches		   443905265	           0	   443905265	   323692030	   120213235	           0
  Fraction of total	      1.0000	      0.0000	      1.0000	      0.7292	      0.2708	      0.0000

 Demand Misses		    37673629	           0	    37673629	    18621365	    19052264	           0
  Demand miss rate	      0.0849	      0.0000	      0.0849	      0.0575	      0.1585	      0.0000

 Multi-block refs                 8
 Bytes From Memory	  2411112256
 ( / Demand Fetches)	      5.4316
 Bytes To Memory	  1296618944
 ( / Demand Writes)	     10.7860
 Total Bytes r/w Mem	  3707731200
 ( / Demand Fetches)	      8.3525

---Execution complete.
