tracename fma3d_m2b
---Dinero IV cache simulator, version 7
---Written by Jan Edler and Mark D. Hill
---Copyright (C) 1997 NEC Research Institute, Inc. and Mark D. Hill.
---All rights reserved.
---Copyright (C) 1985, 1989 Mark D. Hill.  All rights reserved.
---See -copyright option for details

---Summary of options (-help option gives usage information).

-l1-dsize 4194304
-l1-dbsize 64
-l1-dsbsize 64
-l1-dassoc 8
-l1-drepl r
-l1-dfetch d
-l1-dwalloc a
-l1-dwback a
-skipcount 0
-flushcount 0
-maxcount 0
-stat-interval 0
-informat s
-on-trigger 0x0
-off-trigger 0x0

---Simulation begins.
---Simulation complete.
l1-dcache
 Metrics		      Total	      Instrn	       Data	       Read	      Write	       Misc
 -----------------	      ------	      ------	      ------	      ------	      ------	      ------
 Demand Fetches		   913972993	           0	   913972993	   601233722	   312739271	           0
  Fraction of total	      1.0000	      0.0000	      1.0000	      0.6578	      0.3422	      0.0000

 Demand Misses		    20577516	           0	    20577516	    19122200	     1455316	           0
  Demand miss rate	      0.0225	      0.0000	      0.0225	      0.0318	      0.0047	      0.0000

 Multi-block refs                 0
 Bytes From Memory	  1316961024
 ( / Demand Fetches)	      1.4409
 Bytes To Memory	   574339392
 ( / Demand Writes)	      1.8365
 Total Bytes r/w Mem	  1891300416
 ( / Demand Fetches)	      2.0693

---Execution complete.
