tracename fma3d_m2b
---Dinero IV cache simulator, version 7
---Written by Jan Edler and Mark D. Hill
---Copyright (C) 1997 NEC Research Institute, Inc. and Mark D. Hill.
---All rights reserved.
---Copyright (C) 1985, 1989 Mark D. Hill.  All rights reserved.
---See -copyright option for details

---Summary of options (-help option gives usage information).

-l1-dsize 65536
-l1-dbsize 64
-l1-dsbsize 64
-l1-dassoc 8
-l1-drepl 2
-l1-dfetch d
-l1-dwalloc a
-l1-dwback a
-skipcount 0
-flushcount 0
-maxcount 0
-stat-interval 0
-informat s
-on-trigger 0x0
-off-trigger 0x0

---Simulation begins.
---Simulation complete.
l1-dcache
 Metrics		      Total	      Instrn	       Data	       Read	      Write	       Misc
 -----------------	      ------	      ------	      ------	      ------	      ------	      ------
 Demand Fetches		   913972993	           0	   913972993	   601233722	   312739271	           0
  Fraction of total	      1.0000	      0.0000	      1.0000	      0.6578	      0.3422	      0.0000

 Demand Misses		    22535990	           0	    22535990	    21011610	     1524380	           0
  Demand miss rate	      0.0247	      0.0000	      0.0247	      0.0349	      0.0049	      0.0000

 Multi-block refs                 0
 Bytes From Memory	  1442303360
 ( / Demand Fetches)	      1.5781
 Bytes To Memory	   626235264
 ( / Demand Writes)	      2.0024
 Total Bytes r/w Mem	  2068538624
 ( / Demand Fetches)	      2.2632

---Execution complete.
